[0.028s] Invoking command in '/home/latih/ros2-tf-real-robot-project/build/turtlebot3_navigation2': CMAKE_PREFIX_PATH=${CMAKE_PREFIX_PATH}:/home/latih/ros2-tf-real-robot-project/install/turtlebot3_teleop:/home/latih/ros2-tf-real-robot-project/install/turtlebot3_example:/opt/ros/humble /usr/bin/cmake --build /home/latih/ros2-tf-real-robot-project/build/turtlebot3_navigation2 -- -j16 -l16
[0.273s] Invoked command in '/home/latih/ros2-tf-real-robot-project/build/turtlebot3_navigation2' returned '0': CMAKE_PREFIX_PATH=${CMAKE_PREFIX_PATH}:/home/latih/ros2-tf-real-robot-project/install/turtlebot3_teleop:/home/latih/ros2-tf-real-robot-project/install/turtlebot3_example:/opt/ros/humble /usr/bin/cmake --build /home/latih/ros2-tf-real-robot-project/build/turtlebot3_navigation2 -- -j16 -l16
[0.275s] Invoking command in '/home/latih/ros2-tf-real-robot-project/build/turtlebot3_navigation2': CMAKE_PREFIX_PATH=${CMAKE_PREFIX_PATH}:/home/latih/ros2-tf-real-robot-project/install/turtlebot3_teleop:/home/latih/ros2-tf-real-robot-project/install/turtlebot3_example:/opt/ros/humble /usr/bin/cmake --install /home/latih/ros2-tf-real-robot-project/build/turtlebot3_navigation2
[0.293s] -- Install configuration: ""
[0.295s] -- Up-to-date: /home/latih/ros2-tf-real-robot-project/install/turtlebot3_navigation2/share/turtlebot3_navigation2/launch
[0.295s] -- Up-to-date: /home/latih/ros2-tf-real-robot-project/install/turtlebot3_navigation2/share/turtlebot3_navigation2/launch/navigation2.launch.py
[0.295s] -- Up-to-date: /home/latih/ros2-tf-real-robot-project/install/turtlebot3_navigation2/share/turtlebot3_navigation2/map
[0.295s] -- Up-to-date: /home/latih/ros2-tf-real-robot-project/install/turtlebot3_navigation2/share/turtlebot3_navigation2/map/turtlebot3_world.yaml
[0.295s] -- Up-to-date: /home/latih/ros2-tf-real-robot-project/install/turtlebot3_navigation2/share/turtlebot3_navigation2/map/turtlebot3_world.pgm
[0.296s] -- Up-to-date: /home/latih/ros2-tf-real-robot-project/install/turtlebot3_navigation2/share/turtlebot3_navigation2/param
[0.296s] -- Up-to-date: /home/latih/ros2-tf-real-robot-project/install/turtlebot3_navigation2/share/turtlebot3_navigation2/param/waffle_pi.yaml
[0.296s] -- Up-to-date: /home/latih/ros2-tf-real-robot-project/install/turtlebot3_navigation2/share/turtlebot3_navigation2/param/burger.yaml
[0.296s] -- Up-to-date: /home/latih/ros2-tf-real-robot-project/install/turtlebot3_navigation2/share/turtlebot3_navigation2/param/waffle.yaml
[0.296s] -- Up-to-date: /home/latih/ros2-tf-real-robot-project/install/turtlebot3_navigation2/share/turtlebot3_navigation2/rviz
[0.296s] -- Up-to-date: /home/latih/ros2-tf-real-robot-project/install/turtlebot3_navigation2/share/turtlebot3_navigation2/rviz/tb3_navigation2.rviz
[0.296s] -- Up-to-date: /home/latih/ros2-tf-real-robot-project/install/turtlebot3_navigation2/share/ament_index/resource_index/package_run_dependencies/turtlebot3_navigation2
[0.296s] -- Up-to-date: /home/latih/ros2-tf-real-robot-project/install/turtlebot3_navigation2/share/ament_index/resource_index/parent_prefix_path/turtlebot3_navigation2
[0.296s] -- Up-to-date: /home/latih/ros2-tf-real-robot-project/install/turtlebot3_navigation2/share/turtlebot3_navigation2/environment/ament_prefix_path.sh
[0.296s] -- Up-to-date: /home/latih/ros2-tf-real-robot-project/install/turtlebot3_navigation2/share/turtlebot3_navigation2/environment/ament_prefix_path.dsv
[0.296s] -- Up-to-date: /home/latih/ros2-tf-real-robot-project/install/turtlebot3_navigation2/share/turtlebot3_navigation2/environment/path.sh
[0.296s] -- Up-to-date: /home/latih/ros2-tf-real-robot-project/install/turtlebot3_navigation2/share/turtlebot3_navigation2/environment/path.dsv
[0.296s] -- Up-to-date: /home/latih/ros2-tf-real-robot-project/install/turtlebot3_navigation2/share/turtlebot3_navigation2/local_setup.bash
[0.296s] -- Up-to-date: /home/latih/ros2-tf-real-robot-project/install/turtlebot3_navigation2/share/turtlebot3_navigation2/local_setup.sh
[0.296s] -- Up-to-date: /home/latih/ros2-tf-real-robot-project/install/turtlebot3_navigation2/share/turtlebot3_navigation2/local_setup.zsh
[0.296s] -- Up-to-date: /home/latih/ros2-tf-real-robot-project/install/turtlebot3_navigation2/share/turtlebot3_navigation2/local_setup.dsv
[0.296s] -- Up-to-date: /home/latih/ros2-tf-real-robot-project/install/turtlebot3_navigation2/share/turtlebot3_navigation2/package.dsv
[0.296s] -- Up-to-date: /home/latih/ros2-tf-real-robot-project/install/turtlebot3_navigation2/share/ament_index/resource_index/packages/turtlebot3_navigation2
[0.296s] -- Up-to-date: /home/latih/ros2-tf-real-robot-project/install/turtlebot3_navigation2/share/turtlebot3_navigation2/cmake/turtlebot3_navigation2Config.cmake
[0.296s] -- Up-to-date: /home/latih/ros2-tf-real-robot-project/install/turtlebot3_navigation2/share/turtlebot3_navigation2/cmake/turtlebot3_navigation2Config-version.cmake
[0.296s] -- Up-to-date: /home/latih/ros2-tf-real-robot-project/install/turtlebot3_navigation2/share/turtlebot3_navigation2/package.xml
[0.325s] Invoked command in '/home/latih/ros2-tf-real-robot-project/build/turtlebot3_navigation2' returned '0': CMAKE_PREFIX_PATH=${CMAKE_PREFIX_PATH}:/home/latih/ros2-tf-real-robot-project/install/turtlebot3_teleop:/home/latih/ros2-tf-real-robot-project/install/turtlebot3_example:/opt/ros/humble /usr/bin/cmake --install /home/latih/ros2-tf-real-robot-project/build/turtlebot3_navigation2
