-- Install configuration: ""
-- Up-to-date: /home/user/ros2_ws/install/tb3_burger_localization/share/tb3_burger_localization//config
-- Up-to-date: /home/user/ros2_ws/install/tb3_burger_localization/share/tb3_burger_localization//config/amcl_config.yaml
-- Up-to-date: /home/user/ros2_ws/install/tb3_burger_localization/share/tb3_burger_localization//launch
-- Up-to-date: /home/user/ros2_ws/install/tb3_burger_localization/share/tb3_burger_localization//launch/localization.launch.py
-- Up-to-date: /home/user/ros2_ws/install/tb3_burger_localization/share/tb3_burger_localization//maps
-- Up-to-date: /home/user/ros2_ws/install/tb3_burger_localization/share/tb3_burger_localization//maps/tb3_burger_realrobotlab_original.pgm
-- Up-to-date: /home/user/ros2_ws/install/tb3_burger_localization/share/tb3_burger_localization//maps/tb3_burger_realrobotlab.pgm
-- Up-to-date: /home/user/ros2_ws/install/tb3_burger_localization/share/tb3_burger_localization//maps/tb3_burger_realrobotlab.yaml
-- Up-to-date: /home/user/ros2_ws/install/tb3_burger_localization/share/tb3_burger_localization//rviz
-- Up-to-date: /home/user/ros2_ws/install/tb3_burger_localization/share/tb3_burger_localization//rviz/localization.rviz
-- Up-to-date: /home/user/ros2_ws/install/tb3_burger_localization/share/ament_index/resource_index/package_run_dependencies/tb3_burger_localization
-- Up-to-date: /home/user/ros2_ws/install/tb3_burger_localization/share/ament_index/resource_index/parent_prefix_path/tb3_burger_localization
-- Up-to-date: /home/user/ros2_ws/install/tb3_burger_localization/share/tb3_burger_localization/environment/ament_prefix_path.sh
-- Up-to-date: /home/user/ros2_ws/install/tb3_burger_localization/share/tb3_burger_localization/environment/ament_prefix_path.dsv
-- Up-to-date: /home/user/ros2_ws/install/tb3_burger_localization/share/tb3_burger_localization/environment/path.sh
-- Up-to-date: /home/user/ros2_ws/install/tb3_burger_localization/share/tb3_burger_localization/environment/path.dsv
-- Up-to-date: /home/user/ros2_ws/install/tb3_burger_localization/share/tb3_burger_localization/local_setup.bash
-- Up-to-date: /home/user/ros2_ws/install/tb3_burger_localization/share/tb3_burger_localization/local_setup.sh
-- Up-to-date: /home/user/ros2_ws/install/tb3_burger_localization/share/tb3_burger_localization/local_setup.zsh
-- Up-to-date: /home/user/ros2_ws/install/tb3_burger_localization/share/tb3_burger_localization/local_setup.dsv
-- Up-to-date: /home/user/ros2_ws/install/tb3_burger_localization/share/tb3_burger_localization/package.dsv
-- Up-to-date: /home/user/ros2_ws/install/tb3_burger_localization/share/ament_index/resource_index/packages/tb3_burger_localization
-- Up-to-date: /home/user/ros2_ws/install/tb3_burger_localization/share/tb3_burger_localization/cmake/tb3_burger_localizationConfig.cmake
-- Up-to-date: /home/user/ros2_ws/install/tb3_burger_localization/share/tb3_burger_localization/cmake/tb3_burger_localizationConfig-version.cmake
-- Up-to-date: /home/user/ros2_ws/install/tb3_burger_localization/share/tb3_burger_localization/package.xml
