[0.032s] Invoking command in '/home/user/ros2_ws/build/tb3_burger_localization': CMAKE_PREFIX_PATH=${CMAKE_PREFIX_PATH}:/home/user/simulation_ws/install/turtlebot3_teleop:/home/user/simulation_ws/install/turtlebot3_example:/home/simulations/ros2_sims_ws/install/rclrs_tests:/home/simulations/ros2_sims_ws/install/examples_rclrs_minimal_client_service:/home/simulations/ros2_sims_ws/install/sensor_msgs_py:/home/simulations/ros2_sims_ws/install/examples_rclrs_minimal_pub_sub:/home/simulations/ros2_sims_ws/install/examples_rclrs_message_demo:/home/simulations/ros2_sims_ws/install/rclrs:/home/simulations/ros2_sims_ws/install/rosidl_runtime_rs:/opt/ros/humble _=/usr/bin/env /usr/bin/cmake --build /home/user/ros2_ws/build/tb3_burger_localization -- -j8 -l8
[0.170s] Invoked command in '/home/user/ros2_ws/build/tb3_burger_localization' returned '0': CMAKE_PREFIX_PATH=${CMAKE_PREFIX_PATH}:/home/user/simulation_ws/install/turtlebot3_teleop:/home/user/simulation_ws/install/turtlebot3_example:/home/simulations/ros2_sims_ws/install/rclrs_tests:/home/simulations/ros2_sims_ws/install/examples_rclrs_minimal_client_service:/home/simulations/ros2_sims_ws/install/sensor_msgs_py:/home/simulations/ros2_sims_ws/install/examples_rclrs_minimal_pub_sub:/home/simulations/ros2_sims_ws/install/examples_rclrs_message_demo:/home/simulations/ros2_sims_ws/install/rclrs:/home/simulations/ros2_sims_ws/install/rosidl_runtime_rs:/opt/ros/humble _=/usr/bin/env /usr/bin/cmake --build /home/user/ros2_ws/build/tb3_burger_localization -- -j8 -l8
[0.474s] Invoking command in '/home/user/ros2_ws/build/tb3_burger_localization': CMAKE_PREFIX_PATH=${CMAKE_PREFIX_PATH}:/home/user/simulation_ws/install/turtlebot3_teleop:/home/user/simulation_ws/install/turtlebot3_example:/home/simulations/ros2_sims_ws/install/rclrs_tests:/home/simulations/ros2_sims_ws/install/examples_rclrs_minimal_client_service:/home/simulations/ros2_sims_ws/install/sensor_msgs_py:/home/simulations/ros2_sims_ws/install/examples_rclrs_minimal_pub_sub:/home/simulations/ros2_sims_ws/install/examples_rclrs_message_demo:/home/simulations/ros2_sims_ws/install/rclrs:/home/simulations/ros2_sims_ws/install/rosidl_runtime_rs:/opt/ros/humble _=/usr/bin/env /usr/bin/cmake --install /home/user/ros2_ws/build/tb3_burger_localization
[0.485s] -- Install configuration: ""
[0.486s] -- Up-to-date: /home/user/ros2_ws/install/tb3_burger_localization/share/tb3_burger_localization//config
[0.486s] -- Up-to-date: /home/user/ros2_ws/install/tb3_burger_localization/share/tb3_burger_localization//config/amcl_config.yaml
[0.486s] -- Up-to-date: /home/user/ros2_ws/install/tb3_burger_localization/share/tb3_burger_localization//launch
[0.486s] -- Up-to-date: /home/user/ros2_ws/install/tb3_burger_localization/share/tb3_burger_localization//launch/localization.launch.py
[0.486s] -- Up-to-date: /home/user/ros2_ws/install/tb3_burger_localization/share/tb3_burger_localization//maps
[0.486s] -- Up-to-date: /home/user/ros2_ws/install/tb3_burger_localization/share/tb3_burger_localization//maps/tb3_burger_realrobotlab_original.pgm
[0.486s] -- Up-to-date: /home/user/ros2_ws/install/tb3_burger_localization/share/tb3_burger_localization//maps/tb3_burger_realrobotlab.pgm
[0.487s] -- Up-to-date: /home/user/ros2_ws/install/tb3_burger_localization/share/tb3_burger_localization//maps/tb3_burger_realrobotlab.yaml
[0.487s] -- Up-to-date: /home/user/ros2_ws/install/tb3_burger_localization/share/tb3_burger_localization//rviz
[0.487s] -- Up-to-date: /home/user/ros2_ws/install/tb3_burger_localization/share/tb3_burger_localization//rviz/localization.rviz
[0.487s] -- Up-to-date: /home/user/ros2_ws/install/tb3_burger_localization/share/ament_index/resource_index/package_run_dependencies/tb3_burger_localization
[0.487s] -- Up-to-date: /home/user/ros2_ws/install/tb3_burger_localization/share/ament_index/resource_index/parent_prefix_path/tb3_burger_localization
[0.487s] -- Up-to-date: /home/user/ros2_ws/install/tb3_burger_localization/share/tb3_burger_localization/environment/ament_prefix_path.sh
[0.487s] -- Up-to-date: /home/user/ros2_ws/install/tb3_burger_localization/share/tb3_burger_localization/environment/ament_prefix_path.dsv
[0.487s] -- Up-to-date: /home/user/ros2_ws/install/tb3_burger_localization/share/tb3_burger_localization/environment/path.sh
[0.487s] -- Up-to-date: /home/user/ros2_ws/install/tb3_burger_localization/share/tb3_burger_localization/environment/path.dsv
[0.487s] -- Up-to-date: /home/user/ros2_ws/install/tb3_burger_localization/share/tb3_burger_localization/local_setup.bash
[0.487s] -- Up-to-date: /home/user/ros2_ws/install/tb3_burger_localization/share/tb3_burger_localization/local_setup.sh
[0.487s] -- Up-to-date: /home/user/ros2_ws/install/tb3_burger_localization/share/tb3_burger_localization/local_setup.zsh
[0.488s] -- Up-to-date: /home/user/ros2_ws/install/tb3_burger_localization/share/tb3_burger_localization/local_setup.dsv
[0.488s] -- Up-to-date: /home/user/ros2_ws/install/tb3_burger_localization/share/tb3_burger_localization/package.dsv
[0.488s] -- Up-to-date: /home/user/ros2_ws/install/tb3_burger_localization/share/ament_index/resource_index/packages/tb3_burger_localization
[0.488s] -- Up-to-date: /home/user/ros2_ws/install/tb3_burger_localization/share/tb3_burger_localization/cmake/tb3_burger_localizationConfig.cmake
[0.488s] -- Up-to-date: /home/user/ros2_ws/install/tb3_burger_localization/share/tb3_burger_localization/cmake/tb3_burger_localizationConfig-version.cmake
[0.488s] -- Up-to-date: /home/user/ros2_ws/install/tb3_burger_localization/share/tb3_burger_localization/package.xml
[0.548s] Invoked command in '/home/user/ros2_ws/build/tb3_burger_localization' returned '0': CMAKE_PREFIX_PATH=${CMAKE_PREFIX_PATH}:/home/user/simulation_ws/install/turtlebot3_teleop:/home/user/simulation_ws/install/turtlebot3_example:/home/simulations/ros2_sims_ws/install/rclrs_tests:/home/simulations/ros2_sims_ws/install/examples_rclrs_minimal_client_service:/home/simulations/ros2_sims_ws/install/sensor_msgs_py:/home/simulations/ros2_sims_ws/install/examples_rclrs_minimal_pub_sub:/home/simulations/ros2_sims_ws/install/examples_rclrs_message_demo:/home/simulations/ros2_sims_ws/install/rclrs:/home/simulations/ros2_sims_ws/install/rosidl_runtime_rs:/opt/ros/humble _=/usr/bin/env /usr/bin/cmake --install /home/user/ros2_ws/build/tb3_burger_localization
