[0.019s] Invoking command in '/home/user/ros2_ws/build/my_robot_interfaces': CMAKE_PREFIX_PATH=${CMAKE_PREFIX_PATH}:/home/user/simulation_ws/install/turtlebot3_teleop:/home/user/simulation_ws/install/turtlebot3_example:/home/simulations/ros2_sims_ws/install/rclrs_tests:/home/simulations/ros2_sims_ws/install/examples_rclrs_minimal_client_service:/home/simulations/ros2_sims_ws/install/sensor_msgs_py:/home/simulations/ros2_sims_ws/install/examples_rclrs_minimal_pub_sub:/home/simulations/ros2_sims_ws/install/examples_rclrs_message_demo:/home/simulations/ros2_sims_ws/install/rclrs:/home/simulations/ros2_sims_ws/install/rosidl_runtime_rs:/opt/ros/humble _=/usr/bin/env /usr/bin/cmake --build /home/user/ros2_ws/build/my_robot_interfaces -- -j8 -l8
[0.054s] -- Found ament_cmake: 1.3.8 (/opt/ros/humble/share/ament_cmake/cmake)
[0.220s] -- Found rosidl_default_generators: 1.2.0 (/home/simulations/ros2_sims_ws/install/rosidl_default_generators/share/rosidl_default_generators/cmake)
[0.229s] -- Using all available rosidl_typesupport_c: rosidl_typesupport_fastrtps_c;rosidl_typesupport_introspection_c
[0.232s] -- Found rosidl_adapter: 3.1.5 (/opt/ros/humble/share/rosidl_adapter/cmake)
[0.274s] -- Using all available rosidl_typesupport_cpp: rosidl_typesupport_fastrtps_cpp;rosidl_typesupport_introspection_cpp
[0.306s] -- Found geometry_msgs: 4.2.3 (/home/simulations/ros2_sims_ws/install/geometry_msgs/share/geometry_msgs/cmake)
[0.775s] -- Found ament_cmake_ros: 0.10.0 (/opt/ros/humble/share/ament_cmake_ros/cmake)
[1.011s] -- Using all available rosidl_typesupport_c: rosidl_typesupport_fastrtps_c;rosidl_typesupport_introspection_c
[1.319s] -- Using all available rosidl_typesupport_cpp: rosidl_typesupport_fastrtps_cpp;rosidl_typesupport_introspection_cpp
[1.320s] -- Found rmw_implementation_cmake: 6.1.1 (/opt/ros/humble/share/rmw_implementation_cmake/cmake)
[1.580s] -- Found python_cmake_module: 0.10.0 (/opt/ros/humble/share/python_cmake_module/cmake)
[1.613s] -- Using PYTHON_EXECUTABLE: /usr/bin/python3
[1.613s] -- Using PYTHON_INCLUDE_DIRS: /usr/include/python3.10
[1.613s] -- Using PYTHON_LIBRARIES: /usr/lib/x86_64-linux-gnu/libpython3.10.so
[1.648s] -- Configuring done
[1.679s] -- Generating done
[1.683s] -- Build files have been written to: /home/user/ros2_ws/build/my_robot_interfaces
[1.744s] [  3%] [32mBuilding C object CMakeFiles/my_robot_interfaces__rosidl_generator_c.dir/rosidl_generator_c/my_robot_interfaces/srv/detail/feature_detection__functions.c.o[0m
[1.747s] [  6%] Built target my_robot_interfaces__cpp
[1.772s] [  9%] [34m[1mGenerating Rust code for ROS interfaces[0m
[1.786s] [  9%] Built target ament_cmake_python_copy_my_robot_interfaces
[1.791s] In file included from [01m[K/home/user/ros2_ws/build/my_robot_interfaces/rosidl_generator_c/my_robot_interfaces/srv/detail/feature_detection__functions.h:19[m[K,
[1.791s]                  from [01m[K/home/user/ros2_ws/build/my_robot_interfaces/rosidl_generator_c/my_robot_interfaces/srv/detail/feature_detection__functions.c:4[m[K:
[1.791s] [01m[K/home/user/ros2_ws/build/my_robot_interfaces/rosidl_generator_c/my_robot_interfaces/srv/detail/feature_detection__struct.h:50:10:[m[K [01;31m[Kfatal error: [m[Kgeometry_msgs/msg/detail/point__struct.h: No such file or directory
[1.791s]    50 | #include [01;31m[K"geometry_msgs/msg/detail/point__struct.h"[m[K
[1.791s]       |          [01;31m[K^~~~~~~~~~~~~~~~~~~~~~~~~~~~~~~~~~~~~~~~~~[m[K
[1.791s] compilation terminated.
[1.793s] gmake[2]: *** [CMakeFiles/my_robot_interfaces__rosidl_generator_c.dir/build.make:105: CMakeFiles/my_robot_interfaces__rosidl_generator_c.dir/rosidl_generator_c/my_robot_interfaces/srv/detail/feature_detection__functions.c.o] Error 1
[1.793s] gmake[1]: *** [CMakeFiles/Makefile2:232: CMakeFiles/my_robot_interfaces__rosidl_generator_c.dir/all] Error 2
[1.793s] gmake[1]: *** Waiting for unfinished jobs....
[1.811s] [ 12%] [32mBuilding CXX object CMakeFiles/my_robot_interfaces__rosidl_typesupport_fastrtps_cpp.dir/rosidl_typesupport_fastrtps_cpp/my_robot_interfaces/srv/detail/dds_fastrtps/feature_detection__type_support.cpp.o[0m
[1.874s] [ 15%] [32mBuilding CXX object CMakeFiles/my_robot_interfaces__rosidl_typesupport_introspection_cpp.dir/rosidl_typesupport_introspection_cpp/my_robot_interfaces/srv/detail/feature_detection__type_support.cpp.o[0m
[1.875s] [ 18%] [32mBuilding CXX object CMakeFiles/my_robot_interfaces__rosidl_typesupport_cpp.dir/rosidl_typesupport_cpp/my_robot_interfaces/srv/feature_detection__type_support.cpp.o[0m
[2.003s] In file included from [01m[K/home/user/ros2_ws/build/my_robot_interfaces/rosidl_typesupport_cpp/my_robot_interfaces/srv/feature_detection__type_support.cpp:7[m[K:
[2.003s] [01m[K/home/user/ros2_ws/build/my_robot_interfaces/rosidl_generator_cpp/my_robot_interfaces/srv/detail/feature_detection__struct.hpp:149:10:[m[K [01;31m[Kfatal error: [m[Kgeometry_msgs/msg/detail/point__struct.hpp: No such file or directory
[2.003s]   149 | #include [01;31m[K"geometry_msgs/msg/detail/point__struct.hpp"[m[K
[2.004s]       |          [01;31m[K^~~~~~~~~~~~~~~~~~~~~~~~~~~~~~~~~~~~~~~~~~~~[m[K
[2.004s] compilation terminated.
[2.005s] In file included from [01m[K/home/user/ros2_ws/build/my_robot_interfaces/rosidl_typesupport_fastrtps_cpp/my_robot_interfaces/srv/detail/feature_detection__rosidl_typesupport_fastrtps_cpp.hpp:11[m[K,
[2.005s]                  from [01m[K/home/user/ros2_ws/build/my_robot_interfaces/rosidl_typesupport_fastrtps_cpp/my_robot_interfaces/srv/detail/dds_fastrtps/feature_detection__type_support.cpp:4[m[K:
[2.005s] [01m[K/home/user/ros2_ws/build/my_robot_interfaces/rosidl_generator_cpp/my_robot_interfaces/srv/detail/feature_detection__struct.hpp:149:10:[m[K [01;31m[Kfatal error: [m[Kgeometry_msgs/msg/detail/point__struct.hpp: No such file or directory
[2.005s]   149 | #include [01;31m[K"geometry_msgs/msg/detail/point__struct.hpp"[m[K
[2.005s]       |          [01;31m[K^~~~~~~~~~~~~~~~~~~~~~~~~~~~~~~~~~~~~~~~~~~~[m[K
[2.005s] compilation terminated.
[2.006s] gmake[2]: *** [CMakeFiles/my_robot_interfaces__rosidl_typesupport_cpp.dir/build.make:86: CMakeFiles/my_robot_interfaces__rosidl_typesupport_cpp.dir/rosidl_typesupport_cpp/my_robot_interfaces/srv/feature_detection__type_support.cpp.o] Error 1
[2.006s] gmake[1]: *** [CMakeFiles/Makefile2:414: CMakeFiles/my_robot_interfaces__rosidl_typesupport_cpp.dir/all] Error 2
[2.006s] gmake[2]: *** [CMakeFiles/my_robot_interfaces__rosidl_typesupport_fastrtps_cpp.dir/build.make:91: CMakeFiles/my_robot_interfaces__rosidl_typesupport_fastrtps_cpp.dir/rosidl_typesupport_fastrtps_cpp/my_robot_interfaces/srv/detail/dds_fastrtps/feature_detection__type_support.cpp.o] Error 1
[2.006s] gmake[1]: *** [CMakeFiles/Makefile2:362: CMakeFiles/my_robot_interfaces__rosidl_typesupport_fastrtps_cpp.dir/all] Error 2
[2.108s] In file included from [01m[K/home/user/ros2_ws/build/my_robot_interfaces/rosidl_typesupport_introspection_cpp/my_robot_interfaces/srv/detail/feature_detection__type_support.cpp:12[m[K:
[2.108s] [01m[K/home/user/ros2_ws/build/my_robot_interfaces/rosidl_generator_cpp/my_robot_interfaces/srv/detail/feature_detection__struct.hpp:149:10:[m[K [01;31m[Kfatal error: [m[Kgeometry_msgs/msg/detail/point__struct.hpp: No such file or directory
[2.108s]   149 | #include [01;31m[K"geometry_msgs/msg/detail/point__struct.hpp"[m[K
[2.108s]       |          [01;31m[K^~~~~~~~~~~~~~~~~~~~~~~~~~~~~~~~~~~~~~~~~~~~[m[K
[2.109s] compilation terminated.
[2.110s] gmake[2]: *** [CMakeFiles/my_robot_interfaces__rosidl_typesupport_introspection_cpp.dir/build.make:91: CMakeFiles/my_robot_interfaces__rosidl_typesupport_introspection_cpp.dir/rosidl_typesupport_introspection_cpp/my_robot_interfaces/srv/detail/feature_detection__type_support.cpp.o] Error 1
[2.111s] gmake[1]: *** [CMakeFiles/Makefile2:388: CMakeFiles/my_robot_interfaces__rosidl_typesupport_introspection_cpp.dir/all] Error 2
[2.295s] [ 18%] Built target my_robot_interfaces__rs
[2.364s] running egg_info
[2.365s] writing my_robot_interfaces.egg-info/PKG-INFO
[2.365s] writing dependency_links to my_robot_interfaces.egg-info/dependency_links.txt
[2.365s] writing top-level names to my_robot_interfaces.egg-info/top_level.txt
[2.367s] reading manifest file 'my_robot_interfaces.egg-info/SOURCES.txt'
[2.368s] writing manifest file 'my_robot_interfaces.egg-info/SOURCES.txt'
[2.397s] [ 18%] Built target ament_cmake_python_build_my_robot_interfaces_egg
[2.398s] gmake: *** [Makefile:146: all] Error 2
[2.400s] Invoked command in '/home/user/ros2_ws/build/my_robot_interfaces' returned '2': CMAKE_PREFIX_PATH=${CMAKE_PREFIX_PATH}:/home/user/simulation_ws/install/turtlebot3_teleop:/home/user/simulation_ws/install/turtlebot3_example:/home/simulations/ros2_sims_ws/install/rclrs_tests:/home/simulations/ros2_sims_ws/install/examples_rclrs_minimal_client_service:/home/simulations/ros2_sims_ws/install/sensor_msgs_py:/home/simulations/ros2_sims_ws/install/examples_rclrs_minimal_pub_sub:/home/simulations/ros2_sims_ws/install/examples_rclrs_message_demo:/home/simulations/ros2_sims_ws/install/rclrs:/home/simulations/ros2_sims_ws/install/rosidl_runtime_rs:/opt/ros/humble _=/usr/bin/env /usr/bin/cmake --build /home/user/ros2_ws/build/my_robot_interfaces -- -j8 -l8
