In file included from [01m[K/opt/ros/humble/include/rclcpp/rclcpp/logging.hpp:24[m[K,
                 from [01m[K/opt/ros/humble/include/rclcpp/rclcpp/client.hpp:40[m[K,
                 from [01m[K/opt/ros/humble/include/rclcpp/rclcpp/callback_group.hpp:24[m[K,
                 from [01m[K/opt/ros/humble/include/rclcpp/rclcpp/any_executable.hpp:20[m[K,
                 from [01m[K/opt/ros/humble/include/rclcpp/rclcpp/memory_strategy.hpp:25[m[K,
                 from [01m[K/opt/ros/humble/include/rclcpp/rclcpp/memory_strategies.hpp:18[m[K,
                 from [01m[K/opt/ros/humble/include/rclcpp/rclcpp/executor_options.hpp:20[m[K,
                 from [01m[K/opt/ros/humble/include/rclcpp/rclcpp/executor.hpp:37[m[K,
                 from [01m[K/opt/ros/humble/include/rclcpp/rclcpp/executors/multi_threaded_executor.hpp:25[m[K,
                 from [01m[K/opt/ros/humble/include/rclcpp/rclcpp/executors.hpp:21[m[K,
                 from [01m[K/opt/ros/humble/include/rclcpp/rclcpp/rclcpp.hpp:155[m[K,
                 from [01m[K/home/latih/ros2-tf-real-robot-project/ros2_ws/src/ros2_tf_project/src/feature_detector.cpp:1[m[K:
[01m[K/home/latih/ros2-tf-real-robot-project/ros2_ws/src/ros2_tf_project/src/feature_detector.cpp:[m[K In member function ‘[01m[Kint FeatureDetector::splitAndMerge(const std::vector<cv::Point_<float> >&, std::vector<std::vector<cv::Point_<float> > >&, float)[m[K’:
[01m[K/home/latih/ros2-tf-real-robot-project/ros2_ws/src/ros2_tf_project/src/feature_detector.cpp:111:41:[m[K [01;35m[Kwarning: [m[Kformat ‘[01m[K%d[m[K’ expects argument of type ‘[01m[Kint[m[K’, but argument 5 has type ‘[01m[Ksize_t[m[K’ {aka ‘[01m[Klong unsigned int[m[K’} [[01;35m[K]8;;https://gcc.gnu.org/onlinedocs/gcc/Warning-Options.html#index-Wformat=-Wformat=]8;;[m[K]
  111 |        RCLCPP_INFO(this->get_logger(), [01;35m[K"index: %d"[m[K, [32m[Kindex[m[K);
      |                                        [01;35m[K^~~~~~~~~~~[m[K  [32m[K~~~~~[m[K
      |                                                     [32m[K|[m[K
      |                                                     [32m[Ksize_t {aka long unsigned int}[m[K

[01m[K/home/latih/ros2-tf-real-robot-project/ros2_ws/src/ros2_tf_project/src/feature_detector.cpp:111:50:[m[K [01;36m[Knote: [m[Kformat string is defined here
  111 | LCPP_INFO(this->get_logger(), "index: [01;36m[K%d[m[K", index);
      |                                       [01;36m[K~^[m[K
      |                                        [01;36m[K|[m[K
      |                                        [01;36m[Kint[m[K
      |                                       [32m[K%ld[m[K
[01m[K/home/latih/ros2-tf-real-robot-project/ros2_ws/src/ros2_tf_project/src/feature_detector.cpp:[m[K In member function ‘[01m[Kvoid FeatureDetector::handleFeatureDetection(std::shared_ptr<my_robot_interfaces::srv::FeatureDetection_Request_<std::allocator<void> > >, std::shared_ptr<my_robot_interfaces::srv::FeatureDetection_Response_<std::allocator<void> > >)[m[K’:
[01m[K/home/latih/ros2-tf-real-robot-project/ros2_ws/src/ros2_tf_project/src/feature_detector.cpp:147:17:[m[K [01;35m[Kwarning: [m[Kthis ‘[01m[Kif[m[K’ clause does not guard... [[01;35m[K]8;;https://gcc.gnu.org/onlinedocs/gcc/Warning-Options.html#index-Wmisleading-indentation-Wmisleading-indentation]8;;[m[K]
  147 |                 [01;35m[Kif[m[K (i < 0 || i >= static_cast<int>(scan->ranges.size()))
      |                 [01;35m[K^~[m[K
[01m[K/home/latih/ros2-tf-real-robot-project/ros2_ws/src/ros2_tf_project/src/feature_detector.cpp:149:21:[m[K [01;36m[Knote: [m[K...this statement, but the latter is misleadingly indented as if it were guarded by the ‘[01m[Kif[m[K’
  149 |                     [01;36m[Kfloat[m[K r = scan->ranges[i];
      |                     [01;36m[K^~~~~[m[K
/usr/bin/ld: CMakeFiles/feature_detector.dir/src/feature_detector.cpp.o: warning: relocation against `_ZTVN4YAML11InvalidNodeE' in read-only section `.text._ZN4YAML11InvalidNodeC2ERKNSt7__cxx1112basic_stringIcSt11char_traitsIcESaIcEEE[_ZN4YAML11InvalidNodeC5ERKNSt7__cxx1112basic_stringIcSt11char_traitsIcESaIcEEE]'
/usr/bin/ld: CMakeFiles/feature_detector.dir/src/feature_detector.cpp.o: in function `YAML::Exception::Exception(YAML::Mark const&, std::__cxx11::basic_string<char, std::char_traits<char>, std::allocator<char> > const&)':
feature_detector.cpp:(.text._ZN4YAML9ExceptionC2ERKNS_4MarkERKNSt7__cxx1112basic_stringIcSt11char_traitsIcESaIcEEE[_ZN4YAML9ExceptionC5ERKNS_4MarkERKNSt7__cxx1112basic_stringIcSt11char_traitsIcESaIcEEE]+0x61): undefined reference to `vtable for YAML::Exception'
/usr/bin/ld: CMakeFiles/feature_detector.dir/src/feature_detector.cpp.o: in function `YAML::RepresentationException::RepresentationException(YAML::Mark const&, std::__cxx11::basic_string<char, std::char_traits<char>, std::allocator<char> > const&)':
feature_detector.cpp:(.text._ZN4YAML23RepresentationExceptionC2ERKNS_4MarkERKNSt7__cxx1112basic_stringIcSt11char_traitsIcESaIcEEE[_ZN4YAML23RepresentationExceptionC5ERKNS_4MarkERKNSt7__cxx1112basic_stringIcSt11char_traitsIcESaIcEEE]+0x32): undefined reference to `vtable for YAML::RepresentationException'
/usr/bin/ld: CMakeFiles/feature_detector.dir/src/feature_detector.cpp.o: in function `YAML::InvalidNode::InvalidNode(std::__cxx11::basic_string<char, std::char_traits<char>, std::allocator<char> > const&)':
feature_detector.cpp:(.text._ZN4YAML11InvalidNodeC2ERKNSt7__cxx1112basic_stringIcSt11char_traitsIcESaIcEEE[_ZN4YAML11InvalidNodeC5ERKNSt7__cxx1112basic_stringIcSt11char_traitsIcESaIcEEE]+0x71): undefined reference to `vtable for YAML::InvalidNode'
/usr/bin/ld: CMakeFiles/feature_detector.dir/src/feature_detector.cpp.o: in function `YAML::detail::memory_holder::create_node()':
feature_detector.cpp:(.text._ZN4YAML6detail13memory_holder11create_nodeEv[_ZN4YAML6detail13memory_holder11create_nodeEv]+0x20): undefined reference to `YAML::detail::memory::create_node()'
/usr/bin/ld: CMakeFiles/feature_detector.dir/src/feature_detector.cpp.o: in function `YAML::detail::node_ref::mark_defined()':
feature_detector.cpp:(.text._ZN4YAML6detail8node_ref12mark_definedEv[_ZN4YAML6detail8node_ref12mark_definedEv]+0x20): undefined reference to `YAML::detail::node_data::mark_defined()'
/usr/bin/ld: CMakeFiles/feature_detector.dir/src/feature_detector.cpp.o: in function `YAML::detail::node_ref::set_type(YAML::NodeType::value)':
feature_detector.cpp:(.text._ZN4YAML6detail8node_ref8set_typeENS_8NodeType5valueE[_ZN4YAML6detail8node_ref8set_typeENS_8NodeType5valueE]+0x2b): undefined reference to `YAML::detail::node_data::set_type(YAML::NodeType::value)'
/usr/bin/ld: CMakeFiles/feature_detector.dir/src/feature_detector.cpp.o: in function `YAML::detail::node_ref::set_null()':
feature_detector.cpp:(.text._ZN4YAML6detail8node_ref8set_nullEv[_ZN4YAML6detail8node_ref8set_nullEv]+0x20): undefined reference to `YAML::detail::node_data::set_null()'
/usr/bin/ld: CMakeFiles/feature_detector.dir/src/feature_detector.cpp.o: in function `YAML::detail::node_ref::set_scalar(std::__cxx11::basic_string<char, std::char_traits<char>, std::allocator<char> > const&)':
feature_detector.cpp:(.text._ZN4YAML6detail8node_ref10set_scalarERKNSt7__cxx1112basic_stringIcSt11char_traitsIcESaIcEEE[_ZN4YAML6detail8node_ref10set_scalarERKNSt7__cxx1112basic_stringIcSt11char_traitsIcESaIcEEE]+0x2e): undefined reference to `YAML::detail::node_data::set_scalar(std::__cxx11::basic_string<char, std::char_traits<char>, std::allocator<char> > const&)'
/usr/bin/ld: CMakeFiles/feature_detector.dir/src/feature_detector.cpp.o: in function `YAML::detail::node_ref::push_back(YAML::detail::node&, std::shared_ptr<YAML::detail::memory_holder>)':
feature_detector.cpp:(.text._ZN4YAML6detail8node_ref9push_backERNS0_4nodeESt10shared_ptrINS0_13memory_holderEE[_ZN4YAML6detail8node_ref9push_backERNS0_4nodeESt10shared_ptrINS0_13memory_holderEE]+0x36): undefined reference to `YAML::detail::node_data::push_back(YAML::detail::node&, std::shared_ptr<YAML::detail::memory_holder> const&)'
/usr/bin/ld: CMakeFiles/feature_detector.dir/src/feature_detector.cpp.o: in function `YAML::detail::node::push_back(YAML::detail::node&, std::shared_ptr<YAML::detail::memory_holder>)':
feature_detector.cpp:(.text._ZN4YAML6detail4node9push_backERS1_St10shared_ptrINS0_13memory_holderEE[_ZN4YAML6detail4node9push_backERS1_St10shared_ptrINS0_13memory_holderEE]+0x8e): undefined reference to `YAML::detail::node::m_amount'
/usr/bin/ld: CMakeFiles/feature_detector.dir/src/feature_detector.cpp.o: in function `YAML::Node::EnsureNodeExists() const':
feature_detector.cpp:(.text._ZNK4YAML4Node16EnsureNodeExistsEv[_ZNK4YAML4Node16EnsureNodeExistsEv]+0x44): undefined reference to `YAML::InvalidNode::~InvalidNode()'
/usr/bin/ld: feature_detector.cpp:(.text._ZNK4YAML4Node16EnsureNodeExistsEv[_ZNK4YAML4Node16EnsureNodeExistsEv]+0x4e): undefined reference to `typeinfo for YAML::InvalidNode'
/usr/bin/ld: CMakeFiles/feature_detector.dir/src/feature_detector.cpp.o: in function `YAML::Node::Type() const':
feature_detector.cpp:(.text._ZNK4YAML4Node4TypeEv[_ZNK4YAML4Node4TypeEv]+0x44): undefined reference to `YAML::InvalidNode::~InvalidNode()'
/usr/bin/ld: feature_detector.cpp:(.text._ZNK4YAML4Node4TypeEv[_ZNK4YAML4Node4TypeEv]+0x4e): undefined reference to `typeinfo for YAML::InvalidNode'
/usr/bin/ld: CMakeFiles/feature_detector.dir/src/feature_detector.cpp.o: in function `YAML::Node::Scalar[abi:cxx11]() const':
feature_detector.cpp:(.text._ZNK4YAML4Node6ScalarB5cxx11Ev[_ZNK4YAML4Node6ScalarB5cxx11Ev]+0x44): undefined reference to `YAML::InvalidNode::~InvalidNode()'
/usr/bin/ld: feature_detector.cpp:(.text._ZNK4YAML4Node6ScalarB5cxx11Ev[_ZNK4YAML4Node6ScalarB5cxx11Ev]+0x4e): undefined reference to `typeinfo for YAML::InvalidNode'
/usr/bin/ld: feature_detector.cpp:(.text._ZNK4YAML4Node6ScalarB5cxx11Ev[_ZNK4YAML4Node6ScalarB5cxx11Ev]+0x7d): undefined reference to `YAML::detail::node_data::empty_scalar[abi:cxx11]()'
/usr/bin/ld: CMakeFiles/feature_detector.dir/src/feature_detector.cpp.o: in function `YAML::Node::is(YAML::Node const&) const':
feature_detector.cpp:(.text._ZNK4YAML4Node2isERKS0_[_ZNK4YAML4Node2isERKS0_]+0x56): undefined reference to `YAML::InvalidNode::~InvalidNode()'
/usr/bin/ld: feature_detector.cpp:(.text._ZNK4YAML4Node2isERKS0_[_ZNK4YAML4Node2isERKS0_]+0x60): undefined reference to `typeinfo for YAML::InvalidNode'
/usr/bin/ld: CMakeFiles/feature_detector.dir/src/feature_detector.cpp.o: in function `YAML::Node::AssignData(YAML::Node const&)':
feature_detector.cpp:(.text._ZN4YAML4Node10AssignDataERKS0_[_ZN4YAML4Node10AssignDataERKS0_]+0x72): undefined reference to `YAML::detail::memory_holder::merge(YAML::detail::memory_holder&)'
/usr/bin/ld: CMakeFiles/feature_detector.dir/src/feature_detector.cpp.o: in function `YAML::Node::AssignNode(YAML::Node const&)':
feature_detector.cpp:(.text._ZN4YAML4Node10AssignNodeERKS0_[_ZN4YAML4Node10AssignNodeERKS0_]+0x48): undefined reference to `YAML::InvalidNode::~InvalidNode()'
/usr/bin/ld: feature_detector.cpp:(.text._ZN4YAML4Node10AssignNodeERKS0_[_ZN4YAML4Node10AssignNodeERKS0_]+0x52): undefined reference to `typeinfo for YAML::InvalidNode'
/usr/bin/ld: feature_detector.cpp:(.text._ZN4YAML4Node10AssignNodeERKS0_[_ZN4YAML4Node10AssignNodeERKS0_]+0xec): undefined reference to `YAML::detail::memory_holder::merge(YAML::detail::memory_holder&)'
/usr/bin/ld: CMakeFiles/feature_detector.dir/src/feature_detector.cpp.o: in function `YAML::Node::push_back(YAML::Node const&)':
feature_detector.cpp:(.text._ZN4YAML4Node9push_backERKS0_[_ZN4YAML4Node9push_backERKS0_]+0xa8): undefined reference to `YAML::detail::memory_holder::merge(YAML::detail::memory_holder&)'
/usr/bin/ld: CMakeFiles/feature_detector.dir/src/feature_detector.cpp.o: in function `FeatureDetector::saveFeaturesToYaml(std::vector<std::pair<std::__cxx11::basic_string<char, std::char_traits<char>, std::allocator<char> >, geometry_msgs::msg::Point_<std::allocator<void> > >, std::allocator<std::pair<std::__cxx11::basic_string<char, std::char_traits<char>, std::allocator<char> >, geometry_msgs::msg::Point_<std::allocator<void> > > > > const&, std::__cxx11::basic_string<char, std::char_traits<char>, std::allocator<char> > const&)':
feature_detector.cpp:(.text._ZN15FeatureDetector18saveFeaturesToYamlERKSt6vectorISt4pairINSt7__cxx1112basic_stringIcSt11char_traitsIcESaIcEEEN13geometry_msgs3msg6Point_ISaIvEEEESaISD_EERKS7_[_ZN15FeatureDetector18saveFeaturesToYamlERKSt6vectorISt4pairINSt7__cxx1112basic_stringIcSt11char_traitsIcESaIcEEEN13geometry_msgs3msg6Point_ISaIvEEEESaISD_EERKS7_]+0x4ea): undefined reference to `YAML::operator<<(std::ostream&, YAML::Node const&)'
/usr/bin/ld: CMakeFiles/feature_detector.dir/src/feature_detector.cpp.o: in function `void YAML::Node::Assign<double>(double const&)':
feature_detector.cpp:(.text._ZN4YAML4Node6AssignIdEEvRKT_[_ZN4YAML4Node6AssignIdEEvRKT_]+0x57): undefined reference to `YAML::InvalidNode::~InvalidNode()'
/usr/bin/ld: feature_detector.cpp:(.text._ZN4YAML4Node6AssignIdEEvRKT_[_ZN4YAML4Node6AssignIdEEvRKT_]+0x61): undefined reference to `typeinfo for YAML::InvalidNode'
/usr/bin/ld: CMakeFiles/feature_detector.dir/src/feature_detector.cpp.o: in function `YAML::detail::node& YAML::detail::node_data::get<char [8]>(char const (&) [8], std::shared_ptr<YAML::detail::memory_holder>)':
feature_detector.cpp:(.text._ZN4YAML6detail9node_data3getIA8_cEERNS0_4nodeERKT_St10shared_ptrINS0_13memory_holderEE[_ZN4YAML6detail9node_data3getIA8_cEERNS0_4nodeERKT_St10shared_ptrINS0_13memory_holderEE]+0xd3): undefined reference to `YAML::detail::node_data::convert_to_map(std::shared_ptr<YAML::detail::memory_holder> const&)'
/usr/bin/ld: feature_detector.cpp:(.text._ZN4YAML6detail9node_data3getIA8_cEERNS0_4nodeERKT_St10shared_ptrINS0_13memory_holderEE[_ZN4YAML6detail9node_data3getIA8_cEERNS0_4nodeERKT_St10shared_ptrINS0_13memory_holderEE]+0x103): undefined reference to `YAML::BadSubscript::~BadSubscript()'
/usr/bin/ld: feature_detector.cpp:(.text._ZN4YAML6detail9node_data3getIA8_cEERNS0_4nodeERKT_St10shared_ptrINS0_13memory_holderEE[_ZN4YAML6detail9node_data3getIA8_cEERNS0_4nodeERKT_St10shared_ptrINS0_13memory_holderEE]+0x10d): undefined reference to `typeinfo for YAML::BadSubscript'
/usr/bin/ld: feature_detector.cpp:(.text._ZN4YAML6detail9node_data3getIA8_cEERNS0_4nodeERKT_St10shared_ptrINS0_13memory_holderEE[_ZN4YAML6detail9node_data3getIA8_cEERNS0_4nodeERKT_St10shared_ptrINS0_13memory_holderEE]+0x1fb): undefined reference to `YAML::detail::node_data::insert_map_pair(YAML::detail::node&, YAML::detail::node&)'
/usr/bin/ld: CMakeFiles/feature_detector.dir/src/feature_detector.cpp.o: in function `YAML::detail::node& YAML::detail::node_data::get<char [9]>(char const (&) [9], std::shared_ptr<YAML::detail::memory_holder>)':
feature_detector.cpp:(.text._ZN4YAML6detail9node_data3getIA9_cEERNS0_4nodeERKT_St10shared_ptrINS0_13memory_holderEE[_ZN4YAML6detail9node_data3getIA9_cEERNS0_4nodeERKT_St10shared_ptrINS0_13memory_holderEE]+0xd3): undefined reference to `YAML::detail::node_data::convert_to_map(std::shared_ptr<YAML::detail::memory_holder> const&)'
/usr/bin/ld: feature_detector.cpp:(.text._ZN4YAML6detail9node_data3getIA9_cEERNS0_4nodeERKT_St10shared_ptrINS0_13memory_holderEE[_ZN4YAML6detail9node_data3getIA9_cEERNS0_4nodeERKT_St10shared_ptrINS0_13memory_holderEE]+0x103): undefined reference to `YAML::BadSubscript::~BadSubscript()'
/usr/bin/ld: feature_detector.cpp:(.text._ZN4YAML6detail9node_data3getIA9_cEERNS0_4nodeERKT_St10shared_ptrINS0_13memory_holderEE[_ZN4YAML6detail9node_data3getIA9_cEERNS0_4nodeERKT_St10shared_ptrINS0_13memory_holderEE]+0x10d): undefined reference to `typeinfo for YAML::BadSubscript'
/usr/bin/ld: feature_detector.cpp:(.text._ZN4YAML6detail9node_data3getIA9_cEERNS0_4nodeERKT_St10shared_ptrINS0_13memory_holderEE[_ZN4YAML6detail9node_data3getIA9_cEERNS0_4nodeERKT_St10shared_ptrINS0_13memory_holderEE]+0x1fb): undefined reference to `YAML::detail::node_data::insert_map_pair(YAML::detail::node&, YAML::detail::node&)'
/usr/bin/ld: CMakeFiles/feature_detector.dir/src/feature_detector.cpp.o: in function `YAML::detail::node& YAML::detail::node_data::get<char [2]>(char const (&) [2], std::shared_ptr<YAML::detail::memory_holder>)':
feature_detector.cpp:(.text._ZN4YAML6detail9node_data3getIA2_cEERNS0_4nodeERKT_St10shared_ptrINS0_13memory_holderEE[_ZN4YAML6detail9node_data3getIA2_cEERNS0_4nodeERKT_St10shared_ptrINS0_13memory_holderEE]+0xd3): undefined reference to `YAML::detail::node_data::convert_to_map(std::shared_ptr<YAML::detail::memory_holder> const&)'
/usr/bin/ld: feature_detector.cpp:(.text._ZN4YAML6detail9node_data3getIA2_cEERNS0_4nodeERKT_St10shared_ptrINS0_13memory_holderEE[_ZN4YAML6detail9node_data3getIA2_cEERNS0_4nodeERKT_St10shared_ptrINS0_13memory_holderEE]+0x103): undefined reference to `YAML::BadSubscript::~BadSubscript()'
/usr/bin/ld: feature_detector.cpp:(.text._ZN4YAML6detail9node_data3getIA2_cEERNS0_4nodeERKT_St10shared_ptrINS0_13memory_holderEE[_ZN4YAML6detail9node_data3getIA2_cEERNS0_4nodeERKT_St10shared_ptrINS0_13memory_holderEE]+0x10d): undefined reference to `typeinfo for YAML::BadSubscript'
/usr/bin/ld: feature_detector.cpp:(.text._ZN4YAML6detail9node_data3getIA2_cEERNS0_4nodeERKT_St10shared_ptrINS0_13memory_holderEE[_ZN4YAML6detail9node_data3getIA2_cEERNS0_4nodeERKT_St10shared_ptrINS0_13memory_holderEE]+0x1fb): undefined reference to `YAML::detail::node_data::insert_map_pair(YAML::detail::node&, YAML::detail::node&)'
/usr/bin/ld: CMakeFiles/feature_detector.dir/src/feature_detector.cpp.o: in function `YAML::detail::node& YAML::detail::node_data::get<char [15]>(char const (&) [15], std::shared_ptr<YAML::detail::memory_holder>)':
feature_detector.cpp:(.text._ZN4YAML6detail9node_data3getIA15_cEERNS0_4nodeERKT_St10shared_ptrINS0_13memory_holderEE[_ZN4YAML6detail9node_data3getIA15_cEERNS0_4nodeERKT_St10shared_ptrINS0_13memory_holderEE]+0xd3): undefined reference to `YAML::detail::node_data::convert_to_map(std::shared_ptr<YAML::detail::memory_holder> const&)'
/usr/bin/ld: feature_detector.cpp:(.text._ZN4YAML6detail9node_data3getIA15_cEERNS0_4nodeERKT_St10shared_ptrINS0_13memory_holderEE[_ZN4YAML6detail9node_data3getIA15_cEERNS0_4nodeERKT_St10shared_ptrINS0_13memory_holderEE]+0x103): undefined reference to `YAML::BadSubscript::~BadSubscript()'
/usr/bin/ld: feature_detector.cpp:(.text._ZN4YAML6detail9node_data3getIA15_cEERNS0_4nodeERKT_St10shared_ptrINS0_13memory_holderEE[_ZN4YAML6detail9node_data3getIA15_cEERNS0_4nodeERKT_St10shared_ptrINS0_13memory_holderEE]+0x10d): undefined reference to `typeinfo for YAML::BadSubscript'
/usr/bin/ld: feature_detector.cpp:(.text._ZN4YAML6detail9node_data3getIA15_cEERNS0_4nodeERKT_St10shared_ptrINS0_13memory_holderEE[_ZN4YAML6detail9node_data3getIA15_cEERNS0_4nodeERKT_St10shared_ptrINS0_13memory_holderEE]+0x1fb): undefined reference to `YAML::detail::node_data::insert_map_pair(YAML::detail::node&, YAML::detail::node&)'
/usr/bin/ld: CMakeFiles/feature_detector.dir/src/feature_detector.cpp.o: in function `YAML::BadSubscript::BadSubscript<char [8]>(YAML::Mark const&, char const (&) [8])':
feature_detector.cpp:(.text._ZN4YAML12BadSubscriptC2IA8_cEERKNS_4MarkERKT_[_ZN4YAML12BadSubscriptC5IA8_cEERKNS_4MarkERKT_]+0x61): undefined reference to `vtable for YAML::BadSubscript'
/usr/bin/ld: CMakeFiles/feature_detector.dir/src/feature_detector.cpp.o: in function `YAML::detail::node& YAML::detail::node_data::convert_to_node<char [8]>(char const (&) [8], std::shared_ptr<YAML::detail::memory_holder>)':
feature_detector.cpp:(.text._ZN4YAML6detail9node_data15convert_to_nodeIA8_cEERNS0_4nodeERKT_St10shared_ptrINS0_13memory_holderEE[_ZN4YAML6detail9node_data15convert_to_nodeIA8_cEERNS0_4nodeERKT_St10shared_ptrINS0_13memory_holderEE]+0x69): undefined reference to `YAML::detail::memory_holder::merge(YAML::detail::memory_holder&)'
/usr/bin/ld: CMakeFiles/feature_detector.dir/src/feature_detector.cpp.o: in function `YAML::BadSubscript::BadSubscript<char [9]>(YAML::Mark const&, char const (&) [9])':
feature_detector.cpp:(.text._ZN4YAML12BadSubscriptC2IA9_cEERKNS_4MarkERKT_[_ZN4YAML12BadSubscriptC5IA9_cEERKNS_4MarkERKT_]+0x61): undefined reference to `vtable for YAML::BadSubscript'
/usr/bin/ld: CMakeFiles/feature_detector.dir/src/feature_detector.cpp.o: in function `YAML::detail::node& YAML::detail::node_data::convert_to_node<char [9]>(char const (&) [9], std::shared_ptr<YAML::detail::memory_holder>)':
feature_detector.cpp:(.text._ZN4YAML6detail9node_data15convert_to_nodeIA9_cEERNS0_4nodeERKT_St10shared_ptrINS0_13memory_holderEE[_ZN4YAML6detail9node_data15convert_to_nodeIA9_cEERNS0_4nodeERKT_St10shared_ptrINS0_13memory_holderEE]+0x69): undefined reference to `YAML::detail::memory_holder::merge(YAML::detail::memory_holder&)'
/usr/bin/ld: CMakeFiles/feature_detector.dir/src/feature_detector.cpp.o: in function `YAML::BadSubscript::BadSubscript<char [2]>(YAML::Mark const&, char const (&) [2])':
feature_detector.cpp:(.text._ZN4YAML12BadSubscriptC2IA2_cEERKNS_4MarkERKT_[_ZN4YAML12BadSubscriptC5IA2_cEERKNS_4MarkERKT_]+0x61): undefined reference to `vtable for YAML::BadSubscript'
/usr/bin/ld: CMakeFiles/feature_detector.dir/src/feature_detector.cpp.o: in function `YAML::detail::node& YAML::detail::node_data::convert_to_node<char [2]>(char const (&) [2], std::shared_ptr<YAML::detail::memory_holder>)':
feature_detector.cpp:(.text._ZN4YAML6detail9node_data15convert_to_nodeIA2_cEERNS0_4nodeERKT_St10shared_ptrINS0_13memory_holderEE[_ZN4YAML6detail9node_data15convert_to_nodeIA2_cEERNS0_4nodeERKT_St10shared_ptrINS0_13memory_holderEE]+0x69): undefined reference to `YAML::detail::memory_holder::merge(YAML::detail::memory_holder&)'
/usr/bin/ld: CMakeFiles/feature_detector.dir/src/feature_detector.cpp.o: in function `YAML::BadSubscript::BadSubscript<char [15]>(YAML::Mark const&, char const (&) [15])':
feature_detector.cpp:(.text._ZN4YAML12BadSubscriptC2IA15_cEERKNS_4MarkERKT_[_ZN4YAML12BadSubscriptC5IA15_cEERKNS_4MarkERKT_]+0x61): undefined reference to `vtable for YAML::BadSubscript'
/usr/bin/ld: CMakeFiles/feature_detector.dir/src/feature_detector.cpp.o: in function `YAML::detail::node& YAML::detail::node_data::convert_to_node<char [15]>(char const (&) [15], std::shared_ptr<YAML::detail::memory_holder>)':
feature_detector.cpp:(.text._ZN4YAML6detail9node_data15convert_to_nodeIA15_cEERNS0_4nodeERKT_St10shared_ptrINS0_13memory_holderEE[_ZN4YAML6detail9node_data15convert_to_nodeIA15_cEERNS0_4nodeERKT_St10shared_ptrINS0_13memory_holderEE]+0x69): undefined reference to `YAML::detail::memory_holder::merge(YAML::detail::memory_holder&)'
/usr/bin/ld: warning: creating DT_TEXTREL in a PIE
collect2: error: ld returned 1 exit status
gmake[2]: *** [CMakeFiles/feature_detector.dir/build.make:268: feature_detector] Error 1
gmake[1]: *** [CMakeFiles/Makefile2:137: CMakeFiles/feature_detector.dir/all] Error 2
gmake: *** [Makefile:146: all] Error 2
