[0.013s] Invoking command in '/home/latih/ros2-tf-real-robot-project/build/ros2_tf_project': CMAKE_PREFIX_PATH=/home/latih/ros2-tf-real-robot-project/install/my_robot_interfaces:/home/latih/ros2-tf-real-robot-project/install/turtlebot3:/home/latih/ros2-tf-real-robot-project/install/turtlebot3_simulations:/home/latih/ros2-tf-real-robot-project/install/turtlebot3_navigation2:/home/latih/ros2-tf-real-robot-project/install/turtlebot3_msgs:/home/latih/ros2-tf-real-robot-project/install/turtlebot3_gazebo:/home/latih/ros2-tf-real-robot-project/install/turtlebot3_bringup:/home/latih/ros2-tf-real-robot-project/install/turtlebot3_description:/home/latih/ros2-tf-real-robot-project/install/turtlebot3_cartographer:/home/latih/ros2-tf-real-robot-project/install/tb3_burger_localization:/home/latih/ros2-tf-real-robot-project/install/tb3_burger_cartographer:/home/latih/ros2-tf-real-robot-project/install/ros2_tf_project:/home/latih/ros2-tf-real-robot-project/install/turtlebot3_teleop:/home/latih/ros2-tf-real-robot-project/install/turtlebot3_example:/opt/ros/humble LD_LIBRARY_PATH=/home/latih/ros2-tf-real-robot-project/install/my_robot_interfaces/lib:/home/latih/ros2-tf-real-robot-project/install/turtlebot3_msgs/lib:/usr/lib/x86_64-linux-gnu/gazebo-11/plugins:/opt/ros/humble/opt/rviz_ogre_vendor/lib:/opt/ros/humble/lib/x86_64-linux-gnu:/opt/ros/humble/lib /usr/bin/cmake --build /home/latih/ros2-tf-real-robot-project/build/ros2_tf_project -- -j16 -l16
[0.043s] -- Found ament_cmake: 1.3.11 (/opt/ros/humble/share/ament_cmake/cmake)
[0.175s] -- Found tf2: 0.25.12 (/opt/ros/humble/share/tf2/cmake)
[0.196s] -- Found rosidl_generator_c: 3.1.6 (/opt/ros/humble/share/rosidl_generator_c/cmake)
[0.200s] -- Found rosidl_adapter: 3.1.6 (/opt/ros/humble/share/rosidl_adapter/cmake)
[0.206s] -- Found rosidl_generator_cpp: 3.1.6 (/opt/ros/humble/share/rosidl_generator_cpp/cmake)
[0.213s] -- Using all available rosidl_typesupport_c: rosidl_typesupport_fastrtps_c;rosidl_typesupport_introspection_c
[0.223s] -- Using all available rosidl_typesupport_cpp: rosidl_typesupport_fastrtps_cpp;rosidl_typesupport_introspection_cpp
[0.252s] -- Found tf2_ros: 0.25.12 (/opt/ros/humble/share/tf2_ros/cmake)
[0.294s] -- Found rmw_implementation_cmake: 6.1.2 (/opt/ros/humble/share/rmw_implementation_cmake/cmake)
[0.296s] -- Found rmw_fastrtps_cpp: 6.2.7 (/opt/ros/humble/share/rmw_fastrtps_cpp/cmake)
[0.421s] -- Using RMW implementation 'rmw_fastrtps_cpp' as default
[0.571s] -- Found tf2_geometry_msgs: 0.25.12 (/opt/ros/humble/share/tf2_geometry_msgs/cmake)
[0.574s] -- Found eigen3_cmake_module: 0.1.1 (/opt/ros/humble/share/eigen3_cmake_module/cmake)
[0.577s] -- Ensuring Eigen3 include directory is part of orocos-kdl CMake target
[0.580s] -- Found sensor_msgs: 4.8.0 (/opt/ros/humble/share/sensor_msgs/cmake)
[0.607s] -- Found my_robot_interfaces: 0.0.0 (/home/latih/ros2-tf-real-robot-project/install/my_robot_interfaces/share/my_robot_interfaces/cmake)
[0.725s] -- Configuring done
[0.743s] -- Generating done
[0.751s] -- Build files have been written to: /home/latih/ros2-tf-real-robot-project/build/ros2_tf_project
[0.808s] [35m[1mConsolidate compiler generated dependencies of target feature_detector[0m
[0.843s] [ 50%] [32mBuilding CXX object CMakeFiles/feature_detector.dir/src/feature_detector.cpp.o[0m
[4.137s] In file included from [01m[K/opt/ros/humble/include/rclcpp/rclcpp/logging.hpp:24[m[K,
[4.137s]                  from [01m[K/opt/ros/humble/include/rclcpp/rclcpp/client.hpp:40[m[K,
[4.137s]                  from [01m[K/opt/ros/humble/include/rclcpp/rclcpp/callback_group.hpp:24[m[K,
[4.138s]                  from [01m[K/opt/ros/humble/include/rclcpp/rclcpp/any_executable.hpp:20[m[K,
[4.138s]                  from [01m[K/opt/ros/humble/include/rclcpp/rclcpp/memory_strategy.hpp:25[m[K,
[4.138s]                  from [01m[K/opt/ros/humble/include/rclcpp/rclcpp/memory_strategies.hpp:18[m[K,
[4.138s]                  from [01m[K/opt/ros/humble/include/rclcpp/rclcpp/executor_options.hpp:20[m[K,
[4.138s]                  from [01m[K/opt/ros/humble/include/rclcpp/rclcpp/executor.hpp:37[m[K,
[4.138s]                  from [01m[K/opt/ros/humble/include/rclcpp/rclcpp/executors/multi_threaded_executor.hpp:25[m[K,
[4.138s]                  from [01m[K/opt/ros/humble/include/rclcpp/rclcpp/executors.hpp:21[m[K,
[4.138s]                  from [01m[K/opt/ros/humble/include/rclcpp/rclcpp/rclcpp.hpp:155[m[K,
[4.138s]                  from [01m[K/home/latih/ros2-tf-real-robot-project/ros2_ws/src/ros2_tf_project/src/feature_detector.cpp:1[m[K:
[4.138s] [01m[K/home/latih/ros2-tf-real-robot-project/ros2_ws/src/ros2_tf_project/src/feature_detector.cpp:[m[K In member function ‘[01m[Kint FeatureDetector::splitAndMerge(const std::vector<cv::Point_<float> >&, std::vector<std::vector<cv::Point_<float> > >&, float)[m[K’:
[4.138s] [01m[K/home/latih/ros2-tf-real-robot-project/ros2_ws/src/ros2_tf_project/src/feature_detector.cpp:111:41:[m[K [01;35m[Kwarning: [m[Kformat ‘[01m[K%d[m[K’ expects argument of type ‘[01m[Kint[m[K’, but argument 5 has type ‘[01m[Ksize_t[m[K’ {aka ‘[01m[Klong unsigned int[m[K’} [[01;35m[K]8;;https://gcc.gnu.org/onlinedocs/gcc/Warning-Options.html#index-Wformat=-Wformat=]8;;[m[K]
[4.138s]   111 | FO(this->get_logger(), [01;35m[K"index: %d"[m[K, [32m[Kindex[m[K);
[4.138s]       |                        [01;35m[K^~~~~~~~~~~[m[K  [32m[K~~~~~[m[K
[4.138s]       |                                     [32m[K|[m[K
[4.138s]       |                                     [32m[Ksize_t {aka long unsigned int}[m[K
[4.138s] 
[4.138s] [01m[K/home/latih/ros2-tf-real-robot-project/ros2_ws/src/ros2_tf_project/src/feature_detector.cpp:111:50:[m[K [01;36m[Knote: [m[Kformat string is defined here
[4.138s]   111 | get_logger(), "index: [01;36m[K%d[m[K", index);
[4.138s]       |                       [01;36m[K~^[m[K
[4.138s]       |                        [01;36m[K|[m[K
[4.138s]       |                        [01;36m[Kint[m[K
[4.138s]       |                       [32m[K%ld[m[K
[4.144s] [01m[K/home/latih/ros2-tf-real-robot-project/ros2_ws/src/ros2_tf_project/src/feature_detector.cpp:[m[K In member function ‘[01m[Kvoid FeatureDetector::handleFeatureDetection(std::shared_ptr<my_robot_interfaces::srv::FeatureDetection_Request_<std::allocator<void> > >, std::shared_ptr<my_robot_interfaces::srv::FeatureDetection_Response_<std::allocator<void> > >)[m[K’:
[4.144s] [01m[K/home/latih/ros2-tf-real-robot-project/ros2_ws/src/ros2_tf_project/src/feature_detector.cpp:147:17:[m[K [01;35m[Kwarning: [m[Kthis ‘[01m[Kif[m[K’ clause does not guard... [[01;35m[K]8;;https://gcc.gnu.org/onlinedocs/gcc/Warning-Options.html#index-Wmisleading-indentation-Wmisleading-indentation]8;;[m[K]
[4.144s]   147 |                 [01;35m[Kif[m[K (i < 0 || i >= static_cast<int>(scan->ranges.size()))
[4.144s]       |                 [01;35m[K^~[m[K
[4.144s] [01m[K/home/latih/ros2-tf-real-robot-project/ros2_ws/src/ros2_tf_project/src/feature_detector.cpp:149:21:[m[K [01;36m[Knote: [m[K...this statement, but the latter is misleadingly indented as if it were guarded by the ‘[01m[Kif[m[K’
[4.144s]   149 |                     [01;36m[Kfloat[m[K r = scan->ranges[i];
[4.144s]       |                     [01;36m[K^~~~~[m[K
[10.213s] [100%] [32m[1mLinking CXX executable feature_detector[0m
[11.122s] [100%] Built target feature_detector
[11.154s] Invoked command in '/home/latih/ros2-tf-real-robot-project/build/ros2_tf_project' returned '0': CMAKE_PREFIX_PATH=/home/latih/ros2-tf-real-robot-project/install/my_robot_interfaces:/home/latih/ros2-tf-real-robot-project/install/turtlebot3:/home/latih/ros2-tf-real-robot-project/install/turtlebot3_simulations:/home/latih/ros2-tf-real-robot-project/install/turtlebot3_navigation2:/home/latih/ros2-tf-real-robot-project/install/turtlebot3_msgs:/home/latih/ros2-tf-real-robot-project/install/turtlebot3_gazebo:/home/latih/ros2-tf-real-robot-project/install/turtlebot3_bringup:/home/latih/ros2-tf-real-robot-project/install/turtlebot3_description:/home/latih/ros2-tf-real-robot-project/install/turtlebot3_cartographer:/home/latih/ros2-tf-real-robot-project/install/tb3_burger_localization:/home/latih/ros2-tf-real-robot-project/install/tb3_burger_cartographer:/home/latih/ros2-tf-real-robot-project/install/ros2_tf_project:/home/latih/ros2-tf-real-robot-project/install/turtlebot3_teleop:/home/latih/ros2-tf-real-robot-project/install/turtlebot3_example:/opt/ros/humble LD_LIBRARY_PATH=/home/latih/ros2-tf-real-robot-project/install/my_robot_interfaces/lib:/home/latih/ros2-tf-real-robot-project/install/turtlebot3_msgs/lib:/usr/lib/x86_64-linux-gnu/gazebo-11/plugins:/opt/ros/humble/opt/rviz_ogre_vendor/lib:/opt/ros/humble/lib/x86_64-linux-gnu:/opt/ros/humble/lib /usr/bin/cmake --build /home/latih/ros2-tf-real-robot-project/build/ros2_tf_project -- -j16 -l16
[11.182s] Invoking command in '/home/latih/ros2-tf-real-robot-project/build/ros2_tf_project': CMAKE_PREFIX_PATH=/home/latih/ros2-tf-real-robot-project/install/my_robot_interfaces:/home/latih/ros2-tf-real-robot-project/install/turtlebot3:/home/latih/ros2-tf-real-robot-project/install/turtlebot3_simulations:/home/latih/ros2-tf-real-robot-project/install/turtlebot3_navigation2:/home/latih/ros2-tf-real-robot-project/install/turtlebot3_msgs:/home/latih/ros2-tf-real-robot-project/install/turtlebot3_gazebo:/home/latih/ros2-tf-real-robot-project/install/turtlebot3_bringup:/home/latih/ros2-tf-real-robot-project/install/turtlebot3_description:/home/latih/ros2-tf-real-robot-project/install/turtlebot3_cartographer:/home/latih/ros2-tf-real-robot-project/install/tb3_burger_localization:/home/latih/ros2-tf-real-robot-project/install/tb3_burger_cartographer:/home/latih/ros2-tf-real-robot-project/install/ros2_tf_project:/home/latih/ros2-tf-real-robot-project/install/turtlebot3_teleop:/home/latih/ros2-tf-real-robot-project/install/turtlebot3_example:/opt/ros/humble LD_LIBRARY_PATH=/home/latih/ros2-tf-real-robot-project/install/my_robot_interfaces/lib:/home/latih/ros2-tf-real-robot-project/install/turtlebot3_msgs/lib:/usr/lib/x86_64-linux-gnu/gazebo-11/plugins:/opt/ros/humble/opt/rviz_ogre_vendor/lib:/opt/ros/humble/lib/x86_64-linux-gnu:/opt/ros/humble/lib /usr/bin/cmake --install /home/latih/ros2-tf-real-robot-project/build/ros2_tf_project
[11.205s] -- Install configuration: ""
[11.205s] -- Installing: /home/latih/ros2-tf-real-robot-project/install/ros2_tf_project/lib/ros2_tf_project/feature_detector
[11.216s] -- Set runtime path of "/home/latih/ros2-tf-real-robot-project/install/ros2_tf_project/lib/ros2_tf_project/feature_detector" to ""
[11.216s] -- Up-to-date: /home/latih/ros2-tf-real-robot-project/install/ros2_tf_project/share/ros2_tf_project//frames
[11.217s] -- Up-to-date: /home/latih/ros2-tf-real-robot-project/install/ros2_tf_project/share/ros2_tf_project//frames/static_frames_sim.yaml
[11.218s] -- Up-to-date: /home/latih/ros2-tf-real-robot-project/install/ros2_tf_project/share/ros2_tf_project//launch
[11.218s] -- Up-to-date: /home/latih/ros2-tf-real-robot-project/install/ros2_tf_project/share/ros2_tf_project//launch/feature_detection_service_server.launch.py
[11.219s] -- Up-to-date: /home/latih/ros2-tf-real-robot-project/install/ros2_tf_project/share/ros2_tf_project//rviz
[11.219s] -- Up-to-date: /home/latih/ros2-tf-real-robot-project/install/ros2_tf_project/share/ros2_tf_project//rviz/tb3_burger.rviz.rviz
[11.219s] -- Up-to-date: /home/latih/ros2-tf-real-robot-project/install/ros2_tf_project/share/ament_index/resource_index/package_run_dependencies/ros2_tf_project
[11.220s] -- Up-to-date: /home/latih/ros2-tf-real-robot-project/install/ros2_tf_project/share/ament_index/resource_index/parent_prefix_path/ros2_tf_project
[11.220s] -- Up-to-date: /home/latih/ros2-tf-real-robot-project/install/ros2_tf_project/share/ros2_tf_project/environment/ament_prefix_path.sh
[11.220s] -- Installing: /home/latih/ros2-tf-real-robot-project/install/ros2_tf_project/share/ros2_tf_project/environment/ament_prefix_path.dsv
[11.220s] -- Up-to-date: /home/latih/ros2-tf-real-robot-project/install/ros2_tf_project/share/ros2_tf_project/environment/path.sh
[11.220s] -- Installing: /home/latih/ros2-tf-real-robot-project/install/ros2_tf_project/share/ros2_tf_project/environment/path.dsv
[11.221s] -- Up-to-date: /home/latih/ros2-tf-real-robot-project/install/ros2_tf_project/share/ros2_tf_project/local_setup.bash
[11.221s] -- Up-to-date: /home/latih/ros2-tf-real-robot-project/install/ros2_tf_project/share/ros2_tf_project/local_setup.sh
[11.221s] -- Up-to-date: /home/latih/ros2-tf-real-robot-project/install/ros2_tf_project/share/ros2_tf_project/local_setup.zsh
[11.221s] -- Installing: /home/latih/ros2-tf-real-robot-project/install/ros2_tf_project/share/ros2_tf_project/local_setup.dsv
[11.221s] -- Installing: /home/latih/ros2-tf-real-robot-project/install/ros2_tf_project/share/ros2_tf_project/package.dsv
[11.222s] -- Up-to-date: /home/latih/ros2-tf-real-robot-project/install/ros2_tf_project/share/ament_index/resource_index/packages/ros2_tf_project
[11.222s] -- Up-to-date: /home/latih/ros2-tf-real-robot-project/install/ros2_tf_project/share/ros2_tf_project/cmake/ros2_tf_projectConfig.cmake
[11.222s] -- Up-to-date: /home/latih/ros2-tf-real-robot-project/install/ros2_tf_project/share/ros2_tf_project/cmake/ros2_tf_projectConfig-version.cmake
[11.222s] -- Up-to-date: /home/latih/ros2-tf-real-robot-project/install/ros2_tf_project/share/ros2_tf_project/package.xml
[11.226s] Invoked command in '/home/latih/ros2-tf-real-robot-project/build/ros2_tf_project' returned '0': CMAKE_PREFIX_PATH=/home/latih/ros2-tf-real-robot-project/install/my_robot_interfaces:/home/latih/ros2-tf-real-robot-project/install/turtlebot3:/home/latih/ros2-tf-real-robot-project/install/turtlebot3_simulations:/home/latih/ros2-tf-real-robot-project/install/turtlebot3_navigation2:/home/latih/ros2-tf-real-robot-project/install/turtlebot3_msgs:/home/latih/ros2-tf-real-robot-project/install/turtlebot3_gazebo:/home/latih/ros2-tf-real-robot-project/install/turtlebot3_bringup:/home/latih/ros2-tf-real-robot-project/install/turtlebot3_description:/home/latih/ros2-tf-real-robot-project/install/turtlebot3_cartographer:/home/latih/ros2-tf-real-robot-project/install/tb3_burger_localization:/home/latih/ros2-tf-real-robot-project/install/tb3_burger_cartographer:/home/latih/ros2-tf-real-robot-project/install/ros2_tf_project:/home/latih/ros2-tf-real-robot-project/install/turtlebot3_teleop:/home/latih/ros2-tf-real-robot-project/install/turtlebot3_example:/opt/ros/humble LD_LIBRARY_PATH=/home/latih/ros2-tf-real-robot-project/install/my_robot_interfaces/lib:/home/latih/ros2-tf-real-robot-project/install/turtlebot3_msgs/lib:/usr/lib/x86_64-linux-gnu/gazebo-11/plugins:/opt/ros/humble/opt/rviz_ogre_vendor/lib:/opt/ros/humble/lib/x86_64-linux-gnu:/opt/ros/humble/lib /usr/bin/cmake --install /home/latih/ros2-tf-real-robot-project/build/ros2_tf_project
