[0.024s] Invoking command in '/home/latih/ros2-tf-real-robot-project/build/turtlebot3_msgs': CMAKE_PREFIX_PATH=/opt/ros/humble /usr/bin/cmake /home/latih/ros2-tf-real-robot-project/simulation_ws/src/turtlebot3_msgs -DCMAKE_INSTALL_PREFIX=/home/latih/ros2-tf-real-robot-project/install/turtlebot3_msgs
[0.216s] -- The C compiler identification is GNU 11.4.0
[0.216s] -- The CXX compiler identification is GNU 11.4.0
[0.216s] -- Detecting C compiler ABI info
[0.216s] -- Detecting C compiler ABI info - done
[0.216s] -- Check for working C compiler: /usr/bin/cc - skipped
[0.216s] -- Detecting C compile features
[0.216s] -- Detecting C compile features - done
[0.216s] -- Detecting CXX compiler ABI info
[0.260s] -- Detecting CXX compiler ABI info - done
[0.269s] -- Check for working CXX compiler: /usr/bin/c++ - skipped
[0.269s] -- Detecting CXX compile features
[0.270s] -- Detecting CXX compile features - done
[0.272s] -- Found action_msgs: 1.2.1 (/opt/ros/humble/share/action_msgs/cmake)
[0.383s] -- Found Python3: /usr/bin/python3 (found version "3.10.12") found components: Interpreter 
[0.477s] -- Found rosidl_generator_c: 3.1.6 (/opt/ros/humble/share/rosidl_generator_c/cmake)
[0.480s] -- Found rosidl_adapter: 3.1.6 (/opt/ros/humble/share/rosidl_adapter/cmake)
[0.487s] -- Found rosidl_generator_cpp: 3.1.6 (/opt/ros/humble/share/rosidl_generator_cpp/cmake)
[0.504s] -- Using all available rosidl_typesupport_c: rosidl_typesupport_fastrtps_c;rosidl_typesupport_introspection_c
[0.521s] -- Using all available rosidl_typesupport_cpp: rosidl_typesupport_fastrtps_cpp;rosidl_typesupport_introspection_cpp
[0.559s] -- Found rosidl_default_generators: 1.2.0 (/opt/ros/humble/share/rosidl_default_generators/cmake)
[0.570s] -- Found std_msgs: 4.8.0 (/opt/ros/humble/share/std_msgs/cmake)
[0.798s] -- Found ament_cmake_cppcheck: 0.12.12 (/opt/ros/humble/share/ament_cmake_cppcheck/cmake)
[0.800s] -- Found ament_cmake_cpplint: 0.12.12 (/opt/ros/humble/share/ament_cmake_cpplint/cmake)
[0.801s] -- Found ament_cmake_uncrustify: 0.12.12 (/opt/ros/humble/share/ament_cmake_uncrustify/cmake)
[0.803s] -- Found ament_cmake_ros: 0.10.0 (/opt/ros/humble/share/ament_cmake_ros/cmake)
[1.082s] -- Using all available rosidl_typesupport_c: rosidl_typesupport_fastrtps_c;rosidl_typesupport_introspection_c
[1.182s] -- Using all available rosidl_typesupport_cpp: rosidl_typesupport_fastrtps_cpp;rosidl_typesupport_introspection_cpp
[1.198s] -- Found PythonInterp: /usr/bin/python3 (found suitable version "3.10.12", minimum required is "3.6") 
[1.199s] -- Found python_cmake_module: 0.10.0 (/opt/ros/humble/share/python_cmake_module/cmake)
[1.217s] -- Found PythonLibs: /usr/lib/x86_64-linux-gnu/libpython3.10.so (found suitable version "3.10.12", minimum required is "3.5") 
[1.217s] -- Using PYTHON_EXECUTABLE: /usr/bin/python3
[1.217s] -- Using PYTHON_INCLUDE_DIRS: /usr/include/python3.10
[1.217s] -- Using PYTHON_LIBRARIES: /usr/lib/x86_64-linux-gnu/libpython3.10.so
[1.232s] -- Found PythonExtra: .so  
[1.264s] -- Found ament_cmake_flake8: 0.12.12 (/opt/ros/humble/share/ament_cmake_flake8/cmake)
[1.266s] -- Found ament_cmake_pep257: 0.12.12 (/opt/ros/humble/share/ament_cmake_pep257/cmake)
[1.269s] -- Configuring done
[1.295s] -- Generating done
[1.304s] -- Build files have been written to: /home/latih/ros2-tf-real-robot-project/build/turtlebot3_msgs
[1.310s] Invoked command in '/home/latih/ros2-tf-real-robot-project/build/turtlebot3_msgs' returned '0': CMAKE_PREFIX_PATH=/opt/ros/humble /usr/bin/cmake /home/latih/ros2-tf-real-robot-project/simulation_ws/src/turtlebot3_msgs -DCMAKE_INSTALL_PREFIX=/home/latih/ros2-tf-real-robot-project/install/turtlebot3_msgs
[1.311s] Invoking command in '/home/latih/ros2-tf-real-robot-project/build/turtlebot3_msgs': CMAKE_PREFIX_PATH=/opt/ros/humble /usr/bin/cmake --build /home/latih/ros2-tf-real-robot-project/build/turtlebot3_msgs -- -j16 -l16
[1.339s] [  1%] [34m[1mGenerating C code for ROS interfaces[0m
[1.343s] [  2%] [34m[1mGenerating C++ code for ROS interfaces[0m
[1.351s] [  2%] Built target ament_cmake_python_copy_turtlebot3_msgs
[1.500s] running egg_info
[1.501s] creating turtlebot3_msgs.egg-info
[1.501s] writing turtlebot3_msgs.egg-info/PKG-INFO
[1.501s] writing dependency_links to turtlebot3_msgs.egg-info/dependency_links.txt
[1.501s] writing top-level names to turtlebot3_msgs.egg-info/top_level.txt
[1.501s] writing manifest file 'turtlebot3_msgs.egg-info/SOURCES.txt'
[1.502s] reading manifest file 'turtlebot3_msgs.egg-info/SOURCES.txt'
[1.503s] writing manifest file 'turtlebot3_msgs.egg-info/SOURCES.txt'
[1.522s] [  2%] Built target ament_cmake_python_build_turtlebot3_msgs_egg
[1.981s] [  4%] [32mBuilding C object CMakeFiles/turtlebot3_msgs__rosidl_generator_c.dir/rosidl_generator_c/turtlebot3_msgs/srv/detail/dqn__functions.c.o[0m
[1.981s] [  7%] [32mBuilding C object CMakeFiles/turtlebot3_msgs__rosidl_generator_c.dir/rosidl_generator_c/turtlebot3_msgs/srv/detail/sound__functions.c.o[0m
[1.981s] [  7%] [32mBuilding C object CMakeFiles/turtlebot3_msgs__rosidl_generator_c.dir/rosidl_generator_c/turtlebot3_msgs/msg/detail/version_info__functions.c.o[0m
[1.981s] [  8%] [32mBuilding C object CMakeFiles/turtlebot3_msgs__rosidl_generator_c.dir/rosidl_generator_c/turtlebot3_msgs/msg/detail/sound__functions.c.o[0m
[1.982s] [  9%] [32mBuilding C object CMakeFiles/turtlebot3_msgs__rosidl_generator_c.dir/rosidl_generator_c/turtlebot3_msgs/msg/detail/sensor_state__functions.c.o[0m
[1.982s] [ 11%] [32mBuilding C object CMakeFiles/turtlebot3_msgs__rosidl_generator_c.dir/rosidl_generator_c/turtlebot3_msgs/action/detail/patrol__functions.c.o[0m
[2.090s] [ 12%] [32m[1mLinking C shared library libturtlebot3_msgs__rosidl_generator_c.so[0m
[2.110s] [ 12%] Built target turtlebot3_msgs__cpp
[2.117s] [ 14%] [34m[1mGenerating C++ type support dispatch for ROS interfaces[0m
[2.121s] [ 16%] [34m[1mGenerating C++ introspection for ROS interfaces[0m
[2.121s] [ 16%] [34m[1mGenerating C++ type support for eProsima Fast-RTPS[0m
[2.122s] [ 16%] Built target turtlebot3_msgs__rosidl_generator_c
[2.132s] [ 19%] [34m[1mGenerating C type support for eProsima Fast-RTPS[0m
[2.132s] [ 19%] [34m[1mGenerating C introspection for ROS interfaces[0m
[2.132s] [ 21%] [34m[1mGenerating C type support dispatch for ROS interfaces[0m
[2.681s] [ 22%] [32mBuilding C object CMakeFiles/turtlebot3_msgs__rosidl_typesupport_introspection_c.dir/rosidl_typesupport_introspection_c/turtlebot3_msgs/msg/detail/sensor_state__type_support.c.o[0m
[2.681s] [ 23%] [32mBuilding C object CMakeFiles/turtlebot3_msgs__rosidl_typesupport_introspection_c.dir/rosidl_typesupport_introspection_c/turtlebot3_msgs/msg/detail/sound__type_support.c.o[0m
[2.682s] [ 26%] [32mBuilding C object CMakeFiles/turtlebot3_msgs__rosidl_typesupport_introspection_c.dir/rosidl_typesupport_introspection_c/turtlebot3_msgs/action/detail/patrol__type_support.c.o[0m
[2.685s] [ 26%] [32mBuilding C object CMakeFiles/turtlebot3_msgs__rosidl_typesupport_introspection_c.dir/rosidl_typesupport_introspection_c/turtlebot3_msgs/msg/detail/version_info__type_support.c.o[0m
[2.685s] [ 28%] [32mBuilding C object CMakeFiles/turtlebot3_msgs__rosidl_typesupport_introspection_c.dir/rosidl_typesupport_introspection_c/turtlebot3_msgs/srv/detail/sound__type_support.c.o[0m
[2.685s] [ 29%] [32mBuilding C object CMakeFiles/turtlebot3_msgs__rosidl_typesupport_introspection_c.dir/rosidl_typesupport_introspection_c/turtlebot3_msgs/srv/detail/dqn__type_support.c.o[0m
[2.693s] [ 30%] [32mBuilding CXX object CMakeFiles/turtlebot3_msgs__rosidl_typesupport_introspection_cpp.dir/rosidl_typesupport_introspection_cpp/turtlebot3_msgs/msg/detail/sensor_state__type_support.cpp.o[0m
[2.693s] [ 32%] [32mBuilding CXX object CMakeFiles/turtlebot3_msgs__rosidl_typesupport_introspection_cpp.dir/rosidl_typesupport_introspection_cpp/turtlebot3_msgs/msg/detail/sound__type_support.cpp.o[0m
[2.693s] [ 33%] [32mBuilding CXX object CMakeFiles/turtlebot3_msgs__rosidl_typesupport_introspection_cpp.dir/rosidl_typesupport_introspection_cpp/turtlebot3_msgs/msg/detail/version_info__type_support.cpp.o[0m
[2.693s] [ 35%] [32mBuilding CXX object CMakeFiles/turtlebot3_msgs__rosidl_typesupport_introspection_cpp.dir/rosidl_typesupport_introspection_cpp/turtlebot3_msgs/srv/detail/sound__type_support.cpp.o[0m
[2.697s] [ 36%] [32mBuilding CXX object CMakeFiles/turtlebot3_msgs__rosidl_typesupport_introspection_cpp.dir/rosidl_typesupport_introspection_cpp/turtlebot3_msgs/action/detail/patrol__type_support.cpp.o[0m
[2.700s] [ 38%] [32mBuilding CXX object CMakeFiles/turtlebot3_msgs__rosidl_typesupport_introspection_cpp.dir/rosidl_typesupport_introspection_cpp/turtlebot3_msgs/srv/detail/dqn__type_support.cpp.o[0m
[2.720s] [ 39%] [32mBuilding CXX object CMakeFiles/turtlebot3_msgs__rosidl_typesupport_fastrtps_c.dir/rosidl_typesupport_fastrtps_c/turtlebot3_msgs/msg/detail/sensor_state__type_support_c.cpp.o[0m
[2.725s] [ 40%] [32mBuilding CXX object CMakeFiles/turtlebot3_msgs__rosidl_typesupport_fastrtps_c.dir/rosidl_typesupport_fastrtps_c/turtlebot3_msgs/msg/detail/version_info__type_support_c.cpp.o[0m
[2.728s] [ 42%] [32mBuilding CXX object CMakeFiles/turtlebot3_msgs__rosidl_typesupport_fastrtps_c.dir/rosidl_typesupport_fastrtps_c/turtlebot3_msgs/msg/detail/sound__type_support_c.cpp.o[0m
[2.734s] [ 43%] [32mBuilding CXX object CMakeFiles/turtlebot3_msgs__rosidl_typesupport_fastrtps_c.dir/rosidl_typesupport_fastrtps_c/turtlebot3_msgs/srv/detail/sound__type_support_c.cpp.o[0m
[2.735s] [ 46%] [32mBuilding CXX object CMakeFiles/turtlebot3_msgs__rosidl_typesupport_fastrtps_c.dir/rosidl_typesupport_fastrtps_c/turtlebot3_msgs/srv/detail/dqn__type_support_c.cpp.o[0m
[2.736s] [ 45%] [32mBuilding CXX object CMakeFiles/turtlebot3_msgs__rosidl_typesupport_fastrtps_c.dir/rosidl_typesupport_fastrtps_c/turtlebot3_msgs/action/detail/patrol__type_support_c.cpp.o[0m
[2.767s] [ 47%] [32m[1mLinking C shared library libturtlebot3_msgs__rosidl_typesupport_introspection_c.so[0m
[2.769s] [ 49%] [32mBuilding CXX object CMakeFiles/turtlebot3_msgs__rosidl_typesupport_cpp.dir/rosidl_typesupport_cpp/turtlebot3_msgs/msg/sensor_state__type_support.cpp.o[0m
[2.848s] [ 49%] Built target turtlebot3_msgs__rosidl_typesupport_introspection_c
[2.871s] [ 50%] [32mBuilding CXX object CMakeFiles/turtlebot3_msgs__rosidl_typesupport_cpp.dir/rosidl_typesupport_cpp/turtlebot3_msgs/msg/sound__type_support.cpp.o[0m
[3.071s] [ 52%] [32mBuilding CXX object CMakeFiles/turtlebot3_msgs__rosidl_typesupport_c.dir/rosidl_typesupport_c/turtlebot3_msgs/msg/sensor_state__type_support.cpp.o[0m
[3.127s] [ 53%] [32mBuilding CXX object CMakeFiles/turtlebot3_msgs__rosidl_typesupport_cpp.dir/rosidl_typesupport_cpp/turtlebot3_msgs/msg/version_info__type_support.cpp.o[0m
[3.135s] [ 54%] [32mBuilding CXX object CMakeFiles/turtlebot3_msgs__rosidl_typesupport_c.dir/rosidl_typesupport_c/turtlebot3_msgs/msg/sound__type_support.cpp.o[0m
[3.147s] [ 56%] [32mBuilding CXX object CMakeFiles/turtlebot3_msgs__rosidl_typesupport_cpp.dir/rosidl_typesupport_cpp/turtlebot3_msgs/srv/sound__type_support.cpp.o[0m
[3.164s] [ 57%] [32mBuilding CXX object CMakeFiles/turtlebot3_msgs__rosidl_typesupport_c.dir/rosidl_typesupport_c/turtlebot3_msgs/msg/version_info__type_support.cpp.o[0m
[3.182s] [ 59%] [32mBuilding CXX object CMakeFiles/turtlebot3_msgs__rosidl_typesupport_cpp.dir/rosidl_typesupport_cpp/turtlebot3_msgs/srv/dqn__type_support.cpp.o[0m
[3.184s] [ 60%] [32mBuilding CXX object CMakeFiles/turtlebot3_msgs__rosidl_typesupport_c.dir/rosidl_typesupport_c/turtlebot3_msgs/srv/sound__type_support.cpp.o[0m
[3.198s] [ 61%] [32mBuilding CXX object CMakeFiles/turtlebot3_msgs__rosidl_typesupport_cpp.dir/rosidl_typesupport_cpp/turtlebot3_msgs/action/patrol__type_support.cpp.o[0m
[3.208s] [ 63%] [32mBuilding CXX object CMakeFiles/turtlebot3_msgs__rosidl_typesupport_c.dir/rosidl_typesupport_c/turtlebot3_msgs/srv/dqn__type_support.cpp.o[0m
[3.218s] [ 64%] [32mBuilding CXX object CMakeFiles/turtlebot3_msgs__rosidl_typesupport_c.dir/rosidl_typesupport_c/turtlebot3_msgs/action/patrol__type_support.cpp.o[0m
[3.281s] [ 66%] [32m[1mLinking CXX shared library libturtlebot3_msgs__rosidl_typesupport_c.so[0m
[3.293s] [ 69%] [32mBuilding CXX object CMakeFiles/turtlebot3_msgs__rosidl_typesupport_fastrtps_cpp.dir/rosidl_typesupport_fastrtps_cpp/turtlebot3_msgs/msg/detail/dds_fastrtps/sound__type_support.cpp.o[0m
[3.293s] [ 67%] [32mBuilding CXX object CMakeFiles/turtlebot3_msgs__rosidl_typesupport_fastrtps_cpp.dir/rosidl_typesupport_fastrtps_cpp/turtlebot3_msgs/msg/detail/dds_fastrtps/version_info__type_support.cpp.o[0m
[3.295s] [ 71%] [32mBuilding CXX object CMakeFiles/turtlebot3_msgs__rosidl_typesupport_fastrtps_cpp.dir/rosidl_typesupport_fastrtps_cpp/turtlebot3_msgs/srv/detail/dds_fastrtps/sound__type_support.cpp.o[0m
[3.295s] [ 71%] [32mBuilding CXX object CMakeFiles/turtlebot3_msgs__rosidl_typesupport_fastrtps_cpp.dir/rosidl_typesupport_fastrtps_cpp/turtlebot3_msgs/msg/detail/dds_fastrtps/sensor_state__type_support.cpp.o[0m
[3.296s] [ 73%] [32mBuilding CXX object CMakeFiles/turtlebot3_msgs__rosidl_typesupport_fastrtps_cpp.dir/rosidl_typesupport_fastrtps_cpp/turtlebot3_msgs/srv/detail/dds_fastrtps/dqn__type_support.cpp.o[0m
[3.299s] [ 74%] [32mBuilding CXX object CMakeFiles/turtlebot3_msgs__rosidl_typesupport_fastrtps_cpp.dir/rosidl_typesupport_fastrtps_cpp/turtlebot3_msgs/action/detail/dds_fastrtps/patrol__type_support.cpp.o[0m
[3.350s] [ 74%] Built target turtlebot3_msgs__rosidl_typesupport_c
[3.452s] [ 76%] [32m[1mLinking CXX shared library libturtlebot3_msgs__rosidl_typesupport_fastrtps_c.so[0m
[3.551s] [ 76%] Built target turtlebot3_msgs__rosidl_typesupport_fastrtps_c
[3.580s] [ 77%] [32m[1mLinking CXX shared library libturtlebot3_msgs__rosidl_typesupport_introspection_cpp.so[0m
[3.684s] [ 78%] [32m[1mLinking CXX shared library libturtlebot3_msgs__rosidl_typesupport_cpp.so[0m
[3.684s] [ 78%] Built target turtlebot3_msgs__rosidl_typesupport_introspection_cpp
[3.713s] [ 78%] Built target turtlebot3_msgs__rosidl_typesupport_cpp
[3.824s] [ 80%] [32m[1mLinking CXX shared library libturtlebot3_msgs__rosidl_typesupport_fastrtps_cpp.so[0m
[3.878s] [ 80%] Built target turtlebot3_msgs__rosidl_typesupport_fastrtps_cpp
[3.898s] [ 80%] Built target turtlebot3_msgs
[3.917s] [ 81%] [34m[1mGenerating Python code for ROS interfaces[0m
[4.947s] [ 81%] Built target turtlebot3_msgs__py
[4.963s] [ 83%] [32mBuilding C object CMakeFiles/turtlebot3_msgs__rosidl_generator_py.dir/rosidl_generator_py/turtlebot3_msgs/msg/_sound_s.c.o[0m
[4.964s] [ 84%] [32mBuilding C object CMakeFiles/turtlebot3_msgs__rosidl_generator_py.dir/rosidl_generator_py/turtlebot3_msgs/msg/_sensor_state_s.c.o[0m
[4.964s] [ 85%] [32mBuilding C object CMakeFiles/turtlebot3_msgs__rosidl_generator_py.dir/rosidl_generator_py/turtlebot3_msgs/msg/_version_info_s.c.o[0m
[4.965s] [ 87%] [32mBuilding C object CMakeFiles/turtlebot3_msgs__rosidl_generator_py.dir/rosidl_generator_py/turtlebot3_msgs/srv/_dqn_s.c.o[0m
[4.966s] [ 88%] [32mBuilding C object CMakeFiles/turtlebot3_msgs__rosidl_generator_py.dir/rosidl_generator_py/turtlebot3_msgs/srv/_sound_s.c.o[0m
[4.966s] [ 90%] [32mBuilding C object CMakeFiles/turtlebot3_msgs__rosidl_generator_py.dir/rosidl_generator_py/turtlebot3_msgs/action/_patrol_s.c.o[0m
[5.079s] [ 91%] [32m[1mLinking C shared library rosidl_generator_py/turtlebot3_msgs/libturtlebot3_msgs__rosidl_generator_py.so[0m
[5.122s] [ 91%] Built target turtlebot3_msgs__rosidl_generator_py
[5.138s] [ 92%] [32mBuilding C object CMakeFiles/turtlebot3_msgs__rosidl_typesupport_c__pyext.dir/rosidl_generator_py/turtlebot3_msgs/_turtlebot3_msgs_s.ep.rosidl_typesupport_c.c.o[0m
[5.139s] [ 94%] [32mBuilding C object CMakeFiles/turtlebot3_msgs__rosidl_typesupport_introspection_c__pyext.dir/rosidl_generator_py/turtlebot3_msgs/_turtlebot3_msgs_s.ep.rosidl_typesupport_introspection_c.c.o[0m
[5.143s] [ 95%] [32mBuilding C object CMakeFiles/turtlebot3_msgs__rosidl_typesupport_fastrtps_c__pyext.dir/rosidl_generator_py/turtlebot3_msgs/_turtlebot3_msgs_s.ep.rosidl_typesupport_fastrtps_c.c.o[0m
[5.228s] [ 97%] [32m[1mLinking C shared library rosidl_generator_py/turtlebot3_msgs/turtlebot3_msgs_s__rosidl_typesupport_introspection_c.cpython-310-x86_64-linux-gnu.so[0m
[5.259s] [ 98%] [32m[1mLinking C shared library rosidl_generator_py/turtlebot3_msgs/turtlebot3_msgs_s__rosidl_typesupport_fastrtps_c.cpython-310-x86_64-linux-gnu.so[0m
[5.261s] [ 98%] Built target turtlebot3_msgs__rosidl_typesupport_introspection_c__pyext
[5.268s] [100%] [32m[1mLinking C shared library rosidl_generator_py/turtlebot3_msgs/turtlebot3_msgs_s__rosidl_typesupport_c.cpython-310-x86_64-linux-gnu.so[0m
[5.287s] [100%] Built target turtlebot3_msgs__rosidl_typesupport_fastrtps_c__pyext
[5.301s] [100%] Built target turtlebot3_msgs__rosidl_typesupport_c__pyext
[5.311s] Invoked command in '/home/latih/ros2-tf-real-robot-project/build/turtlebot3_msgs' returned '0': CMAKE_PREFIX_PATH=/opt/ros/humble /usr/bin/cmake --build /home/latih/ros2-tf-real-robot-project/build/turtlebot3_msgs -- -j16 -l16
[5.313s] Invoking command in '/home/latih/ros2-tf-real-robot-project/build/turtlebot3_msgs': CMAKE_PREFIX_PATH=/opt/ros/humble /usr/bin/cmake --install /home/latih/ros2-tf-real-robot-project/build/turtlebot3_msgs
[5.322s] -- Install configuration: ""
[5.322s] -- Installing: /home/latih/ros2-tf-real-robot-project/install/turtlebot3_msgs/share/ament_index/resource_index/rosidl_interfaces/turtlebot3_msgs
[5.322s] -- Installing: /home/latih/ros2-tf-real-robot-project/install/turtlebot3_msgs/include/turtlebot3_msgs/turtlebot3_msgs
[5.322s] -- Installing: /home/latih/ros2-tf-real-robot-project/install/turtlebot3_msgs/include/turtlebot3_msgs/turtlebot3_msgs/msg
[5.322s] -- Installing: /home/latih/ros2-tf-real-robot-project/install/turtlebot3_msgs/include/turtlebot3_msgs/turtlebot3_msgs/msg/detail
[5.322s] -- Installing: /home/latih/ros2-tf-real-robot-project/install/turtlebot3_msgs/include/turtlebot3_msgs/turtlebot3_msgs/msg/detail/sensor_state__functions.c
[5.323s] -- Installing: /home/latih/ros2-tf-real-robot-project/install/turtlebot3_msgs/include/turtlebot3_msgs/turtlebot3_msgs/msg/detail/sound__functions.h
[5.323s] -- Installing: /home/latih/ros2-tf-real-robot-project/install/turtlebot3_msgs/include/turtlebot3_msgs/turtlebot3_msgs/msg/detail/version_info__type_support.h
[5.323s] -- Installing: /home/latih/ros2-tf-real-robot-project/install/turtlebot3_msgs/include/turtlebot3_msgs/turtlebot3_msgs/msg/detail/sensor_state__functions.h
[5.323s] -- Installing: /home/latih/ros2-tf-real-robot-project/install/turtlebot3_msgs/include/turtlebot3_msgs/turtlebot3_msgs/msg/detail/version_info__functions.h
[5.323s] -- Installing: /home/latih/ros2-tf-real-robot-project/install/turtlebot3_msgs/include/turtlebot3_msgs/turtlebot3_msgs/msg/detail/sound__type_support.h
[5.323s] -- Installing: /home/latih/ros2-tf-real-robot-project/install/turtlebot3_msgs/include/turtlebot3_msgs/turtlebot3_msgs/msg/detail/sensor_state__type_support.h
[5.323s] -- Installing: /home/latih/ros2-tf-real-robot-project/install/turtlebot3_msgs/include/turtlebot3_msgs/turtlebot3_msgs/msg/detail/sensor_state__struct.h
[5.323s] -- Installing: /home/latih/ros2-tf-real-robot-project/install/turtlebot3_msgs/include/turtlebot3_msgs/turtlebot3_msgs/msg/detail/sound__struct.h
[5.323s] -- Installing: /home/latih/ros2-tf-real-robot-project/install/turtlebot3_msgs/include/turtlebot3_msgs/turtlebot3_msgs/msg/detail/version_info__functions.c
[5.324s] -- Installing: /home/latih/ros2-tf-real-robot-project/install/turtlebot3_msgs/include/turtlebot3_msgs/turtlebot3_msgs/msg/detail/sound__functions.c
[5.324s] -- Installing: /home/latih/ros2-tf-real-robot-project/install/turtlebot3_msgs/include/turtlebot3_msgs/turtlebot3_msgs/msg/detail/version_info__struct.h
[5.324s] -- Installing: /home/latih/ros2-tf-real-robot-project/install/turtlebot3_msgs/include/turtlebot3_msgs/turtlebot3_msgs/msg/version_info.h
[5.324s] -- Installing: /home/latih/ros2-tf-real-robot-project/install/turtlebot3_msgs/include/turtlebot3_msgs/turtlebot3_msgs/msg/rosidl_generator_c__visibility_control.h
[5.324s] -- Installing: /home/latih/ros2-tf-real-robot-project/install/turtlebot3_msgs/include/turtlebot3_msgs/turtlebot3_msgs/msg/sound.h
[5.324s] -- Installing: /home/latih/ros2-tf-real-robot-project/install/turtlebot3_msgs/include/turtlebot3_msgs/turtlebot3_msgs/msg/sensor_state.h
[5.324s] -- Installing: /home/latih/ros2-tf-real-robot-project/install/turtlebot3_msgs/include/turtlebot3_msgs/turtlebot3_msgs/srv
[5.324s] -- Installing: /home/latih/ros2-tf-real-robot-project/install/turtlebot3_msgs/include/turtlebot3_msgs/turtlebot3_msgs/srv/dqn.h
[5.324s] -- Installing: /home/latih/ros2-tf-real-robot-project/install/turtlebot3_msgs/include/turtlebot3_msgs/turtlebot3_msgs/srv/detail
[5.324s] -- Installing: /home/latih/ros2-tf-real-robot-project/install/turtlebot3_msgs/include/turtlebot3_msgs/turtlebot3_msgs/srv/detail/dqn__functions.h
[5.325s] -- Installing: /home/latih/ros2-tf-real-robot-project/install/turtlebot3_msgs/include/turtlebot3_msgs/turtlebot3_msgs/srv/detail/sound__functions.h
[5.325s] -- Installing: /home/latih/ros2-tf-real-robot-project/install/turtlebot3_msgs/include/turtlebot3_msgs/turtlebot3_msgs/srv/detail/dqn__functions.c
[5.325s] -- Installing: /home/latih/ros2-tf-real-robot-project/install/turtlebot3_msgs/include/turtlebot3_msgs/turtlebot3_msgs/srv/detail/dqn__struct.h
[5.325s] -- Installing: /home/latih/ros2-tf-real-robot-project/install/turtlebot3_msgs/include/turtlebot3_msgs/turtlebot3_msgs/srv/detail/sound__type_support.h
[5.325s] -- Installing: /home/latih/ros2-tf-real-robot-project/install/turtlebot3_msgs/include/turtlebot3_msgs/turtlebot3_msgs/srv/detail/sound__struct.h
[5.325s] -- Installing: /home/latih/ros2-tf-real-robot-project/install/turtlebot3_msgs/include/turtlebot3_msgs/turtlebot3_msgs/srv/detail/dqn__type_support.h
[5.325s] -- Installing: /home/latih/ros2-tf-real-robot-project/install/turtlebot3_msgs/include/turtlebot3_msgs/turtlebot3_msgs/srv/detail/sound__functions.c
[5.325s] -- Installing: /home/latih/ros2-tf-real-robot-project/install/turtlebot3_msgs/include/turtlebot3_msgs/turtlebot3_msgs/srv/sound.h
[5.325s] -- Installing: /home/latih/ros2-tf-real-robot-project/install/turtlebot3_msgs/include/turtlebot3_msgs/turtlebot3_msgs/action
[5.325s] -- Installing: /home/latih/ros2-tf-real-robot-project/install/turtlebot3_msgs/include/turtlebot3_msgs/turtlebot3_msgs/action/detail
[5.326s] -- Installing: /home/latih/ros2-tf-real-robot-project/install/turtlebot3_msgs/include/turtlebot3_msgs/turtlebot3_msgs/action/detail/patrol__type_support.h
[5.326s] -- Installing: /home/latih/ros2-tf-real-robot-project/install/turtlebot3_msgs/include/turtlebot3_msgs/turtlebot3_msgs/action/detail/patrol__functions.c
[5.326s] -- Installing: /home/latih/ros2-tf-real-robot-project/install/turtlebot3_msgs/include/turtlebot3_msgs/turtlebot3_msgs/action/detail/patrol__struct.h
[5.326s] -- Installing: /home/latih/ros2-tf-real-robot-project/install/turtlebot3_msgs/include/turtlebot3_msgs/turtlebot3_msgs/action/detail/patrol__functions.h
[5.326s] -- Installing: /home/latih/ros2-tf-real-robot-project/install/turtlebot3_msgs/include/turtlebot3_msgs/turtlebot3_msgs/action/patrol.h
[5.326s] -- Installing: /home/latih/ros2-tf-real-robot-project/install/turtlebot3_msgs/share/turtlebot3_msgs/environment/library_path.sh
[5.326s] -- Installing: /home/latih/ros2-tf-real-robot-project/install/turtlebot3_msgs/share/turtlebot3_msgs/environment/library_path.dsv
[5.327s] -- Installing: /home/latih/ros2-tf-real-robot-project/install/turtlebot3_msgs/lib/libturtlebot3_msgs__rosidl_generator_c.so
[5.327s] -- Set runtime path of "/home/latih/ros2-tf-real-robot-project/install/turtlebot3_msgs/lib/libturtlebot3_msgs__rosidl_generator_c.so" to ""
[5.327s] -- Up-to-date: /home/latih/ros2-tf-real-robot-project/install/turtlebot3_msgs/include/turtlebot3_msgs/turtlebot3_msgs
[5.327s] -- Up-to-date: /home/latih/ros2-tf-real-robot-project/install/turtlebot3_msgs/include/turtlebot3_msgs/turtlebot3_msgs/msg
[5.328s] -- Up-to-date: /home/latih/ros2-tf-real-robot-project/install/turtlebot3_msgs/include/turtlebot3_msgs/turtlebot3_msgs/msg/detail
[5.328s] -- Installing: /home/latih/ros2-tf-real-robot-project/install/turtlebot3_msgs/include/turtlebot3_msgs/turtlebot3_msgs/msg/detail/sensor_state__rosidl_typesupport_fastrtps_c.h
[5.328s] -- Installing: /home/latih/ros2-tf-real-robot-project/install/turtlebot3_msgs/include/turtlebot3_msgs/turtlebot3_msgs/msg/detail/sound__rosidl_typesupport_fastrtps_c.h
[5.328s] -- Installing: /home/latih/ros2-tf-real-robot-project/install/turtlebot3_msgs/include/turtlebot3_msgs/turtlebot3_msgs/msg/detail/version_info__rosidl_typesupport_fastrtps_c.h
[5.328s] -- Installing: /home/latih/ros2-tf-real-robot-project/install/turtlebot3_msgs/include/turtlebot3_msgs/turtlebot3_msgs/msg/rosidl_typesupport_fastrtps_c__visibility_control.h
[5.328s] -- Up-to-date: /home/latih/ros2-tf-real-robot-project/install/turtlebot3_msgs/include/turtlebot3_msgs/turtlebot3_msgs/srv
[5.328s] -- Up-to-date: /home/latih/ros2-tf-real-robot-project/install/turtlebot3_msgs/include/turtlebot3_msgs/turtlebot3_msgs/srv/detail
[5.328s] -- Installing: /home/latih/ros2-tf-real-robot-project/install/turtlebot3_msgs/include/turtlebot3_msgs/turtlebot3_msgs/srv/detail/dqn__rosidl_typesupport_fastrtps_c.h
[5.328s] -- Installing: /home/latih/ros2-tf-real-robot-project/install/turtlebot3_msgs/include/turtlebot3_msgs/turtlebot3_msgs/srv/detail/sound__rosidl_typesupport_fastrtps_c.h
[5.328s] -- Up-to-date: /home/latih/ros2-tf-real-robot-project/install/turtlebot3_msgs/include/turtlebot3_msgs/turtlebot3_msgs/action
[5.328s] -- Up-to-date: /home/latih/ros2-tf-real-robot-project/install/turtlebot3_msgs/include/turtlebot3_msgs/turtlebot3_msgs/action/detail
[5.328s] -- Installing: /home/latih/ros2-tf-real-robot-project/install/turtlebot3_msgs/include/turtlebot3_msgs/turtlebot3_msgs/action/detail/patrol__rosidl_typesupport_fastrtps_c.h
[5.329s] -- Installing: /home/latih/ros2-tf-real-robot-project/install/turtlebot3_msgs/lib/libturtlebot3_msgs__rosidl_typesupport_fastrtps_c.so
[5.329s] -- Set runtime path of "/home/latih/ros2-tf-real-robot-project/install/turtlebot3_msgs/lib/libturtlebot3_msgs__rosidl_typesupport_fastrtps_c.so" to ""
[5.329s] -- Up-to-date: /home/latih/ros2-tf-real-robot-project/install/turtlebot3_msgs/include/turtlebot3_msgs/turtlebot3_msgs
[5.329s] -- Up-to-date: /home/latih/ros2-tf-real-robot-project/install/turtlebot3_msgs/include/turtlebot3_msgs/turtlebot3_msgs/msg
[5.329s] -- Installing: /home/latih/ros2-tf-real-robot-project/install/turtlebot3_msgs/include/turtlebot3_msgs/turtlebot3_msgs/msg/version_info.hpp
[5.329s] -- Up-to-date: /home/latih/ros2-tf-real-robot-project/install/turtlebot3_msgs/include/turtlebot3_msgs/turtlebot3_msgs/msg/detail
[5.329s] -- Installing: /home/latih/ros2-tf-real-robot-project/install/turtlebot3_msgs/include/turtlebot3_msgs/turtlebot3_msgs/msg/detail/version_info__traits.hpp
[5.329s] -- Installing: /home/latih/ros2-tf-real-robot-project/install/turtlebot3_msgs/include/turtlebot3_msgs/turtlebot3_msgs/msg/detail/sound__struct.hpp
[5.329s] -- Installing: /home/latih/ros2-tf-real-robot-project/install/turtlebot3_msgs/include/turtlebot3_msgs/turtlebot3_msgs/msg/detail/sound__type_support.hpp
[5.329s] -- Installing: /home/latih/ros2-tf-real-robot-project/install/turtlebot3_msgs/include/turtlebot3_msgs/turtlebot3_msgs/msg/detail/sensor_state__struct.hpp
[5.330s] -- Installing: /home/latih/ros2-tf-real-robot-project/install/turtlebot3_msgs/include/turtlebot3_msgs/turtlebot3_msgs/msg/detail/sound__builder.hpp
[5.330s] -- Installing: /home/latih/ros2-tf-real-robot-project/install/turtlebot3_msgs/include/turtlebot3_msgs/turtlebot3_msgs/msg/detail/sensor_state__type_support.hpp
[5.330s] -- Installing: /home/latih/ros2-tf-real-robot-project/install/turtlebot3_msgs/include/turtlebot3_msgs/turtlebot3_msgs/msg/detail/version_info__type_support.hpp
[5.330s] -- Installing: /home/latih/ros2-tf-real-robot-project/install/turtlebot3_msgs/include/turtlebot3_msgs/turtlebot3_msgs/msg/detail/version_info__builder.hpp
[5.330s] -- Installing: /home/latih/ros2-tf-real-robot-project/install/turtlebot3_msgs/include/turtlebot3_msgs/turtlebot3_msgs/msg/detail/version_info__struct.hpp
[5.330s] -- Installing: /home/latih/ros2-tf-real-robot-project/install/turtlebot3_msgs/include/turtlebot3_msgs/turtlebot3_msgs/msg/detail/sensor_state__traits.hpp
[5.330s] -- Installing: /home/latih/ros2-tf-real-robot-project/install/turtlebot3_msgs/include/turtlebot3_msgs/turtlebot3_msgs/msg/detail/sound__traits.hpp
[5.330s] -- Installing: /home/latih/ros2-tf-real-robot-project/install/turtlebot3_msgs/include/turtlebot3_msgs/turtlebot3_msgs/msg/detail/sensor_state__builder.hpp
[5.330s] -- Installing: /home/latih/ros2-tf-real-robot-project/install/turtlebot3_msgs/include/turtlebot3_msgs/turtlebot3_msgs/msg/sound.hpp
[5.330s] -- Installing: /home/latih/ros2-tf-real-robot-project/install/turtlebot3_msgs/include/turtlebot3_msgs/turtlebot3_msgs/msg/sensor_state.hpp
[5.330s] -- Installing: /home/latih/ros2-tf-real-robot-project/install/turtlebot3_msgs/include/turtlebot3_msgs/turtlebot3_msgs/msg/rosidl_generator_cpp__visibility_control.hpp
[5.331s] -- Up-to-date: /home/latih/ros2-tf-real-robot-project/install/turtlebot3_msgs/include/turtlebot3_msgs/turtlebot3_msgs/srv
[5.331s] -- Up-to-date: /home/latih/ros2-tf-real-robot-project/install/turtlebot3_msgs/include/turtlebot3_msgs/turtlebot3_msgs/srv/detail
[5.331s] -- Installing: /home/latih/ros2-tf-real-robot-project/install/turtlebot3_msgs/include/turtlebot3_msgs/turtlebot3_msgs/srv/detail/dqn__traits.hpp
[5.331s] -- Installing: /home/latih/ros2-tf-real-robot-project/install/turtlebot3_msgs/include/turtlebot3_msgs/turtlebot3_msgs/srv/detail/sound__struct.hpp
[5.331s] -- Installing: /home/latih/ros2-tf-real-robot-project/install/turtlebot3_msgs/include/turtlebot3_msgs/turtlebot3_msgs/srv/detail/sound__type_support.hpp
[5.331s] -- Installing: /home/latih/ros2-tf-real-robot-project/install/turtlebot3_msgs/include/turtlebot3_msgs/turtlebot3_msgs/srv/detail/sound__builder.hpp
[5.331s] -- Installing: /home/latih/ros2-tf-real-robot-project/install/turtlebot3_msgs/include/turtlebot3_msgs/turtlebot3_msgs/srv/detail/dqn__struct.hpp
[5.331s] -- Installing: /home/latih/ros2-tf-real-robot-project/install/turtlebot3_msgs/include/turtlebot3_msgs/turtlebot3_msgs/srv/detail/dqn__builder.hpp
[5.331s] -- Installing: /home/latih/ros2-tf-real-robot-project/install/turtlebot3_msgs/include/turtlebot3_msgs/turtlebot3_msgs/srv/detail/dqn__type_support.hpp
[5.331s] -- Installing: /home/latih/ros2-tf-real-robot-project/install/turtlebot3_msgs/include/turtlebot3_msgs/turtlebot3_msgs/srv/detail/sound__traits.hpp
[5.332s] -- Installing: /home/latih/ros2-tf-real-robot-project/install/turtlebot3_msgs/include/turtlebot3_msgs/turtlebot3_msgs/srv/sound.hpp
[5.332s] -- Installing: /home/latih/ros2-tf-real-robot-project/install/turtlebot3_msgs/include/turtlebot3_msgs/turtlebot3_msgs/srv/dqn.hpp
[5.332s] -- Up-to-date: /home/latih/ros2-tf-real-robot-project/install/turtlebot3_msgs/include/turtlebot3_msgs/turtlebot3_msgs/action
[5.332s] -- Up-to-date: /home/latih/ros2-tf-real-robot-project/install/turtlebot3_msgs/include/turtlebot3_msgs/turtlebot3_msgs/action/detail
[5.332s] -- Installing: /home/latih/ros2-tf-real-robot-project/install/turtlebot3_msgs/include/turtlebot3_msgs/turtlebot3_msgs/action/detail/patrol__struct.hpp
[5.332s] -- Installing: /home/latih/ros2-tf-real-robot-project/install/turtlebot3_msgs/include/turtlebot3_msgs/turtlebot3_msgs/action/detail/patrol__builder.hpp
[5.332s] -- Installing: /home/latih/ros2-tf-real-robot-project/install/turtlebot3_msgs/include/turtlebot3_msgs/turtlebot3_msgs/action/detail/patrol__type_support.hpp
[5.332s] -- Installing: /home/latih/ros2-tf-real-robot-project/install/turtlebot3_msgs/include/turtlebot3_msgs/turtlebot3_msgs/action/detail/patrol__traits.hpp
[5.332s] -- Installing: /home/latih/ros2-tf-real-robot-project/install/turtlebot3_msgs/include/turtlebot3_msgs/turtlebot3_msgs/action/patrol.hpp
[5.332s] -- Up-to-date: /home/latih/ros2-tf-real-robot-project/install/turtlebot3_msgs/include/turtlebot3_msgs/turtlebot3_msgs
[5.333s] -- Up-to-date: /home/latih/ros2-tf-real-robot-project/install/turtlebot3_msgs/include/turtlebot3_msgs/turtlebot3_msgs/msg
[5.333s] -- Up-to-date: /home/latih/ros2-tf-real-robot-project/install/turtlebot3_msgs/include/turtlebot3_msgs/turtlebot3_msgs/msg/detail
[5.333s] -- Installing: /home/latih/ros2-tf-real-robot-project/install/turtlebot3_msgs/include/turtlebot3_msgs/turtlebot3_msgs/msg/detail/version_info__rosidl_typesupport_fastrtps_cpp.hpp
[5.333s] -- Installing: /home/latih/ros2-tf-real-robot-project/install/turtlebot3_msgs/include/turtlebot3_msgs/turtlebot3_msgs/msg/detail/sensor_state__rosidl_typesupport_fastrtps_cpp.hpp
[5.333s] -- Installing: /home/latih/ros2-tf-real-robot-project/install/turtlebot3_msgs/include/turtlebot3_msgs/turtlebot3_msgs/msg/detail/dds_fastrtps
[5.333s] -- Installing: /home/latih/ros2-tf-real-robot-project/install/turtlebot3_msgs/include/turtlebot3_msgs/turtlebot3_msgs/msg/detail/sound__rosidl_typesupport_fastrtps_cpp.hpp
[5.333s] -- Installing: /home/latih/ros2-tf-real-robot-project/install/turtlebot3_msgs/include/turtlebot3_msgs/turtlebot3_msgs/msg/rosidl_typesupport_fastrtps_cpp__visibility_control.h
[5.333s] -- Up-to-date: /home/latih/ros2-tf-real-robot-project/install/turtlebot3_msgs/include/turtlebot3_msgs/turtlebot3_msgs/srv
[5.333s] -- Up-to-date: /home/latih/ros2-tf-real-robot-project/install/turtlebot3_msgs/include/turtlebot3_msgs/turtlebot3_msgs/srv/detail
[5.333s] -- Installing: /home/latih/ros2-tf-real-robot-project/install/turtlebot3_msgs/include/turtlebot3_msgs/turtlebot3_msgs/srv/detail/dqn__rosidl_typesupport_fastrtps_cpp.hpp
[5.333s] -- Installing: /home/latih/ros2-tf-real-robot-project/install/turtlebot3_msgs/include/turtlebot3_msgs/turtlebot3_msgs/srv/detail/dds_fastrtps
[5.333s] -- Installing: /home/latih/ros2-tf-real-robot-project/install/turtlebot3_msgs/include/turtlebot3_msgs/turtlebot3_msgs/srv/detail/sound__rosidl_typesupport_fastrtps_cpp.hpp
[5.334s] -- Up-to-date: /home/latih/ros2-tf-real-robot-project/install/turtlebot3_msgs/include/turtlebot3_msgs/turtlebot3_msgs/action
[5.334s] -- Up-to-date: /home/latih/ros2-tf-real-robot-project/install/turtlebot3_msgs/include/turtlebot3_msgs/turtlebot3_msgs/action/detail
[5.334s] -- Installing: /home/latih/ros2-tf-real-robot-project/install/turtlebot3_msgs/include/turtlebot3_msgs/turtlebot3_msgs/action/detail/dds_fastrtps
[5.334s] -- Installing: /home/latih/ros2-tf-real-robot-project/install/turtlebot3_msgs/include/turtlebot3_msgs/turtlebot3_msgs/action/detail/patrol__rosidl_typesupport_fastrtps_cpp.hpp
[5.334s] -- Installing: /home/latih/ros2-tf-real-robot-project/install/turtlebot3_msgs/lib/libturtlebot3_msgs__rosidl_typesupport_fastrtps_cpp.so
[5.334s] -- Set runtime path of "/home/latih/ros2-tf-real-robot-project/install/turtlebot3_msgs/lib/libturtlebot3_msgs__rosidl_typesupport_fastrtps_cpp.so" to ""
[5.334s] -- Up-to-date: /home/latih/ros2-tf-real-robot-project/install/turtlebot3_msgs/include/turtlebot3_msgs/turtlebot3_msgs
[5.335s] -- Up-to-date: /home/latih/ros2-tf-real-robot-project/install/turtlebot3_msgs/include/turtlebot3_msgs/turtlebot3_msgs/msg
[5.335s] -- Up-to-date: /home/latih/ros2-tf-real-robot-project/install/turtlebot3_msgs/include/turtlebot3_msgs/turtlebot3_msgs/msg/detail
[5.335s] -- Installing: /home/latih/ros2-tf-real-robot-project/install/turtlebot3_msgs/include/turtlebot3_msgs/turtlebot3_msgs/msg/detail/sound__rosidl_typesupport_introspection_c.h
[5.335s] -- Installing: /home/latih/ros2-tf-real-robot-project/install/turtlebot3_msgs/include/turtlebot3_msgs/turtlebot3_msgs/msg/detail/version_info__type_support.c
[5.335s] -- Installing: /home/latih/ros2-tf-real-robot-project/install/turtlebot3_msgs/include/turtlebot3_msgs/turtlebot3_msgs/msg/detail/sensor_state__type_support.c
[5.335s] -- Installing: /home/latih/ros2-tf-real-robot-project/install/turtlebot3_msgs/include/turtlebot3_msgs/turtlebot3_msgs/msg/detail/version_info__rosidl_typesupport_introspection_c.h
[5.335s] -- Installing: /home/latih/ros2-tf-real-robot-project/install/turtlebot3_msgs/include/turtlebot3_msgs/turtlebot3_msgs/msg/detail/sound__type_support.c
[5.335s] -- Installing: /home/latih/ros2-tf-real-robot-project/install/turtlebot3_msgs/include/turtlebot3_msgs/turtlebot3_msgs/msg/detail/sensor_state__rosidl_typesupport_introspection_c.h
[5.335s] -- Installing: /home/latih/ros2-tf-real-robot-project/install/turtlebot3_msgs/include/turtlebot3_msgs/turtlebot3_msgs/msg/rosidl_typesupport_introspection_c__visibility_control.h
[5.335s] -- Up-to-date: /home/latih/ros2-tf-real-robot-project/install/turtlebot3_msgs/include/turtlebot3_msgs/turtlebot3_msgs/srv
[5.335s] -- Up-to-date: /home/latih/ros2-tf-real-robot-project/install/turtlebot3_msgs/include/turtlebot3_msgs/turtlebot3_msgs/srv/detail
[5.336s] -- Installing: /home/latih/ros2-tf-real-robot-project/install/turtlebot3_msgs/include/turtlebot3_msgs/turtlebot3_msgs/srv/detail/dqn__rosidl_typesupport_introspection_c.h
[5.336s] -- Installing: /home/latih/ros2-tf-real-robot-project/install/turtlebot3_msgs/include/turtlebot3_msgs/turtlebot3_msgs/srv/detail/sound__rosidl_typesupport_introspection_c.h
[5.336s] -- Installing: /home/latih/ros2-tf-real-robot-project/install/turtlebot3_msgs/include/turtlebot3_msgs/turtlebot3_msgs/srv/detail/dqn__type_support.c
[5.336s] -- Installing: /home/latih/ros2-tf-real-robot-project/install/turtlebot3_msgs/include/turtlebot3_msgs/turtlebot3_msgs/srv/detail/sound__type_support.c
[5.336s] -- Up-to-date: /home/latih/ros2-tf-real-robot-project/install/turtlebot3_msgs/include/turtlebot3_msgs/turtlebot3_msgs/action
[5.336s] -- Up-to-date: /home/latih/ros2-tf-real-robot-project/install/turtlebot3_msgs/include/turtlebot3_msgs/turtlebot3_msgs/action/detail
[5.336s] -- Installing: /home/latih/ros2-tf-real-robot-project/install/turtlebot3_msgs/include/turtlebot3_msgs/turtlebot3_msgs/action/detail/patrol__type_support.c
[5.336s] -- Installing: /home/latih/ros2-tf-real-robot-project/install/turtlebot3_msgs/include/turtlebot3_msgs/turtlebot3_msgs/action/detail/patrol__rosidl_typesupport_introspection_c.h
[5.336s] -- Installing: /home/latih/ros2-tf-real-robot-project/install/turtlebot3_msgs/lib/libturtlebot3_msgs__rosidl_typesupport_introspection_c.so
[5.337s] -- Set runtime path of "/home/latih/ros2-tf-real-robot-project/install/turtlebot3_msgs/lib/libturtlebot3_msgs__rosidl_typesupport_introspection_c.so" to ""
[5.337s] -- Installing: /home/latih/ros2-tf-real-robot-project/install/turtlebot3_msgs/lib/libturtlebot3_msgs__rosidl_typesupport_c.so
[5.337s] -- Set runtime path of "/home/latih/ros2-tf-real-robot-project/install/turtlebot3_msgs/lib/libturtlebot3_msgs__rosidl_typesupport_c.so" to ""
[5.337s] -- Up-to-date: /home/latih/ros2-tf-real-robot-project/install/turtlebot3_msgs/include/turtlebot3_msgs/turtlebot3_msgs
[5.337s] -- Up-to-date: /home/latih/ros2-tf-real-robot-project/install/turtlebot3_msgs/include/turtlebot3_msgs/turtlebot3_msgs/msg
[5.337s] -- Up-to-date: /home/latih/ros2-tf-real-robot-project/install/turtlebot3_msgs/include/turtlebot3_msgs/turtlebot3_msgs/msg/detail
[5.337s] -- Installing: /home/latih/ros2-tf-real-robot-project/install/turtlebot3_msgs/include/turtlebot3_msgs/turtlebot3_msgs/msg/detail/sound__type_support.cpp
[5.337s] -- Installing: /home/latih/ros2-tf-real-robot-project/install/turtlebot3_msgs/include/turtlebot3_msgs/turtlebot3_msgs/msg/detail/sensor_state__rosidl_typesupport_introspection_cpp.hpp
[5.338s] -- Installing: /home/latih/ros2-tf-real-robot-project/install/turtlebot3_msgs/include/turtlebot3_msgs/turtlebot3_msgs/msg/detail/sensor_state__type_support.cpp
[5.338s] -- Installing: /home/latih/ros2-tf-real-robot-project/install/turtlebot3_msgs/include/turtlebot3_msgs/turtlebot3_msgs/msg/detail/sound__rosidl_typesupport_introspection_cpp.hpp
[5.338s] -- Installing: /home/latih/ros2-tf-real-robot-project/install/turtlebot3_msgs/include/turtlebot3_msgs/turtlebot3_msgs/msg/detail/version_info__rosidl_typesupport_introspection_cpp.hpp
[5.338s] -- Installing: /home/latih/ros2-tf-real-robot-project/install/turtlebot3_msgs/include/turtlebot3_msgs/turtlebot3_msgs/msg/detail/version_info__type_support.cpp
[5.338s] -- Up-to-date: /home/latih/ros2-tf-real-robot-project/install/turtlebot3_msgs/include/turtlebot3_msgs/turtlebot3_msgs/srv
[5.338s] -- Up-to-date: /home/latih/ros2-tf-real-robot-project/install/turtlebot3_msgs/include/turtlebot3_msgs/turtlebot3_msgs/srv/detail
[5.338s] -- Installing: /home/latih/ros2-tf-real-robot-project/install/turtlebot3_msgs/include/turtlebot3_msgs/turtlebot3_msgs/srv/detail/sound__type_support.cpp
[5.338s] -- Installing: /home/latih/ros2-tf-real-robot-project/install/turtlebot3_msgs/include/turtlebot3_msgs/turtlebot3_msgs/srv/detail/dqn__rosidl_typesupport_introspection_cpp.hpp
[5.338s] -- Installing: /home/latih/ros2-tf-real-robot-project/install/turtlebot3_msgs/include/turtlebot3_msgs/turtlebot3_msgs/srv/detail/dqn__type_support.cpp
[5.338s] -- Installing: /home/latih/ros2-tf-real-robot-project/install/turtlebot3_msgs/include/turtlebot3_msgs/turtlebot3_msgs/srv/detail/sound__rosidl_typesupport_introspection_cpp.hpp
[5.338s] -- Up-to-date: /home/latih/ros2-tf-real-robot-project/install/turtlebot3_msgs/include/turtlebot3_msgs/turtlebot3_msgs/action
[5.338s] -- Up-to-date: /home/latih/ros2-tf-real-robot-project/install/turtlebot3_msgs/include/turtlebot3_msgs/turtlebot3_msgs/action/detail
[5.339s] -- Installing: /home/latih/ros2-tf-real-robot-project/install/turtlebot3_msgs/include/turtlebot3_msgs/turtlebot3_msgs/action/detail/patrol__rosidl_typesupport_introspection_cpp.hpp
[5.339s] -- Installing: /home/latih/ros2-tf-real-robot-project/install/turtlebot3_msgs/include/turtlebot3_msgs/turtlebot3_msgs/action/detail/patrol__type_support.cpp
[5.339s] -- Installing: /home/latih/ros2-tf-real-robot-project/install/turtlebot3_msgs/lib/libturtlebot3_msgs__rosidl_typesupport_introspection_cpp.so
[5.339s] -- Set runtime path of "/home/latih/ros2-tf-real-robot-project/install/turtlebot3_msgs/lib/libturtlebot3_msgs__rosidl_typesupport_introspection_cpp.so" to ""
[5.339s] -- Installing: /home/latih/ros2-tf-real-robot-project/install/turtlebot3_msgs/lib/libturtlebot3_msgs__rosidl_typesupport_cpp.so
[5.339s] -- Set runtime path of "/home/latih/ros2-tf-real-robot-project/install/turtlebot3_msgs/lib/libturtlebot3_msgs__rosidl_typesupport_cpp.so" to ""
[5.339s] -- Installing: /home/latih/ros2-tf-real-robot-project/install/turtlebot3_msgs/share/turtlebot3_msgs/environment/pythonpath.sh
[5.339s] -- Installing: /home/latih/ros2-tf-real-robot-project/install/turtlebot3_msgs/share/turtlebot3_msgs/environment/pythonpath.dsv
[5.339s] -- Installing: /home/latih/ros2-tf-real-robot-project/install/turtlebot3_msgs/local/lib/python3.10/dist-packages/turtlebot3_msgs-2.2.3-py3.10.egg-info
[5.339s] -- Installing: /home/latih/ros2-tf-real-robot-project/install/turtlebot3_msgs/local/lib/python3.10/dist-packages/turtlebot3_msgs-2.2.3-py3.10.egg-info/top_level.txt
[5.339s] -- Installing: /home/latih/ros2-tf-real-robot-project/install/turtlebot3_msgs/local/lib/python3.10/dist-packages/turtlebot3_msgs-2.2.3-py3.10.egg-info/PKG-INFO
[5.340s] -- Installing: /home/latih/ros2-tf-real-robot-project/install/turtlebot3_msgs/local/lib/python3.10/dist-packages/turtlebot3_msgs-2.2.3-py3.10.egg-info/SOURCES.txt
[5.340s] -- Installing: /home/latih/ros2-tf-real-robot-project/install/turtlebot3_msgs/local/lib/python3.10/dist-packages/turtlebot3_msgs-2.2.3-py3.10.egg-info/dependency_links.txt
[5.340s] -- Installing: /home/latih/ros2-tf-real-robot-project/install/turtlebot3_msgs/local/lib/python3.10/dist-packages/turtlebot3_msgs
[5.340s] -- Installing: /home/latih/ros2-tf-real-robot-project/install/turtlebot3_msgs/local/lib/python3.10/dist-packages/turtlebot3_msgs/_turtlebot3_msgs_s.ep.rosidl_typesupport_c.c
[5.340s] -- Installing: /home/latih/ros2-tf-real-robot-project/install/turtlebot3_msgs/local/lib/python3.10/dist-packages/turtlebot3_msgs/__init__.py
[5.340s] -- Installing: /home/latih/ros2-tf-real-robot-project/install/turtlebot3_msgs/local/lib/python3.10/dist-packages/turtlebot3_msgs/msg
[5.340s] -- Installing: /home/latih/ros2-tf-real-robot-project/install/turtlebot3_msgs/local/lib/python3.10/dist-packages/turtlebot3_msgs/msg/_version_info.py
[5.340s] -- Installing: /home/latih/ros2-tf-real-robot-project/install/turtlebot3_msgs/local/lib/python3.10/dist-packages/turtlebot3_msgs/msg/__init__.py
[5.340s] -- Installing: /home/latih/ros2-tf-real-robot-project/install/turtlebot3_msgs/local/lib/python3.10/dist-packages/turtlebot3_msgs/msg/_version_info_s.c
[5.340s] -- Installing: /home/latih/ros2-tf-real-robot-project/install/turtlebot3_msgs/local/lib/python3.10/dist-packages/turtlebot3_msgs/msg/_sensor_state.py
[5.340s] -- Installing: /home/latih/ros2-tf-real-robot-project/install/turtlebot3_msgs/local/lib/python3.10/dist-packages/turtlebot3_msgs/msg/_sound.py
[5.340s] -- Installing: /home/latih/ros2-tf-real-robot-project/install/turtlebot3_msgs/local/lib/python3.10/dist-packages/turtlebot3_msgs/msg/_sensor_state_s.c
[5.341s] -- Installing: /home/latih/ros2-tf-real-robot-project/install/turtlebot3_msgs/local/lib/python3.10/dist-packages/turtlebot3_msgs/msg/_sound_s.c
[5.341s] -- Installing: /home/latih/ros2-tf-real-robot-project/install/turtlebot3_msgs/local/lib/python3.10/dist-packages/turtlebot3_msgs/srv
[5.341s] -- Installing: /home/latih/ros2-tf-real-robot-project/install/turtlebot3_msgs/local/lib/python3.10/dist-packages/turtlebot3_msgs/srv/__init__.py
[5.341s] -- Installing: /home/latih/ros2-tf-real-robot-project/install/turtlebot3_msgs/local/lib/python3.10/dist-packages/turtlebot3_msgs/srv/_sound.py
[5.341s] -- Installing: /home/latih/ros2-tf-real-robot-project/install/turtlebot3_msgs/local/lib/python3.10/dist-packages/turtlebot3_msgs/srv/_dqn_s.c
[5.341s] -- Installing: /home/latih/ros2-tf-real-robot-project/install/turtlebot3_msgs/local/lib/python3.10/dist-packages/turtlebot3_msgs/srv/_dqn.py
[5.341s] -- Installing: /home/latih/ros2-tf-real-robot-project/install/turtlebot3_msgs/local/lib/python3.10/dist-packages/turtlebot3_msgs/srv/_sound_s.c
[5.341s] -- Installing: /home/latih/ros2-tf-real-robot-project/install/turtlebot3_msgs/local/lib/python3.10/dist-packages/turtlebot3_msgs/turtlebot3_msgs_s__rosidl_typesupport_fastrtps_c.cpython-310-x86_64-linux-gnu.so
[5.341s] -- Installing: /home/latih/ros2-tf-real-robot-project/install/turtlebot3_msgs/local/lib/python3.10/dist-packages/turtlebot3_msgs/_turtlebot3_msgs_s.ep.rosidl_typesupport_fastrtps_c.c
[5.341s] -- Installing: /home/latih/ros2-tf-real-robot-project/install/turtlebot3_msgs/local/lib/python3.10/dist-packages/turtlebot3_msgs/turtlebot3_msgs_s__rosidl_typesupport_c.cpython-310-x86_64-linux-gnu.so
[5.341s] -- Installing: /home/latih/ros2-tf-real-robot-project/install/turtlebot3_msgs/local/lib/python3.10/dist-packages/turtlebot3_msgs/libturtlebot3_msgs__rosidl_generator_py.so
[5.341s] -- Installing: /home/latih/ros2-tf-real-robot-project/install/turtlebot3_msgs/local/lib/python3.10/dist-packages/turtlebot3_msgs/turtlebot3_msgs_s__rosidl_typesupport_introspection_c.cpython-310-x86_64-linux-gnu.so
[5.341s] -- Installing: /home/latih/ros2-tf-real-robot-project/install/turtlebot3_msgs/local/lib/python3.10/dist-packages/turtlebot3_msgs/action
[5.341s] -- Installing: /home/latih/ros2-tf-real-robot-project/install/turtlebot3_msgs/local/lib/python3.10/dist-packages/turtlebot3_msgs/action/__init__.py
[5.342s] -- Installing: /home/latih/ros2-tf-real-robot-project/install/turtlebot3_msgs/local/lib/python3.10/dist-packages/turtlebot3_msgs/action/_patrol_s.c
[5.342s] -- Installing: /home/latih/ros2-tf-real-robot-project/install/turtlebot3_msgs/local/lib/python3.10/dist-packages/turtlebot3_msgs/action/_patrol.py
[5.342s] -- Installing: /home/latih/ros2-tf-real-robot-project/install/turtlebot3_msgs/local/lib/python3.10/dist-packages/turtlebot3_msgs/_turtlebot3_msgs_s.ep.rosidl_typesupport_introspection_c.c
[5.380s] Listing '/home/latih/ros2-tf-real-robot-project/install/turtlebot3_msgs/local/lib/python3.10/dist-packages/turtlebot3_msgs'...
[5.380s] Compiling '/home/latih/ros2-tf-real-robot-project/install/turtlebot3_msgs/local/lib/python3.10/dist-packages/turtlebot3_msgs/__init__.py'...
[5.380s] Listing '/home/latih/ros2-tf-real-robot-project/install/turtlebot3_msgs/local/lib/python3.10/dist-packages/turtlebot3_msgs/action'...
[5.381s] Compiling '/home/latih/ros2-tf-real-robot-project/install/turtlebot3_msgs/local/lib/python3.10/dist-packages/turtlebot3_msgs/action/__init__.py'...
[5.381s] Compiling '/home/latih/ros2-tf-real-robot-project/install/turtlebot3_msgs/local/lib/python3.10/dist-packages/turtlebot3_msgs/action/_patrol.py'...
[5.381s] Listing '/home/latih/ros2-tf-real-robot-project/install/turtlebot3_msgs/local/lib/python3.10/dist-packages/turtlebot3_msgs/msg'...
[5.381s] Compiling '/home/latih/ros2-tf-real-robot-project/install/turtlebot3_msgs/local/lib/python3.10/dist-packages/turtlebot3_msgs/msg/__init__.py'...
[5.381s] Compiling '/home/latih/ros2-tf-real-robot-project/install/turtlebot3_msgs/local/lib/python3.10/dist-packages/turtlebot3_msgs/msg/_sensor_state.py'...
[5.381s] Compiling '/home/latih/ros2-tf-real-robot-project/install/turtlebot3_msgs/local/lib/python3.10/dist-packages/turtlebot3_msgs/msg/_sound.py'...
[5.381s] Compiling '/home/latih/ros2-tf-real-robot-project/install/turtlebot3_msgs/local/lib/python3.10/dist-packages/turtlebot3_msgs/msg/_version_info.py'...
[5.381s] Listing '/home/latih/ros2-tf-real-robot-project/install/turtlebot3_msgs/local/lib/python3.10/dist-packages/turtlebot3_msgs/srv'...
[5.381s] Compiling '/home/latih/ros2-tf-real-robot-project/install/turtlebot3_msgs/local/lib/python3.10/dist-packages/turtlebot3_msgs/srv/__init__.py'...
[5.381s] Compiling '/home/latih/ros2-tf-real-robot-project/install/turtlebot3_msgs/local/lib/python3.10/dist-packages/turtlebot3_msgs/srv/_dqn.py'...
[5.381s] Compiling '/home/latih/ros2-tf-real-robot-project/install/turtlebot3_msgs/local/lib/python3.10/dist-packages/turtlebot3_msgs/srv/_sound.py'...
[5.384s] -- Installing: /home/latih/ros2-tf-real-robot-project/install/turtlebot3_msgs/local/lib/python3.10/dist-packages/turtlebot3_msgs/turtlebot3_msgs_s__rosidl_typesupport_fastrtps_c.cpython-310-x86_64-linux-gnu.so
[5.384s] -- Set runtime path of "/home/latih/ros2-tf-real-robot-project/install/turtlebot3_msgs/local/lib/python3.10/dist-packages/turtlebot3_msgs/turtlebot3_msgs_s__rosidl_typesupport_fastrtps_c.cpython-310-x86_64-linux-gnu.so" to ""
[5.385s] -- Installing: /home/latih/ros2-tf-real-robot-project/install/turtlebot3_msgs/local/lib/python3.10/dist-packages/turtlebot3_msgs/turtlebot3_msgs_s__rosidl_typesupport_introspection_c.cpython-310-x86_64-linux-gnu.so
[5.385s] -- Set runtime path of "/home/latih/ros2-tf-real-robot-project/install/turtlebot3_msgs/local/lib/python3.10/dist-packages/turtlebot3_msgs/turtlebot3_msgs_s__rosidl_typesupport_introspection_c.cpython-310-x86_64-linux-gnu.so" to ""
[5.385s] -- Installing: /home/latih/ros2-tf-real-robot-project/install/turtlebot3_msgs/local/lib/python3.10/dist-packages/turtlebot3_msgs/turtlebot3_msgs_s__rosidl_typesupport_c.cpython-310-x86_64-linux-gnu.so
[5.386s] -- Set runtime path of "/home/latih/ros2-tf-real-robot-project/install/turtlebot3_msgs/local/lib/python3.10/dist-packages/turtlebot3_msgs/turtlebot3_msgs_s__rosidl_typesupport_c.cpython-310-x86_64-linux-gnu.so" to ""
[5.386s] -- Installing: /home/latih/ros2-tf-real-robot-project/install/turtlebot3_msgs/lib/libturtlebot3_msgs__rosidl_generator_py.so
[5.386s] -- Set runtime path of "/home/latih/ros2-tf-real-robot-project/install/turtlebot3_msgs/lib/libturtlebot3_msgs__rosidl_generator_py.so" to ""
[5.386s] -- Installing: /home/latih/ros2-tf-real-robot-project/install/turtlebot3_msgs/share/turtlebot3_msgs/msg/SensorState.idl
[5.386s] -- Installing: /home/latih/ros2-tf-real-robot-project/install/turtlebot3_msgs/share/turtlebot3_msgs/msg/Sound.idl
[5.386s] -- Installing: /home/latih/ros2-tf-real-robot-project/install/turtlebot3_msgs/share/turtlebot3_msgs/msg/VersionInfo.idl
[5.387s] -- Installing: /home/latih/ros2-tf-real-robot-project/install/turtlebot3_msgs/share/turtlebot3_msgs/srv/Sound.idl
[5.387s] -- Installing: /home/latih/ros2-tf-real-robot-project/install/turtlebot3_msgs/share/turtlebot3_msgs/srv/Dqn.idl
[5.387s] -- Installing: /home/latih/ros2-tf-real-robot-project/install/turtlebot3_msgs/share/turtlebot3_msgs/action/Patrol.idl
[5.387s] -- Installing: /home/latih/ros2-tf-real-robot-project/install/turtlebot3_msgs/share/turtlebot3_msgs/msg/SensorState.msg
[5.387s] -- Installing: /home/latih/ros2-tf-real-robot-project/install/turtlebot3_msgs/share/turtlebot3_msgs/msg/Sound.msg
[5.387s] -- Installing: /home/latih/ros2-tf-real-robot-project/install/turtlebot3_msgs/share/turtlebot3_msgs/msg/VersionInfo.msg
[5.388s] -- Installing: /home/latih/ros2-tf-real-robot-project/install/turtlebot3_msgs/share/turtlebot3_msgs/srv/Sound.srv
[5.388s] -- Installing: /home/latih/ros2-tf-real-robot-project/install/turtlebot3_msgs/share/turtlebot3_msgs/srv/Sound_Request.msg
[5.388s] -- Installing: /home/latih/ros2-tf-real-robot-project/install/turtlebot3_msgs/share/turtlebot3_msgs/srv/Sound_Response.msg
[5.388s] -- Installing: /home/latih/ros2-tf-real-robot-project/install/turtlebot3_msgs/share/turtlebot3_msgs/srv/Dqn.srv
[5.388s] -- Installing: /home/latih/ros2-tf-real-robot-project/install/turtlebot3_msgs/share/turtlebot3_msgs/srv/Dqn_Request.msg
[5.388s] -- Installing: /home/latih/ros2-tf-real-robot-project/install/turtlebot3_msgs/share/turtlebot3_msgs/srv/Dqn_Response.msg
[5.388s] -- Installing: /home/latih/ros2-tf-real-robot-project/install/turtlebot3_msgs/share/turtlebot3_msgs/action/Patrol.action
[5.389s] -- Installing: /home/latih/ros2-tf-real-robot-project/install/turtlebot3_msgs/share/ament_index/resource_index/package_run_dependencies/turtlebot3_msgs
[5.389s] -- Installing: /home/latih/ros2-tf-real-robot-project/install/turtlebot3_msgs/share/ament_index/resource_index/parent_prefix_path/turtlebot3_msgs
[5.389s] -- Installing: /home/latih/ros2-tf-real-robot-project/install/turtlebot3_msgs/share/turtlebot3_msgs/environment/ament_prefix_path.sh
[5.389s] -- Installing: /home/latih/ros2-tf-real-robot-project/install/turtlebot3_msgs/share/turtlebot3_msgs/environment/ament_prefix_path.dsv
[5.389s] -- Installing: /home/latih/ros2-tf-real-robot-project/install/turtlebot3_msgs/share/turtlebot3_msgs/environment/path.sh
[5.389s] -- Installing: /home/latih/ros2-tf-real-robot-project/install/turtlebot3_msgs/share/turtlebot3_msgs/environment/path.dsv
[5.389s] -- Installing: /home/latih/ros2-tf-real-robot-project/install/turtlebot3_msgs/share/turtlebot3_msgs/local_setup.bash
[5.389s] -- Installing: /home/latih/ros2-tf-real-robot-project/install/turtlebot3_msgs/share/turtlebot3_msgs/local_setup.sh
[5.389s] -- Installing: /home/latih/ros2-tf-real-robot-project/install/turtlebot3_msgs/share/turtlebot3_msgs/local_setup.zsh
[5.389s] -- Installing: /home/latih/ros2-tf-real-robot-project/install/turtlebot3_msgs/share/turtlebot3_msgs/local_setup.dsv
[5.390s] -- Installing: /home/latih/ros2-tf-real-robot-project/install/turtlebot3_msgs/share/turtlebot3_msgs/package.dsv
[5.390s] -- Installing: /home/latih/ros2-tf-real-robot-project/install/turtlebot3_msgs/share/ament_index/resource_index/packages/turtlebot3_msgs
[5.390s] -- Installing: /home/latih/ros2-tf-real-robot-project/install/turtlebot3_msgs/share/turtlebot3_msgs/cmake/export_turtlebot3_msgs__rosidl_generator_cExport.cmake
[5.390s] -- Installing: /home/latih/ros2-tf-real-robot-project/install/turtlebot3_msgs/share/turtlebot3_msgs/cmake/export_turtlebot3_msgs__rosidl_generator_cExport-noconfig.cmake
[5.390s] -- Installing: /home/latih/ros2-tf-real-robot-project/install/turtlebot3_msgs/share/turtlebot3_msgs/cmake/export_turtlebot3_msgs__rosidl_typesupport_fastrtps_cExport.cmake
[5.390s] -- Installing: /home/latih/ros2-tf-real-robot-project/install/turtlebot3_msgs/share/turtlebot3_msgs/cmake/export_turtlebot3_msgs__rosidl_typesupport_fastrtps_cExport-noconfig.cmake
[5.390s] -- Installing: /home/latih/ros2-tf-real-robot-project/install/turtlebot3_msgs/share/turtlebot3_msgs/cmake/export_turtlebot3_msgs__rosidl_generator_cppExport.cmake
[5.390s] -- Installing: /home/latih/ros2-tf-real-robot-project/install/turtlebot3_msgs/share/turtlebot3_msgs/cmake/export_turtlebot3_msgs__rosidl_typesupport_fastrtps_cppExport.cmake
[5.390s] -- Installing: /home/latih/ros2-tf-real-robot-project/install/turtlebot3_msgs/share/turtlebot3_msgs/cmake/export_turtlebot3_msgs__rosidl_typesupport_fastrtps_cppExport-noconfig.cmake
[5.390s] -- Installing: /home/latih/ros2-tf-real-robot-project/install/turtlebot3_msgs/share/turtlebot3_msgs/cmake/turtlebot3_msgs__rosidl_typesupport_introspection_cExport.cmake
[5.391s] -- Installing: /home/latih/ros2-tf-real-robot-project/install/turtlebot3_msgs/share/turtlebot3_msgs/cmake/turtlebot3_msgs__rosidl_typesupport_introspection_cExport-noconfig.cmake
[5.391s] -- Installing: /home/latih/ros2-tf-real-robot-project/install/turtlebot3_msgs/share/turtlebot3_msgs/cmake/turtlebot3_msgs__rosidl_typesupport_cExport.cmake
[5.391s] -- Installing: /home/latih/ros2-tf-real-robot-project/install/turtlebot3_msgs/share/turtlebot3_msgs/cmake/turtlebot3_msgs__rosidl_typesupport_cExport-noconfig.cmake
[5.391s] -- Installing: /home/latih/ros2-tf-real-robot-project/install/turtlebot3_msgs/share/turtlebot3_msgs/cmake/turtlebot3_msgs__rosidl_typesupport_introspection_cppExport.cmake
[5.391s] -- Installing: /home/latih/ros2-tf-real-robot-project/install/turtlebot3_msgs/share/turtlebot3_msgs/cmake/turtlebot3_msgs__rosidl_typesupport_introspection_cppExport-noconfig.cmake
[5.391s] -- Installing: /home/latih/ros2-tf-real-robot-project/install/turtlebot3_msgs/share/turtlebot3_msgs/cmake/turtlebot3_msgs__rosidl_typesupport_cppExport.cmake
[5.391s] -- Installing: /home/latih/ros2-tf-real-robot-project/install/turtlebot3_msgs/share/turtlebot3_msgs/cmake/turtlebot3_msgs__rosidl_typesupport_cppExport-noconfig.cmake
[5.391s] -- Installing: /home/latih/ros2-tf-real-robot-project/install/turtlebot3_msgs/share/turtlebot3_msgs/cmake/export_turtlebot3_msgs__rosidl_generator_pyExport.cmake
[5.391s] -- Installing: /home/latih/ros2-tf-real-robot-project/install/turtlebot3_msgs/share/turtlebot3_msgs/cmake/export_turtlebot3_msgs__rosidl_generator_pyExport-noconfig.cmake
[5.391s] -- Installing: /home/latih/ros2-tf-real-robot-project/install/turtlebot3_msgs/share/turtlebot3_msgs/cmake/rosidl_cmake-extras.cmake
[5.391s] -- Installing: /home/latih/ros2-tf-real-robot-project/install/turtlebot3_msgs/share/turtlebot3_msgs/cmake/ament_cmake_export_dependencies-extras.cmake
[5.392s] -- Installing: /home/latih/ros2-tf-real-robot-project/install/turtlebot3_msgs/share/turtlebot3_msgs/cmake/ament_cmake_export_include_directories-extras.cmake
[5.392s] -- Installing: /home/latih/ros2-tf-real-robot-project/install/turtlebot3_msgs/share/turtlebot3_msgs/cmake/ament_cmake_export_libraries-extras.cmake
[5.392s] -- Installing: /home/latih/ros2-tf-real-robot-project/install/turtlebot3_msgs/share/turtlebot3_msgs/cmake/ament_cmake_export_targets-extras.cmake
[5.392s] -- Installing: /home/latih/ros2-tf-real-robot-project/install/turtlebot3_msgs/share/turtlebot3_msgs/cmake/rosidl_cmake_export_typesupport_targets-extras.cmake
[5.392s] -- Installing: /home/latih/ros2-tf-real-robot-project/install/turtlebot3_msgs/share/turtlebot3_msgs/cmake/rosidl_cmake_export_typesupport_libraries-extras.cmake
[5.392s] -- Installing: /home/latih/ros2-tf-real-robot-project/install/turtlebot3_msgs/share/turtlebot3_msgs/cmake/turtlebot3_msgsConfig.cmake
[5.392s] -- Installing: /home/latih/ros2-tf-real-robot-project/install/turtlebot3_msgs/share/turtlebot3_msgs/cmake/turtlebot3_msgsConfig-version.cmake
[5.392s] -- Installing: /home/latih/ros2-tf-real-robot-project/install/turtlebot3_msgs/share/turtlebot3_msgs/package.xml
[5.393s] Invoked command in '/home/latih/ros2-tf-real-robot-project/build/turtlebot3_msgs' returned '0': CMAKE_PREFIX_PATH=/opt/ros/humble /usr/bin/cmake --install /home/latih/ros2-tf-real-robot-project/build/turtlebot3_msgs
