[0.026s] Invoking command in '/home/latih/ros2-tf-real-robot-project/build/turtlebot3_description': CMAKE_PREFIX_PATH=${CMAKE_PREFIX_PATH}:/home/latih/ros2-tf-real-robot-project/install/turtlebot3_teleop:/home/latih/ros2-tf-real-robot-project/install/turtlebot3_example:/opt/ros/humble /usr/bin/cmake /home/latih/ros2-tf-real-robot-project/simulation_ws/src/turtlebot3/turtlebot3_description -DCMAKE_INSTALL_PREFIX=/home/latih/ros2-tf-real-robot-project/install/turtlebot3_description
[0.211s] -- The C compiler identification is GNU 11.4.0
[0.212s] -- The CXX compiler identification is GNU 11.4.0
[0.212s] -- Detecting C compiler ABI info
[0.212s] -- Detecting C compiler ABI info - done
[0.212s] -- Check for working C compiler: /usr/bin/cc - skipped
[0.212s] -- Detecting C compile features
[0.212s] -- Detecting C compile features - done
[0.212s] -- Detecting CXX compiler ABI info
[0.249s] -- Detecting CXX compiler ABI info - done
[0.254s] -- Check for working CXX compiler: /usr/bin/c++ - skipped
[0.254s] -- Detecting CXX compile features
[0.255s] -- Detecting CXX compile features - done
[0.257s] -- Found ament_cmake: 1.3.11 (/opt/ros/humble/share/ament_cmake/cmake)
[0.379s] -- Found Python3: /usr/bin/python3 (found version "3.10.12") found components: Interpreter 
[0.458s] -- Found urdf: 2.6.1 (/opt/ros/humble/share/urdf/cmake)
[0.608s] -- Configuring done
[0.610s] -- Generating done
[0.611s] -- Build files have been written to: /home/latih/ros2-tf-real-robot-project/build/turtlebot3_description
[0.618s] Invoked command in '/home/latih/ros2-tf-real-robot-project/build/turtlebot3_description' returned '0': CMAKE_PREFIX_PATH=${CMAKE_PREFIX_PATH}:/home/latih/ros2-tf-real-robot-project/install/turtlebot3_teleop:/home/latih/ros2-tf-real-robot-project/install/turtlebot3_example:/opt/ros/humble /usr/bin/cmake /home/latih/ros2-tf-real-robot-project/simulation_ws/src/turtlebot3/turtlebot3_description -DCMAKE_INSTALL_PREFIX=/home/latih/ros2-tf-real-robot-project/install/turtlebot3_description
[0.619s] Invoking command in '/home/latih/ros2-tf-real-robot-project/build/turtlebot3_description': CMAKE_PREFIX_PATH=${CMAKE_PREFIX_PATH}:/home/latih/ros2-tf-real-robot-project/install/turtlebot3_teleop:/home/latih/ros2-tf-real-robot-project/install/turtlebot3_example:/opt/ros/humble /usr/bin/cmake --build /home/latih/ros2-tf-real-robot-project/build/turtlebot3_description -- -j16 -l16
[0.658s] Invoked command in '/home/latih/ros2-tf-real-robot-project/build/turtlebot3_description' returned '0': CMAKE_PREFIX_PATH=${CMAKE_PREFIX_PATH}:/home/latih/ros2-tf-real-robot-project/install/turtlebot3_teleop:/home/latih/ros2-tf-real-robot-project/install/turtlebot3_example:/opt/ros/humble /usr/bin/cmake --build /home/latih/ros2-tf-real-robot-project/build/turtlebot3_description -- -j16 -l16
[0.659s] Invoking command in '/home/latih/ros2-tf-real-robot-project/build/turtlebot3_description': CMAKE_PREFIX_PATH=${CMAKE_PREFIX_PATH}:/home/latih/ros2-tf-real-robot-project/install/turtlebot3_teleop:/home/latih/ros2-tf-real-robot-project/install/turtlebot3_example:/opt/ros/humble /usr/bin/cmake --install /home/latih/ros2-tf-real-robot-project/build/turtlebot3_description
[0.666s] -- Install configuration: ""
[0.666s] -- Installing: /home/latih/ros2-tf-real-robot-project/install/turtlebot3_description/share/turtlebot3_description/meshes
[0.666s] -- Installing: /home/latih/ros2-tf-real-robot-project/install/turtlebot3_description/share/turtlebot3_description/meshes/bases
[0.666s] -- Installing: /home/latih/ros2-tf-real-robot-project/install/turtlebot3_description/share/turtlebot3_description/meshes/bases/waffle_base.stl
[0.686s] -- Installing: /home/latih/ros2-tf-real-robot-project/install/turtlebot3_description/share/turtlebot3_description/meshes/bases/burger_base.stl
[0.693s] -- Installing: /home/latih/ros2-tf-real-robot-project/install/turtlebot3_description/share/turtlebot3_description/meshes/bases/waffle_pi_base.stl
[0.699s] -- Installing: /home/latih/ros2-tf-real-robot-project/install/turtlebot3_description/share/turtlebot3_description/meshes/wheels
[0.699s] -- Installing: /home/latih/ros2-tf-real-robot-project/install/turtlebot3_description/share/turtlebot3_description/meshes/wheels/left_tire.stl
[0.700s] -- Installing: /home/latih/ros2-tf-real-robot-project/install/turtlebot3_description/share/turtlebot3_description/meshes/wheels/right_tire.stl
[0.701s] -- Installing: /home/latih/ros2-tf-real-robot-project/install/turtlebot3_description/share/turtlebot3_description/meshes/sensors
[0.702s] -- Installing: /home/latih/ros2-tf-real-robot-project/install/turtlebot3_description/share/turtlebot3_description/meshes/sensors/lds.stl
[0.702s] -- Installing: /home/latih/ros2-tf-real-robot-project/install/turtlebot3_description/share/turtlebot3_description/meshes/sensors/astra.dae
[0.710s] -- Installing: /home/latih/ros2-tf-real-robot-project/install/turtlebot3_description/share/turtlebot3_description/meshes/sensors/r200.dae
[0.710s] -- Installing: /home/latih/ros2-tf-real-robot-project/install/turtlebot3_description/share/turtlebot3_description/meshes/sensors/astra.jpg
[0.711s] -- Installing: /home/latih/ros2-tf-real-robot-project/install/turtlebot3_description/share/turtlebot3_description/meshes/sensors/r200.jpg
[0.711s] -- Installing: /home/latih/ros2-tf-real-robot-project/install/turtlebot3_description/share/turtlebot3_description/rviz
[0.711s] -- Installing: /home/latih/ros2-tf-real-robot-project/install/turtlebot3_description/share/turtlebot3_description/rviz/model.rviz
[0.711s] -- Installing: /home/latih/ros2-tf-real-robot-project/install/turtlebot3_description/share/turtlebot3_description/urdf
[0.711s] -- Installing: /home/latih/ros2-tf-real-robot-project/install/turtlebot3_description/share/turtlebot3_description/urdf/turtlebot3_waffle.urdf
[0.711s] -- Installing: /home/latih/ros2-tf-real-robot-project/install/turtlebot3_description/share/turtlebot3_description/urdf/common_properties.urdf
[0.711s] -- Installing: /home/latih/ros2-tf-real-robot-project/install/turtlebot3_description/share/turtlebot3_description/urdf/turtlebot3_waffle_pi.urdf
[0.711s] -- Installing: /home/latih/ros2-tf-real-robot-project/install/turtlebot3_description/share/turtlebot3_description/urdf/turtlebot3_burger.urdf
[0.712s] -- Installing: /home/latih/ros2-tf-real-robot-project/install/turtlebot3_description/share/ament_index/resource_index/package_run_dependencies/turtlebot3_description
[0.712s] -- Installing: /home/latih/ros2-tf-real-robot-project/install/turtlebot3_description/share/ament_index/resource_index/parent_prefix_path/turtlebot3_description
[0.712s] -- Installing: /home/latih/ros2-tf-real-robot-project/install/turtlebot3_description/share/turtlebot3_description/environment/ament_prefix_path.sh
[0.712s] -- Installing: /home/latih/ros2-tf-real-robot-project/install/turtlebot3_description/share/turtlebot3_description/environment/ament_prefix_path.dsv
[0.712s] -- Installing: /home/latih/ros2-tf-real-robot-project/install/turtlebot3_description/share/turtlebot3_description/environment/path.sh
[0.712s] -- Installing: /home/latih/ros2-tf-real-robot-project/install/turtlebot3_description/share/turtlebot3_description/environment/path.dsv
[0.712s] -- Installing: /home/latih/ros2-tf-real-robot-project/install/turtlebot3_description/share/turtlebot3_description/local_setup.bash
[0.712s] -- Installing: /home/latih/ros2-tf-real-robot-project/install/turtlebot3_description/share/turtlebot3_description/local_setup.sh
[0.713s] -- Installing: /home/latih/ros2-tf-real-robot-project/install/turtlebot3_description/share/turtlebot3_description/local_setup.zsh
[0.713s] -- Installing: /home/latih/ros2-tf-real-robot-project/install/turtlebot3_description/share/turtlebot3_description/local_setup.dsv
[0.713s] -- Installing: /home/latih/ros2-tf-real-robot-project/install/turtlebot3_description/share/turtlebot3_description/package.dsv
[0.713s] -- Installing: /home/latih/ros2-tf-real-robot-project/install/turtlebot3_description/share/ament_index/resource_index/packages/turtlebot3_description
[0.713s] -- Installing: /home/latih/ros2-tf-real-robot-project/install/turtlebot3_description/share/turtlebot3_description/cmake/turtlebot3_descriptionConfig.cmake
[0.713s] -- Installing: /home/latih/ros2-tf-real-robot-project/install/turtlebot3_description/share/turtlebot3_description/cmake/turtlebot3_descriptionConfig-version.cmake
[0.713s] -- Installing: /home/latih/ros2-tf-real-robot-project/install/turtlebot3_description/share/turtlebot3_description/package.xml
[0.715s] Invoked command in '/home/latih/ros2-tf-real-robot-project/build/turtlebot3_description' returned '0': CMAKE_PREFIX_PATH=${CMAKE_PREFIX_PATH}:/home/latih/ros2-tf-real-robot-project/install/turtlebot3_teleop:/home/latih/ros2-tf-real-robot-project/install/turtlebot3_example:/opt/ros/humble /usr/bin/cmake --install /home/latih/ros2-tf-real-robot-project/build/turtlebot3_description
