[0.014s] Invoking command in '/home/latih/ros2-tf-real-robot-project/build/my_robot_interfaces': CMAKE_PREFIX_PATH=${CMAKE_PREFIX_PATH}:/home/latih/ros2-tf-real-robot-project/install/turtlebot3_teleop:/home/latih/ros2-tf-real-robot-project/install/turtlebot3_example:/opt/ros/humble /usr/bin/cmake --build /home/latih/ros2-tf-real-robot-project/build/my_robot_interfaces -- -j16 -l16
[0.041s] -- Found ament_cmake: 1.3.11 (/opt/ros/humble/share/ament_cmake/cmake)
[0.194s] -- Found rosidl_default_generators: 1.2.0 (/opt/ros/humble/share/rosidl_default_generators/cmake)
[0.201s] -- Using all available rosidl_typesupport_c: rosidl_typesupport_fastrtps_c;rosidl_typesupport_introspection_c
[0.206s] -- Found rosidl_adapter: 3.1.6 (/opt/ros/humble/share/rosidl_adapter/cmake)
[0.248s] -- Using all available rosidl_typesupport_cpp: rosidl_typesupport_fastrtps_cpp;rosidl_typesupport_introspection_cpp
[0.272s] -- Found geometry_msgs: 4.8.0 (/opt/ros/humble/share/geometry_msgs/cmake)
[0.596s] -- Found ament_cmake_ros: 0.10.0 (/opt/ros/humble/share/ament_cmake_ros/cmake)
[0.909s] -- Using all available rosidl_typesupport_c: rosidl_typesupport_fastrtps_c;rosidl_typesupport_introspection_c
[1.242s] -- Using all available rosidl_typesupport_cpp: rosidl_typesupport_fastrtps_cpp;rosidl_typesupport_introspection_cpp
[1.275s] -- Found python_cmake_module: 0.10.0 (/opt/ros/humble/share/python_cmake_module/cmake)
[1.303s] -- Using PYTHON_EXECUTABLE: /usr/bin/python3
[1.303s] -- Using PYTHON_INCLUDE_DIRS: /usr/include/python3.10
[1.304s] -- Using PYTHON_LIBRARIES: /usr/lib/x86_64-linux-gnu/libpython3.10.so
[1.342s] -- Configuring done
[1.373s] -- Generating done
[1.382s] -- Build files have been written to: /home/latih/ros2-tf-real-robot-project/build/my_robot_interfaces
[1.421s] [  2%] [34m[1mGenerating C code for ROS interfaces[0m
[1.443s] [  5%] [34m[1mGenerating C++ code for ROS interfaces[0m
[1.464s] [  5%] Built target ament_cmake_python_copy_my_robot_interfaces
[1.656s] running egg_info
[1.656s] writing my_robot_interfaces.egg-info/PKG-INFO
[1.657s] writing dependency_links to my_robot_interfaces.egg-info/dependency_links.txt
[1.657s] writing top-level names to my_robot_interfaces.egg-info/top_level.txt
[1.660s] reading manifest file 'my_robot_interfaces.egg-info/SOURCES.txt'
[1.660s] writing manifest file 'my_robot_interfaces.egg-info/SOURCES.txt'
[1.710s] [  5%] Built target ament_cmake_python_build_my_robot_interfaces_egg
[1.726s] [35m[1mConsolidate compiler generated dependencies of target my_robot_interfaces__rosidl_generator_c[0m
[1.743s] [  7%] [32mBuilding C object CMakeFiles/my_robot_interfaces__rosidl_generator_c.dir/rosidl_generator_c/my_robot_interfaces/srv/detail/feature_detection__functions.c.o[0m
[1.743s] [ 10%] [32mBuilding C object CMakeFiles/my_robot_interfaces__rosidl_generator_c.dir/rosidl_generator_c/my_robot_interfaces/srv/detail/simple_trajectory__functions.c.o[0m
[1.772s] [ 10%] Built target my_robot_interfaces__cpp
[1.788s] [ 12%] [34m[1mGenerating C++ type support dispatch for ROS interfaces[0m
[1.789s] [ 15%] [34m[1mGenerating C++ type support for eProsima Fast-RTPS[0m
[1.789s] [ 17%] [34m[1mGenerating C++ introspection for ROS interfaces[0m
[1.834s] [ 20%] [32m[1mLinking C shared library libmy_robot_interfaces__rosidl_generator_c.so[0m
[1.899s] [ 20%] Built target my_robot_interfaces__rosidl_generator_c
[1.909s] [ 23%] [34m[1mGenerating C type support for eProsima Fast-RTPS[0m
[1.912s] [ 25%] [34m[1mGenerating C introspection for ROS interfaces[0m
[1.912s] [ 28%] [34m[1mGenerating C type support dispatch for ROS interfaces[0m
[2.060s] [35m[1mConsolidate compiler generated dependencies of target my_robot_interfaces__rosidl_typesupport_cpp[0m
[2.076s] [ 30%] [32mBuilding CXX object CMakeFiles/my_robot_interfaces__rosidl_typesupport_cpp.dir/rosidl_typesupport_cpp/my_robot_interfaces/srv/feature_detection__type_support.cpp.o[0m
[2.078s] [ 33%] [32mBuilding CXX object CMakeFiles/my_robot_interfaces__rosidl_typesupport_cpp.dir/rosidl_typesupport_cpp/my_robot_interfaces/srv/simple_trajectory__type_support.cpp.o[0m
[2.083s] [35m[1mConsolidate compiler generated dependencies of target my_robot_interfaces__rosidl_typesupport_introspection_cpp[0m
[2.106s] [ 38%] [32mBuilding CXX object CMakeFiles/my_robot_interfaces__rosidl_typesupport_introspection_cpp.dir/rosidl_typesupport_introspection_cpp/my_robot_interfaces/srv/detail/simple_trajectory__type_support.cpp.o[0m
[2.106s] [ 38%] [32mBuilding CXX object CMakeFiles/my_robot_interfaces__rosidl_typesupport_introspection_cpp.dir/rosidl_typesupport_introspection_cpp/my_robot_interfaces/srv/detail/feature_detection__type_support.cpp.o[0m
[2.125s] [35m[1mConsolidate compiler generated dependencies of target my_robot_interfaces__rosidl_typesupport_fastrtps_cpp[0m
[2.142s] [ 43%] [32mBuilding CXX object CMakeFiles/my_robot_interfaces__rosidl_typesupport_fastrtps_cpp.dir/rosidl_typesupport_fastrtps_cpp/my_robot_interfaces/srv/detail/dds_fastrtps/feature_detection__type_support.cpp.o[0m
[2.142s] [ 43%] [32mBuilding CXX object CMakeFiles/my_robot_interfaces__rosidl_typesupport_fastrtps_cpp.dir/rosidl_typesupport_fastrtps_cpp/my_robot_interfaces/srv/detail/dds_fastrtps/simple_trajectory__type_support.cpp.o[0m
[2.154s] [35m[1mConsolidate compiler generated dependencies of target my_robot_interfaces__rosidl_typesupport_c[0m
[2.168s] [ 48%] [32mBuilding CXX object CMakeFiles/my_robot_interfaces__rosidl_typesupport_c.dir/rosidl_typesupport_c/my_robot_interfaces/srv/feature_detection__type_support.cpp.o[0m
[2.169s] [ 48%] [32mBuilding CXX object CMakeFiles/my_robot_interfaces__rosidl_typesupport_c.dir/rosidl_typesupport_c/my_robot_interfaces/srv/simple_trajectory__type_support.cpp.o[0m
[2.198s] [35m[1mConsolidate compiler generated dependencies of target my_robot_interfaces__rosidl_typesupport_introspection_c[0m
[2.206s] [ 51%] [32m[1mLinking CXX shared library libmy_robot_interfaces__rosidl_typesupport_c.so[0m
[2.212s] [ 56%] [32mBuilding C object CMakeFiles/my_robot_interfaces__rosidl_typesupport_introspection_c.dir/rosidl_typesupport_introspection_c/my_robot_interfaces/srv/detail/simple_trajectory__type_support.c.o[0m
[2.212s] [ 56%] [32mBuilding C object CMakeFiles/my_robot_interfaces__rosidl_typesupport_introspection_c.dir/rosidl_typesupport_introspection_c/my_robot_interfaces/srv/detail/feature_detection__type_support.c.o[0m
[2.251s] [ 58%] [32m[1mLinking C shared library libmy_robot_interfaces__rosidl_typesupport_introspection_c.so[0m
[2.260s] [ 58%] Built target my_robot_interfaces__rosidl_typesupport_c
[2.289s] [ 58%] Built target my_robot_interfaces__rosidl_typesupport_introspection_c
[2.361s] [ 61%] [32m[1mLinking CXX shared library libmy_robot_interfaces__rosidl_typesupport_cpp.so[0m
[2.386s] [35m[1mConsolidate compiler generated dependencies of target my_robot_interfaces__rosidl_typesupport_fastrtps_c[0m
[2.401s] [ 64%] [32mBuilding CXX object CMakeFiles/my_robot_interfaces__rosidl_typesupport_fastrtps_c.dir/rosidl_typesupport_fastrtps_c/my_robot_interfaces/srv/detail/simple_trajectory__type_support_c.cpp.o[0m
[2.403s] [ 66%] [32mBuilding CXX object CMakeFiles/my_robot_interfaces__rosidl_typesupport_fastrtps_c.dir/rosidl_typesupport_fastrtps_c/my_robot_interfaces/srv/detail/feature_detection__type_support_c.cpp.o[0m
[2.408s] [ 66%] Built target my_robot_interfaces__rosidl_typesupport_cpp
[2.561s] [ 69%] [32m[1mLinking CXX shared library libmy_robot_interfaces__rosidl_typesupport_fastrtps_cpp.so[0m
[2.639s] [ 71%] [32m[1mLinking CXX shared library libmy_robot_interfaces__rosidl_typesupport_introspection_cpp.so[0m
[2.647s] [ 71%] Built target my_robot_interfaces__rosidl_typesupport_fastrtps_cpp
[2.702s] [ 74%] [32m[1mLinking CXX shared library libmy_robot_interfaces__rosidl_typesupport_fastrtps_c.so[0m
[2.723s] [ 74%] Built target my_robot_interfaces__rosidl_typesupport_introspection_cpp
[2.780s] [ 74%] Built target my_robot_interfaces__rosidl_typesupport_fastrtps_c
[2.805s] [ 74%] Built target my_robot_interfaces
[2.832s] [ 76%] [34m[1mGenerating Python code for ROS interfaces[0m
[3.248s] [ 76%] Built target my_robot_interfaces__py
[3.261s] [35m[1mConsolidate compiler generated dependencies of target my_robot_interfaces__rosidl_generator_py[0m
[3.277s] [ 82%] [32mBuilding C object CMakeFiles/my_robot_interfaces__rosidl_generator_py.dir/rosidl_generator_py/my_robot_interfaces/srv/_feature_detection_s.c.o[0m
[3.277s] [ 82%] [32mBuilding C object CMakeFiles/my_robot_interfaces__rosidl_generator_py.dir/rosidl_generator_py/my_robot_interfaces/srv/_simple_trajectory_s.c.o[0m
[3.379s] [ 84%] [32m[1mLinking C shared library rosidl_generator_py/my_robot_interfaces/libmy_robot_interfaces__rosidl_generator_py.so[0m
[3.426s] [ 84%] Built target my_robot_interfaces__rosidl_generator_py
[3.438s] [35m[1mConsolidate compiler generated dependencies of target my_robot_interfaces__rosidl_typesupport_introspection_c__pyext[0m
[3.438s] [35m[1mConsolidate compiler generated dependencies of target my_robot_interfaces__rosidl_typesupport_fastrtps_c__pyext[0m
[3.438s] [35m[1mConsolidate compiler generated dependencies of target my_robot_interfaces__rosidl_typesupport_c__pyext[0m
[3.451s] [ 89%] [32mBuilding C object CMakeFiles/my_robot_interfaces__rosidl_typesupport_introspection_c__pyext.dir/rosidl_generator_py/my_robot_interfaces/_my_robot_interfaces_s.ep.rosidl_typesupport_introspection_c.c.o[0m
[3.451s] [ 89%] [32mBuilding C object CMakeFiles/my_robot_interfaces__rosidl_typesupport_c__pyext.dir/rosidl_generator_py/my_robot_interfaces/_my_robot_interfaces_s.ep.rosidl_typesupport_c.c.o[0m
[3.451s] [ 92%] [32mBuilding C object CMakeFiles/my_robot_interfaces__rosidl_typesupport_fastrtps_c__pyext.dir/rosidl_generator_py/my_robot_interfaces/_my_robot_interfaces_s.ep.rosidl_typesupport_fastrtps_c.c.o[0m
[3.537s] [100%] [32m[1mLinking C shared library rosidl_generator_py/my_robot_interfaces/my_robot_interfaces_s__rosidl_typesupport_introspection_c.cpython-310-x86_64-linux-gnu.so[0m
[3.537s] [100%] [32m[1mLinking C shared library rosidl_generator_py/my_robot_interfaces/my_robot_interfaces_s__rosidl_typesupport_c.cpython-310-x86_64-linux-gnu.so[0m
[3.538s] [100%] [32m[1mLinking C shared library rosidl_generator_py/my_robot_interfaces/my_robot_interfaces_s__rosidl_typesupport_fastrtps_c.cpython-310-x86_64-linux-gnu.so[0m
[3.575s] [100%] Built target my_robot_interfaces__rosidl_typesupport_introspection_c__pyext
[3.578s] [100%] Built target my_robot_interfaces__rosidl_typesupport_c__pyext
[3.578s] [100%] Built target my_robot_interfaces__rosidl_typesupport_fastrtps_c__pyext
[3.592s] Invoked command in '/home/latih/ros2-tf-real-robot-project/build/my_robot_interfaces' returned '0': CMAKE_PREFIX_PATH=${CMAKE_PREFIX_PATH}:/home/latih/ros2-tf-real-robot-project/install/turtlebot3_teleop:/home/latih/ros2-tf-real-robot-project/install/turtlebot3_example:/opt/ros/humble /usr/bin/cmake --build /home/latih/ros2-tf-real-robot-project/build/my_robot_interfaces -- -j16 -l16
[3.603s] Invoking command in '/home/latih/ros2-tf-real-robot-project/build/my_robot_interfaces': CMAKE_PREFIX_PATH=${CMAKE_PREFIX_PATH}:/home/latih/ros2-tf-real-robot-project/install/turtlebot3_teleop:/home/latih/ros2-tf-real-robot-project/install/turtlebot3_example:/opt/ros/humble /usr/bin/cmake --install /home/latih/ros2-tf-real-robot-project/build/my_robot_interfaces
[3.614s] -- Install configuration: ""
[3.614s] -- Installing: /home/latih/ros2-tf-real-robot-project/install/my_robot_interfaces/share/ament_index/resource_index/rosidl_interfaces/my_robot_interfaces
[3.614s] -- Up-to-date: /home/latih/ros2-tf-real-robot-project/install/my_robot_interfaces/include/my_robot_interfaces/my_robot_interfaces
[3.614s] -- Up-to-date: /home/latih/ros2-tf-real-robot-project/install/my_robot_interfaces/include/my_robot_interfaces/my_robot_interfaces/msg
[3.614s] -- Up-to-date: /home/latih/ros2-tf-real-robot-project/install/my_robot_interfaces/include/my_robot_interfaces/my_robot_interfaces/msg/rosidl_generator_c__visibility_control.h
[3.614s] -- Up-to-date: /home/latih/ros2-tf-real-robot-project/install/my_robot_interfaces/include/my_robot_interfaces/my_robot_interfaces/srv
[3.614s] -- Up-to-date: /home/latih/ros2-tf-real-robot-project/install/my_robot_interfaces/include/my_robot_interfaces/my_robot_interfaces/srv/detail
[3.614s] -- Installing: /home/latih/ros2-tf-real-robot-project/install/my_robot_interfaces/include/my_robot_interfaces/my_robot_interfaces/srv/detail/simple_trajectory__struct.h
[3.614s] -- Installing: /home/latih/ros2-tf-real-robot-project/install/my_robot_interfaces/include/my_robot_interfaces/my_robot_interfaces/srv/detail/feature_detection__struct.h
[3.614s] -- Installing: /home/latih/ros2-tf-real-robot-project/install/my_robot_interfaces/include/my_robot_interfaces/my_robot_interfaces/srv/detail/feature_detection__type_support.h
[3.614s] -- Installing: /home/latih/ros2-tf-real-robot-project/install/my_robot_interfaces/include/my_robot_interfaces/my_robot_interfaces/srv/detail/simple_trajectory__functions.h
[3.614s] -- Installing: /home/latih/ros2-tf-real-robot-project/install/my_robot_interfaces/include/my_robot_interfaces/my_robot_interfaces/srv/detail/simple_trajectory__functions.c
[3.614s] -- Installing: /home/latih/ros2-tf-real-robot-project/install/my_robot_interfaces/include/my_robot_interfaces/my_robot_interfaces/srv/detail/feature_detection__functions.c
[3.614s] -- Installing: /home/latih/ros2-tf-real-robot-project/install/my_robot_interfaces/include/my_robot_interfaces/my_robot_interfaces/srv/detail/feature_detection__functions.h
[3.615s] -- Installing: /home/latih/ros2-tf-real-robot-project/install/my_robot_interfaces/include/my_robot_interfaces/my_robot_interfaces/srv/detail/simple_trajectory__type_support.h
[3.615s] -- Installing: /home/latih/ros2-tf-real-robot-project/install/my_robot_interfaces/include/my_robot_interfaces/my_robot_interfaces/srv/feature_detection.h
[3.615s] -- Installing: /home/latih/ros2-tf-real-robot-project/install/my_robot_interfaces/include/my_robot_interfaces/my_robot_interfaces/srv/simple_trajectory.h
[3.615s] -- Up-to-date: /home/latih/ros2-tf-real-robot-project/install/my_robot_interfaces/share/my_robot_interfaces/environment/library_path.sh
[3.615s] -- Installing: /home/latih/ros2-tf-real-robot-project/install/my_robot_interfaces/share/my_robot_interfaces/environment/library_path.dsv
[3.615s] -- Installing: /home/latih/ros2-tf-real-robot-project/install/my_robot_interfaces/lib/libmy_robot_interfaces__rosidl_generator_c.so
[3.616s] -- Set runtime path of "/home/latih/ros2-tf-real-robot-project/install/my_robot_interfaces/lib/libmy_robot_interfaces__rosidl_generator_c.so" to ""
[3.616s] -- Up-to-date: /home/latih/ros2-tf-real-robot-project/install/my_robot_interfaces/include/my_robot_interfaces/my_robot_interfaces
[3.616s] -- Up-to-date: /home/latih/ros2-tf-real-robot-project/install/my_robot_interfaces/include/my_robot_interfaces/my_robot_interfaces/msg
[3.616s] -- Up-to-date: /home/latih/ros2-tf-real-robot-project/install/my_robot_interfaces/include/my_robot_interfaces/my_robot_interfaces/msg/rosidl_typesupport_fastrtps_c__visibility_control.h
[3.616s] -- Up-to-date: /home/latih/ros2-tf-real-robot-project/install/my_robot_interfaces/include/my_robot_interfaces/my_robot_interfaces/srv
[3.616s] -- Up-to-date: /home/latih/ros2-tf-real-robot-project/install/my_robot_interfaces/include/my_robot_interfaces/my_robot_interfaces/srv/detail
[3.616s] -- Installing: /home/latih/ros2-tf-real-robot-project/install/my_robot_interfaces/include/my_robot_interfaces/my_robot_interfaces/srv/detail/feature_detection__rosidl_typesupport_fastrtps_c.h
[3.616s] -- Installing: /home/latih/ros2-tf-real-robot-project/install/my_robot_interfaces/include/my_robot_interfaces/my_robot_interfaces/srv/detail/simple_trajectory__rosidl_typesupport_fastrtps_c.h
[3.617s] -- Installing: /home/latih/ros2-tf-real-robot-project/install/my_robot_interfaces/lib/libmy_robot_interfaces__rosidl_typesupport_fastrtps_c.so
[3.617s] -- Set runtime path of "/home/latih/ros2-tf-real-robot-project/install/my_robot_interfaces/lib/libmy_robot_interfaces__rosidl_typesupport_fastrtps_c.so" to ""
[3.617s] -- Up-to-date: /home/latih/ros2-tf-real-robot-project/install/my_robot_interfaces/include/my_robot_interfaces/my_robot_interfaces
[3.617s] -- Up-to-date: /home/latih/ros2-tf-real-robot-project/install/my_robot_interfaces/include/my_robot_interfaces/my_robot_interfaces/msg
[3.617s] -- Up-to-date: /home/latih/ros2-tf-real-robot-project/install/my_robot_interfaces/include/my_robot_interfaces/my_robot_interfaces/msg/rosidl_typesupport_introspection_c__visibility_control.h
[3.618s] -- Up-to-date: /home/latih/ros2-tf-real-robot-project/install/my_robot_interfaces/include/my_robot_interfaces/my_robot_interfaces/srv
[3.618s] -- Up-to-date: /home/latih/ros2-tf-real-robot-project/install/my_robot_interfaces/include/my_robot_interfaces/my_robot_interfaces/srv/detail
[3.618s] -- Installing: /home/latih/ros2-tf-real-robot-project/install/my_robot_interfaces/include/my_robot_interfaces/my_robot_interfaces/srv/detail/simple_trajectory__type_support.c
[3.618s] -- Installing: /home/latih/ros2-tf-real-robot-project/install/my_robot_interfaces/include/my_robot_interfaces/my_robot_interfaces/srv/detail/feature_detection__type_support.c
[3.618s] -- Installing: /home/latih/ros2-tf-real-robot-project/install/my_robot_interfaces/include/my_robot_interfaces/my_robot_interfaces/srv/detail/simple_trajectory__rosidl_typesupport_introspection_c.h
[3.618s] -- Installing: /home/latih/ros2-tf-real-robot-project/install/my_robot_interfaces/include/my_robot_interfaces/my_robot_interfaces/srv/detail/feature_detection__rosidl_typesupport_introspection_c.h
[3.620s] -- Installing: /home/latih/ros2-tf-real-robot-project/install/my_robot_interfaces/lib/libmy_robot_interfaces__rosidl_typesupport_introspection_c.so
[3.621s] -- Set runtime path of "/home/latih/ros2-tf-real-robot-project/install/my_robot_interfaces/lib/libmy_robot_interfaces__rosidl_typesupport_introspection_c.so" to ""
[3.621s] -- Installing: /home/latih/ros2-tf-real-robot-project/install/my_robot_interfaces/lib/libmy_robot_interfaces__rosidl_typesupport_c.so
[3.621s] -- Set runtime path of "/home/latih/ros2-tf-real-robot-project/install/my_robot_interfaces/lib/libmy_robot_interfaces__rosidl_typesupport_c.so" to ""
[3.621s] -- Up-to-date: /home/latih/ros2-tf-real-robot-project/install/my_robot_interfaces/include/my_robot_interfaces/my_robot_interfaces
[3.621s] -- Up-to-date: /home/latih/ros2-tf-real-robot-project/install/my_robot_interfaces/include/my_robot_interfaces/my_robot_interfaces/msg
[3.621s] -- Up-to-date: /home/latih/ros2-tf-real-robot-project/install/my_robot_interfaces/include/my_robot_interfaces/my_robot_interfaces/msg/rosidl_generator_cpp__visibility_control.hpp
[3.621s] -- Up-to-date: /home/latih/ros2-tf-real-robot-project/install/my_robot_interfaces/include/my_robot_interfaces/my_robot_interfaces/srv
[3.621s] -- Up-to-date: /home/latih/ros2-tf-real-robot-project/install/my_robot_interfaces/include/my_robot_interfaces/my_robot_interfaces/srv/detail
[3.621s] -- Installing: /home/latih/ros2-tf-real-robot-project/install/my_robot_interfaces/include/my_robot_interfaces/my_robot_interfaces/srv/detail/feature_detection__struct.hpp
[3.622s] -- Installing: /home/latih/ros2-tf-real-robot-project/install/my_robot_interfaces/include/my_robot_interfaces/my_robot_interfaces/srv/detail/feature_detection__traits.hpp
[3.622s] -- Installing: /home/latih/ros2-tf-real-robot-project/install/my_robot_interfaces/include/my_robot_interfaces/my_robot_interfaces/srv/detail/simple_trajectory__traits.hpp
[3.622s] -- Installing: /home/latih/ros2-tf-real-robot-project/install/my_robot_interfaces/include/my_robot_interfaces/my_robot_interfaces/srv/detail/feature_detection__type_support.hpp
[3.622s] -- Installing: /home/latih/ros2-tf-real-robot-project/install/my_robot_interfaces/include/my_robot_interfaces/my_robot_interfaces/srv/detail/feature_detection__builder.hpp
[3.622s] -- Installing: /home/latih/ros2-tf-real-robot-project/install/my_robot_interfaces/include/my_robot_interfaces/my_robot_interfaces/srv/detail/simple_trajectory__struct.hpp
[3.622s] -- Installing: /home/latih/ros2-tf-real-robot-project/install/my_robot_interfaces/include/my_robot_interfaces/my_robot_interfaces/srv/detail/simple_trajectory__builder.hpp
[3.622s] -- Installing: /home/latih/ros2-tf-real-robot-project/install/my_robot_interfaces/include/my_robot_interfaces/my_robot_interfaces/srv/detail/simple_trajectory__type_support.hpp
[3.623s] -- Installing: /home/latih/ros2-tf-real-robot-project/install/my_robot_interfaces/include/my_robot_interfaces/my_robot_interfaces/srv/simple_trajectory.hpp
[3.623s] -- Installing: /home/latih/ros2-tf-real-robot-project/install/my_robot_interfaces/include/my_robot_interfaces/my_robot_interfaces/srv/feature_detection.hpp
[3.623s] -- Up-to-date: /home/latih/ros2-tf-real-robot-project/install/my_robot_interfaces/include/my_robot_interfaces/my_robot_interfaces
[3.623s] -- Up-to-date: /home/latih/ros2-tf-real-robot-project/install/my_robot_interfaces/include/my_robot_interfaces/my_robot_interfaces/msg
[3.623s] -- Up-to-date: /home/latih/ros2-tf-real-robot-project/install/my_robot_interfaces/include/my_robot_interfaces/my_robot_interfaces/msg/rosidl_typesupport_fastrtps_cpp__visibility_control.h
[3.623s] -- Up-to-date: /home/latih/ros2-tf-real-robot-project/install/my_robot_interfaces/include/my_robot_interfaces/my_robot_interfaces/srv
[3.623s] -- Up-to-date: /home/latih/ros2-tf-real-robot-project/install/my_robot_interfaces/include/my_robot_interfaces/my_robot_interfaces/srv/detail
[3.623s] -- Installing: /home/latih/ros2-tf-real-robot-project/install/my_robot_interfaces/include/my_robot_interfaces/my_robot_interfaces/srv/detail/feature_detection__rosidl_typesupport_fastrtps_cpp.hpp
[3.623s] -- Up-to-date: /home/latih/ros2-tf-real-robot-project/install/my_robot_interfaces/include/my_robot_interfaces/my_robot_interfaces/srv/detail/dds_fastrtps
[3.623s] -- Installing: /home/latih/ros2-tf-real-robot-project/install/my_robot_interfaces/include/my_robot_interfaces/my_robot_interfaces/srv/detail/simple_trajectory__rosidl_typesupport_fastrtps_cpp.hpp
[3.624s] -- Installing: /home/latih/ros2-tf-real-robot-project/install/my_robot_interfaces/lib/libmy_robot_interfaces__rosidl_typesupport_fastrtps_cpp.so
[3.624s] -- Set runtime path of "/home/latih/ros2-tf-real-robot-project/install/my_robot_interfaces/lib/libmy_robot_interfaces__rosidl_typesupport_fastrtps_cpp.so" to ""
[3.624s] -- Up-to-date: /home/latih/ros2-tf-real-robot-project/install/my_robot_interfaces/include/my_robot_interfaces/my_robot_interfaces
[3.624s] -- Up-to-date: /home/latih/ros2-tf-real-robot-project/install/my_robot_interfaces/include/my_robot_interfaces/my_robot_interfaces/srv
[3.624s] -- Up-to-date: /home/latih/ros2-tf-real-robot-project/install/my_robot_interfaces/include/my_robot_interfaces/my_robot_interfaces/srv/detail
[3.624s] -- Installing: /home/latih/ros2-tf-real-robot-project/install/my_robot_interfaces/include/my_robot_interfaces/my_robot_interfaces/srv/detail/feature_detection__rosidl_typesupport_introspection_cpp.hpp
[3.624s] -- Installing: /home/latih/ros2-tf-real-robot-project/install/my_robot_interfaces/include/my_robot_interfaces/my_robot_interfaces/srv/detail/simple_trajectory__type_support.cpp
[3.625s] -- Installing: /home/latih/ros2-tf-real-robot-project/install/my_robot_interfaces/include/my_robot_interfaces/my_robot_interfaces/srv/detail/feature_detection__type_support.cpp
[3.625s] -- Installing: /home/latih/ros2-tf-real-robot-project/install/my_robot_interfaces/include/my_robot_interfaces/my_robot_interfaces/srv/detail/simple_trajectory__rosidl_typesupport_introspection_cpp.hpp
[3.625s] -- Installing: /home/latih/ros2-tf-real-robot-project/install/my_robot_interfaces/lib/libmy_robot_interfaces__rosidl_typesupport_introspection_cpp.so
[3.625s] -- Set runtime path of "/home/latih/ros2-tf-real-robot-project/install/my_robot_interfaces/lib/libmy_robot_interfaces__rosidl_typesupport_introspection_cpp.so" to ""
[3.625s] -- Installing: /home/latih/ros2-tf-real-robot-project/install/my_robot_interfaces/lib/libmy_robot_interfaces__rosidl_typesupport_cpp.so
[3.625s] -- Set runtime path of "/home/latih/ros2-tf-real-robot-project/install/my_robot_interfaces/lib/libmy_robot_interfaces__rosidl_typesupport_cpp.so" to ""
[3.626s] -- Up-to-date: /home/latih/ros2-tf-real-robot-project/install/my_robot_interfaces/share/my_robot_interfaces/environment/pythonpath.sh
[3.626s] -- Installing: /home/latih/ros2-tf-real-robot-project/install/my_robot_interfaces/share/my_robot_interfaces/environment/pythonpath.dsv
[3.626s] -- Up-to-date: /home/latih/ros2-tf-real-robot-project/install/my_robot_interfaces/local/lib/python3.10/dist-packages/my_robot_interfaces-0.0.0-py3.10.egg-info
[3.626s] -- Installing: /home/latih/ros2-tf-real-robot-project/install/my_robot_interfaces/local/lib/python3.10/dist-packages/my_robot_interfaces-0.0.0-py3.10.egg-info/top_level.txt
[3.626s] -- Installing: /home/latih/ros2-tf-real-robot-project/install/my_robot_interfaces/local/lib/python3.10/dist-packages/my_robot_interfaces-0.0.0-py3.10.egg-info/PKG-INFO
[3.626s] -- Installing: /home/latih/ros2-tf-real-robot-project/install/my_robot_interfaces/local/lib/python3.10/dist-packages/my_robot_interfaces-0.0.0-py3.10.egg-info/SOURCES.txt
[3.626s] -- Installing: /home/latih/ros2-tf-real-robot-project/install/my_robot_interfaces/local/lib/python3.10/dist-packages/my_robot_interfaces-0.0.0-py3.10.egg-info/dependency_links.txt
[3.626s] -- Up-to-date: /home/latih/ros2-tf-real-robot-project/install/my_robot_interfaces/local/lib/python3.10/dist-packages/my_robot_interfaces
[3.626s] -- Installing: /home/latih/ros2-tf-real-robot-project/install/my_robot_interfaces/local/lib/python3.10/dist-packages/my_robot_interfaces/_my_robot_interfaces_s.ep.rosidl_typesupport_introspection_c.c
[3.626s] -- Installing: /home/latih/ros2-tf-real-robot-project/install/my_robot_interfaces/local/lib/python3.10/dist-packages/my_robot_interfaces/_my_robot_interfaces_s.ep.rosidl_typesupport_c.c
[3.626s] -- Installing: /home/latih/ros2-tf-real-robot-project/install/my_robot_interfaces/local/lib/python3.10/dist-packages/my_robot_interfaces/my_robot_interfaces_s__rosidl_typesupport_introspection_c.cpython-310-x86_64-linux-gnu.so
[3.626s] -- Installing: /home/latih/ros2-tf-real-robot-project/install/my_robot_interfaces/local/lib/python3.10/dist-packages/my_robot_interfaces/__init__.py
[3.626s] -- Up-to-date: /home/latih/ros2-tf-real-robot-project/install/my_robot_interfaces/local/lib/python3.10/dist-packages/my_robot_interfaces/srv
[3.626s] -- Installing: /home/latih/ros2-tf-real-robot-project/install/my_robot_interfaces/local/lib/python3.10/dist-packages/my_robot_interfaces/srv/_simple_trajectory_s.c
[3.626s] -- Installing: /home/latih/ros2-tf-real-robot-project/install/my_robot_interfaces/local/lib/python3.10/dist-packages/my_robot_interfaces/srv/__init__.py
[3.626s] -- Installing: /home/latih/ros2-tf-real-robot-project/install/my_robot_interfaces/local/lib/python3.10/dist-packages/my_robot_interfaces/srv/_simple_trajectory.py
[3.627s] -- Installing: /home/latih/ros2-tf-real-robot-project/install/my_robot_interfaces/local/lib/python3.10/dist-packages/my_robot_interfaces/srv/_feature_detection_s.c
[3.627s] -- Installing: /home/latih/ros2-tf-real-robot-project/install/my_robot_interfaces/local/lib/python3.10/dist-packages/my_robot_interfaces/srv/_feature_detection.py
[3.627s] -- Installing: /home/latih/ros2-tf-real-robot-project/install/my_robot_interfaces/local/lib/python3.10/dist-packages/my_robot_interfaces/libmy_robot_interfaces__rosidl_generator_py.so
[3.627s] -- Installing: /home/latih/ros2-tf-real-robot-project/install/my_robot_interfaces/local/lib/python3.10/dist-packages/my_robot_interfaces/my_robot_interfaces_s__rosidl_typesupport_fastrtps_c.cpython-310-x86_64-linux-gnu.so
[3.627s] -- Installing: /home/latih/ros2-tf-real-robot-project/install/my_robot_interfaces/local/lib/python3.10/dist-packages/my_robot_interfaces/my_robot_interfaces_s__rosidl_typesupport_c.cpython-310-x86_64-linux-gnu.so
[3.627s] -- Installing: /home/latih/ros2-tf-real-robot-project/install/my_robot_interfaces/local/lib/python3.10/dist-packages/my_robot_interfaces/_my_robot_interfaces_s.ep.rosidl_typesupport_fastrtps_c.c
[3.660s] Listing '/home/latih/ros2-tf-real-robot-project/install/my_robot_interfaces/local/lib/python3.10/dist-packages/my_robot_interfaces'...
[3.660s] Compiling '/home/latih/ros2-tf-real-robot-project/install/my_robot_interfaces/local/lib/python3.10/dist-packages/my_robot_interfaces/__init__.py'...
[3.660s] Listing '/home/latih/ros2-tf-real-robot-project/install/my_robot_interfaces/local/lib/python3.10/dist-packages/my_robot_interfaces/srv'...
[3.660s] Compiling '/home/latih/ros2-tf-real-robot-project/install/my_robot_interfaces/local/lib/python3.10/dist-packages/my_robot_interfaces/srv/__init__.py'...
[3.660s] Compiling '/home/latih/ros2-tf-real-robot-project/install/my_robot_interfaces/local/lib/python3.10/dist-packages/my_robot_interfaces/srv/_feature_detection.py'...
[3.660s] Compiling '/home/latih/ros2-tf-real-robot-project/install/my_robot_interfaces/local/lib/python3.10/dist-packages/my_robot_interfaces/srv/_simple_trajectory.py'...
[3.665s] -- Installing: /home/latih/ros2-tf-real-robot-project/install/my_robot_interfaces/local/lib/python3.10/dist-packages/my_robot_interfaces/my_robot_interfaces_s__rosidl_typesupport_fastrtps_c.cpython-310-x86_64-linux-gnu.so
[3.665s] -- Set runtime path of "/home/latih/ros2-tf-real-robot-project/install/my_robot_interfaces/local/lib/python3.10/dist-packages/my_robot_interfaces/my_robot_interfaces_s__rosidl_typesupport_fastrtps_c.cpython-310-x86_64-linux-gnu.so" to ""
[3.665s] -- Installing: /home/latih/ros2-tf-real-robot-project/install/my_robot_interfaces/local/lib/python3.10/dist-packages/my_robot_interfaces/my_robot_interfaces_s__rosidl_typesupport_introspection_c.cpython-310-x86_64-linux-gnu.so
[3.665s] -- Set runtime path of "/home/latih/ros2-tf-real-robot-project/install/my_robot_interfaces/local/lib/python3.10/dist-packages/my_robot_interfaces/my_robot_interfaces_s__rosidl_typesupport_introspection_c.cpython-310-x86_64-linux-gnu.so" to ""
[3.665s] -- Installing: /home/latih/ros2-tf-real-robot-project/install/my_robot_interfaces/local/lib/python3.10/dist-packages/my_robot_interfaces/my_robot_interfaces_s__rosidl_typesupport_c.cpython-310-x86_64-linux-gnu.so
[3.666s] -- Set runtime path of "/home/latih/ros2-tf-real-robot-project/install/my_robot_interfaces/local/lib/python3.10/dist-packages/my_robot_interfaces/my_robot_interfaces_s__rosidl_typesupport_c.cpython-310-x86_64-linux-gnu.so" to ""
[3.666s] -- Installing: /home/latih/ros2-tf-real-robot-project/install/my_robot_interfaces/lib/libmy_robot_interfaces__rosidl_generator_py.so
[3.666s] -- Set runtime path of "/home/latih/ros2-tf-real-robot-project/install/my_robot_interfaces/lib/libmy_robot_interfaces__rosidl_generator_py.so" to ""
[3.666s] -- Up-to-date: /home/latih/ros2-tf-real-robot-project/install/my_robot_interfaces/share/my_robot_interfaces/srv/FeatureDetection.idl
[3.666s] -- Installing: /home/latih/ros2-tf-real-robot-project/install/my_robot_interfaces/share/my_robot_interfaces/srv/SimpleTrajectory.idl
[3.666s] -- Up-to-date: /home/latih/ros2-tf-real-robot-project/install/my_robot_interfaces/share/my_robot_interfaces/srv/FeatureDetection.srv
[3.666s] -- Up-to-date: /home/latih/ros2-tf-real-robot-project/install/my_robot_interfaces/share/my_robot_interfaces/srv/FeatureDetection_Request.msg
[3.666s] -- Up-to-date: /home/latih/ros2-tf-real-robot-project/install/my_robot_interfaces/share/my_robot_interfaces/srv/FeatureDetection_Response.msg
[3.666s] -- Installing: /home/latih/ros2-tf-real-robot-project/install/my_robot_interfaces/share/my_robot_interfaces/srv/SimpleTrajectory.srv
[3.666s] -- Installing: /home/latih/ros2-tf-real-robot-project/install/my_robot_interfaces/share/my_robot_interfaces/srv/SimpleTrajectory_Request.msg
[3.666s] -- Installing: /home/latih/ros2-tf-real-robot-project/install/my_robot_interfaces/share/my_robot_interfaces/srv/SimpleTrajectory_Response.msg
[3.667s] -- Up-to-date: /home/latih/ros2-tf-real-robot-project/install/my_robot_interfaces/share/ament_index/resource_index/package_run_dependencies/my_robot_interfaces
[3.667s] -- Installing: /home/latih/ros2-tf-real-robot-project/install/my_robot_interfaces/share/ament_index/resource_index/parent_prefix_path/my_robot_interfaces
[3.667s] -- Up-to-date: /home/latih/ros2-tf-real-robot-project/install/my_robot_interfaces/share/my_robot_interfaces/environment/ament_prefix_path.sh
[3.667s] -- Installing: /home/latih/ros2-tf-real-robot-project/install/my_robot_interfaces/share/my_robot_interfaces/environment/ament_prefix_path.dsv
[3.667s] -- Up-to-date: /home/latih/ros2-tf-real-robot-project/install/my_robot_interfaces/share/my_robot_interfaces/environment/path.sh
[3.667s] -- Installing: /home/latih/ros2-tf-real-robot-project/install/my_robot_interfaces/share/my_robot_interfaces/environment/path.dsv
[3.667s] -- Up-to-date: /home/latih/ros2-tf-real-robot-project/install/my_robot_interfaces/share/my_robot_interfaces/local_setup.bash
[3.667s] -- Up-to-date: /home/latih/ros2-tf-real-robot-project/install/my_robot_interfaces/share/my_robot_interfaces/local_setup.sh
[3.667s] -- Up-to-date: /home/latih/ros2-tf-real-robot-project/install/my_robot_interfaces/share/my_robot_interfaces/local_setup.zsh
[3.667s] -- Installing: /home/latih/ros2-tf-real-robot-project/install/my_robot_interfaces/share/my_robot_interfaces/local_setup.dsv
[3.667s] -- Installing: /home/latih/ros2-tf-real-robot-project/install/my_robot_interfaces/share/my_robot_interfaces/package.dsv
[3.667s] -- Up-to-date: /home/latih/ros2-tf-real-robot-project/install/my_robot_interfaces/share/ament_index/resource_index/packages/my_robot_interfaces
[3.667s] -- Up-to-date: /home/latih/ros2-tf-real-robot-project/install/my_robot_interfaces/share/my_robot_interfaces/cmake/export_my_robot_interfaces__rosidl_generator_cExport.cmake
[3.667s] -- Up-to-date: /home/latih/ros2-tf-real-robot-project/install/my_robot_interfaces/share/my_robot_interfaces/cmake/export_my_robot_interfaces__rosidl_generator_cExport-noconfig.cmake
[3.667s] -- Up-to-date: /home/latih/ros2-tf-real-robot-project/install/my_robot_interfaces/share/my_robot_interfaces/cmake/export_my_robot_interfaces__rosidl_typesupport_fastrtps_cExport.cmake
[3.667s] -- Up-to-date: /home/latih/ros2-tf-real-robot-project/install/my_robot_interfaces/share/my_robot_interfaces/cmake/export_my_robot_interfaces__rosidl_typesupport_fastrtps_cExport-noconfig.cmake
[3.668s] -- Up-to-date: /home/latih/ros2-tf-real-robot-project/install/my_robot_interfaces/share/my_robot_interfaces/cmake/my_robot_interfaces__rosidl_typesupport_introspection_cExport.cmake
[3.668s] -- Up-to-date: /home/latih/ros2-tf-real-robot-project/install/my_robot_interfaces/share/my_robot_interfaces/cmake/my_robot_interfaces__rosidl_typesupport_introspection_cExport-noconfig.cmake
[3.668s] -- Up-to-date: /home/latih/ros2-tf-real-robot-project/install/my_robot_interfaces/share/my_robot_interfaces/cmake/my_robot_interfaces__rosidl_typesupport_cExport.cmake
[3.668s] -- Up-to-date: /home/latih/ros2-tf-real-robot-project/install/my_robot_interfaces/share/my_robot_interfaces/cmake/my_robot_interfaces__rosidl_typesupport_cExport-noconfig.cmake
[3.668s] -- Up-to-date: /home/latih/ros2-tf-real-robot-project/install/my_robot_interfaces/share/my_robot_interfaces/cmake/export_my_robot_interfaces__rosidl_generator_cppExport.cmake
[3.668s] -- Up-to-date: /home/latih/ros2-tf-real-robot-project/install/my_robot_interfaces/share/my_robot_interfaces/cmake/export_my_robot_interfaces__rosidl_typesupport_fastrtps_cppExport.cmake
[3.668s] -- Up-to-date: /home/latih/ros2-tf-real-robot-project/install/my_robot_interfaces/share/my_robot_interfaces/cmake/export_my_robot_interfaces__rosidl_typesupport_fastrtps_cppExport-noconfig.cmake
[3.668s] -- Up-to-date: /home/latih/ros2-tf-real-robot-project/install/my_robot_interfaces/share/my_robot_interfaces/cmake/my_robot_interfaces__rosidl_typesupport_introspection_cppExport.cmake
[3.668s] -- Up-to-date: /home/latih/ros2-tf-real-robot-project/install/my_robot_interfaces/share/my_robot_interfaces/cmake/my_robot_interfaces__rosidl_typesupport_introspection_cppExport-noconfig.cmake
[3.668s] -- Up-to-date: /home/latih/ros2-tf-real-robot-project/install/my_robot_interfaces/share/my_robot_interfaces/cmake/my_robot_interfaces__rosidl_typesupport_cppExport.cmake
[3.668s] -- Up-to-date: /home/latih/ros2-tf-real-robot-project/install/my_robot_interfaces/share/my_robot_interfaces/cmake/my_robot_interfaces__rosidl_typesupport_cppExport-noconfig.cmake
[3.669s] -- Up-to-date: /home/latih/ros2-tf-real-robot-project/install/my_robot_interfaces/share/my_robot_interfaces/cmake/export_my_robot_interfaces__rosidl_generator_pyExport.cmake
[3.669s] -- Up-to-date: /home/latih/ros2-tf-real-robot-project/install/my_robot_interfaces/share/my_robot_interfaces/cmake/export_my_robot_interfaces__rosidl_generator_pyExport-noconfig.cmake
[3.669s] -- Installing: /home/latih/ros2-tf-real-robot-project/install/my_robot_interfaces/share/my_robot_interfaces/cmake/rosidl_cmake-extras.cmake
[3.669s] -- Up-to-date: /home/latih/ros2-tf-real-robot-project/install/my_robot_interfaces/share/my_robot_interfaces/cmake/ament_cmake_export_dependencies-extras.cmake
[3.669s] -- Up-to-date: /home/latih/ros2-tf-real-robot-project/install/my_robot_interfaces/share/my_robot_interfaces/cmake/ament_cmake_export_include_directories-extras.cmake
[3.669s] -- Up-to-date: /home/latih/ros2-tf-real-robot-project/install/my_robot_interfaces/share/my_robot_interfaces/cmake/ament_cmake_export_libraries-extras.cmake
[3.669s] -- Up-to-date: /home/latih/ros2-tf-real-robot-project/install/my_robot_interfaces/share/my_robot_interfaces/cmake/ament_cmake_export_targets-extras.cmake
[3.669s] -- Up-to-date: /home/latih/ros2-tf-real-robot-project/install/my_robot_interfaces/share/my_robot_interfaces/cmake/rosidl_cmake_export_typesupport_targets-extras.cmake
[3.669s] -- Up-to-date: /home/latih/ros2-tf-real-robot-project/install/my_robot_interfaces/share/my_robot_interfaces/cmake/rosidl_cmake_export_typesupport_libraries-extras.cmake
[3.669s] -- Up-to-date: /home/latih/ros2-tf-real-robot-project/install/my_robot_interfaces/share/my_robot_interfaces/cmake/my_robot_interfacesConfig.cmake
[3.669s] -- Up-to-date: /home/latih/ros2-tf-real-robot-project/install/my_robot_interfaces/share/my_robot_interfaces/cmake/my_robot_interfacesConfig-version.cmake
[3.669s] -- Up-to-date: /home/latih/ros2-tf-real-robot-project/install/my_robot_interfaces/share/my_robot_interfaces/package.xml
[3.672s] Invoked command in '/home/latih/ros2-tf-real-robot-project/build/my_robot_interfaces' returned '0': CMAKE_PREFIX_PATH=${CMAKE_PREFIX_PATH}:/home/latih/ros2-tf-real-robot-project/install/turtlebot3_teleop:/home/latih/ros2-tf-real-robot-project/install/turtlebot3_example:/opt/ros/humble /usr/bin/cmake --install /home/latih/ros2-tf-real-robot-project/build/my_robot_interfaces
