In file included from [01m[K/opt/ros/humble/include/rclcpp/rclcpp/logging.hpp:24[m[K,
                 from [01m[K/opt/ros/humble/include/rclcpp/rclcpp/client.hpp:40[m[K,
                 from [01m[K/opt/ros/humble/include/rclcpp/rclcpp/callback_group.hpp:24[m[K,
                 from [01m[K/opt/ros/humble/include/rclcpp/rclcpp/any_executable.hpp:20[m[K,
                 from [01m[K/opt/ros/humble/include/rclcpp/rclcpp/memory_strategy.hpp:25[m[K,
                 from [01m[K/opt/ros/humble/include/rclcpp/rclcpp/memory_strategies.hpp:18[m[K,
                 from [01m[K/opt/ros/humble/include/rclcpp/rclcpp/executor_options.hpp:20[m[K,
                 from [01m[K/opt/ros/humble/include/rclcpp/rclcpp/executor.hpp:37[m[K,
                 from [01m[K/opt/ros/humble/include/rclcpp/rclcpp/executors/multi_threaded_executor.hpp:25[m[K,
                 from [01m[K/opt/ros/humble/include/rclcpp/rclcpp/executors.hpp:21[m[K,
                 from [01m[K/opt/ros/humble/include/rclcpp/rclcpp/rclcpp.hpp:155[m[K,
                 from [01m[K/home/latih/ros2-tf-real-robot-project/ros2_ws/src/ros2_tf_project/src/feature_detector.cpp:1[m[K:
[01m[K/home/latih/ros2-tf-real-robot-project/ros2_ws/src/ros2_tf_project/src/feature_detector.cpp:[m[K In member function ‘[01m[Kint FeatureDetector::splitAndMerge(const std::vector<cv::Point_<float> >&, std::vector<std::vector<cv::Point_<float> > >&, float)[m[K’:
[01m[K/home/latih/ros2-tf-real-robot-project/ros2_ws/src/ros2_tf_project/src/feature_detector.cpp:111:41:[m[K [01;35m[Kwarning: [m[Kformat ‘[01m[K%d[m[K’ expects argument of type ‘[01m[Kint[m[K’, but argument 5 has type ‘[01m[Ksize_t[m[K’ {aka ‘[01m[Klong unsigned int[m[K’} [[01;35m[K]8;;https://gcc.gnu.org/onlinedocs/gcc/Warning-Options.html#index-Wformat=-Wformat=]8;;[m[K]
  111 | is->get_logger(), [01;35m[K"index: %d"[m[K, [32m[Kindex[m[K);
      |                   [01;35m[K^~~~~~~~~~~[m[K  [32m[K~~~~~[m[K
      |                                [32m[K|[m[K
      |                                [32m[Ksize_t {aka long unsigned int}[m[K

[01m[K/home/latih/ros2-tf-real-robot-project/ros2_ws/src/ros2_tf_project/src/feature_detector.cpp:111:50:[m[K [01;36m[Knote: [m[Kformat string is defined here
  111 | ogger(), "index: [01;36m[K%d[m[K", index);
      |                  [01;36m[K~^[m[K
      |                   [01;36m[K|[m[K
      |                   [01;36m[Kint[m[K
      |                  [32m[K%ld[m[K
[01m[K/home/latih/ros2-tf-real-robot-project/ros2_ws/src/ros2_tf_project/src/feature_detector.cpp:[m[K In member function ‘[01m[Kvoid FeatureDetector::handleFeatureDetection(std::shared_ptr<my_robot_interfaces::srv::FeatureDetection_Request_<std::allocator<void> > >, std::shared_ptr<my_robot_interfaces::srv::FeatureDetection_Response_<std::allocator<void> > >)[m[K’:
[01m[K/home/latih/ros2-tf-real-robot-project/ros2_ws/src/ros2_tf_project/src/feature_detector.cpp:147:17:[m[K [01;35m[Kwarning: [m[Kthis ‘[01m[Kif[m[K’ clause does not guard... [[01;35m[K]8;;https://gcc.gnu.org/onlinedocs/gcc/Warning-Options.html#index-Wmisleading-indentation-Wmisleading-indentation]8;;[m[K]
  147 |                 [01;35m[Kif[m[K (i < 0 || i >= static_cast<int>(scan->ranges.size()))
      |                 [01;35m[K^~[m[K
[01m[K/home/latih/ros2-tf-real-robot-project/ros2_ws/src/ros2_tf_project/src/feature_detector.cpp:149:21:[m[K [01;36m[Knote: [m[K...this statement, but the latter is misleadingly indented as if it were guarded by the ‘[01m[Kif[m[K’
  149 |                   [01;36m[Kfloat[m[K r = scan->ranges[i];
      |                   [01;36m[K^~~~~[m[K

[01m[K/home/latih/ros2-tf-real-robot-project/ros2_ws/src/ros2_tf_project/src/feature_detector.cpp:202:57:[m[K [01;31m[Kerror: [m[Kunable to find string literal operator ‘[01m[Koperator""request[m[K’ with ‘[01m[Kconst char [2][m[K’, ‘[01m[Klong unsigned int[m[K’ arguments
  202 |  request->feature+[01;31m[K"_"request[m[K->feature_id"_frame" ;
      |                   [01;31m[K^~~~~~~~~~[m[K

gmake[2]: *** [CMakeFiles/feature_detector.dir/build.make:76: CMakeFiles/feature_detector.dir/src/feature_detector.cpp.o] Error 1
gmake[1]: *** [CMakeFiles/Makefile2:137: CMakeFiles/feature_detector.dir/all] Error 2
gmake: *** [Makefile:146: all] Error 2
