[0.049s] Invoking command in '/home/latih/ros2-tf-real-robot-project/build/my_robot_interfaces': CMAKE_PREFIX_PATH=${CMAKE_PREFIX_PATH}:/home/latih/ros2-tf-real-robot-project/install/turtlebot3_teleop:/home/latih/ros2-tf-real-robot-project/install/turtlebot3_example:/opt/ros/humble /usr/bin/cmake --build /home/latih/ros2-tf-real-robot-project/build/my_robot_interfaces -- -j16 -l16
[0.419s] [  9%] Built target my_robot_interfaces__rosidl_generator_c
[0.420s] [ 12%] Built target my_robot_interfaces__cpp
[0.420s] [ 12%] Built target ament_cmake_python_copy_my_robot_interfaces
[0.421s] [ 22%] Built target my_robot_interfaces__rosidl_typesupport_c
[0.422s] [ 41%] Built target my_robot_interfaces__rosidl_typesupport_introspection_c
[0.423s] [ 51%] Built target my_robot_interfaces__rosidl_typesupport_fastrtps_c
[0.424s] [ 41%] Built target my_robot_interfaces__rosidl_typesupport_introspection_cpp
[0.424s] [ 61%] Built target my_robot_interfaces__rosidl_typesupport_fastrtps_cpp
[0.424s] [ 70%] Built target my_robot_interfaces__rosidl_typesupport_cpp
[0.424s] [ 70%] Built target my_robot_interfaces
[0.424s] [ 74%] Built target my_robot_interfaces__py
[0.424s] [ 80%] Built target my_robot_interfaces__rosidl_generator_py
[0.424s] [ 87%] Built target my_robot_interfaces__rosidl_typesupport_c__pyext
[0.424s] [100%] Built target my_robot_interfaces__rosidl_typesupport_introspection_c__pyext
[0.424s] [100%] Built target my_robot_interfaces__rosidl_typesupport_fastrtps_c__pyext
[0.424s] running egg_info
[0.424s] writing my_robot_interfaces.egg-info/PKG-INFO
[0.424s] writing dependency_links to my_robot_interfaces.egg-info/dependency_links.txt
[0.424s] writing top-level names to my_robot_interfaces.egg-info/top_level.txt
[0.424s] reading manifest file 'my_robot_interfaces.egg-info/SOURCES.txt'
[0.424s] writing manifest file 'my_robot_interfaces.egg-info/SOURCES.txt'
[0.495s] [100%] Built target ament_cmake_python_build_my_robot_interfaces_egg
[0.580s] Invoked command in '/home/latih/ros2-tf-real-robot-project/build/my_robot_interfaces' returned '0': CMAKE_PREFIX_PATH=${CMAKE_PREFIX_PATH}:/home/latih/ros2-tf-real-robot-project/install/turtlebot3_teleop:/home/latih/ros2-tf-real-robot-project/install/turtlebot3_example:/opt/ros/humble /usr/bin/cmake --build /home/latih/ros2-tf-real-robot-project/build/my_robot_interfaces -- -j16 -l16
[0.581s] Invoking command in '/home/latih/ros2-tf-real-robot-project/build/my_robot_interfaces': CMAKE_PREFIX_PATH=${CMAKE_PREFIX_PATH}:/home/latih/ros2-tf-real-robot-project/install/turtlebot3_teleop:/home/latih/ros2-tf-real-robot-project/install/turtlebot3_example:/opt/ros/humble /usr/bin/cmake --install /home/latih/ros2-tf-real-robot-project/build/my_robot_interfaces
[0.590s] -- Install configuration: ""
[0.590s] -- Up-to-date: /home/latih/ros2-tf-real-robot-project/install/my_robot_interfaces/share/ament_index/resource_index/rosidl_interfaces/my_robot_interfaces
[0.591s] -- Up-to-date: /home/latih/ros2-tf-real-robot-project/install/my_robot_interfaces/include/my_robot_interfaces/my_robot_interfaces
[0.591s] -- Up-to-date: /home/latih/ros2-tf-real-robot-project/install/my_robot_interfaces/include/my_robot_interfaces/my_robot_interfaces/msg
[0.591s] -- Up-to-date: /home/latih/ros2-tf-real-robot-project/install/my_robot_interfaces/include/my_robot_interfaces/my_robot_interfaces/msg/rosidl_generator_c__visibility_control.h
[0.592s] -- Up-to-date: /home/latih/ros2-tf-real-robot-project/install/my_robot_interfaces/include/my_robot_interfaces/my_robot_interfaces/srv
[0.592s] -- Up-to-date: /home/latih/ros2-tf-real-robot-project/install/my_robot_interfaces/include/my_robot_interfaces/my_robot_interfaces/srv/detail
[0.595s] -- Up-to-date: /home/latih/ros2-tf-real-robot-project/install/my_robot_interfaces/include/my_robot_interfaces/my_robot_interfaces/srv/detail/feature_detection__struct.h
[0.595s] -- Up-to-date: /home/latih/ros2-tf-real-robot-project/install/my_robot_interfaces/include/my_robot_interfaces/my_robot_interfaces/srv/detail/feature_detection__type_support.h
[0.596s] -- Up-to-date: /home/latih/ros2-tf-real-robot-project/install/my_robot_interfaces/include/my_robot_interfaces/my_robot_interfaces/srv/detail/feature_detection__functions.c
[0.596s] -- Up-to-date: /home/latih/ros2-tf-real-robot-project/install/my_robot_interfaces/include/my_robot_interfaces/my_robot_interfaces/srv/detail/feature_detection__functions.h
[0.596s] -- Up-to-date: /home/latih/ros2-tf-real-robot-project/install/my_robot_interfaces/include/my_robot_interfaces/my_robot_interfaces/srv/feature_detection.h
[0.596s] -- Up-to-date: /home/latih/ros2-tf-real-robot-project/install/my_robot_interfaces/share/my_robot_interfaces/environment/library_path.sh
[0.597s] -- Up-to-date: /home/latih/ros2-tf-real-robot-project/install/my_robot_interfaces/share/my_robot_interfaces/environment/library_path.dsv
[0.597s] -- Up-to-date: /home/latih/ros2-tf-real-robot-project/install/my_robot_interfaces/lib/libmy_robot_interfaces__rosidl_generator_c.so
[0.597s] -- Up-to-date: /home/latih/ros2-tf-real-robot-project/install/my_robot_interfaces/include/my_robot_interfaces/my_robot_interfaces
[0.597s] -- Up-to-date: /home/latih/ros2-tf-real-robot-project/install/my_robot_interfaces/include/my_robot_interfaces/my_robot_interfaces/msg
[0.597s] -- Up-to-date: /home/latih/ros2-tf-real-robot-project/install/my_robot_interfaces/include/my_robot_interfaces/my_robot_interfaces/msg/rosidl_typesupport_fastrtps_c__visibility_control.h
[0.597s] -- Up-to-date: /home/latih/ros2-tf-real-robot-project/install/my_robot_interfaces/include/my_robot_interfaces/my_robot_interfaces/srv
[0.597s] -- Up-to-date: /home/latih/ros2-tf-real-robot-project/install/my_robot_interfaces/include/my_robot_interfaces/my_robot_interfaces/srv/detail
[0.597s] -- Up-to-date: /home/latih/ros2-tf-real-robot-project/install/my_robot_interfaces/include/my_robot_interfaces/my_robot_interfaces/srv/detail/feature_detection__rosidl_typesupport_fastrtps_c.h
[0.597s] -- Up-to-date: /home/latih/ros2-tf-real-robot-project/install/my_robot_interfaces/lib/libmy_robot_interfaces__rosidl_typesupport_fastrtps_c.so
[0.597s] -- Up-to-date: /home/latih/ros2-tf-real-robot-project/install/my_robot_interfaces/include/my_robot_interfaces/my_robot_interfaces
[0.597s] -- Up-to-date: /home/latih/ros2-tf-real-robot-project/install/my_robot_interfaces/include/my_robot_interfaces/my_robot_interfaces/msg
[0.597s] -- Up-to-date: /home/latih/ros2-tf-real-robot-project/install/my_robot_interfaces/include/my_robot_interfaces/my_robot_interfaces/msg/rosidl_typesupport_introspection_c__visibility_control.h
[0.597s] -- Up-to-date: /home/latih/ros2-tf-real-robot-project/install/my_robot_interfaces/include/my_robot_interfaces/my_robot_interfaces/srv
[0.597s] -- Up-to-date: /home/latih/ros2-tf-real-robot-project/install/my_robot_interfaces/include/my_robot_interfaces/my_robot_interfaces/srv/detail
[0.598s] -- Up-to-date: /home/latih/ros2-tf-real-robot-project/install/my_robot_interfaces/include/my_robot_interfaces/my_robot_interfaces/srv/detail/feature_detection__type_support.c
[0.598s] -- Up-to-date: /home/latih/ros2-tf-real-robot-project/install/my_robot_interfaces/include/my_robot_interfaces/my_robot_interfaces/srv/detail/feature_detection__rosidl_typesupport_introspection_c.h
[0.598s] -- Up-to-date: /home/latih/ros2-tf-real-robot-project/install/my_robot_interfaces/lib/libmy_robot_interfaces__rosidl_typesupport_introspection_c.so
[0.598s] -- Up-to-date: /home/latih/ros2-tf-real-robot-project/install/my_robot_interfaces/lib/libmy_robot_interfaces__rosidl_typesupport_c.so
[0.598s] -- Up-to-date: /home/latih/ros2-tf-real-robot-project/install/my_robot_interfaces/include/my_robot_interfaces/my_robot_interfaces
[0.598s] -- Up-to-date: /home/latih/ros2-tf-real-robot-project/install/my_robot_interfaces/include/my_robot_interfaces/my_robot_interfaces/msg
[0.598s] -- Up-to-date: /home/latih/ros2-tf-real-robot-project/install/my_robot_interfaces/include/my_robot_interfaces/my_robot_interfaces/msg/rosidl_generator_cpp__visibility_control.hpp
[0.598s] -- Up-to-date: /home/latih/ros2-tf-real-robot-project/install/my_robot_interfaces/include/my_robot_interfaces/my_robot_interfaces/srv
[0.598s] -- Up-to-date: /home/latih/ros2-tf-real-robot-project/install/my_robot_interfaces/include/my_robot_interfaces/my_robot_interfaces/srv/detail
[0.598s] -- Up-to-date: /home/latih/ros2-tf-real-robot-project/install/my_robot_interfaces/include/my_robot_interfaces/my_robot_interfaces/srv/detail/feature_detection__struct.hpp
[0.598s] -- Up-to-date: /home/latih/ros2-tf-real-robot-project/install/my_robot_interfaces/include/my_robot_interfaces/my_robot_interfaces/srv/detail/feature_detection__traits.hpp
[0.598s] -- Up-to-date: /home/latih/ros2-tf-real-robot-project/install/my_robot_interfaces/include/my_robot_interfaces/my_robot_interfaces/srv/detail/feature_detection__type_support.hpp
[0.598s] -- Up-to-date: /home/latih/ros2-tf-real-robot-project/install/my_robot_interfaces/include/my_robot_interfaces/my_robot_interfaces/srv/detail/feature_detection__builder.hpp
[0.599s] -- Up-to-date: /home/latih/ros2-tf-real-robot-project/install/my_robot_interfaces/include/my_robot_interfaces/my_robot_interfaces/srv/feature_detection.hpp
[0.599s] -- Up-to-date: /home/latih/ros2-tf-real-robot-project/install/my_robot_interfaces/include/my_robot_interfaces/my_robot_interfaces
[0.599s] -- Up-to-date: /home/latih/ros2-tf-real-robot-project/install/my_robot_interfaces/include/my_robot_interfaces/my_robot_interfaces/msg
[0.599s] -- Up-to-date: /home/latih/ros2-tf-real-robot-project/install/my_robot_interfaces/include/my_robot_interfaces/my_robot_interfaces/msg/rosidl_typesupport_fastrtps_cpp__visibility_control.h
[0.599s] -- Up-to-date: /home/latih/ros2-tf-real-robot-project/install/my_robot_interfaces/include/my_robot_interfaces/my_robot_interfaces/srv
[0.599s] -- Up-to-date: /home/latih/ros2-tf-real-robot-project/install/my_robot_interfaces/include/my_robot_interfaces/my_robot_interfaces/srv/detail
[0.599s] -- Up-to-date: /home/latih/ros2-tf-real-robot-project/install/my_robot_interfaces/include/my_robot_interfaces/my_robot_interfaces/srv/detail/feature_detection__rosidl_typesupport_fastrtps_cpp.hpp
[0.599s] -- Up-to-date: /home/latih/ros2-tf-real-robot-project/install/my_robot_interfaces/include/my_robot_interfaces/my_robot_interfaces/srv/detail/dds_fastrtps
[0.599s] -- Up-to-date: /home/latih/ros2-tf-real-robot-project/install/my_robot_interfaces/lib/libmy_robot_interfaces__rosidl_typesupport_fastrtps_cpp.so
[0.599s] -- Up-to-date: /home/latih/ros2-tf-real-robot-project/install/my_robot_interfaces/include/my_robot_interfaces/my_robot_interfaces
[0.599s] -- Up-to-date: /home/latih/ros2-tf-real-robot-project/install/my_robot_interfaces/include/my_robot_interfaces/my_robot_interfaces/srv
[0.599s] -- Up-to-date: /home/latih/ros2-tf-real-robot-project/install/my_robot_interfaces/include/my_robot_interfaces/my_robot_interfaces/srv/detail
[0.599s] -- Up-to-date: /home/latih/ros2-tf-real-robot-project/install/my_robot_interfaces/include/my_robot_interfaces/my_robot_interfaces/srv/detail/feature_detection__rosidl_typesupport_introspection_cpp.hpp
[0.600s] -- Up-to-date: /home/latih/ros2-tf-real-robot-project/install/my_robot_interfaces/include/my_robot_interfaces/my_robot_interfaces/srv/detail/feature_detection__type_support.cpp
[0.600s] -- Up-to-date: /home/latih/ros2-tf-real-robot-project/install/my_robot_interfaces/lib/libmy_robot_interfaces__rosidl_typesupport_introspection_cpp.so
[0.600s] -- Up-to-date: /home/latih/ros2-tf-real-robot-project/install/my_robot_interfaces/lib/libmy_robot_interfaces__rosidl_typesupport_cpp.so
[0.600s] -- Up-to-date: /home/latih/ros2-tf-real-robot-project/install/my_robot_interfaces/share/my_robot_interfaces/environment/pythonpath.sh
[0.600s] -- Up-to-date: /home/latih/ros2-tf-real-robot-project/install/my_robot_interfaces/share/my_robot_interfaces/environment/pythonpath.dsv
[0.600s] -- Up-to-date: /home/latih/ros2-tf-real-robot-project/install/my_robot_interfaces/local/lib/python3.10/dist-packages/my_robot_interfaces-0.0.0-py3.10.egg-info
[0.600s] -- Installing: /home/latih/ros2-tf-real-robot-project/install/my_robot_interfaces/local/lib/python3.10/dist-packages/my_robot_interfaces-0.0.0-py3.10.egg-info/top_level.txt
[0.600s] -- Installing: /home/latih/ros2-tf-real-robot-project/install/my_robot_interfaces/local/lib/python3.10/dist-packages/my_robot_interfaces-0.0.0-py3.10.egg-info/PKG-INFO
[0.600s] -- Installing: /home/latih/ros2-tf-real-robot-project/install/my_robot_interfaces/local/lib/python3.10/dist-packages/my_robot_interfaces-0.0.0-py3.10.egg-info/SOURCES.txt
[0.600s] -- Installing: /home/latih/ros2-tf-real-robot-project/install/my_robot_interfaces/local/lib/python3.10/dist-packages/my_robot_interfaces-0.0.0-py3.10.egg-info/dependency_links.txt
[0.600s] -- Up-to-date: /home/latih/ros2-tf-real-robot-project/install/my_robot_interfaces/local/lib/python3.10/dist-packages/my_robot_interfaces
[0.600s] -- Up-to-date: /home/latih/ros2-tf-real-robot-project/install/my_robot_interfaces/local/lib/python3.10/dist-packages/my_robot_interfaces/_my_robot_interfaces_s.ep.rosidl_typesupport_introspection_c.c
[0.600s] -- Up-to-date: /home/latih/ros2-tf-real-robot-project/install/my_robot_interfaces/local/lib/python3.10/dist-packages/my_robot_interfaces/_my_robot_interfaces_s.ep.rosidl_typesupport_c.c
[0.600s] -- Up-to-date: /home/latih/ros2-tf-real-robot-project/install/my_robot_interfaces/local/lib/python3.10/dist-packages/my_robot_interfaces/my_robot_interfaces_s__rosidl_typesupport_introspection_c.cpython-310-x86_64-linux-gnu.so
[0.600s] -- Up-to-date: /home/latih/ros2-tf-real-robot-project/install/my_robot_interfaces/local/lib/python3.10/dist-packages/my_robot_interfaces/__init__.py
[0.600s] -- Up-to-date: /home/latih/ros2-tf-real-robot-project/install/my_robot_interfaces/local/lib/python3.10/dist-packages/my_robot_interfaces/srv
[0.601s] -- Up-to-date: /home/latih/ros2-tf-real-robot-project/install/my_robot_interfaces/local/lib/python3.10/dist-packages/my_robot_interfaces/srv/__init__.py
[0.601s] -- Up-to-date: /home/latih/ros2-tf-real-robot-project/install/my_robot_interfaces/local/lib/python3.10/dist-packages/my_robot_interfaces/srv/_feature_detection_s.c
[0.602s] -- Up-to-date: /home/latih/ros2-tf-real-robot-project/install/my_robot_interfaces/local/lib/python3.10/dist-packages/my_robot_interfaces/srv/_feature_detection.py
[0.602s] -- Up-to-date: /home/latih/ros2-tf-real-robot-project/install/my_robot_interfaces/local/lib/python3.10/dist-packages/my_robot_interfaces/libmy_robot_interfaces__rosidl_generator_py.so
[0.617s] -- Up-to-date: /home/latih/ros2-tf-real-robot-project/install/my_robot_interfaces/local/lib/python3.10/dist-packages/my_robot_interfaces/my_robot_interfaces_s__rosidl_typesupport_fastrtps_c.cpython-310-x86_64-linux-gnu.so
[0.617s] -- Up-to-date: /home/latih/ros2-tf-real-robot-project/install/my_robot_interfaces/local/lib/python3.10/dist-packages/my_robot_interfaces/my_robot_interfaces_s__rosidl_typesupport_c.cpython-310-x86_64-linux-gnu.so
[0.618s] -- Up-to-date: /home/latih/ros2-tf-real-robot-project/install/my_robot_interfaces/local/lib/python3.10/dist-packages/my_robot_interfaces/_my_robot_interfaces_s.ep.rosidl_typesupport_fastrtps_c.c
[0.624s] Listing '/home/latih/ros2-tf-real-robot-project/install/my_robot_interfaces/local/lib/python3.10/dist-packages/my_robot_interfaces'...
[0.624s] Listing '/home/latih/ros2-tf-real-robot-project/install/my_robot_interfaces/local/lib/python3.10/dist-packages/my_robot_interfaces/srv'...
[0.630s] -- Up-to-date: /home/latih/ros2-tf-real-robot-project/install/my_robot_interfaces/local/lib/python3.10/dist-packages/my_robot_interfaces/my_robot_interfaces_s__rosidl_typesupport_fastrtps_c.cpython-310-x86_64-linux-gnu.so
[0.631s] -- Up-to-date: /home/latih/ros2-tf-real-robot-project/install/my_robot_interfaces/local/lib/python3.10/dist-packages/my_robot_interfaces/my_robot_interfaces_s__rosidl_typesupport_introspection_c.cpython-310-x86_64-linux-gnu.so
[0.631s] -- Up-to-date: /home/latih/ros2-tf-real-robot-project/install/my_robot_interfaces/local/lib/python3.10/dist-packages/my_robot_interfaces/my_robot_interfaces_s__rosidl_typesupport_c.cpython-310-x86_64-linux-gnu.so
[0.631s] -- Up-to-date: /home/latih/ros2-tf-real-robot-project/install/my_robot_interfaces/lib/libmy_robot_interfaces__rosidl_generator_py.so
[0.631s] -- Up-to-date: /home/latih/ros2-tf-real-robot-project/install/my_robot_interfaces/share/my_robot_interfaces/srv/FeatureDetection.idl
[0.631s] -- Up-to-date: /home/latih/ros2-tf-real-robot-project/install/my_robot_interfaces/share/my_robot_interfaces/srv/FeatureDetection.srv
[0.632s] -- Up-to-date: /home/latih/ros2-tf-real-robot-project/install/my_robot_interfaces/share/my_robot_interfaces/srv/FeatureDetection_Request.msg
[0.632s] -- Up-to-date: /home/latih/ros2-tf-real-robot-project/install/my_robot_interfaces/share/my_robot_interfaces/srv/FeatureDetection_Response.msg
[0.632s] -- Up-to-date: /home/latih/ros2-tf-real-robot-project/install/my_robot_interfaces/share/ament_index/resource_index/package_run_dependencies/my_robot_interfaces
[0.632s] -- Up-to-date: /home/latih/ros2-tf-real-robot-project/install/my_robot_interfaces/share/ament_index/resource_index/parent_prefix_path/my_robot_interfaces
[0.632s] -- Up-to-date: /home/latih/ros2-tf-real-robot-project/install/my_robot_interfaces/share/my_robot_interfaces/environment/ament_prefix_path.sh
[0.632s] -- Up-to-date: /home/latih/ros2-tf-real-robot-project/install/my_robot_interfaces/share/my_robot_interfaces/environment/ament_prefix_path.dsv
[0.632s] -- Up-to-date: /home/latih/ros2-tf-real-robot-project/install/my_robot_interfaces/share/my_robot_interfaces/environment/path.sh
[0.632s] -- Up-to-date: /home/latih/ros2-tf-real-robot-project/install/my_robot_interfaces/share/my_robot_interfaces/environment/path.dsv
[0.632s] -- Up-to-date: /home/latih/ros2-tf-real-robot-project/install/my_robot_interfaces/share/my_robot_interfaces/local_setup.bash
[0.633s] -- Up-to-date: /home/latih/ros2-tf-real-robot-project/install/my_robot_interfaces/share/my_robot_interfaces/local_setup.sh
[0.633s] -- Up-to-date: /home/latih/ros2-tf-real-robot-project/install/my_robot_interfaces/share/my_robot_interfaces/local_setup.zsh
[0.633s] -- Up-to-date: /home/latih/ros2-tf-real-robot-project/install/my_robot_interfaces/share/my_robot_interfaces/local_setup.dsv
[0.633s] -- Installing: /home/latih/ros2-tf-real-robot-project/install/my_robot_interfaces/share/my_robot_interfaces/package.dsv
[0.633s] -- Up-to-date: /home/latih/ros2-tf-real-robot-project/install/my_robot_interfaces/share/ament_index/resource_index/packages/my_robot_interfaces
[0.633s] -- Up-to-date: /home/latih/ros2-tf-real-robot-project/install/my_robot_interfaces/share/my_robot_interfaces/cmake/export_my_robot_interfaces__rosidl_generator_cExport.cmake
[0.633s] -- Up-to-date: /home/latih/ros2-tf-real-robot-project/install/my_robot_interfaces/share/my_robot_interfaces/cmake/export_my_robot_interfaces__rosidl_generator_cExport-noconfig.cmake
[0.633s] -- Up-to-date: /home/latih/ros2-tf-real-robot-project/install/my_robot_interfaces/share/my_robot_interfaces/cmake/export_my_robot_interfaces__rosidl_typesupport_fastrtps_cExport.cmake
[0.633s] -- Up-to-date: /home/latih/ros2-tf-real-robot-project/install/my_robot_interfaces/share/my_robot_interfaces/cmake/export_my_robot_interfaces__rosidl_typesupport_fastrtps_cExport-noconfig.cmake
[0.634s] -- Up-to-date: /home/latih/ros2-tf-real-robot-project/install/my_robot_interfaces/share/my_robot_interfaces/cmake/my_robot_interfaces__rosidl_typesupport_introspection_cExport.cmake
[0.634s] -- Up-to-date: /home/latih/ros2-tf-real-robot-project/install/my_robot_interfaces/share/my_robot_interfaces/cmake/my_robot_interfaces__rosidl_typesupport_introspection_cExport-noconfig.cmake
[0.634s] -- Up-to-date: /home/latih/ros2-tf-real-robot-project/install/my_robot_interfaces/share/my_robot_interfaces/cmake/my_robot_interfaces__rosidl_typesupport_cExport.cmake
[0.634s] -- Up-to-date: /home/latih/ros2-tf-real-robot-project/install/my_robot_interfaces/share/my_robot_interfaces/cmake/my_robot_interfaces__rosidl_typesupport_cExport-noconfig.cmake
[0.635s] -- Up-to-date: /home/latih/ros2-tf-real-robot-project/install/my_robot_interfaces/share/my_robot_interfaces/cmake/export_my_robot_interfaces__rosidl_generator_cppExport.cmake
[0.635s] -- Up-to-date: /home/latih/ros2-tf-real-robot-project/install/my_robot_interfaces/share/my_robot_interfaces/cmake/export_my_robot_interfaces__rosidl_typesupport_fastrtps_cppExport.cmake
[0.635s] -- Up-to-date: /home/latih/ros2-tf-real-robot-project/install/my_robot_interfaces/share/my_robot_interfaces/cmake/export_my_robot_interfaces__rosidl_typesupport_fastrtps_cppExport-noconfig.cmake
[0.635s] -- Up-to-date: /home/latih/ros2-tf-real-robot-project/install/my_robot_interfaces/share/my_robot_interfaces/cmake/my_robot_interfaces__rosidl_typesupport_introspection_cppExport.cmake
[0.635s] -- Up-to-date: /home/latih/ros2-tf-real-robot-project/install/my_robot_interfaces/share/my_robot_interfaces/cmake/my_robot_interfaces__rosidl_typesupport_introspection_cppExport-noconfig.cmake
[0.636s] -- Up-to-date: /home/latih/ros2-tf-real-robot-project/install/my_robot_interfaces/share/my_robot_interfaces/cmake/my_robot_interfaces__rosidl_typesupport_cppExport.cmake
[0.636s] -- Up-to-date: /home/latih/ros2-tf-real-robot-project/install/my_robot_interfaces/share/my_robot_interfaces/cmake/my_robot_interfaces__rosidl_typesupport_cppExport-noconfig.cmake
[0.636s] -- Up-to-date: /home/latih/ros2-tf-real-robot-project/install/my_robot_interfaces/share/my_robot_interfaces/cmake/export_my_robot_interfaces__rosidl_generator_pyExport.cmake
[0.636s] -- Up-to-date: /home/latih/ros2-tf-real-robot-project/install/my_robot_interfaces/share/my_robot_interfaces/cmake/export_my_robot_interfaces__rosidl_generator_pyExport-noconfig.cmake
[0.636s] -- Up-to-date: /home/latih/ros2-tf-real-robot-project/install/my_robot_interfaces/share/my_robot_interfaces/cmake/rosidl_cmake-extras.cmake
[0.636s] -- Up-to-date: /home/latih/ros2-tf-real-robot-project/install/my_robot_interfaces/share/my_robot_interfaces/cmake/ament_cmake_export_dependencies-extras.cmake
[0.636s] -- Up-to-date: /home/latih/ros2-tf-real-robot-project/install/my_robot_interfaces/share/my_robot_interfaces/cmake/ament_cmake_export_include_directories-extras.cmake
[0.636s] -- Up-to-date: /home/latih/ros2-tf-real-robot-project/install/my_robot_interfaces/share/my_robot_interfaces/cmake/ament_cmake_export_libraries-extras.cmake
[0.637s] -- Up-to-date: /home/latih/ros2-tf-real-robot-project/install/my_robot_interfaces/share/my_robot_interfaces/cmake/ament_cmake_export_targets-extras.cmake
[0.637s] -- Up-to-date: /home/latih/ros2-tf-real-robot-project/install/my_robot_interfaces/share/my_robot_interfaces/cmake/rosidl_cmake_export_typesupport_targets-extras.cmake
[0.638s] -- Up-to-date: /home/latih/ros2-tf-real-robot-project/install/my_robot_interfaces/share/my_robot_interfaces/cmake/rosidl_cmake_export_typesupport_libraries-extras.cmake
[0.638s] -- Up-to-date: /home/latih/ros2-tf-real-robot-project/install/my_robot_interfaces/share/my_robot_interfaces/cmake/my_robot_interfacesConfig.cmake
[0.638s] -- Up-to-date: /home/latih/ros2-tf-real-robot-project/install/my_robot_interfaces/share/my_robot_interfaces/cmake/my_robot_interfacesConfig-version.cmake
[0.638s] -- Up-to-date: /home/latih/ros2-tf-real-robot-project/install/my_robot_interfaces/share/my_robot_interfaces/package.xml
[0.650s] Invoked command in '/home/latih/ros2-tf-real-robot-project/build/my_robot_interfaces' returned '0': CMAKE_PREFIX_PATH=${CMAKE_PREFIX_PATH}:/home/latih/ros2-tf-real-robot-project/install/turtlebot3_teleop:/home/latih/ros2-tf-real-robot-project/install/turtlebot3_example:/opt/ros/humble /usr/bin/cmake --install /home/latih/ros2-tf-real-robot-project/build/my_robot_interfaces
