[0.012s] Invoking command in '/home/latih/ros2-tf-real-robot-project/build/ros2_tf_project': CMAKE_PREFIX_PATH=/home/latih/ros2-tf-real-robot-project/install/my_robot_interfaces:/home/latih/ros2-tf-real-robot-project/install/turtlebot3:/home/latih/ros2-tf-real-robot-project/install/turtlebot3_simulations:/home/latih/ros2-tf-real-robot-project/install/turtlebot3_navigation2:/home/latih/ros2-tf-real-robot-project/install/turtlebot3_msgs:/home/latih/ros2-tf-real-robot-project/install/turtlebot3_gazebo:/home/latih/ros2-tf-real-robot-project/install/turtlebot3_bringup:/home/latih/ros2-tf-real-robot-project/install/turtlebot3_description:/home/latih/ros2-tf-real-robot-project/install/turtlebot3_cartographer:/home/latih/ros2-tf-real-robot-project/install/tb3_burger_localization:/home/latih/ros2-tf-real-robot-project/install/tb3_burger_cartographer:/home/latih/ros2-tf-real-robot-project/install/ros2_tf_project:/home/latih/ros2-tf-real-robot-project/install/turtlebot3_teleop:/home/latih/ros2-tf-real-robot-project/install/turtlebot3_example:/opt/ros/humble LD_LIBRARY_PATH=/home/latih/ros2-tf-real-robot-project/install/my_robot_interfaces/lib:/home/latih/ros2-tf-real-robot-project/install/turtlebot3_msgs/lib:/usr/lib/x86_64-linux-gnu/gazebo-11/plugins:/opt/ros/humble/opt/rviz_ogre_vendor/lib:/opt/ros/humble/lib/x86_64-linux-gnu:/opt/ros/humble/lib /usr/bin/cmake --build /home/latih/ros2-tf-real-robot-project/build/ros2_tf_project -- -j16 -l16
[0.095s] [35m[1mConsolidate compiler generated dependencies of target simple_trajectory_service[0m
[0.144s] [ 50%] Built target feature_detector
[0.151s] [ 75%] [32mBuilding CXX object CMakeFiles/simple_trajectory_service.dir/src/simple_trajectory_service.cpp.o[0m
[2.819s] [01m[K/home/latih/ros2-tf-real-robot-project/ros2_ws/src/ros2_tf_project/src/simple_trajectory_service.cpp:47:14:[m[K [01;31m[Kerror: [m[K‘[01m[KTransformBroadcaster[m[K’ in namespace ‘[01m[Ktf2_ros[m[K’ does not name a type; did you mean ‘[01m[KStaticTransformBroadcaster[m[K’?
[2.820s]    47 |     tf2_ros::[01;31m[KTransformBroadcaster[m[K tf_broadcaster_
[2.820s]       |              [01;31m[K^~~~~~~~~~~~~~~~~~~~[m[K
[2.820s]       |              [32m[KStaticTransformBroadcaster[m[K
[2.823s] [01m[K/home/latih/ros2-tf-real-robot-project/ros2_ws/src/ros2_tf_project/src/simple_trajectory_service.cpp:[m[K In constructor ‘[01m[KSimpleTrajectoryService::SimpleTrajectoryService()[m[K’:
[2.824s] [01m[K/home/latih/ros2-tf-real-robot-project/ros2_ws/src/ros2_tf_project/src/simple_trajectory_service.cpp:25:7:[m[K [01;31m[Kerror: [m[Kclass ‘[01m[KSimpleTrajectoryService[m[K’ does not have any field named ‘[01m[Ktf_buffer_[m[K’
[2.824s]    25 |       [01;31m[Ktf_buffer_[m[K(this->get_clock()),
[2.824s]       |       [01;31m[K^~~~~~~~~~[m[K
[2.833s] [01m[K/home/latih/ros2-tf-real-robot-project/ros2_ws/src/ros2_tf_project/src/simple_trajectory_service.cpp:26:20:[m[K [01;31m[Kerror: [m[K‘[01m[Ktf_buffer_[m[K’ was not declared in this scope
[2.833s]    26 |       tf_listener_([01;31m[Ktf_buffer_[m[K)
[2.833s]       |                    [01;31m[K^~~~~~~~~~[m[K
[2.850s] [01m[K/home/latih/ros2-tf-real-robot-project/ros2_ws/src/ros2_tf_project/src/simple_trajectory_service.cpp:35:9:[m[K [01;31m[Kerror: [m[K‘[01m[Ktf_broadcaster_[m[K’ was not declared in this scope; did you mean ‘[01m[Kstatic_broadcaster_[m[K’?
[2.850s]    35 |         [01;31m[Ktf_broadcaster_[m[K = std::make_shared<tf2_ros::TransformBroadcaster>(this);
[2.850s]       |         [01;31m[K^~~~~~~~~~~~~~~[m[K
[2.850s]       |         [32m[Kstatic_broadcaster_[m[K
[2.850s] [01m[K/home/latih/ros2-tf-real-robot-project/ros2_ws/src/ros2_tf_project/src/simple_trajectory_service.cpp:35:53:[m[K [01;31m[Kerror: [m[K‘[01m[KTransformBroadcaster[m[K’ is not a member of ‘[01m[Ktf2_ros[m[K’; did you mean ‘[01m[KStaticTransformBroadcaster[m[K’?
[2.851s]    35 |         tf_broadcaster_ = std::make_shared<tf2_ros::[01;31m[KTransformBroadcaster[m[K>(this);
[2.851s]       |                                                     [01;31m[K^~~~~~~~~~~~~~~~~~~~[m[K
[2.851s]       |                                                     [32m[KStaticTransformBroadcaster[m[K
[2.851s] [01m[K/home/latih/ros2-tf-real-robot-project/ros2_ws/src/ros2_tf_project/src/simple_trajectory_service.cpp:35:74:[m[K [01;31m[Kerror: [m[Kno matching function for call to ‘[01m[Kmake_shared<<expression error> >(SimpleTrajectoryService*)[m[K’
[2.851s]    35 |         tf_broadcaster_ = [01;31m[Kstd::make_shared<tf2_ros::TransformBroadcaster>(this)[m[K;
[2.851s]       |                           [01;31m[K~~~~~~~~~~~~~~~~~~~~~~~~~~~~~~~~~~~~~~~~~~~~~~~^~~~~~[m[K
[2.851s] In file included from [01m[K/usr/include/c++/11/memory:77[m[K,
[2.851s]                  from [01m[K/opt/ros/humble/include/rclcpp/rclcpp/rclcpp.hpp:153[m[K,
[2.851s]                  from [01m[K/home/latih/ros2-tf-real-robot-project/ros2_ws/src/ros2_tf_project/src/simple_trajectory_service.cpp:1[m[K:
[2.851s] [01m[K/usr/include/c++/11/bits/shared_ptr.h:875:5:[m[K [01;36m[Knote: [m[Kcandidate: ‘[01m[Ktemplate<class _Tp, class ... _Args> std::shared_ptr<_Tp> std::make_shared(_Args&& ...)[m[K’
[2.851s]   875 |     [01;36m[Kmake_shared[m[K(_Args&&... __args)
[2.851s]       |     [01;36m[K^~~~~~~~~~~[m[K
[2.851s] [01m[K/usr/include/c++/11/bits/shared_ptr.h:875:5:[m[K [01;36m[Knote: [m[K  template argument deduction/substitution failed:
[2.851s] [01m[K/home/latih/ros2-tf-real-robot-project/ros2_ws/src/ros2_tf_project/src/simple_trajectory_service.cpp:35:74:[m[K [01;31m[Kerror: [m[Ktemplate argument 1 is invalid
[2.851s]    35 |         tf_broadcaster_ = [01;31m[Kstd::make_shared<tf2_ros::TransformBroadcaster>(this)[m[K;
[2.851s]       |                           [01;31m[K~~~~~~~~~~~~~~~~~~~~~~~~~~~~~~~~~~~~~~~~~~~~~~~^~~~~~[m[K
[2.868s] [01m[K/home/latih/ros2-tf-real-robot-project/ros2_ws/src/ros2_tf_project/src/simple_trajectory_service.cpp:[m[K In member function ‘[01m[Kvoid SimpleTrajectoryService::handleSimpleTrajectory(std::shared_ptr<my_robot_interfaces::srv::SimpleTrajectory_Request_<std::allocator<void> > >, std::shared_ptr<my_robot_interfaces::srv::SimpleTrajectory_Response_<std::allocator<void> > >)[m[K’:
[2.868s] [01m[K/home/latih/ros2-tf-real-robot-project/ros2_ws/src/ros2_tf_project/src/simple_trajectory_service.cpp:212:17:[m[K [01;31m[Kerror: [m[K‘[01m[Ktf_broadcaster_[m[K’ was not declared in this scope; did you mean ‘[01m[Kstatic_broadcaster_[m[K’?
[2.868s]   212 |                 [01;31m[Ktf_broadcaster_[m[K.sendTransform(tf);
[2.868s]       |                 [01;31m[K^~~~~~~~~~~~~~~[m[K
[2.868s]       |                 [32m[Kstatic_broadcaster_[m[K
[4.562s] gmake[2]: *** [CMakeFiles/simple_trajectory_service.dir/build.make:76: CMakeFiles/simple_trajectory_service.dir/src/simple_trajectory_service.cpp.o] Error 1
[4.562s] gmake[1]: *** [CMakeFiles/Makefile2:165: CMakeFiles/simple_trajectory_service.dir/all] Error 2
[4.563s] gmake: *** [Makefile:146: all] Error 2
[4.566s] Invoked command in '/home/latih/ros2-tf-real-robot-project/build/ros2_tf_project' returned '2': CMAKE_PREFIX_PATH=/home/latih/ros2-tf-real-robot-project/install/my_robot_interfaces:/home/latih/ros2-tf-real-robot-project/install/turtlebot3:/home/latih/ros2-tf-real-robot-project/install/turtlebot3_simulations:/home/latih/ros2-tf-real-robot-project/install/turtlebot3_navigation2:/home/latih/ros2-tf-real-robot-project/install/turtlebot3_msgs:/home/latih/ros2-tf-real-robot-project/install/turtlebot3_gazebo:/home/latih/ros2-tf-real-robot-project/install/turtlebot3_bringup:/home/latih/ros2-tf-real-robot-project/install/turtlebot3_description:/home/latih/ros2-tf-real-robot-project/install/turtlebot3_cartographer:/home/latih/ros2-tf-real-robot-project/install/tb3_burger_localization:/home/latih/ros2-tf-real-robot-project/install/tb3_burger_cartographer:/home/latih/ros2-tf-real-robot-project/install/ros2_tf_project:/home/latih/ros2-tf-real-robot-project/install/turtlebot3_teleop:/home/latih/ros2-tf-real-robot-project/install/turtlebot3_example:/opt/ros/humble LD_LIBRARY_PATH=/home/latih/ros2-tf-real-robot-project/install/my_robot_interfaces/lib:/home/latih/ros2-tf-real-robot-project/install/turtlebot3_msgs/lib:/usr/lib/x86_64-linux-gnu/gazebo-11/plugins:/opt/ros/humble/opt/rviz_ogre_vendor/lib:/opt/ros/humble/lib/x86_64-linux-gnu:/opt/ros/humble/lib /usr/bin/cmake --build /home/latih/ros2-tf-real-robot-project/build/ros2_tf_project -- -j16 -l16
