[0.005s] Invoking command in '/home/latih/ros2-tf-real-robot-project/build/turtlebot3_bringup': CMAKE_PREFIX_PATH=/home/latih/ros2-tf-real-robot-project/install/turtlebot3_description:/home/latih/ros2-tf-real-robot-project/install/turtlebot3:/home/latih/ros2-tf-real-robot-project/install/turtlebot3_simulations:/home/latih/ros2-tf-real-robot-project/install/turtlebot3_navigation2:/home/latih/ros2-tf-real-robot-project/install/turtlebot3_msgs:/home/latih/ros2-tf-real-robot-project/install/turtlebot3_gazebo:/home/latih/ros2-tf-real-robot-project/install/turtlebot3_bringup:/home/latih/ros2-tf-real-robot-project/install/turtlebot3_cartographer:/home/latih/ros2-tf-real-robot-project/install/tb3_burger_localization:/home/latih/ros2-tf-real-robot-project/install/tb3_burger_cartographer:/home/latih/ros2-tf-real-robot-project/install/ros2_tf_project:/home/latih/ros2-tf-real-robot-project/install/my_robot_interfaces:/home/latih/ros2-tf-real-robot-project/install/turtlebot3_teleop:/home/latih/ros2-tf-real-robot-project/install/turtlebot3_example:/opt/ros/humble /usr/bin/cmake /home/latih/ros2-tf-real-robot-project/simulation_ws/src/turtlebot3/turtlebot3_bringup -DCMAKE_INSTALL_PREFIX=/home/latih/ros2-tf-real-robot-project/install/turtlebot3_bringup
[0.050s] -- The C compiler identification is GNU 11.4.0
[0.091s] -- The CXX compiler identification is GNU 11.4.0
[0.097s] -- Detecting C compiler ABI info
[0.149s] -- Detecting C compiler ABI info - done
[0.154s] -- Check for working C compiler: /usr/bin/cc - skipped
[0.154s] -- Detecting C compile features
[0.154s] -- Detecting C compile features - done
[0.156s] -- Detecting CXX compiler ABI info
[0.217s] -- Detecting CXX compiler ABI info - done
[0.223s] -- Check for working CXX compiler: /usr/bin/c++ - skipped
[0.223s] -- Detecting CXX compile features
[0.223s] -- Detecting CXX compile features - done
[0.225s] -- Found ament_cmake: 1.3.11 (/opt/ros/humble/share/ament_cmake/cmake)
[0.397s] -- Found Python3: /usr/bin/python3 (found version "3.10.12") found components: Interpreter 
[0.520s] -- Configuring done
[0.522s] -- Generating done
[0.523s] -- Build files have been written to: /home/latih/ros2-tf-real-robot-project/build/turtlebot3_bringup
[0.533s] Invoked command in '/home/latih/ros2-tf-real-robot-project/build/turtlebot3_bringup' returned '0': CMAKE_PREFIX_PATH=/home/latih/ros2-tf-real-robot-project/install/turtlebot3_description:/home/latih/ros2-tf-real-robot-project/install/turtlebot3:/home/latih/ros2-tf-real-robot-project/install/turtlebot3_simulations:/home/latih/ros2-tf-real-robot-project/install/turtlebot3_navigation2:/home/latih/ros2-tf-real-robot-project/install/turtlebot3_msgs:/home/latih/ros2-tf-real-robot-project/install/turtlebot3_gazebo:/home/latih/ros2-tf-real-robot-project/install/turtlebot3_bringup:/home/latih/ros2-tf-real-robot-project/install/turtlebot3_cartographer:/home/latih/ros2-tf-real-robot-project/install/tb3_burger_localization:/home/latih/ros2-tf-real-robot-project/install/tb3_burger_cartographer:/home/latih/ros2-tf-real-robot-project/install/ros2_tf_project:/home/latih/ros2-tf-real-robot-project/install/my_robot_interfaces:/home/latih/ros2-tf-real-robot-project/install/turtlebot3_teleop:/home/latih/ros2-tf-real-robot-project/install/turtlebot3_example:/opt/ros/humble /usr/bin/cmake /home/latih/ros2-tf-real-robot-project/simulation_ws/src/turtlebot3/turtlebot3_bringup -DCMAKE_INSTALL_PREFIX=/home/latih/ros2-tf-real-robot-project/install/turtlebot3_bringup
[0.534s] Invoking command in '/home/latih/ros2-tf-real-robot-project/build/turtlebot3_bringup': CMAKE_PREFIX_PATH=/home/latih/ros2-tf-real-robot-project/install/turtlebot3_description:/home/latih/ros2-tf-real-robot-project/install/turtlebot3:/home/latih/ros2-tf-real-robot-project/install/turtlebot3_simulations:/home/latih/ros2-tf-real-robot-project/install/turtlebot3_navigation2:/home/latih/ros2-tf-real-robot-project/install/turtlebot3_msgs:/home/latih/ros2-tf-real-robot-project/install/turtlebot3_gazebo:/home/latih/ros2-tf-real-robot-project/install/turtlebot3_bringup:/home/latih/ros2-tf-real-robot-project/install/turtlebot3_cartographer:/home/latih/ros2-tf-real-robot-project/install/tb3_burger_localization:/home/latih/ros2-tf-real-robot-project/install/tb3_burger_cartographer:/home/latih/ros2-tf-real-robot-project/install/ros2_tf_project:/home/latih/ros2-tf-real-robot-project/install/my_robot_interfaces:/home/latih/ros2-tf-real-robot-project/install/turtlebot3_teleop:/home/latih/ros2-tf-real-robot-project/install/turtlebot3_example:/opt/ros/humble /usr/bin/cmake --build /home/latih/ros2-tf-real-robot-project/build/turtlebot3_bringup -- -j16 -l16
[0.565s] Invoked command in '/home/latih/ros2-tf-real-robot-project/build/turtlebot3_bringup' returned '0': CMAKE_PREFIX_PATH=/home/latih/ros2-tf-real-robot-project/install/turtlebot3_description:/home/latih/ros2-tf-real-robot-project/install/turtlebot3:/home/latih/ros2-tf-real-robot-project/install/turtlebot3_simulations:/home/latih/ros2-tf-real-robot-project/install/turtlebot3_navigation2:/home/latih/ros2-tf-real-robot-project/install/turtlebot3_msgs:/home/latih/ros2-tf-real-robot-project/install/turtlebot3_gazebo:/home/latih/ros2-tf-real-robot-project/install/turtlebot3_bringup:/home/latih/ros2-tf-real-robot-project/install/turtlebot3_cartographer:/home/latih/ros2-tf-real-robot-project/install/tb3_burger_localization:/home/latih/ros2-tf-real-robot-project/install/tb3_burger_cartographer:/home/latih/ros2-tf-real-robot-project/install/ros2_tf_project:/home/latih/ros2-tf-real-robot-project/install/my_robot_interfaces:/home/latih/ros2-tf-real-robot-project/install/turtlebot3_teleop:/home/latih/ros2-tf-real-robot-project/install/turtlebot3_example:/opt/ros/humble /usr/bin/cmake --build /home/latih/ros2-tf-real-robot-project/build/turtlebot3_bringup -- -j16 -l16
[0.566s] Invoking command in '/home/latih/ros2-tf-real-robot-project/build/turtlebot3_bringup': CMAKE_PREFIX_PATH=/home/latih/ros2-tf-real-robot-project/install/turtlebot3_description:/home/latih/ros2-tf-real-robot-project/install/turtlebot3:/home/latih/ros2-tf-real-robot-project/install/turtlebot3_simulations:/home/latih/ros2-tf-real-robot-project/install/turtlebot3_navigation2:/home/latih/ros2-tf-real-robot-project/install/turtlebot3_msgs:/home/latih/ros2-tf-real-robot-project/install/turtlebot3_gazebo:/home/latih/ros2-tf-real-robot-project/install/turtlebot3_bringup:/home/latih/ros2-tf-real-robot-project/install/turtlebot3_cartographer:/home/latih/ros2-tf-real-robot-project/install/tb3_burger_localization:/home/latih/ros2-tf-real-robot-project/install/tb3_burger_cartographer:/home/latih/ros2-tf-real-robot-project/install/ros2_tf_project:/home/latih/ros2-tf-real-robot-project/install/my_robot_interfaces:/home/latih/ros2-tf-real-robot-project/install/turtlebot3_teleop:/home/latih/ros2-tf-real-robot-project/install/turtlebot3_example:/opt/ros/humble /usr/bin/cmake --install /home/latih/ros2-tf-real-robot-project/build/turtlebot3_bringup
[0.571s] -- Install configuration: ""
[0.572s] -- Installing: /home/latih/ros2-tf-real-robot-project/install/turtlebot3_bringup/share/turtlebot3_bringup/launch
[0.572s] -- Installing: /home/latih/ros2-tf-real-robot-project/install/turtlebot3_bringup/share/turtlebot3_bringup/launch/turtlebot3_state_publisher.launch.py
[0.572s] -- Installing: /home/latih/ros2-tf-real-robot-project/install/turtlebot3_bringup/share/turtlebot3_bringup/launch/rviz2.launch.py
[0.572s] -- Installing: /home/latih/ros2-tf-real-robot-project/install/turtlebot3_bringup/share/turtlebot3_bringup/launch/robot.launch.py
[0.572s] -- Installing: /home/latih/ros2-tf-real-robot-project/install/turtlebot3_bringup/share/turtlebot3_bringup/param
[0.572s] -- Installing: /home/latih/ros2-tf-real-robot-project/install/turtlebot3_bringup/share/turtlebot3_bringup/param/waffle_pi.yaml
[0.572s] -- Installing: /home/latih/ros2-tf-real-robot-project/install/turtlebot3_bringup/share/turtlebot3_bringup/param/burger.yaml
[0.572s] -- Installing: /home/latih/ros2-tf-real-robot-project/install/turtlebot3_bringup/share/turtlebot3_bringup/param/waffle.yaml
[0.572s] -- Installing: /home/latih/ros2-tf-real-robot-project/install/turtlebot3_bringup/share/turtlebot3_bringup/script
[0.573s] -- Installing: /home/latih/ros2-tf-real-robot-project/install/turtlebot3_bringup/share/turtlebot3_bringup/script/create_udev_rules
[0.573s] -- Installing: /home/latih/ros2-tf-real-robot-project/install/turtlebot3_bringup/share/turtlebot3_bringup/script/99-turtlebot3-cdc.rules
[0.573s] -- Installing: /home/latih/ros2-tf-real-robot-project/install/turtlebot3_bringup/share/ament_index/resource_index/package_run_dependencies/turtlebot3_bringup
[0.573s] -- Installing: /home/latih/ros2-tf-real-robot-project/install/turtlebot3_bringup/share/ament_index/resource_index/parent_prefix_path/turtlebot3_bringup
[0.573s] -- Installing: /home/latih/ros2-tf-real-robot-project/install/turtlebot3_bringup/share/turtlebot3_bringup/environment/ament_prefix_path.sh
[0.573s] -- Installing: /home/latih/ros2-tf-real-robot-project/install/turtlebot3_bringup/share/turtlebot3_bringup/environment/ament_prefix_path.dsv
[0.573s] -- Installing: /home/latih/ros2-tf-real-robot-project/install/turtlebot3_bringup/share/turtlebot3_bringup/environment/path.sh
[0.573s] -- Installing: /home/latih/ros2-tf-real-robot-project/install/turtlebot3_bringup/share/turtlebot3_bringup/environment/path.dsv
[0.573s] -- Installing: /home/latih/ros2-tf-real-robot-project/install/turtlebot3_bringup/share/turtlebot3_bringup/local_setup.bash
[0.573s] -- Installing: /home/latih/ros2-tf-real-robot-project/install/turtlebot3_bringup/share/turtlebot3_bringup/local_setup.sh
[0.574s] -- Installing: /home/latih/ros2-tf-real-robot-project/install/turtlebot3_bringup/share/turtlebot3_bringup/local_setup.zsh
[0.574s] -- Installing: /home/latih/ros2-tf-real-robot-project/install/turtlebot3_bringup/share/turtlebot3_bringup/local_setup.dsv
[0.574s] -- Installing: /home/latih/ros2-tf-real-robot-project/install/turtlebot3_bringup/share/turtlebot3_bringup/package.dsv
[0.574s] -- Installing: /home/latih/ros2-tf-real-robot-project/install/turtlebot3_bringup/share/ament_index/resource_index/packages/turtlebot3_bringup
[0.574s] -- Installing: /home/latih/ros2-tf-real-robot-project/install/turtlebot3_bringup/share/turtlebot3_bringup/cmake/turtlebot3_bringupConfig.cmake
[0.574s] -- Installing: /home/latih/ros2-tf-real-robot-project/install/turtlebot3_bringup/share/turtlebot3_bringup/cmake/turtlebot3_bringupConfig-version.cmake
[0.574s] -- Installing: /home/latih/ros2-tf-real-robot-project/install/turtlebot3_bringup/share/turtlebot3_bringup/package.xml
[0.575s] Invoked command in '/home/latih/ros2-tf-real-robot-project/build/turtlebot3_bringup' returned '0': CMAKE_PREFIX_PATH=/home/latih/ros2-tf-real-robot-project/install/turtlebot3_description:/home/latih/ros2-tf-real-robot-project/install/turtlebot3:/home/latih/ros2-tf-real-robot-project/install/turtlebot3_simulations:/home/latih/ros2-tf-real-robot-project/install/turtlebot3_navigation2:/home/latih/ros2-tf-real-robot-project/install/turtlebot3_msgs:/home/latih/ros2-tf-real-robot-project/install/turtlebot3_gazebo:/home/latih/ros2-tf-real-robot-project/install/turtlebot3_bringup:/home/latih/ros2-tf-real-robot-project/install/turtlebot3_cartographer:/home/latih/ros2-tf-real-robot-project/install/tb3_burger_localization:/home/latih/ros2-tf-real-robot-project/install/tb3_burger_cartographer:/home/latih/ros2-tf-real-robot-project/install/ros2_tf_project:/home/latih/ros2-tf-real-robot-project/install/my_robot_interfaces:/home/latih/ros2-tf-real-robot-project/install/turtlebot3_teleop:/home/latih/ros2-tf-real-robot-project/install/turtlebot3_example:/opt/ros/humble /usr/bin/cmake --install /home/latih/ros2-tf-real-robot-project/build/turtlebot3_bringup
