[0.023s] Invoking command in '/home/user/ros2_ws/build/tb3_burger_cartographer': CMAKE_PREFIX_PATH=${CMAKE_PREFIX_PATH}:/home/user/simulation_ws/install/turtlebot3_teleop:/home/user/simulation_ws/install/turtlebot3_example:/home/simulations/ros2_sims_ws/install/rclrs_tests:/home/simulations/ros2_sims_ws/install/examples_rclrs_minimal_client_service:/home/simulations/ros2_sims_ws/install/sensor_msgs_py:/home/simulations/ros2_sims_ws/install/examples_rclrs_minimal_pub_sub:/home/simulations/ros2_sims_ws/install/examples_rclrs_message_demo:/home/simulations/ros2_sims_ws/install/rclrs:/home/simulations/ros2_sims_ws/install/rosidl_runtime_rs:/opt/ros/humble _=/usr/bin/env /usr/bin/cmake /home/user/ros2_ws/src/tb3_burger_cartographer -DCMAKE_INSTALL_PREFIX=/home/user/ros2_ws/install/tb3_burger_cartographer
[0.094s] -- The C compiler identification is GNU 11.4.0
[0.155s] -- The CXX compiler identification is GNU 11.4.0
[0.163s] -- Detecting C compiler ABI info
[0.253s] -- Detecting C compiler ABI info - done
[0.267s] -- Check for working C compiler: /usr/bin/cc - skipped
[0.268s] -- Detecting C compile features
[0.268s] -- Detecting C compile features - done
[0.273s] -- Detecting CXX compiler ABI info
[0.377s] -- Detecting CXX compiler ABI info - done
[0.384s] -- Check for working CXX compiler: /usr/bin/c++ - skipped
[0.385s] -- Detecting CXX compile features
[0.385s] -- Detecting CXX compile features - done
[0.397s] -- Found ament_cmake: 1.3.8 (/opt/ros/humble/share/ament_cmake/cmake)
[0.650s] -- Found Python3: /usr/bin/python3 (found version "3.10.12") found components: Interpreter 
[0.907s] -- Found rclcpp: 16.0.8 (/opt/ros/humble/share/rclcpp/cmake)
[1.050s] -- Found rosidl_generator_c: 3.1.5 (/opt/ros/humble/share/rosidl_generator_c/cmake)
[1.074s] -- Found rosidl_adapter: 3.1.5 (/opt/ros/humble/share/rosidl_adapter/cmake)
[1.102s] -- Found rosidl_generator_cpp: 3.1.5 (/opt/ros/humble/share/rosidl_generator_cpp/cmake)
[1.137s] -- Using all available rosidl_typesupport_c: rosidl_typesupport_fastrtps_c;rosidl_typesupport_introspection_c
[1.187s] -- Using all available rosidl_typesupport_cpp: rosidl_typesupport_fastrtps_cpp;rosidl_typesupport_introspection_cpp
[1.351s] -- Found rmw_implementation_cmake: 6.1.1 (/opt/ros/humble/share/rmw_implementation_cmake/cmake)
[1.365s] -- Found rmw_fastrtps_cpp: 6.2.6 (/opt/ros/humble/share/rmw_fastrtps_cpp/cmake)
[1.557s] -- Found OpenSSL: /usr/lib/x86_64-linux-gnu/libcrypto.so (found version "3.0.2")  
[1.615s] -- Found FastRTPS: /opt/ros/humble/include  
[1.704s] -- Using RMW implementation 'rmw_fastrtps_cpp' as default
[1.742s] -- Looking for pthread.h
[1.830s] -- Looking for pthread.h - found
[1.830s] -- Performing Test CMAKE_HAVE_LIBC_PTHREAD
[1.924s] -- Performing Test CMAKE_HAVE_LIBC_PTHREAD - Success
[1.925s] -- Found Threads: TRUE  
[2.127s] -- Found ament_lint_auto: 0.12.10 (/opt/ros/humble/share/ament_lint_auto/cmake)
[2.288s] -- Added test 'flake8' to check Python code syntax and style conventions
[2.289s] -- Added test 'lint_cmake' to check CMake code style
[2.291s] -- Added test 'pep257' to check Python code against some of the docstring style conventions in PEP 257
[2.294s] -- Added test 'xmllint' to check XML markup files
[2.297s] -- Configuring done
[2.303s] -- Generating done
[2.305s] -- Build files have been written to: /home/user/ros2_ws/build/tb3_burger_cartographer
[2.319s] Invoked command in '/home/user/ros2_ws/build/tb3_burger_cartographer' returned '0': CMAKE_PREFIX_PATH=${CMAKE_PREFIX_PATH}:/home/user/simulation_ws/install/turtlebot3_teleop:/home/user/simulation_ws/install/turtlebot3_example:/home/simulations/ros2_sims_ws/install/rclrs_tests:/home/simulations/ros2_sims_ws/install/examples_rclrs_minimal_client_service:/home/simulations/ros2_sims_ws/install/sensor_msgs_py:/home/simulations/ros2_sims_ws/install/examples_rclrs_minimal_pub_sub:/home/simulations/ros2_sims_ws/install/examples_rclrs_message_demo:/home/simulations/ros2_sims_ws/install/rclrs:/home/simulations/ros2_sims_ws/install/rosidl_runtime_rs:/opt/ros/humble _=/usr/bin/env /usr/bin/cmake /home/user/ros2_ws/src/tb3_burger_cartographer -DCMAKE_INSTALL_PREFIX=/home/user/ros2_ws/install/tb3_burger_cartographer
[2.320s] Invoking command in '/home/user/ros2_ws/build/tb3_burger_cartographer': CMAKE_PREFIX_PATH=${CMAKE_PREFIX_PATH}:/home/user/simulation_ws/install/turtlebot3_teleop:/home/user/simulation_ws/install/turtlebot3_example:/home/simulations/ros2_sims_ws/install/rclrs_tests:/home/simulations/ros2_sims_ws/install/examples_rclrs_minimal_client_service:/home/simulations/ros2_sims_ws/install/sensor_msgs_py:/home/simulations/ros2_sims_ws/install/examples_rclrs_minimal_pub_sub:/home/simulations/ros2_sims_ws/install/examples_rclrs_message_demo:/home/simulations/ros2_sims_ws/install/rclrs:/home/simulations/ros2_sims_ws/install/rosidl_runtime_rs:/opt/ros/humble _=/usr/bin/env /usr/bin/cmake --build /home/user/ros2_ws/build/tb3_burger_cartographer -- -j8 -l8
[2.374s] Invoked command in '/home/user/ros2_ws/build/tb3_burger_cartographer' returned '0': CMAKE_PREFIX_PATH=${CMAKE_PREFIX_PATH}:/home/user/simulation_ws/install/turtlebot3_teleop:/home/user/simulation_ws/install/turtlebot3_example:/home/simulations/ros2_sims_ws/install/rclrs_tests:/home/simulations/ros2_sims_ws/install/examples_rclrs_minimal_client_service:/home/simulations/ros2_sims_ws/install/sensor_msgs_py:/home/simulations/ros2_sims_ws/install/examples_rclrs_minimal_pub_sub:/home/simulations/ros2_sims_ws/install/examples_rclrs_message_demo:/home/simulations/ros2_sims_ws/install/rclrs:/home/simulations/ros2_sims_ws/install/rosidl_runtime_rs:/opt/ros/humble _=/usr/bin/env /usr/bin/cmake --build /home/user/ros2_ws/build/tb3_burger_cartographer -- -j8 -l8
[2.429s] Invoking command in '/home/user/ros2_ws/build/tb3_burger_cartographer': CMAKE_PREFIX_PATH=${CMAKE_PREFIX_PATH}:/home/user/simulation_ws/install/turtlebot3_teleop:/home/user/simulation_ws/install/turtlebot3_example:/home/simulations/ros2_sims_ws/install/rclrs_tests:/home/simulations/ros2_sims_ws/install/examples_rclrs_minimal_client_service:/home/simulations/ros2_sims_ws/install/sensor_msgs_py:/home/simulations/ros2_sims_ws/install/examples_rclrs_minimal_pub_sub:/home/simulations/ros2_sims_ws/install/examples_rclrs_message_demo:/home/simulations/ros2_sims_ws/install/rclrs:/home/simulations/ros2_sims_ws/install/rosidl_runtime_rs:/opt/ros/humble _=/usr/bin/env /usr/bin/cmake --install /home/user/ros2_ws/build/tb3_burger_cartographer
[2.439s] -- Install configuration: ""
[2.439s] -- Installing: /home/user/ros2_ws/install/tb3_burger_cartographer/share/tb3_burger_cartographer//config
[2.439s] -- Installing: /home/user/ros2_ws/install/tb3_burger_cartographer/share/tb3_burger_cartographer//config/cartographer.lua
[2.439s] -- Installing: /home/user/ros2_ws/install/tb3_burger_cartographer/share/tb3_burger_cartographer//launch
[2.439s] -- Installing: /home/user/ros2_ws/install/tb3_burger_cartographer/share/tb3_burger_cartographer//launch/cartographer.launch.py
[2.439s] -- Installing: /home/user/ros2_ws/install/tb3_burger_cartographer/share/tb3_burger_cartographer//maps
[2.439s] -- Installing: /home/user/ros2_ws/install/tb3_burger_cartographer/share/tb3_burger_cartographer//maps/tb3_burger_realrobotlab_original.pgm
[2.439s] -- Installing: /home/user/ros2_ws/install/tb3_burger_cartographer/share/tb3_burger_cartographer//maps/tb3_burger_realrobotlab.pgm
[2.440s] -- Installing: /home/user/ros2_ws/install/tb3_burger_cartographer/share/tb3_burger_cartographer//maps/tb3_burger_realrobotlab.yaml
[2.440s] -- Installing: /home/user/ros2_ws/install/tb3_burger_cartographer/share/tb3_burger_cartographer//rviz
[2.440s] -- Installing: /home/user/ros2_ws/install/tb3_burger_cartographer/share/tb3_burger_cartographer//rviz/cartographer.rviz
[2.440s] -- Installing: /home/user/ros2_ws/install/tb3_burger_cartographer/share/ament_index/resource_index/package_run_dependencies/tb3_burger_cartographer
[2.440s] -- Installing: /home/user/ros2_ws/install/tb3_burger_cartographer/share/ament_index/resource_index/parent_prefix_path/tb3_burger_cartographer
[2.441s] -- Installing: /home/user/ros2_ws/install/tb3_burger_cartographer/share/tb3_burger_cartographer/environment/ament_prefix_path.sh
[2.441s] -- Installing: /home/user/ros2_ws/install/tb3_burger_cartographer/share/tb3_burger_cartographer/environment/ament_prefix_path.dsv
[2.441s] -- Installing: /home/user/ros2_ws/install/tb3_burger_cartographer/share/tb3_burger_cartographer/environment/path.sh
[2.442s] -- Installing: /home/user/ros2_ws/install/tb3_burger_cartographer/share/tb3_burger_cartographer/environment/path.dsv
[2.442s] -- Installing: /home/user/ros2_ws/install/tb3_burger_cartographer/share/tb3_burger_cartographer/local_setup.bash
[2.442s] -- Installing: /home/user/ros2_ws/install/tb3_burger_cartographer/share/tb3_burger_cartographer/local_setup.sh
[2.442s] -- Installing: /home/user/ros2_ws/install/tb3_burger_cartographer/share/tb3_burger_cartographer/local_setup.zsh
[2.442s] -- Installing: /home/user/ros2_ws/install/tb3_burger_cartographer/share/tb3_burger_cartographer/local_setup.dsv
[2.442s] -- Installing: /home/user/ros2_ws/install/tb3_burger_cartographer/share/tb3_burger_cartographer/package.dsv
[2.443s] -- Installing: /home/user/ros2_ws/install/tb3_burger_cartographer/share/ament_index/resource_index/packages/tb3_burger_cartographer
[2.443s] -- Installing: /home/user/ros2_ws/install/tb3_burger_cartographer/share/tb3_burger_cartographer/cmake/tb3_burger_cartographerConfig.cmake
[2.443s] -- Installing: /home/user/ros2_ws/install/tb3_burger_cartographer/share/tb3_burger_cartographer/cmake/tb3_burger_cartographerConfig-version.cmake
[2.443s] -- Installing: /home/user/ros2_ws/install/tb3_burger_cartographer/share/tb3_burger_cartographer/package.xml
[2.446s] Invoked command in '/home/user/ros2_ws/build/tb3_burger_cartographer' returned '0': CMAKE_PREFIX_PATH=${CMAKE_PREFIX_PATH}:/home/user/simulation_ws/install/turtlebot3_teleop:/home/user/simulation_ws/install/turtlebot3_example:/home/simulations/ros2_sims_ws/install/rclrs_tests:/home/simulations/ros2_sims_ws/install/examples_rclrs_minimal_client_service:/home/simulations/ros2_sims_ws/install/sensor_msgs_py:/home/simulations/ros2_sims_ws/install/examples_rclrs_minimal_pub_sub:/home/simulations/ros2_sims_ws/install/examples_rclrs_message_demo:/home/simulations/ros2_sims_ws/install/rclrs:/home/simulations/ros2_sims_ws/install/rosidl_runtime_rs:/opt/ros/humble _=/usr/bin/env /usr/bin/cmake --install /home/user/ros2_ws/build/tb3_burger_cartographer
