[0.051s] Invoking command in '/home/latih/ros2-tf-real-robot-project/build/turtlebot3_cartographer': CMAKE_PREFIX_PATH=${CMAKE_PREFIX_PATH}:/home/latih/ros2-tf-real-robot-project/install/turtlebot3_teleop:/home/latih/ros2-tf-real-robot-project/install/turtlebot3_example:/opt/ros/humble /usr/bin/cmake --build /home/latih/ros2-tf-real-robot-project/build/turtlebot3_cartographer -- -j16 -l16
[0.431s] Invoked command in '/home/latih/ros2-tf-real-robot-project/build/turtlebot3_cartographer' returned '0': CMAKE_PREFIX_PATH=${CMAKE_PREFIX_PATH}:/home/latih/ros2-tf-real-robot-project/install/turtlebot3_teleop:/home/latih/ros2-tf-real-robot-project/install/turtlebot3_example:/opt/ros/humble /usr/bin/cmake --build /home/latih/ros2-tf-real-robot-project/build/turtlebot3_cartographer -- -j16 -l16
[0.434s] Invoking command in '/home/latih/ros2-tf-real-robot-project/build/turtlebot3_cartographer': CMAKE_PREFIX_PATH=${CMAKE_PREFIX_PATH}:/home/latih/ros2-tf-real-robot-project/install/turtlebot3_teleop:/home/latih/ros2-tf-real-robot-project/install/turtlebot3_example:/opt/ros/humble /usr/bin/cmake --install /home/latih/ros2-tf-real-robot-project/build/turtlebot3_cartographer
[0.452s] -- Install configuration: ""
[0.453s] -- Up-to-date: /home/latih/ros2-tf-real-robot-project/install/turtlebot3_cartographer/share/turtlebot3_cartographer/config
[0.453s] -- Up-to-date: /home/latih/ros2-tf-real-robot-project/install/turtlebot3_cartographer/share/turtlebot3_cartographer/config/turtlebot3_lds_2d.lua
[0.453s] -- Up-to-date: /home/latih/ros2-tf-real-robot-project/install/turtlebot3_cartographer/share/turtlebot3_cartographer/launch
[0.453s] -- Up-to-date: /home/latih/ros2-tf-real-robot-project/install/turtlebot3_cartographer/share/turtlebot3_cartographer/launch/cartographer.launch.py
[0.453s] -- Up-to-date: /home/latih/ros2-tf-real-robot-project/install/turtlebot3_cartographer/share/turtlebot3_cartographer/launch/occupancy_grid.launch.py
[0.453s] -- Up-to-date: /home/latih/ros2-tf-real-robot-project/install/turtlebot3_cartographer/share/turtlebot3_cartographer/rviz
[0.453s] -- Up-to-date: /home/latih/ros2-tf-real-robot-project/install/turtlebot3_cartographer/share/turtlebot3_cartographer/rviz/tb3_cartographer.rviz
[0.453s] -- Up-to-date: /home/latih/ros2-tf-real-robot-project/install/turtlebot3_cartographer/share/ament_index/resource_index/package_run_dependencies/turtlebot3_cartographer
[0.453s] -- Up-to-date: /home/latih/ros2-tf-real-robot-project/install/turtlebot3_cartographer/share/ament_index/resource_index/parent_prefix_path/turtlebot3_cartographer
[0.454s] -- Up-to-date: /home/latih/ros2-tf-real-robot-project/install/turtlebot3_cartographer/share/turtlebot3_cartographer/environment/ament_prefix_path.sh
[0.454s] -- Up-to-date: /home/latih/ros2-tf-real-robot-project/install/turtlebot3_cartographer/share/turtlebot3_cartographer/environment/ament_prefix_path.dsv
[0.454s] -- Up-to-date: /home/latih/ros2-tf-real-robot-project/install/turtlebot3_cartographer/share/turtlebot3_cartographer/environment/path.sh
[0.454s] -- Up-to-date: /home/latih/ros2-tf-real-robot-project/install/turtlebot3_cartographer/share/turtlebot3_cartographer/environment/path.dsv
[0.454s] -- Up-to-date: /home/latih/ros2-tf-real-robot-project/install/turtlebot3_cartographer/share/turtlebot3_cartographer/local_setup.bash
[0.454s] -- Up-to-date: /home/latih/ros2-tf-real-robot-project/install/turtlebot3_cartographer/share/turtlebot3_cartographer/local_setup.sh
[0.454s] -- Up-to-date: /home/latih/ros2-tf-real-robot-project/install/turtlebot3_cartographer/share/turtlebot3_cartographer/local_setup.zsh
[0.454s] -- Up-to-date: /home/latih/ros2-tf-real-robot-project/install/turtlebot3_cartographer/share/turtlebot3_cartographer/local_setup.dsv
[0.454s] -- Installing: /home/latih/ros2-tf-real-robot-project/install/turtlebot3_cartographer/share/turtlebot3_cartographer/package.dsv
[0.454s] -- Up-to-date: /home/latih/ros2-tf-real-robot-project/install/turtlebot3_cartographer/share/ament_index/resource_index/packages/turtlebot3_cartographer
[0.454s] -- Up-to-date: /home/latih/ros2-tf-real-robot-project/install/turtlebot3_cartographer/share/turtlebot3_cartographer/cmake/turtlebot3_cartographerConfig.cmake
[0.456s] -- Up-to-date: /home/latih/ros2-tf-real-robot-project/install/turtlebot3_cartographer/share/turtlebot3_cartographer/cmake/turtlebot3_cartographerConfig-version.cmake
[0.457s] -- Up-to-date: /home/latih/ros2-tf-real-robot-project/install/turtlebot3_cartographer/share/turtlebot3_cartographer/package.xml
[0.508s] Invoked command in '/home/latih/ros2-tf-real-robot-project/build/turtlebot3_cartographer' returned '0': CMAKE_PREFIX_PATH=${CMAKE_PREFIX_PATH}:/home/latih/ros2-tf-real-robot-project/install/turtlebot3_teleop:/home/latih/ros2-tf-real-robot-project/install/turtlebot3_example:/opt/ros/humble /usr/bin/cmake --install /home/latih/ros2-tf-real-robot-project/build/turtlebot3_cartographer
