[0.129s] DEBUG:colcon:Command line arguments: ['/usr/bin/colcon', 'build']
[0.129s] DEBUG:colcon:Parsed command line arguments: Namespace(log_base=None, log_level=None, verb_name='build', build_base='build', install_base='install', merge_install=False, symlink_install=False, test_result_base=None, continue_on_error=False, executor='parallel', parallel_workers=8, event_handlers=None, ignore_user_meta=False, metas=['./colcon.meta'], base_paths=['.'], packages_ignore=None, packages_ignore_regex=None, paths=None, packages_up_to=None, packages_up_to_regex=None, packages_above=None, packages_above_and_dependencies=None, packages_above_depth=None, packages_select_by_dep=None, packages_skip_by_dep=None, packages_skip_up_to=None, packages_select_build_failed=False, packages_skip_build_finished=False, packages_select_test_failures=False, packages_skip_test_passed=False, packages_select=None, packages_skip=None, packages_select_regex=None, packages_skip_regex=None, packages_start=None, packages_end=None, lookup_in_workspace=False, cargo_args=None, clean_build=False, cmake_args=None, cmake_target=None, cmake_target_skip_unavailable=False, cmake_clean_cache=False, cmake_clean_first=False, cmake_force_configure=False, ament_cmake_args=None, catkin_cmake_args=None, catkin_skip_building_tests=False, mixin_files=None, mixin=None, verb_parser=<colcon_mixin.mixin.mixin_argument.MixinArgumentDecorator object at 0x7fce9833a050>, verb_extension=<colcon_core.verb.build.BuildVerb object at 0x7fce983394e0>, main=<bound method BuildVerb.main of <colcon_core.verb.build.BuildVerb object at 0x7fce983394e0>>, mixin_verb=('build',))
[0.322s] Level 1:colcon.colcon_core.package_discovery:discover_packages(colcon_meta) check parameters
[0.322s] Level 1:colcon.colcon_core.package_discovery:discover_packages(recursive) check parameters
[0.323s] Level 1:colcon.colcon_core.package_discovery:discover_packages(ignore) check parameters
[0.323s] Level 1:colcon.colcon_core.package_discovery:discover_packages(path) check parameters
[0.323s] Level 1:colcon.colcon_core.package_discovery:discover_packages(colcon_meta) discover
[0.323s] Level 1:colcon.colcon_core.package_discovery:discover_packages(recursive) discover
[0.323s] INFO:colcon.colcon_core.package_discovery:Crawling recursively for packages in '/home/user/ros2_ws'
[0.323s] Level 1:colcon.colcon_core.package_identification:_identify(.) by extensions ['ignore', 'ignore_ament_install']
[0.323s] Level 1:colcon.colcon_core.package_identification:_identify(.) by extension 'ignore'
[0.323s] Level 1:colcon.colcon_core.package_identification:_identify(.) by extension 'ignore_ament_install'
[0.323s] Level 1:colcon.colcon_core.package_identification:_identify(.) by extensions ['colcon_pkg']
[0.323s] Level 1:colcon.colcon_core.package_identification:_identify(.) by extension 'colcon_pkg'
[0.323s] Level 1:colcon.colcon_core.package_identification:_identify(.) by extensions ['colcon_meta']
[0.323s] Level 1:colcon.colcon_core.package_identification:_identify(.) by extension 'colcon_meta'
[0.323s] Level 1:colcon.colcon_core.package_identification:_identify(.) by extensions ['ament_cargo']
[0.323s] Level 1:colcon.colcon_core.package_identification:_identify(.) by extension 'ament_cargo'
[0.323s] Level 1:colcon.colcon_core.package_identification:_identify(.) by extensions ['ros']
[0.323s] Level 1:colcon.colcon_core.package_identification:_identify(.) by extension 'ros'
[0.335s] Level 1:colcon.colcon_core.package_identification:_identify(.) by extensions ['cargo', 'cmake', 'python']
[0.335s] Level 1:colcon.colcon_core.package_identification:_identify(.) by extension 'cargo'
[0.335s] Level 1:colcon.colcon_core.package_identification:_identify(.) by extension 'cmake'
[0.335s] Level 1:colcon.colcon_core.package_identification:_identify(.) by extension 'python'
[0.335s] Level 1:colcon.colcon_core.package_identification:_identify(.) by extensions ['python_setup_py']
[0.335s] Level 1:colcon.colcon_core.package_identification:_identify(.) by extension 'python_setup_py'
[0.335s] Level 1:colcon.colcon_core.package_identification:_identify(build) by extensions ['ignore', 'ignore_ament_install']
[0.335s] Level 1:colcon.colcon_core.package_identification:_identify(build) by extension 'ignore'
[0.335s] Level 1:colcon.colcon_core.package_identification:_identify(build) ignored
[0.335s] Level 1:colcon.colcon_core.package_identification:_identify(install) by extensions ['ignore', 'ignore_ament_install']
[0.335s] Level 1:colcon.colcon_core.package_identification:_identify(install) by extension 'ignore'
[0.335s] Level 1:colcon.colcon_core.package_identification:_identify(install) ignored
[0.335s] Level 1:colcon.colcon_core.package_identification:_identify(log) by extensions ['ignore', 'ignore_ament_install']
[0.336s] Level 1:colcon.colcon_core.package_identification:_identify(log) by extension 'ignore'
[0.336s] Level 1:colcon.colcon_core.package_identification:_identify(log) ignored
[0.336s] Level 1:colcon.colcon_core.package_identification:_identify(src) by extensions ['ignore', 'ignore_ament_install']
[0.336s] Level 1:colcon.colcon_core.package_identification:_identify(src) by extension 'ignore'
[0.336s] Level 1:colcon.colcon_core.package_identification:_identify(src) by extension 'ignore_ament_install'
[0.336s] Level 1:colcon.colcon_core.package_identification:_identify(src) by extensions ['colcon_pkg']
[0.336s] Level 1:colcon.colcon_core.package_identification:_identify(src) by extension 'colcon_pkg'
[0.336s] Level 1:colcon.colcon_core.package_identification:_identify(src) by extensions ['colcon_meta']
[0.336s] Level 1:colcon.colcon_core.package_identification:_identify(src) by extension 'colcon_meta'
[0.336s] Level 1:colcon.colcon_core.package_identification:_identify(src) by extensions ['ament_cargo']
[0.336s] Level 1:colcon.colcon_core.package_identification:_identify(src) by extension 'ament_cargo'
[0.336s] Level 1:colcon.colcon_core.package_identification:_identify(src) by extensions ['ros']
[0.336s] Level 1:colcon.colcon_core.package_identification:_identify(src) by extension 'ros'
[0.336s] Level 1:colcon.colcon_core.package_identification:_identify(src) by extensions ['cargo', 'cmake', 'python']
[0.336s] Level 1:colcon.colcon_core.package_identification:_identify(src) by extension 'cargo'
[0.336s] Level 1:colcon.colcon_core.package_identification:_identify(src) by extension 'cmake'
[0.336s] Level 1:colcon.colcon_core.package_identification:_identify(src) by extension 'python'
[0.336s] Level 1:colcon.colcon_core.package_identification:_identify(src) by extensions ['python_setup_py']
[0.336s] Level 1:colcon.colcon_core.package_identification:_identify(src) by extension 'python_setup_py'
[0.336s] Level 1:colcon.colcon_core.package_identification:_identify(src/tb3_burger_cartographer) by extensions ['ignore', 'ignore_ament_install']
[0.337s] Level 1:colcon.colcon_core.package_identification:_identify(src/tb3_burger_cartographer) by extension 'ignore'
[0.337s] Level 1:colcon.colcon_core.package_identification:_identify(src/tb3_burger_cartographer) by extension 'ignore_ament_install'
[0.337s] Level 1:colcon.colcon_core.package_identification:_identify(src/tb3_burger_cartographer) by extensions ['colcon_pkg']
[0.337s] Level 1:colcon.colcon_core.package_identification:_identify(src/tb3_burger_cartographer) by extension 'colcon_pkg'
[0.337s] Level 1:colcon.colcon_core.package_identification:_identify(src/tb3_burger_cartographer) by extensions ['colcon_meta']
[0.337s] Level 1:colcon.colcon_core.package_identification:_identify(src/tb3_burger_cartographer) by extension 'colcon_meta'
[0.337s] Level 1:colcon.colcon_core.package_identification:_identify(src/tb3_burger_cartographer) by extensions ['ament_cargo']
[0.337s] Level 1:colcon.colcon_core.package_identification:_identify(src/tb3_burger_cartographer) by extension 'ament_cargo'
[0.337s] Level 1:colcon.colcon_core.package_identification:_identify(src/tb3_burger_cartographer) by extensions ['ros']
[0.337s] Level 1:colcon.colcon_core.package_identification:_identify(src/tb3_burger_cartographer) by extension 'ros'
[0.339s] DEBUG:colcon.colcon_core.package_identification:Package 'src/tb3_burger_cartographer' with type 'ros.ament_cmake' and name 'tb3_burger_cartographer'
[0.339s] Level 1:colcon.colcon_core.package_identification:_identify(src/tb3_burger_localization) by extensions ['ignore', 'ignore_ament_install']
[0.339s] Level 1:colcon.colcon_core.package_identification:_identify(src/tb3_burger_localization) by extension 'ignore'
[0.339s] Level 1:colcon.colcon_core.package_identification:_identify(src/tb3_burger_localization) by extension 'ignore_ament_install'
[0.339s] Level 1:colcon.colcon_core.package_identification:_identify(src/tb3_burger_localization) by extensions ['colcon_pkg']
[0.340s] Level 1:colcon.colcon_core.package_identification:_identify(src/tb3_burger_localization) by extension 'colcon_pkg'
[0.340s] Level 1:colcon.colcon_core.package_identification:_identify(src/tb3_burger_localization) by extensions ['colcon_meta']
[0.340s] Level 1:colcon.colcon_core.package_identification:_identify(src/tb3_burger_localization) by extension 'colcon_meta'
[0.340s] Level 1:colcon.colcon_core.package_identification:_identify(src/tb3_burger_localization) by extensions ['ament_cargo']
[0.340s] Level 1:colcon.colcon_core.package_identification:_identify(src/tb3_burger_localization) by extension 'ament_cargo'
[0.340s] Level 1:colcon.colcon_core.package_identification:_identify(src/tb3_burger_localization) by extensions ['ros']
[0.340s] Level 1:colcon.colcon_core.package_identification:_identify(src/tb3_burger_localization) by extension 'ros'
[0.340s] DEBUG:colcon.colcon_core.package_identification:Package 'src/tb3_burger_localization' with type 'ros.ament_cmake' and name 'tb3_burger_localization'
[0.340s] Level 1:colcon.colcon_core.package_discovery:discover_packages(recursive) using defaults
[0.340s] Level 1:colcon.colcon_core.package_discovery:discover_packages(ignore) discover
[0.340s] Level 1:colcon.colcon_core.package_discovery:discover_packages(ignore) using defaults
[0.340s] Level 1:colcon.colcon_core.package_discovery:discover_packages(path) discover
[0.340s] Level 1:colcon.colcon_core.package_discovery:discover_packages(path) using defaults
[0.372s] Level 5:colcon.colcon_core.verb:set package 'tb3_burger_cartographer' build argument 'lookup_in_workspace' from command line to 'False'
[0.372s] Level 5:colcon.colcon_core.verb:set package 'tb3_burger_cartographer' build argument 'cargo_args' from command line to 'None'
[0.372s] Level 5:colcon.colcon_core.verb:set package 'tb3_burger_cartographer' build argument 'clean_build' from command line to 'False'
[0.372s] Level 5:colcon.colcon_core.verb:set package 'tb3_burger_cartographer' build argument 'cmake_args' from command line to 'None'
[0.372s] Level 5:colcon.colcon_core.verb:set package 'tb3_burger_cartographer' build argument 'cmake_target' from command line to 'None'
[0.372s] Level 5:colcon.colcon_core.verb:set package 'tb3_burger_cartographer' build argument 'cmake_target_skip_unavailable' from command line to 'False'
[0.372s] Level 5:colcon.colcon_core.verb:set package 'tb3_burger_cartographer' build argument 'cmake_clean_cache' from command line to 'False'
[0.372s] Level 5:colcon.colcon_core.verb:set package 'tb3_burger_cartographer' build argument 'cmake_clean_first' from command line to 'False'
[0.372s] Level 5:colcon.colcon_core.verb:set package 'tb3_burger_cartographer' build argument 'cmake_force_configure' from command line to 'False'
[0.372s] Level 5:colcon.colcon_core.verb:set package 'tb3_burger_cartographer' build argument 'ament_cmake_args' from command line to 'None'
[0.372s] Level 5:colcon.colcon_core.verb:set package 'tb3_burger_cartographer' build argument 'catkin_cmake_args' from command line to 'None'
[0.372s] Level 5:colcon.colcon_core.verb:set package 'tb3_burger_cartographer' build argument 'catkin_skip_building_tests' from command line to 'False'
[0.372s] DEBUG:colcon.colcon_core.verb:Building package 'tb3_burger_cartographer' with the following arguments: {'ament_cmake_args': None, 'build_base': '/home/user/ros2_ws/build/tb3_burger_cartographer', 'cargo_args': None, 'catkin_cmake_args': None, 'catkin_skip_building_tests': False, 'clean_build': False, 'cmake_args': None, 'cmake_clean_cache': False, 'cmake_clean_first': False, 'cmake_force_configure': False, 'cmake_target': None, 'cmake_target_skip_unavailable': False, 'install_base': '/home/user/ros2_ws/install/tb3_burger_cartographer', 'lookup_in_workspace': False, 'merge_install': False, 'path': '/home/user/ros2_ws/src/tb3_burger_cartographer', 'symlink_install': False, 'test_result_base': None}
[0.373s] Level 5:colcon.colcon_core.verb:set package 'tb3_burger_localization' build argument 'lookup_in_workspace' from command line to 'False'
[0.373s] Level 5:colcon.colcon_core.verb:set package 'tb3_burger_localization' build argument 'cargo_args' from command line to 'None'
[0.373s] Level 5:colcon.colcon_core.verb:set package 'tb3_burger_localization' build argument 'clean_build' from command line to 'False'
[0.373s] Level 5:colcon.colcon_core.verb:set package 'tb3_burger_localization' build argument 'cmake_args' from command line to 'None'
[0.373s] Level 5:colcon.colcon_core.verb:set package 'tb3_burger_localization' build argument 'cmake_target' from command line to 'None'
[0.373s] Level 5:colcon.colcon_core.verb:set package 'tb3_burger_localization' build argument 'cmake_target_skip_unavailable' from command line to 'False'
[0.373s] Level 5:colcon.colcon_core.verb:set package 'tb3_burger_localization' build argument 'cmake_clean_cache' from command line to 'False'
[0.373s] Level 5:colcon.colcon_core.verb:set package 'tb3_burger_localization' build argument 'cmake_clean_first' from command line to 'False'
[0.373s] Level 5:colcon.colcon_core.verb:set package 'tb3_burger_localization' build argument 'cmake_force_configure' from command line to 'False'
[0.373s] Level 5:colcon.colcon_core.verb:set package 'tb3_burger_localization' build argument 'ament_cmake_args' from command line to 'None'
[0.373s] Level 5:colcon.colcon_core.verb:set package 'tb3_burger_localization' build argument 'catkin_cmake_args' from command line to 'None'
[0.373s] Level 5:colcon.colcon_core.verb:set package 'tb3_burger_localization' build argument 'catkin_skip_building_tests' from command line to 'False'
[0.373s] DEBUG:colcon.colcon_core.verb:Building package 'tb3_burger_localization' with the following arguments: {'ament_cmake_args': None, 'build_base': '/home/user/ros2_ws/build/tb3_burger_localization', 'cargo_args': None, 'catkin_cmake_args': None, 'catkin_skip_building_tests': False, 'clean_build': False, 'cmake_args': None, 'cmake_clean_cache': False, 'cmake_clean_first': False, 'cmake_force_configure': False, 'cmake_target': None, 'cmake_target_skip_unavailable': False, 'install_base': '/home/user/ros2_ws/install/tb3_burger_localization', 'lookup_in_workspace': False, 'merge_install': False, 'path': '/home/user/ros2_ws/src/tb3_burger_localization', 'symlink_install': False, 'test_result_base': None}
[0.373s] INFO:colcon.colcon_core.executor:Executing jobs using 'parallel' executor
[0.374s] DEBUG:colcon.colcon_parallel_executor.executor.parallel:run_until_complete
[0.375s] INFO:colcon.colcon_ros.task.ament_cmake.build:Building ROS package in '/home/user/ros2_ws/src/tb3_burger_cartographer' with build type 'ament_cmake'
[0.375s] INFO:colcon.colcon_cmake.task.cmake.build:Building CMake package in '/home/user/ros2_ws/src/tb3_burger_cartographer'
[0.378s] INFO:colcon.colcon_core.plugin_system:Skipping extension 'colcon_core.shell.bat': Not used on non-Windows systems
[0.378s] INFO:colcon.colcon_core.shell:Skip shell extension 'powershell' for command environment: Not usable outside of PowerShell
[0.378s] DEBUG:colcon.colcon_core.shell:Skip shell extension 'dsv' for command environment
[0.379s] WARNING:colcon.colcon_ros.prefix_path.ament:The path '/home/user/ros2_ws/install/tb3_burger_localization' in the environment variable AMENT_PREFIX_PATH doesn't exist
[0.379s] WARNING:colcon.colcon_ros.prefix_path.ament:The path '/home/user/ros2_ws/install/tb3_burger_cartographer' in the environment variable AMENT_PREFIX_PATH doesn't exist
[0.379s] WARNING:colcon.colcon_ros.prefix_path.ament:The path '/home/user/ros2_ws/install/ros2_tf_project' in the environment variable AMENT_PREFIX_PATH doesn't exist
[0.381s] WARNING:colcon.colcon_ros.prefix_path.catkin:The path '/home/user/ros2_ws/install/tb3_burger_localization' in the environment variable CMAKE_PREFIX_PATH doesn't exist
[0.381s] WARNING:colcon.colcon_ros.prefix_path.catkin:The path '/home/user/ros2_ws/install/tb3_burger_cartographer' in the environment variable CMAKE_PREFIX_PATH doesn't exist
[0.381s] WARNING:colcon.colcon_ros.prefix_path.catkin:The path '/home/user/ros2_ws/install/ros2_tf_project' in the environment variable CMAKE_PREFIX_PATH doesn't exist
[0.387s] INFO:colcon.colcon_ros.task.ament_cmake.build:Building ROS package in '/home/user/ros2_ws/src/tb3_burger_localization' with build type 'ament_cmake'
[0.387s] INFO:colcon.colcon_cmake.task.cmake.build:Building CMake package in '/home/user/ros2_ws/src/tb3_burger_localization'
[0.388s] INFO:colcon.colcon_core.shell:Skip shell extension 'powershell' for command environment: Not usable outside of PowerShell
[0.388s] DEBUG:colcon.colcon_core.shell:Skip shell extension 'dsv' for command environment
[0.399s] DEBUG:colcon.colcon_core.event_handler.log_command:Invoking command in '/home/user/ros2_ws/build/tb3_burger_cartographer': CMAKE_PREFIX_PATH=${CMAKE_PREFIX_PATH}:/home/user/simulation_ws/install/turtlebot3_teleop:/home/user/simulation_ws/install/turtlebot3_example:/home/simulations/ros2_sims_ws/install/rclrs_tests:/home/simulations/ros2_sims_ws/install/examples_rclrs_minimal_client_service:/home/simulations/ros2_sims_ws/install/sensor_msgs_py:/home/simulations/ros2_sims_ws/install/examples_rclrs_minimal_pub_sub:/home/simulations/ros2_sims_ws/install/examples_rclrs_message_demo:/home/simulations/ros2_sims_ws/install/rclrs:/home/simulations/ros2_sims_ws/install/rosidl_runtime_rs:/opt/ros/humble _=/usr/bin/env /usr/bin/cmake /home/user/ros2_ws/src/tb3_burger_cartographer -DCMAKE_INSTALL_PREFIX=/home/user/ros2_ws/install/tb3_burger_cartographer
[0.403s] DEBUG:colcon.colcon_core.event_handler.log_command:Invoking command in '/home/user/ros2_ws/build/tb3_burger_localization': CMAKE_PREFIX_PATH=${CMAKE_PREFIX_PATH}:/home/user/simulation_ws/install/turtlebot3_teleop:/home/user/simulation_ws/install/turtlebot3_example:/home/simulations/ros2_sims_ws/install/rclrs_tests:/home/simulations/ros2_sims_ws/install/examples_rclrs_minimal_client_service:/home/simulations/ros2_sims_ws/install/sensor_msgs_py:/home/simulations/ros2_sims_ws/install/examples_rclrs_minimal_pub_sub:/home/simulations/ros2_sims_ws/install/examples_rclrs_message_demo:/home/simulations/ros2_sims_ws/install/rclrs:/home/simulations/ros2_sims_ws/install/rosidl_runtime_rs:/opt/ros/humble _=/usr/bin/env /usr/bin/cmake /home/user/ros2_ws/src/tb3_burger_localization -DCMAKE_INSTALL_PREFIX=/home/user/ros2_ws/install/tb3_burger_localization
[2.691s] DEBUG:colcon.colcon_core.event_handler.log_command:Invoked command in '/home/user/ros2_ws/build/tb3_burger_localization' returned '0': CMAKE_PREFIX_PATH=${CMAKE_PREFIX_PATH}:/home/user/simulation_ws/install/turtlebot3_teleop:/home/user/simulation_ws/install/turtlebot3_example:/home/simulations/ros2_sims_ws/install/rclrs_tests:/home/simulations/ros2_sims_ws/install/examples_rclrs_minimal_client_service:/home/simulations/ros2_sims_ws/install/sensor_msgs_py:/home/simulations/ros2_sims_ws/install/examples_rclrs_minimal_pub_sub:/home/simulations/ros2_sims_ws/install/examples_rclrs_message_demo:/home/simulations/ros2_sims_ws/install/rclrs:/home/simulations/ros2_sims_ws/install/rosidl_runtime_rs:/opt/ros/humble _=/usr/bin/env /usr/bin/cmake /home/user/ros2_ws/src/tb3_burger_localization -DCMAKE_INSTALL_PREFIX=/home/user/ros2_ws/install/tb3_burger_localization
[2.693s] DEBUG:colcon.colcon_core.event_handler.log_command:Invoking command in '/home/user/ros2_ws/build/tb3_burger_localization': CMAKE_PREFIX_PATH=${CMAKE_PREFIX_PATH}:/home/user/simulation_ws/install/turtlebot3_teleop:/home/user/simulation_ws/install/turtlebot3_example:/home/simulations/ros2_sims_ws/install/rclrs_tests:/home/simulations/ros2_sims_ws/install/examples_rclrs_minimal_client_service:/home/simulations/ros2_sims_ws/install/sensor_msgs_py:/home/simulations/ros2_sims_ws/install/examples_rclrs_minimal_pub_sub:/home/simulations/ros2_sims_ws/install/examples_rclrs_message_demo:/home/simulations/ros2_sims_ws/install/rclrs:/home/simulations/ros2_sims_ws/install/rosidl_runtime_rs:/opt/ros/humble _=/usr/bin/env /usr/bin/cmake --build /home/user/ros2_ws/build/tb3_burger_localization -- -j8 -l8
[2.694s] DEBUG:colcon.colcon_core.event_handler.log_command:Invoked command in '/home/user/ros2_ws/build/tb3_burger_cartographer' returned '0': CMAKE_PREFIX_PATH=${CMAKE_PREFIX_PATH}:/home/user/simulation_ws/install/turtlebot3_teleop:/home/user/simulation_ws/install/turtlebot3_example:/home/simulations/ros2_sims_ws/install/rclrs_tests:/home/simulations/ros2_sims_ws/install/examples_rclrs_minimal_client_service:/home/simulations/ros2_sims_ws/install/sensor_msgs_py:/home/simulations/ros2_sims_ws/install/examples_rclrs_minimal_pub_sub:/home/simulations/ros2_sims_ws/install/examples_rclrs_message_demo:/home/simulations/ros2_sims_ws/install/rclrs:/home/simulations/ros2_sims_ws/install/rosidl_runtime_rs:/opt/ros/humble _=/usr/bin/env /usr/bin/cmake /home/user/ros2_ws/src/tb3_burger_cartographer -DCMAKE_INSTALL_PREFIX=/home/user/ros2_ws/install/tb3_burger_cartographer
[2.696s] DEBUG:colcon.colcon_core.event_handler.log_command:Invoking command in '/home/user/ros2_ws/build/tb3_burger_cartographer': CMAKE_PREFIX_PATH=${CMAKE_PREFIX_PATH}:/home/user/simulation_ws/install/turtlebot3_teleop:/home/user/simulation_ws/install/turtlebot3_example:/home/simulations/ros2_sims_ws/install/rclrs_tests:/home/simulations/ros2_sims_ws/install/examples_rclrs_minimal_client_service:/home/simulations/ros2_sims_ws/install/sensor_msgs_py:/home/simulations/ros2_sims_ws/install/examples_rclrs_minimal_pub_sub:/home/simulations/ros2_sims_ws/install/examples_rclrs_message_demo:/home/simulations/ros2_sims_ws/install/rclrs:/home/simulations/ros2_sims_ws/install/rosidl_runtime_rs:/opt/ros/humble _=/usr/bin/env /usr/bin/cmake --build /home/user/ros2_ws/build/tb3_burger_cartographer -- -j8 -l8
[2.748s] DEBUG:colcon.colcon_core.event_handler.log_command:Invoked command in '/home/user/ros2_ws/build/tb3_burger_localization' returned '0': CMAKE_PREFIX_PATH=${CMAKE_PREFIX_PATH}:/home/user/simulation_ws/install/turtlebot3_teleop:/home/user/simulation_ws/install/turtlebot3_example:/home/simulations/ros2_sims_ws/install/rclrs_tests:/home/simulations/ros2_sims_ws/install/examples_rclrs_minimal_client_service:/home/simulations/ros2_sims_ws/install/sensor_msgs_py:/home/simulations/ros2_sims_ws/install/examples_rclrs_minimal_pub_sub:/home/simulations/ros2_sims_ws/install/examples_rclrs_message_demo:/home/simulations/ros2_sims_ws/install/rclrs:/home/simulations/ros2_sims_ws/install/rosidl_runtime_rs:/opt/ros/humble _=/usr/bin/env /usr/bin/cmake --build /home/user/ros2_ws/build/tb3_burger_localization -- -j8 -l8
[2.749s] DEBUG:colcon.colcon_core.event_handler.log_command:Invoked command in '/home/user/ros2_ws/build/tb3_burger_cartographer' returned '0': CMAKE_PREFIX_PATH=${CMAKE_PREFIX_PATH}:/home/user/simulation_ws/install/turtlebot3_teleop:/home/user/simulation_ws/install/turtlebot3_example:/home/simulations/ros2_sims_ws/install/rclrs_tests:/home/simulations/ros2_sims_ws/install/examples_rclrs_minimal_client_service:/home/simulations/ros2_sims_ws/install/sensor_msgs_py:/home/simulations/ros2_sims_ws/install/examples_rclrs_minimal_pub_sub:/home/simulations/ros2_sims_ws/install/examples_rclrs_message_demo:/home/simulations/ros2_sims_ws/install/rclrs:/home/simulations/ros2_sims_ws/install/rosidl_runtime_rs:/opt/ros/humble _=/usr/bin/env /usr/bin/cmake --build /home/user/ros2_ws/build/tb3_burger_cartographer -- -j8 -l8
[2.802s] DEBUG:colcon.colcon_core.event_handler.log_command:Invoking command in '/home/user/ros2_ws/build/tb3_burger_localization': CMAKE_PREFIX_PATH=${CMAKE_PREFIX_PATH}:/home/user/simulation_ws/install/turtlebot3_teleop:/home/user/simulation_ws/install/turtlebot3_example:/home/simulations/ros2_sims_ws/install/rclrs_tests:/home/simulations/ros2_sims_ws/install/examples_rclrs_minimal_client_service:/home/simulations/ros2_sims_ws/install/sensor_msgs_py:/home/simulations/ros2_sims_ws/install/examples_rclrs_minimal_pub_sub:/home/simulations/ros2_sims_ws/install/examples_rclrs_message_demo:/home/simulations/ros2_sims_ws/install/rclrs:/home/simulations/ros2_sims_ws/install/rosidl_runtime_rs:/opt/ros/humble _=/usr/bin/env /usr/bin/cmake --install /home/user/ros2_ws/build/tb3_burger_localization
[2.805s] DEBUG:colcon.colcon_core.event_handler.log_command:Invoking command in '/home/user/ros2_ws/build/tb3_burger_cartographer': CMAKE_PREFIX_PATH=${CMAKE_PREFIX_PATH}:/home/user/simulation_ws/install/turtlebot3_teleop:/home/user/simulation_ws/install/turtlebot3_example:/home/simulations/ros2_sims_ws/install/rclrs_tests:/home/simulations/ros2_sims_ws/install/examples_rclrs_minimal_client_service:/home/simulations/ros2_sims_ws/install/sensor_msgs_py:/home/simulations/ros2_sims_ws/install/examples_rclrs_minimal_pub_sub:/home/simulations/ros2_sims_ws/install/examples_rclrs_message_demo:/home/simulations/ros2_sims_ws/install/rclrs:/home/simulations/ros2_sims_ws/install/rosidl_runtime_rs:/opt/ros/humble _=/usr/bin/env /usr/bin/cmake --install /home/user/ros2_ws/build/tb3_burger_cartographer
[2.820s] Level 1:colcon.colcon_core.environment:create_environment_scripts_only(tb3_burger_cartographer)
[2.822s] DEBUG:colcon.colcon_core.event_handler.log_command:Invoked command in '/home/user/ros2_ws/build/tb3_burger_cartographer' returned '0': CMAKE_PREFIX_PATH=${CMAKE_PREFIX_PATH}:/home/user/simulation_ws/install/turtlebot3_teleop:/home/user/simulation_ws/install/turtlebot3_example:/home/simulations/ros2_sims_ws/install/rclrs_tests:/home/simulations/ros2_sims_ws/install/examples_rclrs_minimal_client_service:/home/simulations/ros2_sims_ws/install/sensor_msgs_py:/home/simulations/ros2_sims_ws/install/examples_rclrs_minimal_pub_sub:/home/simulations/ros2_sims_ws/install/examples_rclrs_message_demo:/home/simulations/ros2_sims_ws/install/rclrs:/home/simulations/ros2_sims_ws/install/rosidl_runtime_rs:/opt/ros/humble _=/usr/bin/env /usr/bin/cmake --install /home/user/ros2_ws/build/tb3_burger_cartographer
[2.825s] Level 1:colcon.colcon_core.environment:checking '/home/user/ros2_ws/install/tb3_burger_cartographer' for CMake module files
[2.825s] Level 1:colcon.colcon_core.environment:checking '/home/user/ros2_ws/install/tb3_burger_cartographer' for CMake config files
[2.826s] Level 1:colcon.colcon_core.shell:create_environment_hook('tb3_burger_cartographer', 'cmake_prefix_path')
[2.826s] INFO:colcon.colcon_core.shell:Creating environment hook '/home/user/ros2_ws/install/tb3_burger_cartographer/share/tb3_burger_cartographer/hook/cmake_prefix_path.ps1'
[2.826s] INFO:colcon.colcon_core.shell:Creating environment descriptor '/home/user/ros2_ws/install/tb3_burger_cartographer/share/tb3_burger_cartographer/hook/cmake_prefix_path.dsv'
[2.827s] INFO:colcon.colcon_core.shell:Creating environment hook '/home/user/ros2_ws/install/tb3_burger_cartographer/share/tb3_burger_cartographer/hook/cmake_prefix_path.sh'
[2.828s] Level 1:colcon.colcon_core.environment:checking '/home/user/ros2_ws/install/tb3_burger_cartographer/bin'
[2.828s] Level 1:colcon.colcon_core.environment:checking '/home/user/ros2_ws/install/tb3_burger_cartographer/lib/pkgconfig/tb3_burger_cartographer.pc'
[2.830s] Level 1:colcon.colcon_core.environment:checking '/home/user/ros2_ws/install/tb3_burger_cartographer/lib/python3.10/site-packages'
[2.830s] Level 1:colcon.colcon_core.environment:checking '/home/user/ros2_ws/install/tb3_burger_cartographer/bin'
[2.830s] INFO:colcon.colcon_core.shell:Creating package script '/home/user/ros2_ws/install/tb3_burger_cartographer/share/tb3_burger_cartographer/package.ps1'
[2.831s] INFO:colcon.colcon_core.shell:Creating package descriptor '/home/user/ros2_ws/install/tb3_burger_cartographer/share/tb3_burger_cartographer/package.dsv'
[2.831s] INFO:colcon.colcon_core.shell:Creating package script '/home/user/ros2_ws/install/tb3_burger_cartographer/share/tb3_burger_cartographer/package.sh'
[2.832s] INFO:colcon.colcon_core.shell:Creating package script '/home/user/ros2_ws/install/tb3_burger_cartographer/share/tb3_burger_cartographer/package.bash'
[2.833s] INFO:colcon.colcon_core.shell:Creating package script '/home/user/ros2_ws/install/tb3_burger_cartographer/share/tb3_burger_cartographer/package.zsh'
[2.833s] Level 1:colcon.colcon_core.environment:create_file_with_runtime_dependencies(/home/user/ros2_ws/install/tb3_burger_cartographer/share/colcon-core/packages/tb3_burger_cartographer)
[2.835s] Level 1:colcon.colcon_core.environment:create_environment_scripts_only(tb3_burger_localization)
[2.835s] Level 1:colcon.colcon_core.environment:checking '/home/user/ros2_ws/install/tb3_burger_localization' for CMake module files
[2.836s] DEBUG:colcon.colcon_core.event_handler.log_command:Invoked command in '/home/user/ros2_ws/build/tb3_burger_localization' returned '0': CMAKE_PREFIX_PATH=${CMAKE_PREFIX_PATH}:/home/user/simulation_ws/install/turtlebot3_teleop:/home/user/simulation_ws/install/turtlebot3_example:/home/simulations/ros2_sims_ws/install/rclrs_tests:/home/simulations/ros2_sims_ws/install/examples_rclrs_minimal_client_service:/home/simulations/ros2_sims_ws/install/sensor_msgs_py:/home/simulations/ros2_sims_ws/install/examples_rclrs_minimal_pub_sub:/home/simulations/ros2_sims_ws/install/examples_rclrs_message_demo:/home/simulations/ros2_sims_ws/install/rclrs:/home/simulations/ros2_sims_ws/install/rosidl_runtime_rs:/opt/ros/humble _=/usr/bin/env /usr/bin/cmake --install /home/user/ros2_ws/build/tb3_burger_localization
[2.836s] Level 1:colcon.colcon_core.environment:checking '/home/user/ros2_ws/install/tb3_burger_localization' for CMake config files
[2.836s] Level 1:colcon.colcon_core.shell:create_environment_hook('tb3_burger_localization', 'cmake_prefix_path')
[2.837s] INFO:colcon.colcon_core.shell:Creating environment hook '/home/user/ros2_ws/install/tb3_burger_localization/share/tb3_burger_localization/hook/cmake_prefix_path.ps1'
[2.837s] INFO:colcon.colcon_core.shell:Creating environment descriptor '/home/user/ros2_ws/install/tb3_burger_localization/share/tb3_burger_localization/hook/cmake_prefix_path.dsv'
[2.837s] INFO:colcon.colcon_core.shell:Creating environment hook '/home/user/ros2_ws/install/tb3_burger_localization/share/tb3_burger_localization/hook/cmake_prefix_path.sh'
[2.838s] Level 1:colcon.colcon_core.environment:checking '/home/user/ros2_ws/install/tb3_burger_localization/bin'
[2.838s] Level 1:colcon.colcon_core.environment:checking '/home/user/ros2_ws/install/tb3_burger_localization/lib/pkgconfig/tb3_burger_localization.pc'
[2.838s] Level 1:colcon.colcon_core.environment:checking '/home/user/ros2_ws/install/tb3_burger_localization/lib/python3.10/site-packages'
[2.838s] Level 1:colcon.colcon_core.environment:checking '/home/user/ros2_ws/install/tb3_burger_localization/bin'
[2.838s] INFO:colcon.colcon_core.shell:Creating package script '/home/user/ros2_ws/install/tb3_burger_localization/share/tb3_burger_localization/package.ps1'
[2.839s] INFO:colcon.colcon_core.shell:Creating package descriptor '/home/user/ros2_ws/install/tb3_burger_localization/share/tb3_burger_localization/package.dsv'
[2.839s] INFO:colcon.colcon_core.shell:Creating package script '/home/user/ros2_ws/install/tb3_burger_localization/share/tb3_burger_localization/package.sh'
[2.839s] INFO:colcon.colcon_core.shell:Creating package script '/home/user/ros2_ws/install/tb3_burger_localization/share/tb3_burger_localization/package.bash'
[2.840s] INFO:colcon.colcon_core.shell:Creating package script '/home/user/ros2_ws/install/tb3_burger_localization/share/tb3_burger_localization/package.zsh'
[2.840s] Level 1:colcon.colcon_core.environment:create_file_with_runtime_dependencies(/home/user/ros2_ws/install/tb3_burger_localization/share/colcon-core/packages/tb3_burger_localization)
[2.878s] Level 1:colcon.colcon_core.environment:create_environment_scripts_only(tb3_burger_cartographer)
[2.878s] Level 1:colcon.colcon_core.environment:checking '/home/user/ros2_ws/install/tb3_burger_cartographer' for CMake module files
[2.879s] Level 1:colcon.colcon_core.environment:checking '/home/user/ros2_ws/install/tb3_burger_cartographer' for CMake config files
[2.879s] Level 1:colcon.colcon_core.shell:create_environment_hook('tb3_burger_cartographer', 'cmake_prefix_path')
[2.879s] INFO:colcon.colcon_core.shell:Creating environment hook '/home/user/ros2_ws/install/tb3_burger_cartographer/share/tb3_burger_cartographer/hook/cmake_prefix_path.ps1'
[2.880s] INFO:colcon.colcon_core.shell:Creating environment descriptor '/home/user/ros2_ws/install/tb3_burger_cartographer/share/tb3_burger_cartographer/hook/cmake_prefix_path.dsv'
[2.880s] INFO:colcon.colcon_core.shell:Creating environment hook '/home/user/ros2_ws/install/tb3_burger_cartographer/share/tb3_burger_cartographer/hook/cmake_prefix_path.sh'
[2.881s] Level 1:colcon.colcon_core.environment:checking '/home/user/ros2_ws/install/tb3_burger_cartographer/bin'
[2.881s] Level 1:colcon.colcon_core.environment:checking '/home/user/ros2_ws/install/tb3_burger_cartographer/lib/pkgconfig/tb3_burger_cartographer.pc'
[2.881s] Level 1:colcon.colcon_core.environment:checking '/home/user/ros2_ws/install/tb3_burger_cartographer/lib/python3.10/site-packages'
[2.881s] Level 1:colcon.colcon_core.environment:checking '/home/user/ros2_ws/install/tb3_burger_cartographer/bin'
[2.882s] INFO:colcon.colcon_core.shell:Creating package script '/home/user/ros2_ws/install/tb3_burger_cartographer/share/tb3_burger_cartographer/package.ps1'
[2.882s] INFO:colcon.colcon_core.shell:Creating package descriptor '/home/user/ros2_ws/install/tb3_burger_cartographer/share/tb3_burger_cartographer/package.dsv'
[2.883s] INFO:colcon.colcon_core.shell:Creating package script '/home/user/ros2_ws/install/tb3_burger_cartographer/share/tb3_burger_cartographer/package.sh'
[2.883s] INFO:colcon.colcon_core.shell:Creating package script '/home/user/ros2_ws/install/tb3_burger_cartographer/share/tb3_burger_cartographer/package.bash'
[2.883s] INFO:colcon.colcon_core.shell:Creating package script '/home/user/ros2_ws/install/tb3_burger_cartographer/share/tb3_burger_cartographer/package.zsh'
[2.884s] Level 1:colcon.colcon_core.environment:create_file_with_runtime_dependencies(/home/user/ros2_ws/install/tb3_burger_cartographer/share/colcon-core/packages/tb3_burger_cartographer)
[2.885s] Level 1:colcon.colcon_core.environment:create_environment_scripts_only(tb3_burger_localization)
[2.885s] Level 1:colcon.colcon_core.environment:checking '/home/user/ros2_ws/install/tb3_burger_localization' for CMake module files
[2.886s] Level 1:colcon.colcon_core.environment:checking '/home/user/ros2_ws/install/tb3_burger_localization' for CMake config files
[2.886s] Level 1:colcon.colcon_core.shell:create_environment_hook('tb3_burger_localization', 'cmake_prefix_path')
[2.886s] INFO:colcon.colcon_core.shell:Creating environment hook '/home/user/ros2_ws/install/tb3_burger_localization/share/tb3_burger_localization/hook/cmake_prefix_path.ps1'
[2.887s] INFO:colcon.colcon_core.shell:Creating environment descriptor '/home/user/ros2_ws/install/tb3_burger_localization/share/tb3_burger_localization/hook/cmake_prefix_path.dsv'
[2.887s] INFO:colcon.colcon_core.shell:Creating environment hook '/home/user/ros2_ws/install/tb3_burger_localization/share/tb3_burger_localization/hook/cmake_prefix_path.sh'
[2.888s] Level 1:colcon.colcon_core.environment:checking '/home/user/ros2_ws/install/tb3_burger_localization/bin'
[2.888s] Level 1:colcon.colcon_core.environment:checking '/home/user/ros2_ws/install/tb3_burger_localization/lib/pkgconfig/tb3_burger_localization.pc'
[2.888s] Level 1:colcon.colcon_core.environment:checking '/home/user/ros2_ws/install/tb3_burger_localization/lib/python3.10/site-packages'
[2.888s] Level 1:colcon.colcon_core.environment:checking '/home/user/ros2_ws/install/tb3_burger_localization/bin'
[2.889s] INFO:colcon.colcon_core.shell:Creating package script '/home/user/ros2_ws/install/tb3_burger_localization/share/tb3_burger_localization/package.ps1'
[2.889s] INFO:colcon.colcon_core.shell:Creating package descriptor '/home/user/ros2_ws/install/tb3_burger_localization/share/tb3_burger_localization/package.dsv'
[2.889s] INFO:colcon.colcon_core.shell:Creating package script '/home/user/ros2_ws/install/tb3_burger_localization/share/tb3_burger_localization/package.sh'
[2.890s] INFO:colcon.colcon_core.shell:Creating package script '/home/user/ros2_ws/install/tb3_burger_localization/share/tb3_burger_localization/package.bash'
[2.890s] INFO:colcon.colcon_core.shell:Creating package script '/home/user/ros2_ws/install/tb3_burger_localization/share/tb3_burger_localization/package.zsh'
[2.891s] Level 1:colcon.colcon_core.environment:create_file_with_runtime_dependencies(/home/user/ros2_ws/install/tb3_burger_localization/share/colcon-core/packages/tb3_burger_localization)
[2.891s] DEBUG:colcon.colcon_parallel_executor.executor.parallel:closing loop
[2.891s] DEBUG:colcon.colcon_parallel_executor.executor.parallel:loop closed
[2.891s] DEBUG:colcon.colcon_parallel_executor.executor.parallel:run_until_complete finished with '0'
[2.892s] DEBUG:colcon.colcon_core.event_reactor:joining thread
[2.897s] INFO:colcon.colcon_core.plugin_system:Skipping extension 'colcon_notification.desktop_notification.notify_send': Could not find 'notify-send'
[2.897s] INFO:colcon.colcon_core.plugin_system:Skipping extension 'colcon_notification.desktop_notification.terminal_notifier': Not used on non-Darwin systems
[2.897s] INFO:colcon.colcon_core.plugin_system:Skipping extension 'colcon_notification.desktop_notification.win32': Not used on non-Windows systems
[2.898s] INFO:colcon.colcon_notification.desktop_notification:Sending desktop notification using 'notify2'
[2.899s] DEBUG:colcon.colcon_notification.desktop_notification.notify2:Failed to initialize notify2: org.freedesktop.DBus.Error.Spawn.ExecFailed: /usr/bin/dbus-launch terminated abnormally without any error message
[2.900s] DEBUG:colcon.colcon_core.event_reactor:joined thread
[2.900s] INFO:colcon.colcon_core.shell:Creating prefix script '/home/user/ros2_ws/install/local_setup.ps1'
[2.901s] INFO:colcon.colcon_core.shell:Creating prefix util module '/home/user/ros2_ws/install/_local_setup_util_ps1.py'
[2.903s] INFO:colcon.colcon_core.shell:Creating prefix chain script '/home/user/ros2_ws/install/setup.ps1'
[2.906s] INFO:colcon.colcon_core.shell:Creating prefix script '/home/user/ros2_ws/install/local_setup.sh'
[2.906s] INFO:colcon.colcon_core.shell:Creating prefix util module '/home/user/ros2_ws/install/_local_setup_util_sh.py'
[2.907s] INFO:colcon.colcon_core.shell:Creating prefix chain script '/home/user/ros2_ws/install/setup.sh'
[2.909s] INFO:colcon.colcon_core.shell:Creating prefix script '/home/user/ros2_ws/install/local_setup.bash'
[2.910s] INFO:colcon.colcon_core.shell:Creating prefix chain script '/home/user/ros2_ws/install/setup.bash'
[2.912s] INFO:colcon.colcon_core.shell:Creating prefix script '/home/user/ros2_ws/install/local_setup.zsh'
[2.913s] INFO:colcon.colcon_core.shell:Creating prefix chain script '/home/user/ros2_ws/install/setup.zsh'
