[0.159s] DEBUG:colcon:Command line arguments: ['/usr/bin/colcon', 'build']
[0.159s] DEBUG:colcon:Parsed command line arguments: Namespace(log_base=None, log_level=None, verb_name='build', build_base='build', install_base='install', merge_install=False, symlink_install=False, test_result_base=None, continue_on_error=False, executor='parallel', parallel_workers=8, event_handlers=None, ignore_user_meta=False, metas=['./colcon.meta'], base_paths=['.'], packages_ignore=None, packages_ignore_regex=None, paths=None, packages_up_to=None, packages_up_to_regex=None, packages_above=None, packages_above_and_dependencies=None, packages_above_depth=None, packages_select_by_dep=None, packages_skip_by_dep=None, packages_skip_up_to=None, packages_select_build_failed=False, packages_skip_build_finished=False, packages_select_test_failures=False, packages_skip_test_passed=False, packages_select=None, packages_skip=None, packages_select_regex=None, packages_skip_regex=None, packages_start=None, packages_end=None, lookup_in_workspace=False, cargo_args=None, clean_build=False, cmake_args=None, cmake_target=None, cmake_target_skip_unavailable=False, cmake_clean_cache=False, cmake_clean_first=False, cmake_force_configure=False, ament_cmake_args=None, catkin_cmake_args=None, catkin_skip_building_tests=False, mixin_files=None, mixin=None, verb_parser=<colcon_mixin.mixin.mixin_argument.MixinArgumentDecorator object at 0x7f17fda0dcf0>, verb_extension=<colcon_core.verb.build.BuildVerb object at 0x7f17fda0d180>, main=<bound method BuildVerb.main of <colcon_core.verb.build.BuildVerb object at 0x7f17fda0d180>>, mixin_verb=('build',))
[0.386s] Level 1:colcon.colcon_core.package_discovery:discover_packages(colcon_meta) check parameters
[0.386s] Level 1:colcon.colcon_core.package_discovery:discover_packages(recursive) check parameters
[0.386s] Level 1:colcon.colcon_core.package_discovery:discover_packages(ignore) check parameters
[0.386s] Level 1:colcon.colcon_core.package_discovery:discover_packages(path) check parameters
[0.386s] Level 1:colcon.colcon_core.package_discovery:discover_packages(colcon_meta) discover
[0.386s] Level 1:colcon.colcon_core.package_discovery:discover_packages(recursive) discover
[0.386s] INFO:colcon.colcon_core.package_discovery:Crawling recursively for packages in '/home/user/ros2_ws'
[0.387s] Level 1:colcon.colcon_core.package_identification:_identify(.) by extensions ['ignore', 'ignore_ament_install']
[0.387s] Level 1:colcon.colcon_core.package_identification:_identify(.) by extension 'ignore'
[0.387s] Level 1:colcon.colcon_core.package_identification:_identify(.) by extension 'ignore_ament_install'
[0.387s] Level 1:colcon.colcon_core.package_identification:_identify(.) by extensions ['colcon_pkg']
[0.387s] Level 1:colcon.colcon_core.package_identification:_identify(.) by extension 'colcon_pkg'
[0.387s] Level 1:colcon.colcon_core.package_identification:_identify(.) by extensions ['colcon_meta']
[0.387s] Level 1:colcon.colcon_core.package_identification:_identify(.) by extension 'colcon_meta'
[0.387s] Level 1:colcon.colcon_core.package_identification:_identify(.) by extensions ['ament_cargo']
[0.387s] Level 1:colcon.colcon_core.package_identification:_identify(.) by extension 'ament_cargo'
[0.387s] Level 1:colcon.colcon_core.package_identification:_identify(.) by extensions ['ros']
[0.387s] Level 1:colcon.colcon_core.package_identification:_identify(.) by extension 'ros'
[0.400s] Level 1:colcon.colcon_core.package_identification:_identify(.) by extensions ['cargo', 'cmake', 'python']
[0.400s] Level 1:colcon.colcon_core.package_identification:_identify(.) by extension 'cargo'
[0.400s] Level 1:colcon.colcon_core.package_identification:_identify(.) by extension 'cmake'
[0.400s] Level 1:colcon.colcon_core.package_identification:_identify(.) by extension 'python'
[0.400s] Level 1:colcon.colcon_core.package_identification:_identify(.) by extensions ['python_setup_py']
[0.400s] Level 1:colcon.colcon_core.package_identification:_identify(.) by extension 'python_setup_py'
[0.400s] Level 1:colcon.colcon_core.package_identification:_identify(build) by extensions ['ignore', 'ignore_ament_install']
[0.401s] Level 1:colcon.colcon_core.package_identification:_identify(build) by extension 'ignore'
[0.401s] Level 1:colcon.colcon_core.package_identification:_identify(build) ignored
[0.401s] Level 1:colcon.colcon_core.package_identification:_identify(install) by extensions ['ignore', 'ignore_ament_install']
[0.401s] Level 1:colcon.colcon_core.package_identification:_identify(install) by extension 'ignore'
[0.401s] Level 1:colcon.colcon_core.package_identification:_identify(install) ignored
[0.401s] Level 1:colcon.colcon_core.package_identification:_identify(log) by extensions ['ignore', 'ignore_ament_install']
[0.401s] Level 1:colcon.colcon_core.package_identification:_identify(log) by extension 'ignore'
[0.401s] Level 1:colcon.colcon_core.package_identification:_identify(log) ignored
[0.401s] Level 1:colcon.colcon_core.package_identification:_identify(src) by extensions ['ignore', 'ignore_ament_install']
[0.401s] Level 1:colcon.colcon_core.package_identification:_identify(src) by extension 'ignore'
[0.401s] Level 1:colcon.colcon_core.package_identification:_identify(src) by extension 'ignore_ament_install'
[0.401s] Level 1:colcon.colcon_core.package_identification:_identify(src) by extensions ['colcon_pkg']
[0.401s] Level 1:colcon.colcon_core.package_identification:_identify(src) by extension 'colcon_pkg'
[0.402s] Level 1:colcon.colcon_core.package_identification:_identify(src) by extensions ['colcon_meta']
[0.402s] Level 1:colcon.colcon_core.package_identification:_identify(src) by extension 'colcon_meta'
[0.402s] Level 1:colcon.colcon_core.package_identification:_identify(src) by extensions ['ament_cargo']
[0.402s] Level 1:colcon.colcon_core.package_identification:_identify(src) by extension 'ament_cargo'
[0.402s] Level 1:colcon.colcon_core.package_identification:_identify(src) by extensions ['ros']
[0.402s] Level 1:colcon.colcon_core.package_identification:_identify(src) by extension 'ros'
[0.402s] Level 1:colcon.colcon_core.package_identification:_identify(src) by extensions ['cargo', 'cmake', 'python']
[0.402s] Level 1:colcon.colcon_core.package_identification:_identify(src) by extension 'cargo'
[0.402s] Level 1:colcon.colcon_core.package_identification:_identify(src) by extension 'cmake'
[0.402s] Level 1:colcon.colcon_core.package_identification:_identify(src) by extension 'python'
[0.402s] Level 1:colcon.colcon_core.package_identification:_identify(src) by extensions ['python_setup_py']
[0.402s] Level 1:colcon.colcon_core.package_identification:_identify(src) by extension 'python_setup_py'
[0.402s] Level 1:colcon.colcon_core.package_identification:_identify(src/my_robot_interfaces) by extensions ['ignore', 'ignore_ament_install']
[0.402s] Level 1:colcon.colcon_core.package_identification:_identify(src/my_robot_interfaces) by extension 'ignore'
[0.402s] Level 1:colcon.colcon_core.package_identification:_identify(src/my_robot_interfaces) by extension 'ignore_ament_install'
[0.403s] Level 1:colcon.colcon_core.package_identification:_identify(src/my_robot_interfaces) by extensions ['colcon_pkg']
[0.403s] Level 1:colcon.colcon_core.package_identification:_identify(src/my_robot_interfaces) by extension 'colcon_pkg'
[0.403s] Level 1:colcon.colcon_core.package_identification:_identify(src/my_robot_interfaces) by extensions ['colcon_meta']
[0.403s] Level 1:colcon.colcon_core.package_identification:_identify(src/my_robot_interfaces) by extension 'colcon_meta'
[0.403s] Level 1:colcon.colcon_core.package_identification:_identify(src/my_robot_interfaces) by extensions ['ament_cargo']
[0.403s] Level 1:colcon.colcon_core.package_identification:_identify(src/my_robot_interfaces) by extension 'ament_cargo'
[0.403s] Level 1:colcon.colcon_core.package_identification:_identify(src/my_robot_interfaces) by extensions ['ros']
[0.403s] Level 1:colcon.colcon_core.package_identification:_identify(src/my_robot_interfaces) by extension 'ros'
[0.405s] DEBUG:colcon.colcon_core.package_identification:Package 'src/my_robot_interfaces' with type 'ros.ament_cmake' and name 'my_robot_interfaces'
[0.406s] Level 1:colcon.colcon_core.package_identification:_identify(src/ros2_tf_project) by extensions ['ignore', 'ignore_ament_install']
[0.406s] Level 1:colcon.colcon_core.package_identification:_identify(src/ros2_tf_project) by extension 'ignore'
[0.406s] Level 1:colcon.colcon_core.package_identification:_identify(src/ros2_tf_project) by extension 'ignore_ament_install'
[0.406s] Level 1:colcon.colcon_core.package_identification:_identify(src/ros2_tf_project) by extensions ['colcon_pkg']
[0.406s] Level 1:colcon.colcon_core.package_identification:_identify(src/ros2_tf_project) by extension 'colcon_pkg'
[0.406s] Level 1:colcon.colcon_core.package_identification:_identify(src/ros2_tf_project) by extensions ['colcon_meta']
[0.406s] Level 1:colcon.colcon_core.package_identification:_identify(src/ros2_tf_project) by extension 'colcon_meta'
[0.406s] Level 1:colcon.colcon_core.package_identification:_identify(src/ros2_tf_project) by extensions ['ament_cargo']
[0.406s] Level 1:colcon.colcon_core.package_identification:_identify(src/ros2_tf_project) by extension 'ament_cargo'
[0.406s] Level 1:colcon.colcon_core.package_identification:_identify(src/ros2_tf_project) by extensions ['ros']
[0.406s] Level 1:colcon.colcon_core.package_identification:_identify(src/ros2_tf_project) by extension 'ros'
[0.407s] DEBUG:colcon.colcon_core.package_identification:Package 'src/ros2_tf_project' with type 'ros.ament_cmake' and name 'ros2_tf_project'
[0.407s] Level 1:colcon.colcon_core.package_identification:_identify(src/tb3_burger_cartographer) by extensions ['ignore', 'ignore_ament_install']
[0.407s] Level 1:colcon.colcon_core.package_identification:_identify(src/tb3_burger_cartographer) by extension 'ignore'
[0.407s] Level 1:colcon.colcon_core.package_identification:_identify(src/tb3_burger_cartographer) by extension 'ignore_ament_install'
[0.407s] Level 1:colcon.colcon_core.package_identification:_identify(src/tb3_burger_cartographer) by extensions ['colcon_pkg']
[0.407s] Level 1:colcon.colcon_core.package_identification:_identify(src/tb3_burger_cartographer) by extension 'colcon_pkg'
[0.408s] Level 1:colcon.colcon_core.package_identification:_identify(src/tb3_burger_cartographer) by extensions ['colcon_meta']
[0.408s] Level 1:colcon.colcon_core.package_identification:_identify(src/tb3_burger_cartographer) by extension 'colcon_meta'
[0.408s] Level 1:colcon.colcon_core.package_identification:_identify(src/tb3_burger_cartographer) by extensions ['ament_cargo']
[0.408s] Level 1:colcon.colcon_core.package_identification:_identify(src/tb3_burger_cartographer) by extension 'ament_cargo'
[0.408s] Level 1:colcon.colcon_core.package_identification:_identify(src/tb3_burger_cartographer) by extensions ['ros']
[0.408s] Level 1:colcon.colcon_core.package_identification:_identify(src/tb3_burger_cartographer) by extension 'ros'
[0.409s] DEBUG:colcon.colcon_core.package_identification:Package 'src/tb3_burger_cartographer' with type 'ros.ament_cmake' and name 'tb3_burger_cartographer'
[0.409s] Level 1:colcon.colcon_core.package_identification:_identify(src/tb3_burger_localization) by extensions ['ignore', 'ignore_ament_install']
[0.409s] Level 1:colcon.colcon_core.package_identification:_identify(src/tb3_burger_localization) by extension 'ignore'
[0.409s] Level 1:colcon.colcon_core.package_identification:_identify(src/tb3_burger_localization) by extension 'ignore_ament_install'
[0.409s] Level 1:colcon.colcon_core.package_identification:_identify(src/tb3_burger_localization) by extensions ['colcon_pkg']
[0.409s] Level 1:colcon.colcon_core.package_identification:_identify(src/tb3_burger_localization) by extension 'colcon_pkg'
[0.409s] Level 1:colcon.colcon_core.package_identification:_identify(src/tb3_burger_localization) by extensions ['colcon_meta']
[0.409s] Level 1:colcon.colcon_core.package_identification:_identify(src/tb3_burger_localization) by extension 'colcon_meta'
[0.409s] Level 1:colcon.colcon_core.package_identification:_identify(src/tb3_burger_localization) by extensions ['ament_cargo']
[0.409s] Level 1:colcon.colcon_core.package_identification:_identify(src/tb3_burger_localization) by extension 'ament_cargo'
[0.410s] Level 1:colcon.colcon_core.package_identification:_identify(src/tb3_burger_localization) by extensions ['ros']
[0.410s] Level 1:colcon.colcon_core.package_identification:_identify(src/tb3_burger_localization) by extension 'ros'
[0.410s] DEBUG:colcon.colcon_core.package_identification:Package 'src/tb3_burger_localization' with type 'ros.ament_cmake' and name 'tb3_burger_localization'
[0.410s] Level 1:colcon.colcon_core.package_discovery:discover_packages(recursive) using defaults
[0.410s] Level 1:colcon.colcon_core.package_discovery:discover_packages(ignore) discover
[0.410s] Level 1:colcon.colcon_core.package_discovery:discover_packages(ignore) using defaults
[0.410s] Level 1:colcon.colcon_core.package_discovery:discover_packages(path) discover
[0.410s] Level 1:colcon.colcon_core.package_discovery:discover_packages(path) using defaults
[0.446s] Level 5:colcon.colcon_core.verb:set package 'my_robot_interfaces' build argument 'lookup_in_workspace' from command line to 'False'
[0.446s] Level 5:colcon.colcon_core.verb:set package 'my_robot_interfaces' build argument 'cargo_args' from command line to 'None'
[0.446s] Level 5:colcon.colcon_core.verb:set package 'my_robot_interfaces' build argument 'clean_build' from command line to 'False'
[0.446s] Level 5:colcon.colcon_core.verb:set package 'my_robot_interfaces' build argument 'cmake_args' from command line to 'None'
[0.446s] Level 5:colcon.colcon_core.verb:set package 'my_robot_interfaces' build argument 'cmake_target' from command line to 'None'
[0.446s] Level 5:colcon.colcon_core.verb:set package 'my_robot_interfaces' build argument 'cmake_target_skip_unavailable' from command line to 'False'
[0.446s] Level 5:colcon.colcon_core.verb:set package 'my_robot_interfaces' build argument 'cmake_clean_cache' from command line to 'False'
[0.446s] Level 5:colcon.colcon_core.verb:set package 'my_robot_interfaces' build argument 'cmake_clean_first' from command line to 'False'
[0.446s] Level 5:colcon.colcon_core.verb:set package 'my_robot_interfaces' build argument 'cmake_force_configure' from command line to 'False'
[0.447s] Level 5:colcon.colcon_core.verb:set package 'my_robot_interfaces' build argument 'ament_cmake_args' from command line to 'None'
[0.447s] Level 5:colcon.colcon_core.verb:set package 'my_robot_interfaces' build argument 'catkin_cmake_args' from command line to 'None'
[0.447s] Level 5:colcon.colcon_core.verb:set package 'my_robot_interfaces' build argument 'catkin_skip_building_tests' from command line to 'False'
[0.447s] DEBUG:colcon.colcon_core.verb:Building package 'my_robot_interfaces' with the following arguments: {'ament_cmake_args': None, 'build_base': '/home/user/ros2_ws/build/my_robot_interfaces', 'cargo_args': None, 'catkin_cmake_args': None, 'catkin_skip_building_tests': False, 'clean_build': False, 'cmake_args': None, 'cmake_clean_cache': False, 'cmake_clean_first': False, 'cmake_force_configure': False, 'cmake_target': None, 'cmake_target_skip_unavailable': False, 'install_base': '/home/user/ros2_ws/install/my_robot_interfaces', 'lookup_in_workspace': False, 'merge_install': False, 'path': '/home/user/ros2_ws/src/my_robot_interfaces', 'symlink_install': False, 'test_result_base': None}
[0.447s] Level 5:colcon.colcon_core.verb:set package 'tb3_burger_cartographer' build argument 'lookup_in_workspace' from command line to 'False'
[0.447s] Level 5:colcon.colcon_core.verb:set package 'tb3_burger_cartographer' build argument 'cargo_args' from command line to 'None'
[0.447s] Level 5:colcon.colcon_core.verb:set package 'tb3_burger_cartographer' build argument 'clean_build' from command line to 'False'
[0.447s] Level 5:colcon.colcon_core.verb:set package 'tb3_burger_cartographer' build argument 'cmake_args' from command line to 'None'
[0.447s] Level 5:colcon.colcon_core.verb:set package 'tb3_burger_cartographer' build argument 'cmake_target' from command line to 'None'
[0.447s] Level 5:colcon.colcon_core.verb:set package 'tb3_burger_cartographer' build argument 'cmake_target_skip_unavailable' from command line to 'False'
[0.447s] Level 5:colcon.colcon_core.verb:set package 'tb3_burger_cartographer' build argument 'cmake_clean_cache' from command line to 'False'
[0.447s] Level 5:colcon.colcon_core.verb:set package 'tb3_burger_cartographer' build argument 'cmake_clean_first' from command line to 'False'
[0.447s] Level 5:colcon.colcon_core.verb:set package 'tb3_burger_cartographer' build argument 'cmake_force_configure' from command line to 'False'
[0.448s] Level 5:colcon.colcon_core.verb:set package 'tb3_burger_cartographer' build argument 'ament_cmake_args' from command line to 'None'
[0.448s] Level 5:colcon.colcon_core.verb:set package 'tb3_burger_cartographer' build argument 'catkin_cmake_args' from command line to 'None'
[0.448s] Level 5:colcon.colcon_core.verb:set package 'tb3_burger_cartographer' build argument 'catkin_skip_building_tests' from command line to 'False'
[0.448s] DEBUG:colcon.colcon_core.verb:Building package 'tb3_burger_cartographer' with the following arguments: {'ament_cmake_args': None, 'build_base': '/home/user/ros2_ws/build/tb3_burger_cartographer', 'cargo_args': None, 'catkin_cmake_args': None, 'catkin_skip_building_tests': False, 'clean_build': False, 'cmake_args': None, 'cmake_clean_cache': False, 'cmake_clean_first': False, 'cmake_force_configure': False, 'cmake_target': None, 'cmake_target_skip_unavailable': False, 'install_base': '/home/user/ros2_ws/install/tb3_burger_cartographer', 'lookup_in_workspace': False, 'merge_install': False, 'path': '/home/user/ros2_ws/src/tb3_burger_cartographer', 'symlink_install': False, 'test_result_base': None}
[0.448s] Level 5:colcon.colcon_core.verb:set package 'tb3_burger_localization' build argument 'lookup_in_workspace' from command line to 'False'
[0.448s] Level 5:colcon.colcon_core.verb:set package 'tb3_burger_localization' build argument 'cargo_args' from command line to 'None'
[0.448s] Level 5:colcon.colcon_core.verb:set package 'tb3_burger_localization' build argument 'clean_build' from command line to 'False'
[0.448s] Level 5:colcon.colcon_core.verb:set package 'tb3_burger_localization' build argument 'cmake_args' from command line to 'None'
[0.448s] Level 5:colcon.colcon_core.verb:set package 'tb3_burger_localization' build argument 'cmake_target' from command line to 'None'
[0.448s] Level 5:colcon.colcon_core.verb:set package 'tb3_burger_localization' build argument 'cmake_target_skip_unavailable' from command line to 'False'
[0.448s] Level 5:colcon.colcon_core.verb:set package 'tb3_burger_localization' build argument 'cmake_clean_cache' from command line to 'False'
[0.448s] Level 5:colcon.colcon_core.verb:set package 'tb3_burger_localization' build argument 'cmake_clean_first' from command line to 'False'
[0.448s] Level 5:colcon.colcon_core.verb:set package 'tb3_burger_localization' build argument 'cmake_force_configure' from command line to 'False'
[0.448s] Level 5:colcon.colcon_core.verb:set package 'tb3_burger_localization' build argument 'ament_cmake_args' from command line to 'None'
[0.449s] Level 5:colcon.colcon_core.verb:set package 'tb3_burger_localization' build argument 'catkin_cmake_args' from command line to 'None'
[0.449s] Level 5:colcon.colcon_core.verb:set package 'tb3_burger_localization' build argument 'catkin_skip_building_tests' from command line to 'False'
[0.449s] DEBUG:colcon.colcon_core.verb:Building package 'tb3_burger_localization' with the following arguments: {'ament_cmake_args': None, 'build_base': '/home/user/ros2_ws/build/tb3_burger_localization', 'cargo_args': None, 'catkin_cmake_args': None, 'catkin_skip_building_tests': False, 'clean_build': False, 'cmake_args': None, 'cmake_clean_cache': False, 'cmake_clean_first': False, 'cmake_force_configure': False, 'cmake_target': None, 'cmake_target_skip_unavailable': False, 'install_base': '/home/user/ros2_ws/install/tb3_burger_localization', 'lookup_in_workspace': False, 'merge_install': False, 'path': '/home/user/ros2_ws/src/tb3_burger_localization', 'symlink_install': False, 'test_result_base': None}
[0.449s] Level 5:colcon.colcon_core.verb:set package 'ros2_tf_project' build argument 'lookup_in_workspace' from command line to 'False'
[0.449s] Level 5:colcon.colcon_core.verb:set package 'ros2_tf_project' build argument 'cargo_args' from command line to 'None'
[0.449s] Level 5:colcon.colcon_core.verb:set package 'ros2_tf_project' build argument 'clean_build' from command line to 'False'
[0.449s] Level 5:colcon.colcon_core.verb:set package 'ros2_tf_project' build argument 'cmake_args' from command line to 'None'
[0.449s] Level 5:colcon.colcon_core.verb:set package 'ros2_tf_project' build argument 'cmake_target' from command line to 'None'
[0.449s] Level 5:colcon.colcon_core.verb:set package 'ros2_tf_project' build argument 'cmake_target_skip_unavailable' from command line to 'False'
[0.449s] Level 5:colcon.colcon_core.verb:set package 'ros2_tf_project' build argument 'cmake_clean_cache' from command line to 'False'
[0.449s] Level 5:colcon.colcon_core.verb:set package 'ros2_tf_project' build argument 'cmake_clean_first' from command line to 'False'
[0.449s] Level 5:colcon.colcon_core.verb:set package 'ros2_tf_project' build argument 'cmake_force_configure' from command line to 'False'
[0.450s] Level 5:colcon.colcon_core.verb:set package 'ros2_tf_project' build argument 'ament_cmake_args' from command line to 'None'
[0.450s] Level 5:colcon.colcon_core.verb:set package 'ros2_tf_project' build argument 'catkin_cmake_args' from command line to 'None'
[0.450s] Level 5:colcon.colcon_core.verb:set package 'ros2_tf_project' build argument 'catkin_skip_building_tests' from command line to 'False'
[0.450s] DEBUG:colcon.colcon_core.verb:Building package 'ros2_tf_project' with the following arguments: {'ament_cmake_args': None, 'build_base': '/home/user/ros2_ws/build/ros2_tf_project', 'cargo_args': None, 'catkin_cmake_args': None, 'catkin_skip_building_tests': False, 'clean_build': False, 'cmake_args': None, 'cmake_clean_cache': False, 'cmake_clean_first': False, 'cmake_force_configure': False, 'cmake_target': None, 'cmake_target_skip_unavailable': False, 'install_base': '/home/user/ros2_ws/install/ros2_tf_project', 'lookup_in_workspace': False, 'merge_install': False, 'path': '/home/user/ros2_ws/src/ros2_tf_project', 'symlink_install': False, 'test_result_base': None}
[0.450s] INFO:colcon.colcon_core.executor:Executing jobs using 'parallel' executor
[0.451s] DEBUG:colcon.colcon_parallel_executor.executor.parallel:run_until_complete
[0.451s] INFO:colcon.colcon_ros.task.ament_cmake.build:Building ROS package in '/home/user/ros2_ws/src/my_robot_interfaces' with build type 'ament_cmake'
[0.452s] INFO:colcon.colcon_cmake.task.cmake.build:Building CMake package in '/home/user/ros2_ws/src/my_robot_interfaces'
[0.455s] INFO:colcon.colcon_core.plugin_system:Skipping extension 'colcon_core.shell.bat': Not used on non-Windows systems
[0.455s] INFO:colcon.colcon_core.shell:Skip shell extension 'powershell' for command environment: Not usable outside of PowerShell
[0.455s] DEBUG:colcon.colcon_core.shell:Skip shell extension 'dsv' for command environment
[0.468s] INFO:colcon.colcon_ros.task.ament_cmake.build:Building ROS package in '/home/user/ros2_ws/src/tb3_burger_cartographer' with build type 'ament_cmake'
[0.468s] INFO:colcon.colcon_cmake.task.cmake.build:Building CMake package in '/home/user/ros2_ws/src/tb3_burger_cartographer'
[0.468s] INFO:colcon.colcon_core.shell:Skip shell extension 'powershell' for command environment: Not usable outside of PowerShell
[0.468s] DEBUG:colcon.colcon_core.shell:Skip shell extension 'dsv' for command environment
[0.477s] INFO:colcon.colcon_ros.task.ament_cmake.build:Building ROS package in '/home/user/ros2_ws/src/tb3_burger_localization' with build type 'ament_cmake'
[0.477s] INFO:colcon.colcon_cmake.task.cmake.build:Building CMake package in '/home/user/ros2_ws/src/tb3_burger_localization'
[0.477s] INFO:colcon.colcon_core.shell:Skip shell extension 'powershell' for command environment: Not usable outside of PowerShell
[0.477s] DEBUG:colcon.colcon_core.shell:Skip shell extension 'dsv' for command environment
[0.490s] DEBUG:colcon.colcon_core.event_handler.log_command:Invoking command in '/home/user/ros2_ws/build/my_robot_interfaces': CMAKE_PREFIX_PATH=${CMAKE_PREFIX_PATH}:/home/user/simulation_ws/install/turtlebot3_teleop:/home/user/simulation_ws/install/turtlebot3_example:/home/simulations/ros2_sims_ws/install/rclrs_tests:/home/simulations/ros2_sims_ws/install/examples_rclrs_minimal_client_service:/home/simulations/ros2_sims_ws/install/sensor_msgs_py:/home/simulations/ros2_sims_ws/install/examples_rclrs_minimal_pub_sub:/home/simulations/ros2_sims_ws/install/examples_rclrs_message_demo:/home/simulations/ros2_sims_ws/install/rclrs:/home/simulations/ros2_sims_ws/install/rosidl_runtime_rs:/opt/ros/humble _=/usr/bin/env /usr/bin/cmake --build /home/user/ros2_ws/build/my_robot_interfaces -- -j8 -l8
[0.498s] DEBUG:colcon.colcon_core.event_handler.log_command:Invoking command in '/home/user/ros2_ws/build/tb3_burger_cartographer': CMAKE_PREFIX_PATH=${CMAKE_PREFIX_PATH}:/home/user/simulation_ws/install/turtlebot3_teleop:/home/user/simulation_ws/install/turtlebot3_example:/home/simulations/ros2_sims_ws/install/rclrs_tests:/home/simulations/ros2_sims_ws/install/examples_rclrs_minimal_client_service:/home/simulations/ros2_sims_ws/install/sensor_msgs_py:/home/simulations/ros2_sims_ws/install/examples_rclrs_minimal_pub_sub:/home/simulations/ros2_sims_ws/install/examples_rclrs_message_demo:/home/simulations/ros2_sims_ws/install/rclrs:/home/simulations/ros2_sims_ws/install/rosidl_runtime_rs:/opt/ros/humble _=/usr/bin/env /usr/bin/cmake --build /home/user/ros2_ws/build/tb3_burger_cartographer -- -j8 -l8
[0.509s] DEBUG:colcon.colcon_core.event_handler.log_command:Invoking command in '/home/user/ros2_ws/build/tb3_burger_localization': CMAKE_PREFIX_PATH=${CMAKE_PREFIX_PATH}:/home/user/simulation_ws/install/turtlebot3_teleop:/home/user/simulation_ws/install/turtlebot3_example:/home/simulations/ros2_sims_ws/install/rclrs_tests:/home/simulations/ros2_sims_ws/install/examples_rclrs_minimal_client_service:/home/simulations/ros2_sims_ws/install/sensor_msgs_py:/home/simulations/ros2_sims_ws/install/examples_rclrs_minimal_pub_sub:/home/simulations/ros2_sims_ws/install/examples_rclrs_message_demo:/home/simulations/ros2_sims_ws/install/rclrs:/home/simulations/ros2_sims_ws/install/rosidl_runtime_rs:/opt/ros/humble _=/usr/bin/env /usr/bin/cmake --build /home/user/ros2_ws/build/tb3_burger_localization -- -j8 -l8
[0.647s] DEBUG:colcon.colcon_core.event_handler.log_command:Invoked command in '/home/user/ros2_ws/build/tb3_burger_localization' returned '0': CMAKE_PREFIX_PATH=${CMAKE_PREFIX_PATH}:/home/user/simulation_ws/install/turtlebot3_teleop:/home/user/simulation_ws/install/turtlebot3_example:/home/simulations/ros2_sims_ws/install/rclrs_tests:/home/simulations/ros2_sims_ws/install/examples_rclrs_minimal_client_service:/home/simulations/ros2_sims_ws/install/sensor_msgs_py:/home/simulations/ros2_sims_ws/install/examples_rclrs_minimal_pub_sub:/home/simulations/ros2_sims_ws/install/examples_rclrs_message_demo:/home/simulations/ros2_sims_ws/install/rclrs:/home/simulations/ros2_sims_ws/install/rosidl_runtime_rs:/opt/ros/humble _=/usr/bin/env /usr/bin/cmake --build /home/user/ros2_ws/build/tb3_burger_localization -- -j8 -l8
[0.720s] DEBUG:colcon.colcon_core.event_handler.log_command:Invoked command in '/home/user/ros2_ws/build/tb3_burger_cartographer' returned '0': CMAKE_PREFIX_PATH=${CMAKE_PREFIX_PATH}:/home/user/simulation_ws/install/turtlebot3_teleop:/home/user/simulation_ws/install/turtlebot3_example:/home/simulations/ros2_sims_ws/install/rclrs_tests:/home/simulations/ros2_sims_ws/install/examples_rclrs_minimal_client_service:/home/simulations/ros2_sims_ws/install/sensor_msgs_py:/home/simulations/ros2_sims_ws/install/examples_rclrs_minimal_pub_sub:/home/simulations/ros2_sims_ws/install/examples_rclrs_message_demo:/home/simulations/ros2_sims_ws/install/rclrs:/home/simulations/ros2_sims_ws/install/rosidl_runtime_rs:/opt/ros/humble _=/usr/bin/env /usr/bin/cmake --build /home/user/ros2_ws/build/tb3_burger_cartographer -- -j8 -l8
[0.951s] DEBUG:colcon.colcon_core.event_handler.log_command:Invoking command in '/home/user/ros2_ws/build/tb3_burger_localization': CMAKE_PREFIX_PATH=${CMAKE_PREFIX_PATH}:/home/user/simulation_ws/install/turtlebot3_teleop:/home/user/simulation_ws/install/turtlebot3_example:/home/simulations/ros2_sims_ws/install/rclrs_tests:/home/simulations/ros2_sims_ws/install/examples_rclrs_minimal_client_service:/home/simulations/ros2_sims_ws/install/sensor_msgs_py:/home/simulations/ros2_sims_ws/install/examples_rclrs_minimal_pub_sub:/home/simulations/ros2_sims_ws/install/examples_rclrs_message_demo:/home/simulations/ros2_sims_ws/install/rclrs:/home/simulations/ros2_sims_ws/install/rosidl_runtime_rs:/opt/ros/humble _=/usr/bin/env /usr/bin/cmake --install /home/user/ros2_ws/build/tb3_burger_localization
[0.954s] DEBUG:colcon.colcon_core.event_handler.log_command:Invoking command in '/home/user/ros2_ws/build/tb3_burger_cartographer': CMAKE_PREFIX_PATH=${CMAKE_PREFIX_PATH}:/home/user/simulation_ws/install/turtlebot3_teleop:/home/user/simulation_ws/install/turtlebot3_example:/home/simulations/ros2_sims_ws/install/rclrs_tests:/home/simulations/ros2_sims_ws/install/examples_rclrs_minimal_client_service:/home/simulations/ros2_sims_ws/install/sensor_msgs_py:/home/simulations/ros2_sims_ws/install/examples_rclrs_minimal_pub_sub:/home/simulations/ros2_sims_ws/install/examples_rclrs_message_demo:/home/simulations/ros2_sims_ws/install/rclrs:/home/simulations/ros2_sims_ws/install/rosidl_runtime_rs:/opt/ros/humble _=/usr/bin/env /usr/bin/cmake --install /home/user/ros2_ws/build/tb3_burger_cartographer
[1.021s] Level 1:colcon.colcon_core.environment:create_environment_scripts_only(tb3_burger_localization)
[1.025s] DEBUG:colcon.colcon_core.event_handler.log_command:Invoked command in '/home/user/ros2_ws/build/tb3_burger_localization' returned '0': CMAKE_PREFIX_PATH=${CMAKE_PREFIX_PATH}:/home/user/simulation_ws/install/turtlebot3_teleop:/home/user/simulation_ws/install/turtlebot3_example:/home/simulations/ros2_sims_ws/install/rclrs_tests:/home/simulations/ros2_sims_ws/install/examples_rclrs_minimal_client_service:/home/simulations/ros2_sims_ws/install/sensor_msgs_py:/home/simulations/ros2_sims_ws/install/examples_rclrs_minimal_pub_sub:/home/simulations/ros2_sims_ws/install/examples_rclrs_message_demo:/home/simulations/ros2_sims_ws/install/rclrs:/home/simulations/ros2_sims_ws/install/rosidl_runtime_rs:/opt/ros/humble _=/usr/bin/env /usr/bin/cmake --install /home/user/ros2_ws/build/tb3_burger_localization
[1.030s] Level 1:colcon.colcon_core.environment:checking '/home/user/ros2_ws/install/tb3_burger_localization' for CMake module files
[1.030s] Level 1:colcon.colcon_core.environment:checking '/home/user/ros2_ws/install/tb3_burger_localization' for CMake config files
[1.031s] Level 1:colcon.colcon_core.shell:create_environment_hook('tb3_burger_localization', 'cmake_prefix_path')
[1.031s] INFO:colcon.colcon_core.shell:Creating environment hook '/home/user/ros2_ws/install/tb3_burger_localization/share/tb3_burger_localization/hook/cmake_prefix_path.ps1'
[1.032s] INFO:colcon.colcon_core.shell:Creating environment descriptor '/home/user/ros2_ws/install/tb3_burger_localization/share/tb3_burger_localization/hook/cmake_prefix_path.dsv'
[1.032s] INFO:colcon.colcon_core.shell:Creating environment hook '/home/user/ros2_ws/install/tb3_burger_localization/share/tb3_burger_localization/hook/cmake_prefix_path.sh'
[1.034s] Level 1:colcon.colcon_core.environment:checking '/home/user/ros2_ws/install/tb3_burger_localization/bin'
[1.034s] Level 1:colcon.colcon_core.environment:checking '/home/user/ros2_ws/install/tb3_burger_localization/lib/pkgconfig/tb3_burger_localization.pc'
[1.036s] Level 1:colcon.colcon_core.environment:checking '/home/user/ros2_ws/install/tb3_burger_localization/lib/python3.10/site-packages'
[1.037s] Level 1:colcon.colcon_core.environment:checking '/home/user/ros2_ws/install/tb3_burger_localization/bin'
[1.037s] INFO:colcon.colcon_core.shell:Creating package script '/home/user/ros2_ws/install/tb3_burger_localization/share/tb3_burger_localization/package.ps1'
[1.039s] INFO:colcon.colcon_core.shell:Creating package descriptor '/home/user/ros2_ws/install/tb3_burger_localization/share/tb3_burger_localization/package.dsv'
[1.040s] INFO:colcon.colcon_core.shell:Creating package script '/home/user/ros2_ws/install/tb3_burger_localization/share/tb3_burger_localization/package.sh'
[1.041s] INFO:colcon.colcon_core.shell:Creating package script '/home/user/ros2_ws/install/tb3_burger_localization/share/tb3_burger_localization/package.bash'
[1.042s] INFO:colcon.colcon_core.shell:Creating package script '/home/user/ros2_ws/install/tb3_burger_localization/share/tb3_burger_localization/package.zsh'
[1.043s] Level 1:colcon.colcon_core.environment:create_file_with_runtime_dependencies(/home/user/ros2_ws/install/tb3_burger_localization/share/colcon-core/packages/tb3_burger_localization)
[1.045s] Level 1:colcon.colcon_core.environment:create_environment_scripts_only(tb3_burger_cartographer)
[1.045s] Level 1:colcon.colcon_core.environment:checking '/home/user/ros2_ws/install/tb3_burger_cartographer' for CMake module files
[1.046s] DEBUG:colcon.colcon_core.event_handler.log_command:Invoked command in '/home/user/ros2_ws/build/tb3_burger_cartographer' returned '0': CMAKE_PREFIX_PATH=${CMAKE_PREFIX_PATH}:/home/user/simulation_ws/install/turtlebot3_teleop:/home/user/simulation_ws/install/turtlebot3_example:/home/simulations/ros2_sims_ws/install/rclrs_tests:/home/simulations/ros2_sims_ws/install/examples_rclrs_minimal_client_service:/home/simulations/ros2_sims_ws/install/sensor_msgs_py:/home/simulations/ros2_sims_ws/install/examples_rclrs_minimal_pub_sub:/home/simulations/ros2_sims_ws/install/examples_rclrs_message_demo:/home/simulations/ros2_sims_ws/install/rclrs:/home/simulations/ros2_sims_ws/install/rosidl_runtime_rs:/opt/ros/humble _=/usr/bin/env /usr/bin/cmake --install /home/user/ros2_ws/build/tb3_burger_cartographer
[1.046s] Level 1:colcon.colcon_core.environment:checking '/home/user/ros2_ws/install/tb3_burger_cartographer' for CMake config files
[1.047s] Level 1:colcon.colcon_core.shell:create_environment_hook('tb3_burger_cartographer', 'cmake_prefix_path')
[1.047s] INFO:colcon.colcon_core.shell:Creating environment hook '/home/user/ros2_ws/install/tb3_burger_cartographer/share/tb3_burger_cartographer/hook/cmake_prefix_path.ps1'
[1.048s] INFO:colcon.colcon_core.shell:Creating environment descriptor '/home/user/ros2_ws/install/tb3_burger_cartographer/share/tb3_burger_cartographer/hook/cmake_prefix_path.dsv'
[1.048s] INFO:colcon.colcon_core.shell:Creating environment hook '/home/user/ros2_ws/install/tb3_burger_cartographer/share/tb3_burger_cartographer/hook/cmake_prefix_path.sh'
[1.049s] Level 1:colcon.colcon_core.environment:checking '/home/user/ros2_ws/install/tb3_burger_cartographer/bin'
[1.049s] Level 1:colcon.colcon_core.environment:checking '/home/user/ros2_ws/install/tb3_burger_cartographer/lib/pkgconfig/tb3_burger_cartographer.pc'
[1.049s] Level 1:colcon.colcon_core.environment:checking '/home/user/ros2_ws/install/tb3_burger_cartographer/lib/python3.10/site-packages'
[1.050s] Level 1:colcon.colcon_core.environment:checking '/home/user/ros2_ws/install/tb3_burger_cartographer/bin'
[1.050s] INFO:colcon.colcon_core.shell:Creating package script '/home/user/ros2_ws/install/tb3_burger_cartographer/share/tb3_burger_cartographer/package.ps1'
[1.051s] INFO:colcon.colcon_core.shell:Creating package descriptor '/home/user/ros2_ws/install/tb3_burger_cartographer/share/tb3_burger_cartographer/package.dsv'
[1.051s] INFO:colcon.colcon_core.shell:Creating package script '/home/user/ros2_ws/install/tb3_burger_cartographer/share/tb3_burger_cartographer/package.sh'
[1.052s] INFO:colcon.colcon_core.shell:Creating package script '/home/user/ros2_ws/install/tb3_burger_cartographer/share/tb3_burger_cartographer/package.bash'
[1.052s] INFO:colcon.colcon_core.shell:Creating package script '/home/user/ros2_ws/install/tb3_burger_cartographer/share/tb3_burger_cartographer/package.zsh'
[1.053s] Level 1:colcon.colcon_core.environment:create_file_with_runtime_dependencies(/home/user/ros2_ws/install/tb3_burger_cartographer/share/colcon-core/packages/tb3_burger_cartographer)
[1.140s] Level 1:colcon.colcon_core.environment:create_environment_scripts_only(tb3_burger_localization)
[1.141s] Level 1:colcon.colcon_core.environment:checking '/home/user/ros2_ws/install/tb3_burger_localization' for CMake module files
[1.141s] Level 1:colcon.colcon_core.environment:checking '/home/user/ros2_ws/install/tb3_burger_localization' for CMake config files
[1.141s] Level 1:colcon.colcon_core.shell:create_environment_hook('tb3_burger_localization', 'cmake_prefix_path')
[1.142s] INFO:colcon.colcon_core.shell:Creating environment hook '/home/user/ros2_ws/install/tb3_burger_localization/share/tb3_burger_localization/hook/cmake_prefix_path.ps1'
[1.142s] INFO:colcon.colcon_core.shell:Creating environment descriptor '/home/user/ros2_ws/install/tb3_burger_localization/share/tb3_burger_localization/hook/cmake_prefix_path.dsv'
[1.142s] INFO:colcon.colcon_core.shell:Creating environment hook '/home/user/ros2_ws/install/tb3_burger_localization/share/tb3_burger_localization/hook/cmake_prefix_path.sh'
[1.143s] Level 1:colcon.colcon_core.environment:checking '/home/user/ros2_ws/install/tb3_burger_localization/bin'
[1.143s] Level 1:colcon.colcon_core.environment:checking '/home/user/ros2_ws/install/tb3_burger_localization/lib/pkgconfig/tb3_burger_localization.pc'
[1.143s] Level 1:colcon.colcon_core.environment:checking '/home/user/ros2_ws/install/tb3_burger_localization/lib/python3.10/site-packages'
[1.144s] Level 1:colcon.colcon_core.environment:checking '/home/user/ros2_ws/install/tb3_burger_localization/bin'
[1.144s] INFO:colcon.colcon_core.shell:Creating package script '/home/user/ros2_ws/install/tb3_burger_localization/share/tb3_burger_localization/package.ps1'
[1.145s] INFO:colcon.colcon_core.shell:Creating package descriptor '/home/user/ros2_ws/install/tb3_burger_localization/share/tb3_burger_localization/package.dsv'
[1.145s] INFO:colcon.colcon_core.shell:Creating package script '/home/user/ros2_ws/install/tb3_burger_localization/share/tb3_burger_localization/package.sh'
[1.146s] INFO:colcon.colcon_core.shell:Creating package script '/home/user/ros2_ws/install/tb3_burger_localization/share/tb3_burger_localization/package.bash'
[1.146s] INFO:colcon.colcon_core.shell:Creating package script '/home/user/ros2_ws/install/tb3_burger_localization/share/tb3_burger_localization/package.zsh'
[1.147s] Level 1:colcon.colcon_core.environment:create_file_with_runtime_dependencies(/home/user/ros2_ws/install/tb3_burger_localization/share/colcon-core/packages/tb3_burger_localization)
[1.152s] Level 1:colcon.colcon_core.environment:create_environment_scripts_only(tb3_burger_cartographer)
[1.153s] Level 1:colcon.colcon_core.environment:checking '/home/user/ros2_ws/install/tb3_burger_cartographer' for CMake module files
[1.153s] Level 1:colcon.colcon_core.environment:checking '/home/user/ros2_ws/install/tb3_burger_cartographer' for CMake config files
[1.153s] Level 1:colcon.colcon_core.shell:create_environment_hook('tb3_burger_cartographer', 'cmake_prefix_path')
[1.153s] INFO:colcon.colcon_core.shell:Creating environment hook '/home/user/ros2_ws/install/tb3_burger_cartographer/share/tb3_burger_cartographer/hook/cmake_prefix_path.ps1'
[1.154s] INFO:colcon.colcon_core.shell:Creating environment descriptor '/home/user/ros2_ws/install/tb3_burger_cartographer/share/tb3_burger_cartographer/hook/cmake_prefix_path.dsv'
[1.154s] INFO:colcon.colcon_core.shell:Creating environment hook '/home/user/ros2_ws/install/tb3_burger_cartographer/share/tb3_burger_cartographer/hook/cmake_prefix_path.sh'
[1.154s] Level 1:colcon.colcon_core.environment:checking '/home/user/ros2_ws/install/tb3_burger_cartographer/bin'
[1.155s] Level 1:colcon.colcon_core.environment:checking '/home/user/ros2_ws/install/tb3_burger_cartographer/lib/pkgconfig/tb3_burger_cartographer.pc'
[1.155s] Level 1:colcon.colcon_core.environment:checking '/home/user/ros2_ws/install/tb3_burger_cartographer/lib/python3.10/site-packages'
[1.155s] Level 1:colcon.colcon_core.environment:checking '/home/user/ros2_ws/install/tb3_burger_cartographer/bin'
[1.155s] INFO:colcon.colcon_core.shell:Creating package script '/home/user/ros2_ws/install/tb3_burger_cartographer/share/tb3_burger_cartographer/package.ps1'
[1.156s] INFO:colcon.colcon_core.shell:Creating package descriptor '/home/user/ros2_ws/install/tb3_burger_cartographer/share/tb3_burger_cartographer/package.dsv'
[1.156s] INFO:colcon.colcon_core.shell:Creating package script '/home/user/ros2_ws/install/tb3_burger_cartographer/share/tb3_burger_cartographer/package.sh'
[1.157s] INFO:colcon.colcon_core.shell:Creating package script '/home/user/ros2_ws/install/tb3_burger_cartographer/share/tb3_burger_cartographer/package.bash'
[1.158s] INFO:colcon.colcon_core.shell:Creating package script '/home/user/ros2_ws/install/tb3_burger_cartographer/share/tb3_burger_cartographer/package.zsh'
[1.158s] Level 1:colcon.colcon_core.environment:create_file_with_runtime_dependencies(/home/user/ros2_ws/install/tb3_burger_cartographer/share/colcon-core/packages/tb3_burger_cartographer)
[1.520s] DEBUG:colcon.colcon_core.event_handler.log_command:Invoked command in '/home/user/ros2_ws/build/my_robot_interfaces' returned '0': CMAKE_PREFIX_PATH=${CMAKE_PREFIX_PATH}:/home/user/simulation_ws/install/turtlebot3_teleop:/home/user/simulation_ws/install/turtlebot3_example:/home/simulations/ros2_sims_ws/install/rclrs_tests:/home/simulations/ros2_sims_ws/install/examples_rclrs_minimal_client_service:/home/simulations/ros2_sims_ws/install/sensor_msgs_py:/home/simulations/ros2_sims_ws/install/examples_rclrs_minimal_pub_sub:/home/simulations/ros2_sims_ws/install/examples_rclrs_message_demo:/home/simulations/ros2_sims_ws/install/rclrs:/home/simulations/ros2_sims_ws/install/rosidl_runtime_rs:/opt/ros/humble _=/usr/bin/env /usr/bin/cmake --build /home/user/ros2_ws/build/my_robot_interfaces -- -j8 -l8
[1.658s] DEBUG:colcon.colcon_core.event_handler.log_command:Invoking command in '/home/user/ros2_ws/build/my_robot_interfaces': CMAKE_PREFIX_PATH=${CMAKE_PREFIX_PATH}:/home/user/simulation_ws/install/turtlebot3_teleop:/home/user/simulation_ws/install/turtlebot3_example:/home/simulations/ros2_sims_ws/install/rclrs_tests:/home/simulations/ros2_sims_ws/install/examples_rclrs_minimal_client_service:/home/simulations/ros2_sims_ws/install/sensor_msgs_py:/home/simulations/ros2_sims_ws/install/examples_rclrs_minimal_pub_sub:/home/simulations/ros2_sims_ws/install/examples_rclrs_message_demo:/home/simulations/ros2_sims_ws/install/rclrs:/home/simulations/ros2_sims_ws/install/rosidl_runtime_rs:/opt/ros/humble _=/usr/bin/env /usr/bin/cmake --install /home/user/ros2_ws/build/my_robot_interfaces
[1.731s] Level 1:colcon.colcon_core.environment:create_environment_scripts_only(my_robot_interfaces)
[1.731s] Level 1:colcon.colcon_core.environment:checking '/home/user/ros2_ws/install/my_robot_interfaces' for CMake module files
[1.732s] DEBUG:colcon.colcon_core.event_handler.log_command:Invoked command in '/home/user/ros2_ws/build/my_robot_interfaces' returned '0': CMAKE_PREFIX_PATH=${CMAKE_PREFIX_PATH}:/home/user/simulation_ws/install/turtlebot3_teleop:/home/user/simulation_ws/install/turtlebot3_example:/home/simulations/ros2_sims_ws/install/rclrs_tests:/home/simulations/ros2_sims_ws/install/examples_rclrs_minimal_client_service:/home/simulations/ros2_sims_ws/install/sensor_msgs_py:/home/simulations/ros2_sims_ws/install/examples_rclrs_minimal_pub_sub:/home/simulations/ros2_sims_ws/install/examples_rclrs_message_demo:/home/simulations/ros2_sims_ws/install/rclrs:/home/simulations/ros2_sims_ws/install/rosidl_runtime_rs:/opt/ros/humble _=/usr/bin/env /usr/bin/cmake --install /home/user/ros2_ws/build/my_robot_interfaces
[1.732s] Level 1:colcon.colcon_core.environment:checking '/home/user/ros2_ws/install/my_robot_interfaces' for CMake config files
[1.733s] Level 1:colcon.colcon_core.shell:create_environment_hook('my_robot_interfaces', 'cmake_prefix_path')
[1.733s] INFO:colcon.colcon_core.shell:Creating environment hook '/home/user/ros2_ws/install/my_robot_interfaces/share/my_robot_interfaces/hook/cmake_prefix_path.ps1'
[1.734s] INFO:colcon.colcon_core.shell:Creating environment descriptor '/home/user/ros2_ws/install/my_robot_interfaces/share/my_robot_interfaces/hook/cmake_prefix_path.dsv'
[1.734s] INFO:colcon.colcon_core.shell:Creating environment hook '/home/user/ros2_ws/install/my_robot_interfaces/share/my_robot_interfaces/hook/cmake_prefix_path.sh'
[1.734s] Level 1:colcon.colcon_core.environment:checking '/home/user/ros2_ws/install/my_robot_interfaces/lib'
[1.735s] Level 1:colcon.colcon_core.shell:create_environment_hook('my_robot_interfaces', 'ld_library_path_lib')
[1.735s] INFO:colcon.colcon_core.shell:Creating environment hook '/home/user/ros2_ws/install/my_robot_interfaces/share/my_robot_interfaces/hook/ld_library_path_lib.ps1'
[1.735s] INFO:colcon.colcon_core.shell:Creating environment descriptor '/home/user/ros2_ws/install/my_robot_interfaces/share/my_robot_interfaces/hook/ld_library_path_lib.dsv'
[1.736s] INFO:colcon.colcon_core.shell:Creating environment hook '/home/user/ros2_ws/install/my_robot_interfaces/share/my_robot_interfaces/hook/ld_library_path_lib.sh'
[1.736s] Level 1:colcon.colcon_core.environment:checking '/home/user/ros2_ws/install/my_robot_interfaces/bin'
[1.736s] Level 1:colcon.colcon_core.environment:checking '/home/user/ros2_ws/install/my_robot_interfaces/lib/pkgconfig/my_robot_interfaces.pc'
[1.736s] Level 1:colcon.colcon_core.environment:checking '/home/user/ros2_ws/install/my_robot_interfaces/lib/python3.10/site-packages'
[1.737s] Level 1:colcon.colcon_core.environment:checking '/home/user/ros2_ws/install/my_robot_interfaces/bin'
[1.737s] INFO:colcon.colcon_core.shell:Creating package script '/home/user/ros2_ws/install/my_robot_interfaces/share/my_robot_interfaces/package.ps1'
[1.737s] INFO:colcon.colcon_core.shell:Creating package descriptor '/home/user/ros2_ws/install/my_robot_interfaces/share/my_robot_interfaces/package.dsv'
[1.738s] INFO:colcon.colcon_core.shell:Creating package script '/home/user/ros2_ws/install/my_robot_interfaces/share/my_robot_interfaces/package.sh'
[1.738s] INFO:colcon.colcon_core.shell:Creating package script '/home/user/ros2_ws/install/my_robot_interfaces/share/my_robot_interfaces/package.bash'
[1.739s] INFO:colcon.colcon_core.shell:Creating package script '/home/user/ros2_ws/install/my_robot_interfaces/share/my_robot_interfaces/package.zsh'
[1.739s] Level 1:colcon.colcon_core.environment:create_file_with_runtime_dependencies(/home/user/ros2_ws/install/my_robot_interfaces/share/colcon-core/packages/my_robot_interfaces)
[1.882s] Level 1:colcon.colcon_core.environment:create_environment_scripts_only(my_robot_interfaces)
[1.882s] Level 1:colcon.colcon_core.environment:checking '/home/user/ros2_ws/install/my_robot_interfaces' for CMake module files
[1.883s] Level 1:colcon.colcon_core.environment:checking '/home/user/ros2_ws/install/my_robot_interfaces' for CMake config files
[1.883s] Level 1:colcon.colcon_core.shell:create_environment_hook('my_robot_interfaces', 'cmake_prefix_path')
[1.883s] INFO:colcon.colcon_core.shell:Creating environment hook '/home/user/ros2_ws/install/my_robot_interfaces/share/my_robot_interfaces/hook/cmake_prefix_path.ps1'
[1.884s] INFO:colcon.colcon_core.shell:Creating environment descriptor '/home/user/ros2_ws/install/my_robot_interfaces/share/my_robot_interfaces/hook/cmake_prefix_path.dsv'
[1.884s] INFO:colcon.colcon_core.shell:Creating environment hook '/home/user/ros2_ws/install/my_robot_interfaces/share/my_robot_interfaces/hook/cmake_prefix_path.sh'
[1.885s] Level 1:colcon.colcon_core.environment:checking '/home/user/ros2_ws/install/my_robot_interfaces/lib'
[1.885s] Level 1:colcon.colcon_core.shell:create_environment_hook('my_robot_interfaces', 'ld_library_path_lib')
[1.885s] INFO:colcon.colcon_core.shell:Creating environment hook '/home/user/ros2_ws/install/my_robot_interfaces/share/my_robot_interfaces/hook/ld_library_path_lib.ps1'
[1.886s] INFO:colcon.colcon_core.shell:Creating environment descriptor '/home/user/ros2_ws/install/my_robot_interfaces/share/my_robot_interfaces/hook/ld_library_path_lib.dsv'
[1.886s] INFO:colcon.colcon_core.shell:Creating environment hook '/home/user/ros2_ws/install/my_robot_interfaces/share/my_robot_interfaces/hook/ld_library_path_lib.sh'
[1.886s] Level 1:colcon.colcon_core.environment:checking '/home/user/ros2_ws/install/my_robot_interfaces/bin'
[1.886s] Level 1:colcon.colcon_core.environment:checking '/home/user/ros2_ws/install/my_robot_interfaces/lib/pkgconfig/my_robot_interfaces.pc'
[1.887s] Level 1:colcon.colcon_core.environment:checking '/home/user/ros2_ws/install/my_robot_interfaces/lib/python3.10/site-packages'
[1.887s] Level 1:colcon.colcon_core.environment:checking '/home/user/ros2_ws/install/my_robot_interfaces/bin'
[1.887s] INFO:colcon.colcon_core.shell:Creating package script '/home/user/ros2_ws/install/my_robot_interfaces/share/my_robot_interfaces/package.ps1'
[1.888s] INFO:colcon.colcon_core.shell:Creating package descriptor '/home/user/ros2_ws/install/my_robot_interfaces/share/my_robot_interfaces/package.dsv'
[1.888s] INFO:colcon.colcon_core.shell:Creating package script '/home/user/ros2_ws/install/my_robot_interfaces/share/my_robot_interfaces/package.sh'
[1.889s] INFO:colcon.colcon_core.shell:Creating package script '/home/user/ros2_ws/install/my_robot_interfaces/share/my_robot_interfaces/package.bash'
[1.889s] INFO:colcon.colcon_core.shell:Creating package script '/home/user/ros2_ws/install/my_robot_interfaces/share/my_robot_interfaces/package.zsh'
[1.889s] Level 1:colcon.colcon_core.environment:create_file_with_runtime_dependencies(/home/user/ros2_ws/install/my_robot_interfaces/share/colcon-core/packages/my_robot_interfaces)
[1.890s] INFO:colcon.colcon_ros.task.ament_cmake.build:Building ROS package in '/home/user/ros2_ws/src/ros2_tf_project' with build type 'ament_cmake'
[1.890s] INFO:colcon.colcon_cmake.task.cmake.build:Building CMake package in '/home/user/ros2_ws/src/ros2_tf_project'
[1.890s] INFO:colcon.colcon_core.shell:Skip shell extension 'powershell' for command environment: Not usable outside of PowerShell
[1.891s] DEBUG:colcon.colcon_core.shell:Skip shell extension 'dsv' for command environment
[1.911s] DEBUG:colcon.colcon_core.event_handler.log_command:Invoking command in '/home/user/ros2_ws/build/ros2_tf_project': AMENT_PREFIX_PATH=/home/user/ros2_ws/install/my_robot_interfaces:${AMENT_PREFIX_PATH} CMAKE_PREFIX_PATH=/home/user/ros2_ws/install/my_robot_interfaces:/home/user/ros2_ws/install/tb3_burger_localization:/home/user/ros2_ws/install/tb3_burger_cartographer:/home/user/simulation_ws/install/turtlebot3:/home/user/simulation_ws/install/turtlebot3_simulations:/home/user/simulation_ws/install/turtlebot3_navigation2:/home/user/simulation_ws/install/turtlebot3_msgs:/home/user/simulation_ws/install/turtlebot3_gazebo:/home/user/simulation_ws/install/turtlebot3_bringup:/home/user/simulation_ws/install/turtlebot3_description:/home/user/simulation_ws/install/turtlebot3_cartographer:/home/simulations/ros2_sims_ws/install/common_interfaces:/home/simulations/ros2_sims_ws/install/visualization_msgs:/home/simulations/ros2_sims_ws/install/test_msgs:/home/simulations/ros2_sims_ws/install/example_interfaces:/home/simulations/ros2_sims_ws/install/action_msgs:/home/simulations/ros2_sims_ws/install/unique_identifier_msgs:/home/simulations/ros2_sims_ws/install/trajectory_msgs:/home/simulations/ros2_sims_ws/install/test_interface_files:/home/simulations/ros2_sims_ws/install/stereo_msgs:/home/simulations/ros2_sims_ws/install/std_srvs:/home/simulations/ros2_sims_ws/install/shape_msgs:/home/simulations/ros2_sims_ws/install/sensor_msgs:/home/simulations/ros2_sims_ws/install/nav_msgs:/home/simulations/ros2_sims_ws/install/diagnostic_msgs:/home/simulations/ros2_sims_ws/install/geometry_msgs:/home/simulations/ros2_sims_ws/install/actionlib_msgs:/home/simulations/ros2_sims_ws/install/std_msgs:/home/simulations/ros2_sims_ws/install/statistics_msgs:/home/simulations/ros2_sims_ws/install/rosgraph_msgs:/home/simulations/ros2_sims_ws/install/rclrs_example_msgs:/home/simulations/ros2_sims_ws/install/composition_interfaces:/home/simulations/ros2_sims_ws/install/rcl_interfaces:/home/simulations/ros2_sims_ws/install/lifecycle_msgs:/home/simulations/ros2_sims_ws/install/builtin_interfaces:/home/simulations/ros2_sims_ws/install/rosidl_default_runtime:/home/simulations/ros2_sims_ws/install/rosidl_default_generators:/home/simulations/ros2_sims_ws/install/rosidl_generator_rs:/home/user/simulation_ws/install/turtlebot3_teleop:/home/user/simulation_ws/install/turtlebot3_example:/home/simulations/ros2_sims_ws/install/rclrs_tests:/home/simulations/ros2_sims_ws/install/examples_rclrs_minimal_client_service:/home/simulations/ros2_sims_ws/install/sensor_msgs_py:/home/simulations/ros2_sims_ws/install/examples_rclrs_minimal_pub_sub:/home/simulations/ros2_sims_ws/install/examples_rclrs_message_demo:/home/simulations/ros2_sims_ws/install/rclrs:/home/simulations/ros2_sims_ws/install/rosidl_runtime_rs:/opt/ros/humble LD_LIBRARY_PATH=/home/user/ros2_ws/install/my_robot_interfaces/lib:/home/user/simulation_ws/install/turtlebot3_msgs/lib:/usr/local/cuda-10.2/lib64:/home/user/.catkin_ws_python3/src/TensorRT-7.0.0.11/lib:/home/simulations/ros2_sims_ws/install/visualization_msgs/lib:/home/simulations/ros2_sims_ws/install/test_msgs/lib:/home/simulations/ros2_sims_ws/install/example_interfaces/lib:/home/simulations/ros2_sims_ws/install/action_msgs/lib:/home/simulations/ros2_sims_ws/install/unique_identifier_msgs/lib:/home/simulations/ros2_sims_ws/install/trajectory_msgs/lib:/home/simulations/ros2_sims_ws/install/stereo_msgs/lib:/home/simulations/ros2_sims_ws/install/std_srvs/lib:/home/simulations/ros2_sims_ws/install/shape_msgs/lib:/home/simulations/ros2_sims_ws/install/sensor_msgs/lib:/home/simulations/ros2_sims_ws/install/nav_msgs/lib:/home/simulations/ros2_sims_ws/install/diagnostic_msgs/lib:/home/simulations/ros2_sims_ws/install/geometry_msgs/lib:/home/simulations/ros2_sims_ws/install/actionlib_msgs/lib:/home/simulations/ros2_sims_ws/install/std_msgs/lib:/home/simulations/ros2_sims_ws/install/statistics_msgs/lib:/home/simulations/ros2_sims_ws/install/rosgraph_msgs/lib:/home/simulations/ros2_sims_ws/install/rclrs_example_msgs/lib:/home/simulations/ros2_sims_ws/install/composition_interfaces/lib:/home/simulations/ros2_sims_ws/install/rcl_interfaces/lib:/home/simulations/ros2_sims_ws/install/lifecycle_msgs/lib:/home/simulations/ros2_sims_ws/install/builtin_interfaces/lib:/opt/ros/humble/opt/rviz_ogre_vendor/lib:/opt/ros/humble/lib/x86_64-linux-gnu:/opt/ros/humble/lib:/usr/local/cuda-10.2/lib64:/home/user/.catkin_ws_python3/src/TensorRT-7.0.0.11/lib:/usr/lib/x86_64-linux-gnu/gazebo-11/plugins:/usr/lib/x86_64-linux-gnu/gazebo-11/plugins:/usr/lib/x86_64-linux-gnu/gazebo-11/plugins PYTHONPATH=/home/user/ros2_ws/install/my_robot_interfaces/local/lib/python3.10/dist-packages:${PYTHONPATH} _=/usr/bin/env /usr/bin/cmake /home/user/ros2_ws/src/ros2_tf_project -DCMAKE_INSTALL_PREFIX=/home/user/ros2_ws/install/ros2_tf_project
[4.332s] DEBUG:colcon.colcon_core.event_handler.log_command:Invoked command in '/home/user/ros2_ws/build/ros2_tf_project' returned '0': AMENT_PREFIX_PATH=/home/user/ros2_ws/install/my_robot_interfaces:${AMENT_PREFIX_PATH} CMAKE_PREFIX_PATH=/home/user/ros2_ws/install/my_robot_interfaces:/home/user/ros2_ws/install/tb3_burger_localization:/home/user/ros2_ws/install/tb3_burger_cartographer:/home/user/simulation_ws/install/turtlebot3:/home/user/simulation_ws/install/turtlebot3_simulations:/home/user/simulation_ws/install/turtlebot3_navigation2:/home/user/simulation_ws/install/turtlebot3_msgs:/home/user/simulation_ws/install/turtlebot3_gazebo:/home/user/simulation_ws/install/turtlebot3_bringup:/home/user/simulation_ws/install/turtlebot3_description:/home/user/simulation_ws/install/turtlebot3_cartographer:/home/simulations/ros2_sims_ws/install/common_interfaces:/home/simulations/ros2_sims_ws/install/visualization_msgs:/home/simulations/ros2_sims_ws/install/test_msgs:/home/simulations/ros2_sims_ws/install/example_interfaces:/home/simulations/ros2_sims_ws/install/action_msgs:/home/simulations/ros2_sims_ws/install/unique_identifier_msgs:/home/simulations/ros2_sims_ws/install/trajectory_msgs:/home/simulations/ros2_sims_ws/install/test_interface_files:/home/simulations/ros2_sims_ws/install/stereo_msgs:/home/simulations/ros2_sims_ws/install/std_srvs:/home/simulations/ros2_sims_ws/install/shape_msgs:/home/simulations/ros2_sims_ws/install/sensor_msgs:/home/simulations/ros2_sims_ws/install/nav_msgs:/home/simulations/ros2_sims_ws/install/diagnostic_msgs:/home/simulations/ros2_sims_ws/install/geometry_msgs:/home/simulations/ros2_sims_ws/install/actionlib_msgs:/home/simulations/ros2_sims_ws/install/std_msgs:/home/simulations/ros2_sims_ws/install/statistics_msgs:/home/simulations/ros2_sims_ws/install/rosgraph_msgs:/home/simulations/ros2_sims_ws/install/rclrs_example_msgs:/home/simulations/ros2_sims_ws/install/composition_interfaces:/home/simulations/ros2_sims_ws/install/rcl_interfaces:/home/simulations/ros2_sims_ws/install/lifecycle_msgs:/home/simulations/ros2_sims_ws/install/builtin_interfaces:/home/simulations/ros2_sims_ws/install/rosidl_default_runtime:/home/simulations/ros2_sims_ws/install/rosidl_default_generators:/home/simulations/ros2_sims_ws/install/rosidl_generator_rs:/home/user/simulation_ws/install/turtlebot3_teleop:/home/user/simulation_ws/install/turtlebot3_example:/home/simulations/ros2_sims_ws/install/rclrs_tests:/home/simulations/ros2_sims_ws/install/examples_rclrs_minimal_client_service:/home/simulations/ros2_sims_ws/install/sensor_msgs_py:/home/simulations/ros2_sims_ws/install/examples_rclrs_minimal_pub_sub:/home/simulations/ros2_sims_ws/install/examples_rclrs_message_demo:/home/simulations/ros2_sims_ws/install/rclrs:/home/simulations/ros2_sims_ws/install/rosidl_runtime_rs:/opt/ros/humble LD_LIBRARY_PATH=/home/user/ros2_ws/install/my_robot_interfaces/lib:/home/user/simulation_ws/install/turtlebot3_msgs/lib:/usr/local/cuda-10.2/lib64:/home/user/.catkin_ws_python3/src/TensorRT-7.0.0.11/lib:/home/simulations/ros2_sims_ws/install/visualization_msgs/lib:/home/simulations/ros2_sims_ws/install/test_msgs/lib:/home/simulations/ros2_sims_ws/install/example_interfaces/lib:/home/simulations/ros2_sims_ws/install/action_msgs/lib:/home/simulations/ros2_sims_ws/install/unique_identifier_msgs/lib:/home/simulations/ros2_sims_ws/install/trajectory_msgs/lib:/home/simulations/ros2_sims_ws/install/stereo_msgs/lib:/home/simulations/ros2_sims_ws/install/std_srvs/lib:/home/simulations/ros2_sims_ws/install/shape_msgs/lib:/home/simulations/ros2_sims_ws/install/sensor_msgs/lib:/home/simulations/ros2_sims_ws/install/nav_msgs/lib:/home/simulations/ros2_sims_ws/install/diagnostic_msgs/lib:/home/simulations/ros2_sims_ws/install/geometry_msgs/lib:/home/simulations/ros2_sims_ws/install/actionlib_msgs/lib:/home/simulations/ros2_sims_ws/install/std_msgs/lib:/home/simulations/ros2_sims_ws/install/statistics_msgs/lib:/home/simulations/ros2_sims_ws/install/rosgraph_msgs/lib:/home/simulations/ros2_sims_ws/install/rclrs_example_msgs/lib:/home/simulations/ros2_sims_ws/install/composition_interfaces/lib:/home/simulations/ros2_sims_ws/install/rcl_interfaces/lib:/home/simulations/ros2_sims_ws/install/lifecycle_msgs/lib:/home/simulations/ros2_sims_ws/install/builtin_interfaces/lib:/opt/ros/humble/opt/rviz_ogre_vendor/lib:/opt/ros/humble/lib/x86_64-linux-gnu:/opt/ros/humble/lib:/usr/local/cuda-10.2/lib64:/home/user/.catkin_ws_python3/src/TensorRT-7.0.0.11/lib:/usr/lib/x86_64-linux-gnu/gazebo-11/plugins:/usr/lib/x86_64-linux-gnu/gazebo-11/plugins:/usr/lib/x86_64-linux-gnu/gazebo-11/plugins PYTHONPATH=/home/user/ros2_ws/install/my_robot_interfaces/local/lib/python3.10/dist-packages:${PYTHONPATH} _=/usr/bin/env /usr/bin/cmake /home/user/ros2_ws/src/ros2_tf_project -DCMAKE_INSTALL_PREFIX=/home/user/ros2_ws/install/ros2_tf_project
[4.334s] DEBUG:colcon.colcon_core.event_handler.log_command:Invoking command in '/home/user/ros2_ws/build/ros2_tf_project': AMENT_PREFIX_PATH=/home/user/ros2_ws/install/my_robot_interfaces:${AMENT_PREFIX_PATH} CMAKE_PREFIX_PATH=/home/user/ros2_ws/install/my_robot_interfaces:/home/user/ros2_ws/install/tb3_burger_localization:/home/user/ros2_ws/install/tb3_burger_cartographer:/home/user/simulation_ws/install/turtlebot3:/home/user/simulation_ws/install/turtlebot3_simulations:/home/user/simulation_ws/install/turtlebot3_navigation2:/home/user/simulation_ws/install/turtlebot3_msgs:/home/user/simulation_ws/install/turtlebot3_gazebo:/home/user/simulation_ws/install/turtlebot3_bringup:/home/user/simulation_ws/install/turtlebot3_description:/home/user/simulation_ws/install/turtlebot3_cartographer:/home/simulations/ros2_sims_ws/install/common_interfaces:/home/simulations/ros2_sims_ws/install/visualization_msgs:/home/simulations/ros2_sims_ws/install/test_msgs:/home/simulations/ros2_sims_ws/install/example_interfaces:/home/simulations/ros2_sims_ws/install/action_msgs:/home/simulations/ros2_sims_ws/install/unique_identifier_msgs:/home/simulations/ros2_sims_ws/install/trajectory_msgs:/home/simulations/ros2_sims_ws/install/test_interface_files:/home/simulations/ros2_sims_ws/install/stereo_msgs:/home/simulations/ros2_sims_ws/install/std_srvs:/home/simulations/ros2_sims_ws/install/shape_msgs:/home/simulations/ros2_sims_ws/install/sensor_msgs:/home/simulations/ros2_sims_ws/install/nav_msgs:/home/simulations/ros2_sims_ws/install/diagnostic_msgs:/home/simulations/ros2_sims_ws/install/geometry_msgs:/home/simulations/ros2_sims_ws/install/actionlib_msgs:/home/simulations/ros2_sims_ws/install/std_msgs:/home/simulations/ros2_sims_ws/install/statistics_msgs:/home/simulations/ros2_sims_ws/install/rosgraph_msgs:/home/simulations/ros2_sims_ws/install/rclrs_example_msgs:/home/simulations/ros2_sims_ws/install/composition_interfaces:/home/simulations/ros2_sims_ws/install/rcl_interfaces:/home/simulations/ros2_sims_ws/install/lifecycle_msgs:/home/simulations/ros2_sims_ws/install/builtin_interfaces:/home/simulations/ros2_sims_ws/install/rosidl_default_runtime:/home/simulations/ros2_sims_ws/install/rosidl_default_generators:/home/simulations/ros2_sims_ws/install/rosidl_generator_rs:/home/user/simulation_ws/install/turtlebot3_teleop:/home/user/simulation_ws/install/turtlebot3_example:/home/simulations/ros2_sims_ws/install/rclrs_tests:/home/simulations/ros2_sims_ws/install/examples_rclrs_minimal_client_service:/home/simulations/ros2_sims_ws/install/sensor_msgs_py:/home/simulations/ros2_sims_ws/install/examples_rclrs_minimal_pub_sub:/home/simulations/ros2_sims_ws/install/examples_rclrs_message_demo:/home/simulations/ros2_sims_ws/install/rclrs:/home/simulations/ros2_sims_ws/install/rosidl_runtime_rs:/opt/ros/humble LD_LIBRARY_PATH=/home/user/ros2_ws/install/my_robot_interfaces/lib:/home/user/simulation_ws/install/turtlebot3_msgs/lib:/usr/local/cuda-10.2/lib64:/home/user/.catkin_ws_python3/src/TensorRT-7.0.0.11/lib:/home/simulations/ros2_sims_ws/install/visualization_msgs/lib:/home/simulations/ros2_sims_ws/install/test_msgs/lib:/home/simulations/ros2_sims_ws/install/example_interfaces/lib:/home/simulations/ros2_sims_ws/install/action_msgs/lib:/home/simulations/ros2_sims_ws/install/unique_identifier_msgs/lib:/home/simulations/ros2_sims_ws/install/trajectory_msgs/lib:/home/simulations/ros2_sims_ws/install/stereo_msgs/lib:/home/simulations/ros2_sims_ws/install/std_srvs/lib:/home/simulations/ros2_sims_ws/install/shape_msgs/lib:/home/simulations/ros2_sims_ws/install/sensor_msgs/lib:/home/simulations/ros2_sims_ws/install/nav_msgs/lib:/home/simulations/ros2_sims_ws/install/diagnostic_msgs/lib:/home/simulations/ros2_sims_ws/install/geometry_msgs/lib:/home/simulations/ros2_sims_ws/install/actionlib_msgs/lib:/home/simulations/ros2_sims_ws/install/std_msgs/lib:/home/simulations/ros2_sims_ws/install/statistics_msgs/lib:/home/simulations/ros2_sims_ws/install/rosgraph_msgs/lib:/home/simulations/ros2_sims_ws/install/rclrs_example_msgs/lib:/home/simulations/ros2_sims_ws/install/composition_interfaces/lib:/home/simulations/ros2_sims_ws/install/rcl_interfaces/lib:/home/simulations/ros2_sims_ws/install/lifecycle_msgs/lib:/home/simulations/ros2_sims_ws/install/builtin_interfaces/lib:/opt/ros/humble/opt/rviz_ogre_vendor/lib:/opt/ros/humble/lib/x86_64-linux-gnu:/opt/ros/humble/lib:/usr/local/cuda-10.2/lib64:/home/user/.catkin_ws_python3/src/TensorRT-7.0.0.11/lib:/usr/lib/x86_64-linux-gnu/gazebo-11/plugins:/usr/lib/x86_64-linux-gnu/gazebo-11/plugins:/usr/lib/x86_64-linux-gnu/gazebo-11/plugins PYTHONPATH=/home/user/ros2_ws/install/my_robot_interfaces/local/lib/python3.10/dist-packages:${PYTHONPATH} _=/usr/bin/env /usr/bin/cmake --build /home/user/ros2_ws/build/ros2_tf_project -- -j8 -l8
[4.383s] DEBUG:colcon.colcon_core.event_handler.log_command:Invoked command in '/home/user/ros2_ws/build/ros2_tf_project' returned '0': AMENT_PREFIX_PATH=/home/user/ros2_ws/install/my_robot_interfaces:${AMENT_PREFIX_PATH} CMAKE_PREFIX_PATH=/home/user/ros2_ws/install/my_robot_interfaces:/home/user/ros2_ws/install/tb3_burger_localization:/home/user/ros2_ws/install/tb3_burger_cartographer:/home/user/simulation_ws/install/turtlebot3:/home/user/simulation_ws/install/turtlebot3_simulations:/home/user/simulation_ws/install/turtlebot3_navigation2:/home/user/simulation_ws/install/turtlebot3_msgs:/home/user/simulation_ws/install/turtlebot3_gazebo:/home/user/simulation_ws/install/turtlebot3_bringup:/home/user/simulation_ws/install/turtlebot3_description:/home/user/simulation_ws/install/turtlebot3_cartographer:/home/simulations/ros2_sims_ws/install/common_interfaces:/home/simulations/ros2_sims_ws/install/visualization_msgs:/home/simulations/ros2_sims_ws/install/test_msgs:/home/simulations/ros2_sims_ws/install/example_interfaces:/home/simulations/ros2_sims_ws/install/action_msgs:/home/simulations/ros2_sims_ws/install/unique_identifier_msgs:/home/simulations/ros2_sims_ws/install/trajectory_msgs:/home/simulations/ros2_sims_ws/install/test_interface_files:/home/simulations/ros2_sims_ws/install/stereo_msgs:/home/simulations/ros2_sims_ws/install/std_srvs:/home/simulations/ros2_sims_ws/install/shape_msgs:/home/simulations/ros2_sims_ws/install/sensor_msgs:/home/simulations/ros2_sims_ws/install/nav_msgs:/home/simulations/ros2_sims_ws/install/diagnostic_msgs:/home/simulations/ros2_sims_ws/install/geometry_msgs:/home/simulations/ros2_sims_ws/install/actionlib_msgs:/home/simulations/ros2_sims_ws/install/std_msgs:/home/simulations/ros2_sims_ws/install/statistics_msgs:/home/simulations/ros2_sims_ws/install/rosgraph_msgs:/home/simulations/ros2_sims_ws/install/rclrs_example_msgs:/home/simulations/ros2_sims_ws/install/composition_interfaces:/home/simulations/ros2_sims_ws/install/rcl_interfaces:/home/simulations/ros2_sims_ws/install/lifecycle_msgs:/home/simulations/ros2_sims_ws/install/builtin_interfaces:/home/simulations/ros2_sims_ws/install/rosidl_default_runtime:/home/simulations/ros2_sims_ws/install/rosidl_default_generators:/home/simulations/ros2_sims_ws/install/rosidl_generator_rs:/home/user/simulation_ws/install/turtlebot3_teleop:/home/user/simulation_ws/install/turtlebot3_example:/home/simulations/ros2_sims_ws/install/rclrs_tests:/home/simulations/ros2_sims_ws/install/examples_rclrs_minimal_client_service:/home/simulations/ros2_sims_ws/install/sensor_msgs_py:/home/simulations/ros2_sims_ws/install/examples_rclrs_minimal_pub_sub:/home/simulations/ros2_sims_ws/install/examples_rclrs_message_demo:/home/simulations/ros2_sims_ws/install/rclrs:/home/simulations/ros2_sims_ws/install/rosidl_runtime_rs:/opt/ros/humble LD_LIBRARY_PATH=/home/user/ros2_ws/install/my_robot_interfaces/lib:/home/user/simulation_ws/install/turtlebot3_msgs/lib:/usr/local/cuda-10.2/lib64:/home/user/.catkin_ws_python3/src/TensorRT-7.0.0.11/lib:/home/simulations/ros2_sims_ws/install/visualization_msgs/lib:/home/simulations/ros2_sims_ws/install/test_msgs/lib:/home/simulations/ros2_sims_ws/install/example_interfaces/lib:/home/simulations/ros2_sims_ws/install/action_msgs/lib:/home/simulations/ros2_sims_ws/install/unique_identifier_msgs/lib:/home/simulations/ros2_sims_ws/install/trajectory_msgs/lib:/home/simulations/ros2_sims_ws/install/stereo_msgs/lib:/home/simulations/ros2_sims_ws/install/std_srvs/lib:/home/simulations/ros2_sims_ws/install/shape_msgs/lib:/home/simulations/ros2_sims_ws/install/sensor_msgs/lib:/home/simulations/ros2_sims_ws/install/nav_msgs/lib:/home/simulations/ros2_sims_ws/install/diagnostic_msgs/lib:/home/simulations/ros2_sims_ws/install/geometry_msgs/lib:/home/simulations/ros2_sims_ws/install/actionlib_msgs/lib:/home/simulations/ros2_sims_ws/install/std_msgs/lib:/home/simulations/ros2_sims_ws/install/statistics_msgs/lib:/home/simulations/ros2_sims_ws/install/rosgraph_msgs/lib:/home/simulations/ros2_sims_ws/install/rclrs_example_msgs/lib:/home/simulations/ros2_sims_ws/install/composition_interfaces/lib:/home/simulations/ros2_sims_ws/install/rcl_interfaces/lib:/home/simulations/ros2_sims_ws/install/lifecycle_msgs/lib:/home/simulations/ros2_sims_ws/install/builtin_interfaces/lib:/opt/ros/humble/opt/rviz_ogre_vendor/lib:/opt/ros/humble/lib/x86_64-linux-gnu:/opt/ros/humble/lib:/usr/local/cuda-10.2/lib64:/home/user/.catkin_ws_python3/src/TensorRT-7.0.0.11/lib:/usr/lib/x86_64-linux-gnu/gazebo-11/plugins:/usr/lib/x86_64-linux-gnu/gazebo-11/plugins:/usr/lib/x86_64-linux-gnu/gazebo-11/plugins PYTHONPATH=/home/user/ros2_ws/install/my_robot_interfaces/local/lib/python3.10/dist-packages:${PYTHONPATH} _=/usr/bin/env /usr/bin/cmake --build /home/user/ros2_ws/build/ros2_tf_project -- -j8 -l8
[4.425s] DEBUG:colcon.colcon_core.event_handler.log_command:Invoking command in '/home/user/ros2_ws/build/ros2_tf_project': AMENT_PREFIX_PATH=/home/user/ros2_ws/install/my_robot_interfaces:${AMENT_PREFIX_PATH} CMAKE_PREFIX_PATH=/home/user/ros2_ws/install/my_robot_interfaces:/home/user/ros2_ws/install/tb3_burger_localization:/home/user/ros2_ws/install/tb3_burger_cartographer:/home/user/simulation_ws/install/turtlebot3:/home/user/simulation_ws/install/turtlebot3_simulations:/home/user/simulation_ws/install/turtlebot3_navigation2:/home/user/simulation_ws/install/turtlebot3_msgs:/home/user/simulation_ws/install/turtlebot3_gazebo:/home/user/simulation_ws/install/turtlebot3_bringup:/home/user/simulation_ws/install/turtlebot3_description:/home/user/simulation_ws/install/turtlebot3_cartographer:/home/simulations/ros2_sims_ws/install/common_interfaces:/home/simulations/ros2_sims_ws/install/visualization_msgs:/home/simulations/ros2_sims_ws/install/test_msgs:/home/simulations/ros2_sims_ws/install/example_interfaces:/home/simulations/ros2_sims_ws/install/action_msgs:/home/simulations/ros2_sims_ws/install/unique_identifier_msgs:/home/simulations/ros2_sims_ws/install/trajectory_msgs:/home/simulations/ros2_sims_ws/install/test_interface_files:/home/simulations/ros2_sims_ws/install/stereo_msgs:/home/simulations/ros2_sims_ws/install/std_srvs:/home/simulations/ros2_sims_ws/install/shape_msgs:/home/simulations/ros2_sims_ws/install/sensor_msgs:/home/simulations/ros2_sims_ws/install/nav_msgs:/home/simulations/ros2_sims_ws/install/diagnostic_msgs:/home/simulations/ros2_sims_ws/install/geometry_msgs:/home/simulations/ros2_sims_ws/install/actionlib_msgs:/home/simulations/ros2_sims_ws/install/std_msgs:/home/simulations/ros2_sims_ws/install/statistics_msgs:/home/simulations/ros2_sims_ws/install/rosgraph_msgs:/home/simulations/ros2_sims_ws/install/rclrs_example_msgs:/home/simulations/ros2_sims_ws/install/composition_interfaces:/home/simulations/ros2_sims_ws/install/rcl_interfaces:/home/simulations/ros2_sims_ws/install/lifecycle_msgs:/home/simulations/ros2_sims_ws/install/builtin_interfaces:/home/simulations/ros2_sims_ws/install/rosidl_default_runtime:/home/simulations/ros2_sims_ws/install/rosidl_default_generators:/home/simulations/ros2_sims_ws/install/rosidl_generator_rs:/home/user/simulation_ws/install/turtlebot3_teleop:/home/user/simulation_ws/install/turtlebot3_example:/home/simulations/ros2_sims_ws/install/rclrs_tests:/home/simulations/ros2_sims_ws/install/examples_rclrs_minimal_client_service:/home/simulations/ros2_sims_ws/install/sensor_msgs_py:/home/simulations/ros2_sims_ws/install/examples_rclrs_minimal_pub_sub:/home/simulations/ros2_sims_ws/install/examples_rclrs_message_demo:/home/simulations/ros2_sims_ws/install/rclrs:/home/simulations/ros2_sims_ws/install/rosidl_runtime_rs:/opt/ros/humble LD_LIBRARY_PATH=/home/user/ros2_ws/install/my_robot_interfaces/lib:/home/user/simulation_ws/install/turtlebot3_msgs/lib:/usr/local/cuda-10.2/lib64:/home/user/.catkin_ws_python3/src/TensorRT-7.0.0.11/lib:/home/simulations/ros2_sims_ws/install/visualization_msgs/lib:/home/simulations/ros2_sims_ws/install/test_msgs/lib:/home/simulations/ros2_sims_ws/install/example_interfaces/lib:/home/simulations/ros2_sims_ws/install/action_msgs/lib:/home/simulations/ros2_sims_ws/install/unique_identifier_msgs/lib:/home/simulations/ros2_sims_ws/install/trajectory_msgs/lib:/home/simulations/ros2_sims_ws/install/stereo_msgs/lib:/home/simulations/ros2_sims_ws/install/std_srvs/lib:/home/simulations/ros2_sims_ws/install/shape_msgs/lib:/home/simulations/ros2_sims_ws/install/sensor_msgs/lib:/home/simulations/ros2_sims_ws/install/nav_msgs/lib:/home/simulations/ros2_sims_ws/install/diagnostic_msgs/lib:/home/simulations/ros2_sims_ws/install/geometry_msgs/lib:/home/simulations/ros2_sims_ws/install/actionlib_msgs/lib:/home/simulations/ros2_sims_ws/install/std_msgs/lib:/home/simulations/ros2_sims_ws/install/statistics_msgs/lib:/home/simulations/ros2_sims_ws/install/rosgraph_msgs/lib:/home/simulations/ros2_sims_ws/install/rclrs_example_msgs/lib:/home/simulations/ros2_sims_ws/install/composition_interfaces/lib:/home/simulations/ros2_sims_ws/install/rcl_interfaces/lib:/home/simulations/ros2_sims_ws/install/lifecycle_msgs/lib:/home/simulations/ros2_sims_ws/install/builtin_interfaces/lib:/opt/ros/humble/opt/rviz_ogre_vendor/lib:/opt/ros/humble/lib/x86_64-linux-gnu:/opt/ros/humble/lib:/usr/local/cuda-10.2/lib64:/home/user/.catkin_ws_python3/src/TensorRT-7.0.0.11/lib:/usr/lib/x86_64-linux-gnu/gazebo-11/plugins:/usr/lib/x86_64-linux-gnu/gazebo-11/plugins:/usr/lib/x86_64-linux-gnu/gazebo-11/plugins PYTHONPATH=/home/user/ros2_ws/install/my_robot_interfaces/local/lib/python3.10/dist-packages:${PYTHONPATH} _=/usr/bin/env /usr/bin/cmake --install /home/user/ros2_ws/build/ros2_tf_project
[4.437s] Level 1:colcon.colcon_core.environment:create_environment_scripts_only(ros2_tf_project)
[4.437s] Level 1:colcon.colcon_core.environment:checking '/home/user/ros2_ws/install/ros2_tf_project' for CMake module files
[4.437s] DEBUG:colcon.colcon_core.event_handler.log_command:Invoked command in '/home/user/ros2_ws/build/ros2_tf_project' returned '0': AMENT_PREFIX_PATH=/home/user/ros2_ws/install/my_robot_interfaces:${AMENT_PREFIX_PATH} CMAKE_PREFIX_PATH=/home/user/ros2_ws/install/my_robot_interfaces:/home/user/ros2_ws/install/tb3_burger_localization:/home/user/ros2_ws/install/tb3_burger_cartographer:/home/user/simulation_ws/install/turtlebot3:/home/user/simulation_ws/install/turtlebot3_simulations:/home/user/simulation_ws/install/turtlebot3_navigation2:/home/user/simulation_ws/install/turtlebot3_msgs:/home/user/simulation_ws/install/turtlebot3_gazebo:/home/user/simulation_ws/install/turtlebot3_bringup:/home/user/simulation_ws/install/turtlebot3_description:/home/user/simulation_ws/install/turtlebot3_cartographer:/home/simulations/ros2_sims_ws/install/common_interfaces:/home/simulations/ros2_sims_ws/install/visualization_msgs:/home/simulations/ros2_sims_ws/install/test_msgs:/home/simulations/ros2_sims_ws/install/example_interfaces:/home/simulations/ros2_sims_ws/install/action_msgs:/home/simulations/ros2_sims_ws/install/unique_identifier_msgs:/home/simulations/ros2_sims_ws/install/trajectory_msgs:/home/simulations/ros2_sims_ws/install/test_interface_files:/home/simulations/ros2_sims_ws/install/stereo_msgs:/home/simulations/ros2_sims_ws/install/std_srvs:/home/simulations/ros2_sims_ws/install/shape_msgs:/home/simulations/ros2_sims_ws/install/sensor_msgs:/home/simulations/ros2_sims_ws/install/nav_msgs:/home/simulations/ros2_sims_ws/install/diagnostic_msgs:/home/simulations/ros2_sims_ws/install/geometry_msgs:/home/simulations/ros2_sims_ws/install/actionlib_msgs:/home/simulations/ros2_sims_ws/install/std_msgs:/home/simulations/ros2_sims_ws/install/statistics_msgs:/home/simulations/ros2_sims_ws/install/rosgraph_msgs:/home/simulations/ros2_sims_ws/install/rclrs_example_msgs:/home/simulations/ros2_sims_ws/install/composition_interfaces:/home/simulations/ros2_sims_ws/install/rcl_interfaces:/home/simulations/ros2_sims_ws/install/lifecycle_msgs:/home/simulations/ros2_sims_ws/install/builtin_interfaces:/home/simulations/ros2_sims_ws/install/rosidl_default_runtime:/home/simulations/ros2_sims_ws/install/rosidl_default_generators:/home/simulations/ros2_sims_ws/install/rosidl_generator_rs:/home/user/simulation_ws/install/turtlebot3_teleop:/home/user/simulation_ws/install/turtlebot3_example:/home/simulations/ros2_sims_ws/install/rclrs_tests:/home/simulations/ros2_sims_ws/install/examples_rclrs_minimal_client_service:/home/simulations/ros2_sims_ws/install/sensor_msgs_py:/home/simulations/ros2_sims_ws/install/examples_rclrs_minimal_pub_sub:/home/simulations/ros2_sims_ws/install/examples_rclrs_message_demo:/home/simulations/ros2_sims_ws/install/rclrs:/home/simulations/ros2_sims_ws/install/rosidl_runtime_rs:/opt/ros/humble LD_LIBRARY_PATH=/home/user/ros2_ws/install/my_robot_interfaces/lib:/home/user/simulation_ws/install/turtlebot3_msgs/lib:/usr/local/cuda-10.2/lib64:/home/user/.catkin_ws_python3/src/TensorRT-7.0.0.11/lib:/home/simulations/ros2_sims_ws/install/visualization_msgs/lib:/home/simulations/ros2_sims_ws/install/test_msgs/lib:/home/simulations/ros2_sims_ws/install/example_interfaces/lib:/home/simulations/ros2_sims_ws/install/action_msgs/lib:/home/simulations/ros2_sims_ws/install/unique_identifier_msgs/lib:/home/simulations/ros2_sims_ws/install/trajectory_msgs/lib:/home/simulations/ros2_sims_ws/install/stereo_msgs/lib:/home/simulations/ros2_sims_ws/install/std_srvs/lib:/home/simulations/ros2_sims_ws/install/shape_msgs/lib:/home/simulations/ros2_sims_ws/install/sensor_msgs/lib:/home/simulations/ros2_sims_ws/install/nav_msgs/lib:/home/simulations/ros2_sims_ws/install/diagnostic_msgs/lib:/home/simulations/ros2_sims_ws/install/geometry_msgs/lib:/home/simulations/ros2_sims_ws/install/actionlib_msgs/lib:/home/simulations/ros2_sims_ws/install/std_msgs/lib:/home/simulations/ros2_sims_ws/install/statistics_msgs/lib:/home/simulations/ros2_sims_ws/install/rosgraph_msgs/lib:/home/simulations/ros2_sims_ws/install/rclrs_example_msgs/lib:/home/simulations/ros2_sims_ws/install/composition_interfaces/lib:/home/simulations/ros2_sims_ws/install/rcl_interfaces/lib:/home/simulations/ros2_sims_ws/install/lifecycle_msgs/lib:/home/simulations/ros2_sims_ws/install/builtin_interfaces/lib:/opt/ros/humble/opt/rviz_ogre_vendor/lib:/opt/ros/humble/lib/x86_64-linux-gnu:/opt/ros/humble/lib:/usr/local/cuda-10.2/lib64:/home/user/.catkin_ws_python3/src/TensorRT-7.0.0.11/lib:/usr/lib/x86_64-linux-gnu/gazebo-11/plugins:/usr/lib/x86_64-linux-gnu/gazebo-11/plugins:/usr/lib/x86_64-linux-gnu/gazebo-11/plugins PYTHONPATH=/home/user/ros2_ws/install/my_robot_interfaces/local/lib/python3.10/dist-packages:${PYTHONPATH} _=/usr/bin/env /usr/bin/cmake --install /home/user/ros2_ws/build/ros2_tf_project
[4.438s] Level 1:colcon.colcon_core.environment:checking '/home/user/ros2_ws/install/ros2_tf_project' for CMake config files
[4.438s] Level 1:colcon.colcon_core.shell:create_environment_hook('ros2_tf_project', 'cmake_prefix_path')
[4.438s] INFO:colcon.colcon_core.shell:Creating environment hook '/home/user/ros2_ws/install/ros2_tf_project/share/ros2_tf_project/hook/cmake_prefix_path.ps1'
[4.439s] INFO:colcon.colcon_core.shell:Creating environment descriptor '/home/user/ros2_ws/install/ros2_tf_project/share/ros2_tf_project/hook/cmake_prefix_path.dsv'
[4.439s] INFO:colcon.colcon_core.shell:Creating environment hook '/home/user/ros2_ws/install/ros2_tf_project/share/ros2_tf_project/hook/cmake_prefix_path.sh'
[4.439s] Level 1:colcon.colcon_core.environment:checking '/home/user/ros2_ws/install/ros2_tf_project/bin'
[4.439s] Level 1:colcon.colcon_core.environment:checking '/home/user/ros2_ws/install/ros2_tf_project/lib/pkgconfig/ros2_tf_project.pc'
[4.440s] Level 1:colcon.colcon_core.environment:checking '/home/user/ros2_ws/install/ros2_tf_project/lib/python3.10/site-packages'
[4.440s] Level 1:colcon.colcon_core.environment:checking '/home/user/ros2_ws/install/ros2_tf_project/bin'
[4.440s] INFO:colcon.colcon_core.shell:Creating package script '/home/user/ros2_ws/install/ros2_tf_project/share/ros2_tf_project/package.ps1'
[4.440s] INFO:colcon.colcon_core.shell:Creating package descriptor '/home/user/ros2_ws/install/ros2_tf_project/share/ros2_tf_project/package.dsv'
[4.441s] INFO:colcon.colcon_core.shell:Creating package script '/home/user/ros2_ws/install/ros2_tf_project/share/ros2_tf_project/package.sh'
[4.441s] INFO:colcon.colcon_core.shell:Creating package script '/home/user/ros2_ws/install/ros2_tf_project/share/ros2_tf_project/package.bash'
[4.441s] INFO:colcon.colcon_core.shell:Creating package script '/home/user/ros2_ws/install/ros2_tf_project/share/ros2_tf_project/package.zsh'
[4.442s] Level 1:colcon.colcon_core.environment:create_file_with_runtime_dependencies(/home/user/ros2_ws/install/ros2_tf_project/share/colcon-core/packages/ros2_tf_project)
[4.483s] Level 1:colcon.colcon_core.environment:create_environment_scripts_only(ros2_tf_project)
[4.483s] Level 1:colcon.colcon_core.environment:checking '/home/user/ros2_ws/install/ros2_tf_project' for CMake module files
[4.483s] Level 1:colcon.colcon_core.environment:checking '/home/user/ros2_ws/install/ros2_tf_project' for CMake config files
[4.484s] Level 1:colcon.colcon_core.shell:create_environment_hook('ros2_tf_project', 'cmake_prefix_path')
[4.484s] INFO:colcon.colcon_core.shell:Creating environment hook '/home/user/ros2_ws/install/ros2_tf_project/share/ros2_tf_project/hook/cmake_prefix_path.ps1'
[4.484s] INFO:colcon.colcon_core.shell:Creating environment descriptor '/home/user/ros2_ws/install/ros2_tf_project/share/ros2_tf_project/hook/cmake_prefix_path.dsv'
[4.485s] INFO:colcon.colcon_core.shell:Creating environment hook '/home/user/ros2_ws/install/ros2_tf_project/share/ros2_tf_project/hook/cmake_prefix_path.sh'
[4.485s] Level 1:colcon.colcon_core.environment:checking '/home/user/ros2_ws/install/ros2_tf_project/bin'
[4.485s] Level 1:colcon.colcon_core.environment:checking '/home/user/ros2_ws/install/ros2_tf_project/lib/pkgconfig/ros2_tf_project.pc'
[4.486s] Level 1:colcon.colcon_core.environment:checking '/home/user/ros2_ws/install/ros2_tf_project/lib/python3.10/site-packages'
[4.486s] Level 1:colcon.colcon_core.environment:checking '/home/user/ros2_ws/install/ros2_tf_project/bin'
[4.486s] INFO:colcon.colcon_core.shell:Creating package script '/home/user/ros2_ws/install/ros2_tf_project/share/ros2_tf_project/package.ps1'
[4.487s] INFO:colcon.colcon_core.shell:Creating package descriptor '/home/user/ros2_ws/install/ros2_tf_project/share/ros2_tf_project/package.dsv'
[4.487s] INFO:colcon.colcon_core.shell:Creating package script '/home/user/ros2_ws/install/ros2_tf_project/share/ros2_tf_project/package.sh'
[4.487s] INFO:colcon.colcon_core.shell:Creating package script '/home/user/ros2_ws/install/ros2_tf_project/share/ros2_tf_project/package.bash'
[4.488s] INFO:colcon.colcon_core.shell:Creating package script '/home/user/ros2_ws/install/ros2_tf_project/share/ros2_tf_project/package.zsh'
[4.488s] Level 1:colcon.colcon_core.environment:create_file_with_runtime_dependencies(/home/user/ros2_ws/install/ros2_tf_project/share/colcon-core/packages/ros2_tf_project)
[4.489s] DEBUG:colcon.colcon_parallel_executor.executor.parallel:closing loop
[4.489s] DEBUG:colcon.colcon_parallel_executor.executor.parallel:loop closed
[4.489s] DEBUG:colcon.colcon_parallel_executor.executor.parallel:run_until_complete finished with '0'
[4.489s] DEBUG:colcon.colcon_core.event_reactor:joining thread
[4.496s] INFO:colcon.colcon_core.plugin_system:Skipping extension 'colcon_notification.desktop_notification.notify_send': Could not find 'notify-send'
[4.496s] INFO:colcon.colcon_core.plugin_system:Skipping extension 'colcon_notification.desktop_notification.terminal_notifier': Not used on non-Darwin systems
[4.496s] INFO:colcon.colcon_core.plugin_system:Skipping extension 'colcon_notification.desktop_notification.win32': Not used on non-Windows systems
[4.496s] INFO:colcon.colcon_notification.desktop_notification:Sending desktop notification using 'notify2'
[4.498s] DEBUG:colcon.colcon_notification.desktop_notification.notify2:Failed to initialize notify2: org.freedesktop.DBus.Error.Spawn.ExecFailed: /usr/bin/dbus-launch terminated abnormally without any error message
[4.499s] DEBUG:colcon.colcon_core.event_reactor:joined thread
[4.499s] INFO:colcon.colcon_core.shell:Creating prefix script '/home/user/ros2_ws/install/local_setup.ps1'
[4.500s] INFO:colcon.colcon_core.shell:Creating prefix util module '/home/user/ros2_ws/install/_local_setup_util_ps1.py'
[4.502s] INFO:colcon.colcon_core.shell:Creating prefix chain script '/home/user/ros2_ws/install/setup.ps1'
[4.505s] INFO:colcon.colcon_core.shell:Creating prefix script '/home/user/ros2_ws/install/local_setup.sh'
[4.505s] INFO:colcon.colcon_core.shell:Creating prefix util module '/home/user/ros2_ws/install/_local_setup_util_sh.py'
[4.506s] INFO:colcon.colcon_core.shell:Creating prefix chain script '/home/user/ros2_ws/install/setup.sh'
[4.509s] INFO:colcon.colcon_core.shell:Creating prefix script '/home/user/ros2_ws/install/local_setup.bash'
[4.509s] INFO:colcon.colcon_core.shell:Creating prefix chain script '/home/user/ros2_ws/install/setup.bash'
[4.512s] INFO:colcon.colcon_core.shell:Creating prefix script '/home/user/ros2_ws/install/local_setup.zsh'
[4.514s] INFO:colcon.colcon_core.shell:Creating prefix chain script '/home/user/ros2_ws/install/setup.zsh'
