[0.014s] Invoking command in '/home/latih/ros2-tf-real-robot-project/build/ros2_tf_project': CMAKE_PREFIX_PATH=/home/latih/ros2-tf-real-robot-project/install/my_robot_interfaces:/home/latih/ros2-tf-real-robot-project/install/turtlebot3:/home/latih/ros2-tf-real-robot-project/install/turtlebot3_simulations:/home/latih/ros2-tf-real-robot-project/install/turtlebot3_navigation2:/home/latih/ros2-tf-real-robot-project/install/turtlebot3_msgs:/home/latih/ros2-tf-real-robot-project/install/turtlebot3_gazebo:/home/latih/ros2-tf-real-robot-project/install/turtlebot3_bringup:/home/latih/ros2-tf-real-robot-project/install/turtlebot3_description:/home/latih/ros2-tf-real-robot-project/install/turtlebot3_cartographer:/home/latih/ros2-tf-real-robot-project/install/tb3_burger_localization:/home/latih/ros2-tf-real-robot-project/install/tb3_burger_cartographer:/home/latih/ros2-tf-real-robot-project/install/ros2_tf_project:/home/latih/ros2-tf-real-robot-project/install/turtlebot3_teleop:/home/latih/ros2-tf-real-robot-project/install/turtlebot3_example:/opt/ros/humble LD_LIBRARY_PATH=/home/latih/ros2-tf-real-robot-project/install/my_robot_interfaces/lib:/home/latih/ros2-tf-real-robot-project/install/turtlebot3_msgs/lib:/usr/lib/x86_64-linux-gnu/gazebo-11/plugins:/opt/ros/humble/opt/rviz_ogre_vendor/lib:/opt/ros/humble/lib/x86_64-linux-gnu:/opt/ros/humble/lib /usr/bin/cmake --build /home/latih/ros2-tf-real-robot-project/build/ros2_tf_project -- -j16 -l16
[0.107s] [ 50%] [32mBuilding CXX object CMakeFiles/feature_detector.dir/src/feature_detector.cpp.o[0m
[3.132s] In file included from [01m[K/opt/ros/humble/include/rclcpp/rclcpp/logging.hpp:24[m[K,
[3.132s]                  from [01m[K/opt/ros/humble/include/rclcpp/rclcpp/client.hpp:40[m[K,
[3.132s]                  from [01m[K/opt/ros/humble/include/rclcpp/rclcpp/callback_group.hpp:24[m[K,
[3.132s]                  from [01m[K/opt/ros/humble/include/rclcpp/rclcpp/any_executable.hpp:20[m[K,
[3.132s]                  from [01m[K/opt/ros/humble/include/rclcpp/rclcpp/memory_strategy.hpp:25[m[K,
[3.132s]                  from [01m[K/opt/ros/humble/include/rclcpp/rclcpp/memory_strategies.hpp:18[m[K,
[3.132s]                  from [01m[K/opt/ros/humble/include/rclcpp/rclcpp/executor_options.hpp:20[m[K,
[3.132s]                  from [01m[K/opt/ros/humble/include/rclcpp/rclcpp/executor.hpp:37[m[K,
[3.132s]                  from [01m[K/opt/ros/humble/include/rclcpp/rclcpp/executors/multi_threaded_executor.hpp:25[m[K,
[3.132s]                  from [01m[K/opt/ros/humble/include/rclcpp/rclcpp/executors.hpp:21[m[K,
[3.132s]                  from [01m[K/opt/ros/humble/include/rclcpp/rclcpp/rclcpp.hpp:155[m[K,
[3.132s]                  from [01m[K/home/latih/ros2-tf-real-robot-project/ros2_ws/src/ros2_tf_project/src/feature_detector.cpp:1[m[K:
[3.132s] [01m[K/home/latih/ros2-tf-real-robot-project/ros2_ws/src/ros2_tf_project/src/feature_detector.cpp:[m[K In member function ‘[01m[Kint FeatureDetector::splitAndMerge(const std::vector<cv::Point_<float> >&, std::vector<std::vector<cv::Point_<float> > >&, float)[m[K’:
[3.132s] [01m[K/home/latih/ros2-tf-real-robot-project/ros2_ws/src/ros2_tf_project/src/feature_detector.cpp:111:41:[m[K [01;35m[Kwarning: [m[Kformat ‘[01m[K%d[m[K’ expects argument of type ‘[01m[Kint[m[K’, but argument 5 has type ‘[01m[Ksize_t[m[K’ {aka ‘[01m[Klong unsigned int[m[K’} [[01;35m[K]8;;https://gcc.gnu.org/onlinedocs/gcc/Warning-Options.html#index-Wformat=-Wformat=]8;;[m[K]
[3.132s]   111 | is->get_logger(), [01;35m[K"index: %d"[m[K, [32m[Kindex[m[K);
[3.132s]       |                   [01;35m[K^~~~~~~~~~~[m[K  [32m[K~~~~~[m[K
[3.132s]       |                                [32m[K|[m[K
[3.132s]       |                                [32m[Ksize_t {aka long unsigned int}[m[K
[3.132s] 
[3.132s] [01m[K/home/latih/ros2-tf-real-robot-project/ros2_ws/src/ros2_tf_project/src/feature_detector.cpp:111:50:[m[K [01;36m[Knote: [m[Kformat string is defined here
[3.133s]   111 | ogger(), "index: [01;36m[K%d[m[K", index);
[3.133s]       |                  [01;36m[K~^[m[K
[3.133s]       |                   [01;36m[K|[m[K
[3.133s]       |                   [01;36m[Kint[m[K
[3.133s]       |                  [32m[K%ld[m[K
[3.148s] [01m[K/home/latih/ros2-tf-real-robot-project/ros2_ws/src/ros2_tf_project/src/feature_detector.cpp:[m[K In member function ‘[01m[Kvoid FeatureDetector::handleFeatureDetection(std::shared_ptr<my_robot_interfaces::srv::FeatureDetection_Request_<std::allocator<void> > >, std::shared_ptr<my_robot_interfaces::srv::FeatureDetection_Response_<std::allocator<void> > >)[m[K’:
[3.148s] [01m[K/home/latih/ros2-tf-real-robot-project/ros2_ws/src/ros2_tf_project/src/feature_detector.cpp:147:17:[m[K [01;35m[Kwarning: [m[Kthis ‘[01m[Kif[m[K’ clause does not guard... [[01;35m[K]8;;https://gcc.gnu.org/onlinedocs/gcc/Warning-Options.html#index-Wmisleading-indentation-Wmisleading-indentation]8;;[m[K]
[3.148s]   147 |                 [01;35m[Kif[m[K (i < 0 || i >= static_cast<int>(scan->ranges.size()))
[3.148s]       |                 [01;35m[K^~[m[K
[3.148s] [01m[K/home/latih/ros2-tf-real-robot-project/ros2_ws/src/ros2_tf_project/src/feature_detector.cpp:149:21:[m[K [01;36m[Knote: [m[K...this statement, but the latter is misleadingly indented as if it were guarded by the ‘[01m[Kif[m[K’
[3.148s]   149 |                   [01;36m[Kfloat[m[K r = scan->ranges[i];
[3.148s]       |                   [01;36m[K^~~~~[m[K
[3.148s] 
[8.737s] [100%] [32m[1mLinking CXX executable feature_detector[0m
[9.424s] [100%] Built target feature_detector
[9.449s] Invoked command in '/home/latih/ros2-tf-real-robot-project/build/ros2_tf_project' returned '0': CMAKE_PREFIX_PATH=/home/latih/ros2-tf-real-robot-project/install/my_robot_interfaces:/home/latih/ros2-tf-real-robot-project/install/turtlebot3:/home/latih/ros2-tf-real-robot-project/install/turtlebot3_simulations:/home/latih/ros2-tf-real-robot-project/install/turtlebot3_navigation2:/home/latih/ros2-tf-real-robot-project/install/turtlebot3_msgs:/home/latih/ros2-tf-real-robot-project/install/turtlebot3_gazebo:/home/latih/ros2-tf-real-robot-project/install/turtlebot3_bringup:/home/latih/ros2-tf-real-robot-project/install/turtlebot3_description:/home/latih/ros2-tf-real-robot-project/install/turtlebot3_cartographer:/home/latih/ros2-tf-real-robot-project/install/tb3_burger_localization:/home/latih/ros2-tf-real-robot-project/install/tb3_burger_cartographer:/home/latih/ros2-tf-real-robot-project/install/ros2_tf_project:/home/latih/ros2-tf-real-robot-project/install/turtlebot3_teleop:/home/latih/ros2-tf-real-robot-project/install/turtlebot3_example:/opt/ros/humble LD_LIBRARY_PATH=/home/latih/ros2-tf-real-robot-project/install/my_robot_interfaces/lib:/home/latih/ros2-tf-real-robot-project/install/turtlebot3_msgs/lib:/usr/lib/x86_64-linux-gnu/gazebo-11/plugins:/opt/ros/humble/opt/rviz_ogre_vendor/lib:/opt/ros/humble/lib/x86_64-linux-gnu:/opt/ros/humble/lib /usr/bin/cmake --build /home/latih/ros2-tf-real-robot-project/build/ros2_tf_project -- -j16 -l16
[9.472s] Invoking command in '/home/latih/ros2-tf-real-robot-project/build/ros2_tf_project': CMAKE_PREFIX_PATH=/home/latih/ros2-tf-real-robot-project/install/my_robot_interfaces:/home/latih/ros2-tf-real-robot-project/install/turtlebot3:/home/latih/ros2-tf-real-robot-project/install/turtlebot3_simulations:/home/latih/ros2-tf-real-robot-project/install/turtlebot3_navigation2:/home/latih/ros2-tf-real-robot-project/install/turtlebot3_msgs:/home/latih/ros2-tf-real-robot-project/install/turtlebot3_gazebo:/home/latih/ros2-tf-real-robot-project/install/turtlebot3_bringup:/home/latih/ros2-tf-real-robot-project/install/turtlebot3_description:/home/latih/ros2-tf-real-robot-project/install/turtlebot3_cartographer:/home/latih/ros2-tf-real-robot-project/install/tb3_burger_localization:/home/latih/ros2-tf-real-robot-project/install/tb3_burger_cartographer:/home/latih/ros2-tf-real-robot-project/install/ros2_tf_project:/home/latih/ros2-tf-real-robot-project/install/turtlebot3_teleop:/home/latih/ros2-tf-real-robot-project/install/turtlebot3_example:/opt/ros/humble LD_LIBRARY_PATH=/home/latih/ros2-tf-real-robot-project/install/my_robot_interfaces/lib:/home/latih/ros2-tf-real-robot-project/install/turtlebot3_msgs/lib:/usr/lib/x86_64-linux-gnu/gazebo-11/plugins:/opt/ros/humble/opt/rviz_ogre_vendor/lib:/opt/ros/humble/lib/x86_64-linux-gnu:/opt/ros/humble/lib /usr/bin/cmake --install /home/latih/ros2-tf-real-robot-project/build/ros2_tf_project
[9.487s] -- Install configuration: ""
[9.488s] -- Installing: /home/latih/ros2-tf-real-robot-project/install/ros2_tf_project/lib/ros2_tf_project/feature_detector
[9.494s] -- Set runtime path of "/home/latih/ros2-tf-real-robot-project/install/ros2_tf_project/lib/ros2_tf_project/feature_detector" to ""
[9.494s] -- Up-to-date: /home/latih/ros2-tf-real-robot-project/install/ros2_tf_project/share/ros2_tf_project//frames
[9.494s] -- Up-to-date: /home/latih/ros2-tf-real-robot-project/install/ros2_tf_project/share/ros2_tf_project//frames/static_frames_sim.yaml
[9.494s] -- Up-to-date: /home/latih/ros2-tf-real-robot-project/install/ros2_tf_project/share/ros2_tf_project//launch
[9.494s] -- Up-to-date: /home/latih/ros2-tf-real-robot-project/install/ros2_tf_project/share/ros2_tf_project//launch/feature_detection_service_server.launch.py
[9.494s] -- Up-to-date: /home/latih/ros2-tf-real-robot-project/install/ros2_tf_project/share/ros2_tf_project//rviz
[9.494s] -- Up-to-date: /home/latih/ros2-tf-real-robot-project/install/ros2_tf_project/share/ros2_tf_project//rviz/tb3_burger.rviz.rviz
[9.494s] -- Up-to-date: /home/latih/ros2-tf-real-robot-project/install/ros2_tf_project/share/ament_index/resource_index/package_run_dependencies/ros2_tf_project
[9.495s] -- Up-to-date: /home/latih/ros2-tf-real-robot-project/install/ros2_tf_project/share/ament_index/resource_index/parent_prefix_path/ros2_tf_project
[9.495s] -- Up-to-date: /home/latih/ros2-tf-real-robot-project/install/ros2_tf_project/share/ros2_tf_project/environment/ament_prefix_path.sh
[9.495s] -- Up-to-date: /home/latih/ros2-tf-real-robot-project/install/ros2_tf_project/share/ros2_tf_project/environment/ament_prefix_path.dsv
[9.495s] -- Up-to-date: /home/latih/ros2-tf-real-robot-project/install/ros2_tf_project/share/ros2_tf_project/environment/path.sh
[9.495s] -- Up-to-date: /home/latih/ros2-tf-real-robot-project/install/ros2_tf_project/share/ros2_tf_project/environment/path.dsv
[9.495s] -- Up-to-date: /home/latih/ros2-tf-real-robot-project/install/ros2_tf_project/share/ros2_tf_project/local_setup.bash
[9.495s] -- Up-to-date: /home/latih/ros2-tf-real-robot-project/install/ros2_tf_project/share/ros2_tf_project/local_setup.sh
[9.495s] -- Up-to-date: /home/latih/ros2-tf-real-robot-project/install/ros2_tf_project/share/ros2_tf_project/local_setup.zsh
[9.495s] -- Up-to-date: /home/latih/ros2-tf-real-robot-project/install/ros2_tf_project/share/ros2_tf_project/local_setup.dsv
[9.495s] -- Installing: /home/latih/ros2-tf-real-robot-project/install/ros2_tf_project/share/ros2_tf_project/package.dsv
[9.495s] -- Up-to-date: /home/latih/ros2-tf-real-robot-project/install/ros2_tf_project/share/ament_index/resource_index/packages/ros2_tf_project
[9.496s] -- Up-to-date: /home/latih/ros2-tf-real-robot-project/install/ros2_tf_project/share/ros2_tf_project/cmake/ros2_tf_projectConfig.cmake
[9.496s] -- Up-to-date: /home/latih/ros2-tf-real-robot-project/install/ros2_tf_project/share/ros2_tf_project/cmake/ros2_tf_projectConfig-version.cmake
[9.496s] -- Up-to-date: /home/latih/ros2-tf-real-robot-project/install/ros2_tf_project/share/ros2_tf_project/package.xml
[9.498s] Invoked command in '/home/latih/ros2-tf-real-robot-project/build/ros2_tf_project' returned '0': CMAKE_PREFIX_PATH=/home/latih/ros2-tf-real-robot-project/install/my_robot_interfaces:/home/latih/ros2-tf-real-robot-project/install/turtlebot3:/home/latih/ros2-tf-real-robot-project/install/turtlebot3_simulations:/home/latih/ros2-tf-real-robot-project/install/turtlebot3_navigation2:/home/latih/ros2-tf-real-robot-project/install/turtlebot3_msgs:/home/latih/ros2-tf-real-robot-project/install/turtlebot3_gazebo:/home/latih/ros2-tf-real-robot-project/install/turtlebot3_bringup:/home/latih/ros2-tf-real-robot-project/install/turtlebot3_description:/home/latih/ros2-tf-real-robot-project/install/turtlebot3_cartographer:/home/latih/ros2-tf-real-robot-project/install/tb3_burger_localization:/home/latih/ros2-tf-real-robot-project/install/tb3_burger_cartographer:/home/latih/ros2-tf-real-robot-project/install/ros2_tf_project:/home/latih/ros2-tf-real-robot-project/install/turtlebot3_teleop:/home/latih/ros2-tf-real-robot-project/install/turtlebot3_example:/opt/ros/humble LD_LIBRARY_PATH=/home/latih/ros2-tf-real-robot-project/install/my_robot_interfaces/lib:/home/latih/ros2-tf-real-robot-project/install/turtlebot3_msgs/lib:/usr/lib/x86_64-linux-gnu/gazebo-11/plugins:/opt/ros/humble/opt/rviz_ogre_vendor/lib:/opt/ros/humble/lib/x86_64-linux-gnu:/opt/ros/humble/lib /usr/bin/cmake --install /home/latih/ros2-tf-real-robot-project/build/ros2_tf_project
