[01m[K/home/latih/ros2-tf-real-robot-project/ros2_ws/src/ros2_tf_project/src/simple_trajectory_service.cpp:46:30:[m[K [01;31m[Kerror: [m[K‘[01m[KTranformBroadcaster[m[K’ is not a member of ‘[01m[Ktf2_ros[m[K’; did you mean ‘[01m[KStaticTransformBroadcaster[m[K’?
   46 |     std::shared_ptr<tf2_ros::[01;31m[KTranformBroadcaster[m[K> tf_broadcaster_;
      |                              [01;31m[K^~~~~~~~~~~~~~~~~~~[m[K
      |                              [32m[KStaticTransformBroadcaster[m[K
[01m[K/home/latih/ros2-tf-real-robot-project/ros2_ws/src/ros2_tf_project/src/simple_trajectory_service.cpp:46:49:[m[K [01;31m[Kerror: [m[Ktemplate argument 1 is invalid
   46 |     std::shared_ptr<tf2_ros::TranformBroadcaster[01;31m[K>[m[K tf_broadcaster_;
      |                                                 [01;31m[K^[m[K
[01m[K/home/latih/ros2-tf-real-robot-project/ros2_ws/src/ros2_tf_project/src/simple_trajectory_service.cpp:[m[K In constructor ‘[01m[KSimpleTrajectoryService::SimpleTrajectoryService()[m[K’:
[01m[K/home/latih/ros2-tf-real-robot-project/ros2_ws/src/ros2_tf_project/src/simple_trajectory_service.cpp:35:53:[m[K [01;31m[Kerror: [m[K‘[01m[KTransformBroadcaster[m[K’ is not a member of ‘[01m[Ktf2_ros[m[K’; did you mean ‘[01m[KStaticTransformBroadcaster[m[K’?
   35 |         tf_broadcaster_ = std::make_shared<tf2_ros::[01;31m[KTransformBroadcaster[m[K>(this);
      |                                                     [01;31m[K^~~~~~~~~~~~~~~~~~~~[m[K
      |                                                     [32m[KStaticTransformBroadcaster[m[K
[01m[K/home/latih/ros2-tf-real-robot-project/ros2_ws/src/ros2_tf_project/src/simple_trajectory_service.cpp:35:74:[m[K [01;31m[Kerror: [m[Kno matching function for call to ‘[01m[Kmake_shared<<expression error> >(SimpleTrajectoryService*)[m[K’
   35 |         tf_broadcaster_ = [01;31m[Kstd::make_shared<tf2_ros::TransformBroadcaster>(this)[m[K;
      |                           [01;31m[K~~~~~~~~~~~~~~~~~~~~~~~~~~~~~~~~~~~~~~~~~~~~~~~^~~~~~[m[K
In file included from [01m[K/usr/include/c++/11/memory:77[m[K,
                 from [01m[K/opt/ros/humble/include/rclcpp/rclcpp/rclcpp.hpp:153[m[K,
                 from [01m[K/home/latih/ros2-tf-real-robot-project/ros2_ws/src/ros2_tf_project/src/simple_trajectory_service.cpp:1[m[K:
[01m[K/usr/include/c++/11/bits/shared_ptr.h:875:5:[m[K [01;36m[Knote: [m[Kcandidate: ‘[01m[Ktemplate<class _Tp, class ... _Args> std::shared_ptr<_Tp> std::make_shared(_Args&& ...)[m[K’
  875 |     [01;36m[Kmake_shared[m[K(_Args&&... __args)
      |     [01;36m[K^~~~~~~~~~~[m[K
[01m[K/usr/include/c++/11/bits/shared_ptr.h:875:5:[m[K [01;36m[Knote: [m[K  template argument deduction/substitution failed:
[01m[K/home/latih/ros2-tf-real-robot-project/ros2_ws/src/ros2_tf_project/src/simple_trajectory_service.cpp:35:74:[m[K [01;31m[Kerror: [m[Ktemplate argument 1 is invalid
   35 |         tf_broadcaster_ = [01;31m[Kstd::make_shared<tf2_ros::TransformBroadcaster>(this)[m[K;
      |                           [01;31m[K~~~~~~~~~~~~~~~~~~~~~~~~~~~~~~~~~~~~~~~~~~~~~~~^~~~~~[m[K
[01m[K/home/latih/ros2-tf-real-robot-project/ros2_ws/src/ros2_tf_project/src/simple_trajectory_service.cpp:[m[K In member function ‘[01m[Kvoid SimpleTrajectoryService::handleSimpleTrajectory(std::shared_ptr<my_robot_interfaces::srv::SimpleTrajectory_Request_<std::allocator<void> > >, std::shared_ptr<my_robot_interfaces::srv::SimpleTrajectory_Response_<std::allocator<void> > >)[m[K’:
[01m[K/home/latih/ros2-tf-real-robot-project/ros2_ws/src/ros2_tf_project/src/simple_trajectory_service.cpp:212:33:[m[K [01;31m[Kerror: [m[Krequest for member ‘[01m[KsendTransform[m[K’ in ‘[01m[K((SimpleTrajectoryService*)this)->SimpleTrajectoryService::tf_broadcaster_[m[K’, which is of non-class type ‘[01m[Kint[m[K’
  212 |                 tf_broadcaster_.[01;31m[KsendTransform[m[K(tf);
      |                                 [01;31m[K^~~~~~~~~~~~~[m[K
gmake[2]: *** [CMakeFiles/simple_trajectory_service.dir/build.make:76: CMakeFiles/simple_trajectory_service.dir/src/simple_trajectory_service.cpp.o] Error 1
gmake[1]: *** [CMakeFiles/Makefile2:165: CMakeFiles/simple_trajectory_service.dir/all] Error 2
gmake: *** [Makefile:146: all] Error 2
