[0.014s] Invoking command in '/home/latih/ros2-tf-real-robot-project/build/ros2_tf_project': CMAKE_PREFIX_PATH=/home/latih/ros2-tf-real-robot-project/install/my_robot_interfaces:/home/latih/ros2-tf-real-robot-project/install/turtlebot3:/home/latih/ros2-tf-real-robot-project/install/turtlebot3_simulations:/home/latih/ros2-tf-real-robot-project/install/turtlebot3_navigation2:/home/latih/ros2-tf-real-robot-project/install/turtlebot3_msgs:/home/latih/ros2-tf-real-robot-project/install/turtlebot3_gazebo:/home/latih/ros2-tf-real-robot-project/install/turtlebot3_bringup:/home/latih/ros2-tf-real-robot-project/install/turtlebot3_description:/home/latih/ros2-tf-real-robot-project/install/turtlebot3_cartographer:/home/latih/ros2-tf-real-robot-project/install/tb3_burger_localization:/home/latih/ros2-tf-real-robot-project/install/tb3_burger_cartographer:/home/latih/ros2-tf-real-robot-project/install/ros2_tf_project:/home/latih/ros2-tf-real-robot-project/install/turtlebot3_teleop:/home/latih/ros2-tf-real-robot-project/install/turtlebot3_example:/opt/ros/humble LD_LIBRARY_PATH=/home/latih/ros2-tf-real-robot-project/install/my_robot_interfaces/lib:/home/latih/ros2-tf-real-robot-project/install/turtlebot3_msgs/lib:/usr/lib/x86_64-linux-gnu/gazebo-11/plugins:/opt/ros/humble/opt/rviz_ogre_vendor/lib:/opt/ros/humble/lib/x86_64-linux-gnu:/opt/ros/humble/lib /usr/bin/cmake --build /home/latih/ros2-tf-real-robot-project/build/ros2_tf_project -- -j16 -l16
[0.054s] -- Found ament_cmake: 1.3.11 (/opt/ros/humble/share/ament_cmake/cmake)
[0.176s] -- Found tf2: 0.25.12 (/opt/ros/humble/share/tf2/cmake)
[0.194s] -- Found rosidl_generator_c: 3.1.6 (/opt/ros/humble/share/rosidl_generator_c/cmake)
[0.196s] -- Found rosidl_adapter: 3.1.6 (/opt/ros/humble/share/rosidl_adapter/cmake)
[0.200s] -- Found rosidl_generator_cpp: 3.1.6 (/opt/ros/humble/share/rosidl_generator_cpp/cmake)
[0.206s] -- Using all available rosidl_typesupport_c: rosidl_typesupport_fastrtps_c;rosidl_typesupport_introspection_c
[0.215s] -- Using all available rosidl_typesupport_cpp: rosidl_typesupport_fastrtps_cpp;rosidl_typesupport_introspection_cpp
[0.244s] -- Found tf2_ros: 0.25.12 (/opt/ros/humble/share/tf2_ros/cmake)
[0.281s] -- Found rmw_implementation_cmake: 6.1.2 (/opt/ros/humble/share/rmw_implementation_cmake/cmake)
[0.282s] -- Found rmw_fastrtps_cpp: 6.2.7 (/opt/ros/humble/share/rmw_fastrtps_cpp/cmake)
[0.379s] -- Using RMW implementation 'rmw_fastrtps_cpp' as default
[0.451s] -- Found tf2_geometry_msgs: 0.25.12 (/opt/ros/humble/share/tf2_geometry_msgs/cmake)
[0.453s] -- Found eigen3_cmake_module: 0.1.1 (/opt/ros/humble/share/eigen3_cmake_module/cmake)
[0.454s] -- Ensuring Eigen3 include directory is part of orocos-kdl CMake target
[0.455s] -- Found sensor_msgs: 4.8.0 (/opt/ros/humble/share/sensor_msgs/cmake)
[0.466s] -- Found my_robot_interfaces: 0.0.0 (/home/latih/ros2-tf-real-robot-project/install/my_robot_interfaces/share/my_robot_interfaces/cmake)
[0.527s] -- Configuring done
[0.538s] -- Generating done
[0.541s] -- Build files have been written to: /home/latih/ros2-tf-real-robot-project/build/ros2_tf_project
[0.563s] [35m[1mConsolidate compiler generated dependencies of target feature_detector[0m
[0.588s] [ 50%] [32m[1mLinking CXX executable feature_detector[0m
[1.167s] [100%] Built target feature_detector
[1.177s] Invoked command in '/home/latih/ros2-tf-real-robot-project/build/ros2_tf_project' returned '0': CMAKE_PREFIX_PATH=/home/latih/ros2-tf-real-robot-project/install/my_robot_interfaces:/home/latih/ros2-tf-real-robot-project/install/turtlebot3:/home/latih/ros2-tf-real-robot-project/install/turtlebot3_simulations:/home/latih/ros2-tf-real-robot-project/install/turtlebot3_navigation2:/home/latih/ros2-tf-real-robot-project/install/turtlebot3_msgs:/home/latih/ros2-tf-real-robot-project/install/turtlebot3_gazebo:/home/latih/ros2-tf-real-robot-project/install/turtlebot3_bringup:/home/latih/ros2-tf-real-robot-project/install/turtlebot3_description:/home/latih/ros2-tf-real-robot-project/install/turtlebot3_cartographer:/home/latih/ros2-tf-real-robot-project/install/tb3_burger_localization:/home/latih/ros2-tf-real-robot-project/install/tb3_burger_cartographer:/home/latih/ros2-tf-real-robot-project/install/ros2_tf_project:/home/latih/ros2-tf-real-robot-project/install/turtlebot3_teleop:/home/latih/ros2-tf-real-robot-project/install/turtlebot3_example:/opt/ros/humble LD_LIBRARY_PATH=/home/latih/ros2-tf-real-robot-project/install/my_robot_interfaces/lib:/home/latih/ros2-tf-real-robot-project/install/turtlebot3_msgs/lib:/usr/lib/x86_64-linux-gnu/gazebo-11/plugins:/opt/ros/humble/opt/rviz_ogre_vendor/lib:/opt/ros/humble/lib/x86_64-linux-gnu:/opt/ros/humble/lib /usr/bin/cmake --build /home/latih/ros2-tf-real-robot-project/build/ros2_tf_project -- -j16 -l16
[1.191s] Invoking command in '/home/latih/ros2-tf-real-robot-project/build/ros2_tf_project': CMAKE_PREFIX_PATH=/home/latih/ros2-tf-real-robot-project/install/my_robot_interfaces:/home/latih/ros2-tf-real-robot-project/install/turtlebot3:/home/latih/ros2-tf-real-robot-project/install/turtlebot3_simulations:/home/latih/ros2-tf-real-robot-project/install/turtlebot3_navigation2:/home/latih/ros2-tf-real-robot-project/install/turtlebot3_msgs:/home/latih/ros2-tf-real-robot-project/install/turtlebot3_gazebo:/home/latih/ros2-tf-real-robot-project/install/turtlebot3_bringup:/home/latih/ros2-tf-real-robot-project/install/turtlebot3_description:/home/latih/ros2-tf-real-robot-project/install/turtlebot3_cartographer:/home/latih/ros2-tf-real-robot-project/install/tb3_burger_localization:/home/latih/ros2-tf-real-robot-project/install/tb3_burger_cartographer:/home/latih/ros2-tf-real-robot-project/install/ros2_tf_project:/home/latih/ros2-tf-real-robot-project/install/turtlebot3_teleop:/home/latih/ros2-tf-real-robot-project/install/turtlebot3_example:/opt/ros/humble LD_LIBRARY_PATH=/home/latih/ros2-tf-real-robot-project/install/my_robot_interfaces/lib:/home/latih/ros2-tf-real-robot-project/install/turtlebot3_msgs/lib:/usr/lib/x86_64-linux-gnu/gazebo-11/plugins:/opt/ros/humble/opt/rviz_ogre_vendor/lib:/opt/ros/humble/lib/x86_64-linux-gnu:/opt/ros/humble/lib /usr/bin/cmake --install /home/latih/ros2-tf-real-robot-project/build/ros2_tf_project
[1.203s] -- Install configuration: ""
[1.203s] -- Installing: /home/latih/ros2-tf-real-robot-project/install/ros2_tf_project/lib/ros2_tf_project/feature_detector
[1.211s] -- Set runtime path of "/home/latih/ros2-tf-real-robot-project/install/ros2_tf_project/lib/ros2_tf_project/feature_detector" to ""
[1.211s] -- Up-to-date: /home/latih/ros2-tf-real-robot-project/install/ros2_tf_project/share/ros2_tf_project//frames
[1.212s] -- Up-to-date: /home/latih/ros2-tf-real-robot-project/install/ros2_tf_project/share/ros2_tf_project//frames/static_frames_sim.yaml
[1.212s] -- Up-to-date: /home/latih/ros2-tf-real-robot-project/install/ros2_tf_project/share/ros2_tf_project//launch
[1.212s] -- Up-to-date: /home/latih/ros2-tf-real-robot-project/install/ros2_tf_project/share/ros2_tf_project//launch/feature_detection_service_server.launch.py
[1.212s] -- Up-to-date: /home/latih/ros2-tf-real-robot-project/install/ros2_tf_project/share/ros2_tf_project//rviz
[1.212s] -- Up-to-date: /home/latih/ros2-tf-real-robot-project/install/ros2_tf_project/share/ros2_tf_project//rviz/tb3_burger.rviz.rviz
[1.212s] -- Up-to-date: /home/latih/ros2-tf-real-robot-project/install/ros2_tf_project/share/ament_index/resource_index/package_run_dependencies/ros2_tf_project
[1.212s] -- Up-to-date: /home/latih/ros2-tf-real-robot-project/install/ros2_tf_project/share/ament_index/resource_index/parent_prefix_path/ros2_tf_project
[1.212s] -- Up-to-date: /home/latih/ros2-tf-real-robot-project/install/ros2_tf_project/share/ros2_tf_project/environment/ament_prefix_path.sh
[1.212s] -- Installing: /home/latih/ros2-tf-real-robot-project/install/ros2_tf_project/share/ros2_tf_project/environment/ament_prefix_path.dsv
[1.212s] -- Up-to-date: /home/latih/ros2-tf-real-robot-project/install/ros2_tf_project/share/ros2_tf_project/environment/path.sh
[1.213s] -- Installing: /home/latih/ros2-tf-real-robot-project/install/ros2_tf_project/share/ros2_tf_project/environment/path.dsv
[1.213s] -- Up-to-date: /home/latih/ros2-tf-real-robot-project/install/ros2_tf_project/share/ros2_tf_project/local_setup.bash
[1.213s] -- Up-to-date: /home/latih/ros2-tf-real-robot-project/install/ros2_tf_project/share/ros2_tf_project/local_setup.sh
[1.213s] -- Up-to-date: /home/latih/ros2-tf-real-robot-project/install/ros2_tf_project/share/ros2_tf_project/local_setup.zsh
[1.213s] -- Installing: /home/latih/ros2-tf-real-robot-project/install/ros2_tf_project/share/ros2_tf_project/local_setup.dsv
[1.213s] -- Installing: /home/latih/ros2-tf-real-robot-project/install/ros2_tf_project/share/ros2_tf_project/package.dsv
[1.213s] -- Up-to-date: /home/latih/ros2-tf-real-robot-project/install/ros2_tf_project/share/ament_index/resource_index/packages/ros2_tf_project
[1.213s] -- Up-to-date: /home/latih/ros2-tf-real-robot-project/install/ros2_tf_project/share/ros2_tf_project/cmake/ros2_tf_projectConfig.cmake
[1.213s] -- Up-to-date: /home/latih/ros2-tf-real-robot-project/install/ros2_tf_project/share/ros2_tf_project/cmake/ros2_tf_projectConfig-version.cmake
[1.213s] -- Up-to-date: /home/latih/ros2-tf-real-robot-project/install/ros2_tf_project/share/ros2_tf_project/package.xml
[1.216s] Invoked command in '/home/latih/ros2-tf-real-robot-project/build/ros2_tf_project' returned '0': CMAKE_PREFIX_PATH=/home/latih/ros2-tf-real-robot-project/install/my_robot_interfaces:/home/latih/ros2-tf-real-robot-project/install/turtlebot3:/home/latih/ros2-tf-real-robot-project/install/turtlebot3_simulations:/home/latih/ros2-tf-real-robot-project/install/turtlebot3_navigation2:/home/latih/ros2-tf-real-robot-project/install/turtlebot3_msgs:/home/latih/ros2-tf-real-robot-project/install/turtlebot3_gazebo:/home/latih/ros2-tf-real-robot-project/install/turtlebot3_bringup:/home/latih/ros2-tf-real-robot-project/install/turtlebot3_description:/home/latih/ros2-tf-real-robot-project/install/turtlebot3_cartographer:/home/latih/ros2-tf-real-robot-project/install/tb3_burger_localization:/home/latih/ros2-tf-real-robot-project/install/tb3_burger_cartographer:/home/latih/ros2-tf-real-robot-project/install/ros2_tf_project:/home/latih/ros2-tf-real-robot-project/install/turtlebot3_teleop:/home/latih/ros2-tf-real-robot-project/install/turtlebot3_example:/opt/ros/humble LD_LIBRARY_PATH=/home/latih/ros2-tf-real-robot-project/install/my_robot_interfaces/lib:/home/latih/ros2-tf-real-robot-project/install/turtlebot3_msgs/lib:/usr/lib/x86_64-linux-gnu/gazebo-11/plugins:/opt/ros/humble/opt/rviz_ogre_vendor/lib:/opt/ros/humble/lib/x86_64-linux-gnu:/opt/ros/humble/lib /usr/bin/cmake --install /home/latih/ros2-tf-real-robot-project/build/ros2_tf_project
