[0.215s] Invoking command in '/home/user/ros2_ws/build/tb3_burger_localization': CMAKE_PREFIX_PATH=${CMAKE_PREFIX_PATH}:/home/user/simulation_ws/install/turtlebot3_teleop:/home/user/simulation_ws/install/turtlebot3_example:/home/simulations/ros2_sims_ws/install/rclrs_tests:/home/simulations/ros2_sims_ws/install/examples_rclrs_minimal_client_service:/home/simulations/ros2_sims_ws/install/sensor_msgs_py:/home/simulations/ros2_sims_ws/install/examples_rclrs_minimal_pub_sub:/home/simulations/ros2_sims_ws/install/examples_rclrs_message_demo:/home/simulations/ros2_sims_ws/install/rclrs:/home/simulations/ros2_sims_ws/install/rosidl_runtime_rs:/opt/ros/humble _=/usr/bin/env /usr/bin/cmake --build /home/user/ros2_ws/build/tb3_burger_localization -- -j8 -l8
[0.720s] Invoked command in '/home/user/ros2_ws/build/tb3_burger_localization' returned '0': CMAKE_PREFIX_PATH=${CMAKE_PREFIX_PATH}:/home/user/simulation_ws/install/turtlebot3_teleop:/home/user/simulation_ws/install/turtlebot3_example:/home/simulations/ros2_sims_ws/install/rclrs_tests:/home/simulations/ros2_sims_ws/install/examples_rclrs_minimal_client_service:/home/simulations/ros2_sims_ws/install/sensor_msgs_py:/home/simulations/ros2_sims_ws/install/examples_rclrs_minimal_pub_sub:/home/simulations/ros2_sims_ws/install/examples_rclrs_message_demo:/home/simulations/ros2_sims_ws/install/rclrs:/home/simulations/ros2_sims_ws/install/rosidl_runtime_rs:/opt/ros/humble _=/usr/bin/env /usr/bin/cmake --build /home/user/ros2_ws/build/tb3_burger_localization -- -j8 -l8
[1.313s] Invoking command in '/home/user/ros2_ws/build/tb3_burger_localization': CMAKE_PREFIX_PATH=${CMAKE_PREFIX_PATH}:/home/user/simulation_ws/install/turtlebot3_teleop:/home/user/simulation_ws/install/turtlebot3_example:/home/simulations/ros2_sims_ws/install/rclrs_tests:/home/simulations/ros2_sims_ws/install/examples_rclrs_minimal_client_service:/home/simulations/ros2_sims_ws/install/sensor_msgs_py:/home/simulations/ros2_sims_ws/install/examples_rclrs_minimal_pub_sub:/home/simulations/ros2_sims_ws/install/examples_rclrs_message_demo:/home/simulations/ros2_sims_ws/install/rclrs:/home/simulations/ros2_sims_ws/install/rosidl_runtime_rs:/opt/ros/humble _=/usr/bin/env /usr/bin/cmake --install /home/user/ros2_ws/build/tb3_burger_localization
[1.505s] -- Install configuration: ""
[1.505s] -- Up-to-date: /home/user/ros2_ws/install/tb3_burger_localization/share/tb3_burger_localization//config
[1.505s] -- Up-to-date: /home/user/ros2_ws/install/tb3_burger_localization/share/tb3_burger_localization//config/amcl_config.yaml
[1.505s] -- Up-to-date: /home/user/ros2_ws/install/tb3_burger_localization/share/tb3_burger_localization//launch
[1.505s] -- Up-to-date: /home/user/ros2_ws/install/tb3_burger_localization/share/tb3_burger_localization//launch/localization.launch.py
[1.505s] -- Up-to-date: /home/user/ros2_ws/install/tb3_burger_localization/share/tb3_burger_localization//maps
[1.505s] -- Up-to-date: /home/user/ros2_ws/install/tb3_burger_localization/share/tb3_burger_localization//maps/tb3_burger_realrobotlab_original.pgm
[1.505s] -- Up-to-date: /home/user/ros2_ws/install/tb3_burger_localization/share/tb3_burger_localization//maps/tb3_burger_realrobotlab.pgm
[1.506s] -- Up-to-date: /home/user/ros2_ws/install/tb3_burger_localization/share/tb3_burger_localization//maps/tb3_burger_realrobotlab.yaml
[1.506s] -- Up-to-date: /home/user/ros2_ws/install/tb3_burger_localization/share/tb3_burger_localization//rviz
[1.506s] -- Up-to-date: /home/user/ros2_ws/install/tb3_burger_localization/share/tb3_burger_localization//rviz/localization.rviz
[1.508s] -- Up-to-date: /home/user/ros2_ws/install/tb3_burger_localization/share/ament_index/resource_index/package_run_dependencies/tb3_burger_localization
[1.509s] -- Up-to-date: /home/user/ros2_ws/install/tb3_burger_localization/share/ament_index/resource_index/parent_prefix_path/tb3_burger_localization
[1.509s] -- Up-to-date: /home/user/ros2_ws/install/tb3_burger_localization/share/tb3_burger_localization/environment/ament_prefix_path.sh
[1.509s] -- Up-to-date: /home/user/ros2_ws/install/tb3_burger_localization/share/tb3_burger_localization/environment/ament_prefix_path.dsv
[1.509s] -- Up-to-date: /home/user/ros2_ws/install/tb3_burger_localization/share/tb3_burger_localization/environment/path.sh
[1.510s] -- Up-to-date: /home/user/ros2_ws/install/tb3_burger_localization/share/tb3_burger_localization/environment/path.dsv
[1.510s] -- Up-to-date: /home/user/ros2_ws/install/tb3_burger_localization/share/tb3_burger_localization/local_setup.bash
[1.510s] -- Up-to-date: /home/user/ros2_ws/install/tb3_burger_localization/share/tb3_burger_localization/local_setup.sh
[1.510s] -- Up-to-date: /home/user/ros2_ws/install/tb3_burger_localization/share/tb3_burger_localization/local_setup.zsh
[1.510s] -- Up-to-date: /home/user/ros2_ws/install/tb3_burger_localization/share/tb3_burger_localization/local_setup.dsv
[1.510s] -- Installing: /home/user/ros2_ws/install/tb3_burger_localization/share/tb3_burger_localization/package.dsv
[1.530s] -- Up-to-date: /home/user/ros2_ws/install/tb3_burger_localization/share/ament_index/resource_index/packages/tb3_burger_localization
[1.531s] -- Up-to-date: /home/user/ros2_ws/install/tb3_burger_localization/share/tb3_burger_localization/cmake/tb3_burger_localizationConfig.cmake
[1.532s] -- Up-to-date: /home/user/ros2_ws/install/tb3_burger_localization/share/tb3_burger_localization/cmake/tb3_burger_localizationConfig-version.cmake
[1.532s] -- Up-to-date: /home/user/ros2_ws/install/tb3_burger_localization/share/tb3_burger_localization/package.xml
[1.536s] Invoked command in '/home/user/ros2_ws/build/tb3_burger_localization' returned '0': CMAKE_PREFIX_PATH=${CMAKE_PREFIX_PATH}:/home/user/simulation_ws/install/turtlebot3_teleop:/home/user/simulation_ws/install/turtlebot3_example:/home/simulations/ros2_sims_ws/install/rclrs_tests:/home/simulations/ros2_sims_ws/install/examples_rclrs_minimal_client_service:/home/simulations/ros2_sims_ws/install/sensor_msgs_py:/home/simulations/ros2_sims_ws/install/examples_rclrs_minimal_pub_sub:/home/simulations/ros2_sims_ws/install/examples_rclrs_message_demo:/home/simulations/ros2_sims_ws/install/rclrs:/home/simulations/ros2_sims_ws/install/rosidl_runtime_rs:/opt/ros/humble _=/usr/bin/env /usr/bin/cmake --install /home/user/ros2_ws/build/tb3_burger_localization
