[0.017s] Invoking command in '/home/latih/ros2-tf-real-robot-project/build/ros2_tf_project': AMENT_PREFIX_PATH=/home/latih/ros2-tf-real-robot-project/install/my_robot_interfaces:${AMENT_PREFIX_PATH} CMAKE_PREFIX_PATH=/home/latih/ros2-tf-real-robot-project/install/my_robot_interfaces:/opt/ros/humble LD_LIBRARY_PATH=/home/latih/ros2-tf-real-robot-project/install/my_robot_interfaces/lib:${LD_LIBRARY_PATH} PYTHONPATH=/home/latih/ros2-tf-real-robot-project/install/my_robot_interfaces/local/lib/python3.10/dist-packages:${PYTHONPATH} /usr/bin/cmake /home/latih/ros2-tf-real-robot-project/ros2_ws/src/ros2_tf_project -DCMAKE_INSTALL_PREFIX=/home/latih/ros2-tf-real-robot-project/install/ros2_tf_project
[0.083s] -- The C compiler identification is GNU 11.4.0
[0.157s] -- The CXX compiler identification is GNU 11.4.0
[0.166s] -- Detecting C compiler ABI info
[0.248s] -- Detecting C compiler ABI info - done
[0.257s] -- Check for working C compiler: /usr/bin/cc - skipped
[0.257s] -- Detecting C compile features
[0.257s] -- Detecting C compile features - done
[0.261s] -- Detecting CXX compiler ABI info
[0.329s] -- Detecting CXX compiler ABI info - done
[0.334s] -- Check for working CXX compiler: /usr/bin/c++ - skipped
[0.334s] -- Detecting CXX compile features
[0.335s] -- Detecting CXX compile features - done
[0.336s] -- Found ament_cmake: 1.3.11 (/opt/ros/humble/share/ament_cmake/cmake)
[0.448s] -- Found Python3: /usr/bin/python3 (found version "3.10.12") found components: Interpreter 
[0.519s] -- Found tf2: 0.25.12 (/opt/ros/humble/share/tf2/cmake)
[0.548s] -- Found rosidl_generator_c: 3.1.6 (/opt/ros/humble/share/rosidl_generator_c/cmake)
[0.551s] -- Found rosidl_adapter: 3.1.6 (/opt/ros/humble/share/rosidl_adapter/cmake)
[0.556s] -- Found rosidl_generator_cpp: 3.1.6 (/opt/ros/humble/share/rosidl_generator_cpp/cmake)
[0.564s] -- Using all available rosidl_typesupport_c: rosidl_typesupport_fastrtps_c;rosidl_typesupport_introspection_c
[0.575s] -- Using all available rosidl_typesupport_cpp: rosidl_typesupport_fastrtps_cpp;rosidl_typesupport_introspection_cpp
[0.603s] -- Found tf2_ros: 0.25.12 (/opt/ros/humble/share/tf2_ros/cmake)
[0.655s] -- Found rmw_implementation_cmake: 6.1.2 (/opt/ros/humble/share/rmw_implementation_cmake/cmake)
[0.657s] -- Found rmw_fastrtps_cpp: 6.2.7 (/opt/ros/humble/share/rmw_fastrtps_cpp/cmake)
[0.722s] -- Found OpenSSL: /usr/lib/x86_64-linux-gnu/libcrypto.so (found version "3.0.2")  
[0.743s] -- Found FastRTPS: /opt/ros/humble/include  
[0.778s] -- Using RMW implementation 'rmw_fastrtps_cpp' as default
[0.784s] -- Looking for pthread.h
[0.847s] -- Looking for pthread.h - found
[0.848s] -- Performing Test CMAKE_HAVE_LIBC_PTHREAD
[0.918s] -- Performing Test CMAKE_HAVE_LIBC_PTHREAD - Success
[0.920s] -- Found Threads: TRUE  
[0.998s] -- Found tf2_geometry_msgs: 0.25.12 (/opt/ros/humble/share/tf2_geometry_msgs/cmake)
[1.010s] -- Found eigen3_cmake_module: 0.1.1 (/opt/ros/humble/share/eigen3_cmake_module/cmake)
[1.011s] -- Found Eigen3: TRUE (found version "3.4.0") 
[1.011s] -- Ensuring Eigen3 include directory is part of orocos-kdl CMake target
[1.013s] -- Found sensor_msgs: 4.8.0 (/opt/ros/humble/share/sensor_msgs/cmake)
[1.025s] -- Found my_robot_interfaces: 0.0.0 (/home/latih/ros2-tf-real-robot-project/install/my_robot_interfaces/share/my_robot_interfaces/cmake)
[1.091s] -- Configuring done
[1.099s] -- Generating done
[1.102s] -- Build files have been written to: /home/latih/ros2-tf-real-robot-project/build/ros2_tf_project
[1.109s] Invoked command in '/home/latih/ros2-tf-real-robot-project/build/ros2_tf_project' returned '0': AMENT_PREFIX_PATH=/home/latih/ros2-tf-real-robot-project/install/my_robot_interfaces:${AMENT_PREFIX_PATH} CMAKE_PREFIX_PATH=/home/latih/ros2-tf-real-robot-project/install/my_robot_interfaces:/opt/ros/humble LD_LIBRARY_PATH=/home/latih/ros2-tf-real-robot-project/install/my_robot_interfaces/lib:${LD_LIBRARY_PATH} PYTHONPATH=/home/latih/ros2-tf-real-robot-project/install/my_robot_interfaces/local/lib/python3.10/dist-packages:${PYTHONPATH} /usr/bin/cmake /home/latih/ros2-tf-real-robot-project/ros2_ws/src/ros2_tf_project -DCMAKE_INSTALL_PREFIX=/home/latih/ros2-tf-real-robot-project/install/ros2_tf_project
[1.111s] Invoking command in '/home/latih/ros2-tf-real-robot-project/build/ros2_tf_project': AMENT_PREFIX_PATH=/home/latih/ros2-tf-real-robot-project/install/my_robot_interfaces:${AMENT_PREFIX_PATH} CMAKE_PREFIX_PATH=/home/latih/ros2-tf-real-robot-project/install/my_robot_interfaces:/opt/ros/humble LD_LIBRARY_PATH=/home/latih/ros2-tf-real-robot-project/install/my_robot_interfaces/lib:${LD_LIBRARY_PATH} PYTHONPATH=/home/latih/ros2-tf-real-robot-project/install/my_robot_interfaces/local/lib/python3.10/dist-packages:${PYTHONPATH} /usr/bin/cmake --build /home/latih/ros2-tf-real-robot-project/build/ros2_tf_project -- -j16 -l16
[1.163s] [ 50%] [32mBuilding CXX object CMakeFiles/feature_detector.dir/src/feature_detector.cpp.o[0m
[7.631s] [100%] [32m[1mLinking CXX executable feature_detector[0m
[7.951s] [100%] Built target feature_detector
[7.976s] Invoked command in '/home/latih/ros2-tf-real-robot-project/build/ros2_tf_project' returned '0': AMENT_PREFIX_PATH=/home/latih/ros2-tf-real-robot-project/install/my_robot_interfaces:${AMENT_PREFIX_PATH} CMAKE_PREFIX_PATH=/home/latih/ros2-tf-real-robot-project/install/my_robot_interfaces:/opt/ros/humble LD_LIBRARY_PATH=/home/latih/ros2-tf-real-robot-project/install/my_robot_interfaces/lib:${LD_LIBRARY_PATH} PYTHONPATH=/home/latih/ros2-tf-real-robot-project/install/my_robot_interfaces/local/lib/python3.10/dist-packages:${PYTHONPATH} /usr/bin/cmake --build /home/latih/ros2-tf-real-robot-project/build/ros2_tf_project -- -j16 -l16
[7.980s] Invoking command in '/home/latih/ros2-tf-real-robot-project/build/ros2_tf_project': AMENT_PREFIX_PATH=/home/latih/ros2-tf-real-robot-project/install/my_robot_interfaces:${AMENT_PREFIX_PATH} CMAKE_PREFIX_PATH=/home/latih/ros2-tf-real-robot-project/install/my_robot_interfaces:/opt/ros/humble LD_LIBRARY_PATH=/home/latih/ros2-tf-real-robot-project/install/my_robot_interfaces/lib:${LD_LIBRARY_PATH} PYTHONPATH=/home/latih/ros2-tf-real-robot-project/install/my_robot_interfaces/local/lib/python3.10/dist-packages:${PYTHONPATH} /usr/bin/cmake --install /home/latih/ros2-tf-real-robot-project/build/ros2_tf_project
[7.992s] -- Install configuration: ""
[7.992s] -- Installing: /home/latih/ros2-tf-real-robot-project/install/ros2_tf_project/lib/ros2_tf_project/feature_detector
[7.996s] -- Set runtime path of "/home/latih/ros2-tf-real-robot-project/install/ros2_tf_project/lib/ros2_tf_project/feature_detector" to ""
[7.996s] -- Installing: /home/latih/ros2-tf-real-robot-project/install/ros2_tf_project/share/ament_index/resource_index/package_run_dependencies/ros2_tf_project
[7.996s] -- Installing: /home/latih/ros2-tf-real-robot-project/install/ros2_tf_project/share/ament_index/resource_index/parent_prefix_path/ros2_tf_project
[7.997s] -- Installing: /home/latih/ros2-tf-real-robot-project/install/ros2_tf_project/share/ros2_tf_project/environment/ament_prefix_path.sh
[7.997s] -- Installing: /home/latih/ros2-tf-real-robot-project/install/ros2_tf_project/share/ros2_tf_project/environment/ament_prefix_path.dsv
[7.997s] -- Installing: /home/latih/ros2-tf-real-robot-project/install/ros2_tf_project/share/ros2_tf_project/environment/path.sh
[7.998s] -- Installing: /home/latih/ros2-tf-real-robot-project/install/ros2_tf_project/share/ros2_tf_project/environment/path.dsv
[7.998s] -- Installing: /home/latih/ros2-tf-real-robot-project/install/ros2_tf_project/share/ros2_tf_project/local_setup.bash
[7.998s] -- Installing: /home/latih/ros2-tf-real-robot-project/install/ros2_tf_project/share/ros2_tf_project/local_setup.sh
[7.998s] -- Installing: /home/latih/ros2-tf-real-robot-project/install/ros2_tf_project/share/ros2_tf_project/local_setup.zsh
[7.998s] -- Installing: /home/latih/ros2-tf-real-robot-project/install/ros2_tf_project/share/ros2_tf_project/local_setup.dsv
[7.998s] -- Installing: /home/latih/ros2-tf-real-robot-project/install/ros2_tf_project/share/ros2_tf_project/package.dsv
[7.998s] -- Installing: /home/latih/ros2-tf-real-robot-project/install/ros2_tf_project/share/ament_index/resource_index/packages/ros2_tf_project
[7.998s] -- Installing: /home/latih/ros2-tf-real-robot-project/install/ros2_tf_project/share/ros2_tf_project/cmake/ros2_tf_projectConfig.cmake
[7.998s] -- Installing: /home/latih/ros2-tf-real-robot-project/install/ros2_tf_project/share/ros2_tf_project/cmake/ros2_tf_projectConfig-version.cmake
[7.998s] -- Installing: /home/latih/ros2-tf-real-robot-project/install/ros2_tf_project/share/ros2_tf_project/package.xml
[8.001s] Invoked command in '/home/latih/ros2-tf-real-robot-project/build/ros2_tf_project' returned '0': AMENT_PREFIX_PATH=/home/latih/ros2-tf-real-robot-project/install/my_robot_interfaces:${AMENT_PREFIX_PATH} CMAKE_PREFIX_PATH=/home/latih/ros2-tf-real-robot-project/install/my_robot_interfaces:/opt/ros/humble LD_LIBRARY_PATH=/home/latih/ros2-tf-real-robot-project/install/my_robot_interfaces/lib:${LD_LIBRARY_PATH} PYTHONPATH=/home/latih/ros2-tf-real-robot-project/install/my_robot_interfaces/local/lib/python3.10/dist-packages:${PYTHONPATH} /usr/bin/cmake --install /home/latih/ros2-tf-real-robot-project/build/ros2_tf_project
