[0.293s] Invoking command in '/home/user/ros2_ws/build/my_robot_interfaces': CMAKE_PREFIX_PATH=${CMAKE_PREFIX_PATH}:/home/user/simulation_ws/install/turtlebot3_teleop:/home/user/simulation_ws/install/turtlebot3_example:/home/simulations/ros2_sims_ws/install/rclrs_tests:/home/simulations/ros2_sims_ws/install/examples_rclrs_minimal_client_service:/home/simulations/ros2_sims_ws/install/sensor_msgs_py:/home/simulations/ros2_sims_ws/install/examples_rclrs_minimal_pub_sub:/home/simulations/ros2_sims_ws/install/examples_rclrs_message_demo:/home/simulations/ros2_sims_ws/install/rclrs:/home/simulations/ros2_sims_ws/install/rosidl_runtime_rs:/opt/ros/humble _=/usr/bin/env /usr/bin/cmake --build /home/user/ros2_ws/build/my_robot_interfaces -- -j8 -l8
[0.797s] [  9%] Built target my_robot_interfaces__rosidl_generator_c
[0.810s] [ 12%] [34m[1mGenerating Rust code for ROS interfaces[0m
[0.999s] [ 15%] Built target my_robot_interfaces__cpp
[1.112s] [ 15%] Built target ament_cmake_python_copy_my_robot_interfaces
[1.494s] [ 25%] Built target my_robot_interfaces__rosidl_typesupport_c
[1.496s] [ 37%] Built target my_robot_interfaces__rosidl_typesupport_introspection_c
[1.497s] [ 46%] Built target my_robot_interfaces__rosidl_typesupport_fastrtps_c
[1.497s] [ 53%] Built target my_robot_interfaces__rosidl_typesupport_fastrtps_cpp
[1.503s] [ 62%] Built target my_robot_interfaces__rosidl_typesupport_introspection_cpp
[1.508s] [ 71%] Built target my_robot_interfaces__rosidl_typesupport_cpp
[3.189s] [ 71%] Built target my_robot_interfaces__rs
[3.402s] [ 71%] Built target my_robot_interfaces
[3.505s] running egg_info
[3.505s] writing my_robot_interfaces.egg-info/PKG-INFO
[3.505s] writing dependency_links to my_robot_interfaces.egg-info/dependency_links.txt
[3.505s] writing top-level names to my_robot_interfaces.egg-info/top_level.txt
[3.507s] reading manifest file 'my_robot_interfaces.egg-info/SOURCES.txt'
[3.508s] writing manifest file 'my_robot_interfaces.egg-info/SOURCES.txt'
[3.510s] [ 75%] Built target my_robot_interfaces__py
[3.715s] [ 75%] Built target ament_cmake_python_build_my_robot_interfaces_egg
[3.791s] [ 81%] Built target my_robot_interfaces__rosidl_generator_py
[4.015s] [ 87%] Built target my_robot_interfaces__rosidl_typesupport_fastrtps_c__pyext
[4.090s] [ 93%] Built target my_robot_interfaces__rosidl_typesupport_introspection_c__pyext
[4.091s] [100%] Built target my_robot_interfaces__rosidl_typesupport_c__pyext
[4.197s] Invoked command in '/home/user/ros2_ws/build/my_robot_interfaces' returned '0': CMAKE_PREFIX_PATH=${CMAKE_PREFIX_PATH}:/home/user/simulation_ws/install/turtlebot3_teleop:/home/user/simulation_ws/install/turtlebot3_example:/home/simulations/ros2_sims_ws/install/rclrs_tests:/home/simulations/ros2_sims_ws/install/examples_rclrs_minimal_client_service:/home/simulations/ros2_sims_ws/install/sensor_msgs_py:/home/simulations/ros2_sims_ws/install/examples_rclrs_minimal_pub_sub:/home/simulations/ros2_sims_ws/install/examples_rclrs_message_demo:/home/simulations/ros2_sims_ws/install/rclrs:/home/simulations/ros2_sims_ws/install/rosidl_runtime_rs:/opt/ros/humble _=/usr/bin/env /usr/bin/cmake --build /home/user/ros2_ws/build/my_robot_interfaces -- -j8 -l8
[5.111s] Invoking command in '/home/user/ros2_ws/build/my_robot_interfaces': CMAKE_PREFIX_PATH=${CMAKE_PREFIX_PATH}:/home/user/simulation_ws/install/turtlebot3_teleop:/home/user/simulation_ws/install/turtlebot3_example:/home/simulations/ros2_sims_ws/install/rclrs_tests:/home/simulations/ros2_sims_ws/install/examples_rclrs_minimal_client_service:/home/simulations/ros2_sims_ws/install/sensor_msgs_py:/home/simulations/ros2_sims_ws/install/examples_rclrs_minimal_pub_sub:/home/simulations/ros2_sims_ws/install/examples_rclrs_message_demo:/home/simulations/ros2_sims_ws/install/rclrs:/home/simulations/ros2_sims_ws/install/rosidl_runtime_rs:/opt/ros/humble _=/usr/bin/env /usr/bin/cmake --install /home/user/ros2_ws/build/my_robot_interfaces
[5.288s] -- Install configuration: ""
[5.288s] -- Up-to-date: /home/user/ros2_ws/install/my_robot_interfaces/share/ament_index/resource_index/rosidl_interfaces/my_robot_interfaces
[5.288s] -- Up-to-date: /home/user/ros2_ws/install/my_robot_interfaces/include/my_robot_interfaces/my_robot_interfaces
[5.288s] -- Up-to-date: /home/user/ros2_ws/install/my_robot_interfaces/include/my_robot_interfaces/my_robot_interfaces/srv
[5.289s] -- Up-to-date: /home/user/ros2_ws/install/my_robot_interfaces/include/my_robot_interfaces/my_robot_interfaces/srv/detail
[5.289s] -- Up-to-date: /home/user/ros2_ws/install/my_robot_interfaces/include/my_robot_interfaces/my_robot_interfaces/srv/detail/feature_detection__functions.c
[5.289s] -- Up-to-date: /home/user/ros2_ws/install/my_robot_interfaces/include/my_robot_interfaces/my_robot_interfaces/srv/detail/feature_detection__functions.h
[5.289s] -- Up-to-date: /home/user/ros2_ws/install/my_robot_interfaces/include/my_robot_interfaces/my_robot_interfaces/srv/detail/feature_detection__struct.h
[5.289s] -- Up-to-date: /home/user/ros2_ws/install/my_robot_interfaces/include/my_robot_interfaces/my_robot_interfaces/srv/detail/feature_detection__type_support.h
[5.290s] -- Up-to-date: /home/user/ros2_ws/install/my_robot_interfaces/include/my_robot_interfaces/my_robot_interfaces/srv/feature_detection.h
[5.290s] -- Up-to-date: /home/user/ros2_ws/install/my_robot_interfaces/include/my_robot_interfaces/my_robot_interfaces/msg
[5.290s] -- Up-to-date: /home/user/ros2_ws/install/my_robot_interfaces/include/my_robot_interfaces/my_robot_interfaces/msg/rosidl_generator_c__visibility_control.h
[5.290s] -- Up-to-date: /home/user/ros2_ws/install/my_robot_interfaces/share/my_robot_interfaces/environment/library_path.sh
[5.290s] -- Up-to-date: /home/user/ros2_ws/install/my_robot_interfaces/share/my_robot_interfaces/environment/library_path.dsv
[5.290s] -- Up-to-date: /home/user/ros2_ws/install/my_robot_interfaces/lib/libmy_robot_interfaces__rosidl_generator_c.so
[5.290s] -- Up-to-date: /home/user/ros2_ws/install/my_robot_interfaces/include/my_robot_interfaces/my_robot_interfaces
[5.290s] -- Up-to-date: /home/user/ros2_ws/install/my_robot_interfaces/include/my_robot_interfaces/my_robot_interfaces/srv
[5.290s] -- Up-to-date: /home/user/ros2_ws/install/my_robot_interfaces/include/my_robot_interfaces/my_robot_interfaces/srv/detail
[5.290s] -- Up-to-date: /home/user/ros2_ws/install/my_robot_interfaces/include/my_robot_interfaces/my_robot_interfaces/srv/detail/feature_detection__rosidl_typesupport_fastrtps_c.h
[5.291s] -- Up-to-date: /home/user/ros2_ws/install/my_robot_interfaces/include/my_robot_interfaces/my_robot_interfaces/msg
[5.291s] -- Up-to-date: /home/user/ros2_ws/install/my_robot_interfaces/include/my_robot_interfaces/my_robot_interfaces/msg/rosidl_typesupport_fastrtps_c__visibility_control.h
[5.291s] -- Up-to-date: /home/user/ros2_ws/install/my_robot_interfaces/lib/libmy_robot_interfaces__rosidl_typesupport_fastrtps_c.so
[5.291s] -- Up-to-date: /home/user/ros2_ws/install/my_robot_interfaces/include/my_robot_interfaces/my_robot_interfaces
[5.291s] -- Up-to-date: /home/user/ros2_ws/install/my_robot_interfaces/include/my_robot_interfaces/my_robot_interfaces/srv
[5.291s] -- Up-to-date: /home/user/ros2_ws/install/my_robot_interfaces/include/my_robot_interfaces/my_robot_interfaces/srv/detail
[5.292s] -- Up-to-date: /home/user/ros2_ws/install/my_robot_interfaces/include/my_robot_interfaces/my_robot_interfaces/srv/detail/feature_detection__rosidl_typesupport_introspection_c.h
[5.292s] -- Up-to-date: /home/user/ros2_ws/install/my_robot_interfaces/include/my_robot_interfaces/my_robot_interfaces/srv/detail/feature_detection__type_support.c
[5.292s] -- Up-to-date: /home/user/ros2_ws/install/my_robot_interfaces/include/my_robot_interfaces/my_robot_interfaces/msg
[5.292s] -- Up-to-date: /home/user/ros2_ws/install/my_robot_interfaces/include/my_robot_interfaces/my_robot_interfaces/msg/rosidl_typesupport_introspection_c__visibility_control.h
[5.292s] -- Up-to-date: /home/user/ros2_ws/install/my_robot_interfaces/lib/libmy_robot_interfaces__rosidl_typesupport_introspection_c.so
[5.292s] -- Up-to-date: /home/user/ros2_ws/install/my_robot_interfaces/lib/libmy_robot_interfaces__rosidl_typesupport_c.so
[5.292s] -- Up-to-date: /home/user/ros2_ws/install/my_robot_interfaces/include/my_robot_interfaces/my_robot_interfaces
[5.292s] -- Up-to-date: /home/user/ros2_ws/install/my_robot_interfaces/include/my_robot_interfaces/my_robot_interfaces/srv
[5.293s] -- Up-to-date: /home/user/ros2_ws/install/my_robot_interfaces/include/my_robot_interfaces/my_robot_interfaces/srv/detail
[5.293s] -- Up-to-date: /home/user/ros2_ws/install/my_robot_interfaces/include/my_robot_interfaces/my_robot_interfaces/srv/detail/feature_detection__traits.hpp
[5.293s] -- Up-to-date: /home/user/ros2_ws/install/my_robot_interfaces/include/my_robot_interfaces/my_robot_interfaces/srv/detail/feature_detection__struct.hpp
[5.293s] -- Up-to-date: /home/user/ros2_ws/install/my_robot_interfaces/include/my_robot_interfaces/my_robot_interfaces/srv/detail/feature_detection__builder.hpp
[5.293s] -- Up-to-date: /home/user/ros2_ws/install/my_robot_interfaces/include/my_robot_interfaces/my_robot_interfaces/srv/feature_detection.hpp
[5.293s] -- Up-to-date: /home/user/ros2_ws/install/my_robot_interfaces/include/my_robot_interfaces/my_robot_interfaces
[5.293s] -- Up-to-date: /home/user/ros2_ws/install/my_robot_interfaces/include/my_robot_interfaces/my_robot_interfaces/srv
[5.293s] -- Up-to-date: /home/user/ros2_ws/install/my_robot_interfaces/include/my_robot_interfaces/my_robot_interfaces/srv/detail
[5.293s] -- Up-to-date: /home/user/ros2_ws/install/my_robot_interfaces/include/my_robot_interfaces/my_robot_interfaces/srv/detail/feature_detection__rosidl_typesupport_fastrtps_cpp.hpp
[5.293s] -- Up-to-date: /home/user/ros2_ws/install/my_robot_interfaces/include/my_robot_interfaces/my_robot_interfaces/srv/detail/dds_fastrtps
[5.294s] -- Up-to-date: /home/user/ros2_ws/install/my_robot_interfaces/include/my_robot_interfaces/my_robot_interfaces/msg
[5.294s] -- Up-to-date: /home/user/ros2_ws/install/my_robot_interfaces/include/my_robot_interfaces/my_robot_interfaces/msg/rosidl_typesupport_fastrtps_cpp__visibility_control.h
[5.294s] -- Up-to-date: /home/user/ros2_ws/install/my_robot_interfaces/lib/libmy_robot_interfaces__rosidl_typesupport_fastrtps_cpp.so
[5.294s] -- Up-to-date: /home/user/ros2_ws/install/my_robot_interfaces/include/my_robot_interfaces/my_robot_interfaces
[5.294s] -- Up-to-date: /home/user/ros2_ws/install/my_robot_interfaces/include/my_robot_interfaces/my_robot_interfaces/srv
[5.294s] -- Up-to-date: /home/user/ros2_ws/install/my_robot_interfaces/include/my_robot_interfaces/my_robot_interfaces/srv/detail
[5.294s] -- Up-to-date: /home/user/ros2_ws/install/my_robot_interfaces/include/my_robot_interfaces/my_robot_interfaces/srv/detail/feature_detection__type_support.cpp
[5.294s] -- Up-to-date: /home/user/ros2_ws/install/my_robot_interfaces/include/my_robot_interfaces/my_robot_interfaces/srv/detail/feature_detection__rosidl_typesupport_introspection_cpp.hpp
[5.294s] -- Up-to-date: /home/user/ros2_ws/install/my_robot_interfaces/lib/libmy_robot_interfaces__rosidl_typesupport_introspection_cpp.so
[5.294s] -- Up-to-date: /home/user/ros2_ws/install/my_robot_interfaces/lib/libmy_robot_interfaces__rosidl_typesupport_cpp.so
[5.295s] -- Up-to-date: /home/user/ros2_ws/install/my_robot_interfaces/share/ament_index/resource_index/rust_packages/my_robot_interfaces
[5.295s] -- Up-to-date: /home/user/ros2_ws/install/my_robot_interfaces/share/my_robot_interfaces/rust
[5.295s] -- Installing: /home/user/ros2_ws/install/my_robot_interfaces/share/my_robot_interfaces/rust/Cargo.toml
[5.295s] -- Up-to-date: /home/user/ros2_ws/install/my_robot_interfaces/share/my_robot_interfaces/rust/src
[5.295s] -- Installing: /home/user/ros2_ws/install/my_robot_interfaces/share/my_robot_interfaces/rust/src/srv.rs
[5.295s] -- Installing: /home/user/ros2_ws/install/my_robot_interfaces/share/my_robot_interfaces/rust/src/lib.rs
[5.295s] -- Installing: /home/user/ros2_ws/install/my_robot_interfaces/share/my_robot_interfaces/rust/build.rs
[5.295s] -- Up-to-date: /home/user/ros2_ws/install/my_robot_interfaces/share/my_robot_interfaces/rust
[5.295s] -- Up-to-date: /home/user/ros2_ws/install/my_robot_interfaces/share/my_robot_interfaces/rust/Cargo.toml
[5.296s] -- Up-to-date: /home/user/ros2_ws/install/my_robot_interfaces/share/my_robot_interfaces/rust/src
[5.296s] -- Up-to-date: /home/user/ros2_ws/install/my_robot_interfaces/share/my_robot_interfaces/rust/src/srv.rs
[5.296s] -- Up-to-date: /home/user/ros2_ws/install/my_robot_interfaces/share/my_robot_interfaces/rust/src/lib.rs
[5.296s] -- Up-to-date: /home/user/ros2_ws/install/my_robot_interfaces/share/my_robot_interfaces/rust/build.rs
[5.296s] -- Up-to-date: /home/user/ros2_ws/install/my_robot_interfaces/share/my_robot_interfaces/rust
[5.296s] -- Up-to-date: /home/user/ros2_ws/install/my_robot_interfaces/share/my_robot_interfaces/rust/Cargo.toml
[5.296s] -- Up-to-date: /home/user/ros2_ws/install/my_robot_interfaces/share/my_robot_interfaces/rust/src
[5.296s] -- Up-to-date: /home/user/ros2_ws/install/my_robot_interfaces/share/my_robot_interfaces/rust/src/srv.rs
[5.296s] -- Up-to-date: /home/user/ros2_ws/install/my_robot_interfaces/share/my_robot_interfaces/rust/src/lib.rs
[5.296s] -- Up-to-date: /home/user/ros2_ws/install/my_robot_interfaces/share/my_robot_interfaces/rust/build.rs
[5.297s] -- Up-to-date: /home/user/ros2_ws/install/my_robot_interfaces/share/my_robot_interfaces/environment/pythonpath.sh
[5.297s] -- Up-to-date: /home/user/ros2_ws/install/my_robot_interfaces/share/my_robot_interfaces/environment/pythonpath.dsv
[5.297s] -- Up-to-date: /home/user/ros2_ws/install/my_robot_interfaces/local/lib/python3.10/dist-packages/my_robot_interfaces-0.0.0-py3.10.egg-info
[5.297s] -- Installing: /home/user/ros2_ws/install/my_robot_interfaces/local/lib/python3.10/dist-packages/my_robot_interfaces-0.0.0-py3.10.egg-info/PKG-INFO
[5.297s] -- Installing: /home/user/ros2_ws/install/my_robot_interfaces/local/lib/python3.10/dist-packages/my_robot_interfaces-0.0.0-py3.10.egg-info/top_level.txt
[5.297s] -- Installing: /home/user/ros2_ws/install/my_robot_interfaces/local/lib/python3.10/dist-packages/my_robot_interfaces-0.0.0-py3.10.egg-info/SOURCES.txt
[5.297s] -- Installing: /home/user/ros2_ws/install/my_robot_interfaces/local/lib/python3.10/dist-packages/my_robot_interfaces-0.0.0-py3.10.egg-info/dependency_links.txt
[5.297s] -- Up-to-date: /home/user/ros2_ws/install/my_robot_interfaces/local/lib/python3.10/dist-packages/my_robot_interfaces
[5.297s] -- Up-to-date: /home/user/ros2_ws/install/my_robot_interfaces/local/lib/python3.10/dist-packages/my_robot_interfaces/my_robot_interfaces_s__rosidl_typesupport_introspection_c.cpython-310-x86_64-linux-gnu.so
[5.297s] -- Up-to-date: /home/user/ros2_ws/install/my_robot_interfaces/local/lib/python3.10/dist-packages/my_robot_interfaces/_my_robot_interfaces_s.ep.rosidl_typesupport_fastrtps_c.c
[5.297s] -- Up-to-date: /home/user/ros2_ws/install/my_robot_interfaces/local/lib/python3.10/dist-packages/my_robot_interfaces/srv
[5.297s] -- Up-to-date: /home/user/ros2_ws/install/my_robot_interfaces/local/lib/python3.10/dist-packages/my_robot_interfaces/srv/_feature_detection_s.c
[5.297s] -- Up-to-date: /home/user/ros2_ws/install/my_robot_interfaces/local/lib/python3.10/dist-packages/my_robot_interfaces/srv/_feature_detection.py
[5.298s] -- Up-to-date: /home/user/ros2_ws/install/my_robot_interfaces/local/lib/python3.10/dist-packages/my_robot_interfaces/srv/__init__.py
[5.298s] -- Up-to-date: /home/user/ros2_ws/install/my_robot_interfaces/local/lib/python3.10/dist-packages/my_robot_interfaces/libmy_robot_interfaces__rosidl_generator_py.so
[5.298s] -- Up-to-date: /home/user/ros2_ws/install/my_robot_interfaces/local/lib/python3.10/dist-packages/my_robot_interfaces/_my_robot_interfaces_s.ep.rosidl_typesupport_c.c
[5.298s] -- Up-to-date: /home/user/ros2_ws/install/my_robot_interfaces/local/lib/python3.10/dist-packages/my_robot_interfaces/__init__.py
[5.298s] -- Up-to-date: /home/user/ros2_ws/install/my_robot_interfaces/local/lib/python3.10/dist-packages/my_robot_interfaces/my_robot_interfaces_s__rosidl_typesupport_c.cpython-310-x86_64-linux-gnu.so
[5.298s] -- Up-to-date: /home/user/ros2_ws/install/my_robot_interfaces/local/lib/python3.10/dist-packages/my_robot_interfaces/my_robot_interfaces_s__rosidl_typesupport_fastrtps_c.cpython-310-x86_64-linux-gnu.so
[5.298s] -- Up-to-date: /home/user/ros2_ws/install/my_robot_interfaces/local/lib/python3.10/dist-packages/my_robot_interfaces/_my_robot_interfaces_s.ep.rosidl_typesupport_introspection_c.c
[5.502s] Listing '/home/user/ros2_ws/install/my_robot_interfaces/local/lib/python3.10/dist-packages/my_robot_interfaces'...
[5.503s] Listing '/home/user/ros2_ws/install/my_robot_interfaces/local/lib/python3.10/dist-packages/my_robot_interfaces/srv'...
[5.509s] -- Up-to-date: /home/user/ros2_ws/install/my_robot_interfaces/local/lib/python3.10/dist-packages/my_robot_interfaces/my_robot_interfaces_s__rosidl_typesupport_fastrtps_c.cpython-310-x86_64-linux-gnu.so
[5.509s] -- Up-to-date: /home/user/ros2_ws/install/my_robot_interfaces/local/lib/python3.10/dist-packages/my_robot_interfaces/my_robot_interfaces_s__rosidl_typesupport_introspection_c.cpython-310-x86_64-linux-gnu.so
[5.510s] -- Up-to-date: /home/user/ros2_ws/install/my_robot_interfaces/local/lib/python3.10/dist-packages/my_robot_interfaces/my_robot_interfaces_s__rosidl_typesupport_c.cpython-310-x86_64-linux-gnu.so
[5.510s] -- Up-to-date: /home/user/ros2_ws/install/my_robot_interfaces/lib/libmy_robot_interfaces__rosidl_generator_py.so
[5.510s] -- Up-to-date: /home/user/ros2_ws/install/my_robot_interfaces/share/my_robot_interfaces/srv/FeatureDetection.idl
[5.510s] -- Up-to-date: /home/user/ros2_ws/install/my_robot_interfaces/share/my_robot_interfaces/srv/FeatureDetection.srv
[5.511s] -- Up-to-date: /home/user/ros2_ws/install/my_robot_interfaces/share/my_robot_interfaces/srv/FeatureDetection_Request.msg
[5.511s] -- Up-to-date: /home/user/ros2_ws/install/my_robot_interfaces/share/my_robot_interfaces/srv/FeatureDetection_Response.msg
[5.511s] -- Up-to-date: /home/user/ros2_ws/install/my_robot_interfaces/share/ament_index/resource_index/package_run_dependencies/my_robot_interfaces
[5.511s] -- Up-to-date: /home/user/ros2_ws/install/my_robot_interfaces/share/ament_index/resource_index/parent_prefix_path/my_robot_interfaces
[5.512s] -- Up-to-date: /home/user/ros2_ws/install/my_robot_interfaces/share/my_robot_interfaces/environment/ament_prefix_path.sh
[5.512s] -- Up-to-date: /home/user/ros2_ws/install/my_robot_interfaces/share/my_robot_interfaces/environment/ament_prefix_path.dsv
[5.512s] -- Up-to-date: /home/user/ros2_ws/install/my_robot_interfaces/share/my_robot_interfaces/environment/path.sh
[5.512s] -- Up-to-date: /home/user/ros2_ws/install/my_robot_interfaces/share/my_robot_interfaces/environment/path.dsv
[5.512s] -- Up-to-date: /home/user/ros2_ws/install/my_robot_interfaces/share/my_robot_interfaces/local_setup.bash
[5.512s] -- Up-to-date: /home/user/ros2_ws/install/my_robot_interfaces/share/my_robot_interfaces/local_setup.sh
[5.512s] -- Up-to-date: /home/user/ros2_ws/install/my_robot_interfaces/share/my_robot_interfaces/local_setup.zsh
[5.512s] -- Up-to-date: /home/user/ros2_ws/install/my_robot_interfaces/share/my_robot_interfaces/local_setup.dsv
[5.512s] -- Installing: /home/user/ros2_ws/install/my_robot_interfaces/share/my_robot_interfaces/package.dsv
[5.513s] -- Up-to-date: /home/user/ros2_ws/install/my_robot_interfaces/share/ament_index/resource_index/packages/my_robot_interfaces
[5.513s] -- Up-to-date: /home/user/ros2_ws/install/my_robot_interfaces/share/my_robot_interfaces/cmake/export_my_robot_interfaces__rosidl_generator_cExport.cmake
[5.513s] -- Up-to-date: /home/user/ros2_ws/install/my_robot_interfaces/share/my_robot_interfaces/cmake/export_my_robot_interfaces__rosidl_generator_cExport-noconfig.cmake
[5.513s] -- Up-to-date: /home/user/ros2_ws/install/my_robot_interfaces/share/my_robot_interfaces/cmake/export_my_robot_interfaces__rosidl_typesupport_fastrtps_cExport.cmake
[5.513s] -- Up-to-date: /home/user/ros2_ws/install/my_robot_interfaces/share/my_robot_interfaces/cmake/export_my_robot_interfaces__rosidl_typesupport_fastrtps_cExport-noconfig.cmake
[5.513s] -- Up-to-date: /home/user/ros2_ws/install/my_robot_interfaces/share/my_robot_interfaces/cmake/my_robot_interfaces__rosidl_typesupport_introspection_cExport.cmake
[5.514s] -- Up-to-date: /home/user/ros2_ws/install/my_robot_interfaces/share/my_robot_interfaces/cmake/my_robot_interfaces__rosidl_typesupport_introspection_cExport-noconfig.cmake
[5.514s] -- Up-to-date: /home/user/ros2_ws/install/my_robot_interfaces/share/my_robot_interfaces/cmake/my_robot_interfaces__rosidl_typesupport_cExport.cmake
[5.514s] -- Up-to-date: /home/user/ros2_ws/install/my_robot_interfaces/share/my_robot_interfaces/cmake/my_robot_interfaces__rosidl_typesupport_cExport-noconfig.cmake
[5.514s] -- Up-to-date: /home/user/ros2_ws/install/my_robot_interfaces/share/my_robot_interfaces/cmake/export_my_robot_interfaces__rosidl_generator_cppExport.cmake
[5.514s] -- Up-to-date: /home/user/ros2_ws/install/my_robot_interfaces/share/my_robot_interfaces/cmake/export_my_robot_interfaces__rosidl_typesupport_fastrtps_cppExport.cmake
[5.514s] -- Up-to-date: /home/user/ros2_ws/install/my_robot_interfaces/share/my_robot_interfaces/cmake/export_my_robot_interfaces__rosidl_typesupport_fastrtps_cppExport-noconfig.cmake
[5.514s] -- Up-to-date: /home/user/ros2_ws/install/my_robot_interfaces/share/my_robot_interfaces/cmake/my_robot_interfaces__rosidl_typesupport_introspection_cppExport.cmake
[5.515s] -- Up-to-date: /home/user/ros2_ws/install/my_robot_interfaces/share/my_robot_interfaces/cmake/my_robot_interfaces__rosidl_typesupport_introspection_cppExport-noconfig.cmake
[5.515s] -- Up-to-date: /home/user/ros2_ws/install/my_robot_interfaces/share/my_robot_interfaces/cmake/my_robot_interfaces__rosidl_typesupport_cppExport.cmake
[5.515s] -- Up-to-date: /home/user/ros2_ws/install/my_robot_interfaces/share/my_robot_interfaces/cmake/my_robot_interfaces__rosidl_typesupport_cppExport-noconfig.cmake
[5.515s] -- Up-to-date: /home/user/ros2_ws/install/my_robot_interfaces/share/my_robot_interfaces/cmake/export_my_robot_interfaces__rosidl_generator_pyExport.cmake
[5.515s] -- Up-to-date: /home/user/ros2_ws/install/my_robot_interfaces/share/my_robot_interfaces/cmake/export_my_robot_interfaces__rosidl_generator_pyExport-noconfig.cmake
[5.516s] -- Up-to-date: /home/user/ros2_ws/install/my_robot_interfaces/share/my_robot_interfaces/cmake/rosidl_cmake-extras.cmake
[5.516s] -- Up-to-date: /home/user/ros2_ws/install/my_robot_interfaces/share/my_robot_interfaces/cmake/ament_cmake_export_dependencies-extras.cmake
[5.516s] -- Up-to-date: /home/user/ros2_ws/install/my_robot_interfaces/share/my_robot_interfaces/cmake/ament_cmake_export_include_directories-extras.cmake
[5.516s] -- Up-to-date: /home/user/ros2_ws/install/my_robot_interfaces/share/my_robot_interfaces/cmake/ament_cmake_export_libraries-extras.cmake
[5.516s] -- Up-to-date: /home/user/ros2_ws/install/my_robot_interfaces/share/my_robot_interfaces/cmake/ament_cmake_export_targets-extras.cmake
[5.516s] -- Up-to-date: /home/user/ros2_ws/install/my_robot_interfaces/share/my_robot_interfaces/cmake/rosidl_cmake_export_typesupport_targets-extras.cmake
[5.516s] -- Up-to-date: /home/user/ros2_ws/install/my_robot_interfaces/share/my_robot_interfaces/cmake/rosidl_cmake_export_typesupport_libraries-extras.cmake
[5.516s] -- Up-to-date: /home/user/ros2_ws/install/my_robot_interfaces/share/my_robot_interfaces/cmake/my_robot_interfacesConfig.cmake
[5.516s] -- Up-to-date: /home/user/ros2_ws/install/my_robot_interfaces/share/my_robot_interfaces/cmake/my_robot_interfacesConfig-version.cmake
[5.516s] -- Up-to-date: /home/user/ros2_ws/install/my_robot_interfaces/share/my_robot_interfaces/package.xml
[5.589s] Invoked command in '/home/user/ros2_ws/build/my_robot_interfaces' returned '0': CMAKE_PREFIX_PATH=${CMAKE_PREFIX_PATH}:/home/user/simulation_ws/install/turtlebot3_teleop:/home/user/simulation_ws/install/turtlebot3_example:/home/simulations/ros2_sims_ws/install/rclrs_tests:/home/simulations/ros2_sims_ws/install/examples_rclrs_minimal_client_service:/home/simulations/ros2_sims_ws/install/sensor_msgs_py:/home/simulations/ros2_sims_ws/install/examples_rclrs_minimal_pub_sub:/home/simulations/ros2_sims_ws/install/examples_rclrs_message_demo:/home/simulations/ros2_sims_ws/install/rclrs:/home/simulations/ros2_sims_ws/install/rosidl_runtime_rs:/opt/ros/humble _=/usr/bin/env /usr/bin/cmake --install /home/user/ros2_ws/build/my_robot_interfaces
