[0.057s] Invoking command in '/home/latih/ros2-tf-real-robot-project/build/turtlebot3_gazebo': CMAKE_PREFIX_PATH=${CMAKE_PREFIX_PATH}:/home/latih/ros2-tf-real-robot-project/install/turtlebot3_teleop:/home/latih/ros2-tf-real-robot-project/install/turtlebot3_example:/opt/ros/humble /usr/bin/cmake --build /home/latih/ros2-tf-real-robot-project/build/turtlebot3_gazebo -- -j16 -l16
[0.413s] [ 25%] Built target turtlebot3_drive
[0.413s] [ 50%] Built target obstacle1
[0.413s] [ 75%] Built target obstacles
[0.413s] [100%] Built target obstacle2
[0.435s] Invoked command in '/home/latih/ros2-tf-real-robot-project/build/turtlebot3_gazebo' returned '0': CMAKE_PREFIX_PATH=${CMAKE_PREFIX_PATH}:/home/latih/ros2-tf-real-robot-project/install/turtlebot3_teleop:/home/latih/ros2-tf-real-robot-project/install/turtlebot3_example:/opt/ros/humble /usr/bin/cmake --build /home/latih/ros2-tf-real-robot-project/build/turtlebot3_gazebo -- -j16 -l16
[0.438s] Invoking command in '/home/latih/ros2-tf-real-robot-project/build/turtlebot3_gazebo': CMAKE_PREFIX_PATH=${CMAKE_PREFIX_PATH}:/home/latih/ros2-tf-real-robot-project/install/turtlebot3_teleop:/home/latih/ros2-tf-real-robot-project/install/turtlebot3_example:/opt/ros/humble /usr/bin/cmake --install /home/latih/ros2-tf-real-robot-project/build/turtlebot3_gazebo
[0.458s] -- Install configuration: ""
[0.458s] -- Up-to-date: /home/latih/ros2-tf-real-robot-project/install/turtlebot3_gazebo/lib/turtlebot3_gazebo/turtlebot3_drive
[0.458s] -- Up-to-date: /home/latih/ros2-tf-real-robot-project/install/turtlebot3_gazebo/share/turtlebot3_gazebo//launch
[0.459s] -- Up-to-date: /home/latih/ros2-tf-real-robot-project/install/turtlebot3_gazebo/share/turtlebot3_gazebo//launch/empty_world.launch.py
[0.459s] -- Up-to-date: /home/latih/ros2-tf-real-robot-project/install/turtlebot3_gazebo/share/turtlebot3_gazebo//launch/turtlebot3_world.launch.py
[0.459s] -- Up-to-date: /home/latih/ros2-tf-real-robot-project/install/turtlebot3_gazebo/share/turtlebot3_gazebo//launch/robot_state_publisher.launch.py
[0.459s] -- Up-to-date: /home/latih/ros2-tf-real-robot-project/install/turtlebot3_gazebo/share/turtlebot3_gazebo//launch/turtlebot3_dqn_stage2.launch.py
[0.459s] -- Up-to-date: /home/latih/ros2-tf-real-robot-project/install/turtlebot3_gazebo/share/turtlebot3_gazebo//launch/spawn_turtlebot3.launch.py
[0.459s] -- Up-to-date: /home/latih/ros2-tf-real-robot-project/install/turtlebot3_gazebo/share/turtlebot3_gazebo//launch/start_turtlebot3_world_standalone.launch.py
[0.459s] -- Up-to-date: /home/latih/ros2-tf-real-robot-project/install/turtlebot3_gazebo/share/turtlebot3_gazebo//launch/turtlebot3_dqn_stage1.launch.py
[0.459s] -- Up-to-date: /home/latih/ros2-tf-real-robot-project/install/turtlebot3_gazebo/share/turtlebot3_gazebo//launch/turtlebot3_dqn_stage4.launch.py
[0.459s] -- Up-to-date: /home/latih/ros2-tf-real-robot-project/install/turtlebot3_gazebo/share/turtlebot3_gazebo//launch/start_turtlebot3_world.launch.py
[0.459s] -- Up-to-date: /home/latih/ros2-tf-real-robot-project/install/turtlebot3_gazebo/share/turtlebot3_gazebo//launch/turtlebot3_dqn_stage3.launch.py
[0.459s] -- Up-to-date: /home/latih/ros2-tf-real-robot-project/install/turtlebot3_gazebo/share/turtlebot3_gazebo//launch/main_turtlebot3_lab.launch.xml
[0.459s] -- Up-to-date: /home/latih/ros2-tf-real-robot-project/install/turtlebot3_gazebo/share/turtlebot3_gazebo//launch/turtlebot3_house.launch.py
[0.459s] -- Up-to-date: /home/latih/ros2-tf-real-robot-project/install/turtlebot3_gazebo/share/turtlebot3_gazebo//models
[0.459s] -- Up-to-date: /home/latih/ros2-tf-real-robot-project/install/turtlebot3_gazebo/share/turtlebot3_gazebo//models/road_charging_2
[0.459s] -- Up-to-date: /home/latih/ros2-tf-real-robot-project/install/turtlebot3_gazebo/share/turtlebot3_gazebo//models/road_charging_2/model.sdf
[0.459s] -- Up-to-date: /home/latih/ros2-tf-real-robot-project/install/turtlebot3_gazebo/share/turtlebot3_gazebo//models/road_charging_2/model.config
[0.460s] -- Up-to-date: /home/latih/ros2-tf-real-robot-project/install/turtlebot3_gazebo/share/turtlebot3_gazebo//models/road_inter_new
[0.460s] -- Up-to-date: /home/latih/ros2-tf-real-robot-project/install/turtlebot3_gazebo/share/turtlebot3_gazebo//models/road_inter_new/materials
[0.460s] -- Up-to-date: /home/latih/ros2-tf-real-robot-project/install/turtlebot3_gazebo/share/turtlebot3_gazebo//models/road_inter_new/materials/textures
[0.460s] -- Up-to-date: /home/latih/ros2-tf-real-robot-project/install/turtlebot3_gazebo/share/turtlebot3_gazebo//models/road_inter_new/materials/textures/road_i.png
[0.460s] -- Up-to-date: /home/latih/ros2-tf-real-robot-project/install/turtlebot3_gazebo/share/turtlebot3_gazebo//models/road_inter_new/materials/scripts
[0.460s] -- Up-to-date: /home/latih/ros2-tf-real-robot-project/install/turtlebot3_gazebo/share/turtlebot3_gazebo//models/road_inter_new/materials/scripts/inter.material
[0.460s] -- Up-to-date: /home/latih/ros2-tf-real-robot-project/install/turtlebot3_gazebo/share/turtlebot3_gazebo//models/road_inter_new/thumbnails
[0.460s] -- Up-to-date: /home/latih/ros2-tf-real-robot-project/install/turtlebot3_gazebo/share/turtlebot3_gazebo//models/road_inter_new/thumbnails/0.png
[0.460s] -- Up-to-date: /home/latih/ros2-tf-real-robot-project/install/turtlebot3_gazebo/share/turtlebot3_gazebo//models/road_inter_new/model.sdf
[0.460s] -- Up-to-date: /home/latih/ros2-tf-real-robot-project/install/turtlebot3_gazebo/share/turtlebot3_gazebo//models/road_inter_new/model.config
[0.460s] -- Up-to-date: /home/latih/ros2-tf-real-robot-project/install/turtlebot3_gazebo/share/turtlebot3_gazebo//models/play_cube_pink
[0.460s] -- Up-to-date: /home/latih/ros2-tf-real-robot-project/install/turtlebot3_gazebo/share/turtlebot3_gazebo//models/play_cube_pink/model.sdf
[0.460s] -- Up-to-date: /home/latih/ros2-tf-real-robot-project/install/turtlebot3_gazebo/share/turtlebot3_gazebo//models/play_cube_pink/model.config
[0.460s] -- Up-to-date: /home/latih/ros2-tf-real-robot-project/install/turtlebot3_gazebo/share/turtlebot3_gazebo//models/play_cube_green
[0.460s] -- Up-to-date: /home/latih/ros2-tf-real-robot-project/install/turtlebot3_gazebo/share/turtlebot3_gazebo//models/play_cube_green/model.sdf
[0.461s] -- Up-to-date: /home/latih/ros2-tf-real-robot-project/install/turtlebot3_gazebo/share/turtlebot3_gazebo//models/play_cube_green/model.config
[0.461s] -- Up-to-date: /home/latih/ros2-tf-real-robot-project/install/turtlebot3_gazebo/share/turtlebot3_gazebo//models/turtlebot3_burger_old
[0.461s] -- Up-to-date: /home/latih/ros2-tf-real-robot-project/install/turtlebot3_gazebo/share/turtlebot3_gazebo//models/turtlebot3_burger_old/model.sdf
[0.461s] -- Up-to-date: /home/latih/ros2-tf-real-robot-project/install/turtlebot3_gazebo/share/turtlebot3_gazebo//models/turtlebot3_burger_old/model-1_4.sdf
[0.461s] -- Up-to-date: /home/latih/ros2-tf-real-robot-project/install/turtlebot3_gazebo/share/turtlebot3_gazebo//models/turtlebot3_burger_old/model.config
[0.461s] -- Up-to-date: /home/latih/ros2-tf-real-robot-project/install/turtlebot3_gazebo/share/turtlebot3_gazebo//models/working_wall_1
[0.461s] -- Up-to-date: /home/latih/ros2-tf-real-robot-project/install/turtlebot3_gazebo/share/turtlebot3_gazebo//models/working_wall_1/model.sdf
[0.461s] -- Up-to-date: /home/latih/ros2-tf-real-robot-project/install/turtlebot3_gazebo/share/turtlebot3_gazebo//models/working_wall_1/model.config
[0.461s] -- Up-to-date: /home/latih/ros2-tf-real-robot-project/install/turtlebot3_gazebo/share/turtlebot3_gazebo//models/triangular_prism
[0.461s] -- Up-to-date: /home/latih/ros2-tf-real-robot-project/install/turtlebot3_gazebo/share/turtlebot3_gazebo//models/triangular_prism/meshes
[0.461s] -- Up-to-date: /home/latih/ros2-tf-real-robot-project/install/turtlebot3_gazebo/share/turtlebot3_gazebo//models/triangular_prism/meshes/triangular_prism.dae
[0.461s] -- Up-to-date: /home/latih/ros2-tf-real-robot-project/install/turtlebot3_gazebo/share/turtlebot3_gazebo//models/triangular_prism/model.sdf
[0.461s] -- Up-to-date: /home/latih/ros2-tf-real-robot-project/install/turtlebot3_gazebo/share/turtlebot3_gazebo//models/triangular_prism/model.config
[0.461s] -- Up-to-date: /home/latih/ros2-tf-real-robot-project/install/turtlebot3_gazebo/share/turtlebot3_gazebo//models/turtlebot3_house
[0.462s] -- Up-to-date: /home/latih/ros2-tf-real-robot-project/install/turtlebot3_gazebo/share/turtlebot3_gazebo//models/turtlebot3_house/model.sdf
[0.462s] -- Up-to-date: /home/latih/ros2-tf-real-robot-project/install/turtlebot3_gazebo/share/turtlebot3_gazebo//models/turtlebot3_house/model.config
[0.462s] -- Up-to-date: /home/latih/ros2-tf-real-robot-project/install/turtlebot3_gazebo/share/turtlebot3_gazebo//models/ar_tag_4
[0.462s] -- Up-to-date: /home/latih/ros2-tf-real-robot-project/install/turtlebot3_gazebo/share/turtlebot3_gazebo//models/ar_tag_4/model.sdf
[0.462s] -- Up-to-date: /home/latih/ros2-tf-real-robot-project/install/turtlebot3_gazebo/share/turtlebot3_gazebo//models/ar_tag_4/model.config
[0.462s] -- Up-to-date: /home/latih/ros2-tf-real-robot-project/install/turtlebot3_gazebo/share/turtlebot3_gazebo//models/grasping_plate
[0.462s] -- Up-to-date: /home/latih/ros2-tf-real-robot-project/install/turtlebot3_gazebo/share/turtlebot3_gazebo//models/grasping_plate/model.sdf
[0.462s] -- Up-to-date: /home/latih/ros2-tf-real-robot-project/install/turtlebot3_gazebo/share/turtlebot3_gazebo//models/grasping_plate/model.config
[0.462s] -- Up-to-date: /home/latih/ros2-tf-real-robot-project/install/turtlebot3_gazebo/share/turtlebot3_gazebo//models/robotarm_floor_v1
[0.462s] -- Up-to-date: /home/latih/ros2-tf-real-robot-project/install/turtlebot3_gazebo/share/turtlebot3_gazebo//models/robotarm_floor_v1/meshes
[0.462s] -- Up-to-date: /home/latih/ros2-tf-real-robot-project/install/turtlebot3_gazebo/share/turtlebot3_gazebo//models/robotarm_floor_v1/meshes/robotarm_floor_v1.blend1
[0.462s] -- Up-to-date: /home/latih/ros2-tf-real-robot-project/install/turtlebot3_gazebo/share/turtlebot3_gazebo//models/robotarm_floor_v1/meshes/robotarm_floor_v1_texture.png
[0.462s] -- Up-to-date: /home/latih/ros2-tf-real-robot-project/install/turtlebot3_gazebo/share/turtlebot3_gazebo//models/robotarm_floor_v1/meshes/floor_cube.stl
[0.462s] -- Up-to-date: /home/latih/ros2-tf-real-robot-project/install/turtlebot3_gazebo/share/turtlebot3_gazebo//models/robotarm_floor_v1/meshes/robotarm_floor_v1.dae
[0.462s] -- Up-to-date: /home/latih/ros2-tf-real-robot-project/install/turtlebot3_gazebo/share/turtlebot3_gazebo//models/robotarm_floor_v1/meshes/robotarm_floor_v1.blend
[0.462s] -- Up-to-date: /home/latih/ros2-tf-real-robot-project/install/turtlebot3_gazebo/share/turtlebot3_gazebo//models/robotarm_floor_v1/model.sdf
[0.463s] -- Up-to-date: /home/latih/ros2-tf-real-robot-project/install/turtlebot3_gazebo/share/turtlebot3_gazebo//models/robotarm_floor_v1/model.config
[0.463s] -- Up-to-date: /home/latih/ros2-tf-real-robot-project/install/turtlebot3_gazebo/share/turtlebot3_gazebo//models/kinect_camera
[0.463s] -- Up-to-date: /home/latih/ros2-tf-real-robot-project/install/turtlebot3_gazebo/share/turtlebot3_gazebo//models/kinect_camera/meshes
[0.463s] -- Up-to-date: /home/latih/ros2-tf-real-robot-project/install/turtlebot3_gazebo/share/turtlebot3_gazebo//models/kinect_camera/meshes/kinect.dae
[0.463s] -- Up-to-date: /home/latih/ros2-tf-real-robot-project/install/turtlebot3_gazebo/share/turtlebot3_gazebo//models/kinect_camera/kinect.xml
[0.463s] -- Up-to-date: /home/latih/ros2-tf-real-robot-project/install/turtlebot3_gazebo/share/turtlebot3_gazebo//models/kinect_camera/materials
[0.463s] -- Up-to-date: /home/latih/ros2-tf-real-robot-project/install/turtlebot3_gazebo/share/turtlebot3_gazebo//models/kinect_camera/materials/textures
[0.463s] -- Up-to-date: /home/latih/ros2-tf-real-robot-project/install/turtlebot3_gazebo/share/turtlebot3_gazebo//models/kinect_camera/materials/textures/kinect.png
[0.463s] -- Up-to-date: /home/latih/ros2-tf-real-robot-project/install/turtlebot3_gazebo/share/turtlebot3_gazebo//models/kinect_camera/model.sdf
[0.463s] -- Up-to-date: /home/latih/ros2-tf-real-robot-project/install/turtlebot3_gazebo/share/turtlebot3_gazebo//models/kinect_camera/model.config
[0.463s] -- Up-to-date: /home/latih/ros2-tf-real-robot-project/install/turtlebot3_gazebo/share/turtlebot3_gazebo//models/bases
[0.463s] -- Up-to-date: /home/latih/ros2-tf-real-robot-project/install/turtlebot3_gazebo/share/turtlebot3_gazebo//models/bases/waffle_base.stl
[0.463s] -- Up-to-date: /home/latih/ros2-tf-real-robot-project/install/turtlebot3_gazebo/share/turtlebot3_gazebo//models/bases/burger_base.stl
[0.463s] -- Up-to-date: /home/latih/ros2-tf-real-robot-project/install/turtlebot3_gazebo/share/turtlebot3_gazebo//models/bases/waffle_pi_base.stl
[0.463s] -- Up-to-date: /home/latih/ros2-tf-real-robot-project/install/turtlebot3_gazebo/share/turtlebot3_gazebo//models/triangular_prism_stop
[0.464s] -- Up-to-date: /home/latih/ros2-tf-real-robot-project/install/turtlebot3_gazebo/share/turtlebot3_gazebo//models/triangular_prism_stop/model.sdf
[0.464s] -- Up-to-date: /home/latih/ros2-tf-real-robot-project/install/turtlebot3_gazebo/share/turtlebot3_gazebo//models/triangular_prism_stop/model.config
[0.464s] -- Up-to-date: /home/latih/ros2-tf-real-robot-project/install/turtlebot3_gazebo/share/turtlebot3_gazebo//models/turtlebot3_burger
[0.464s] -- Up-to-date: /home/latih/ros2-tf-real-robot-project/install/turtlebot3_gazebo/share/turtlebot3_gazebo//models/turtlebot3_burger/meshes
[0.464s] -- Up-to-date: /home/latih/ros2-tf-real-robot-project/install/turtlebot3_gazebo/share/turtlebot3_gazebo//models/turtlebot3_burger/meshes/cam.dae
[0.464s] -- Up-to-date: /home/latih/ros2-tf-real-robot-project/install/turtlebot3_gazebo/share/turtlebot3_gazebo//models/turtlebot3_burger/meshes/lds.stl
[0.464s] -- Up-to-date: /home/latih/ros2-tf-real-robot-project/install/turtlebot3_gazebo/share/turtlebot3_gazebo//models/turtlebot3_burger/meshes/left_tire.stl
[0.464s] -- Up-to-date: /home/latih/ros2-tf-real-robot-project/install/turtlebot3_gazebo/share/turtlebot3_gazebo//models/turtlebot3_burger/meshes/black.png
[0.464s] -- Up-to-date: /home/latih/ros2-tf-real-robot-project/install/turtlebot3_gazebo/share/turtlebot3_gazebo//models/turtlebot3_burger/meshes/right_tire_v2.dae
[0.464s] -- Up-to-date: /home/latih/ros2-tf-real-robot-project/install/turtlebot3_gazebo/share/turtlebot3_gazebo//models/turtlebot3_burger/meshes/burger_base.stl
[0.464s] -- Up-to-date: /home/latih/ros2-tf-real-robot-project/install/turtlebot3_gazebo/share/turtlebot3_gazebo//models/turtlebot3_burger/meshes/burger_base_v2_single.dae
[0.464s] -- Up-to-date: /home/latih/ros2-tf-real-robot-project/install/turtlebot3_gazebo/share/turtlebot3_gazebo//models/turtlebot3_burger/meshes/right_tire.stl
[0.464s] -- Up-to-date: /home/latih/ros2-tf-real-robot-project/install/turtlebot3_gazebo/share/turtlebot3_gazebo//models/turtlebot3_burger/meshes/lds_v2_single.dae
[0.464s] -- Up-to-date: /home/latih/ros2-tf-real-robot-project/install/turtlebot3_gazebo/share/turtlebot3_gazebo//models/turtlebot3_burger/meshes/left_tire_v2.dae
[0.464s] -- Up-to-date: /home/latih/ros2-tf-real-robot-project/install/turtlebot3_gazebo/share/turtlebot3_gazebo//models/turtlebot3_burger/meshes/burguer_textures.png
[0.464s] -- Up-to-date: /home/latih/ros2-tf-real-robot-project/install/turtlebot3_gazebo/share/turtlebot3_gazebo//models/turtlebot3_burger/meshes_dae
[0.464s] -- Up-to-date: /home/latih/ros2-tf-real-robot-project/install/turtlebot3_gazebo/share/turtlebot3_gazebo//models/turtlebot3_burger/meshes_dae/left_tire.dae
[0.464s] -- Up-to-date: /home/latih/ros2-tf-real-robot-project/install/turtlebot3_gazebo/share/turtlebot3_gazebo//models/turtlebot3_burger/meshes_dae/burger_base.dae
[0.464s] -- Up-to-date: /home/latih/ros2-tf-real-robot-project/install/turtlebot3_gazebo/share/turtlebot3_gazebo//models/turtlebot3_burger/meshes_dae/lds.dae
[0.465s] -- Up-to-date: /home/latih/ros2-tf-real-robot-project/install/turtlebot3_gazebo/share/turtlebot3_gazebo//models/turtlebot3_burger/meshes_dae/right_tire.dae
[0.465s] -- Up-to-date: /home/latih/ros2-tf-real-robot-project/install/turtlebot3_gazebo/share/turtlebot3_gazebo//models/turtlebot3_burger/model.sdf
[0.465s] -- Up-to-date: /home/latih/ros2-tf-real-robot-project/install/turtlebot3_gazebo/share/turtlebot3_gazebo//models/turtlebot3_burger/model-1_4.sdf
[0.465s] -- Up-to-date: /home/latih/ros2-tf-real-robot-project/install/turtlebot3_gazebo/share/turtlebot3_gazebo//models/turtlebot3_burger/model.config
[0.465s] -- Up-to-date: /home/latih/ros2-tf-real-robot-project/install/turtlebot3_gazebo/share/turtlebot3_gazebo//models/pedestrian_sign_prism
[0.465s] -- Up-to-date: /home/latih/ros2-tf-real-robot-project/install/turtlebot3_gazebo/share/turtlebot3_gazebo//models/pedestrian_sign_prism/meshes
[0.465s] -- Up-to-date: /home/latih/ros2-tf-real-robot-project/install/turtlebot3_gazebo/share/turtlebot3_gazebo//models/pedestrian_sign_prism/meshes/signal_pedestrian.dae
[0.465s] -- Up-to-date: /home/latih/ros2-tf-real-robot-project/install/turtlebot3_gazebo/share/turtlebot3_gazebo//models/pedestrian_sign_prism/meshes/pedestrian.png
[0.465s] -- Up-to-date: /home/latih/ros2-tf-real-robot-project/install/turtlebot3_gazebo/share/turtlebot3_gazebo//models/pedestrian_sign_prism/meshes/signal_pedestrian_fix.dae
[0.465s] -- Up-to-date: /home/latih/ros2-tf-real-robot-project/install/turtlebot3_gazebo/share/turtlebot3_gazebo//models/pedestrian_sign_prism/model.sdf
[0.465s] -- Up-to-date: /home/latih/ros2-tf-real-robot-project/install/turtlebot3_gazebo/share/turtlebot3_gazebo//models/pedestrian_sign_prism/model.config
[0.465s] -- Up-to-date: /home/latih/ros2-tf-real-robot-project/install/turtlebot3_gazebo/share/turtlebot3_gazebo//models/triangular_prism_direccion_obligada
[0.465s] -- Up-to-date: /home/latih/ros2-tf-real-robot-project/install/turtlebot3_gazebo/share/turtlebot3_gazebo//models/triangular_prism_direccion_obligada/model.sdf
[0.465s] -- Up-to-date: /home/latih/ros2-tf-real-robot-project/install/turtlebot3_gazebo/share/turtlebot3_gazebo//models/triangular_prism_direccion_obligada/model.config
[0.465s] -- Up-to-date: /home/latih/ros2-tf-real-robot-project/install/turtlebot3_gazebo/share/turtlebot3_gazebo//models/working_wall_robot_arm
[0.465s] -- Up-to-date: /home/latih/ros2-tf-real-robot-project/install/turtlebot3_gazebo/share/turtlebot3_gazebo//models/working_wall_robot_arm/model.sdf
[0.465s] -- Up-to-date: /home/latih/ros2-tf-real-robot-project/install/turtlebot3_gazebo/share/turtlebot3_gazebo//models/working_wall_robot_arm/model.config
[0.465s] -- Up-to-date: /home/latih/ros2-tf-real-robot-project/install/turtlebot3_gazebo/share/turtlebot3_gazebo//models/working_wall
[0.465s] -- Up-to-date: /home/latih/ros2-tf-real-robot-project/install/turtlebot3_gazebo/share/turtlebot3_gazebo//models/working_wall/model.sdf
[0.465s] -- Up-to-date: /home/latih/ros2-tf-real-robot-project/install/turtlebot3_gazebo/share/turtlebot3_gazebo//models/working_wall/model.config
[0.465s] -- Up-to-date: /home/latih/ros2-tf-real-robot-project/install/turtlebot3_gazebo/share/turtlebot3_gazebo//models/trafficlight
[0.465s] -- Up-to-date: /home/latih/ros2-tf-real-robot-project/install/turtlebot3_gazebo/share/turtlebot3_gazebo//models/trafficlight/meshes
[0.466s] -- Up-to-date: /home/latih/ros2-tf-real-robot-project/install/turtlebot3_gazebo/share/turtlebot3_gazebo//models/trafficlight/meshes/trafficlights.obj
[0.466s] -- Up-to-date: /home/latih/ros2-tf-real-robot-project/install/turtlebot3_gazebo/share/turtlebot3_gazebo//models/trafficlight/meshes/TrafficLight.obj
[0.466s] -- Up-to-date: /home/latih/ros2-tf-real-robot-project/install/turtlebot3_gazebo/share/turtlebot3_gazebo//models/trafficlight/meshes/trafficlights.mtl
[0.466s] -- Up-to-date: /home/latih/ros2-tf-real-robot-project/install/turtlebot3_gazebo/share/turtlebot3_gazebo//models/trafficlight/meshes/trafficlight2.dae
[0.466s] -- Up-to-date: /home/latih/ros2-tf-real-robot-project/install/turtlebot3_gazebo/share/turtlebot3_gazebo//models/trafficlight/meshes/TrafficLight.mtl
[0.466s] -- Up-to-date: /home/latih/ros2-tf-real-robot-project/install/turtlebot3_gazebo/share/turtlebot3_gazebo//models/trafficlight/meshes/trafficlight.dae
[0.466s] -- Up-to-date: /home/latih/ros2-tf-real-robot-project/install/turtlebot3_gazebo/share/turtlebot3_gazebo//models/trafficlight/blender
[0.466s] -- Up-to-date: /home/latih/ros2-tf-real-robot-project/install/turtlebot3_gazebo/share/turtlebot3_gazebo//models/trafficlight/blender/trafficlightcustom.blend
[0.466s] -- Up-to-date: /home/latih/ros2-tf-real-robot-project/install/turtlebot3_gazebo/share/turtlebot3_gazebo//models/trafficlight/blender/trafficlightcustom.blend1
[0.466s] -- Up-to-date: /home/latih/ros2-tf-real-robot-project/install/turtlebot3_gazebo/share/turtlebot3_gazebo//models/trafficlight/blender/traffic-lights-usa-style
[0.466s] -- Up-to-date: /home/latih/ros2-tf-real-robot-project/install/turtlebot3_gazebo/share/turtlebot3_gazebo//models/trafficlight/blender/traffic-lights-usa-style/traffic lights.blend1
[0.466s] -- Up-to-date: /home/latih/ros2-tf-real-robot-project/install/turtlebot3_gazebo/share/turtlebot3_gazebo//models/trafficlight/blender/traffic-lights-usa-style/BLENDSWAP_LICENSE.txt
[0.466s] -- Up-to-date: /home/latih/ros2-tf-real-robot-project/install/turtlebot3_gazebo/share/turtlebot3_gazebo//models/trafficlight/blender/traffic-lights-usa-style/traffic lights.blend
[0.466s] -- Up-to-date: /home/latih/ros2-tf-real-robot-project/install/turtlebot3_gazebo/share/turtlebot3_gazebo//models/trafficlight/blender/low-poly-traffic-light
[0.466s] -- Up-to-date: /home/latih/ros2-tf-real-robot-project/install/turtlebot3_gazebo/share/turtlebot3_gazebo//models/trafficlight/blender/low-poly-traffic-light/79768 - LICENSE.html
[0.466s] -- Up-to-date: /home/latih/ros2-tf-real-robot-project/install/turtlebot3_gazebo/share/turtlebot3_gazebo//models/trafficlight/blender/low-poly-traffic-light/Traffic Light.blend1
[0.466s] -- Up-to-date: /home/latih/ros2-tf-real-robot-project/install/turtlebot3_gazebo/share/turtlebot3_gazebo//models/trafficlight/blender/low-poly-traffic-light/Traffic Light.blend
[0.466s] -- Up-to-date: /home/latih/ros2-tf-real-robot-project/install/turtlebot3_gazebo/share/turtlebot3_gazebo//models/trafficlight/model.sdf
[0.466s] -- Up-to-date: /home/latih/ros2-tf-real-robot-project/install/turtlebot3_gazebo/share/turtlebot3_gazebo//models/trafficlight/model.config
[0.467s] -- Up-to-date: /home/latih/ros2-tf-real-robot-project/install/turtlebot3_gazebo/share/turtlebot3_gazebo//models/ar_tag_6
[0.467s] -- Up-to-date: /home/latih/ros2-tf-real-robot-project/install/turtlebot3_gazebo/share/turtlebot3_gazebo//models/ar_tag_6/model.sdf
[0.467s] -- Up-to-date: /home/latih/ros2-tf-real-robot-project/install/turtlebot3_gazebo/share/turtlebot3_gazebo//models/ar_tag_6/model.config
[0.467s] -- Up-to-date: /home/latih/ros2-tf-real-robot-project/install/turtlebot3_gazebo/share/turtlebot3_gazebo//models/direccion_obligada_sign_prism
[0.467s] -- Up-to-date: /home/latih/ros2-tf-real-robot-project/install/turtlebot3_gazebo/share/turtlebot3_gazebo//models/direccion_obligada_sign_prism/meshes
[0.467s] -- Up-to-date: /home/latih/ros2-tf-real-robot-project/install/turtlebot3_gazebo/share/turtlebot3_gazebo//models/direccion_obligada_sign_prism/meshes/signal_dir_obligada_fix.dae
[0.468s] -- Up-to-date: /home/latih/ros2-tf-real-robot-project/install/turtlebot3_gazebo/share/turtlebot3_gazebo//models/direccion_obligada_sign_prism/meshes/direccion_obligada.jpg
[0.468s] -- Up-to-date: /home/latih/ros2-tf-real-robot-project/install/turtlebot3_gazebo/share/turtlebot3_gazebo//models/direccion_obligada_sign_prism/meshes/signal_dir_obligada.dae
[0.468s] -- Up-to-date: /home/latih/ros2-tf-real-robot-project/install/turtlebot3_gazebo/share/turtlebot3_gazebo//models/direccion_obligada_sign_prism/model.sdf
[0.468s] -- Up-to-date: /home/latih/ros2-tf-real-robot-project/install/turtlebot3_gazebo/share/turtlebot3_gazebo//models/direccion_obligada_sign_prism/model.config
[0.468s] -- Up-to-date: /home/latih/ros2-tf-real-robot-project/install/turtlebot3_gazebo/share/turtlebot3_gazebo//models/eight_road
[0.468s] -- Up-to-date: /home/latih/ros2-tf-real-robot-project/install/turtlebot3_gazebo/share/turtlebot3_gazebo//models/eight_road/meshes
[0.468s] -- Up-to-date: /home/latih/ros2-tf-real-robot-project/install/turtlebot3_gazebo/share/turtlebot3_gazebo//models/eight_road/meshes/EightCircuit.png
[0.468s] -- Up-to-date: /home/latih/ros2-tf-real-robot-project/install/turtlebot3_gazebo/share/turtlebot3_gazebo//models/eight_road/meshes/eightroad.dae
[0.468s] -- Up-to-date: /home/latih/ros2-tf-real-robot-project/install/turtlebot3_gazebo/share/turtlebot3_gazebo//models/eight_road/blender
[0.468s] -- Up-to-date: /home/latih/ros2-tf-real-robot-project/install/turtlebot3_gazebo/share/turtlebot3_gazebo//models/eight_road/blender/eightroad.blend
[0.468s] -- Up-to-date: /home/latih/ros2-tf-real-robot-project/install/turtlebot3_gazebo/share/turtlebot3_gazebo//models/eight_road/model.sdf
[0.468s] -- Up-to-date: /home/latih/ros2-tf-real-robot-project/install/turtlebot3_gazebo/share/turtlebot3_gazebo//models/eight_road/model.config
[0.468s] -- Up-to-date: /home/latih/ros2-tf-real-robot-project/install/turtlebot3_gazebo/share/turtlebot3_gazebo//models/play_cube_yellow
[0.468s] -- Up-to-date: /home/latih/ros2-tf-real-robot-project/install/turtlebot3_gazebo/share/turtlebot3_gazebo//models/play_cube_yellow/model.sdf
[0.468s] -- Up-to-date: /home/latih/ros2-tf-real-robot-project/install/turtlebot3_gazebo/share/turtlebot3_gazebo//models/play_cube_yellow/model.config
[0.468s] -- Up-to-date: /home/latih/ros2-tf-real-robot-project/install/turtlebot3_gazebo/share/turtlebot3_gazebo//models/turtlebot3_common
[0.468s] -- Up-to-date: /home/latih/ros2-tf-real-robot-project/install/turtlebot3_gazebo/share/turtlebot3_gazebo//models/turtlebot3_common/meshes
[0.468s] -- Up-to-date: /home/latih/ros2-tf-real-robot-project/install/turtlebot3_gazebo/share/turtlebot3_gazebo//models/turtlebot3_common/meshes/tire.dae
[0.468s] -- Up-to-date: /home/latih/ros2-tf-real-robot-project/install/turtlebot3_gazebo/share/turtlebot3_gazebo//models/turtlebot3_common/meshes/r200.dae
[0.468s] -- Up-to-date: /home/latih/ros2-tf-real-robot-project/install/turtlebot3_gazebo/share/turtlebot3_gazebo//models/turtlebot3_common/meshes/burger_base.dae
[0.468s] -- Up-to-date: /home/latih/ros2-tf-real-robot-project/install/turtlebot3_gazebo/share/turtlebot3_gazebo//models/turtlebot3_common/meshes/lds.dae
[0.468s] -- Up-to-date: /home/latih/ros2-tf-real-robot-project/install/turtlebot3_gazebo/share/turtlebot3_gazebo//models/turtlebot3_common/meshes/waffle_pi_base.dae
[0.469s] -- Up-to-date: /home/latih/ros2-tf-real-robot-project/install/turtlebot3_gazebo/share/turtlebot3_gazebo//models/turtlebot3_common/meshes/waffle_base.dae
[0.469s] -- Up-to-date: /home/latih/ros2-tf-real-robot-project/install/turtlebot3_gazebo/share/turtlebot3_gazebo//models/turtlebot3_common/model.config
[0.469s] -- Up-to-date: /home/latih/ros2-tf-real-robot-project/install/turtlebot3_gazebo/share/turtlebot3_gazebo//models/road_plane_new
[0.469s] -- Up-to-date: /home/latih/ros2-tf-real-robot-project/install/turtlebot3_gazebo/share/turtlebot3_gazebo//models/road_plane_new/materials
[0.469s] -- Up-to-date: /home/latih/ros2-tf-real-robot-project/install/turtlebot3_gazebo/share/turtlebot3_gazebo//models/road_plane_new/materials/textures
[0.469s] -- Up-to-date: /home/latih/ros2-tf-real-robot-project/install/turtlebot3_gazebo/share/turtlebot3_gazebo//models/road_plane_new/materials/textures/road_p.png
[0.469s] -- Up-to-date: /home/latih/ros2-tf-real-robot-project/install/turtlebot3_gazebo/share/turtlebot3_gazebo//models/road_plane_new/materials/scripts
[0.469s] -- Up-to-date: /home/latih/ros2-tf-real-robot-project/install/turtlebot3_gazebo/share/turtlebot3_gazebo//models/road_plane_new/materials/scripts/plane.material
[0.469s] -- Up-to-date: /home/latih/ros2-tf-real-robot-project/install/turtlebot3_gazebo/share/turtlebot3_gazebo//models/road_plane_new/thumbnails
[0.469s] -- Up-to-date: /home/latih/ros2-tf-real-robot-project/install/turtlebot3_gazebo/share/turtlebot3_gazebo//models/road_plane_new/thumbnails/0.png
[0.469s] -- Up-to-date: /home/latih/ros2-tf-real-robot-project/install/turtlebot3_gazebo/share/turtlebot3_gazebo//models/road_plane_new/model.sdf
[0.469s] -- Up-to-date: /home/latih/ros2-tf-real-robot-project/install/turtlebot3_gazebo/share/turtlebot3_gazebo//models/road_plane_new/model.config
[0.469s] -- Up-to-date: /home/latih/ros2-tf-real-robot-project/install/turtlebot3_gazebo/share/turtlebot3_gazebo//models/ar_tag_3
[0.469s] -- Up-to-date: /home/latih/ros2-tf-real-robot-project/install/turtlebot3_gazebo/share/turtlebot3_gazebo//models/ar_tag_3/model.sdf
[0.469s] -- Up-to-date: /home/latih/ros2-tf-real-robot-project/install/turtlebot3_gazebo/share/turtlebot3_gazebo//models/ar_tag_3/model.config
[0.469s] -- Up-to-date: /home/latih/ros2-tf-real-robot-project/install/turtlebot3_gazebo/share/turtlebot3_gazebo//models/cardboard_obstacle
[0.469s] -- Up-to-date: /home/latih/ros2-tf-real-robot-project/install/turtlebot3_gazebo/share/turtlebot3_gazebo//models/cardboard_obstacle/model.sdf
[0.469s] -- Up-to-date: /home/latih/ros2-tf-real-robot-project/install/turtlebot3_gazebo/share/turtlebot3_gazebo//models/cardboard_obstacle/model.config
[0.469s] -- Up-to-date: /home/latih/ros2-tf-real-robot-project/install/turtlebot3_gazebo/share/turtlebot3_gazebo//models/triangular_prism_pedestrian
[0.469s] -- Up-to-date: /home/latih/ros2-tf-real-robot-project/install/turtlebot3_gazebo/share/turtlebot3_gazebo//models/triangular_prism_pedestrian/model.sdf
[0.469s] -- Up-to-date: /home/latih/ros2-tf-real-robot-project/install/turtlebot3_gazebo/share/turtlebot3_gazebo//models/triangular_prism_pedestrian/model.config
[0.469s] -- Up-to-date: /home/latih/ros2-tf-real-robot-project/install/turtlebot3_gazebo/share/turtlebot3_gazebo//models/road_diag_new
[0.470s] -- Up-to-date: /home/latih/ros2-tf-real-robot-project/install/turtlebot3_gazebo/share/turtlebot3_gazebo//models/road_diag_new/materials
[0.470s] -- Up-to-date: /home/latih/ros2-tf-real-robot-project/install/turtlebot3_gazebo/share/turtlebot3_gazebo//models/road_diag_new/materials/textures
[0.470s] -- Up-to-date: /home/latih/ros2-tf-real-robot-project/install/turtlebot3_gazebo/share/turtlebot3_gazebo//models/road_diag_new/materials/textures/road_d.png
[0.470s] -- Up-to-date: /home/latih/ros2-tf-real-robot-project/install/turtlebot3_gazebo/share/turtlebot3_gazebo//models/road_diag_new/materials/scripts
[0.470s] -- Up-to-date: /home/latih/ros2-tf-real-robot-project/install/turtlebot3_gazebo/share/turtlebot3_gazebo//models/road_diag_new/materials/scripts/diag.material
[0.470s] -- Up-to-date: /home/latih/ros2-tf-real-robot-project/install/turtlebot3_gazebo/share/turtlebot3_gazebo//models/road_diag_new/thumbnails
[0.470s] -- Up-to-date: /home/latih/ros2-tf-real-robot-project/install/turtlebot3_gazebo/share/turtlebot3_gazebo//models/road_diag_new/thumbnails/0.png
[0.470s] -- Up-to-date: /home/latih/ros2-tf-real-robot-project/install/turtlebot3_gazebo/share/turtlebot3_gazebo//models/road_diag_new/model.sdf
[0.470s] -- Up-to-date: /home/latih/ros2-tf-real-robot-project/install/turtlebot3_gazebo/share/turtlebot3_gazebo//models/road_diag_new/model.config
[0.470s] -- Up-to-date: /home/latih/ros2-tf-real-robot-project/install/turtlebot3_gazebo/share/turtlebot3_gazebo//models/ar_tag_7
[0.470s] -- Up-to-date: /home/latih/ros2-tf-real-robot-project/install/turtlebot3_gazebo/share/turtlebot3_gazebo//models/ar_tag_7/model.sdf
[0.470s] -- Up-to-date: /home/latih/ros2-tf-real-robot-project/install/turtlebot3_gazebo/share/turtlebot3_gazebo//models/ar_tag_7/model.config
[0.470s] -- Up-to-date: /home/latih/ros2-tf-real-robot-project/install/turtlebot3_gazebo/share/turtlebot3_gazebo//models/play_cube_white
[0.470s] -- Up-to-date: /home/latih/ros2-tf-real-robot-project/install/turtlebot3_gazebo/share/turtlebot3_gazebo//models/play_cube_white/model.sdf
[0.470s] -- Up-to-date: /home/latih/ros2-tf-real-robot-project/install/turtlebot3_gazebo/share/turtlebot3_gazebo//models/play_cube_white/model.config
[0.470s] -- Up-to-date: /home/latih/ros2-tf-real-robot-project/install/turtlebot3_gazebo/share/turtlebot3_gazebo//models/working_wall_2_clone
[0.470s] -- Up-to-date: /home/latih/ros2-tf-real-robot-project/install/turtlebot3_gazebo/share/turtlebot3_gazebo//models/working_wall_2_clone/model.sdf
[0.470s] -- Up-to-date: /home/latih/ros2-tf-real-robot-project/install/turtlebot3_gazebo/share/turtlebot3_gazebo//models/working_wall_2_clone/model.config
[0.470s] -- Up-to-date: /home/latih/ros2-tf-real-robot-project/install/turtlebot3_gazebo/share/turtlebot3_gazebo//models/ar_tag_1
[0.470s] -- Up-to-date: /home/latih/ros2-tf-real-robot-project/install/turtlebot3_gazebo/share/turtlebot3_gazebo//models/ar_tag_1/meshes
[0.471s] -- Up-to-date: /home/latih/ros2-tf-real-robot-project/install/turtlebot3_gazebo/share/turtlebot3_gazebo//models/ar_tag_1/meshes/ar_tag_6.dae
[0.471s] -- Up-to-date: /home/latih/ros2-tf-real-robot-project/install/turtlebot3_gazebo/share/turtlebot3_gazebo//models/ar_tag_1/meshes/ar_tag_1.dae
[0.471s] -- Up-to-date: /home/latih/ros2-tf-real-robot-project/install/turtlebot3_gazebo/share/turtlebot3_gazebo//models/ar_tag_1/meshes/image_7.jpg
[0.471s] -- Up-to-date: /home/latih/ros2-tf-real-robot-project/install/turtlebot3_gazebo/share/turtlebot3_gazebo//models/ar_tag_1/meshes/image_3.jpg
[0.471s] -- Up-to-date: /home/latih/ros2-tf-real-robot-project/install/turtlebot3_gazebo/share/turtlebot3_gazebo//models/ar_tag_1/meshes/image_4.jpg
[0.471s] -- Up-to-date: /home/latih/ros2-tf-real-robot-project/install/turtlebot3_gazebo/share/turtlebot3_gazebo//models/ar_tag_1/meshes/ar_tag_5.dae
[0.471s] -- Up-to-date: /home/latih/ros2-tf-real-robot-project/install/turtlebot3_gazebo/share/turtlebot3_gazebo//models/ar_tag_1/meshes/ar_tag_4.dae
[0.471s] -- Up-to-date: /home/latih/ros2-tf-real-robot-project/install/turtlebot3_gazebo/share/turtlebot3_gazebo//models/ar_tag_1/meshes/image_5.jpg
[0.471s] -- Up-to-date: /home/latih/ros2-tf-real-robot-project/install/turtlebot3_gazebo/share/turtlebot3_gazebo//models/ar_tag_1/meshes/image_6.jpg
[0.471s] -- Up-to-date: /home/latih/ros2-tf-real-robot-project/install/turtlebot3_gazebo/share/turtlebot3_gazebo//models/ar_tag_1/meshes/ar_tag_2.dae
[0.471s] -- Up-to-date: /home/latih/ros2-tf-real-robot-project/install/turtlebot3_gazebo/share/turtlebot3_gazebo//models/ar_tag_1/meshes/ar_tag_3.dae
[0.471s] -- Up-to-date: /home/latih/ros2-tf-real-robot-project/install/turtlebot3_gazebo/share/turtlebot3_gazebo//models/ar_tag_1/meshes/image_1.jpg
[0.471s] -- Up-to-date: /home/latih/ros2-tf-real-robot-project/install/turtlebot3_gazebo/share/turtlebot3_gazebo//models/ar_tag_1/meshes/ar_tag_7.dae
[0.471s] -- Up-to-date: /home/latih/ros2-tf-real-robot-project/install/turtlebot3_gazebo/share/turtlebot3_gazebo//models/ar_tag_1/meshes/image_2.jpg
[0.471s] -- Up-to-date: /home/latih/ros2-tf-real-robot-project/install/turtlebot3_gazebo/share/turtlebot3_gazebo//models/ar_tag_1/blender
[0.471s] -- Up-to-date: /home/latih/ros2-tf-real-robot-project/install/turtlebot3_gazebo/share/turtlebot3_gazebo//models/ar_tag_1/blender/ar_tag_1.blend
[0.471s] -- Up-to-date: /home/latih/ros2-tf-real-robot-project/install/turtlebot3_gazebo/share/turtlebot3_gazebo//models/ar_tag_1/blender/ar_tag_1.blend1
[0.472s] -- Up-to-date: /home/latih/ros2-tf-real-robot-project/install/turtlebot3_gazebo/share/turtlebot3_gazebo//models/ar_tag_1/blender/ar_tag.blend1
[0.472s] -- Up-to-date: /home/latih/ros2-tf-real-robot-project/install/turtlebot3_gazebo/share/turtlebot3_gazebo//models/ar_tag_1/blender/ar_tag.blend
[0.472s] -- Up-to-date: /home/latih/ros2-tf-real-robot-project/install/turtlebot3_gazebo/share/turtlebot3_gazebo//models/ar_tag_1/model.sdf
[0.472s] -- Up-to-date: /home/latih/ros2-tf-real-robot-project/install/turtlebot3_gazebo/share/turtlebot3_gazebo//models/ar_tag_1/model.config
[0.472s] -- Up-to-date: /home/latih/ros2-tf-real-robot-project/install/turtlebot3_gazebo/share/turtlebot3_gazebo//models/pedestrian1
[0.472s] -- Up-to-date: /home/latih/ros2-tf-real-robot-project/install/turtlebot3_gazebo/share/turtlebot3_gazebo//models/pedestrian1/model.sdf
[0.472s] -- Up-to-date: /home/latih/ros2-tf-real-robot-project/install/turtlebot3_gazebo/share/turtlebot3_gazebo//models/pedestrian1/model.config
[0.472s] -- Up-to-date: /home/latih/ros2-tf-real-robot-project/install/turtlebot3_gazebo/share/turtlebot3_gazebo//models/stop_sign_prism
[0.472s] -- Up-to-date: /home/latih/ros2-tf-real-robot-project/install/turtlebot3_gazebo/share/turtlebot3_gazebo//models/stop_sign_prism/meshes
[0.472s] -- Up-to-date: /home/latih/ros2-tf-real-robot-project/install/turtlebot3_gazebo/share/turtlebot3_gazebo//models/stop_sign_prism/meshes/stop.jpg
[0.472s] -- Up-to-date: /home/latih/ros2-tf-real-robot-project/install/turtlebot3_gazebo/share/turtlebot3_gazebo//models/stop_sign_prism/meshes/signal_stop.dae
[0.473s] -- Up-to-date: /home/latih/ros2-tf-real-robot-project/install/turtlebot3_gazebo/share/turtlebot3_gazebo//models/stop_sign_prism/meshes/signal_stop_fix.dae
[0.473s] -- Up-to-date: /home/latih/ros2-tf-real-robot-project/install/turtlebot3_gazebo/share/turtlebot3_gazebo//models/stop_sign_prism/model.sdf
[0.473s] -- Up-to-date: /home/latih/ros2-tf-real-robot-project/install/turtlebot3_gazebo/share/turtlebot3_gazebo//models/stop_sign_prism/model.config
[0.473s] -- Up-to-date: /home/latih/ros2-tf-real-robot-project/install/turtlebot3_gazebo/share/turtlebot3_gazebo//models/play_cube_orange
[0.473s] -- Up-to-date: /home/latih/ros2-tf-real-robot-project/install/turtlebot3_gazebo/share/turtlebot3_gazebo//models/play_cube_orange/model.sdf
[0.473s] -- Up-to-date: /home/latih/ros2-tf-real-robot-project/install/turtlebot3_gazebo/share/turtlebot3_gazebo//models/play_cube_orange/model.config
[0.473s] -- Up-to-date: /home/latih/ros2-tf-real-robot-project/install/turtlebot3_gazebo/share/turtlebot3_gazebo//models/road_charging
[0.473s] -- Up-to-date: /home/latih/ros2-tf-real-robot-project/install/turtlebot3_gazebo/share/turtlebot3_gazebo//models/road_charging/model.sdf
[0.473s] -- Up-to-date: /home/latih/ros2-tf-real-robot-project/install/turtlebot3_gazebo/share/turtlebot3_gazebo//models/road_charging/model.config
[0.473s] -- Up-to-date: /home/latih/ros2-tf-real-robot-project/install/turtlebot3_gazebo/share/turtlebot3_gazebo//models/turtlebot3_dqn_world
[0.473s] -- Up-to-date: /home/latih/ros2-tf-real-robot-project/install/turtlebot3_gazebo/share/turtlebot3_gazebo//models/turtlebot3_dqn_world/inner_walls
[0.473s] -- Up-to-date: /home/latih/ros2-tf-real-robot-project/install/turtlebot3_gazebo/share/turtlebot3_gazebo//models/turtlebot3_dqn_world/inner_walls/model.sdf
[0.473s] -- Up-to-date: /home/latih/ros2-tf-real-robot-project/install/turtlebot3_gazebo/share/turtlebot3_gazebo//models/turtlebot3_dqn_world/inner_walls/model.config
[0.473s] -- Up-to-date: /home/latih/ros2-tf-real-robot-project/install/turtlebot3_gazebo/share/turtlebot3_gazebo//models/turtlebot3_dqn_world/obstacle_plugin
[0.473s] -- Up-to-date: /home/latih/ros2-tf-real-robot-project/install/turtlebot3_gazebo/share/turtlebot3_gazebo//models/turtlebot3_dqn_world/obstacle_plugin/obstacle2.cc
[0.473s] -- Up-to-date: /home/latih/ros2-tf-real-robot-project/install/turtlebot3_gazebo/share/turtlebot3_gazebo//models/turtlebot3_dqn_world/obstacle_plugin/obstacle1.cc
[0.473s] -- Up-to-date: /home/latih/ros2-tf-real-robot-project/install/turtlebot3_gazebo/share/turtlebot3_gazebo//models/turtlebot3_dqn_world/obstacle_plugin/obstacles.cc
[0.473s] -- Up-to-date: /home/latih/ros2-tf-real-robot-project/install/turtlebot3_gazebo/share/turtlebot3_gazebo//models/turtlebot3_dqn_world/obstacle_plugin/CMakeLists.txt
[0.473s] -- Up-to-date: /home/latih/ros2-tf-real-robot-project/install/turtlebot3_gazebo/share/turtlebot3_gazebo//models/turtlebot3_dqn_world/goal_box
[0.474s] -- Up-to-date: /home/latih/ros2-tf-real-robot-project/install/turtlebot3_gazebo/share/turtlebot3_gazebo//models/turtlebot3_dqn_world/goal_box/model.sdf
[0.474s] -- Up-to-date: /home/latih/ros2-tf-real-robot-project/install/turtlebot3_gazebo/share/turtlebot3_gazebo//models/turtlebot3_dqn_world/goal_box/model.config
[0.474s] -- Up-to-date: /home/latih/ros2-tf-real-robot-project/install/turtlebot3_gazebo/share/turtlebot3_gazebo//models/turtlebot3_dqn_world/model.sdf
[0.474s] -- Up-to-date: /home/latih/ros2-tf-real-robot-project/install/turtlebot3_gazebo/share/turtlebot3_gazebo//models/turtlebot3_dqn_world/obstacles
[0.474s] -- Up-to-date: /home/latih/ros2-tf-real-robot-project/install/turtlebot3_gazebo/share/turtlebot3_gazebo//models/turtlebot3_dqn_world/obstacles/model.sdf
[0.474s] -- Up-to-date: /home/latih/ros2-tf-real-robot-project/install/turtlebot3_gazebo/share/turtlebot3_gazebo//models/turtlebot3_dqn_world/obstacles/model.config
[0.474s] -- Up-to-date: /home/latih/ros2-tf-real-robot-project/install/turtlebot3_gazebo/share/turtlebot3_gazebo//models/turtlebot3_dqn_world/obstacle1
[0.474s] -- Up-to-date: /home/latih/ros2-tf-real-robot-project/install/turtlebot3_gazebo/share/turtlebot3_gazebo//models/turtlebot3_dqn_world/obstacle1/model.sdf
[0.474s] -- Up-to-date: /home/latih/ros2-tf-real-robot-project/install/turtlebot3_gazebo/share/turtlebot3_gazebo//models/turtlebot3_dqn_world/obstacle1/model.config
[0.474s] -- Up-to-date: /home/latih/ros2-tf-real-robot-project/install/turtlebot3_gazebo/share/turtlebot3_gazebo//models/turtlebot3_dqn_world/model.config
[0.474s] -- Up-to-date: /home/latih/ros2-tf-real-robot-project/install/turtlebot3_gazebo/share/turtlebot3_gazebo//models/turtlebot3_dqn_world/obstacle2
[0.474s] -- Up-to-date: /home/latih/ros2-tf-real-robot-project/install/turtlebot3_gazebo/share/turtlebot3_gazebo//models/turtlebot3_dqn_world/obstacle2/model.sdf
[0.474s] -- Up-to-date: /home/latih/ros2-tf-real-robot-project/install/turtlebot3_gazebo/share/turtlebot3_gazebo//models/turtlebot3_dqn_world/obstacle2/model.config
[0.474s] -- Up-to-date: /home/latih/ros2-tf-real-robot-project/install/turtlebot3_gazebo/share/turtlebot3_gazebo//models/turtlebot3_world
[0.474s] -- Up-to-date: /home/latih/ros2-tf-real-robot-project/install/turtlebot3_gazebo/share/turtlebot3_gazebo//models/turtlebot3_world/meshes
[0.474s] -- Up-to-date: /home/latih/ros2-tf-real-robot-project/install/turtlebot3_gazebo/share/turtlebot3_gazebo//models/turtlebot3_world/meshes/hexagon.dae
[0.474s] -- Up-to-date: /home/latih/ros2-tf-real-robot-project/install/turtlebot3_gazebo/share/turtlebot3_gazebo//models/turtlebot3_world/meshes/wall.dae
[0.474s] -- Up-to-date: /home/latih/ros2-tf-real-robot-project/install/turtlebot3_gazebo/share/turtlebot3_gazebo//models/turtlebot3_world/model.sdf
[0.475s] -- Up-to-date: /home/latih/ros2-tf-real-robot-project/install/turtlebot3_gazebo/share/turtlebot3_gazebo//models/turtlebot3_world/model-1_4.sdf
[0.475s] -- Up-to-date: /home/latih/ros2-tf-real-robot-project/install/turtlebot3_gazebo/share/turtlebot3_gazebo//models/turtlebot3_world/model.config
[0.475s] -- Up-to-date: /home/latih/ros2-tf-real-robot-project/install/turtlebot3_gazebo/share/turtlebot3_gazebo//models/working_wall_0
[0.475s] -- Up-to-date: /home/latih/ros2-tf-real-robot-project/install/turtlebot3_gazebo/share/turtlebot3_gazebo//models/working_wall_0/model.sdf
[0.475s] -- Up-to-date: /home/latih/ros2-tf-real-robot-project/install/turtlebot3_gazebo/share/turtlebot3_gazebo//models/working_wall_0/model.config
[0.475s] -- Up-to-date: /home/latih/ros2-tf-real-robot-project/install/turtlebot3_gazebo/share/turtlebot3_gazebo//models/street_sign_turnban
[0.475s] -- Up-to-date: /home/latih/ros2-tf-real-robot-project/install/turtlebot3_gazebo/share/turtlebot3_gazebo//models/street_sign_turnban/meshes
[0.475s] -- Up-to-date: /home/latih/ros2-tf-real-robot-project/install/turtlebot3_gazebo/share/turtlebot3_gazebo//models/street_sign_turnban/meshes/turnban.png
[0.475s] -- Up-to-date: /home/latih/ros2-tf-real-robot-project/install/turtlebot3_gazebo/share/turtlebot3_gazebo//models/street_sign_turnban/meshes/roadsing_turnban_v2.dae
[0.475s] -- Up-to-date: /home/latih/ros2-tf-real-robot-project/install/turtlebot3_gazebo/share/turtlebot3_gazebo//models/street_sign_turnban/meshes/roadsing_turnban.dae
[0.475s] -- Up-to-date: /home/latih/ros2-tf-real-robot-project/install/turtlebot3_gazebo/share/turtlebot3_gazebo//models/street_sign_turnban/blender
[0.475s] -- Up-to-date: /home/latih/ros2-tf-real-robot-project/install/turtlebot3_gazebo/share/turtlebot3_gazebo//models/street_sign_turnban/blender/roadsing_turnban.blend
[0.475s] -- Up-to-date: /home/latih/ros2-tf-real-robot-project/install/turtlebot3_gazebo/share/turtlebot3_gazebo//models/street_sign_turnban/blender/roadsign_custom.blend
[0.475s] -- Up-to-date: /home/latih/ros2-tf-real-robot-project/install/turtlebot3_gazebo/share/turtlebot3_gazebo//models/street_sign_turnban/blender/roadsing_turnban_v2.blend
[0.475s] -- Up-to-date: /home/latih/ros2-tf-real-robot-project/install/turtlebot3_gazebo/share/turtlebot3_gazebo//models/street_sign_turnban/blender/roadsing_turnban.blend1
[0.475s] -- Up-to-date: /home/latih/ros2-tf-real-robot-project/install/turtlebot3_gazebo/share/turtlebot3_gazebo//models/street_sign_turnban/blender/uk-road-signs-pack-1-updated-version
[0.475s] -- Up-to-date: /home/latih/ros2-tf-real-robot-project/install/turtlebot3_gazebo/share/turtlebot3_gazebo//models/street_sign_turnban/blender/uk-road-signs-pack-1-updated-version/BLENDSWAP_LICENSE.txt
[0.475s] -- Up-to-date: /home/latih/ros2-tf-real-robot-project/install/turtlebot3_gazebo/share/turtlebot3_gazebo//models/street_sign_turnban/blender/uk-road-signs-pack-1-updated-version/road signs - pack 1 by Richard Edwards.blend
[0.475s] -- Up-to-date: /home/latih/ros2-tf-real-robot-project/install/turtlebot3_gazebo/share/turtlebot3_gazebo//models/street_sign_turnban/blender/german-street-signs
[0.475s] -- Up-to-date: /home/latih/ros2-tf-real-robot-project/install/turtlebot3_gazebo/share/turtlebot3_gazebo//models/street_sign_turnban/blender/german-street-signs/street_signs_all.blend
[0.476s] -- Up-to-date: /home/latih/ros2-tf-real-robot-project/install/turtlebot3_gazebo/share/turtlebot3_gazebo//models/street_sign_turnban/blender/german-street-signs/93735 - LICENSE.html
[0.476s] -- Up-to-date: /home/latih/ros2-tf-real-robot-project/install/turtlebot3_gazebo/share/turtlebot3_gazebo//models/street_sign_turnban/model.sdf
[0.476s] -- Up-to-date: /home/latih/ros2-tf-real-robot-project/install/turtlebot3_gazebo/share/turtlebot3_gazebo//models/street_sign_turnban/model.config
[0.476s] -- Up-to-date: /home/latih/ros2-tf-real-robot-project/install/turtlebot3_gazebo/share/turtlebot3_gazebo//models/play_cube_blue
[0.476s] -- Up-to-date: /home/latih/ros2-tf-real-robot-project/install/turtlebot3_gazebo/share/turtlebot3_gazebo//models/play_cube_blue/model.sdf
[0.476s] -- Up-to-date: /home/latih/ros2-tf-real-robot-project/install/turtlebot3_gazebo/share/turtlebot3_gazebo//models/play_cube_blue/model.config
[0.476s] -- Up-to-date: /home/latih/ros2-tf-real-robot-project/install/turtlebot3_gazebo/share/turtlebot3_gazebo//models/ar_tag_2
[0.476s] -- Up-to-date: /home/latih/ros2-tf-real-robot-project/install/turtlebot3_gazebo/share/turtlebot3_gazebo//models/ar_tag_2/model.sdf
[0.476s] -- Up-to-date: /home/latih/ros2-tf-real-robot-project/install/turtlebot3_gazebo/share/turtlebot3_gazebo//models/ar_tag_2/model.config
[0.476s] -- Up-to-date: /home/latih/ros2-tf-real-robot-project/install/turtlebot3_gazebo/share/turtlebot3_gazebo//models/wheels
[0.476s] -- Up-to-date: /home/latih/ros2-tf-real-robot-project/install/turtlebot3_gazebo/share/turtlebot3_gazebo//models/wheels/left_tire.stl
[0.476s] -- Up-to-date: /home/latih/ros2-tf-real-robot-project/install/turtlebot3_gazebo/share/turtlebot3_gazebo//models/wheels/right_tire.stl
[0.476s] -- Up-to-date: /home/latih/ros2-tf-real-robot-project/install/turtlebot3_gazebo/share/turtlebot3_gazebo//models/play_cube_purple
[0.476s] -- Up-to-date: /home/latih/ros2-tf-real-robot-project/install/turtlebot3_gazebo/share/turtlebot3_gazebo//models/play_cube_purple/model.sdf
[0.476s] -- Up-to-date: /home/latih/ros2-tf-real-robot-project/install/turtlebot3_gazebo/share/turtlebot3_gazebo//models/play_cube_purple/model.config
[0.476s] -- Up-to-date: /home/latih/ros2-tf-real-robot-project/install/turtlebot3_gazebo/share/turtlebot3_gazebo//models/sensors
[0.476s] -- Up-to-date: /home/latih/ros2-tf-real-robot-project/install/turtlebot3_gazebo/share/turtlebot3_gazebo//models/sensors/lds.stl
[0.476s] -- Up-to-date: /home/latih/ros2-tf-real-robot-project/install/turtlebot3_gazebo/share/turtlebot3_gazebo//models/sensors/astra.dae
[0.477s] -- Up-to-date: /home/latih/ros2-tf-real-robot-project/install/turtlebot3_gazebo/share/turtlebot3_gazebo//models/sensors/r200.dae
[0.477s] -- Up-to-date: /home/latih/ros2-tf-real-robot-project/install/turtlebot3_gazebo/share/turtlebot3_gazebo//models/sensors/astra.jpg
[0.477s] -- Up-to-date: /home/latih/ros2-tf-real-robot-project/install/turtlebot3_gazebo/share/turtlebot3_gazebo//models/sensors/r200.jpg
[0.477s] -- Up-to-date: /home/latih/ros2-tf-real-robot-project/install/turtlebot3_gazebo/share/turtlebot3_gazebo//models/working_wall_3
[0.477s] -- Up-to-date: /home/latih/ros2-tf-real-robot-project/install/turtlebot3_gazebo/share/turtlebot3_gazebo//models/working_wall_3/model.sdf
[0.477s] -- Up-to-date: /home/latih/ros2-tf-real-robot-project/install/turtlebot3_gazebo/share/turtlebot3_gazebo//models/working_wall_3/model.config
[0.477s] -- Up-to-date: /home/latih/ros2-tf-real-robot-project/install/turtlebot3_gazebo/share/turtlebot3_gazebo//models/overlord_camera
[0.477s] -- Up-to-date: /home/latih/ros2-tf-real-robot-project/install/turtlebot3_gazebo/share/turtlebot3_gazebo//models/overlord_camera/model.sdf
[0.477s] -- Up-to-date: /home/latih/ros2-tf-real-robot-project/install/turtlebot3_gazebo/share/turtlebot3_gazebo//models/overlord_camera/model.config
[0.477s] -- Up-to-date: /home/latih/ros2-tf-real-robot-project/install/turtlebot3_gazebo/share/turtlebot3_gazebo//models/ring_road_v2
[0.477s] -- Up-to-date: /home/latih/ros2-tf-real-robot-project/install/turtlebot3_gazebo/share/turtlebot3_gazebo//models/ring_road_v2/meshes
[0.477s] -- Up-to-date: /home/latih/ros2-tf-real-robot-project/install/turtlebot3_gazebo/share/turtlebot3_gazebo//models/ring_road_v2/meshes/walls.blend1
[0.477s] -- Up-to-date: /home/latih/ros2-tf-real-robot-project/install/turtlebot3_gazebo/share/turtlebot3_gazebo//models/ring_road_v2/meshes/ring_v2.blend
[0.477s] -- Up-to-date: /home/latih/ros2-tf-real-robot-project/install/turtlebot3_gazebo/share/turtlebot3_gazebo//models/ring_road_v2/meshes/Circuit_lab_The_Construct_2020.png
[0.477s] -- Up-to-date: /home/latih/ros2-tf-real-robot-project/install/turtlebot3_gazebo/share/turtlebot3_gazebo//models/ring_road_v2/meshes/gradient_ilustration.jpg
[0.477s] -- Up-to-date: /home/latih/ros2-tf-real-robot-project/install/turtlebot3_gazebo/share/turtlebot3_gazebo//models/ring_road_v2/meshes/ring_v2.blend1
[0.477s] -- Up-to-date: /home/latih/ros2-tf-real-robot-project/install/turtlebot3_gazebo/share/turtlebot3_gazebo//models/ring_road_v2/meshes/ring_v2.dae
[0.477s] -- Up-to-date: /home/latih/ros2-tf-real-robot-project/install/turtlebot3_gazebo/share/turtlebot3_gazebo//models/ring_road_v2/meshes/walls.blend
[0.477s] -- Up-to-date: /home/latih/ros2-tf-real-robot-project/install/turtlebot3_gazebo/share/turtlebot3_gazebo//models/ring_road_v2/meshes/gradient.png
[0.477s] -- Up-to-date: /home/latih/ros2-tf-real-robot-project/install/turtlebot3_gazebo/share/turtlebot3_gazebo//models/ring_road_v2/meshes/Circuit_lab_The_Construct_2020.pdf
[0.477s] -- Up-to-date: /home/latih/ros2-tf-real-robot-project/install/turtlebot3_gazebo/share/turtlebot3_gazebo//models/ring_road_v2/meshes/Robotnik_Automation_logo.jpg
[0.477s] -- Up-to-date: /home/latih/ros2-tf-real-robot-project/install/turtlebot3_gazebo/share/turtlebot3_gazebo//models/ring_road_v2/meshes/farming-farms-agriculture-rural-countryside-landscape-green-country-tractor.jpg
[0.477s] -- Up-to-date: /home/latih/ros2-tf-real-robot-project/install/turtlebot3_gazebo/share/turtlebot3_gazebo//models/ring_road_v2/meshes/nvidia-logo.jpg
[0.478s] -- Up-to-date: /home/latih/ros2-tf-real-robot-project/install/turtlebot3_gazebo/share/turtlebot3_gazebo//models/ring_road_v2/model.sdf
[0.478s] -- Up-to-date: /home/latih/ros2-tf-real-robot-project/install/turtlebot3_gazebo/share/turtlebot3_gazebo//models/ring_road_v2/model.config
[0.478s] -- Up-to-date: /home/latih/ros2-tf-real-robot-project/install/turtlebot3_gazebo/share/turtlebot3_gazebo//models/ar_tag_5
[0.478s] -- Up-to-date: /home/latih/ros2-tf-real-robot-project/install/turtlebot3_gazebo/share/turtlebot3_gazebo//models/ar_tag_5/model.sdf
[0.478s] -- Up-to-date: /home/latih/ros2-tf-real-robot-project/install/turtlebot3_gazebo/share/turtlebot3_gazebo//models/ar_tag_5/model.config
[0.478s] -- Up-to-date: /home/latih/ros2-tf-real-robot-project/install/turtlebot3_gazebo/share/turtlebot3_gazebo//models/road_starting
[0.478s] -- Up-to-date: /home/latih/ros2-tf-real-robot-project/install/turtlebot3_gazebo/share/turtlebot3_gazebo//models/road_starting/model.sdf
[0.478s] -- Up-to-date: /home/latih/ros2-tf-real-robot-project/install/turtlebot3_gazebo/share/turtlebot3_gazebo//models/road_starting/model.config
[0.478s] -- Up-to-date: /home/latih/ros2-tf-real-robot-project/install/turtlebot3_gazebo/share/turtlebot3_gazebo//models/play_cube_red
[0.478s] -- Up-to-date: /home/latih/ros2-tf-real-robot-project/install/turtlebot3_gazebo/share/turtlebot3_gazebo//models/play_cube_red/model.sdf
[0.478s] -- Up-to-date: /home/latih/ros2-tf-real-robot-project/install/turtlebot3_gazebo/share/turtlebot3_gazebo//models/play_cube_red/model.config
[0.478s] -- Up-to-date: /home/latih/ros2-tf-real-robot-project/install/turtlebot3_gazebo/share/turtlebot3_gazebo//models/pedestrian
[0.478s] -- Up-to-date: /home/latih/ros2-tf-real-robot-project/install/turtlebot3_gazebo/share/turtlebot3_gazebo//models/pedestrian/meshes
[0.478s] -- Up-to-date: /home/latih/ros2-tf-real-robot-project/install/turtlebot3_gazebo/share/turtlebot3_gazebo//models/pedestrian/meshes/Lego-Person-v001.obj
[0.478s] -- Up-to-date: /home/latih/ros2-tf-real-robot-project/install/turtlebot3_gazebo/share/turtlebot3_gazebo//models/pedestrian/meshes/pedestrian1.dae
[0.478s] -- Up-to-date: /home/latih/ros2-tf-real-robot-project/install/turtlebot3_gazebo/share/turtlebot3_gazebo//models/pedestrian/meshes/Lego-Person-v001.mtl
[0.478s] -- Up-to-date: /home/latih/ros2-tf-real-robot-project/install/turtlebot3_gazebo/share/turtlebot3_gazebo//models/pedestrian/meshes/LowPolyAnimations4Game.mtl
[0.478s] -- Up-to-date: /home/latih/ros2-tf-real-robot-project/install/turtlebot3_gazebo/share/turtlebot3_gazebo//models/pedestrian/meshes/LowPolyAnimations4Game.obj
[0.478s] -- Up-to-date: /home/latih/ros2-tf-real-robot-project/install/turtlebot3_gazebo/share/turtlebot3_gazebo//models/pedestrian/meshes/pedestrian2.dae
[0.479s] -- Up-to-date: /home/latih/ros2-tf-real-robot-project/install/turtlebot3_gazebo/share/turtlebot3_gazebo//models/pedestrian/blender
[0.479s] -- Up-to-date: /home/latih/ros2-tf-real-robot-project/install/turtlebot3_gazebo/share/turtlebot3_gazebo//models/pedestrian/blender/pedestrian_theconstructcolours.blend
[0.479s] -- Up-to-date: /home/latih/ros2-tf-real-robot-project/install/turtlebot3_gazebo/share/turtlebot3_gazebo//models/pedestrian/blender/walking-character
[0.479s] -- Up-to-date: /home/latih/ros2-tf-real-robot-project/install/turtlebot3_gazebo/share/turtlebot3_gazebo//models/pedestrian/blender/walking-character/93731 - LICENSE.html
[0.479s] -- Up-to-date: /home/latih/ros2-tf-real-robot-project/install/turtlebot3_gazebo/share/turtlebot3_gazebo//models/pedestrian/blender/walking-character/LowPolyAnimations4Game.blend
[0.479s] -- Up-to-date: /home/latih/ros2-tf-real-robot-project/install/turtlebot3_gazebo/share/turtlebot3_gazebo//models/pedestrian/blender/pedestrian_theconstructcolours.blend1
[0.480s] -- Up-to-date: /home/latih/ros2-tf-real-robot-project/install/turtlebot3_gazebo/share/turtlebot3_gazebo//models/pedestrian/blender/lego-person-w-face-texture-rig
[0.480s] -- Up-to-date: /home/latih/ros2-tf-real-robot-project/install/turtlebot3_gazebo/share/turtlebot3_gazebo//models/pedestrian/blender/lego-person-w-face-texture-rig/86309 - LICENSE.html
[0.480s] -- Up-to-date: /home/latih/ros2-tf-real-robot-project/install/turtlebot3_gazebo/share/turtlebot3_gazebo//models/pedestrian/blender/lego-person-w-face-texture-rig/Lego-Person-v001.blend
[0.480s] -- Up-to-date: /home/latih/ros2-tf-real-robot-project/install/turtlebot3_gazebo/share/turtlebot3_gazebo//models/pedestrian/blender/guy-character-rig
[0.480s] -- Up-to-date: /home/latih/ros2-tf-real-robot-project/install/turtlebot3_gazebo/share/turtlebot3_gazebo//models/pedestrian/blender/guy-character-rig/Guy.blend
[0.480s] -- Up-to-date: /home/latih/ros2-tf-real-robot-project/install/turtlebot3_gazebo/share/turtlebot3_gazebo//models/pedestrian/blender/guy-character-rig/BLENDSWAP_LICENSE.txt
[0.480s] -- Up-to-date: /home/latih/ros2-tf-real-robot-project/install/turtlebot3_gazebo/share/turtlebot3_gazebo//models/pedestrian/model.sdf
[0.480s] -- Up-to-date: /home/latih/ros2-tf-real-robot-project/install/turtlebot3_gazebo/share/turtlebot3_gazebo//models/pedestrian/model.config
[0.480s] -- Up-to-date: /home/latih/ros2-tf-real-robot-project/install/turtlebot3_gazebo/share/turtlebot3_gazebo//models/working_wall_2
[0.481s] -- Up-to-date: /home/latih/ros2-tf-real-robot-project/install/turtlebot3_gazebo/share/turtlebot3_gazebo//models/working_wall_2/model.sdf
[0.481s] -- Up-to-date: /home/latih/ros2-tf-real-robot-project/install/turtlebot3_gazebo/share/turtlebot3_gazebo//models/working_wall_2/model.config
[0.481s] -- Up-to-date: /home/latih/ros2-tf-real-robot-project/install/turtlebot3_gazebo/share/turtlebot3_gazebo//models/road_charging_3
[0.481s] -- Up-to-date: /home/latih/ros2-tf-real-robot-project/install/turtlebot3_gazebo/share/turtlebot3_gazebo//models/road_charging_3/model.sdf
[0.481s] -- Up-to-date: /home/latih/ros2-tf-real-robot-project/install/turtlebot3_gazebo/share/turtlebot3_gazebo//models/road_charging_3/model.config
[0.481s] -- Up-to-date: /home/latih/ros2-tf-real-robot-project/install/turtlebot3_gazebo/share/turtlebot3_gazebo//models/ring_road
[0.481s] -- Up-to-date: /home/latih/ros2-tf-real-robot-project/install/turtlebot3_gazebo/share/turtlebot3_gazebo//models/ring_road/meshes
[0.481s] -- Up-to-date: /home/latih/ros2-tf-real-robot-project/install/turtlebot3_gazebo/share/turtlebot3_gazebo//models/ring_road/meshes/ring_road.dae
[0.481s] -- Up-to-date: /home/latih/ros2-tf-real-robot-project/install/turtlebot3_gazebo/share/turtlebot3_gazebo//models/ring_road/meshes/RingCircuit.png
[0.481s] -- Up-to-date: /home/latih/ros2-tf-real-robot-project/install/turtlebot3_gazebo/share/turtlebot3_gazebo//models/ring_road/blender
[0.481s] -- Up-to-date: /home/latih/ros2-tf-real-robot-project/install/turtlebot3_gazebo/share/turtlebot3_gazebo//models/ring_road/blender/road.blend
[0.481s] -- Up-to-date: /home/latih/ros2-tf-real-robot-project/install/turtlebot3_gazebo/share/turtlebot3_gazebo//models/ring_road/blender/road.blend1
[0.481s] -- Up-to-date: /home/latih/ros2-tf-real-robot-project/install/turtlebot3_gazebo/share/turtlebot3_gazebo//models/ring_road/model.sdf
[0.481s] -- Up-to-date: /home/latih/ros2-tf-real-robot-project/install/turtlebot3_gazebo/share/turtlebot3_gazebo//models/ring_road/model.config
[0.481s] -- Up-to-date: /home/latih/ros2-tf-real-robot-project/install/turtlebot3_gazebo/share/turtlebot3_gazebo//models/turtlebot3_waffle_pi
[0.481s] -- Up-to-date: /home/latih/ros2-tf-real-robot-project/install/turtlebot3_gazebo/share/turtlebot3_gazebo//models/turtlebot3_waffle_pi/model-1_4_.sdf
[0.481s] -- Up-to-date: /home/latih/ros2-tf-real-robot-project/install/turtlebot3_gazebo/share/turtlebot3_gazebo//models/turtlebot3_waffle_pi/model.sdf
[0.481s] -- Up-to-date: /home/latih/ros2-tf-real-robot-project/install/turtlebot3_gazebo/share/turtlebot3_gazebo//models/turtlebot3_waffle_pi/model.config
[0.482s] -- Up-to-date: /home/latih/ros2-tf-real-robot-project/install/turtlebot3_gazebo/share/turtlebot3_gazebo//models/area_charging
[0.482s] -- Up-to-date: /home/latih/ros2-tf-real-robot-project/install/turtlebot3_gazebo/share/turtlebot3_gazebo//models/area_charging/model.sdf
[0.482s] -- Up-to-date: /home/latih/ros2-tf-real-robot-project/install/turtlebot3_gazebo/share/turtlebot3_gazebo//models/area_charging/model.config
[0.482s] -- Up-to-date: /home/latih/ros2-tf-real-robot-project/install/turtlebot3_gazebo/share/turtlebot3_gazebo//models/turtlebot3_waffle
[0.482s] -- Up-to-date: /home/latih/ros2-tf-real-robot-project/install/turtlebot3_gazebo/share/turtlebot3_gazebo//models/turtlebot3_waffle/model.sdf
[0.482s] -- Up-to-date: /home/latih/ros2-tf-real-robot-project/install/turtlebot3_gazebo/share/turtlebot3_gazebo//models/turtlebot3_waffle/model-1_4.sdf
[0.482s] -- Up-to-date: /home/latih/ros2-tf-real-robot-project/install/turtlebot3_gazebo/share/turtlebot3_gazebo//models/turtlebot3_waffle/model.config
[0.482s] -- Up-to-date: /home/latih/ros2-tf-real-robot-project/install/turtlebot3_gazebo/share/turtlebot3_gazebo//models/road_charging_4
[0.482s] -- Up-to-date: /home/latih/ros2-tf-real-robot-project/install/turtlebot3_gazebo/share/turtlebot3_gazebo//models/road_charging_4/model.sdf
[0.482s] -- Up-to-date: /home/latih/ros2-tf-real-robot-project/install/turtlebot3_gazebo/share/turtlebot3_gazebo//models/road_charging_4/model.config
[0.482s] -- Up-to-date: /home/latih/ros2-tf-real-robot-project/install/turtlebot3_gazebo/share/turtlebot3_gazebo//models/play_cube_red_big
[0.482s] -- Up-to-date: /home/latih/ros2-tf-real-robot-project/install/turtlebot3_gazebo/share/turtlebot3_gazebo//models/play_cube_red_big/model.sdf
[0.482s] -- Up-to-date: /home/latih/ros2-tf-real-robot-project/install/turtlebot3_gazebo/share/turtlebot3_gazebo//models/play_cube_red_big/model.config
[0.482s] -- Up-to-date: /home/latih/ros2-tf-real-robot-project/install/turtlebot3_gazebo/share/turtlebot3_gazebo//rviz
[0.482s] -- Up-to-date: /home/latih/ros2-tf-real-robot-project/install/turtlebot3_gazebo/share/turtlebot3_gazebo//rviz/tb3_gazebo.rviz
[0.482s] -- Up-to-date: /home/latih/ros2-tf-real-robot-project/install/turtlebot3_gazebo/share/turtlebot3_gazebo//urdf
[0.482s] -- Up-to-date: /home/latih/ros2-tf-real-robot-project/install/turtlebot3_gazebo/share/turtlebot3_gazebo//urdf/turtlebot3_waffle.urdf
[0.482s] -- Up-to-date: /home/latih/ros2-tf-real-robot-project/install/turtlebot3_gazebo/share/turtlebot3_gazebo//urdf/common_properties.urdf
[0.482s] -- Up-to-date: /home/latih/ros2-tf-real-robot-project/install/turtlebot3_gazebo/share/turtlebot3_gazebo//urdf/turtlebot3_waffle_pi.urdf
[0.482s] -- Up-to-date: /home/latih/ros2-tf-real-robot-project/install/turtlebot3_gazebo/share/turtlebot3_gazebo//urdf/turtlebot3_burger.urdf
[0.482s] -- Up-to-date: /home/latih/ros2-tf-real-robot-project/install/turtlebot3_gazebo/share/turtlebot3_gazebo//worlds
[0.482s] -- Up-to-date: /home/latih/ros2-tf-real-robot-project/install/turtlebot3_gazebo/share/turtlebot3_gazebo//worlds/realrobotlab_v1.world
[0.482s] -- Up-to-date: /home/latih/ros2-tf-real-robot-project/install/turtlebot3_gazebo/share/turtlebot3_gazebo//worlds/turtlebot3_dqn_stage3.world
[0.482s] -- Up-to-date: /home/latih/ros2-tf-real-robot-project/install/turtlebot3_gazebo/share/turtlebot3_gazebo//worlds/turtlebot3_dqn_stage1.world
[0.482s] -- Up-to-date: /home/latih/ros2-tf-real-robot-project/install/turtlebot3_gazebo/share/turtlebot3_gazebo//worlds/turtlebot3_house.world
[0.483s] -- Up-to-date: /home/latih/ros2-tf-real-robot-project/install/turtlebot3_gazebo/share/turtlebot3_gazebo//worlds/turtlebot3_dqn_stage4.world
[0.483s] -- Up-to-date: /home/latih/ros2-tf-real-robot-project/install/turtlebot3_gazebo/share/turtlebot3_gazebo//worlds/turtlebot3_world.world
[0.483s] -- Up-to-date: /home/latih/ros2-tf-real-robot-project/install/turtlebot3_gazebo/share/turtlebot3_gazebo//worlds/empty_world.world
[0.483s] -- Up-to-date: /home/latih/ros2-tf-real-robot-project/install/turtlebot3_gazebo/share/turtlebot3_gazebo//worlds/turtlebot3_dqn_stage2.world
[0.483s] -- Up-to-date: /home/latih/ros2-tf-real-robot-project/install/turtlebot3_gazebo/include/
[0.483s] -- Up-to-date: /home/latih/ros2-tf-real-robot-project/install/turtlebot3_gazebo/include//turtlebot3_gazebo
[0.483s] -- Up-to-date: /home/latih/ros2-tf-real-robot-project/install/turtlebot3_gazebo/include//turtlebot3_gazebo/turtlebot3_drive.hpp
[0.483s] -- Up-to-date: /home/latih/ros2-tf-real-robot-project/install/turtlebot3_gazebo/share/ament_index/resource_index/package_run_dependencies/turtlebot3_gazebo
[0.483s] -- Up-to-date: /home/latih/ros2-tf-real-robot-project/install/turtlebot3_gazebo/share/ament_index/resource_index/parent_prefix_path/turtlebot3_gazebo
[0.483s] -- Up-to-date: /home/latih/ros2-tf-real-robot-project/install/turtlebot3_gazebo/share/turtlebot3_gazebo/environment/ament_prefix_path.sh
[0.483s] -- Up-to-date: /home/latih/ros2-tf-real-robot-project/install/turtlebot3_gazebo/share/turtlebot3_gazebo/environment/ament_prefix_path.dsv
[0.483s] -- Up-to-date: /home/latih/ros2-tf-real-robot-project/install/turtlebot3_gazebo/share/turtlebot3_gazebo/environment/path.sh
[0.483s] -- Up-to-date: /home/latih/ros2-tf-real-robot-project/install/turtlebot3_gazebo/share/turtlebot3_gazebo/environment/path.dsv
[0.483s] -- Up-to-date: /home/latih/ros2-tf-real-robot-project/install/turtlebot3_gazebo/share/turtlebot3_gazebo/local_setup.bash
[0.483s] -- Up-to-date: /home/latih/ros2-tf-real-robot-project/install/turtlebot3_gazebo/share/turtlebot3_gazebo/local_setup.sh
[0.483s] -- Up-to-date: /home/latih/ros2-tf-real-robot-project/install/turtlebot3_gazebo/share/turtlebot3_gazebo/local_setup.zsh
[0.483s] -- Up-to-date: /home/latih/ros2-tf-real-robot-project/install/turtlebot3_gazebo/share/turtlebot3_gazebo/local_setup.dsv
[0.483s] -- Installing: /home/latih/ros2-tf-real-robot-project/install/turtlebot3_gazebo/share/turtlebot3_gazebo/package.dsv
[0.483s] -- Up-to-date: /home/latih/ros2-tf-real-robot-project/install/turtlebot3_gazebo/share/ament_index/resource_index/packages/turtlebot3_gazebo
[0.484s] -- Up-to-date: /home/latih/ros2-tf-real-robot-project/install/turtlebot3_gazebo/share/turtlebot3_gazebo/cmake/ament_cmake_export_include_directories-extras.cmake
[0.484s] -- Up-to-date: /home/latih/ros2-tf-real-robot-project/install/turtlebot3_gazebo/share/turtlebot3_gazebo/cmake/ament_cmake_export_dependencies-extras.cmake
[0.484s] -- Up-to-date: /home/latih/ros2-tf-real-robot-project/install/turtlebot3_gazebo/share/turtlebot3_gazebo/cmake/turtlebot3_gazeboConfig.cmake
[0.484s] -- Up-to-date: /home/latih/ros2-tf-real-robot-project/install/turtlebot3_gazebo/share/turtlebot3_gazebo/cmake/turtlebot3_gazeboConfig-version.cmake
[0.484s] -- Up-to-date: /home/latih/ros2-tf-real-robot-project/install/turtlebot3_gazebo/share/turtlebot3_gazebo/package.xml
[0.539s] Invoked command in '/home/latih/ros2-tf-real-robot-project/build/turtlebot3_gazebo' returned '0': CMAKE_PREFIX_PATH=${CMAKE_PREFIX_PATH}:/home/latih/ros2-tf-real-robot-project/install/turtlebot3_teleop:/home/latih/ros2-tf-real-robot-project/install/turtlebot3_example:/opt/ros/humble /usr/bin/cmake --install /home/latih/ros2-tf-real-robot-project/build/turtlebot3_gazebo
