[35m[1mConsolidate compiler generated dependencies of target feature_detector[0m
[ 50%] [32mBuilding CXX object CMakeFiles/feature_detector.dir/src/feature_detector.cpp.o[0m
[01m[K/home/latih/ros2-tf-real-robot-project/ros2_ws/src/ros2_tf_project/src/feature_detector.cpp:[m[K In member function ‘[01m[Kvoid FeatureDetector::handleFeatureDetection(std::shared_ptr<my_robot_interfaces::srv::FeatureDetection_Request_<std::allocator<void> > >, std::shared_ptr<my_robot_interfaces::srv::FeatureDetection_Response_<std::allocator<void> > >)[m[K’:
[01m[K/home/latih/ros2-tf-real-robot-project/ros2_ws/src/ros2_tf_project/src/feature_detector.cpp:112:9:[m[K [01;35m[Kwarning: [m[Kthis ‘[01m[Kif[m[K’ clause does not guard... [[01;35m[K]8;;https://gcc.gnu.org/onlinedocs/gcc/Warning-Options.html#index-Wmisleading-indentation-Wmisleading-indentation]8;;[m[K]
  112 |         [01;35m[Kif[m[K (i < 0 || i >= static_cast<int>(scan->ranges.size()))
      |         [01;35m[K^~[m[K
[01m[K/home/latih/ros2-tf-real-robot-project/ros2_ws/src/ros2_tf_project/src/feature_detector.cpp:114:13:[m[K [01;36m[Knote: [m[K...this statement, but the latter is misleadingly indented as if it were guarded by the ‘[01m[Kif[m[K’
  114 |             [01;36m[Kfloat[m[K r = scan->ranges[i];
      |             [01;36m[K^~~~~[m[K
[100%] [32m[1mLinking CXX executable feature_detector[0m
[100%] Built target feature_detector
-- Install configuration: ""
-- Installing: /home/latih/ros2-tf-real-robot-project/install/ros2_tf_project/lib/ros2_tf_project/feature_detector
-- Set runtime path of "/home/latih/ros2-tf-real-robot-project/install/ros2_tf_project/lib/ros2_tf_project/feature_detector" to ""
-- Up-to-date: /home/latih/ros2-tf-real-robot-project/install/ros2_tf_project/share/ament_index/resource_index/package_run_dependencies/ros2_tf_project
-- Up-to-date: /home/latih/ros2-tf-real-robot-project/install/ros2_tf_project/share/ament_index/resource_index/parent_prefix_path/ros2_tf_project
-- Up-to-date: /home/latih/ros2-tf-real-robot-project/install/ros2_tf_project/share/ros2_tf_project/environment/ament_prefix_path.sh
-- Up-to-date: /home/latih/ros2-tf-real-robot-project/install/ros2_tf_project/share/ros2_tf_project/environment/ament_prefix_path.dsv
-- Up-to-date: /home/latih/ros2-tf-real-robot-project/install/ros2_tf_project/share/ros2_tf_project/environment/path.sh
-- Up-to-date: /home/latih/ros2-tf-real-robot-project/install/ros2_tf_project/share/ros2_tf_project/environment/path.dsv
-- Up-to-date: /home/latih/ros2-tf-real-robot-project/install/ros2_tf_project/share/ros2_tf_project/local_setup.bash
-- Up-to-date: /home/latih/ros2-tf-real-robot-project/install/ros2_tf_project/share/ros2_tf_project/local_setup.sh
-- Up-to-date: /home/latih/ros2-tf-real-robot-project/install/ros2_tf_project/share/ros2_tf_project/local_setup.zsh
-- Up-to-date: /home/latih/ros2-tf-real-robot-project/install/ros2_tf_project/share/ros2_tf_project/local_setup.dsv
-- Installing: /home/latih/ros2-tf-real-robot-project/install/ros2_tf_project/share/ros2_tf_project/package.dsv
-- Up-to-date: /home/latih/ros2-tf-real-robot-project/install/ros2_tf_project/share/ament_index/resource_index/packages/ros2_tf_project
-- Up-to-date: /home/latih/ros2-tf-real-robot-project/install/ros2_tf_project/share/ros2_tf_project/cmake/ros2_tf_projectConfig.cmake
-- Up-to-date: /home/latih/ros2-tf-real-robot-project/install/ros2_tf_project/share/ros2_tf_project/cmake/ros2_tf_projectConfig-version.cmake
-- Up-to-date: /home/latih/ros2-tf-real-robot-project/install/ros2_tf_project/share/ros2_tf_project/package.xml
