[0.022s] Invoking command in '/home/user/ros2_ws/build/my_robot_interfaces': CMAKE_PREFIX_PATH=${CMAKE_PREFIX_PATH}:/home/user/simulation_ws/install/turtlebot3_teleop:/home/user/simulation_ws/install/turtlebot3_example:/home/simulations/ros2_sims_ws/install/rclrs_tests:/home/simulations/ros2_sims_ws/install/examples_rclrs_minimal_client_service:/home/simulations/ros2_sims_ws/install/sensor_msgs_py:/home/simulations/ros2_sims_ws/install/examples_rclrs_minimal_pub_sub:/home/simulations/ros2_sims_ws/install/examples_rclrs_message_demo:/home/simulations/ros2_sims_ws/install/rclrs:/home/simulations/ros2_sims_ws/install/rosidl_runtime_rs:/opt/ros/humble _=/usr/bin/env /usr/bin/cmake --build /home/user/ros2_ws/build/my_robot_interfaces -- -j8 -l8
[0.053s] -- Found ament_cmake: 1.3.8 (/opt/ros/humble/share/ament_cmake/cmake)
[0.228s] -- Found rosidl_default_generators: 1.2.0 (/home/simulations/ros2_sims_ws/install/rosidl_default_generators/share/rosidl_default_generators/cmake)
[0.237s] -- Using all available rosidl_typesupport_c: rosidl_typesupport_fastrtps_c;rosidl_typesupport_introspection_c
[0.240s] -- Found rosidl_adapter: 3.1.5 (/opt/ros/humble/share/rosidl_adapter/cmake)
[0.281s] -- Using all available rosidl_typesupport_cpp: rosidl_typesupport_fastrtps_cpp;rosidl_typesupport_introspection_cpp
[0.313s] -- Found geometry_msgs: 4.2.3 (/home/simulations/ros2_sims_ws/install/geometry_msgs/share/geometry_msgs/cmake)
[0.819s] -- Found ament_cmake_ros: 0.10.0 (/opt/ros/humble/share/ament_cmake_ros/cmake)
[1.060s] -- Using all available rosidl_typesupport_c: rosidl_typesupport_fastrtps_c;rosidl_typesupport_introspection_c
[1.373s] -- Using all available rosidl_typesupport_cpp: rosidl_typesupport_fastrtps_cpp;rosidl_typesupport_introspection_cpp
[1.375s] -- Found rmw_implementation_cmake: 6.1.1 (/opt/ros/humble/share/rmw_implementation_cmake/cmake)
[1.639s] -- Found python_cmake_module: 0.10.0 (/opt/ros/humble/share/python_cmake_module/cmake)
[1.670s] -- Using PYTHON_EXECUTABLE: /usr/bin/python3
[1.670s] -- Using PYTHON_INCLUDE_DIRS: /usr/include/python3.10
[1.670s] -- Using PYTHON_LIBRARIES: /usr/lib/x86_64-linux-gnu/libpython3.10.so
[1.704s] -- Configuring done
[1.736s] -- Generating done
[1.741s] -- Build files have been written to: /home/user/ros2_ws/build/my_robot_interfaces
[1.787s] [  3%] [34m[1mGenerating C code for ROS interfaces[0m
[1.803s] [  6%] [34m[1mGenerating Rust code for ROS interfaces[0m
[1.808s] [  9%] [34m[1mGenerating C++ code for ROS interfaces[0m
[1.857s] [  9%] Built target ament_cmake_python_copy_my_robot_interfaces
[2.478s] [  9%] Built target my_robot_interfaces__rs
[2.584s] [  9%] Built target my_robot_interfaces__cpp
[2.667s] [ 12%] [34m[1mGenerating C++ introspection for ROS interfaces[0m
[2.667s] [ 15%] [34m[1mGenerating C++ type support dispatch for ROS interfaces[0m
[2.668s] [ 18%] [34m[1mGenerating C++ type support for eProsima Fast-RTPS[0m
[2.688s] [ 21%] [32mBuilding C object CMakeFiles/my_robot_interfaces__rosidl_generator_c.dir/rosidl_generator_c/my_robot_interfaces/srv/detail/feature_detection__functions.c.o[0m
[2.690s] running egg_info
[2.691s] writing my_robot_interfaces.egg-info/PKG-INFO
[2.692s] writing dependency_links to my_robot_interfaces.egg-info/dependency_links.txt
[2.692s] writing top-level names to my_robot_interfaces.egg-info/top_level.txt
[2.755s] reading manifest file 'my_robot_interfaces.egg-info/SOURCES.txt'
[2.755s] writing manifest file 'my_robot_interfaces.egg-info/SOURCES.txt'
[2.772s] In file included from [01m[K/home/user/ros2_ws/build/my_robot_interfaces/rosidl_generator_c/my_robot_interfaces/srv/detail/feature_detection__functions.h:19[m[K,
[2.772s]                  from [01m[K/home/user/ros2_ws/build/my_robot_interfaces/rosidl_generator_c/my_robot_interfaces/srv/detail/feature_detection__functions.c:4[m[K:
[2.772s] [01m[K/home/user/ros2_ws/build/my_robot_interfaces/rosidl_generator_c/my_robot_interfaces/srv/detail/feature_detection__struct.h:50:10:[m[K [01;31m[Kfatal error: [m[Kgeometry_msgs/msg/detail/point__struct.h: No such file or directory
[2.772s]    50 | #include [01;31m[K"geometry_msgs/msg/detail/point__struct.h"[m[K
[2.772s]       |          [01;31m[K^~~~~~~~~~~~~~~~~~~~~~~~~~~~~~~~~~~~~~~~~~[m[K
[2.773s] compilation terminated.
[2.774s] gmake[2]: *** [CMakeFiles/my_robot_interfaces__rosidl_generator_c.dir/build.make:105: CMakeFiles/my_robot_interfaces__rosidl_generator_c.dir/rosidl_generator_c/my_robot_interfaces/srv/detail/feature_detection__functions.c.o] Error 1
[2.774s] gmake[1]: *** [CMakeFiles/Makefile2:232: CMakeFiles/my_robot_interfaces__rosidl_generator_c.dir/all] Error 2
[2.774s] gmake[1]: *** Waiting for unfinished jobs....
[2.855s] [ 21%] Built target ament_cmake_python_build_my_robot_interfaces_egg
[3.189s] [ 25%] [32mBuilding CXX object CMakeFiles/my_robot_interfaces__rosidl_typesupport_cpp.dir/rosidl_typesupport_cpp/my_robot_interfaces/srv/feature_detection__type_support.cpp.o[0m
[3.255s] [ 28%] [32mBuilding CXX object CMakeFiles/my_robot_interfaces__rosidl_typesupport_introspection_cpp.dir/rosidl_typesupport_introspection_cpp/my_robot_interfaces/srv/detail/feature_detection__type_support.cpp.o[0m
[3.305s] In file included from [01m[K/home/user/ros2_ws/build/my_robot_interfaces/rosidl_typesupport_cpp/my_robot_interfaces/srv/feature_detection__type_support.cpp:7[m[K:
[3.305s] [01m[K/home/user/ros2_ws/build/my_robot_interfaces/rosidl_generator_cpp/my_robot_interfaces/srv/detail/feature_detection__struct.hpp:149:10:[m[K [01;31m[Kfatal error: [m[Kgeometry_msgs/msg/detail/point__struct.hpp: No such file or directory
[3.305s]   149 | #include [01;31m[K"geometry_msgs/msg/detail/point__struct.hpp"[m[K
[3.305s]       |          [01;31m[K^~~~~~~~~~~~~~~~~~~~~~~~~~~~~~~~~~~~~~~~~~~~[m[K
[3.305s] compilation terminated.
[3.308s] gmake[2]: *** [CMakeFiles/my_robot_interfaces__rosidl_typesupport_cpp.dir/build.make:86: CMakeFiles/my_robot_interfaces__rosidl_typesupport_cpp.dir/rosidl_typesupport_cpp/my_robot_interfaces/srv/feature_detection__type_support.cpp.o] Error 1
[3.308s] gmake[1]: *** [CMakeFiles/Makefile2:414: CMakeFiles/my_robot_interfaces__rosidl_typesupport_cpp.dir/all] Error 2
[3.309s] [ 31%] [32mBuilding CXX object CMakeFiles/my_robot_interfaces__rosidl_typesupport_fastrtps_cpp.dir/rosidl_typesupport_fastrtps_cpp/my_robot_interfaces/srv/detail/dds_fastrtps/feature_detection__type_support.cpp.o[0m
[3.358s] In file included from [01m[K/home/user/ros2_ws/build/my_robot_interfaces/rosidl_typesupport_introspection_cpp/my_robot_interfaces/srv/detail/feature_detection__type_support.cpp:12[m[K:
[3.358s] [01m[K/home/user/ros2_ws/build/my_robot_interfaces/rosidl_generator_cpp/my_robot_interfaces/srv/detail/feature_detection__struct.hpp:149:10:[m[K [01;31m[Kfatal error: [m[Kgeometry_msgs/msg/detail/point__struct.hpp: No such file or directory
[3.358s]   149 | #include [01;31m[K"geometry_msgs/msg/detail/point__struct.hpp"[m[K
[3.358s]       |          [01;31m[K^~~~~~~~~~~~~~~~~~~~~~~~~~~~~~~~~~~~~~~~~~~~[m[K
[3.358s] compilation terminated.
[3.359s] gmake[2]: *** [CMakeFiles/my_robot_interfaces__rosidl_typesupport_introspection_cpp.dir/build.make:91: CMakeFiles/my_robot_interfaces__rosidl_typesupport_introspection_cpp.dir/rosidl_typesupport_introspection_cpp/my_robot_interfaces/srv/detail/feature_detection__type_support.cpp.o] Error 1
[3.360s] gmake[1]: *** [CMakeFiles/Makefile2:388: CMakeFiles/my_robot_interfaces__rosidl_typesupport_introspection_cpp.dir/all] Error 2
[3.405s] In file included from [01m[K/home/user/ros2_ws/build/my_robot_interfaces/rosidl_typesupport_fastrtps_cpp/my_robot_interfaces/srv/detail/feature_detection__rosidl_typesupport_fastrtps_cpp.hpp:11[m[K,
[3.405s]                  from [01m[K/home/user/ros2_ws/build/my_robot_interfaces/rosidl_typesupport_fastrtps_cpp/my_robot_interfaces/srv/detail/dds_fastrtps/feature_detection__type_support.cpp:4[m[K:
[3.405s] [01m[K/home/user/ros2_ws/build/my_robot_interfaces/rosidl_generator_cpp/my_robot_interfaces/srv/detail/feature_detection__struct.hpp:149:10:[m[K [01;31m[Kfatal error: [m[Kgeometry_msgs/msg/detail/point__struct.hpp: No such file or directory
[3.406s]   149 | #include [01;31m[K"geometry_msgs/msg/detail/point__struct.hpp"[m[K
[3.406s]       |          [01;31m[K^~~~~~~~~~~~~~~~~~~~~~~~~~~~~~~~~~~~~~~~~~~~[m[K
[3.406s] compilation terminated.
[3.407s] gmake[2]: *** [CMakeFiles/my_robot_interfaces__rosidl_typesupport_fastrtps_cpp.dir/build.make:91: CMakeFiles/my_robot_interfaces__rosidl_typesupport_fastrtps_cpp.dir/rosidl_typesupport_fastrtps_cpp/my_robot_interfaces/srv/detail/dds_fastrtps/feature_detection__type_support.cpp.o] Error 1
[3.408s] gmake[1]: *** [CMakeFiles/Makefile2:362: CMakeFiles/my_robot_interfaces__rosidl_typesupport_fastrtps_cpp.dir/all] Error 2
[3.408s] gmake: *** [Makefile:146: all] Error 2
[3.409s] Invoked command in '/home/user/ros2_ws/build/my_robot_interfaces' returned '2': CMAKE_PREFIX_PATH=${CMAKE_PREFIX_PATH}:/home/user/simulation_ws/install/turtlebot3_teleop:/home/user/simulation_ws/install/turtlebot3_example:/home/simulations/ros2_sims_ws/install/rclrs_tests:/home/simulations/ros2_sims_ws/install/examples_rclrs_minimal_client_service:/home/simulations/ros2_sims_ws/install/sensor_msgs_py:/home/simulations/ros2_sims_ws/install/examples_rclrs_minimal_pub_sub:/home/simulations/ros2_sims_ws/install/examples_rclrs_message_demo:/home/simulations/ros2_sims_ws/install/rclrs:/home/simulations/ros2_sims_ws/install/rosidl_runtime_rs:/opt/ros/humble _=/usr/bin/env /usr/bin/cmake --build /home/user/ros2_ws/build/my_robot_interfaces -- -j8 -l8
