[0.018s] Invoking command in '/home/latih/ros2-tf-real-robot-project/build/ros2_tf_project': CMAKE_PREFIX_PATH=/home/latih/ros2-tf-real-robot-project/install/my_robot_interfaces:/home/latih/ros2-tf-real-robot-project/install/turtlebot3:/home/latih/ros2-tf-real-robot-project/install/turtlebot3_simulations:/home/latih/ros2-tf-real-robot-project/install/turtlebot3_navigation2:/home/latih/ros2-tf-real-robot-project/install/turtlebot3_msgs:/home/latih/ros2-tf-real-robot-project/install/turtlebot3_gazebo:/home/latih/ros2-tf-real-robot-project/install/turtlebot3_bringup:/home/latih/ros2-tf-real-robot-project/install/turtlebot3_description:/home/latih/ros2-tf-real-robot-project/install/turtlebot3_cartographer:/home/latih/ros2-tf-real-robot-project/install/tb3_burger_localization:/home/latih/ros2-tf-real-robot-project/install/tb3_burger_cartographer:/home/latih/ros2-tf-real-robot-project/install/ros2_tf_project:/home/latih/ros2-tf-real-robot-project/install/turtlebot3_teleop:/home/latih/ros2-tf-real-robot-project/install/turtlebot3_example:/opt/ros/humble LD_LIBRARY_PATH=/home/latih/ros2-tf-real-robot-project/install/my_robot_interfaces/lib:/home/latih/ros2-tf-real-robot-project/install/turtlebot3_msgs/lib:/usr/lib/x86_64-linux-gnu/gazebo-11/plugins:/opt/ros/humble/opt/rviz_ogre_vendor/lib:/opt/ros/humble/lib/x86_64-linux-gnu:/opt/ros/humble/lib /usr/bin/cmake --build /home/latih/ros2-tf-real-robot-project/build/ros2_tf_project -- -j16 -l16
[0.109s] [35m[1mConsolidate compiler generated dependencies of target simple_navigation_action_server[0m
[0.136s] [ 33%] Built target simple_trajectory_service
[0.139s] [ 66%] Built target feature_detector
[0.148s] [ 83%] [32mBuilding CXX object CMakeFiles/simple_navigation_action_server.dir/src/simple_navigation_action_server.cpp.o[0m
[2.774s] [01m[K/home/latih/ros2-tf-real-robot-project/ros2_ws/src/ros2_tf_project/src/simple_navigation_action_server.cpp:[m[K In member function ‘[01m[Krclcpp_action::CancelResponse SimpleNavigationActionServer::handle_cancel(std::shared_ptr<rclcpp_action::ServerGoalHandle<my_robot_interfaces::action::SimpleNavigation> >)[m[K’:
[2.774s] [01m[K/home/latih/ros2-tf-real-robot-project/ros2_ws/src/ros2_tf_project/src/simple_navigation_action_server.cpp:48:99:[m[K [01;35m[Kwarning: [m[Kunused parameter ‘[01m[Kgoal_handle[m[K’ [[01;35m[K]8;;https://gcc.gnu.org/onlinedocs/gcc/Warning-Options.html#index-Wunused-parameter-Wunused-parameter]8;;[m[K]
[2.774s]    48 |     rclcpp_action::CancelResponse handle_cancel([01;35m[Kconst std::shared_ptr<GoalHandleSimpleNavigation> goal_handle[m[K)
[2.774s]       |                                                 [01;35m[K~~~~~~~~~~~~~~~~~~~~~~~~~~~~~~~~~~~~~~~~~~~~~~~~~~^~~~~~~~~~~[m[K
[5.209s] [100%] [32m[1mLinking CXX executable simple_navigation_action_server[0m
[5.425s] [100%] Built target simple_navigation_action_server
[5.438s] Invoked command in '/home/latih/ros2-tf-real-robot-project/build/ros2_tf_project' returned '0': CMAKE_PREFIX_PATH=/home/latih/ros2-tf-real-robot-project/install/my_robot_interfaces:/home/latih/ros2-tf-real-robot-project/install/turtlebot3:/home/latih/ros2-tf-real-robot-project/install/turtlebot3_simulations:/home/latih/ros2-tf-real-robot-project/install/turtlebot3_navigation2:/home/latih/ros2-tf-real-robot-project/install/turtlebot3_msgs:/home/latih/ros2-tf-real-robot-project/install/turtlebot3_gazebo:/home/latih/ros2-tf-real-robot-project/install/turtlebot3_bringup:/home/latih/ros2-tf-real-robot-project/install/turtlebot3_description:/home/latih/ros2-tf-real-robot-project/install/turtlebot3_cartographer:/home/latih/ros2-tf-real-robot-project/install/tb3_burger_localization:/home/latih/ros2-tf-real-robot-project/install/tb3_burger_cartographer:/home/latih/ros2-tf-real-robot-project/install/ros2_tf_project:/home/latih/ros2-tf-real-robot-project/install/turtlebot3_teleop:/home/latih/ros2-tf-real-robot-project/install/turtlebot3_example:/opt/ros/humble LD_LIBRARY_PATH=/home/latih/ros2-tf-real-robot-project/install/my_robot_interfaces/lib:/home/latih/ros2-tf-real-robot-project/install/turtlebot3_msgs/lib:/usr/lib/x86_64-linux-gnu/gazebo-11/plugins:/opt/ros/humble/opt/rviz_ogre_vendor/lib:/opt/ros/humble/lib/x86_64-linux-gnu:/opt/ros/humble/lib /usr/bin/cmake --build /home/latih/ros2-tf-real-robot-project/build/ros2_tf_project -- -j16 -l16
[5.451s] Invoking command in '/home/latih/ros2-tf-real-robot-project/build/ros2_tf_project': CMAKE_PREFIX_PATH=/home/latih/ros2-tf-real-robot-project/install/my_robot_interfaces:/home/latih/ros2-tf-real-robot-project/install/turtlebot3:/home/latih/ros2-tf-real-robot-project/install/turtlebot3_simulations:/home/latih/ros2-tf-real-robot-project/install/turtlebot3_navigation2:/home/latih/ros2-tf-real-robot-project/install/turtlebot3_msgs:/home/latih/ros2-tf-real-robot-project/install/turtlebot3_gazebo:/home/latih/ros2-tf-real-robot-project/install/turtlebot3_bringup:/home/latih/ros2-tf-real-robot-project/install/turtlebot3_description:/home/latih/ros2-tf-real-robot-project/install/turtlebot3_cartographer:/home/latih/ros2-tf-real-robot-project/install/tb3_burger_localization:/home/latih/ros2-tf-real-robot-project/install/tb3_burger_cartographer:/home/latih/ros2-tf-real-robot-project/install/ros2_tf_project:/home/latih/ros2-tf-real-robot-project/install/turtlebot3_teleop:/home/latih/ros2-tf-real-robot-project/install/turtlebot3_example:/opt/ros/humble LD_LIBRARY_PATH=/home/latih/ros2-tf-real-robot-project/install/my_robot_interfaces/lib:/home/latih/ros2-tf-real-robot-project/install/turtlebot3_msgs/lib:/usr/lib/x86_64-linux-gnu/gazebo-11/plugins:/opt/ros/humble/opt/rviz_ogre_vendor/lib:/opt/ros/humble/lib/x86_64-linux-gnu:/opt/ros/humble/lib /usr/bin/cmake --install /home/latih/ros2-tf-real-robot-project/build/ros2_tf_project
[5.463s] -- Install configuration: ""
[5.463s] -- Up-to-date: /home/latih/ros2-tf-real-robot-project/install/ros2_tf_project/lib/ros2_tf_project/feature_detector
[5.463s] -- Up-to-date: /home/latih/ros2-tf-real-robot-project/install/ros2_tf_project/lib/ros2_tf_project/simple_trajectory_service
[5.464s] -- Installing: /home/latih/ros2-tf-real-robot-project/install/ros2_tf_project/lib/ros2_tf_project/simple_navigation_action_server
[5.466s] -- Set runtime path of "/home/latih/ros2-tf-real-robot-project/install/ros2_tf_project/lib/ros2_tf_project/simple_navigation_action_server" to ""
[5.466s] -- Up-to-date: /home/latih/ros2-tf-real-robot-project/install/ros2_tf_project/share/ros2_tf_project//frames
[5.466s] -- Up-to-date: /home/latih/ros2-tf-real-robot-project/install/ros2_tf_project/share/ros2_tf_project//frames/static_frames_sim.yaml
[5.466s] -- Up-to-date: /home/latih/ros2-tf-real-robot-project/install/ros2_tf_project/share/ros2_tf_project//launch
[5.466s] -- Up-to-date: /home/latih/ros2-tf-real-robot-project/install/ros2_tf_project/share/ros2_tf_project//launch/simple_trajectory_service_server.launch.py
[5.466s] -- Up-to-date: /home/latih/ros2-tf-real-robot-project/install/ros2_tf_project/share/ros2_tf_project//launch/feature_detection_service_server.launch.py
[5.466s] -- Up-to-date: /home/latih/ros2-tf-real-robot-project/install/ros2_tf_project/share/ros2_tf_project//rviz
[5.466s] -- Up-to-date: /home/latih/ros2-tf-real-robot-project/install/ros2_tf_project/share/ros2_tf_project//rviz/tb3_burger.rviz.rviz
[5.466s] -- Up-to-date: /home/latih/ros2-tf-real-robot-project/install/ros2_tf_project/share/ament_index/resource_index/package_run_dependencies/ros2_tf_project
[5.466s] -- Up-to-date: /home/latih/ros2-tf-real-robot-project/install/ros2_tf_project/share/ament_index/resource_index/parent_prefix_path/ros2_tf_project
[5.466s] -- Up-to-date: /home/latih/ros2-tf-real-robot-project/install/ros2_tf_project/share/ros2_tf_project/environment/ament_prefix_path.sh
[5.466s] -- Up-to-date: /home/latih/ros2-tf-real-robot-project/install/ros2_tf_project/share/ros2_tf_project/environment/ament_prefix_path.dsv
[5.466s] -- Up-to-date: /home/latih/ros2-tf-real-robot-project/install/ros2_tf_project/share/ros2_tf_project/environment/path.sh
[5.466s] -- Up-to-date: /home/latih/ros2-tf-real-robot-project/install/ros2_tf_project/share/ros2_tf_project/environment/path.dsv
[5.467s] -- Up-to-date: /home/latih/ros2-tf-real-robot-project/install/ros2_tf_project/share/ros2_tf_project/local_setup.bash
[5.467s] -- Up-to-date: /home/latih/ros2-tf-real-robot-project/install/ros2_tf_project/share/ros2_tf_project/local_setup.sh
[5.467s] -- Up-to-date: /home/latih/ros2-tf-real-robot-project/install/ros2_tf_project/share/ros2_tf_project/local_setup.zsh
[5.467s] -- Up-to-date: /home/latih/ros2-tf-real-robot-project/install/ros2_tf_project/share/ros2_tf_project/local_setup.dsv
[5.467s] -- Installing: /home/latih/ros2-tf-real-robot-project/install/ros2_tf_project/share/ros2_tf_project/package.dsv
[5.467s] -- Up-to-date: /home/latih/ros2-tf-real-robot-project/install/ros2_tf_project/share/ament_index/resource_index/packages/ros2_tf_project
[5.467s] -- Up-to-date: /home/latih/ros2-tf-real-robot-project/install/ros2_tf_project/share/ros2_tf_project/cmake/ros2_tf_projectConfig.cmake
[5.467s] -- Up-to-date: /home/latih/ros2-tf-real-robot-project/install/ros2_tf_project/share/ros2_tf_project/cmake/ros2_tf_projectConfig-version.cmake
[5.467s] -- Up-to-date: /home/latih/ros2-tf-real-robot-project/install/ros2_tf_project/share/ros2_tf_project/package.xml
[5.469s] Invoked command in '/home/latih/ros2-tf-real-robot-project/build/ros2_tf_project' returned '0': CMAKE_PREFIX_PATH=/home/latih/ros2-tf-real-robot-project/install/my_robot_interfaces:/home/latih/ros2-tf-real-robot-project/install/turtlebot3:/home/latih/ros2-tf-real-robot-project/install/turtlebot3_simulations:/home/latih/ros2-tf-real-robot-project/install/turtlebot3_navigation2:/home/latih/ros2-tf-real-robot-project/install/turtlebot3_msgs:/home/latih/ros2-tf-real-robot-project/install/turtlebot3_gazebo:/home/latih/ros2-tf-real-robot-project/install/turtlebot3_bringup:/home/latih/ros2-tf-real-robot-project/install/turtlebot3_description:/home/latih/ros2-tf-real-robot-project/install/turtlebot3_cartographer:/home/latih/ros2-tf-real-robot-project/install/tb3_burger_localization:/home/latih/ros2-tf-real-robot-project/install/tb3_burger_cartographer:/home/latih/ros2-tf-real-robot-project/install/ros2_tf_project:/home/latih/ros2-tf-real-robot-project/install/turtlebot3_teleop:/home/latih/ros2-tf-real-robot-project/install/turtlebot3_example:/opt/ros/humble LD_LIBRARY_PATH=/home/latih/ros2-tf-real-robot-project/install/my_robot_interfaces/lib:/home/latih/ros2-tf-real-robot-project/install/turtlebot3_msgs/lib:/usr/lib/x86_64-linux-gnu/gazebo-11/plugins:/opt/ros/humble/opt/rviz_ogre_vendor/lib:/opt/ros/humble/lib/x86_64-linux-gnu:/opt/ros/humble/lib /usr/bin/cmake --install /home/latih/ros2-tf-real-robot-project/build/ros2_tf_project
