[0.114s] Invoking command in '/home/user/ros2_ws/build/ros2_tf_project': AMENT_PREFIX_PATH=/home/user/ros2_ws/install/my_robot_interfaces:${AMENT_PREFIX_PATH} CMAKE_PREFIX_PATH=/home/user/ros2_ws/install/my_robot_interfaces:/home/user/ros2_ws/install/tb3_burger_localization:/home/user/ros2_ws/install/tb3_burger_cartographer:/home/user/simulation_ws/install/turtlebot3:/home/user/simulation_ws/install/turtlebot3_simulations:/home/user/simulation_ws/install/turtlebot3_navigation2:/home/user/simulation_ws/install/turtlebot3_msgs:/home/user/simulation_ws/install/turtlebot3_gazebo:/home/user/simulation_ws/install/turtlebot3_bringup:/home/user/simulation_ws/install/turtlebot3_description:/home/user/simulation_ws/install/turtlebot3_cartographer:/home/simulations/ros2_sims_ws/install/common_interfaces:/home/simulations/ros2_sims_ws/install/visualization_msgs:/home/simulations/ros2_sims_ws/install/test_msgs:/home/simulations/ros2_sims_ws/install/example_interfaces:/home/simulations/ros2_sims_ws/install/action_msgs:/home/simulations/ros2_sims_ws/install/unique_identifier_msgs:/home/simulations/ros2_sims_ws/install/trajectory_msgs:/home/simulations/ros2_sims_ws/install/test_interface_files:/home/simulations/ros2_sims_ws/install/stereo_msgs:/home/simulations/ros2_sims_ws/install/std_srvs:/home/simulations/ros2_sims_ws/install/shape_msgs:/home/simulations/ros2_sims_ws/install/sensor_msgs:/home/simulations/ros2_sims_ws/install/nav_msgs:/home/simulations/ros2_sims_ws/install/diagnostic_msgs:/home/simulations/ros2_sims_ws/install/geometry_msgs:/home/simulations/ros2_sims_ws/install/actionlib_msgs:/home/simulations/ros2_sims_ws/install/std_msgs:/home/simulations/ros2_sims_ws/install/statistics_msgs:/home/simulations/ros2_sims_ws/install/rosgraph_msgs:/home/simulations/ros2_sims_ws/install/rclrs_example_msgs:/home/simulations/ros2_sims_ws/install/composition_interfaces:/home/simulations/ros2_sims_ws/install/rcl_interfaces:/home/simulations/ros2_sims_ws/install/lifecycle_msgs:/home/simulations/ros2_sims_ws/install/builtin_interfaces:/home/simulations/ros2_sims_ws/install/rosidl_default_runtime:/home/simulations/ros2_sims_ws/install/rosidl_default_generators:/home/simulations/ros2_sims_ws/install/rosidl_generator_rs:/home/user/simulation_ws/install/turtlebot3_teleop:/home/user/simulation_ws/install/turtlebot3_example:/home/simulations/ros2_sims_ws/install/rclrs_tests:/home/simulations/ros2_sims_ws/install/examples_rclrs_minimal_client_service:/home/simulations/ros2_sims_ws/install/sensor_msgs_py:/home/simulations/ros2_sims_ws/install/examples_rclrs_minimal_pub_sub:/home/simulations/ros2_sims_ws/install/examples_rclrs_message_demo:/home/simulations/ros2_sims_ws/install/rclrs:/home/simulations/ros2_sims_ws/install/rosidl_runtime_rs:/opt/ros/humble LD_LIBRARY_PATH=/home/user/ros2_ws/install/my_robot_interfaces/lib:/home/user/simulation_ws/install/turtlebot3_msgs/lib:/usr/local/cuda-10.2/lib64:/home/user/.catkin_ws_python3/src/TensorRT-7.0.0.11/lib:/home/simulations/ros2_sims_ws/install/visualization_msgs/lib:/home/simulations/ros2_sims_ws/install/test_msgs/lib:/home/simulations/ros2_sims_ws/install/example_interfaces/lib:/home/simulations/ros2_sims_ws/install/action_msgs/lib:/home/simulations/ros2_sims_ws/install/unique_identifier_msgs/lib:/home/simulations/ros2_sims_ws/install/trajectory_msgs/lib:/home/simulations/ros2_sims_ws/install/stereo_msgs/lib:/home/simulations/ros2_sims_ws/install/std_srvs/lib:/home/simulations/ros2_sims_ws/install/shape_msgs/lib:/home/simulations/ros2_sims_ws/install/sensor_msgs/lib:/home/simulations/ros2_sims_ws/install/nav_msgs/lib:/home/simulations/ros2_sims_ws/install/diagnostic_msgs/lib:/home/simulations/ros2_sims_ws/install/geometry_msgs/lib:/home/simulations/ros2_sims_ws/install/actionlib_msgs/lib:/home/simulations/ros2_sims_ws/install/std_msgs/lib:/home/simulations/ros2_sims_ws/install/statistics_msgs/lib:/home/simulations/ros2_sims_ws/install/rosgraph_msgs/lib:/home/simulations/ros2_sims_ws/install/rclrs_example_msgs/lib:/home/simulations/ros2_sims_ws/install/composition_interfaces/lib:/home/simulations/ros2_sims_ws/install/rcl_interfaces/lib:/home/simulations/ros2_sims_ws/install/lifecycle_msgs/lib:/home/simulations/ros2_sims_ws/install/builtin_interfaces/lib:/opt/ros/humble/opt/rviz_ogre_vendor/lib:/opt/ros/humble/lib/x86_64-linux-gnu:/opt/ros/humble/lib:/usr/local/cuda-10.2/lib64:/home/user/.catkin_ws_python3/src/TensorRT-7.0.0.11/lib:/usr/lib/x86_64-linux-gnu/gazebo-11/plugins:/usr/lib/x86_64-linux-gnu/gazebo-11/plugins:/usr/lib/x86_64-linux-gnu/gazebo-11/plugins PYTHONPATH=/home/user/ros2_ws/install/my_robot_interfaces/local/lib/python3.10/dist-packages:${PYTHONPATH} _=/usr/bin/env /usr/bin/cmake --build /home/user/ros2_ws/build/ros2_tf_project -- -j8 -l8
[0.418s] [35m[1mConsolidate compiler generated dependencies of target feature_detector[0m
[0.613s] [ 50%] [32mBuilding CXX object CMakeFiles/feature_detector.dir/src/feature_detector.cpp.o[0m
[12.292s] [01m[K/home/user/ros2_ws/src/ros2_tf_project/src/feature_detector.cpp:15:26:[m[K [01;31m[Kerror: [m[K'[01m[Kros2_tf_project[m[K' does not name a type
[12.293s]    15 | using FeatureDetection = [01;31m[Kros2_tf_project[m[K::srv::FeatureDetection;
[12.294s]       |                          [01;31m[K^~~~~~~~~~~~~~~[m[K
[12.519s] [01m[K/home/user/ros2_ws/src/ros2_tf_project/src/feature_detector.cpp:34:21:[m[K [01;31m[Kerror: [m[K'[01m[KFeatureDetection[m[K' was not declared in this scope; did you mean '[01m[Kmy_robot_interfaces::srv::FeatureDetection[m[K'?
[12.519s]    34 |     rclcpp::Service<[01;31m[KFeatureDetection[m[K>::SharedPtr feature_srv_;
[12.519s]       |                     [01;31m[K^~~~~~~~~~~~~~~~[m[K
[12.519s]       |                     [32m[Kmy_robot_interfaces::srv::FeatureDetection[m[K
[12.519s] In file included from [01m[K/home/user/ros2_ws/install/my_robot_interfaces/include/my_robot_interfaces/my_robot_interfaces/srv/feature_detection.hpp:7[m[K,
[12.519s]                  from [01m[K/home/user/ros2_ws/src/ros2_tf_project/src/feature_detector.cpp:13[m[K:
[12.519s] [01m[K/home/user/ros2_ws/install/my_robot_interfaces/include/my_robot_interfaces/my_robot_interfaces/srv/detail/feature_detection__struct.hpp:296:8:[m[K [01;36m[Knote: [m[K'[01m[Kmy_robot_interfaces::srv::FeatureDetection[m[K' declared here
[12.520s]   296 | struct [01;36m[KFeatureDetection[m[K
[12.520s]       |        [01;36m[K^~~~~~~~~~~~~~~~[m[K
[12.521s] [01m[K/home/user/ros2_ws/src/ros2_tf_project/src/feature_detector.cpp:34:37:[m[K [01;31m[Kerror: [m[Ktemplate argument 1 is invalid
[12.522s]    34 | rclcpp::Service<FeatureDetection[01;31m[K>[m[K::SharedPtr feature_srv_;
[12.522s]       |                                 [01;31m[K^[m[K
[12.522s] 
[12.522s] [01m[K/home/user/ros2_ws/src/ros2_tf_project/src/feature_detector.cpp:34:40:[m[K [01;31m[Kerror: [m[Kexpected '[01m[K;[m[K' at end of member declaration
[12.522s]    34 | cpp::Service<FeatureDetection>::[01;31m[KSharedPtr[m[K feature_srv_;
[12.523s]       |                                 [01;31m[K^~~~~~~~~[m[K
[12.523s]       |                                          [32m[K;[m[K
[12.527s] [01m[K/home/user/ros2_ws/src/ros2_tf_project/src/feature_detector.cpp:34:50:[m[K [01;31m[Kerror: [m[K'[01m[Kfeature_srv_[m[K' does not name a type
[12.527s]    34 | ce<FeatureDetection>::SharedPtr [01;31m[Kfeature_srv_[m[K;
[12.527s]       |                                 [01;31m[K^~~~~~~~~~~~[m[K
[12.527s] 
[12.542s] [01m[K/home/user/ros2_ws/src/ros2_tf_project/src/feature_detector.cpp:45:31:[m[K [01;31m[Kerror: [m[K'[01m[KFeatureDetection[m[K' was not declared in this scope; did you mean '[01m[Kmy_robot_interfaces::srv::FeatureDetection[m[K'?
[12.542s]    45 |         const std::shared_ptr<[01;31m[KFeatureDetection[m[K::Request> request,
[12.542s]       |                               [01;31m[K^~~~~~~~~~~~~~~~[m[K
[12.542s]       |                               [32m[Kmy_robot_interfaces::srv::FeatureDetection[m[K
[12.542s] In file included from [01m[K/home/user/ros2_ws/install/my_robot_interfaces/include/my_robot_interfaces/my_robot_interfaces/srv/feature_detection.hpp:7[m[K,
[12.543s]                  from [01m[K/home/user/ros2_ws/src/ros2_tf_project/src/feature_detector.cpp:13[m[K:
[12.543s] [01m[K/home/user/ros2_ws/install/my_robot_interfaces/include/my_robot_interfaces/my_robot_interfaces/srv/detail/feature_detection__struct.hpp:296:8:[m[K [01;36m[Knote: [m[K'[01m[Kmy_robot_interfaces::srv::FeatureDetection[m[K' declared here
[12.543s]   296 | struct [01;36m[KFeatureDetection[m[K
[12.543s]       |        [01;36m[K^~~~~~~~~~~~~~~~[m[K
[12.543s] [01m[K/home/user/ros2_ws/src/ros2_tf_project/src/feature_detector.cpp:45:56:[m[K [01;31m[Kerror: [m[Ktemplate argument 1 is invalid
[12.543s]    45 | red_ptr<FeatureDetection::Request[01;31m[K>[m[K request,
[12.543s]       |                                  [01;31m[K^[m[K
[12.579s] 
[12.580s] [01m[K/home/user/ros2_ws/src/ros2_tf_project/src/feature_detector.cpp:45:31:[m[K [01;31m[Kerror: [m[K'[01m[KFeatureDetection[m[K' was not declared in this scope; did you mean '[01m[Kmy_robot_interfaces::srv::FeatureDetection[m[K'?
[12.582s]    45 |         const std::shared_ptr<[01;31m[KFeatureDetection[m[K::Request> request,
[12.585s]       |                               [01;31m[K^~~~~~~~~~~~~~~~[m[K
[12.585s]       |                               [32m[Kmy_robot_interfaces::srv::FeatureDetection[m[K
[12.585s] In file included from [01m[K/home/user/ros2_ws/install/my_robot_interfaces/include/my_robot_interfaces/my_robot_interfaces/srv/feature_detection.hpp:7[m[K,
[12.585s]                  from [01m[K/home/user/ros2_ws/src/ros2_tf_project/src/feature_detector.cpp:13[m[K:
[12.586s] [01m[K/home/user/ros2_ws/install/my_robot_interfaces/include/my_robot_interfaces/my_robot_interfaces/srv/detail/feature_detection__struct.hpp:296:8:[m[K [01;36m[Knote: [m[K'[01m[Kmy_robot_interfaces::srv::FeatureDetection[m[K' declared here
[12.586s]   296 | struct [01;36m[KFeatureDetection[m[K
[12.586s]       |        [01;36m[K^~~~~~~~~~~~~~~~[m[K
[12.586s] [01m[K/home/user/ros2_ws/src/ros2_tf_project/src/feature_detector.cpp:45:56:[m[K [01;31m[Kerror: [m[Ktemplate argument 1 is invalid
[12.586s]    45 | red_ptr<FeatureDetection::Request[01;31m[K>[m[K request,
[12.586s]       |                                  [01;31m[K^[m[K
[12.586s] 
[12.586s] [01m[K/home/user/ros2_ws/src/ros2_tf_project/src/feature_detector.cpp:45:31:[m[K [01;31m[Kerror: [m[K'[01m[KFeatureDetection[m[K' was not declared in this scope; did you mean '[01m[Kmy_robot_interfaces::srv::FeatureDetection[m[K'?
[12.587s]    45 |         const std::shared_ptr<[01;31m[KFeatureDetection[m[K::Request> request,
[12.587s]       |                               [01;31m[K^~~~~~~~~~~~~~~~[m[K
[12.587s]       |                               [32m[Kmy_robot_interfaces::srv::FeatureDetection[m[K
[12.587s] In file included from [01m[K/home/user/ros2_ws/install/my_robot_interfaces/include/my_robot_interfaces/my_robot_interfaces/srv/feature_detection.hpp:7[m[K,
[12.587s]                  from [01m[K/home/user/ros2_ws/src/ros2_tf_project/src/feature_detector.cpp:13[m[K:
[12.588s] [01m[K/home/user/ros2_ws/install/my_robot_interfaces/include/my_robot_interfaces/my_robot_interfaces/srv/detail/feature_detection__struct.hpp:296:8:[m[K [01;36m[Knote: [m[K'[01m[Kmy_robot_interfaces::srv::FeatureDetection[m[K' declared here
[12.588s]   296 | struct [01;36m[KFeatureDetection[m[K
[12.589s]       |        [01;36m[K^~~~~~~~~~~~~~~~[m[K
[12.589s] [01m[K/home/user/ros2_ws/src/ros2_tf_project/src/feature_detector.cpp:45:56:[m[K [01;31m[Kerror: [m[Ktemplate argument 1 is invalid
[12.589s]    45 | red_ptr<FeatureDetection::Request[01;31m[K>[m[K request,
[12.589s]       |                                  [01;31m[K^[m[K
[12.589s] 
[12.589s] [01m[K/home/user/ros2_ws/src/ros2_tf_project/src/feature_detector.cpp:45:15:[m[K [01;31m[Kerror: [m[Kinvalid template-id
[12.589s]    45 |         const [01;31m[Kstd[m[K::shared_ptr<FeatureDetection::Request> request,
[12.590s]       |               [01;31m[K^~~[m[K
[12.590s] [01m[K/home/user/ros2_ws/src/ros2_tf_project/src/feature_detector.cpp:45:31:[m[K [01;31m[Kerror: [m[K'[01m[KFeatureDetection[m[K' has not been declared
[12.590s]    45 |         const std::shared_ptr<[01;31m[KFeatureDetection[m[K::Request> request,
[12.590s]       |                               [01;31m[K^~~~~~~~~~~~~~~~[m[K
[12.590s] [01m[K/home/user/ros2_ws/src/ros2_tf_project/src/feature_detector.cpp:45:9:[m[K [01;31m[Kerror: [m[Kclass template placeholder '[01m[Kstd::shared_ptr[m[K' not permitted in this context
[12.590s]    45 |         [01;31m[Kconst[m[K std::shared_ptr<FeatureDetection::Request> request,
[12.591s]       |         [01;31m[K^~~~~[m[K
[12.591s] [01m[K/home/user/ros2_ws/src/ros2_tf_project/src/feature_detector.cpp:46:25:[m[K [01;31m[Kerror: [m[K'[01m[KFeatureDetection[m[K' was not declared in this scope; did you mean '[01m[Kmy_robot_interfaces::srv::FeatureDetection[m[K'?
[12.591s]    46 |         std::shared_ptr<[01;31m[KFeatureDetection[m[K::Response> response) {
[12.591s]       |                         [01;31m[K^~~~~~~~~~~~~~~~[m[K
[12.591s]       |                         [32m[Kmy_robot_interfaces::srv::FeatureDetection[m[K
[12.591s] In file included from [01m[K/home/user/ros2_ws/install/my_robot_interfaces/include/my_robot_interfaces/my_robot_interfaces/srv/feature_detection.hpp:7[m[K,
[12.591s]                  from [01m[K/home/user/ros2_ws/src/ros2_tf_project/src/feature_detector.cpp:13[m[K:
[12.592s] [01m[K/home/user/ros2_ws/install/my_robot_interfaces/include/my_robot_interfaces/my_robot_interfaces/srv/detail/feature_detection__struct.hpp:296:8:[m[K [01;36m[Knote: [m[K'[01m[Kmy_robot_interfaces::srv::FeatureDetection[m[K' declared here
[12.592s]   296 | struct [01;36m[KFeatureDetection[m[K
[12.592s]       |        [01;36m[K^~~~~~~~~~~~~~~~[m[K
[12.592s] [01m[K/home/user/ros2_ws/src/ros2_tf_project/src/feature_detector.cpp:46:51:[m[K [01;31m[Kerror: [m[Ktemplate argument 1 is invalid
[12.592s]    46 | d_ptr<FeatureDetection::Response[01;31m[K>[m[K response) {
[12.592s]       |                                 [01;31m[K^[m[K
[12.592s] 
[12.593s] [01m[K/home/user/ros2_ws/src/ros2_tf_project/src/feature_detector.cpp:46:25:[m[K [01;31m[Kerror: [m[K'[01m[KFeatureDetection[m[K' was not declared in this scope; did you mean '[01m[Kmy_robot_interfaces::srv::FeatureDetection[m[K'?
[12.593s]    46 |         std::shared_ptr<[01;31m[KFeatureDetection[m[K::Response> response) {
[12.593s]       |                         [01;31m[K^~~~~~~~~~~~~~~~[m[K
[12.593s]       |                         [32m[Kmy_robot_interfaces::srv::FeatureDetection[m[K
[12.593s] In file included from [01m[K/home/user/ros2_ws/install/my_robot_interfaces/include/my_robot_interfaces/my_robot_interfaces/srv/feature_detection.hpp:7[m[K,
[12.593s]                  from [01m[K/home/user/ros2_ws/src/ros2_tf_project/src/feature_detector.cpp:13[m[K:
[12.593s] [01m[K/home/user/ros2_ws/install/my_robot_interfaces/include/my_robot_interfaces/my_robot_interfaces/srv/detail/feature_detection__struct.hpp:296:8:[m[K [01;36m[Knote: [m[K'[01m[Kmy_robot_interfaces::srv::FeatureDetection[m[K' declared here
[12.593s]   296 | struct [01;36m[KFeatureDetection[m[K
[12.594s]       |        [01;36m[K^~~~~~~~~~~~~~~~[m[K
[12.594s] [01m[K/home/user/ros2_ws/src/ros2_tf_project/src/feature_detector.cpp:46:51:[m[K [01;31m[Kerror: [m[Ktemplate argument 1 is invalid
[12.594s]    46 | d_ptr<FeatureDetection::Response[01;31m[K>[m[K response) {
[12.594s]       |                                 [01;31m[K^[m[K
[12.594s] 
[12.595s] [01m[K/home/user/ros2_ws/src/ros2_tf_project/src/feature_detector.cpp:46:25:[m[K [01;31m[Kerror: [m[K'[01m[KFeatureDetection[m[K' was not declared in this scope; did you mean '[01m[Kmy_robot_interfaces::srv::FeatureDetection[m[K'?
[12.595s]    46 |         std::shared_ptr<[01;31m[KFeatureDetection[m[K::Response> response) {
[12.595s]       |                         [01;31m[K^~~~~~~~~~~~~~~~[m[K
[12.595s]       |                         [32m[Kmy_robot_interfaces::srv::FeatureDetection[m[K
[12.596s] In file included from [01m[K/home/user/ros2_ws/install/my_robot_interfaces/include/my_robot_interfaces/my_robot_interfaces/srv/feature_detection.hpp:7[m[K,
[12.597s]                  from [01m[K/home/user/ros2_ws/src/ros2_tf_project/src/feature_detector.cpp:13[m[K:
[12.597s] [01m[K/home/user/ros2_ws/install/my_robot_interfaces/include/my_robot_interfaces/my_robot_interfaces/srv/detail/feature_detection__struct.hpp:296:8:[m[K [01;36m[Knote: [m[K'[01m[Kmy_robot_interfaces::srv::FeatureDetection[m[K' declared here
[12.597s]   296 | struct [01;36m[KFeatureDetection[m[K
[12.597s]       |        [01;36m[K^~~~~~~~~~~~~~~~[m[K
[12.597s] [01m[K/home/user/ros2_ws/src/ros2_tf_project/src/feature_detector.cpp:46:51:[m[K [01;31m[Kerror: [m[Ktemplate argument 1 is invalid
[12.597s]    46 | d_ptr<FeatureDetection::Response[01;31m[K>[m[K response) {
[12.597s]       |                                 [01;31m[K^[m[K
[12.598s] 
[12.598s] [01m[K/home/user/ros2_ws/src/ros2_tf_project/src/feature_detector.cpp:46:9:[m[K [01;31m[Kerror: [m[Kinvalid template-id
[12.598s]    46 |         [01;31m[Kstd[m[K::shared_ptr<FeatureDetection::Response> response) {
[12.598s]       |         [01;31m[K^~~[m[K
[12.598s] [01m[K/home/user/ros2_ws/src/ros2_tf_project/src/feature_detector.cpp:46:25:[m[K [01;31m[Kerror: [m[K'[01m[KFeatureDetection[m[K' has not been declared
[12.599s]    46 |         std::shared_ptr<[01;31m[KFeatureDetection[m[K::Response> response) {
[12.599s]       |                         [01;31m[K^~~~~~~~~~~~~~~~[m[K
[12.599s] [01m[K/home/user/ros2_ws/src/ros2_tf_project/src/feature_detector.cpp:46:9:[m[K [01;31m[Kerror: [m[Kclass template placeholder '[01m[Kstd::shared_ptr[m[K' not permitted in this context
[12.600s]    46 |         [01;31m[Kstd[m[K::shared_ptr<FeatureDetection::Response> response) {
[12.600s]       |         [01;31m[K^~~[m[K
[12.708s] [01m[K/home/user/ros2_ws/src/ros2_tf_project/src/feature_detector.cpp:[m[K In constructor '[01m[KFeatureDetector::FeatureDetector()[m[K':
[12.708s] [01m[K/home/user/ros2_ws/src/ros2_tf_project/src/feature_detector.cpp:24:9:[m[K [01;31m[Kerror: [m[K'[01m[Kfeature_srv_[m[K' was not declared in this scope
[12.708s]    24 |         [01;31m[Kfeature_srv_[m[K = this->create_service<FeatureDetection>(
[12.708s]       |         [01;31m[K^~~~~~~~~~~~[m[K
[12.709s] [01m[K/home/user/ros2_ws/src/ros2_tf_project/src/feature_detector.cpp:24:45:[m[K [01;31m[Kerror: [m[K'[01m[KFeatureDetection[m[K' was not declared in this scope; did you mean '[01m[Kmy_robot_interfaces::srv::FeatureDetection[m[K'?
[12.709s]    24 | ure_srv_ = this->create_service<[01;31m[KFeatureDetection[m[K>(
[12.709s]       |                                 [01;31m[K^~~~~~~~~~~~~~~~[m[K
[12.709s]       |                                 [32m[Kmy_robot_interfaces::srv::FeatureDetection[m[K
[12.709s] In file included from [01m[K/home/user/ros2_ws/install/my_robot_interfaces/include/my_robot_interfaces/my_robot_interfaces/srv/feature_detection.hpp:7[m[K,
[12.710s]                  from [01m[K/home/user/ros2_ws/src/ros2_tf_project/src/feature_detector.cpp:13[m[K:
[12.710s] [01m[K/home/user/ros2_ws/install/my_robot_interfaces/include/my_robot_interfaces/my_robot_interfaces/srv/detail/feature_detection__struct.hpp:296:8:[m[K [01;36m[Knote: [m[K'[01m[Kmy_robot_interfaces::srv::FeatureDetection[m[K' declared here
[12.710s]   296 | struct [01;36m[KFeatureDetection[m[K
[12.710s]       |        [01;36m[K^~~~~~~~~~~~~~~~[m[K
[12.725s] [01m[K/home/user/ros2_ws/src/ros2_tf_project/src/feature_detector.cpp:24:62:[m[K [01;31m[Kerror: [m[Kno matching function for call to '[01m[KFeatureDetector::create_service<<expression error> >(const char [19], std::_Bind_helper<false, void (FeatureDetector::*)(...), FeatureDetector*, const std::_Placeholder<1>&, const std::_Placeholder<2>&>::type)[m[K'
[12.725s]    24 | _ = [01;31m[Kthis->create_service<FeatureDetection>([m[K
[12.725s]       |     [01;31m[K~~~~~~~~~~~~~~~~~~~~~~~~~~~~~~~~~~~~~~^[m[K
[12.726s] 
[12.726s]    25 | [01;31m[Kre_detection",[m[K
[12.726s]       | [01;31m[K~~~~~~~~~~~~~~[m[K                             
[12.726s] 
[12.779s]    26 | [01;31m[Knd(&FeatureDetector::handleFeatureDetection, this, std::placeholders::_1, std::placeholders::_2))[m[K;
[12.779s]       | [01;31m[K~~~~~~~~~~~~~~~~~~~~~~~~~~~~~~~~~~~~~~~~~~~~~~~~~~~~~~~~~~~~~~~~~~~~~~~~~~~~~~~~~~~~~~~~~~~~~~~~~[m[K
[12.779s] 
[12.779s] In file included from [01m[K/opt/ros/humble/include/rclcpp/rclcpp/executors/single_threaded_executor.hpp:28[m[K,
[12.779s]                  from [01m[K/opt/ros/humble/include/rclcpp/rclcpp/executors.hpp:22[m[K,
[12.779s]                  from [01m[K/opt/ros/humble/include/rclcpp/rclcpp/rclcpp.hpp:155[m[K,
[12.779s]                  from [01m[K/home/user/ros2_ws/src/ros2_tf_project/src/feature_detector.cpp:1[m[K:
[12.779s] [01m[K/opt/ros/humble/include/rclcpp/rclcpp/node.hpp:267:3:[m[K [01;36m[Knote: [m[Kcandidate: '[01m[Ktemplate<class ServiceT, class CallbackT> typename rclcpp::Service<ServiceT>::SharedPtr rclcpp::Node::create_service(const string&, CallbackT&&, const rmw_qos_profile_t&, rclcpp::CallbackGroup::SharedPtr)[m[K'
[12.779s]   267 |   [01;36m[Kcreate_service[m[K(
[12.779s]       |   [01;36m[K^~~~~~~~~~~~~~[m[K
[12.780s] [01m[K/opt/ros/humble/include/rclcpp/rclcpp/node.hpp:267:3:[m[K [01;36m[Knote: [m[K  template argument deduction/substitution failed:
[12.781s] [01m[K/home/user/ros2_ws/src/ros2_tf_project/src/feature_detector.cpp:24:62:[m[K [01;31m[Kerror: [m[Ktemplate argument 1 is invalid
[12.781s]    24 | _ = [01;31m[Kthis->create_service<FeatureDetection>([m[K
[12.781s]       |     [01;31m[K~~~~~~~~~~~~~~~~~~~~~~~~~~~~~~~~~~~~~~^[m[K
[12.781s] 
[12.781s]    25 | [01;31m[Kre_detection",[m[K
[12.781s]       | [01;31m[K~~~~~~~~~~~~~~[m[K                             
[12.781s] 
[12.781s]    26 | [01;31m[Knd(&FeatureDetector::handleFeatureDetection, this, std::placeholders::_1, std::placeholders::_2))[m[K;
[12.781s]       | [01;31m[K~~~~~~~~~~~~~~~~~~~~~~~~~~~~~~~~~~~~~~~~~~~~~~~~~~~~~~~~~~~~~~~~~~~~~~~~~~~~~~~~~~~~~~~~~~~~~~~~~[m[K
[12.781s] 
[12.793s] [01m[K/home/user/ros2_ws/src/ros2_tf_project/src/feature_detector.cpp:[m[K In member function '[01m[Kvoid FeatureDetector::handleFeatureDetection(...)[m[K':
[12.793s] [01m[K/home/user/ros2_ws/src/ros2_tf_project/src/feature_detector.cpp:105:9:[m[K [01;31m[Kerror: [m[K'[01m[Kresponse[m[K' was not declared in this scope
[12.793s]   105 |         [01;31m[Kresponse[m[K->positions = detected_points;
[12.793s]       |         [01;31m[K^~~~~~~~[m[K
[23.894s] gmake[2]: *** [CMakeFiles/feature_detector.dir/build.make:76: CMakeFiles/feature_detector.dir/src/feature_detector.cpp.o] Error 1
[23.894s] gmake[1]: *** [CMakeFiles/Makefile2:137: CMakeFiles/feature_detector.dir/all] Error 2
[23.895s] gmake: *** [Makefile:146: all] Error 2
[23.901s] Invoked command in '/home/user/ros2_ws/build/ros2_tf_project' returned '2': AMENT_PREFIX_PATH=/home/user/ros2_ws/install/my_robot_interfaces:${AMENT_PREFIX_PATH} CMAKE_PREFIX_PATH=/home/user/ros2_ws/install/my_robot_interfaces:/home/user/ros2_ws/install/tb3_burger_localization:/home/user/ros2_ws/install/tb3_burger_cartographer:/home/user/simulation_ws/install/turtlebot3:/home/user/simulation_ws/install/turtlebot3_simulations:/home/user/simulation_ws/install/turtlebot3_navigation2:/home/user/simulation_ws/install/turtlebot3_msgs:/home/user/simulation_ws/install/turtlebot3_gazebo:/home/user/simulation_ws/install/turtlebot3_bringup:/home/user/simulation_ws/install/turtlebot3_description:/home/user/simulation_ws/install/turtlebot3_cartographer:/home/simulations/ros2_sims_ws/install/common_interfaces:/home/simulations/ros2_sims_ws/install/visualization_msgs:/home/simulations/ros2_sims_ws/install/test_msgs:/home/simulations/ros2_sims_ws/install/example_interfaces:/home/simulations/ros2_sims_ws/install/action_msgs:/home/simulations/ros2_sims_ws/install/unique_identifier_msgs:/home/simulations/ros2_sims_ws/install/trajectory_msgs:/home/simulations/ros2_sims_ws/install/test_interface_files:/home/simulations/ros2_sims_ws/install/stereo_msgs:/home/simulations/ros2_sims_ws/install/std_srvs:/home/simulations/ros2_sims_ws/install/shape_msgs:/home/simulations/ros2_sims_ws/install/sensor_msgs:/home/simulations/ros2_sims_ws/install/nav_msgs:/home/simulations/ros2_sims_ws/install/diagnostic_msgs:/home/simulations/ros2_sims_ws/install/geometry_msgs:/home/simulations/ros2_sims_ws/install/actionlib_msgs:/home/simulations/ros2_sims_ws/install/std_msgs:/home/simulations/ros2_sims_ws/install/statistics_msgs:/home/simulations/ros2_sims_ws/install/rosgraph_msgs:/home/simulations/ros2_sims_ws/install/rclrs_example_msgs:/home/simulations/ros2_sims_ws/install/composition_interfaces:/home/simulations/ros2_sims_ws/install/rcl_interfaces:/home/simulations/ros2_sims_ws/install/lifecycle_msgs:/home/simulations/ros2_sims_ws/install/builtin_interfaces:/home/simulations/ros2_sims_ws/install/rosidl_default_runtime:/home/simulations/ros2_sims_ws/install/rosidl_default_generators:/home/simulations/ros2_sims_ws/install/rosidl_generator_rs:/home/user/simulation_ws/install/turtlebot3_teleop:/home/user/simulation_ws/install/turtlebot3_example:/home/simulations/ros2_sims_ws/install/rclrs_tests:/home/simulations/ros2_sims_ws/install/examples_rclrs_minimal_client_service:/home/simulations/ros2_sims_ws/install/sensor_msgs_py:/home/simulations/ros2_sims_ws/install/examples_rclrs_minimal_pub_sub:/home/simulations/ros2_sims_ws/install/examples_rclrs_message_demo:/home/simulations/ros2_sims_ws/install/rclrs:/home/simulations/ros2_sims_ws/install/rosidl_runtime_rs:/opt/ros/humble LD_LIBRARY_PATH=/home/user/ros2_ws/install/my_robot_interfaces/lib:/home/user/simulation_ws/install/turtlebot3_msgs/lib:/usr/local/cuda-10.2/lib64:/home/user/.catkin_ws_python3/src/TensorRT-7.0.0.11/lib:/home/simulations/ros2_sims_ws/install/visualization_msgs/lib:/home/simulations/ros2_sims_ws/install/test_msgs/lib:/home/simulations/ros2_sims_ws/install/example_interfaces/lib:/home/simulations/ros2_sims_ws/install/action_msgs/lib:/home/simulations/ros2_sims_ws/install/unique_identifier_msgs/lib:/home/simulations/ros2_sims_ws/install/trajectory_msgs/lib:/home/simulations/ros2_sims_ws/install/stereo_msgs/lib:/home/simulations/ros2_sims_ws/install/std_srvs/lib:/home/simulations/ros2_sims_ws/install/shape_msgs/lib:/home/simulations/ros2_sims_ws/install/sensor_msgs/lib:/home/simulations/ros2_sims_ws/install/nav_msgs/lib:/home/simulations/ros2_sims_ws/install/diagnostic_msgs/lib:/home/simulations/ros2_sims_ws/install/geometry_msgs/lib:/home/simulations/ros2_sims_ws/install/actionlib_msgs/lib:/home/simulations/ros2_sims_ws/install/std_msgs/lib:/home/simulations/ros2_sims_ws/install/statistics_msgs/lib:/home/simulations/ros2_sims_ws/install/rosgraph_msgs/lib:/home/simulations/ros2_sims_ws/install/rclrs_example_msgs/lib:/home/simulations/ros2_sims_ws/install/composition_interfaces/lib:/home/simulations/ros2_sims_ws/install/rcl_interfaces/lib:/home/simulations/ros2_sims_ws/install/lifecycle_msgs/lib:/home/simulations/ros2_sims_ws/install/builtin_interfaces/lib:/opt/ros/humble/opt/rviz_ogre_vendor/lib:/opt/ros/humble/lib/x86_64-linux-gnu:/opt/ros/humble/lib:/usr/local/cuda-10.2/lib64:/home/user/.catkin_ws_python3/src/TensorRT-7.0.0.11/lib:/usr/lib/x86_64-linux-gnu/gazebo-11/plugins:/usr/lib/x86_64-linux-gnu/gazebo-11/plugins:/usr/lib/x86_64-linux-gnu/gazebo-11/plugins PYTHONPATH=/home/user/ros2_ws/install/my_robot_interfaces/local/lib/python3.10/dist-packages:${PYTHONPATH} _=/usr/bin/env /usr/bin/cmake --build /home/user/ros2_ws/build/ros2_tf_project -- -j8 -l8
