[0.022s] Invoking command in '/home/latih/ros2-tf-real-robot-project/build/my_robot_interfaces': CMAKE_PREFIX_PATH=${CMAKE_PREFIX_PATH}:/home/latih/ros2-tf-real-robot-project/install/turtlebot3_teleop:/home/latih/ros2-tf-real-robot-project/install/turtlebot3_example:/opt/ros/humble /usr/bin/cmake /home/latih/ros2-tf-real-robot-project/ros2_ws/src/my_robot_interfaces -DCMAKE_INSTALL_PREFIX=/home/latih/ros2-tf-real-robot-project/install/my_robot_interfaces
[0.208s] -- The C compiler identification is GNU 11.4.0
[0.208s] -- The CXX compiler identification is GNU 11.4.0
[0.208s] -- Detecting C compiler ABI info
[0.208s] -- Detecting C compiler ABI info - done
[0.208s] -- Check for working C compiler: /usr/bin/cc - skipped
[0.208s] -- Detecting C compile features
[0.208s] -- Detecting C compile features - done
[0.208s] -- Detecting CXX compiler ABI info
[0.224s] -- Detecting CXX compiler ABI info - done
[0.231s] -- Check for working CXX compiler: /usr/bin/c++ - skipped
[0.232s] -- Detecting CXX compile features
[0.232s] -- Detecting CXX compile features - done
[0.233s] -- Found ament_cmake: 1.3.11 (/opt/ros/humble/share/ament_cmake/cmake)
[0.348s] -- Found Python3: /usr/bin/python3 (found version "3.10.12") found components: Interpreter 
[0.434s] -- Found rosidl_default_generators: 1.2.0 (/opt/ros/humble/share/rosidl_default_generators/cmake)
[0.437s] -- Using all available rosidl_typesupport_c: rosidl_typesupport_fastrtps_c;rosidl_typesupport_introspection_c
[0.443s] -- Found rosidl_adapter: 3.1.6 (/opt/ros/humble/share/rosidl_adapter/cmake)
[0.501s] -- Using all available rosidl_typesupport_cpp: rosidl_typesupport_fastrtps_cpp;rosidl_typesupport_introspection_cpp
[0.552s] -- Found geometry_msgs: 4.8.0 (/opt/ros/humble/share/geometry_msgs/cmake)
[0.819s] -- Found ament_cmake_ros: 0.10.0 (/opt/ros/humble/share/ament_cmake_ros/cmake)
[1.025s] -- Using all available rosidl_typesupport_c: rosidl_typesupport_fastrtps_c;rosidl_typesupport_introspection_c
[1.306s] -- Using all available rosidl_typesupport_cpp: rosidl_typesupport_fastrtps_cpp;rosidl_typesupport_introspection_cpp
[1.325s] -- Found PythonInterp: /usr/bin/python3 (found suitable version "3.10.12", minimum required is "3.6") 
[1.326s] -- Found python_cmake_module: 0.10.0 (/opt/ros/humble/share/python_cmake_module/cmake)
[1.348s] -- Found PythonLibs: /usr/lib/x86_64-linux-gnu/libpython3.10.so (found suitable version "3.10.12", minimum required is "3.5") 
[1.348s] -- Using PYTHON_EXECUTABLE: /usr/bin/python3
[1.348s] -- Using PYTHON_INCLUDE_DIRS: /usr/include/python3.10
[1.348s] -- Using PYTHON_LIBRARIES: /usr/lib/x86_64-linux-gnu/libpython3.10.so
[1.363s] -- Found PythonExtra: .so  
[1.407s] -- Configuring done
[1.428s] -- Generating done
[1.436s] -- Build files have been written to: /home/latih/ros2-tf-real-robot-project/build/my_robot_interfaces
[1.442s] Invoked command in '/home/latih/ros2-tf-real-robot-project/build/my_robot_interfaces' returned '0': CMAKE_PREFIX_PATH=${CMAKE_PREFIX_PATH}:/home/latih/ros2-tf-real-robot-project/install/turtlebot3_teleop:/home/latih/ros2-tf-real-robot-project/install/turtlebot3_example:/opt/ros/humble /usr/bin/cmake /home/latih/ros2-tf-real-robot-project/ros2_ws/src/my_robot_interfaces -DCMAKE_INSTALL_PREFIX=/home/latih/ros2-tf-real-robot-project/install/my_robot_interfaces
[1.443s] Invoking command in '/home/latih/ros2-tf-real-robot-project/build/my_robot_interfaces': CMAKE_PREFIX_PATH=${CMAKE_PREFIX_PATH}:/home/latih/ros2-tf-real-robot-project/install/turtlebot3_teleop:/home/latih/ros2-tf-real-robot-project/install/turtlebot3_example:/opt/ros/humble /usr/bin/cmake --build /home/latih/ros2-tf-real-robot-project/build/my_robot_interfaces -- -j16 -l16
[1.474s] [  2%] [34m[1mGenerating C code for ROS interfaces[0m
[1.481s] [  5%] [34m[1mGenerating C++ code for ROS interfaces[0m
[1.486s] [  5%] Built target ament_cmake_python_copy_my_robot_interfaces
[1.672s] running egg_info
[1.673s] creating my_robot_interfaces.egg-info
[1.673s] writing my_robot_interfaces.egg-info/PKG-INFO
[1.673s] writing dependency_links to my_robot_interfaces.egg-info/dependency_links.txt
[1.673s] writing top-level names to my_robot_interfaces.egg-info/top_level.txt
[1.673s] writing manifest file 'my_robot_interfaces.egg-info/SOURCES.txt'
[1.674s] reading manifest file 'my_robot_interfaces.egg-info/SOURCES.txt'
[1.674s] writing manifest file 'my_robot_interfaces.egg-info/SOURCES.txt'
[1.696s] [  5%] Built target ament_cmake_python_build_my_robot_interfaces_egg
[1.817s] [  7%] [32mBuilding C object CMakeFiles/my_robot_interfaces__rosidl_generator_c.dir/rosidl_generator_c/my_robot_interfaces/srv/detail/feature_detection__functions.c.o[0m
[1.817s] [ 10%] [32mBuilding C object CMakeFiles/my_robot_interfaces__rosidl_generator_c.dir/rosidl_generator_c/my_robot_interfaces/srv/detail/simple_trajectory__functions.c.o[0m
[1.823s] [ 10%] Built target my_robot_interfaces__cpp
[1.831s] [ 12%] [34m[1mGenerating C++ type support dispatch for ROS interfaces[0m
[1.832s] [ 17%] [34m[1mGenerating C++ type support for eProsima Fast-RTPS[0m
[1.832s] [ 17%] [34m[1mGenerating C++ introspection for ROS interfaces[0m
[1.866s] [ 20%] [32m[1mLinking C shared library libmy_robot_interfaces__rosidl_generator_c.so[0m
[1.903s] [ 20%] Built target my_robot_interfaces__rosidl_generator_c
[1.909s] [ 23%] [34m[1mGenerating C introspection for ROS interfaces[0m
[1.909s] [ 25%] [34m[1mGenerating C type support for eProsima Fast-RTPS[0m
[1.913s] [ 28%] [34m[1mGenerating C type support dispatch for ROS interfaces[0m
[2.094s] [ 30%] [32mBuilding CXX object CMakeFiles/my_robot_interfaces__rosidl_typesupport_cpp.dir/rosidl_typesupport_cpp/my_robot_interfaces/srv/simple_trajectory__type_support.cpp.o[0m
[2.098s] [ 33%] [32mBuilding CXX object CMakeFiles/my_robot_interfaces__rosidl_typesupport_cpp.dir/rosidl_typesupport_cpp/my_robot_interfaces/srv/feature_detection__type_support.cpp.o[0m
[2.114s] [ 38%] [32mBuilding CXX object CMakeFiles/my_robot_interfaces__rosidl_typesupport_introspection_cpp.dir/rosidl_typesupport_introspection_cpp/my_robot_interfaces/srv/detail/simple_trajectory__type_support.cpp.o[0m
[2.115s] [ 38%] [32mBuilding CXX object CMakeFiles/my_robot_interfaces__rosidl_typesupport_introspection_cpp.dir/rosidl_typesupport_introspection_cpp/my_robot_interfaces/srv/detail/feature_detection__type_support.cpp.o[0m
[2.180s] [ 41%] [32mBuilding CXX object CMakeFiles/my_robot_interfaces__rosidl_typesupport_c.dir/rosidl_typesupport_c/my_robot_interfaces/srv/feature_detection__type_support.cpp.o[0m
[2.181s] [ 43%] [32mBuilding CXX object CMakeFiles/my_robot_interfaces__rosidl_typesupport_c.dir/rosidl_typesupport_c/my_robot_interfaces/srv/simple_trajectory__type_support.cpp.o[0m
[2.216s] [ 46%] [32m[1mLinking CXX shared library libmy_robot_interfaces__rosidl_typesupport_c.so[0m
[2.241s] [ 48%] [32mBuilding CXX object CMakeFiles/my_robot_interfaces__rosidl_typesupport_fastrtps_c.dir/rosidl_typesupport_fastrtps_c/my_robot_interfaces/srv/detail/feature_detection__type_support_c.cpp.o[0m
[2.241s] [ 51%] [32mBuilding CXX object CMakeFiles/my_robot_interfaces__rosidl_typesupport_fastrtps_c.dir/rosidl_typesupport_fastrtps_c/my_robot_interfaces/srv/detail/simple_trajectory__type_support_c.cpp.o[0m
[2.261s] [ 51%] Built target my_robot_interfaces__rosidl_typesupport_c
[2.265s] [ 53%] [32mBuilding C object CMakeFiles/my_robot_interfaces__rosidl_typesupport_introspection_c.dir/rosidl_typesupport_introspection_c/my_robot_interfaces/srv/detail/feature_detection__type_support.c.o[0m
[2.266s] [ 56%] [32mBuilding C object CMakeFiles/my_robot_interfaces__rosidl_typesupport_introspection_c.dir/rosidl_typesupport_introspection_c/my_robot_interfaces/srv/detail/simple_trajectory__type_support.c.o[0m
[2.297s] [ 58%] [32mBuilding CXX object CMakeFiles/my_robot_interfaces__rosidl_typesupport_fastrtps_cpp.dir/rosidl_typesupport_fastrtps_cpp/my_robot_interfaces/srv/detail/dds_fastrtps/feature_detection__type_support.cpp.o[0m
[2.302s] [ 61%] [32mBuilding CXX object CMakeFiles/my_robot_interfaces__rosidl_typesupport_fastrtps_cpp.dir/rosidl_typesupport_fastrtps_cpp/my_robot_interfaces/srv/detail/dds_fastrtps/simple_trajectory__type_support.cpp.o[0m
[2.320s] [ 64%] [32m[1mLinking C shared library libmy_robot_interfaces__rosidl_typesupport_introspection_c.so[0m
[2.377s] [ 64%] Built target my_robot_interfaces__rosidl_typesupport_introspection_c
[2.453s] [ 66%] [32m[1mLinking CXX shared library libmy_robot_interfaces__rosidl_typesupport_cpp.so[0m
[2.514s] [ 66%] Built target my_robot_interfaces__rosidl_typesupport_cpp
[2.583s] [ 69%] [32m[1mLinking CXX shared library libmy_robot_interfaces__rosidl_typesupport_introspection_cpp.so[0m
[2.674s] [ 69%] Built target my_robot_interfaces__rosidl_typesupport_introspection_cpp
[2.695s] [ 71%] [32m[1mLinking CXX shared library libmy_robot_interfaces__rosidl_typesupport_fastrtps_c.so[0m
[2.752s] [ 74%] [32m[1mLinking CXX shared library libmy_robot_interfaces__rosidl_typesupport_fastrtps_cpp.so[0m
[2.765s] [ 74%] Built target my_robot_interfaces__rosidl_typesupport_fastrtps_c
[2.804s] [ 74%] Built target my_robot_interfaces__rosidl_typesupport_fastrtps_cpp
[2.821s] [ 74%] Built target my_robot_interfaces
[2.842s] [ 76%] [34m[1mGenerating Python code for ROS interfaces[0m
[3.594s] [ 76%] Built target my_robot_interfaces__py
[3.634s] [ 79%] [32mBuilding C object CMakeFiles/my_robot_interfaces__rosidl_generator_py.dir/rosidl_generator_py/my_robot_interfaces/srv/_simple_trajectory_s.c.o[0m
[3.640s] [ 82%] [32mBuilding C object CMakeFiles/my_robot_interfaces__rosidl_generator_py.dir/rosidl_generator_py/my_robot_interfaces/srv/_feature_detection_s.c.o[0m
[3.814s] [ 84%] [32m[1mLinking C shared library rosidl_generator_py/my_robot_interfaces/libmy_robot_interfaces__rosidl_generator_py.so[0m
[3.873s] [ 84%] Built target my_robot_interfaces__rosidl_generator_py
[3.902s] [ 87%] [32mBuilding C object CMakeFiles/my_robot_interfaces__rosidl_typesupport_introspection_c__pyext.dir/rosidl_generator_py/my_robot_interfaces/_my_robot_interfaces_s.ep.rosidl_typesupport_introspection_c.c.o[0m
[3.902s] [ 89%] [32mBuilding C object CMakeFiles/my_robot_interfaces__rosidl_typesupport_fastrtps_c__pyext.dir/rosidl_generator_py/my_robot_interfaces/_my_robot_interfaces_s.ep.rosidl_typesupport_fastrtps_c.c.o[0m
[3.908s] [ 92%] [32mBuilding C object CMakeFiles/my_robot_interfaces__rosidl_typesupport_c__pyext.dir/rosidl_generator_py/my_robot_interfaces/_my_robot_interfaces_s.ep.rosidl_typesupport_c.c.o[0m
[4.010s] [ 94%] [32m[1mLinking C shared library rosidl_generator_py/my_robot_interfaces/my_robot_interfaces_s__rosidl_typesupport_introspection_c.cpython-310-x86_64-linux-gnu.so[0m
[4.025s] [ 97%] [32m[1mLinking C shared library rosidl_generator_py/my_robot_interfaces/my_robot_interfaces_s__rosidl_typesupport_fastrtps_c.cpython-310-x86_64-linux-gnu.so[0m
[4.056s] [ 97%] Built target my_robot_interfaces__rosidl_typesupport_introspection_c__pyext
[4.081s] [ 97%] Built target my_robot_interfaces__rosidl_typesupport_fastrtps_c__pyext
[4.093s] [100%] [32m[1mLinking C shared library rosidl_generator_py/my_robot_interfaces/my_robot_interfaces_s__rosidl_typesupport_c.cpython-310-x86_64-linux-gnu.so[0m
[4.137s] [100%] Built target my_robot_interfaces__rosidl_typesupport_c__pyext
[4.155s] Invoked command in '/home/latih/ros2-tf-real-robot-project/build/my_robot_interfaces' returned '0': CMAKE_PREFIX_PATH=${CMAKE_PREFIX_PATH}:/home/latih/ros2-tf-real-robot-project/install/turtlebot3_teleop:/home/latih/ros2-tf-real-robot-project/install/turtlebot3_example:/opt/ros/humble /usr/bin/cmake --build /home/latih/ros2-tf-real-robot-project/build/my_robot_interfaces -- -j16 -l16
[4.157s] Invoking command in '/home/latih/ros2-tf-real-robot-project/build/my_robot_interfaces': CMAKE_PREFIX_PATH=${CMAKE_PREFIX_PATH}:/home/latih/ros2-tf-real-robot-project/install/turtlebot3_teleop:/home/latih/ros2-tf-real-robot-project/install/turtlebot3_example:/opt/ros/humble /usr/bin/cmake --install /home/latih/ros2-tf-real-robot-project/build/my_robot_interfaces
[4.169s] -- Install configuration: ""
[4.169s] -- Installing: /home/latih/ros2-tf-real-robot-project/install/my_robot_interfaces/share/ament_index/resource_index/rosidl_interfaces/my_robot_interfaces
[4.169s] -- Installing: /home/latih/ros2-tf-real-robot-project/install/my_robot_interfaces/include/my_robot_interfaces/my_robot_interfaces
[4.169s] -- Installing: /home/latih/ros2-tf-real-robot-project/install/my_robot_interfaces/include/my_robot_interfaces/my_robot_interfaces/msg
[4.170s] -- Installing: /home/latih/ros2-tf-real-robot-project/install/my_robot_interfaces/include/my_robot_interfaces/my_robot_interfaces/msg/rosidl_generator_c__visibility_control.h
[4.170s] -- Installing: /home/latih/ros2-tf-real-robot-project/install/my_robot_interfaces/include/my_robot_interfaces/my_robot_interfaces/srv
[4.170s] -- Installing: /home/latih/ros2-tf-real-robot-project/install/my_robot_interfaces/include/my_robot_interfaces/my_robot_interfaces/srv/detail
[4.170s] -- Installing: /home/latih/ros2-tf-real-robot-project/install/my_robot_interfaces/include/my_robot_interfaces/my_robot_interfaces/srv/detail/simple_trajectory__struct.h
[4.170s] -- Installing: /home/latih/ros2-tf-real-robot-project/install/my_robot_interfaces/include/my_robot_interfaces/my_robot_interfaces/srv/detail/feature_detection__struct.h
[4.170s] -- Installing: /home/latih/ros2-tf-real-robot-project/install/my_robot_interfaces/include/my_robot_interfaces/my_robot_interfaces/srv/detail/feature_detection__type_support.h
[4.170s] -- Installing: /home/latih/ros2-tf-real-robot-project/install/my_robot_interfaces/include/my_robot_interfaces/my_robot_interfaces/srv/detail/simple_trajectory__functions.h
[4.170s] -- Installing: /home/latih/ros2-tf-real-robot-project/install/my_robot_interfaces/include/my_robot_interfaces/my_robot_interfaces/srv/detail/simple_trajectory__functions.c
[4.170s] -- Installing: /home/latih/ros2-tf-real-robot-project/install/my_robot_interfaces/include/my_robot_interfaces/my_robot_interfaces/srv/detail/feature_detection__functions.c
[4.171s] -- Installing: /home/latih/ros2-tf-real-robot-project/install/my_robot_interfaces/include/my_robot_interfaces/my_robot_interfaces/srv/detail/feature_detection__functions.h
[4.171s] -- Installing: /home/latih/ros2-tf-real-robot-project/install/my_robot_interfaces/include/my_robot_interfaces/my_robot_interfaces/srv/detail/simple_trajectory__type_support.h
[4.171s] -- Installing: /home/latih/ros2-tf-real-robot-project/install/my_robot_interfaces/include/my_robot_interfaces/my_robot_interfaces/srv/feature_detection.h
[4.171s] -- Installing: /home/latih/ros2-tf-real-robot-project/install/my_robot_interfaces/include/my_robot_interfaces/my_robot_interfaces/srv/simple_trajectory.h
[4.171s] -- Installing: /home/latih/ros2-tf-real-robot-project/install/my_robot_interfaces/share/my_robot_interfaces/environment/library_path.sh
[4.171s] -- Installing: /home/latih/ros2-tf-real-robot-project/install/my_robot_interfaces/share/my_robot_interfaces/environment/library_path.dsv
[4.172s] -- Installing: /home/latih/ros2-tf-real-robot-project/install/my_robot_interfaces/lib/libmy_robot_interfaces__rosidl_generator_c.so
[4.172s] -- Set runtime path of "/home/latih/ros2-tf-real-robot-project/install/my_robot_interfaces/lib/libmy_robot_interfaces__rosidl_generator_c.so" to ""
[4.172s] -- Up-to-date: /home/latih/ros2-tf-real-robot-project/install/my_robot_interfaces/include/my_robot_interfaces/my_robot_interfaces
[4.172s] -- Up-to-date: /home/latih/ros2-tf-real-robot-project/install/my_robot_interfaces/include/my_robot_interfaces/my_robot_interfaces/msg
[4.172s] -- Installing: /home/latih/ros2-tf-real-robot-project/install/my_robot_interfaces/include/my_robot_interfaces/my_robot_interfaces/msg/rosidl_typesupport_fastrtps_c__visibility_control.h
[4.172s] -- Up-to-date: /home/latih/ros2-tf-real-robot-project/install/my_robot_interfaces/include/my_robot_interfaces/my_robot_interfaces/srv
[4.172s] -- Up-to-date: /home/latih/ros2-tf-real-robot-project/install/my_robot_interfaces/include/my_robot_interfaces/my_robot_interfaces/srv/detail
[4.173s] -- Installing: /home/latih/ros2-tf-real-robot-project/install/my_robot_interfaces/include/my_robot_interfaces/my_robot_interfaces/srv/detail/feature_detection__rosidl_typesupport_fastrtps_c.h
[4.173s] -- Installing: /home/latih/ros2-tf-real-robot-project/install/my_robot_interfaces/include/my_robot_interfaces/my_robot_interfaces/srv/detail/simple_trajectory__rosidl_typesupport_fastrtps_c.h
[4.173s] -- Installing: /home/latih/ros2-tf-real-robot-project/install/my_robot_interfaces/lib/libmy_robot_interfaces__rosidl_typesupport_fastrtps_c.so
[4.173s] -- Set runtime path of "/home/latih/ros2-tf-real-robot-project/install/my_robot_interfaces/lib/libmy_robot_interfaces__rosidl_typesupport_fastrtps_c.so" to ""
[4.173s] -- Up-to-date: /home/latih/ros2-tf-real-robot-project/install/my_robot_interfaces/include/my_robot_interfaces/my_robot_interfaces
[4.173s] -- Up-to-date: /home/latih/ros2-tf-real-robot-project/install/my_robot_interfaces/include/my_robot_interfaces/my_robot_interfaces/msg
[4.173s] -- Installing: /home/latih/ros2-tf-real-robot-project/install/my_robot_interfaces/include/my_robot_interfaces/my_robot_interfaces/msg/rosidl_typesupport_introspection_c__visibility_control.h
[4.173s] -- Up-to-date: /home/latih/ros2-tf-real-robot-project/install/my_robot_interfaces/include/my_robot_interfaces/my_robot_interfaces/srv
[4.174s] -- Up-to-date: /home/latih/ros2-tf-real-robot-project/install/my_robot_interfaces/include/my_robot_interfaces/my_robot_interfaces/srv/detail
[4.174s] -- Installing: /home/latih/ros2-tf-real-robot-project/install/my_robot_interfaces/include/my_robot_interfaces/my_robot_interfaces/srv/detail/simple_trajectory__type_support.c
[4.174s] -- Installing: /home/latih/ros2-tf-real-robot-project/install/my_robot_interfaces/include/my_robot_interfaces/my_robot_interfaces/srv/detail/feature_detection__type_support.c
[4.174s] -- Installing: /home/latih/ros2-tf-real-robot-project/install/my_robot_interfaces/include/my_robot_interfaces/my_robot_interfaces/srv/detail/simple_trajectory__rosidl_typesupport_introspection_c.h
[4.174s] -- Installing: /home/latih/ros2-tf-real-robot-project/install/my_robot_interfaces/include/my_robot_interfaces/my_robot_interfaces/srv/detail/feature_detection__rosidl_typesupport_introspection_c.h
[4.174s] -- Installing: /home/latih/ros2-tf-real-robot-project/install/my_robot_interfaces/lib/libmy_robot_interfaces__rosidl_typesupport_introspection_c.so
[4.174s] -- Set runtime path of "/home/latih/ros2-tf-real-robot-project/install/my_robot_interfaces/lib/libmy_robot_interfaces__rosidl_typesupport_introspection_c.so" to ""
[4.174s] -- Installing: /home/latih/ros2-tf-real-robot-project/install/my_robot_interfaces/lib/libmy_robot_interfaces__rosidl_typesupport_c.so
[4.175s] -- Set runtime path of "/home/latih/ros2-tf-real-robot-project/install/my_robot_interfaces/lib/libmy_robot_interfaces__rosidl_typesupport_c.so" to ""
[4.175s] -- Up-to-date: /home/latih/ros2-tf-real-robot-project/install/my_robot_interfaces/include/my_robot_interfaces/my_robot_interfaces
[4.175s] -- Up-to-date: /home/latih/ros2-tf-real-robot-project/install/my_robot_interfaces/include/my_robot_interfaces/my_robot_interfaces/msg
[4.175s] -- Installing: /home/latih/ros2-tf-real-robot-project/install/my_robot_interfaces/include/my_robot_interfaces/my_robot_interfaces/msg/rosidl_generator_cpp__visibility_control.hpp
[4.175s] -- Up-to-date: /home/latih/ros2-tf-real-robot-project/install/my_robot_interfaces/include/my_robot_interfaces/my_robot_interfaces/srv
[4.175s] -- Up-to-date: /home/latih/ros2-tf-real-robot-project/install/my_robot_interfaces/include/my_robot_interfaces/my_robot_interfaces/srv/detail
[4.175s] -- Installing: /home/latih/ros2-tf-real-robot-project/install/my_robot_interfaces/include/my_robot_interfaces/my_robot_interfaces/srv/detail/feature_detection__struct.hpp
[4.175s] -- Installing: /home/latih/ros2-tf-real-robot-project/install/my_robot_interfaces/include/my_robot_interfaces/my_robot_interfaces/srv/detail/feature_detection__traits.hpp
[4.175s] -- Installing: /home/latih/ros2-tf-real-robot-project/install/my_robot_interfaces/include/my_robot_interfaces/my_robot_interfaces/srv/detail/simple_trajectory__traits.hpp
[4.175s] -- Installing: /home/latih/ros2-tf-real-robot-project/install/my_robot_interfaces/include/my_robot_interfaces/my_robot_interfaces/srv/detail/feature_detection__type_support.hpp
[4.175s] -- Installing: /home/latih/ros2-tf-real-robot-project/install/my_robot_interfaces/include/my_robot_interfaces/my_robot_interfaces/srv/detail/feature_detection__builder.hpp
[4.176s] -- Installing: /home/latih/ros2-tf-real-robot-project/install/my_robot_interfaces/include/my_robot_interfaces/my_robot_interfaces/srv/detail/simple_trajectory__struct.hpp
[4.176s] -- Installing: /home/latih/ros2-tf-real-robot-project/install/my_robot_interfaces/include/my_robot_interfaces/my_robot_interfaces/srv/detail/simple_trajectory__builder.hpp
[4.176s] -- Installing: /home/latih/ros2-tf-real-robot-project/install/my_robot_interfaces/include/my_robot_interfaces/my_robot_interfaces/srv/detail/simple_trajectory__type_support.hpp
[4.176s] -- Installing: /home/latih/ros2-tf-real-robot-project/install/my_robot_interfaces/include/my_robot_interfaces/my_robot_interfaces/srv/simple_trajectory.hpp
[4.176s] -- Installing: /home/latih/ros2-tf-real-robot-project/install/my_robot_interfaces/include/my_robot_interfaces/my_robot_interfaces/srv/feature_detection.hpp
[4.176s] -- Up-to-date: /home/latih/ros2-tf-real-robot-project/install/my_robot_interfaces/include/my_robot_interfaces/my_robot_interfaces
[4.176s] -- Up-to-date: /home/latih/ros2-tf-real-robot-project/install/my_robot_interfaces/include/my_robot_interfaces/my_robot_interfaces/msg
[4.176s] -- Installing: /home/latih/ros2-tf-real-robot-project/install/my_robot_interfaces/include/my_robot_interfaces/my_robot_interfaces/msg/rosidl_typesupport_fastrtps_cpp__visibility_control.h
[4.176s] -- Up-to-date: /home/latih/ros2-tf-real-robot-project/install/my_robot_interfaces/include/my_robot_interfaces/my_robot_interfaces/srv
[4.176s] -- Up-to-date: /home/latih/ros2-tf-real-robot-project/install/my_robot_interfaces/include/my_robot_interfaces/my_robot_interfaces/srv/detail
[4.177s] -- Installing: /home/latih/ros2-tf-real-robot-project/install/my_robot_interfaces/include/my_robot_interfaces/my_robot_interfaces/srv/detail/feature_detection__rosidl_typesupport_fastrtps_cpp.hpp
[4.177s] -- Installing: /home/latih/ros2-tf-real-robot-project/install/my_robot_interfaces/include/my_robot_interfaces/my_robot_interfaces/srv/detail/dds_fastrtps
[4.177s] -- Installing: /home/latih/ros2-tf-real-robot-project/install/my_robot_interfaces/include/my_robot_interfaces/my_robot_interfaces/srv/detail/simple_trajectory__rosidl_typesupport_fastrtps_cpp.hpp
[4.177s] -- Installing: /home/latih/ros2-tf-real-robot-project/install/my_robot_interfaces/lib/libmy_robot_interfaces__rosidl_typesupport_fastrtps_cpp.so
[4.177s] -- Set runtime path of "/home/latih/ros2-tf-real-robot-project/install/my_robot_interfaces/lib/libmy_robot_interfaces__rosidl_typesupport_fastrtps_cpp.so" to ""
[4.177s] -- Up-to-date: /home/latih/ros2-tf-real-robot-project/install/my_robot_interfaces/include/my_robot_interfaces/my_robot_interfaces
[4.177s] -- Up-to-date: /home/latih/ros2-tf-real-robot-project/install/my_robot_interfaces/include/my_robot_interfaces/my_robot_interfaces/srv
[4.178s] -- Up-to-date: /home/latih/ros2-tf-real-robot-project/install/my_robot_interfaces/include/my_robot_interfaces/my_robot_interfaces/srv/detail
[4.178s] -- Installing: /home/latih/ros2-tf-real-robot-project/install/my_robot_interfaces/include/my_robot_interfaces/my_robot_interfaces/srv/detail/feature_detection__rosidl_typesupport_introspection_cpp.hpp
[4.178s] -- Installing: /home/latih/ros2-tf-real-robot-project/install/my_robot_interfaces/include/my_robot_interfaces/my_robot_interfaces/srv/detail/simple_trajectory__type_support.cpp
[4.178s] -- Installing: /home/latih/ros2-tf-real-robot-project/install/my_robot_interfaces/include/my_robot_interfaces/my_robot_interfaces/srv/detail/feature_detection__type_support.cpp
[4.178s] -- Installing: /home/latih/ros2-tf-real-robot-project/install/my_robot_interfaces/include/my_robot_interfaces/my_robot_interfaces/srv/detail/simple_trajectory__rosidl_typesupport_introspection_cpp.hpp
[4.178s] -- Installing: /home/latih/ros2-tf-real-robot-project/install/my_robot_interfaces/lib/libmy_robot_interfaces__rosidl_typesupport_introspection_cpp.so
[4.178s] -- Set runtime path of "/home/latih/ros2-tf-real-robot-project/install/my_robot_interfaces/lib/libmy_robot_interfaces__rosidl_typesupport_introspection_cpp.so" to ""
[4.179s] -- Installing: /home/latih/ros2-tf-real-robot-project/install/my_robot_interfaces/lib/libmy_robot_interfaces__rosidl_typesupport_cpp.so
[4.179s] -- Set runtime path of "/home/latih/ros2-tf-real-robot-project/install/my_robot_interfaces/lib/libmy_robot_interfaces__rosidl_typesupport_cpp.so" to ""
[4.179s] -- Installing: /home/latih/ros2-tf-real-robot-project/install/my_robot_interfaces/share/my_robot_interfaces/environment/pythonpath.sh
[4.179s] -- Installing: /home/latih/ros2-tf-real-robot-project/install/my_robot_interfaces/share/my_robot_interfaces/environment/pythonpath.dsv
[4.179s] -- Installing: /home/latih/ros2-tf-real-robot-project/install/my_robot_interfaces/local/lib/python3.10/dist-packages/my_robot_interfaces-0.0.0-py3.10.egg-info
[4.179s] -- Installing: /home/latih/ros2-tf-real-robot-project/install/my_robot_interfaces/local/lib/python3.10/dist-packages/my_robot_interfaces-0.0.0-py3.10.egg-info/top_level.txt
[4.180s] -- Installing: /home/latih/ros2-tf-real-robot-project/install/my_robot_interfaces/local/lib/python3.10/dist-packages/my_robot_interfaces-0.0.0-py3.10.egg-info/PKG-INFO
[4.180s] -- Installing: /home/latih/ros2-tf-real-robot-project/install/my_robot_interfaces/local/lib/python3.10/dist-packages/my_robot_interfaces-0.0.0-py3.10.egg-info/SOURCES.txt
[4.180s] -- Installing: /home/latih/ros2-tf-real-robot-project/install/my_robot_interfaces/local/lib/python3.10/dist-packages/my_robot_interfaces-0.0.0-py3.10.egg-info/dependency_links.txt
[4.180s] -- Installing: /home/latih/ros2-tf-real-robot-project/install/my_robot_interfaces/local/lib/python3.10/dist-packages/my_robot_interfaces
[4.180s] -- Installing: /home/latih/ros2-tf-real-robot-project/install/my_robot_interfaces/local/lib/python3.10/dist-packages/my_robot_interfaces/_my_robot_interfaces_s.ep.rosidl_typesupport_introspection_c.c
[4.180s] -- Installing: /home/latih/ros2-tf-real-robot-project/install/my_robot_interfaces/local/lib/python3.10/dist-packages/my_robot_interfaces/_my_robot_interfaces_s.ep.rosidl_typesupport_c.c
[4.180s] -- Installing: /home/latih/ros2-tf-real-robot-project/install/my_robot_interfaces/local/lib/python3.10/dist-packages/my_robot_interfaces/my_robot_interfaces_s__rosidl_typesupport_introspection_c.cpython-310-x86_64-linux-gnu.so
[4.180s] -- Installing: /home/latih/ros2-tf-real-robot-project/install/my_robot_interfaces/local/lib/python3.10/dist-packages/my_robot_interfaces/__init__.py
[4.180s] -- Installing: /home/latih/ros2-tf-real-robot-project/install/my_robot_interfaces/local/lib/python3.10/dist-packages/my_robot_interfaces/srv
[4.181s] -- Installing: /home/latih/ros2-tf-real-robot-project/install/my_robot_interfaces/local/lib/python3.10/dist-packages/my_robot_interfaces/srv/_simple_trajectory_s.c
[4.181s] -- Installing: /home/latih/ros2-tf-real-robot-project/install/my_robot_interfaces/local/lib/python3.10/dist-packages/my_robot_interfaces/srv/__init__.py
[4.181s] -- Installing: /home/latih/ros2-tf-real-robot-project/install/my_robot_interfaces/local/lib/python3.10/dist-packages/my_robot_interfaces/srv/_simple_trajectory.py
[4.181s] -- Installing: /home/latih/ros2-tf-real-robot-project/install/my_robot_interfaces/local/lib/python3.10/dist-packages/my_robot_interfaces/srv/_feature_detection_s.c
[4.181s] -- Installing: /home/latih/ros2-tf-real-robot-project/install/my_robot_interfaces/local/lib/python3.10/dist-packages/my_robot_interfaces/srv/_feature_detection.py
[4.181s] -- Installing: /home/latih/ros2-tf-real-robot-project/install/my_robot_interfaces/local/lib/python3.10/dist-packages/my_robot_interfaces/libmy_robot_interfaces__rosidl_generator_py.so
[4.181s] -- Installing: /home/latih/ros2-tf-real-robot-project/install/my_robot_interfaces/local/lib/python3.10/dist-packages/my_robot_interfaces/my_robot_interfaces_s__rosidl_typesupport_fastrtps_c.cpython-310-x86_64-linux-gnu.so
[4.181s] -- Installing: /home/latih/ros2-tf-real-robot-project/install/my_robot_interfaces/local/lib/python3.10/dist-packages/my_robot_interfaces/my_robot_interfaces_s__rosidl_typesupport_c.cpython-310-x86_64-linux-gnu.so
[4.182s] -- Installing: /home/latih/ros2-tf-real-robot-project/install/my_robot_interfaces/local/lib/python3.10/dist-packages/my_robot_interfaces/_my_robot_interfaces_s.ep.rosidl_typesupport_fastrtps_c.c
[4.209s] Listing '/home/latih/ros2-tf-real-robot-project/install/my_robot_interfaces/local/lib/python3.10/dist-packages/my_robot_interfaces'...
[4.210s] Compiling '/home/latih/ros2-tf-real-robot-project/install/my_robot_interfaces/local/lib/python3.10/dist-packages/my_robot_interfaces/__init__.py'...
[4.210s] Listing '/home/latih/ros2-tf-real-robot-project/install/my_robot_interfaces/local/lib/python3.10/dist-packages/my_robot_interfaces/srv'...
[4.210s] Compiling '/home/latih/ros2-tf-real-robot-project/install/my_robot_interfaces/local/lib/python3.10/dist-packages/my_robot_interfaces/srv/__init__.py'...
[4.210s] Compiling '/home/latih/ros2-tf-real-robot-project/install/my_robot_interfaces/local/lib/python3.10/dist-packages/my_robot_interfaces/srv/_feature_detection.py'...
[4.210s] Compiling '/home/latih/ros2-tf-real-robot-project/install/my_robot_interfaces/local/lib/python3.10/dist-packages/my_robot_interfaces/srv/_simple_trajectory.py'...
[4.213s] -- Installing: /home/latih/ros2-tf-real-robot-project/install/my_robot_interfaces/local/lib/python3.10/dist-packages/my_robot_interfaces/my_robot_interfaces_s__rosidl_typesupport_fastrtps_c.cpython-310-x86_64-linux-gnu.so
[4.213s] -- Set runtime path of "/home/latih/ros2-tf-real-robot-project/install/my_robot_interfaces/local/lib/python3.10/dist-packages/my_robot_interfaces/my_robot_interfaces_s__rosidl_typesupport_fastrtps_c.cpython-310-x86_64-linux-gnu.so" to ""
[4.213s] -- Installing: /home/latih/ros2-tf-real-robot-project/install/my_robot_interfaces/local/lib/python3.10/dist-packages/my_robot_interfaces/my_robot_interfaces_s__rosidl_typesupport_introspection_c.cpython-310-x86_64-linux-gnu.so
[4.214s] -- Set runtime path of "/home/latih/ros2-tf-real-robot-project/install/my_robot_interfaces/local/lib/python3.10/dist-packages/my_robot_interfaces/my_robot_interfaces_s__rosidl_typesupport_introspection_c.cpython-310-x86_64-linux-gnu.so" to ""
[4.214s] -- Installing: /home/latih/ros2-tf-real-robot-project/install/my_robot_interfaces/local/lib/python3.10/dist-packages/my_robot_interfaces/my_robot_interfaces_s__rosidl_typesupport_c.cpython-310-x86_64-linux-gnu.so
[4.214s] -- Set runtime path of "/home/latih/ros2-tf-real-robot-project/install/my_robot_interfaces/local/lib/python3.10/dist-packages/my_robot_interfaces/my_robot_interfaces_s__rosidl_typesupport_c.cpython-310-x86_64-linux-gnu.so" to ""
[4.214s] -- Installing: /home/latih/ros2-tf-real-robot-project/install/my_robot_interfaces/lib/libmy_robot_interfaces__rosidl_generator_py.so
[4.214s] -- Set runtime path of "/home/latih/ros2-tf-real-robot-project/install/my_robot_interfaces/lib/libmy_robot_interfaces__rosidl_generator_py.so" to ""
[4.214s] -- Installing: /home/latih/ros2-tf-real-robot-project/install/my_robot_interfaces/share/my_robot_interfaces/srv/FeatureDetection.idl
[4.214s] -- Installing: /home/latih/ros2-tf-real-robot-project/install/my_robot_interfaces/share/my_robot_interfaces/srv/SimpleTrajectory.idl
[4.214s] -- Installing: /home/latih/ros2-tf-real-robot-project/install/my_robot_interfaces/share/my_robot_interfaces/srv/FeatureDetection.srv
[4.214s] -- Installing: /home/latih/ros2-tf-real-robot-project/install/my_robot_interfaces/share/my_robot_interfaces/srv/FeatureDetection_Request.msg
[4.215s] -- Installing: /home/latih/ros2-tf-real-robot-project/install/my_robot_interfaces/share/my_robot_interfaces/srv/FeatureDetection_Response.msg
[4.215s] -- Installing: /home/latih/ros2-tf-real-robot-project/install/my_robot_interfaces/share/my_robot_interfaces/srv/SimpleTrajectory.srv
[4.215s] -- Installing: /home/latih/ros2-tf-real-robot-project/install/my_robot_interfaces/share/my_robot_interfaces/srv/SimpleTrajectory_Request.msg
[4.215s] -- Installing: /home/latih/ros2-tf-real-robot-project/install/my_robot_interfaces/share/my_robot_interfaces/srv/SimpleTrajectory_Response.msg
[4.215s] -- Installing: /home/latih/ros2-tf-real-robot-project/install/my_robot_interfaces/share/ament_index/resource_index/package_run_dependencies/my_robot_interfaces
[4.215s] -- Installing: /home/latih/ros2-tf-real-robot-project/install/my_robot_interfaces/share/ament_index/resource_index/parent_prefix_path/my_robot_interfaces
[4.215s] -- Installing: /home/latih/ros2-tf-real-robot-project/install/my_robot_interfaces/share/my_robot_interfaces/environment/ament_prefix_path.sh
[4.215s] -- Installing: /home/latih/ros2-tf-real-robot-project/install/my_robot_interfaces/share/my_robot_interfaces/environment/ament_prefix_path.dsv
[4.215s] -- Installing: /home/latih/ros2-tf-real-robot-project/install/my_robot_interfaces/share/my_robot_interfaces/environment/path.sh
[4.215s] -- Installing: /home/latih/ros2-tf-real-robot-project/install/my_robot_interfaces/share/my_robot_interfaces/environment/path.dsv
[4.215s] -- Installing: /home/latih/ros2-tf-real-robot-project/install/my_robot_interfaces/share/my_robot_interfaces/local_setup.bash
[4.215s] -- Installing: /home/latih/ros2-tf-real-robot-project/install/my_robot_interfaces/share/my_robot_interfaces/local_setup.sh
[4.215s] -- Installing: /home/latih/ros2-tf-real-robot-project/install/my_robot_interfaces/share/my_robot_interfaces/local_setup.zsh
[4.215s] -- Installing: /home/latih/ros2-tf-real-robot-project/install/my_robot_interfaces/share/my_robot_interfaces/local_setup.dsv
[4.215s] -- Installing: /home/latih/ros2-tf-real-robot-project/install/my_robot_interfaces/share/my_robot_interfaces/package.dsv
[4.216s] -- Installing: /home/latih/ros2-tf-real-robot-project/install/my_robot_interfaces/share/ament_index/resource_index/packages/my_robot_interfaces
[4.216s] -- Installing: /home/latih/ros2-tf-real-robot-project/install/my_robot_interfaces/share/my_robot_interfaces/cmake/export_my_robot_interfaces__rosidl_generator_cExport.cmake
[4.216s] -- Installing: /home/latih/ros2-tf-real-robot-project/install/my_robot_interfaces/share/my_robot_interfaces/cmake/export_my_robot_interfaces__rosidl_generator_cExport-noconfig.cmake
[4.216s] -- Installing: /home/latih/ros2-tf-real-robot-project/install/my_robot_interfaces/share/my_robot_interfaces/cmake/export_my_robot_interfaces__rosidl_typesupport_fastrtps_cExport.cmake
[4.216s] -- Installing: /home/latih/ros2-tf-real-robot-project/install/my_robot_interfaces/share/my_robot_interfaces/cmake/export_my_robot_interfaces__rosidl_typesupport_fastrtps_cExport-noconfig.cmake
[4.216s] -- Installing: /home/latih/ros2-tf-real-robot-project/install/my_robot_interfaces/share/my_robot_interfaces/cmake/my_robot_interfaces__rosidl_typesupport_introspection_cExport.cmake
[4.216s] -- Installing: /home/latih/ros2-tf-real-robot-project/install/my_robot_interfaces/share/my_robot_interfaces/cmake/my_robot_interfaces__rosidl_typesupport_introspection_cExport-noconfig.cmake
[4.216s] -- Installing: /home/latih/ros2-tf-real-robot-project/install/my_robot_interfaces/share/my_robot_interfaces/cmake/my_robot_interfaces__rosidl_typesupport_cExport.cmake
[4.216s] -- Installing: /home/latih/ros2-tf-real-robot-project/install/my_robot_interfaces/share/my_robot_interfaces/cmake/my_robot_interfaces__rosidl_typesupport_cExport-noconfig.cmake
[4.216s] -- Installing: /home/latih/ros2-tf-real-robot-project/install/my_robot_interfaces/share/my_robot_interfaces/cmake/export_my_robot_interfaces__rosidl_generator_cppExport.cmake
[4.216s] -- Installing: /home/latih/ros2-tf-real-robot-project/install/my_robot_interfaces/share/my_robot_interfaces/cmake/export_my_robot_interfaces__rosidl_typesupport_fastrtps_cppExport.cmake
[4.216s] -- Installing: /home/latih/ros2-tf-real-robot-project/install/my_robot_interfaces/share/my_robot_interfaces/cmake/export_my_robot_interfaces__rosidl_typesupport_fastrtps_cppExport-noconfig.cmake
[4.217s] -- Installing: /home/latih/ros2-tf-real-robot-project/install/my_robot_interfaces/share/my_robot_interfaces/cmake/my_robot_interfaces__rosidl_typesupport_introspection_cppExport.cmake
[4.217s] -- Installing: /home/latih/ros2-tf-real-robot-project/install/my_robot_interfaces/share/my_robot_interfaces/cmake/my_robot_interfaces__rosidl_typesupport_introspection_cppExport-noconfig.cmake
[4.217s] -- Installing: /home/latih/ros2-tf-real-robot-project/install/my_robot_interfaces/share/my_robot_interfaces/cmake/my_robot_interfaces__rosidl_typesupport_cppExport.cmake
[4.217s] -- Installing: /home/latih/ros2-tf-real-robot-project/install/my_robot_interfaces/share/my_robot_interfaces/cmake/my_robot_interfaces__rosidl_typesupport_cppExport-noconfig.cmake
[4.217s] -- Installing: /home/latih/ros2-tf-real-robot-project/install/my_robot_interfaces/share/my_robot_interfaces/cmake/export_my_robot_interfaces__rosidl_generator_pyExport.cmake
[4.217s] -- Installing: /home/latih/ros2-tf-real-robot-project/install/my_robot_interfaces/share/my_robot_interfaces/cmake/export_my_robot_interfaces__rosidl_generator_pyExport-noconfig.cmake
[4.217s] -- Installing: /home/latih/ros2-tf-real-robot-project/install/my_robot_interfaces/share/my_robot_interfaces/cmake/rosidl_cmake-extras.cmake
[4.217s] -- Installing: /home/latih/ros2-tf-real-robot-project/install/my_robot_interfaces/share/my_robot_interfaces/cmake/ament_cmake_export_dependencies-extras.cmake
[4.217s] -- Installing: /home/latih/ros2-tf-real-robot-project/install/my_robot_interfaces/share/my_robot_interfaces/cmake/ament_cmake_export_include_directories-extras.cmake
[4.217s] -- Installing: /home/latih/ros2-tf-real-robot-project/install/my_robot_interfaces/share/my_robot_interfaces/cmake/ament_cmake_export_libraries-extras.cmake
[4.218s] -- Installing: /home/latih/ros2-tf-real-robot-project/install/my_robot_interfaces/share/my_robot_interfaces/cmake/ament_cmake_export_targets-extras.cmake
[4.218s] -- Installing: /home/latih/ros2-tf-real-robot-project/install/my_robot_interfaces/share/my_robot_interfaces/cmake/rosidl_cmake_export_typesupport_targets-extras.cmake
[4.218s] -- Installing: /home/latih/ros2-tf-real-robot-project/install/my_robot_interfaces/share/my_robot_interfaces/cmake/rosidl_cmake_export_typesupport_libraries-extras.cmake
[4.218s] -- Installing: /home/latih/ros2-tf-real-robot-project/install/my_robot_interfaces/share/my_robot_interfaces/cmake/my_robot_interfacesConfig.cmake
[4.218s] -- Installing: /home/latih/ros2-tf-real-robot-project/install/my_robot_interfaces/share/my_robot_interfaces/cmake/my_robot_interfacesConfig-version.cmake
[4.218s] -- Installing: /home/latih/ros2-tf-real-robot-project/install/my_robot_interfaces/share/my_robot_interfaces/package.xml
[4.221s] Invoked command in '/home/latih/ros2-tf-real-robot-project/build/my_robot_interfaces' returned '0': CMAKE_PREFIX_PATH=${CMAKE_PREFIX_PATH}:/home/latih/ros2-tf-real-robot-project/install/turtlebot3_teleop:/home/latih/ros2-tf-real-robot-project/install/turtlebot3_example:/opt/ros/humble /usr/bin/cmake --install /home/latih/ros2-tf-real-robot-project/build/my_robot_interfaces
