[0.030s] Invoking command in '/home/user/ros2_ws/build/tb3_burger_cartographer': CMAKE_PREFIX_PATH=${CMAKE_PREFIX_PATH}:/home/user/simulation_ws/install/turtlebot3_teleop:/home/user/simulation_ws/install/turtlebot3_example:/home/simulations/ros2_sims_ws/install/rclrs_tests:/home/simulations/ros2_sims_ws/install/examples_rclrs_minimal_client_service:/home/simulations/ros2_sims_ws/install/sensor_msgs_py:/home/simulations/ros2_sims_ws/install/examples_rclrs_minimal_pub_sub:/home/simulations/ros2_sims_ws/install/examples_rclrs_message_demo:/home/simulations/ros2_sims_ws/install/rclrs:/home/simulations/ros2_sims_ws/install/rosidl_runtime_rs:/opt/ros/humble _=/usr/bin/env /usr/bin/cmake --build /home/user/ros2_ws/build/tb3_burger_cartographer -- -j8 -l8
[0.252s] Invoked command in '/home/user/ros2_ws/build/tb3_burger_cartographer' returned '0': CMAKE_PREFIX_PATH=${CMAKE_PREFIX_PATH}:/home/user/simulation_ws/install/turtlebot3_teleop:/home/user/simulation_ws/install/turtlebot3_example:/home/simulations/ros2_sims_ws/install/rclrs_tests:/home/simulations/ros2_sims_ws/install/examples_rclrs_minimal_client_service:/home/simulations/ros2_sims_ws/install/sensor_msgs_py:/home/simulations/ros2_sims_ws/install/examples_rclrs_minimal_pub_sub:/home/simulations/ros2_sims_ws/install/examples_rclrs_message_demo:/home/simulations/ros2_sims_ws/install/rclrs:/home/simulations/ros2_sims_ws/install/rosidl_runtime_rs:/opt/ros/humble _=/usr/bin/env /usr/bin/cmake --build /home/user/ros2_ws/build/tb3_burger_cartographer -- -j8 -l8
[0.486s] Invoking command in '/home/user/ros2_ws/build/tb3_burger_cartographer': CMAKE_PREFIX_PATH=${CMAKE_PREFIX_PATH}:/home/user/simulation_ws/install/turtlebot3_teleop:/home/user/simulation_ws/install/turtlebot3_example:/home/simulations/ros2_sims_ws/install/rclrs_tests:/home/simulations/ros2_sims_ws/install/examples_rclrs_minimal_client_service:/home/simulations/ros2_sims_ws/install/sensor_msgs_py:/home/simulations/ros2_sims_ws/install/examples_rclrs_minimal_pub_sub:/home/simulations/ros2_sims_ws/install/examples_rclrs_message_demo:/home/simulations/ros2_sims_ws/install/rclrs:/home/simulations/ros2_sims_ws/install/rosidl_runtime_rs:/opt/ros/humble _=/usr/bin/env /usr/bin/cmake --install /home/user/ros2_ws/build/tb3_burger_cartographer
[0.554s] -- Install configuration: ""
[0.554s] -- Up-to-date: /home/user/ros2_ws/install/tb3_burger_cartographer/share/tb3_burger_cartographer//config
[0.555s] -- Up-to-date: /home/user/ros2_ws/install/tb3_burger_cartographer/share/tb3_burger_cartographer//config/cartographer.lua
[0.555s] -- Up-to-date: /home/user/ros2_ws/install/tb3_burger_cartographer/share/tb3_burger_cartographer//launch
[0.556s] -- Up-to-date: /home/user/ros2_ws/install/tb3_burger_cartographer/share/tb3_burger_cartographer//launch/cartographer.launch.py
[0.556s] -- Up-to-date: /home/user/ros2_ws/install/tb3_burger_cartographer/share/tb3_burger_cartographer//maps
[0.556s] -- Up-to-date: /home/user/ros2_ws/install/tb3_burger_cartographer/share/tb3_burger_cartographer//maps/tb3_burger_realrobotlab_original.pgm
[0.556s] -- Up-to-date: /home/user/ros2_ws/install/tb3_burger_cartographer/share/tb3_burger_cartographer//maps/tb3_burger_realrobotlab.pgm
[0.556s] -- Up-to-date: /home/user/ros2_ws/install/tb3_burger_cartographer/share/tb3_burger_cartographer//maps/tb3_burger_realrobotlab.yaml
[0.556s] -- Up-to-date: /home/user/ros2_ws/install/tb3_burger_cartographer/share/tb3_burger_cartographer//rviz
[0.557s] -- Up-to-date: /home/user/ros2_ws/install/tb3_burger_cartographer/share/tb3_burger_cartographer//rviz/cartographer.rviz
[0.557s] -- Up-to-date: /home/user/ros2_ws/install/tb3_burger_cartographer/share/ament_index/resource_index/package_run_dependencies/tb3_burger_cartographer
[0.557s] -- Up-to-date: /home/user/ros2_ws/install/tb3_burger_cartographer/share/ament_index/resource_index/parent_prefix_path/tb3_burger_cartographer
[0.557s] -- Up-to-date: /home/user/ros2_ws/install/tb3_burger_cartographer/share/tb3_burger_cartographer/environment/ament_prefix_path.sh
[0.557s] -- Up-to-date: /home/user/ros2_ws/install/tb3_burger_cartographer/share/tb3_burger_cartographer/environment/ament_prefix_path.dsv
[0.558s] -- Up-to-date: /home/user/ros2_ws/install/tb3_burger_cartographer/share/tb3_burger_cartographer/environment/path.sh
[0.558s] -- Up-to-date: /home/user/ros2_ws/install/tb3_burger_cartographer/share/tb3_burger_cartographer/environment/path.dsv
[0.558s] -- Up-to-date: /home/user/ros2_ws/install/tb3_burger_cartographer/share/tb3_burger_cartographer/local_setup.bash
[0.558s] -- Up-to-date: /home/user/ros2_ws/install/tb3_burger_cartographer/share/tb3_burger_cartographer/local_setup.sh
[0.558s] -- Up-to-date: /home/user/ros2_ws/install/tb3_burger_cartographer/share/tb3_burger_cartographer/local_setup.zsh
[0.558s] -- Up-to-date: /home/user/ros2_ws/install/tb3_burger_cartographer/share/tb3_burger_cartographer/local_setup.dsv
[0.558s] -- Up-to-date: /home/user/ros2_ws/install/tb3_burger_cartographer/share/tb3_burger_cartographer/package.dsv
[0.558s] -- Up-to-date: /home/user/ros2_ws/install/tb3_burger_cartographer/share/ament_index/resource_index/packages/tb3_burger_cartographer
[0.558s] -- Up-to-date: /home/user/ros2_ws/install/tb3_burger_cartographer/share/tb3_burger_cartographer/cmake/tb3_burger_cartographerConfig.cmake
[0.558s] -- Up-to-date: /home/user/ros2_ws/install/tb3_burger_cartographer/share/tb3_burger_cartographer/cmake/tb3_burger_cartographerConfig-version.cmake
[0.559s] -- Up-to-date: /home/user/ros2_ws/install/tb3_burger_cartographer/share/tb3_burger_cartographer/package.xml
[0.578s] Invoked command in '/home/user/ros2_ws/build/tb3_burger_cartographer' returned '0': CMAKE_PREFIX_PATH=${CMAKE_PREFIX_PATH}:/home/user/simulation_ws/install/turtlebot3_teleop:/home/user/simulation_ws/install/turtlebot3_example:/home/simulations/ros2_sims_ws/install/rclrs_tests:/home/simulations/ros2_sims_ws/install/examples_rclrs_minimal_client_service:/home/simulations/ros2_sims_ws/install/sensor_msgs_py:/home/simulations/ros2_sims_ws/install/examples_rclrs_minimal_pub_sub:/home/simulations/ros2_sims_ws/install/examples_rclrs_message_demo:/home/simulations/ros2_sims_ws/install/rclrs:/home/simulations/ros2_sims_ws/install/rosidl_runtime_rs:/opt/ros/humble _=/usr/bin/env /usr/bin/cmake --install /home/user/ros2_ws/build/tb3_burger_cartographer
