-- Install configuration: ""
-- Up-to-date: /home/latih/ros2-tf-real-robot-project/install/tb3_burger_cartographer/share/tb3_burger_cartographer//config
-- Up-to-date: /home/latih/ros2-tf-real-robot-project/install/tb3_burger_cartographer/share/tb3_burger_cartographer//config/cartographer.lua
-- Up-to-date: /home/latih/ros2-tf-real-robot-project/install/tb3_burger_cartographer/share/tb3_burger_cartographer//launch
-- Up-to-date: /home/latih/ros2-tf-real-robot-project/install/tb3_burger_cartographer/share/tb3_burger_cartographer//launch/cartographer.launch.py
-- Up-to-date: /home/latih/ros2-tf-real-robot-project/install/tb3_burger_cartographer/share/tb3_burger_cartographer//maps
-- Up-to-date: /home/latih/ros2-tf-real-robot-project/install/tb3_burger_cartographer/share/tb3_burger_cartographer//maps/tb3_burger_realrobotlab.pgm
-- Up-to-date: /home/latih/ros2-tf-real-robot-project/install/tb3_burger_cartographer/share/tb3_burger_cartographer//maps/tb3_burger_realrobotlab.yaml
-- Up-to-date: /home/latih/ros2-tf-real-robot-project/install/tb3_burger_cartographer/share/tb3_burger_cartographer//maps/tb3_burger_realrobotlab_original.pgm
-- Up-to-date: /home/latih/ros2-tf-real-robot-project/install/tb3_burger_cartographer/share/tb3_burger_cartographer//rviz
-- Up-to-date: /home/latih/ros2-tf-real-robot-project/install/tb3_burger_cartographer/share/tb3_burger_cartographer//rviz/cartographer.rviz
-- Up-to-date: /home/latih/ros2-tf-real-robot-project/install/tb3_burger_cartographer/share/ament_index/resource_index/package_run_dependencies/tb3_burger_cartographer
-- Up-to-date: /home/latih/ros2-tf-real-robot-project/install/tb3_burger_cartographer/share/ament_index/resource_index/parent_prefix_path/tb3_burger_cartographer
-- Up-to-date: /home/latih/ros2-tf-real-robot-project/install/tb3_burger_cartographer/share/tb3_burger_cartographer/environment/ament_prefix_path.sh
-- Up-to-date: /home/latih/ros2-tf-real-robot-project/install/tb3_burger_cartographer/share/tb3_burger_cartographer/environment/ament_prefix_path.dsv
-- Up-to-date: /home/latih/ros2-tf-real-robot-project/install/tb3_burger_cartographer/share/tb3_burger_cartographer/environment/path.sh
-- Up-to-date: /home/latih/ros2-tf-real-robot-project/install/tb3_burger_cartographer/share/tb3_burger_cartographer/environment/path.dsv
-- Up-to-date: /home/latih/ros2-tf-real-robot-project/install/tb3_burger_cartographer/share/tb3_burger_cartographer/local_setup.bash
-- Up-to-date: /home/latih/ros2-tf-real-robot-project/install/tb3_burger_cartographer/share/tb3_burger_cartographer/local_setup.sh
-- Up-to-date: /home/latih/ros2-tf-real-robot-project/install/tb3_burger_cartographer/share/tb3_burger_cartographer/local_setup.zsh
-- Up-to-date: /home/latih/ros2-tf-real-robot-project/install/tb3_burger_cartographer/share/tb3_burger_cartographer/local_setup.dsv
-- Installing: /home/latih/ros2-tf-real-robot-project/install/tb3_burger_cartographer/share/tb3_burger_cartographer/package.dsv
-- Up-to-date: /home/latih/ros2-tf-real-robot-project/install/tb3_burger_cartographer/share/ament_index/resource_index/packages/tb3_burger_cartographer
-- Up-to-date: /home/latih/ros2-tf-real-robot-project/install/tb3_burger_cartographer/share/tb3_burger_cartographer/cmake/tb3_burger_cartographerConfig.cmake
-- Up-to-date: /home/latih/ros2-tf-real-robot-project/install/tb3_burger_cartographer/share/tb3_burger_cartographer/cmake/tb3_burger_cartographerConfig-version.cmake
-- Up-to-date: /home/latih/ros2-tf-real-robot-project/install/tb3_burger_cartographer/share/tb3_burger_cartographer/package.xml
