[0.695s] Invoking command in '/home/latih/ros2-tf-real-robot-project/simulation_ws/src/turtlebot3/turtlebot3_teleop': PYTHONPATH=/home/latih/ros2-tf-real-robot-project/build/turtlebot3_teleop/prefix_override:/usr/lib/python3/dist-packages/colcon_core/task/python/colcon_distutils_commands:/home/latih/ros2-tf-real-robot-project/install/turtlebot3_teleop/lib/python3.10/site-packages:${PYTHONPATH} /usr/bin/python3 -W ignore:setup.py install is deprecated -W ignore:easy_install command is deprecated setup.py egg_info --egg-base ../../../../build/turtlebot3_teleop build --build-base /home/latih/ros2-tf-real-robot-project/build/turtlebot3_teleop/build install --record /home/latih/ros2-tf-real-robot-project/build/turtlebot3_teleop/install.log --single-version-externally-managed install_data
[0.851s] running egg_info
[0.851s] creating ../../../../build/turtlebot3_teleop/turtlebot3_teleop.egg-info
[0.851s] writing ../../../../build/turtlebot3_teleop/turtlebot3_teleop.egg-info/PKG-INFO
[0.851s] writing dependency_links to ../../../../build/turtlebot3_teleop/turtlebot3_teleop.egg-info/dependency_links.txt
[0.851s] writing entry points to ../../../../build/turtlebot3_teleop/turtlebot3_teleop.egg-info/entry_points.txt
[0.851s] writing requirements to ../../../../build/turtlebot3_teleop/turtlebot3_teleop.egg-info/requires.txt
[0.852s] writing top-level names to ../../../../build/turtlebot3_teleop/turtlebot3_teleop.egg-info/top_level.txt
[0.852s] writing manifest file '../../../../build/turtlebot3_teleop/turtlebot3_teleop.egg-info/SOURCES.txt'
[0.854s] reading manifest file '../../../../build/turtlebot3_teleop/turtlebot3_teleop.egg-info/SOURCES.txt'
[0.854s] writing manifest file '../../../../build/turtlebot3_teleop/turtlebot3_teleop.egg-info/SOURCES.txt'
[0.854s] running build
[0.854s] running build_py
[0.854s] creating /home/latih/ros2-tf-real-robot-project/build/turtlebot3_teleop/build
[0.854s] creating /home/latih/ros2-tf-real-robot-project/build/turtlebot3_teleop/build/lib
[0.854s] creating /home/latih/ros2-tf-real-robot-project/build/turtlebot3_teleop/build/lib/turtlebot3_teleop
[0.855s] copying turtlebot3_teleop/__init__.py -> /home/latih/ros2-tf-real-robot-project/build/turtlebot3_teleop/build/lib/turtlebot3_teleop
[0.855s] creating /home/latih/ros2-tf-real-robot-project/build/turtlebot3_teleop/build/lib/turtlebot3_teleop/script
[0.855s] copying turtlebot3_teleop/script/__init__.py -> /home/latih/ros2-tf-real-robot-project/build/turtlebot3_teleop/build/lib/turtlebot3_teleop/script
[0.855s] copying turtlebot3_teleop/script/teleop_keyboard.py -> /home/latih/ros2-tf-real-robot-project/build/turtlebot3_teleop/build/lib/turtlebot3_teleop/script
[0.855s] running install
[0.855s] running install_lib
[0.856s] creating /home/latih/ros2-tf-real-robot-project/install/turtlebot3_teleop/lib/python3.10/site-packages/turtlebot3_teleop
[0.856s] copying /home/latih/ros2-tf-real-robot-project/build/turtlebot3_teleop/build/lib/turtlebot3_teleop/__init__.py -> /home/latih/ros2-tf-real-robot-project/install/turtlebot3_teleop/lib/python3.10/site-packages/turtlebot3_teleop
[0.856s] creating /home/latih/ros2-tf-real-robot-project/install/turtlebot3_teleop/lib/python3.10/site-packages/turtlebot3_teleop/script
[0.856s] copying /home/latih/ros2-tf-real-robot-project/build/turtlebot3_teleop/build/lib/turtlebot3_teleop/script/__init__.py -> /home/latih/ros2-tf-real-robot-project/install/turtlebot3_teleop/lib/python3.10/site-packages/turtlebot3_teleop/script
[0.856s] copying /home/latih/ros2-tf-real-robot-project/build/turtlebot3_teleop/build/lib/turtlebot3_teleop/script/teleop_keyboard.py -> /home/latih/ros2-tf-real-robot-project/install/turtlebot3_teleop/lib/python3.10/site-packages/turtlebot3_teleop/script
[0.856s] byte-compiling /home/latih/ros2-tf-real-robot-project/install/turtlebot3_teleop/lib/python3.10/site-packages/turtlebot3_teleop/__init__.py to __init__.cpython-310.pyc
[0.856s] byte-compiling /home/latih/ros2-tf-real-robot-project/install/turtlebot3_teleop/lib/python3.10/site-packages/turtlebot3_teleop/script/__init__.py to __init__.cpython-310.pyc
[0.856s] byte-compiling /home/latih/ros2-tf-real-robot-project/install/turtlebot3_teleop/lib/python3.10/site-packages/turtlebot3_teleop/script/teleop_keyboard.py to teleop_keyboard.cpython-310.pyc
[0.857s] running install_data
[0.857s] creating /home/latih/ros2-tf-real-robot-project/install/turtlebot3_teleop/share/ament_index
[0.857s] creating /home/latih/ros2-tf-real-robot-project/install/turtlebot3_teleop/share/ament_index/resource_index
[0.857s] creating /home/latih/ros2-tf-real-robot-project/install/turtlebot3_teleop/share/ament_index/resource_index/packages
[0.858s] copying resource/turtlebot3_teleop -> /home/latih/ros2-tf-real-robot-project/install/turtlebot3_teleop/share/ament_index/resource_index/packages
[0.858s] copying package.xml -> /home/latih/ros2-tf-real-robot-project/install/turtlebot3_teleop/share/turtlebot3_teleop
[0.858s] running install_egg_info
[0.859s] Copying ../../../../build/turtlebot3_teleop/turtlebot3_teleop.egg-info to /home/latih/ros2-tf-real-robot-project/install/turtlebot3_teleop/lib/python3.10/site-packages/turtlebot3_teleop-2.1.4-py3.10.egg-info
[0.859s] running install_scripts
[0.873s] Installing teleop_keyboard script to /home/latih/ros2-tf-real-robot-project/install/turtlebot3_teleop/lib/turtlebot3_teleop
[0.873s] writing list of installed files to '/home/latih/ros2-tf-real-robot-project/build/turtlebot3_teleop/install.log'
[0.893s] Invoked command in '/home/latih/ros2-tf-real-robot-project/simulation_ws/src/turtlebot3/turtlebot3_teleop' returned '0': PYTHONPATH=/home/latih/ros2-tf-real-robot-project/build/turtlebot3_teleop/prefix_override:/usr/lib/python3/dist-packages/colcon_core/task/python/colcon_distutils_commands:/home/latih/ros2-tf-real-robot-project/install/turtlebot3_teleop/lib/python3.10/site-packages:${PYTHONPATH} /usr/bin/python3 -W ignore:setup.py install is deprecated -W ignore:easy_install command is deprecated setup.py egg_info --egg-base ../../../../build/turtlebot3_teleop build --build-base /home/latih/ros2-tf-real-robot-project/build/turtlebot3_teleop/build install --record /home/latih/ros2-tf-real-robot-project/build/turtlebot3_teleop/install.log --single-version-externally-managed install_data
