[0.953s] Invoking command in '/home/user/simulation_ws/src/turtlebot3/turtlebot3_example': CMAKE_PREFIX_PATH=/home/user/simulation_ws/install/turtlebot3_msgs:/home/user/ros2_ws/install/tb3_burger_localization:/home/user/ros2_ws/install/tb3_burger_cartographer:/home/user/ros2_ws/install/ros2_tf_project:/home/user/simulation_ws/install/turtlebot3:/home/user/simulation_ws/install/turtlebot3_simulations:/home/user/simulation_ws/install/turtlebot3_navigation2:/home/user/simulation_ws/install/turtlebot3_gazebo:/home/user/simulation_ws/install/turtlebot3_bringup:/home/user/simulation_ws/install/turtlebot3_description:/home/user/simulation_ws/install/turtlebot3_cartographer:/home/simulations/ros2_sims_ws/install/common_interfaces:/home/simulations/ros2_sims_ws/install/visualization_msgs:/home/simulations/ros2_sims_ws/install/test_msgs:/home/simulations/ros2_sims_ws/install/example_interfaces:/home/simulations/ros2_sims_ws/install/action_msgs:/home/simulations/ros2_sims_ws/install/unique_identifier_msgs:/home/simulations/ros2_sims_ws/install/trajectory_msgs:/home/simulations/ros2_sims_ws/install/test_interface_files:/home/simulations/ros2_sims_ws/install/stereo_msgs:/home/simulations/ros2_sims_ws/install/std_srvs:/home/simulations/ros2_sims_ws/install/shape_msgs:/home/simulations/ros2_sims_ws/install/sensor_msgs:/home/simulations/ros2_sims_ws/install/nav_msgs:/home/simulations/ros2_sims_ws/install/diagnostic_msgs:/home/simulations/ros2_sims_ws/install/geometry_msgs:/home/simulations/ros2_sims_ws/install/actionlib_msgs:/home/simulations/ros2_sims_ws/install/std_msgs:/home/simulations/ros2_sims_ws/install/statistics_msgs:/home/simulations/ros2_sims_ws/install/rosgraph_msgs:/home/simulations/ros2_sims_ws/install/rclrs_example_msgs:/home/simulations/ros2_sims_ws/install/composition_interfaces:/home/simulations/ros2_sims_ws/install/rcl_interfaces:/home/simulations/ros2_sims_ws/install/lifecycle_msgs:/home/simulations/ros2_sims_ws/install/builtin_interfaces:/home/simulations/ros2_sims_ws/install/rosidl_default_runtime:/home/simulations/ros2_sims_ws/install/rosidl_default_generators:/home/simulations/ros2_sims_ws/install/rosidl_generator_rs LD_LIBRARY_PATH=/home/user/simulation_ws/install/turtlebot3_msgs/lib:/home/user/ros2_ws/install/ros2_tf_project/lib:/usr/local/cuda-10.2/lib64:/home/user/.catkin_ws_python3/src/TensorRT-7.0.0.11/lib:/home/simulations/ros2_sims_ws/install/visualization_msgs/lib:/home/simulations/ros2_sims_ws/install/test_msgs/lib:/home/simulations/ros2_sims_ws/install/example_interfaces/lib:/home/simulations/ros2_sims_ws/install/action_msgs/lib:/home/simulations/ros2_sims_ws/install/unique_identifier_msgs/lib:/home/simulations/ros2_sims_ws/install/trajectory_msgs/lib:/home/simulations/ros2_sims_ws/install/stereo_msgs/lib:/home/simulations/ros2_sims_ws/install/std_srvs/lib:/home/simulations/ros2_sims_ws/install/shape_msgs/lib:/home/simulations/ros2_sims_ws/install/sensor_msgs/lib:/home/simulations/ros2_sims_ws/install/nav_msgs/lib:/home/simulations/ros2_sims_ws/install/diagnostic_msgs/lib:/home/simulations/ros2_sims_ws/install/geometry_msgs/lib:/home/simulations/ros2_sims_ws/install/actionlib_msgs/lib:/home/simulations/ros2_sims_ws/install/std_msgs/lib:/home/simulations/ros2_sims_ws/install/statistics_msgs/lib:/home/simulations/ros2_sims_ws/install/rosgraph_msgs/lib:/home/simulations/ros2_sims_ws/install/rclrs_example_msgs/lib:/home/simulations/ros2_sims_ws/install/composition_interfaces/lib:/home/simulations/ros2_sims_ws/install/rcl_interfaces/lib:/home/simulations/ros2_sims_ws/install/lifecycle_msgs/lib:/home/simulations/ros2_sims_ws/install/builtin_interfaces/lib:/opt/ros/humble/opt/rviz_ogre_vendor/lib:/opt/ros/humble/lib/x86_64-linux-gnu:/opt/ros/humble/lib:/usr/local/cuda-10.2/lib64:/home/user/.catkin_ws_python3/src/TensorRT-7.0.0.11/lib:/usr/lib/x86_64-linux-gnu/gazebo-11/plugins:/usr/lib/x86_64-linux-gnu/gazebo-11/plugins:/usr/lib/x86_64-linux-gnu/gazebo-11/plugins PYTHONPATH=/home/user/simulation_ws/build/turtlebot3_example/prefix_override:/home/user/simulation_ws/install/turtlebot3_example/lib/python3.10/site-packages:${PYTHONPATH} _=/usr/bin/env /usr/bin/python3 -W ignore:setup.py install is deprecated setup.py egg_info --egg-base ../../../build/turtlebot3_example build --build-base /home/user/simulation_ws/build/turtlebot3_example/build install --record /home/user/simulation_ws/build/turtlebot3_example/install.log --single-version-externally-managed install_data
[1.252s] running egg_info
[1.253s] creating ../../../build/turtlebot3_example/turtlebot3_example.egg-info
[1.253s] writing ../../../build/turtlebot3_example/turtlebot3_example.egg-info/PKG-INFO
[1.253s] writing dependency_links to ../../../build/turtlebot3_example/turtlebot3_example.egg-info/dependency_links.txt
[1.253s] writing entry points to ../../../build/turtlebot3_example/turtlebot3_example.egg-info/entry_points.txt
[1.253s] writing requirements to ../../../build/turtlebot3_example/turtlebot3_example.egg-info/requires.txt
[1.254s] writing top-level names to ../../../build/turtlebot3_example/turtlebot3_example.egg-info/top_level.txt
[1.254s] writing manifest file '../../../build/turtlebot3_example/turtlebot3_example.egg-info/SOURCES.txt'
[1.255s] reading manifest file '../../../build/turtlebot3_example/turtlebot3_example.egg-info/SOURCES.txt'
[1.256s] writing manifest file '../../../build/turtlebot3_example/turtlebot3_example.egg-info/SOURCES.txt'
[1.257s] running build
[1.257s] running build_py
[1.257s] creating /home/user/simulation_ws/build/turtlebot3_example/build
[1.257s] creating /home/user/simulation_ws/build/turtlebot3_example/build/lib
[1.257s] creating /home/user/simulation_ws/build/turtlebot3_example/build/lib/turtlebot3_example
[1.258s] copying turtlebot3_example/__init__.py -> /home/user/simulation_ws/build/turtlebot3_example/build/lib/turtlebot3_example
[1.258s] creating /home/user/simulation_ws/build/turtlebot3_example/build/lib/turtlebot3_example/turtlebot3_position_control
[1.258s] copying turtlebot3_example/turtlebot3_position_control/turtlebot3_position_control.py -> /home/user/simulation_ws/build/turtlebot3_example/build/lib/turtlebot3_example/turtlebot3_position_control
[1.258s] copying turtlebot3_example/turtlebot3_position_control/turtlebot3_path.py -> /home/user/simulation_ws/build/turtlebot3_example/build/lib/turtlebot3_example/turtlebot3_position_control
[1.258s] copying turtlebot3_example/turtlebot3_position_control/__init__.py -> /home/user/simulation_ws/build/turtlebot3_example/build/lib/turtlebot3_example/turtlebot3_position_control
[1.259s] copying turtlebot3_example/turtlebot3_position_control/main.py -> /home/user/simulation_ws/build/turtlebot3_example/build/lib/turtlebot3_example/turtlebot3_position_control
[1.259s] creating /home/user/simulation_ws/build/turtlebot3_example/build/lib/turtlebot3_example/turtlebot3_patrol_server
[1.259s] copying turtlebot3_example/turtlebot3_patrol_server/turtlebot3_path.py -> /home/user/simulation_ws/build/turtlebot3_example/build/lib/turtlebot3_example/turtlebot3_patrol_server
[1.260s] copying turtlebot3_example/turtlebot3_patrol_server/__init__.py -> /home/user/simulation_ws/build/turtlebot3_example/build/lib/turtlebot3_example/turtlebot3_patrol_server
[1.260s] copying turtlebot3_example/turtlebot3_patrol_server/main.py -> /home/user/simulation_ws/build/turtlebot3_example/build/lib/turtlebot3_example/turtlebot3_patrol_server
[1.260s] copying turtlebot3_example/turtlebot3_patrol_server/turtlebot3_patrol_server.py -> /home/user/simulation_ws/build/turtlebot3_example/build/lib/turtlebot3_example/turtlebot3_patrol_server
[1.260s] creating /home/user/simulation_ws/build/turtlebot3_example/build/lib/turtlebot3_example/turtlebot3_obstacle_detection
[1.260s] copying turtlebot3_example/turtlebot3_obstacle_detection/turtlebot3_obstacle_detection.py -> /home/user/simulation_ws/build/turtlebot3_example/build/lib/turtlebot3_example/turtlebot3_obstacle_detection
[1.260s] copying turtlebot3_example/turtlebot3_obstacle_detection/__init__.py -> /home/user/simulation_ws/build/turtlebot3_example/build/lib/turtlebot3_example/turtlebot3_obstacle_detection
[1.260s] copying turtlebot3_example/turtlebot3_obstacle_detection/main.py -> /home/user/simulation_ws/build/turtlebot3_example/build/lib/turtlebot3_example/turtlebot3_obstacle_detection
[1.261s] creating /home/user/simulation_ws/build/turtlebot3_example/build/lib/turtlebot3_example/turtlebot3_patrol_client
[1.261s] copying turtlebot3_example/turtlebot3_patrol_client/turtlebot3_patrol_client.py -> /home/user/simulation_ws/build/turtlebot3_example/build/lib/turtlebot3_example/turtlebot3_patrol_client
[1.261s] copying turtlebot3_example/turtlebot3_patrol_client/__init__.py -> /home/user/simulation_ws/build/turtlebot3_example/build/lib/turtlebot3_example/turtlebot3_patrol_client
[1.261s] copying turtlebot3_example/turtlebot3_patrol_client/main.py -> /home/user/simulation_ws/build/turtlebot3_example/build/lib/turtlebot3_example/turtlebot3_patrol_client
[1.261s] running install
[1.261s] running install_lib
[1.262s] creating /home/user/simulation_ws/install/turtlebot3_example/lib/python3.10/site-packages/turtlebot3_example
[1.262s] creating /home/user/simulation_ws/install/turtlebot3_example/lib/python3.10/site-packages/turtlebot3_example/turtlebot3_position_control
[1.263s] copying /home/user/simulation_ws/build/turtlebot3_example/build/lib/turtlebot3_example/turtlebot3_position_control/turtlebot3_position_control.py -> /home/user/simulation_ws/install/turtlebot3_example/lib/python3.10/site-packages/turtlebot3_example/turtlebot3_position_control
[1.263s] copying /home/user/simulation_ws/build/turtlebot3_example/build/lib/turtlebot3_example/turtlebot3_position_control/turtlebot3_path.py -> /home/user/simulation_ws/install/turtlebot3_example/lib/python3.10/site-packages/turtlebot3_example/turtlebot3_position_control
[1.263s] copying /home/user/simulation_ws/build/turtlebot3_example/build/lib/turtlebot3_example/turtlebot3_position_control/__init__.py -> /home/user/simulation_ws/install/turtlebot3_example/lib/python3.10/site-packages/turtlebot3_example/turtlebot3_position_control
[1.263s] copying /home/user/simulation_ws/build/turtlebot3_example/build/lib/turtlebot3_example/turtlebot3_position_control/main.py -> /home/user/simulation_ws/install/turtlebot3_example/lib/python3.10/site-packages/turtlebot3_example/turtlebot3_position_control
[1.263s] creating /home/user/simulation_ws/install/turtlebot3_example/lib/python3.10/site-packages/turtlebot3_example/turtlebot3_patrol_server
[1.264s] copying /home/user/simulation_ws/build/turtlebot3_example/build/lib/turtlebot3_example/turtlebot3_patrol_server/turtlebot3_path.py -> /home/user/simulation_ws/install/turtlebot3_example/lib/python3.10/site-packages/turtlebot3_example/turtlebot3_patrol_server
[1.264s] copying /home/user/simulation_ws/build/turtlebot3_example/build/lib/turtlebot3_example/turtlebot3_patrol_server/__init__.py -> /home/user/simulation_ws/install/turtlebot3_example/lib/python3.10/site-packages/turtlebot3_example/turtlebot3_patrol_server
[1.264s] copying /home/user/simulation_ws/build/turtlebot3_example/build/lib/turtlebot3_example/turtlebot3_patrol_server/main.py -> /home/user/simulation_ws/install/turtlebot3_example/lib/python3.10/site-packages/turtlebot3_example/turtlebot3_patrol_server
[1.264s] copying /home/user/simulation_ws/build/turtlebot3_example/build/lib/turtlebot3_example/turtlebot3_patrol_server/turtlebot3_patrol_server.py -> /home/user/simulation_ws/install/turtlebot3_example/lib/python3.10/site-packages/turtlebot3_example/turtlebot3_patrol_server
[1.264s] creating /home/user/simulation_ws/install/turtlebot3_example/lib/python3.10/site-packages/turtlebot3_example/turtlebot3_obstacle_detection
[1.264s] copying /home/user/simulation_ws/build/turtlebot3_example/build/lib/turtlebot3_example/turtlebot3_obstacle_detection/turtlebot3_obstacle_detection.py -> /home/user/simulation_ws/install/turtlebot3_example/lib/python3.10/site-packages/turtlebot3_example/turtlebot3_obstacle_detection
[1.264s] copying /home/user/simulation_ws/build/turtlebot3_example/build/lib/turtlebot3_example/turtlebot3_obstacle_detection/__init__.py -> /home/user/simulation_ws/install/turtlebot3_example/lib/python3.10/site-packages/turtlebot3_example/turtlebot3_obstacle_detection
[1.265s] copying /home/user/simulation_ws/build/turtlebot3_example/build/lib/turtlebot3_example/turtlebot3_obstacle_detection/main.py -> /home/user/simulation_ws/install/turtlebot3_example/lib/python3.10/site-packages/turtlebot3_example/turtlebot3_obstacle_detection
[1.265s] copying /home/user/simulation_ws/build/turtlebot3_example/build/lib/turtlebot3_example/__init__.py -> /home/user/simulation_ws/install/turtlebot3_example/lib/python3.10/site-packages/turtlebot3_example
[1.265s] creating /home/user/simulation_ws/install/turtlebot3_example/lib/python3.10/site-packages/turtlebot3_example/turtlebot3_patrol_client
[1.265s] copying /home/user/simulation_ws/build/turtlebot3_example/build/lib/turtlebot3_example/turtlebot3_patrol_client/turtlebot3_patrol_client.py -> /home/user/simulation_ws/install/turtlebot3_example/lib/python3.10/site-packages/turtlebot3_example/turtlebot3_patrol_client
[1.265s] copying /home/user/simulation_ws/build/turtlebot3_example/build/lib/turtlebot3_example/turtlebot3_patrol_client/__init__.py -> /home/user/simulation_ws/install/turtlebot3_example/lib/python3.10/site-packages/turtlebot3_example/turtlebot3_patrol_client
[1.265s] copying /home/user/simulation_ws/build/turtlebot3_example/build/lib/turtlebot3_example/turtlebot3_patrol_client/main.py -> /home/user/simulation_ws/install/turtlebot3_example/lib/python3.10/site-packages/turtlebot3_example/turtlebot3_patrol_client
[1.265s] byte-compiling /home/user/simulation_ws/install/turtlebot3_example/lib/python3.10/site-packages/turtlebot3_example/turtlebot3_position_control/turtlebot3_position_control.py to turtlebot3_position_control.cpython-310.pyc
[1.266s] byte-compiling /home/user/simulation_ws/install/turtlebot3_example/lib/python3.10/site-packages/turtlebot3_example/turtlebot3_position_control/turtlebot3_path.py to turtlebot3_path.cpython-310.pyc
[1.266s] byte-compiling /home/user/simulation_ws/install/turtlebot3_example/lib/python3.10/site-packages/turtlebot3_example/turtlebot3_position_control/__init__.py to __init__.cpython-310.pyc
[1.266s] byte-compiling /home/user/simulation_ws/install/turtlebot3_example/lib/python3.10/site-packages/turtlebot3_example/turtlebot3_position_control/main.py to main.cpython-310.pyc
[1.267s] byte-compiling /home/user/simulation_ws/install/turtlebot3_example/lib/python3.10/site-packages/turtlebot3_example/turtlebot3_patrol_server/turtlebot3_path.py to turtlebot3_path.cpython-310.pyc
[1.267s] byte-compiling /home/user/simulation_ws/install/turtlebot3_example/lib/python3.10/site-packages/turtlebot3_example/turtlebot3_patrol_server/__init__.py to __init__.cpython-310.pyc
[1.267s] byte-compiling /home/user/simulation_ws/install/turtlebot3_example/lib/python3.10/site-packages/turtlebot3_example/turtlebot3_patrol_server/main.py to main.cpython-310.pyc
[1.267s] byte-compiling /home/user/simulation_ws/install/turtlebot3_example/lib/python3.10/site-packages/turtlebot3_example/turtlebot3_patrol_server/turtlebot3_patrol_server.py to turtlebot3_patrol_server.cpython-310.pyc
[1.268s] byte-compiling /home/user/simulation_ws/install/turtlebot3_example/lib/python3.10/site-packages/turtlebot3_example/turtlebot3_obstacle_detection/turtlebot3_obstacle_detection.py to turtlebot3_obstacle_detection.cpython-310.pyc
[1.269s] byte-compiling /home/user/simulation_ws/install/turtlebot3_example/lib/python3.10/site-packages/turtlebot3_example/turtlebot3_obstacle_detection/__init__.py to __init__.cpython-310.pyc
[1.269s] byte-compiling /home/user/simulation_ws/install/turtlebot3_example/lib/python3.10/site-packages/turtlebot3_example/turtlebot3_obstacle_detection/main.py to main.cpython-310.pyc
[1.269s] byte-compiling /home/user/simulation_ws/install/turtlebot3_example/lib/python3.10/site-packages/turtlebot3_example/__init__.py to __init__.cpython-310.pyc
[1.269s] byte-compiling /home/user/simulation_ws/install/turtlebot3_example/lib/python3.10/site-packages/turtlebot3_example/turtlebot3_patrol_client/turtlebot3_patrol_client.py to turtlebot3_patrol_client.cpython-310.pyc
[1.270s] byte-compiling /home/user/simulation_ws/install/turtlebot3_example/lib/python3.10/site-packages/turtlebot3_example/turtlebot3_patrol_client/__init__.py to __init__.cpython-310.pyc
[1.270s] byte-compiling /home/user/simulation_ws/install/turtlebot3_example/lib/python3.10/site-packages/turtlebot3_example/turtlebot3_patrol_client/main.py to main.cpython-310.pyc
[1.270s] running install_data
[1.271s] creating /home/user/simulation_ws/install/turtlebot3_example/share/ament_index
[1.271s] creating /home/user/simulation_ws/install/turtlebot3_example/share/ament_index/resource_index
[1.271s] creating /home/user/simulation_ws/install/turtlebot3_example/share/ament_index/resource_index/packages
[1.271s] copying resource/turtlebot3_example -> /home/user/simulation_ws/install/turtlebot3_example/share/ament_index/resource_index/packages
[1.271s] copying package.xml -> /home/user/simulation_ws/install/turtlebot3_example/share/turtlebot3_example
[1.271s] running install_egg_info
[1.273s] Copying ../../../build/turtlebot3_example/turtlebot3_example.egg-info to /home/user/simulation_ws/install/turtlebot3_example/lib/python3.10/site-packages/turtlebot3_example-2.1.4-py3.10.egg-info
[1.273s] running install_scripts
[1.298s] Installing turtlebot3_obstacle_detection script to /home/user/simulation_ws/install/turtlebot3_example/lib/turtlebot3_example
[1.298s] Installing turtlebot3_patrol_client script to /home/user/simulation_ws/install/turtlebot3_example/lib/turtlebot3_example
[1.298s] Installing turtlebot3_patrol_server script to /home/user/simulation_ws/install/turtlebot3_example/lib/turtlebot3_example
[1.298s] Installing turtlebot3_position_control script to /home/user/simulation_ws/install/turtlebot3_example/lib/turtlebot3_example
[1.299s] writing list of installed files to '/home/user/simulation_ws/build/turtlebot3_example/install.log'
[1.324s] Invoked command in '/home/user/simulation_ws/src/turtlebot3/turtlebot3_example' returned '0': CMAKE_PREFIX_PATH=/home/user/simulation_ws/install/turtlebot3_msgs:/home/user/ros2_ws/install/tb3_burger_localization:/home/user/ros2_ws/install/tb3_burger_cartographer:/home/user/ros2_ws/install/ros2_tf_project:/home/user/simulation_ws/install/turtlebot3:/home/user/simulation_ws/install/turtlebot3_simulations:/home/user/simulation_ws/install/turtlebot3_navigation2:/home/user/simulation_ws/install/turtlebot3_gazebo:/home/user/simulation_ws/install/turtlebot3_bringup:/home/user/simulation_ws/install/turtlebot3_description:/home/user/simulation_ws/install/turtlebot3_cartographer:/home/simulations/ros2_sims_ws/install/common_interfaces:/home/simulations/ros2_sims_ws/install/visualization_msgs:/home/simulations/ros2_sims_ws/install/test_msgs:/home/simulations/ros2_sims_ws/install/example_interfaces:/home/simulations/ros2_sims_ws/install/action_msgs:/home/simulations/ros2_sims_ws/install/unique_identifier_msgs:/home/simulations/ros2_sims_ws/install/trajectory_msgs:/home/simulations/ros2_sims_ws/install/test_interface_files:/home/simulations/ros2_sims_ws/install/stereo_msgs:/home/simulations/ros2_sims_ws/install/std_srvs:/home/simulations/ros2_sims_ws/install/shape_msgs:/home/simulations/ros2_sims_ws/install/sensor_msgs:/home/simulations/ros2_sims_ws/install/nav_msgs:/home/simulations/ros2_sims_ws/install/diagnostic_msgs:/home/simulations/ros2_sims_ws/install/geometry_msgs:/home/simulations/ros2_sims_ws/install/actionlib_msgs:/home/simulations/ros2_sims_ws/install/std_msgs:/home/simulations/ros2_sims_ws/install/statistics_msgs:/home/simulations/ros2_sims_ws/install/rosgraph_msgs:/home/simulations/ros2_sims_ws/install/rclrs_example_msgs:/home/simulations/ros2_sims_ws/install/composition_interfaces:/home/simulations/ros2_sims_ws/install/rcl_interfaces:/home/simulations/ros2_sims_ws/install/lifecycle_msgs:/home/simulations/ros2_sims_ws/install/builtin_interfaces:/home/simulations/ros2_sims_ws/install/rosidl_default_runtime:/home/simulations/ros2_sims_ws/install/rosidl_default_generators:/home/simulations/ros2_sims_ws/install/rosidl_generator_rs LD_LIBRARY_PATH=/home/user/simulation_ws/install/turtlebot3_msgs/lib:/home/user/ros2_ws/install/ros2_tf_project/lib:/usr/local/cuda-10.2/lib64:/home/user/.catkin_ws_python3/src/TensorRT-7.0.0.11/lib:/home/simulations/ros2_sims_ws/install/visualization_msgs/lib:/home/simulations/ros2_sims_ws/install/test_msgs/lib:/home/simulations/ros2_sims_ws/install/example_interfaces/lib:/home/simulations/ros2_sims_ws/install/action_msgs/lib:/home/simulations/ros2_sims_ws/install/unique_identifier_msgs/lib:/home/simulations/ros2_sims_ws/install/trajectory_msgs/lib:/home/simulations/ros2_sims_ws/install/stereo_msgs/lib:/home/simulations/ros2_sims_ws/install/std_srvs/lib:/home/simulations/ros2_sims_ws/install/shape_msgs/lib:/home/simulations/ros2_sims_ws/install/sensor_msgs/lib:/home/simulations/ros2_sims_ws/install/nav_msgs/lib:/home/simulations/ros2_sims_ws/install/diagnostic_msgs/lib:/home/simulations/ros2_sims_ws/install/geometry_msgs/lib:/home/simulations/ros2_sims_ws/install/actionlib_msgs/lib:/home/simulations/ros2_sims_ws/install/std_msgs/lib:/home/simulations/ros2_sims_ws/install/statistics_msgs/lib:/home/simulations/ros2_sims_ws/install/rosgraph_msgs/lib:/home/simulations/ros2_sims_ws/install/rclrs_example_msgs/lib:/home/simulations/ros2_sims_ws/install/composition_interfaces/lib:/home/simulations/ros2_sims_ws/install/rcl_interfaces/lib:/home/simulations/ros2_sims_ws/install/lifecycle_msgs/lib:/home/simulations/ros2_sims_ws/install/builtin_interfaces/lib:/opt/ros/humble/opt/rviz_ogre_vendor/lib:/opt/ros/humble/lib/x86_64-linux-gnu:/opt/ros/humble/lib:/usr/local/cuda-10.2/lib64:/home/user/.catkin_ws_python3/src/TensorRT-7.0.0.11/lib:/usr/lib/x86_64-linux-gnu/gazebo-11/plugins:/usr/lib/x86_64-linux-gnu/gazebo-11/plugins:/usr/lib/x86_64-linux-gnu/gazebo-11/plugins PYTHONPATH=/home/user/simulation_ws/build/turtlebot3_example/prefix_override:/home/user/simulation_ws/install/turtlebot3_example/lib/python3.10/site-packages:${PYTHONPATH} _=/usr/bin/env /usr/bin/python3 -W ignore:setup.py install is deprecated setup.py egg_info --egg-base ../../../build/turtlebot3_example build --build-base /home/user/simulation_ws/build/turtlebot3_example/build install --record /home/user/simulation_ws/build/turtlebot3_example/install.log --single-version-externally-managed install_data
