[0.441s] Invoking command in '/home/latih/ros2-tf-real-robot-project/simulation_ws/src/turtlebot3/turtlebot3_example': CMAKE_PREFIX_PATH=/home/latih/ros2-tf-real-robot-project/install/turtlebot3_msgs:/home/latih/ros2-tf-real-robot-project/install/turtlebot3:/home/latih/ros2-tf-real-robot-project/install/turtlebot3_simulations:/home/latih/ros2-tf-real-robot-project/install/turtlebot3_navigation2:/home/latih/ros2-tf-real-robot-project/install/turtlebot3_gazebo:/home/latih/ros2-tf-real-robot-project/install/turtlebot3_bringup:/home/latih/ros2-tf-real-robot-project/install/turtlebot3_description:/home/latih/ros2-tf-real-robot-project/install/turtlebot3_cartographer:/home/latih/ros2-tf-real-robot-project/install/tb3_burger_localization:/home/latih/ros2-tf-real-robot-project/install/tb3_burger_cartographer:/home/latih/ros2-tf-real-robot-project/install/ros2_tf_project:/home/latih/ros2-tf-real-robot-project/install/my_robot_interfaces PYTHONPATH=/home/latih/ros2-tf-real-robot-project/build/turtlebot3_example/prefix_override:/usr/lib/python3/dist-packages/colcon_core/task/python/colcon_distutils_commands:/home/latih/ros2-tf-real-robot-project/install/turtlebot3_example/lib/python3.10/site-packages:${PYTHONPATH} /usr/bin/python3 -W ignore:setup.py install is deprecated -W ignore:easy_install command is deprecated setup.py egg_info --egg-base ../../../../build/turtlebot3_example build --build-base /home/latih/ros2-tf-real-robot-project/build/turtlebot3_example/build install --record /home/latih/ros2-tf-real-robot-project/build/turtlebot3_example/install.log --single-version-externally-managed install_data
[0.630s] running egg_info
[0.630s] creating ../../../../build/turtlebot3_example/turtlebot3_example.egg-info
[0.630s] writing ../../../../build/turtlebot3_example/turtlebot3_example.egg-info/PKG-INFO
[0.631s] writing dependency_links to ../../../../build/turtlebot3_example/turtlebot3_example.egg-info/dependency_links.txt
[0.631s] writing entry points to ../../../../build/turtlebot3_example/turtlebot3_example.egg-info/entry_points.txt
[0.631s] writing requirements to ../../../../build/turtlebot3_example/turtlebot3_example.egg-info/requires.txt
[0.631s] writing top-level names to ../../../../build/turtlebot3_example/turtlebot3_example.egg-info/top_level.txt
[0.631s] writing manifest file '../../../../build/turtlebot3_example/turtlebot3_example.egg-info/SOURCES.txt'
[0.632s] reading manifest file '../../../../build/turtlebot3_example/turtlebot3_example.egg-info/SOURCES.txt'
[0.633s] writing manifest file '../../../../build/turtlebot3_example/turtlebot3_example.egg-info/SOURCES.txt'
[0.633s] running build
[0.633s] running build_py
[0.633s] creating /home/latih/ros2-tf-real-robot-project/build/turtlebot3_example/build
[0.633s] creating /home/latih/ros2-tf-real-robot-project/build/turtlebot3_example/build/lib
[0.633s] creating /home/latih/ros2-tf-real-robot-project/build/turtlebot3_example/build/lib/turtlebot3_example
[0.633s] copying turtlebot3_example/__init__.py -> /home/latih/ros2-tf-real-robot-project/build/turtlebot3_example/build/lib/turtlebot3_example
[0.633s] creating /home/latih/ros2-tf-real-robot-project/build/turtlebot3_example/build/lib/turtlebot3_example/turtlebot3_obstacle_detection
[0.633s] copying turtlebot3_example/turtlebot3_obstacle_detection/__init__.py -> /home/latih/ros2-tf-real-robot-project/build/turtlebot3_example/build/lib/turtlebot3_example/turtlebot3_obstacle_detection
[0.633s] copying turtlebot3_example/turtlebot3_obstacle_detection/turtlebot3_obstacle_detection.py -> /home/latih/ros2-tf-real-robot-project/build/turtlebot3_example/build/lib/turtlebot3_example/turtlebot3_obstacle_detection
[0.635s] copying turtlebot3_example/turtlebot3_obstacle_detection/main.py -> /home/latih/ros2-tf-real-robot-project/build/turtlebot3_example/build/lib/turtlebot3_example/turtlebot3_obstacle_detection
[0.635s] creating /home/latih/ros2-tf-real-robot-project/build/turtlebot3_example/build/lib/turtlebot3_example/turtlebot3_patrol_server
[0.635s] copying turtlebot3_example/turtlebot3_patrol_server/turtlebot3_path.py -> /home/latih/ros2-tf-real-robot-project/build/turtlebot3_example/build/lib/turtlebot3_example/turtlebot3_patrol_server
[0.635s] copying turtlebot3_example/turtlebot3_patrol_server/__init__.py -> /home/latih/ros2-tf-real-robot-project/build/turtlebot3_example/build/lib/turtlebot3_example/turtlebot3_patrol_server
[0.636s] copying turtlebot3_example/turtlebot3_patrol_server/main.py -> /home/latih/ros2-tf-real-robot-project/build/turtlebot3_example/build/lib/turtlebot3_example/turtlebot3_patrol_server
[0.636s] copying turtlebot3_example/turtlebot3_patrol_server/turtlebot3_patrol_server.py -> /home/latih/ros2-tf-real-robot-project/build/turtlebot3_example/build/lib/turtlebot3_example/turtlebot3_patrol_server
[0.636s] creating /home/latih/ros2-tf-real-robot-project/build/turtlebot3_example/build/lib/turtlebot3_example/turtlebot3_patrol_client
[0.636s] copying turtlebot3_example/turtlebot3_patrol_client/__init__.py -> /home/latih/ros2-tf-real-robot-project/build/turtlebot3_example/build/lib/turtlebot3_example/turtlebot3_patrol_client
[0.636s] copying turtlebot3_example/turtlebot3_patrol_client/main.py -> /home/latih/ros2-tf-real-robot-project/build/turtlebot3_example/build/lib/turtlebot3_example/turtlebot3_patrol_client
[0.636s] copying turtlebot3_example/turtlebot3_patrol_client/turtlebot3_patrol_client.py -> /home/latih/ros2-tf-real-robot-project/build/turtlebot3_example/build/lib/turtlebot3_example/turtlebot3_patrol_client
[0.636s] creating /home/latih/ros2-tf-real-robot-project/build/turtlebot3_example/build/lib/turtlebot3_example/turtlebot3_position_control
[0.636s] copying turtlebot3_example/turtlebot3_position_control/turtlebot3_path.py -> /home/latih/ros2-tf-real-robot-project/build/turtlebot3_example/build/lib/turtlebot3_example/turtlebot3_position_control
[0.637s] copying turtlebot3_example/turtlebot3_position_control/__init__.py -> /home/latih/ros2-tf-real-robot-project/build/turtlebot3_example/build/lib/turtlebot3_example/turtlebot3_position_control
[0.637s] copying turtlebot3_example/turtlebot3_position_control/turtlebot3_position_control.py -> /home/latih/ros2-tf-real-robot-project/build/turtlebot3_example/build/lib/turtlebot3_example/turtlebot3_position_control
[0.637s] copying turtlebot3_example/turtlebot3_position_control/main.py -> /home/latih/ros2-tf-real-robot-project/build/turtlebot3_example/build/lib/turtlebot3_example/turtlebot3_position_control
[0.637s] running install
[0.638s] running install_lib
[0.638s] creating /home/latih/ros2-tf-real-robot-project/install/turtlebot3_example/lib/python3.10/site-packages/turtlebot3_example
[0.638s] copying /home/latih/ros2-tf-real-robot-project/build/turtlebot3_example/build/lib/turtlebot3_example/__init__.py -> /home/latih/ros2-tf-real-robot-project/install/turtlebot3_example/lib/python3.10/site-packages/turtlebot3_example
[0.638s] creating /home/latih/ros2-tf-real-robot-project/install/turtlebot3_example/lib/python3.10/site-packages/turtlebot3_example/turtlebot3_obstacle_detection
[0.638s] copying /home/latih/ros2-tf-real-robot-project/build/turtlebot3_example/build/lib/turtlebot3_example/turtlebot3_obstacle_detection/__init__.py -> /home/latih/ros2-tf-real-robot-project/install/turtlebot3_example/lib/python3.10/site-packages/turtlebot3_example/turtlebot3_obstacle_detection
[0.638s] copying /home/latih/ros2-tf-real-robot-project/build/turtlebot3_example/build/lib/turtlebot3_example/turtlebot3_obstacle_detection/turtlebot3_obstacle_detection.py -> /home/latih/ros2-tf-real-robot-project/install/turtlebot3_example/lib/python3.10/site-packages/turtlebot3_example/turtlebot3_obstacle_detection
[0.639s] copying /home/latih/ros2-tf-real-robot-project/build/turtlebot3_example/build/lib/turtlebot3_example/turtlebot3_obstacle_detection/main.py -> /home/latih/ros2-tf-real-robot-project/install/turtlebot3_example/lib/python3.10/site-packages/turtlebot3_example/turtlebot3_obstacle_detection
[0.639s] creating /home/latih/ros2-tf-real-robot-project/install/turtlebot3_example/lib/python3.10/site-packages/turtlebot3_example/turtlebot3_patrol_server
[0.639s] copying /home/latih/ros2-tf-real-robot-project/build/turtlebot3_example/build/lib/turtlebot3_example/turtlebot3_patrol_server/turtlebot3_path.py -> /home/latih/ros2-tf-real-robot-project/install/turtlebot3_example/lib/python3.10/site-packages/turtlebot3_example/turtlebot3_patrol_server
[0.639s] copying /home/latih/ros2-tf-real-robot-project/build/turtlebot3_example/build/lib/turtlebot3_example/turtlebot3_patrol_server/__init__.py -> /home/latih/ros2-tf-real-robot-project/install/turtlebot3_example/lib/python3.10/site-packages/turtlebot3_example/turtlebot3_patrol_server
[0.639s] copying /home/latih/ros2-tf-real-robot-project/build/turtlebot3_example/build/lib/turtlebot3_example/turtlebot3_patrol_server/main.py -> /home/latih/ros2-tf-real-robot-project/install/turtlebot3_example/lib/python3.10/site-packages/turtlebot3_example/turtlebot3_patrol_server
[0.639s] copying /home/latih/ros2-tf-real-robot-project/build/turtlebot3_example/build/lib/turtlebot3_example/turtlebot3_patrol_server/turtlebot3_patrol_server.py -> /home/latih/ros2-tf-real-robot-project/install/turtlebot3_example/lib/python3.10/site-packages/turtlebot3_example/turtlebot3_patrol_server
[0.639s] creating /home/latih/ros2-tf-real-robot-project/install/turtlebot3_example/lib/python3.10/site-packages/turtlebot3_example/turtlebot3_patrol_client
[0.639s] copying /home/latih/ros2-tf-real-robot-project/build/turtlebot3_example/build/lib/turtlebot3_example/turtlebot3_patrol_client/__init__.py -> /home/latih/ros2-tf-real-robot-project/install/turtlebot3_example/lib/python3.10/site-packages/turtlebot3_example/turtlebot3_patrol_client
[0.639s] copying /home/latih/ros2-tf-real-robot-project/build/turtlebot3_example/build/lib/turtlebot3_example/turtlebot3_patrol_client/main.py -> /home/latih/ros2-tf-real-robot-project/install/turtlebot3_example/lib/python3.10/site-packages/turtlebot3_example/turtlebot3_patrol_client
[0.639s] copying /home/latih/ros2-tf-real-robot-project/build/turtlebot3_example/build/lib/turtlebot3_example/turtlebot3_patrol_client/turtlebot3_patrol_client.py -> /home/latih/ros2-tf-real-robot-project/install/turtlebot3_example/lib/python3.10/site-packages/turtlebot3_example/turtlebot3_patrol_client
[0.639s] creating /home/latih/ros2-tf-real-robot-project/install/turtlebot3_example/lib/python3.10/site-packages/turtlebot3_example/turtlebot3_position_control
[0.639s] copying /home/latih/ros2-tf-real-robot-project/build/turtlebot3_example/build/lib/turtlebot3_example/turtlebot3_position_control/turtlebot3_path.py -> /home/latih/ros2-tf-real-robot-project/install/turtlebot3_example/lib/python3.10/site-packages/turtlebot3_example/turtlebot3_position_control
[0.639s] copying /home/latih/ros2-tf-real-robot-project/build/turtlebot3_example/build/lib/turtlebot3_example/turtlebot3_position_control/__init__.py -> /home/latih/ros2-tf-real-robot-project/install/turtlebot3_example/lib/python3.10/site-packages/turtlebot3_example/turtlebot3_position_control
[0.639s] copying /home/latih/ros2-tf-real-robot-project/build/turtlebot3_example/build/lib/turtlebot3_example/turtlebot3_position_control/turtlebot3_position_control.py -> /home/latih/ros2-tf-real-robot-project/install/turtlebot3_example/lib/python3.10/site-packages/turtlebot3_example/turtlebot3_position_control
[0.639s] copying /home/latih/ros2-tf-real-robot-project/build/turtlebot3_example/build/lib/turtlebot3_example/turtlebot3_position_control/main.py -> /home/latih/ros2-tf-real-robot-project/install/turtlebot3_example/lib/python3.10/site-packages/turtlebot3_example/turtlebot3_position_control
[0.640s] byte-compiling /home/latih/ros2-tf-real-robot-project/install/turtlebot3_example/lib/python3.10/site-packages/turtlebot3_example/__init__.py to __init__.cpython-310.pyc
[0.640s] byte-compiling /home/latih/ros2-tf-real-robot-project/install/turtlebot3_example/lib/python3.10/site-packages/turtlebot3_example/turtlebot3_obstacle_detection/__init__.py to __init__.cpython-310.pyc
[0.640s] byte-compiling /home/latih/ros2-tf-real-robot-project/install/turtlebot3_example/lib/python3.10/site-packages/turtlebot3_example/turtlebot3_obstacle_detection/turtlebot3_obstacle_detection.py to turtlebot3_obstacle_detection.cpython-310.pyc
[0.641s] byte-compiling /home/latih/ros2-tf-real-robot-project/install/turtlebot3_example/lib/python3.10/site-packages/turtlebot3_example/turtlebot3_obstacle_detection/main.py to main.cpython-310.pyc
[0.641s] byte-compiling /home/latih/ros2-tf-real-robot-project/install/turtlebot3_example/lib/python3.10/site-packages/turtlebot3_example/turtlebot3_patrol_server/turtlebot3_path.py to turtlebot3_path.cpython-310.pyc
[0.641s] byte-compiling /home/latih/ros2-tf-real-robot-project/install/turtlebot3_example/lib/python3.10/site-packages/turtlebot3_example/turtlebot3_patrol_server/__init__.py to __init__.cpython-310.pyc
[0.641s] byte-compiling /home/latih/ros2-tf-real-robot-project/install/turtlebot3_example/lib/python3.10/site-packages/turtlebot3_example/turtlebot3_patrol_server/main.py to main.cpython-310.pyc
[0.641s] byte-compiling /home/latih/ros2-tf-real-robot-project/install/turtlebot3_example/lib/python3.10/site-packages/turtlebot3_example/turtlebot3_patrol_server/turtlebot3_patrol_server.py to turtlebot3_patrol_server.cpython-310.pyc
[0.642s] byte-compiling /home/latih/ros2-tf-real-robot-project/install/turtlebot3_example/lib/python3.10/site-packages/turtlebot3_example/turtlebot3_patrol_client/__init__.py to __init__.cpython-310.pyc
[0.642s] byte-compiling /home/latih/ros2-tf-real-robot-project/install/turtlebot3_example/lib/python3.10/site-packages/turtlebot3_example/turtlebot3_patrol_client/main.py to main.cpython-310.pyc
[0.642s] byte-compiling /home/latih/ros2-tf-real-robot-project/install/turtlebot3_example/lib/python3.10/site-packages/turtlebot3_example/turtlebot3_patrol_client/turtlebot3_patrol_client.py to turtlebot3_patrol_client.cpython-310.pyc
[0.642s] byte-compiling /home/latih/ros2-tf-real-robot-project/install/turtlebot3_example/lib/python3.10/site-packages/turtlebot3_example/turtlebot3_position_control/turtlebot3_path.py to turtlebot3_path.cpython-310.pyc
[0.642s] byte-compiling /home/latih/ros2-tf-real-robot-project/install/turtlebot3_example/lib/python3.10/site-packages/turtlebot3_example/turtlebot3_position_control/__init__.py to __init__.cpython-310.pyc
[0.643s] byte-compiling /home/latih/ros2-tf-real-robot-project/install/turtlebot3_example/lib/python3.10/site-packages/turtlebot3_example/turtlebot3_position_control/turtlebot3_position_control.py to turtlebot3_position_control.cpython-310.pyc
[0.643s] byte-compiling /home/latih/ros2-tf-real-robot-project/install/turtlebot3_example/lib/python3.10/site-packages/turtlebot3_example/turtlebot3_position_control/main.py to main.cpython-310.pyc
[0.643s] running install_data
[0.643s] creating /home/latih/ros2-tf-real-robot-project/install/turtlebot3_example/share/ament_index
[0.644s] creating /home/latih/ros2-tf-real-robot-project/install/turtlebot3_example/share/ament_index/resource_index
[0.644s] creating /home/latih/ros2-tf-real-robot-project/install/turtlebot3_example/share/ament_index/resource_index/packages
[0.644s] copying resource/turtlebot3_example -> /home/latih/ros2-tf-real-robot-project/install/turtlebot3_example/share/ament_index/resource_index/packages
[0.644s] copying package.xml -> /home/latih/ros2-tf-real-robot-project/install/turtlebot3_example/share/turtlebot3_example
[0.644s] running install_egg_info
[0.645s] Copying ../../../../build/turtlebot3_example/turtlebot3_example.egg-info to /home/latih/ros2-tf-real-robot-project/install/turtlebot3_example/lib/python3.10/site-packages/turtlebot3_example-2.1.4-py3.10.egg-info
[0.645s] running install_scripts
[0.662s] Installing turtlebot3_obstacle_detection script to /home/latih/ros2-tf-real-robot-project/install/turtlebot3_example/lib/turtlebot3_example
[0.662s] Installing turtlebot3_patrol_client script to /home/latih/ros2-tf-real-robot-project/install/turtlebot3_example/lib/turtlebot3_example
[0.662s] Installing turtlebot3_patrol_server script to /home/latih/ros2-tf-real-robot-project/install/turtlebot3_example/lib/turtlebot3_example
[0.662s] Installing turtlebot3_position_control script to /home/latih/ros2-tf-real-robot-project/install/turtlebot3_example/lib/turtlebot3_example
[0.663s] writing list of installed files to '/home/latih/ros2-tf-real-robot-project/build/turtlebot3_example/install.log'
[0.684s] Invoked command in '/home/latih/ros2-tf-real-robot-project/simulation_ws/src/turtlebot3/turtlebot3_example' returned '0': CMAKE_PREFIX_PATH=/home/latih/ros2-tf-real-robot-project/install/turtlebot3_msgs:/home/latih/ros2-tf-real-robot-project/install/turtlebot3:/home/latih/ros2-tf-real-robot-project/install/turtlebot3_simulations:/home/latih/ros2-tf-real-robot-project/install/turtlebot3_navigation2:/home/latih/ros2-tf-real-robot-project/install/turtlebot3_gazebo:/home/latih/ros2-tf-real-robot-project/install/turtlebot3_bringup:/home/latih/ros2-tf-real-robot-project/install/turtlebot3_description:/home/latih/ros2-tf-real-robot-project/install/turtlebot3_cartographer:/home/latih/ros2-tf-real-robot-project/install/tb3_burger_localization:/home/latih/ros2-tf-real-robot-project/install/tb3_burger_cartographer:/home/latih/ros2-tf-real-robot-project/install/ros2_tf_project:/home/latih/ros2-tf-real-robot-project/install/my_robot_interfaces PYTHONPATH=/home/latih/ros2-tf-real-robot-project/build/turtlebot3_example/prefix_override:/usr/lib/python3/dist-packages/colcon_core/task/python/colcon_distutils_commands:/home/latih/ros2-tf-real-robot-project/install/turtlebot3_example/lib/python3.10/site-packages:${PYTHONPATH} /usr/bin/python3 -W ignore:setup.py install is deprecated -W ignore:easy_install command is deprecated setup.py egg_info --egg-base ../../../../build/turtlebot3_example build --build-base /home/latih/ros2-tf-real-robot-project/build/turtlebot3_example/build install --record /home/latih/ros2-tf-real-robot-project/build/turtlebot3_example/install.log --single-version-externally-managed install_data
