[0.130s] Invoking command in '/home/user/ros2_ws/build/ros2_tf_project': AMENT_PREFIX_PATH=/home/user/ros2_ws/install/my_robot_interfaces:${AMENT_PREFIX_PATH} CMAKE_PREFIX_PATH=/home/user/ros2_ws/install/my_robot_interfaces:/home/user/ros2_ws/install/tb3_burger_localization:/home/user/ros2_ws/install/tb3_burger_cartographer:/home/user/simulation_ws/install/turtlebot3:/home/user/simulation_ws/install/turtlebot3_simulations:/home/user/simulation_ws/install/turtlebot3_navigation2:/home/user/simulation_ws/install/turtlebot3_msgs:/home/user/simulation_ws/install/turtlebot3_gazebo:/home/user/simulation_ws/install/turtlebot3_bringup:/home/user/simulation_ws/install/turtlebot3_description:/home/user/simulation_ws/install/turtlebot3_cartographer:/home/simulations/ros2_sims_ws/install/common_interfaces:/home/simulations/ros2_sims_ws/install/visualization_msgs:/home/simulations/ros2_sims_ws/install/test_msgs:/home/simulations/ros2_sims_ws/install/example_interfaces:/home/simulations/ros2_sims_ws/install/action_msgs:/home/simulations/ros2_sims_ws/install/unique_identifier_msgs:/home/simulations/ros2_sims_ws/install/trajectory_msgs:/home/simulations/ros2_sims_ws/install/test_interface_files:/home/simulations/ros2_sims_ws/install/stereo_msgs:/home/simulations/ros2_sims_ws/install/std_srvs:/home/simulations/ros2_sims_ws/install/shape_msgs:/home/simulations/ros2_sims_ws/install/sensor_msgs:/home/simulations/ros2_sims_ws/install/nav_msgs:/home/simulations/ros2_sims_ws/install/diagnostic_msgs:/home/simulations/ros2_sims_ws/install/geometry_msgs:/home/simulations/ros2_sims_ws/install/actionlib_msgs:/home/simulations/ros2_sims_ws/install/std_msgs:/home/simulations/ros2_sims_ws/install/statistics_msgs:/home/simulations/ros2_sims_ws/install/rosgraph_msgs:/home/simulations/ros2_sims_ws/install/rclrs_example_msgs:/home/simulations/ros2_sims_ws/install/composition_interfaces:/home/simulations/ros2_sims_ws/install/rcl_interfaces:/home/simulations/ros2_sims_ws/install/lifecycle_msgs:/home/simulations/ros2_sims_ws/install/builtin_interfaces:/home/simulations/ros2_sims_ws/install/rosidl_default_runtime:/home/simulations/ros2_sims_ws/install/rosidl_default_generators:/home/simulations/ros2_sims_ws/install/rosidl_generator_rs:/home/user/simulation_ws/install/turtlebot3_teleop:/home/user/simulation_ws/install/turtlebot3_example:/home/simulations/ros2_sims_ws/install/rclrs_tests:/home/simulations/ros2_sims_ws/install/examples_rclrs_minimal_client_service:/home/simulations/ros2_sims_ws/install/sensor_msgs_py:/home/simulations/ros2_sims_ws/install/examples_rclrs_minimal_pub_sub:/home/simulations/ros2_sims_ws/install/examples_rclrs_message_demo:/home/simulations/ros2_sims_ws/install/rclrs:/home/simulations/ros2_sims_ws/install/rosidl_runtime_rs:/opt/ros/humble LD_LIBRARY_PATH=/home/user/ros2_ws/install/my_robot_interfaces/lib:/home/user/simulation_ws/install/turtlebot3_msgs/lib:/usr/local/cuda-10.2/lib64:/home/user/.catkin_ws_python3/src/TensorRT-7.0.0.11/lib:/home/simulations/ros2_sims_ws/install/visualization_msgs/lib:/home/simulations/ros2_sims_ws/install/test_msgs/lib:/home/simulations/ros2_sims_ws/install/example_interfaces/lib:/home/simulations/ros2_sims_ws/install/action_msgs/lib:/home/simulations/ros2_sims_ws/install/unique_identifier_msgs/lib:/home/simulations/ros2_sims_ws/install/trajectory_msgs/lib:/home/simulations/ros2_sims_ws/install/stereo_msgs/lib:/home/simulations/ros2_sims_ws/install/std_srvs/lib:/home/simulations/ros2_sims_ws/install/shape_msgs/lib:/home/simulations/ros2_sims_ws/install/sensor_msgs/lib:/home/simulations/ros2_sims_ws/install/nav_msgs/lib:/home/simulations/ros2_sims_ws/install/diagnostic_msgs/lib:/home/simulations/ros2_sims_ws/install/geometry_msgs/lib:/home/simulations/ros2_sims_ws/install/actionlib_msgs/lib:/home/simulations/ros2_sims_ws/install/std_msgs/lib:/home/simulations/ros2_sims_ws/install/statistics_msgs/lib:/home/simulations/ros2_sims_ws/install/rosgraph_msgs/lib:/home/simulations/ros2_sims_ws/install/rclrs_example_msgs/lib:/home/simulations/ros2_sims_ws/install/composition_interfaces/lib:/home/simulations/ros2_sims_ws/install/rcl_interfaces/lib:/home/simulations/ros2_sims_ws/install/lifecycle_msgs/lib:/home/simulations/ros2_sims_ws/install/builtin_interfaces/lib:/opt/ros/humble/opt/rviz_ogre_vendor/lib:/opt/ros/humble/lib/x86_64-linux-gnu:/opt/ros/humble/lib:/usr/local/cuda-10.2/lib64:/home/user/.catkin_ws_python3/src/TensorRT-7.0.0.11/lib:/usr/lib/x86_64-linux-gnu/gazebo-11/plugins:/usr/lib/x86_64-linux-gnu/gazebo-11/plugins:/usr/lib/x86_64-linux-gnu/gazebo-11/plugins PYTHONPATH=/home/user/ros2_ws/install/my_robot_interfaces/local/lib/python3.10/dist-packages:${PYTHONPATH} _=/usr/bin/env /usr/bin/cmake --build /home/user/ros2_ws/build/ros2_tf_project -- -j8 -l8
[0.511s] [35m[1mConsolidate compiler generated dependencies of target feature_detector[0m
[0.562s] [ 50%] [32mBuilding CXX object CMakeFiles/feature_detector.dir/src/feature_detector.cpp.o[0m
[12.512s] [01m[K/home/user/ros2_ws/src/ros2_tf_project/src/feature_detector.cpp:15:26:[m[K [01;31m[Kerror: [m[K'[01m[Kros2_tf_project[m[K' does not name a type
[12.512s]    15 | using FeatureDetection = [01;31m[Kros2_tf_project[m[K::srv::FeatureDetection;
[12.512s]       |                          [01;31m[K^~~~~~~~~~~~~~~[m[K
[12.637s] [01m[K/home/user/ros2_ws/src/ros2_tf_project/src/feature_detector.cpp:34:21:[m[K [01;31m[Kerror: [m[K'[01m[KFeatureDetection[m[K' was not declared in this scope; did you mean '[01m[Kmy_robot_interfaces::srv::FeatureDetection[m[K'?
[12.637s]    34 |     rclcpp::Service<[01;31m[KFeatureDetection[m[K>::SharedPtr feature_srv_;
[12.637s]       |                     [01;31m[K^~~~~~~~~~~~~~~~[m[K
[12.637s]       |                     [32m[Kmy_robot_interfaces::srv::FeatureDetection[m[K
[12.638s] In file included from [01m[K/home/user/ros2_ws/install/my_robot_interfaces/include/my_robot_interfaces/my_robot_interfaces/srv/feature_detection.hpp:7[m[K,
[12.638s]                  from [01m[K/home/user/ros2_ws/src/ros2_tf_project/src/feature_detector.cpp:13[m[K:
[12.638s] [01m[K/home/user/ros2_ws/install/my_robot_interfaces/include/my_robot_interfaces/my_robot_interfaces/srv/detail/feature_detection__struct.hpp:296:8:[m[K [01;36m[Knote: [m[K'[01m[Kmy_robot_interfaces::srv::FeatureDetection[m[K' declared here
[12.638s]   296 | struct [01;36m[KFeatureDetection[m[K
[12.638s]       |        [01;36m[K^~~~~~~~~~~~~~~~[m[K
[12.638s] [01m[K/home/user/ros2_ws/src/ros2_tf_project/src/feature_detector.cpp:34:37:[m[K [01;31m[Kerror: [m[Ktemplate argument 1 is invalid
[12.638s]    34 | rclcpp::Service<FeatureDetection[01;31m[K>[m[K::SharedPtr feature_srv_;
[12.638s]       |                                 [01;31m[K^[m[K
[12.638s] 
[12.638s] [01m[K/home/user/ros2_ws/src/ros2_tf_project/src/feature_detector.cpp:34:40:[m[K [01;31m[Kerror: [m[Kexpected '[01m[K;[m[K' at end of member declaration
[12.638s]    34 | cpp::Service<FeatureDetection>::[01;31m[KSharedPtr[m[K feature_srv_;
[12.638s]       |                                 [01;31m[K^~~~~~~~~[m[K
[12.639s]       |                                          [32m[K;[m[K
[12.643s] [01m[K/home/user/ros2_ws/src/ros2_tf_project/src/feature_detector.cpp:34:50:[m[K [01;31m[Kerror: [m[K'[01m[Kfeature_srv_[m[K' does not name a type
[12.643s]    34 | ce<FeatureDetection>::SharedPtr [01;31m[Kfeature_srv_[m[K;
[12.644s]       |                                 [01;31m[K^~~~~~~~~~~~[m[K
[12.645s] 
[12.696s] [01m[K/home/user/ros2_ws/src/ros2_tf_project/src/feature_detector.cpp:45:31:[m[K [01;31m[Kerror: [m[K'[01m[KFeatureDetection[m[K' was not declared in this scope; did you mean '[01m[Kmy_robot_interfaces::srv::FeatureDetection[m[K'?
[12.697s]    45 |         const std::shared_ptr<[01;31m[KFeatureDetection[m[K::Request> request,
[12.697s]       |                               [01;31m[K^~~~~~~~~~~~~~~~[m[K
[12.697s]       |                               [32m[Kmy_robot_interfaces::srv::FeatureDetection[m[K
[12.697s] In file included from [01m[K/home/user/ros2_ws/install/my_robot_interfaces/include/my_robot_interfaces/my_robot_interfaces/srv/feature_detection.hpp:7[m[K,
[12.697s]                  from [01m[K/home/user/ros2_ws/src/ros2_tf_project/src/feature_detector.cpp:13[m[K:
[12.697s] [01m[K/home/user/ros2_ws/install/my_robot_interfaces/include/my_robot_interfaces/my_robot_interfaces/srv/detail/feature_detection__struct.hpp:296:8:[m[K [01;36m[Knote: [m[K'[01m[Kmy_robot_interfaces::srv::FeatureDetection[m[K' declared here
[12.697s]   296 | struct [01;36m[KFeatureDetection[m[K
[12.697s]       |        [01;36m[K^~~~~~~~~~~~~~~~[m[K
[12.697s] [01m[K/home/user/ros2_ws/src/ros2_tf_project/src/feature_detector.cpp:45:56:[m[K [01;31m[Kerror: [m[Ktemplate argument 1 is invalid
[12.697s]    45 | red_ptr<FeatureDetection::Request[01;31m[K>[m[K request,
[12.698s]       |                                  [01;31m[K^[m[K
[12.698s] 
[12.698s] [01m[K/home/user/ros2_ws/src/ros2_tf_project/src/feature_detector.cpp:45:31:[m[K [01;31m[Kerror: [m[K'[01m[KFeatureDetection[m[K' was not declared in this scope; did you mean '[01m[Kmy_robot_interfaces::srv::FeatureDetection[m[K'?
[12.699s]    45 |         const std::shared_ptr<[01;31m[KFeatureDetection[m[K::Request> request,
[12.699s]       |                               [01;31m[K^~~~~~~~~~~~~~~~[m[K
[12.699s]       |                               [32m[Kmy_robot_interfaces::srv::FeatureDetection[m[K
[12.699s] In file included from [01m[K/home/user/ros2_ws/install/my_robot_interfaces/include/my_robot_interfaces/my_robot_interfaces/srv/feature_detection.hpp:7[m[K,
[12.699s]                  from [01m[K/home/user/ros2_ws/src/ros2_tf_project/src/feature_detector.cpp:13[m[K:
[12.701s] [01m[K/home/user/ros2_ws/install/my_robot_interfaces/include/my_robot_interfaces/my_robot_interfaces/srv/detail/feature_detection__struct.hpp:296:8:[m[K [01;36m[Knote: [m[K'[01m[Kmy_robot_interfaces::srv::FeatureDetection[m[K' declared here
[12.701s]   296 | struct [01;36m[KFeatureDetection[m[K
[12.701s]       |        [01;36m[K^~~~~~~~~~~~~~~~[m[K
[12.701s] [01m[K/home/user/ros2_ws/src/ros2_tf_project/src/feature_detector.cpp:45:56:[m[K [01;31m[Kerror: [m[Ktemplate argument 1 is invalid
[12.701s]    45 | red_ptr<FeatureDetection::Request[01;31m[K>[m[K request,
[12.701s]       |                                  [01;31m[K^[m[K
[12.701s] 
[12.702s] [01m[K/home/user/ros2_ws/src/ros2_tf_project/src/feature_detector.cpp:45:31:[m[K [01;31m[Kerror: [m[K'[01m[KFeatureDetection[m[K' was not declared in this scope; did you mean '[01m[Kmy_robot_interfaces::srv::FeatureDetection[m[K'?
[12.702s]    45 |         const std::shared_ptr<[01;31m[KFeatureDetection[m[K::Request> request,
[12.702s]       |                               [01;31m[K^~~~~~~~~~~~~~~~[m[K
[12.702s]       |                               [32m[Kmy_robot_interfaces::srv::FeatureDetection[m[K
[12.703s] In file included from [01m[K/home/user/ros2_ws/install/my_robot_interfaces/include/my_robot_interfaces/my_robot_interfaces/srv/feature_detection.hpp:7[m[K,
[12.703s]                  from [01m[K/home/user/ros2_ws/src/ros2_tf_project/src/feature_detector.cpp:13[m[K:
[12.703s] [01m[K/home/user/ros2_ws/install/my_robot_interfaces/include/my_robot_interfaces/my_robot_interfaces/srv/detail/feature_detection__struct.hpp:296:8:[m[K [01;36m[Knote: [m[K'[01m[Kmy_robot_interfaces::srv::FeatureDetection[m[K' declared here
[12.703s]   296 | struct [01;36m[KFeatureDetection[m[K
[12.703s]       |        [01;36m[K^~~~~~~~~~~~~~~~[m[K
[12.704s] [01m[K/home/user/ros2_ws/src/ros2_tf_project/src/feature_detector.cpp:45:56:[m[K [01;31m[Kerror: [m[Ktemplate argument 1 is invalid
[12.704s]    45 | red_ptr<FeatureDetection::Request[01;31m[K>[m[K request,
[12.704s]       |                                  [01;31m[K^[m[K
[12.704s] 
[12.704s] [01m[K/home/user/ros2_ws/src/ros2_tf_project/src/feature_detector.cpp:45:15:[m[K [01;31m[Kerror: [m[Kinvalid template-id
[12.704s]    45 |         const [01;31m[Kstd[m[K::shared_ptr<FeatureDetection::Request> request,
[12.704s]       |               [01;31m[K^~~[m[K
[12.704s] [01m[K/home/user/ros2_ws/src/ros2_tf_project/src/feature_detector.cpp:45:31:[m[K [01;31m[Kerror: [m[K'[01m[KFeatureDetection[m[K' has not been declared
[12.704s]    45 |         const std::shared_ptr<[01;31m[KFeatureDetection[m[K::Request> request,
[12.705s]       |                               [01;31m[K^~~~~~~~~~~~~~~~[m[K
[12.705s] [01m[K/home/user/ros2_ws/src/ros2_tf_project/src/feature_detector.cpp:45:9:[m[K [01;31m[Kerror: [m[Kclass template placeholder '[01m[Kstd::shared_ptr[m[K' not permitted in this context
[12.705s]    45 |         [01;31m[Kconst[m[K std::shared_ptr<FeatureDetection::Request> request,
[12.705s]       |         [01;31m[K^~~~~[m[K
[12.705s] [01m[K/home/user/ros2_ws/src/ros2_tf_project/src/feature_detector.cpp:46:25:[m[K [01;31m[Kerror: [m[K'[01m[KFeatureDetection[m[K' was not declared in this scope; did you mean '[01m[Kmy_robot_interfaces::srv::FeatureDetection[m[K'?
[12.705s]    46 |         std::shared_ptr<[01;31m[KFeatureDetection[m[K::Response> response) {
[12.705s]       |                         [01;31m[K^~~~~~~~~~~~~~~~[m[K
[12.705s]       |                         [32m[Kmy_robot_interfaces::srv::FeatureDetection[m[K
[12.706s] In file included from [01m[K/home/user/ros2_ws/install/my_robot_interfaces/include/my_robot_interfaces/my_robot_interfaces/srv/feature_detection.hpp:7[m[K,
[12.706s]                  from [01m[K/home/user/ros2_ws/src/ros2_tf_project/src/feature_detector.cpp:13[m[K:
[12.706s] [01m[K/home/user/ros2_ws/install/my_robot_interfaces/include/my_robot_interfaces/my_robot_interfaces/srv/detail/feature_detection__struct.hpp:296:8:[m[K [01;36m[Knote: [m[K'[01m[Kmy_robot_interfaces::srv::FeatureDetection[m[K' declared here
[12.706s]   296 | struct [01;36m[KFeatureDetection[m[K
[12.707s]       |        [01;36m[K^~~~~~~~~~~~~~~~[m[K
[12.707s] [01m[K/home/user/ros2_ws/src/ros2_tf_project/src/feature_detector.cpp:46:51:[m[K [01;31m[Kerror: [m[Ktemplate argument 1 is invalid
[12.707s]    46 | d_ptr<FeatureDetection::Response[01;31m[K>[m[K response) {
[12.707s]       |                                 [01;31m[K^[m[K
[12.707s] 
[12.707s] [01m[K/home/user/ros2_ws/src/ros2_tf_project/src/feature_detector.cpp:46:25:[m[K [01;31m[Kerror: [m[K'[01m[KFeatureDetection[m[K' was not declared in this scope; did you mean '[01m[Kmy_robot_interfaces::srv::FeatureDetection[m[K'?
[12.708s]    46 |         std::shared_ptr<[01;31m[KFeatureDetection[m[K::Response> response) {
[12.708s]       |                         [01;31m[K^~~~~~~~~~~~~~~~[m[K
[12.708s]       |                         [32m[Kmy_robot_interfaces::srv::FeatureDetection[m[K
[12.708s] In file included from [01m[K/home/user/ros2_ws/install/my_robot_interfaces/include/my_robot_interfaces/my_robot_interfaces/srv/feature_detection.hpp:7[m[K,
[12.708s]                  from [01m[K/home/user/ros2_ws/src/ros2_tf_project/src/feature_detector.cpp:13[m[K:
[12.708s] [01m[K/home/user/ros2_ws/install/my_robot_interfaces/include/my_robot_interfaces/my_robot_interfaces/srv/detail/feature_detection__struct.hpp:296:8:[m[K [01;36m[Knote: [m[K'[01m[Kmy_robot_interfaces::srv::FeatureDetection[m[K' declared here
[12.708s]   296 | struct [01;36m[KFeatureDetection[m[K
[12.708s]       |        [01;36m[K^~~~~~~~~~~~~~~~[m[K
[12.708s] [01m[K/home/user/ros2_ws/src/ros2_tf_project/src/feature_detector.cpp:46:51:[m[K [01;31m[Kerror: [m[Ktemplate argument 1 is invalid
[12.709s]    46 | d_ptr<FeatureDetection::Response[01;31m[K>[m[K response) {
[12.709s]       |                                 [01;31m[K^[m[K
[12.709s] 
[12.709s] [01m[K/home/user/ros2_ws/src/ros2_tf_project/src/feature_detector.cpp:46:25:[m[K [01;31m[Kerror: [m[K'[01m[KFeatureDetection[m[K' was not declared in this scope; did you mean '[01m[Kmy_robot_interfaces::srv::FeatureDetection[m[K'?
[12.709s]    46 |         std::shared_ptr<[01;31m[KFeatureDetection[m[K::Response> response) {
[12.709s]       |                         [01;31m[K^~~~~~~~~~~~~~~~[m[K
[12.709s]       |                         [32m[Kmy_robot_interfaces::srv::FeatureDetection[m[K
[12.709s] In file included from [01m[K/home/user/ros2_ws/install/my_robot_interfaces/include/my_robot_interfaces/my_robot_interfaces/srv/feature_detection.hpp:7[m[K,
[12.709s]                  from [01m[K/home/user/ros2_ws/src/ros2_tf_project/src/feature_detector.cpp:13[m[K:
[12.709s] [01m[K/home/user/ros2_ws/install/my_robot_interfaces/include/my_robot_interfaces/my_robot_interfaces/srv/detail/feature_detection__struct.hpp:296:8:[m[K [01;36m[Knote: [m[K'[01m[Kmy_robot_interfaces::srv::FeatureDetection[m[K' declared here
[12.710s]   296 | struct [01;36m[KFeatureDetection[m[K
[12.710s]       |        [01;36m[K^~~~~~~~~~~~~~~~[m[K
[12.710s] [01m[K/home/user/ros2_ws/src/ros2_tf_project/src/feature_detector.cpp:46:51:[m[K [01;31m[Kerror: [m[Ktemplate argument 1 is invalid
[12.710s]    46 | d_ptr<FeatureDetection::Response[01;31m[K>[m[K response) {
[12.710s]       |                                 [01;31m[K^[m[K
[12.710s] 
[12.710s] [01m[K/home/user/ros2_ws/src/ros2_tf_project/src/feature_detector.cpp:46:9:[m[K [01;31m[Kerror: [m[Kinvalid template-id
[12.710s]    46 |         [01;31m[Kstd[m[K::shared_ptr<FeatureDetection::Response> response) {
[12.711s]       |         [01;31m[K^~~[m[K
[12.711s] [01m[K/home/user/ros2_ws/src/ros2_tf_project/src/feature_detector.cpp:46:25:[m[K [01;31m[Kerror: [m[K'[01m[KFeatureDetection[m[K' has not been declared
[12.711s]    46 |         std::shared_ptr<[01;31m[KFeatureDetection[m[K::Response> response) {
[12.711s]       |                         [01;31m[K^~~~~~~~~~~~~~~~[m[K
[12.711s] [01m[K/home/user/ros2_ws/src/ros2_tf_project/src/feature_detector.cpp:46:9:[m[K [01;31m[Kerror: [m[Kclass template placeholder '[01m[Kstd::shared_ptr[m[K' not permitted in this context
[12.711s]    46 |         [01;31m[Kstd[m[K::shared_ptr<FeatureDetection::Response> response) {
[12.711s]       |         [01;31m[K^~~[m[K
[12.726s] [01m[K/home/user/ros2_ws/src/ros2_tf_project/src/feature_detector.cpp:[m[K In constructor '[01m[KFeatureDetector::FeatureDetector()[m[K':
[12.726s] [01m[K/home/user/ros2_ws/src/ros2_tf_project/src/feature_detector.cpp:24:9:[m[K [01;31m[Kerror: [m[K'[01m[Kfeature_srv_[m[K' was not declared in this scope
[12.726s]    24 |         [01;31m[Kfeature_srv_[m[K = this->create_service<FeatureDetection>(
[12.726s]       |         [01;31m[K^~~~~~~~~~~~[m[K
[12.726s] [01m[K/home/user/ros2_ws/src/ros2_tf_project/src/feature_detector.cpp:24:45:[m[K [01;31m[Kerror: [m[K'[01m[KFeatureDetection[m[K' was not declared in this scope; did you mean '[01m[Kmy_robot_interfaces::srv::FeatureDetection[m[K'?
[12.726s]    24 | ure_srv_ = this->create_service<[01;31m[KFeatureDetection[m[K>(
[12.726s]       |                                 [01;31m[K^~~~~~~~~~~~~~~~[m[K
[12.726s]       |                                 [32m[Kmy_robot_interfaces::srv::FeatureDetection[m[K
[12.727s] In file included from [01m[K/home/user/ros2_ws/install/my_robot_interfaces/include/my_robot_interfaces/my_robot_interfaces/srv/feature_detection.hpp:7[m[K,
[12.728s]                  from [01m[K/home/user/ros2_ws/src/ros2_tf_project/src/feature_detector.cpp:13[m[K:
[12.728s] [01m[K/home/user/ros2_ws/install/my_robot_interfaces/include/my_robot_interfaces/my_robot_interfaces/srv/detail/feature_detection__struct.hpp:296:8:[m[K [01;36m[Knote: [m[K'[01m[Kmy_robot_interfaces::srv::FeatureDetection[m[K' declared here
[12.728s]   296 | struct [01;36m[KFeatureDetection[m[K
[12.728s]       |        [01;36m[K^~~~~~~~~~~~~~~~[m[K
[12.793s] [01m[K/home/user/ros2_ws/src/ros2_tf_project/src/feature_detector.cpp:24:62:[m[K [01;31m[Kerror: [m[Kno matching function for call to '[01m[KFeatureDetector::create_service<<expression error> >(const char [19], std::_Bind_helper<false, void (FeatureDetector::*)(...), FeatureDetector*, const std::_Placeholder<1>&, const std::_Placeholder<2>&>::type)[m[K'
[12.793s]    24 | _ = [01;31m[Kthis->create_service<FeatureDetection>([m[K
[12.794s]       |     [01;31m[K~~~~~~~~~~~~~~~~~~~~~~~~~~~~~~~~~~~~~~^[m[K
[12.794s] 
[12.794s]    25 | [01;31m[Kre_detection",[m[K
[12.794s]       | [01;31m[K~~~~~~~~~~~~~~[m[K                             
[12.794s] 
[12.794s]    26 | [01;31m[Knd(&FeatureDetector::handleFeatureDetection, this, std::placeholders::_1, std::placeholders::_2))[m[K;
[12.794s]       | [01;31m[K~~~~~~~~~~~~~~~~~~~~~~~~~~~~~~~~~~~~~~~~~~~~~~~~~~~~~~~~~~~~~~~~~~~~~~~~~~~~~~~~~~~~~~~~~~~~~~~~~[m[K
[12.794s] 
[12.794s] In file included from [01m[K/opt/ros/humble/include/rclcpp/rclcpp/executors/single_threaded_executor.hpp:28[m[K,
[12.794s]                  from [01m[K/opt/ros/humble/include/rclcpp/rclcpp/executors.hpp:22[m[K,
[12.794s]                  from [01m[K/opt/ros/humble/include/rclcpp/rclcpp/rclcpp.hpp:155[m[K,
[12.794s]                  from [01m[K/home/user/ros2_ws/src/ros2_tf_project/src/feature_detector.cpp:1[m[K:
[12.795s] [01m[K/opt/ros/humble/include/rclcpp/rclcpp/node.hpp:267:3:[m[K [01;36m[Knote: [m[Kcandidate: '[01m[Ktemplate<class ServiceT, class CallbackT> typename rclcpp::Service<ServiceT>::SharedPtr rclcpp::Node::create_service(const string&, CallbackT&&, const rmw_qos_profile_t&, rclcpp::CallbackGroup::SharedPtr)[m[K'
[12.795s]   267 |   [01;36m[Kcreate_service[m[K(
[12.795s]       |   [01;36m[K^~~~~~~~~~~~~~[m[K
[12.795s] [01m[K/opt/ros/humble/include/rclcpp/rclcpp/node.hpp:267:3:[m[K [01;36m[Knote: [m[K  template argument deduction/substitution failed:
[12.795s] [01m[K/home/user/ros2_ws/src/ros2_tf_project/src/feature_detector.cpp:24:62:[m[K [01;31m[Kerror: [m[Ktemplate argument 1 is invalid
[12.795s]    24 | _ = [01;31m[Kthis->create_service<FeatureDetection>([m[K
[12.795s]       |     [01;31m[K~~~~~~~~~~~~~~~~~~~~~~~~~~~~~~~~~~~~~~^[m[K
[12.795s] 
[12.795s]    25 | [01;31m[Kre_detection",[m[K
[12.796s]       | [01;31m[K~~~~~~~~~~~~~~[m[K                             
[12.808s] 
[12.809s]    26 | [01;31m[Knd(&FeatureDetector::handleFeatureDetection, this, std::placeholders::_1, std::placeholders::_2))[m[K;
[12.809s]       | [01;31m[K~~~~~~~~~~~~~~~~~~~~~~~~~~~~~~~~~~~~~~~~~~~~~~~~~~~~~~~~~~~~~~~~~~~~~~~~~~~~~~~~~~~~~~~~~~~~~~~~~[m[K
[12.809s] 
[24.010s] gmake[2]: *** [CMakeFiles/feature_detector.dir/build.make:76: CMakeFiles/feature_detector.dir/src/feature_detector.cpp.o] Error 1
[24.011s] gmake[1]: *** [CMakeFiles/Makefile2:137: CMakeFiles/feature_detector.dir/all] Error 2
[24.011s] gmake: *** [Makefile:146: all] Error 2
[24.023s] Invoked command in '/home/user/ros2_ws/build/ros2_tf_project' returned '2': AMENT_PREFIX_PATH=/home/user/ros2_ws/install/my_robot_interfaces:${AMENT_PREFIX_PATH} CMAKE_PREFIX_PATH=/home/user/ros2_ws/install/my_robot_interfaces:/home/user/ros2_ws/install/tb3_burger_localization:/home/user/ros2_ws/install/tb3_burger_cartographer:/home/user/simulation_ws/install/turtlebot3:/home/user/simulation_ws/install/turtlebot3_simulations:/home/user/simulation_ws/install/turtlebot3_navigation2:/home/user/simulation_ws/install/turtlebot3_msgs:/home/user/simulation_ws/install/turtlebot3_gazebo:/home/user/simulation_ws/install/turtlebot3_bringup:/home/user/simulation_ws/install/turtlebot3_description:/home/user/simulation_ws/install/turtlebot3_cartographer:/home/simulations/ros2_sims_ws/install/common_interfaces:/home/simulations/ros2_sims_ws/install/visualization_msgs:/home/simulations/ros2_sims_ws/install/test_msgs:/home/simulations/ros2_sims_ws/install/example_interfaces:/home/simulations/ros2_sims_ws/install/action_msgs:/home/simulations/ros2_sims_ws/install/unique_identifier_msgs:/home/simulations/ros2_sims_ws/install/trajectory_msgs:/home/simulations/ros2_sims_ws/install/test_interface_files:/home/simulations/ros2_sims_ws/install/stereo_msgs:/home/simulations/ros2_sims_ws/install/std_srvs:/home/simulations/ros2_sims_ws/install/shape_msgs:/home/simulations/ros2_sims_ws/install/sensor_msgs:/home/simulations/ros2_sims_ws/install/nav_msgs:/home/simulations/ros2_sims_ws/install/diagnostic_msgs:/home/simulations/ros2_sims_ws/install/geometry_msgs:/home/simulations/ros2_sims_ws/install/actionlib_msgs:/home/simulations/ros2_sims_ws/install/std_msgs:/home/simulations/ros2_sims_ws/install/statistics_msgs:/home/simulations/ros2_sims_ws/install/rosgraph_msgs:/home/simulations/ros2_sims_ws/install/rclrs_example_msgs:/home/simulations/ros2_sims_ws/install/composition_interfaces:/home/simulations/ros2_sims_ws/install/rcl_interfaces:/home/simulations/ros2_sims_ws/install/lifecycle_msgs:/home/simulations/ros2_sims_ws/install/builtin_interfaces:/home/simulations/ros2_sims_ws/install/rosidl_default_runtime:/home/simulations/ros2_sims_ws/install/rosidl_default_generators:/home/simulations/ros2_sims_ws/install/rosidl_generator_rs:/home/user/simulation_ws/install/turtlebot3_teleop:/home/user/simulation_ws/install/turtlebot3_example:/home/simulations/ros2_sims_ws/install/rclrs_tests:/home/simulations/ros2_sims_ws/install/examples_rclrs_minimal_client_service:/home/simulations/ros2_sims_ws/install/sensor_msgs_py:/home/simulations/ros2_sims_ws/install/examples_rclrs_minimal_pub_sub:/home/simulations/ros2_sims_ws/install/examples_rclrs_message_demo:/home/simulations/ros2_sims_ws/install/rclrs:/home/simulations/ros2_sims_ws/install/rosidl_runtime_rs:/opt/ros/humble LD_LIBRARY_PATH=/home/user/ros2_ws/install/my_robot_interfaces/lib:/home/user/simulation_ws/install/turtlebot3_msgs/lib:/usr/local/cuda-10.2/lib64:/home/user/.catkin_ws_python3/src/TensorRT-7.0.0.11/lib:/home/simulations/ros2_sims_ws/install/visualization_msgs/lib:/home/simulations/ros2_sims_ws/install/test_msgs/lib:/home/simulations/ros2_sims_ws/install/example_interfaces/lib:/home/simulations/ros2_sims_ws/install/action_msgs/lib:/home/simulations/ros2_sims_ws/install/unique_identifier_msgs/lib:/home/simulations/ros2_sims_ws/install/trajectory_msgs/lib:/home/simulations/ros2_sims_ws/install/stereo_msgs/lib:/home/simulations/ros2_sims_ws/install/std_srvs/lib:/home/simulations/ros2_sims_ws/install/shape_msgs/lib:/home/simulations/ros2_sims_ws/install/sensor_msgs/lib:/home/simulations/ros2_sims_ws/install/nav_msgs/lib:/home/simulations/ros2_sims_ws/install/diagnostic_msgs/lib:/home/simulations/ros2_sims_ws/install/geometry_msgs/lib:/home/simulations/ros2_sims_ws/install/actionlib_msgs/lib:/home/simulations/ros2_sims_ws/install/std_msgs/lib:/home/simulations/ros2_sims_ws/install/statistics_msgs/lib:/home/simulations/ros2_sims_ws/install/rosgraph_msgs/lib:/home/simulations/ros2_sims_ws/install/rclrs_example_msgs/lib:/home/simulations/ros2_sims_ws/install/composition_interfaces/lib:/home/simulations/ros2_sims_ws/install/rcl_interfaces/lib:/home/simulations/ros2_sims_ws/install/lifecycle_msgs/lib:/home/simulations/ros2_sims_ws/install/builtin_interfaces/lib:/opt/ros/humble/opt/rviz_ogre_vendor/lib:/opt/ros/humble/lib/x86_64-linux-gnu:/opt/ros/humble/lib:/usr/local/cuda-10.2/lib64:/home/user/.catkin_ws_python3/src/TensorRT-7.0.0.11/lib:/usr/lib/x86_64-linux-gnu/gazebo-11/plugins:/usr/lib/x86_64-linux-gnu/gazebo-11/plugins:/usr/lib/x86_64-linux-gnu/gazebo-11/plugins PYTHONPATH=/home/user/ros2_ws/install/my_robot_interfaces/local/lib/python3.10/dist-packages:${PYTHONPATH} _=/usr/bin/env /usr/bin/cmake --build /home/user/ros2_ws/build/ros2_tf_project -- -j8 -l8
