[0.011s] Invoking command in '/home/latih/ros2-tf-real-robot-project/build/ros2_tf_project': CMAKE_PREFIX_PATH=/home/latih/ros2-tf-real-robot-project/install/my_robot_interfaces:/home/latih/ros2-tf-real-robot-project/install/turtlebot3:/home/latih/ros2-tf-real-robot-project/install/turtlebot3_simulations:/home/latih/ros2-tf-real-robot-project/install/turtlebot3_navigation2:/home/latih/ros2-tf-real-robot-project/install/turtlebot3_msgs:/home/latih/ros2-tf-real-robot-project/install/turtlebot3_gazebo:/home/latih/ros2-tf-real-robot-project/install/turtlebot3_bringup:/home/latih/ros2-tf-real-robot-project/install/turtlebot3_description:/home/latih/ros2-tf-real-robot-project/install/turtlebot3_cartographer:/home/latih/ros2-tf-real-robot-project/install/tb3_burger_localization:/home/latih/ros2-tf-real-robot-project/install/tb3_burger_cartographer:/home/latih/ros2-tf-real-robot-project/install/ros2_tf_project:/home/latih/ros2-tf-real-robot-project/install/turtlebot3_teleop:/home/latih/ros2-tf-real-robot-project/install/turtlebot3_example:/opt/ros/humble LD_LIBRARY_PATH=/home/latih/ros2-tf-real-robot-project/install/my_robot_interfaces/lib:/home/latih/ros2-tf-real-robot-project/install/turtlebot3_msgs/lib:/usr/lib/x86_64-linux-gnu/gazebo-11/plugins:/opt/ros/humble/opt/rviz_ogre_vendor/lib:/opt/ros/humble/lib/x86_64-linux-gnu:/opt/ros/humble/lib /usr/bin/cmake --build /home/latih/ros2-tf-real-robot-project/build/ros2_tf_project -- -j16 -l16
[0.032s] -- Found ament_cmake: 1.3.11 (/opt/ros/humble/share/ament_cmake/cmake)
[0.157s] -- Found tf2: 0.25.12 (/opt/ros/humble/share/tf2/cmake)
[0.177s] -- Found rosidl_generator_c: 3.1.6 (/opt/ros/humble/share/rosidl_generator_c/cmake)
[0.179s] -- Found rosidl_adapter: 3.1.6 (/opt/ros/humble/share/rosidl_adapter/cmake)
[0.183s] -- Found rosidl_generator_cpp: 3.1.6 (/opt/ros/humble/share/rosidl_generator_cpp/cmake)
[0.190s] -- Using all available rosidl_typesupport_c: rosidl_typesupport_fastrtps_c;rosidl_typesupport_introspection_c
[0.198s] -- Using all available rosidl_typesupport_cpp: rosidl_typesupport_fastrtps_cpp;rosidl_typesupport_introspection_cpp
[0.226s] -- Found tf2_ros: 0.25.12 (/opt/ros/humble/share/tf2_ros/cmake)
[0.256s] -- Found rmw_implementation_cmake: 6.1.2 (/opt/ros/humble/share/rmw_implementation_cmake/cmake)
[0.257s] -- Found rmw_fastrtps_cpp: 6.2.7 (/opt/ros/humble/share/rmw_fastrtps_cpp/cmake)
[0.348s] -- Using RMW implementation 'rmw_fastrtps_cpp' as default
[0.413s] -- Found tf2_geometry_msgs: 0.25.12 (/opt/ros/humble/share/tf2_geometry_msgs/cmake)
[0.415s] -- Found eigen3_cmake_module: 0.1.1 (/opt/ros/humble/share/eigen3_cmake_module/cmake)
[0.416s] -- Ensuring Eigen3 include directory is part of orocos-kdl CMake target
[0.417s] -- Found sensor_msgs: 4.8.0 (/opt/ros/humble/share/sensor_msgs/cmake)
[0.429s] -- Found my_robot_interfaces: 0.0.0 (/home/latih/ros2-tf-real-robot-project/install/my_robot_interfaces/share/my_robot_interfaces/cmake)
[0.495s] -- Configuring done
[0.512s] -- Generating done
[0.517s] -- Build files have been written to: /home/latih/ros2-tf-real-robot-project/build/ros2_tf_project
[0.542s] [35m[1mConsolidate compiler generated dependencies of target feature_detector[0m
[0.553s] [ 25%] [32mBuilding CXX object CMakeFiles/simple_trajectory_service.dir/src/simple_trajectory_service.cpp.o[0m
[0.565s] [ 75%] Built target feature_detector
[2.234s] [01m[K/home/latih/ros2-tf-real-robot-project/ros2_ws/src/ros2_tf_project/src/simple_trajectory_service.cpp:21:52:[m[K [01;31m[Kerror: [m[Kexpected class-name before ‘[01m[K{[m[K’ token
[2.234s]    21 | class SimpleTrajectoryService : public rclcpp::node[01;31m[K{[m[K
[2.234s]       |                                                    [01;31m[K^[m[K
[2.234s] [01m[K/home/latih/ros2-tf-real-robot-project/ros2_ws/src/ros2_tf_project/src/simple_trajectory_service.cpp:42:25:[m[K [01;31m[Kerror: [m[K‘[01m[KSimpleTrajectory[m[K’ was not declared in this scope; did you mean ‘[01m[Kmy_robot_interfaces::srv::SimpleTrajectory[m[K’?
[2.234s]    42 |         rclcpp::Service<[01;31m[KSimpleTrajectory[m[K>::Shared_Ptr trajectory_srv_;
[2.235s]       |                         [01;31m[K^~~~~~~~~~~~~~~~[m[K
[2.235s]       |                         [32m[Kmy_robot_interfaces::srv::SimpleTrajectory[m[K
[2.235s] In file included from [01m[K/home/latih/ros2-tf-real-robot-project/install/my_robot_interfaces/include/my_robot_interfaces/my_robot_interfaces/srv/simple_trajectory.hpp:7[m[K,
[2.235s]                  from [01m[K/home/latih/ros2-tf-real-robot-project/ros2_ws/src/ros2_tf_project/src/simple_trajectory_service.cpp:2[m[K:
[2.235s] [01m[K/home/latih/ros2-tf-real-robot-project/install/my_robot_interfaces/include/my_robot_interfaces/my_robot_interfaces/srv/detail/simple_trajectory__struct.hpp:279:8:[m[K [01;36m[Knote: [m[K‘[01m[Kmy_robot_interfaces::srv::SimpleTrajectory[m[K’ declared here
[2.235s]   279 | struct [01;36m[KSimpleTrajectory[m[K
[2.235s]       |        [01;36m[K^~~~~~~~~~~~~~~~[m[K
[2.235s] [01m[K/home/latih/ros2-tf-real-robot-project/ros2_ws/src/ros2_tf_project/src/simple_trajectory_service.cpp:42:41:[m[K [01;31m[Kerror: [m[Ktemplate argument 1 is invalid
[2.235s]    42 |         rclcpp::Service<SimpleTrajectory[01;31m[K>[m[K::Shared_Ptr trajectory_srv_;
[2.235s]       |                                         [01;31m[K^[m[K
[2.235s] [01m[K/home/latih/ros2-tf-real-robot-project/ros2_ws/src/ros2_tf_project/src/simple_trajectory_service.cpp:42:44:[m[K [01;31m[Kerror: [m[Kexpected ‘[01m[K;[m[K’ at end of member declaration
[2.235s]    42 |         rclcpp::Service<SimpleTrajectory>::[01;31m[KShared_Ptr[m[K trajectory_srv_;
[2.235s]       |                                            [01;31m[K^~~~~~~~~~[m[K
[2.235s]       |                                                      [32m[K;[m[K
[2.238s] [01m[K/home/latih/ros2-tf-real-robot-project/ros2_ws/src/ros2_tf_project/src/simple_trajectory_service.cpp:42:55:[m[K [01;31m[Kerror: [m[K‘[01m[Ktrajectory_srv_[m[K’ does not name a type
[2.238s]    42 |         rclcpp::Service<SimpleTrajectory>::Shared_Ptr [01;31m[Ktrajectory_srv_[m[K;
[2.238s]       |                                                       [01;31m[K^~~~~~~~~~~~~~~[m[K
[2.241s] [01m[K/home/latih/ros2-tf-real-robot-project/ros2_ws/src/ros2_tf_project/src/simple_trajectory_service.cpp:[m[K In constructor ‘[01m[KSimpleTrajectoryService::SimpleTrajectoryService()[m[K’:
[2.241s] [01m[K/home/latih/ros2-tf-real-robot-project/ros2_ws/src/ros2_tf_project/src/simple_trajectory_service.cpp:25:37:[m[K [01;31m[Kerror: [m[Kclass ‘[01m[KSimpleTrajectoryService[m[K’ does not have any field named ‘[01m[KNode[m[K’
[2.241s]    25 |         SimpleTrajectoryService() : [01;31m[KNode[m[K("simple_trjectory_service"), tf_buffer_(this->get_clock()), tf_buffer_(this->get_clock())
[2.242s]       |                                     [01;31m[K^~~~[m[K
[2.242s] [01m[K/home/latih/ros2-tf-real-robot-project/ros2_ws/src/ros2_tf_project/src/simple_trajectory_service.cpp:25:71:[m[K [01;31m[Kerror: [m[Kclass ‘[01m[KSimpleTrajectoryService[m[K’ does not have any field named ‘[01m[Ktf_buffer_[m[K’
[2.242s]    25 |         SimpleTrajectoryService() : Node("simple_trjectory_service"), [01;31m[Ktf_buffer_[m[K(this->get_clock()), tf_buffer_(this->get_clock())
[2.242s]       |                                                                       [01;31m[K^~~~~~~~~~[m[K
[2.242s] [01m[K/home/latih/ros2-tf-real-robot-project/ros2_ws/src/ros2_tf_project/src/simple_trajectory_service.cpp:25:88:[m[K [01;31m[Kerror: [m[K‘[01m[Kclass SimpleTrajectoryService[m[K’ has no member named ‘[01m[Kget_clock[m[K’
[2.242s]    25 |         SimpleTrajectoryService() : Node("simple_trjectory_service"), tf_buffer_(this->[01;31m[Kget_clock[m[K()), tf_buffer_(this->get_clock())
[2.242s]       |                                                                                        [01;31m[K^~~~~~~~~[m[K
[2.242s] [01m[K/home/latih/ros2-tf-real-robot-project/ros2_ws/src/ros2_tf_project/src/simple_trajectory_service.cpp:25:102:[m[K [01;31m[Kerror: [m[Kclass ‘[01m[KSimpleTrajectoryService[m[K’ does not have any field named ‘[01m[Ktf_buffer_[m[K’
[2.242s]    25 |         SimpleTrajectoryService() : Node("simple_trjectory_service"), tf_buffer_(this->get_clock()), [01;31m[Ktf_buffer_[m[K(this->get_clock())
[2.242s]       |                                                                                                      [01;31m[K^~~~~~~~~~[m[K
[2.242s] [01m[K/home/latih/ros2-tf-real-robot-project/ros2_ws/src/ros2_tf_project/src/simple_trajectory_service.cpp:25:119:[m[K [01;31m[Kerror: [m[K‘[01m[Kclass SimpleTrajectoryService[m[K’ has no member named ‘[01m[Kget_clock[m[K’
[2.242s]    25 |         SimpleTrajectoryService() : Node("simple_trjectory_service"), tf_buffer_(this->get_clock()), tf_buffer_(this->[01;31m[Kget_clock[m[K())
[2.242s]       |                                                                                                                       [01;31m[K^~~~~~~~~[m[K
[2.242s] [01m[K/home/latih/ros2-tf-real-robot-project/ros2_ws/src/ros2_tf_project/src/simple_trajectory_service.cpp:29:73:[m[K [01;31m[Kerror: [m[K‘[01m[KhandleSimpleTrajectory[m[K’ is not a member of ‘[01m[KSimpleTrajectoryService[m[K’
[2.242s]    29 |                                     std::bind(&SimpleTrajectoryService::[01;31m[KhandleSimpleTrajectory[m[K,this,
[2.242s]       |                                                                         [01;31m[K^~~~~~~~~~~~~~~~~~~~~~[m[K
[2.242s] In file included from [01m[K/opt/ros/humble/include/rclcpp/rclcpp/client.hpp:40[m[K,
[2.242s]                  from [01m[K/opt/ros/humble/include/rclcpp/rclcpp/callback_group.hpp:24[m[K,
[2.242s]                  from [01m[K/opt/ros/humble/include/rclcpp/rclcpp/any_executable.hpp:20[m[K,
[2.242s]                  from [01m[K/opt/ros/humble/include/rclcpp/rclcpp/memory_strategy.hpp:25[m[K,
[2.242s]                  from [01m[K/opt/ros/humble/include/rclcpp/rclcpp/memory_strategies.hpp:18[m[K,
[2.242s]                  from [01m[K/opt/ros/humble/include/rclcpp/rclcpp/executor_options.hpp:20[m[K,
[2.242s]                  from [01m[K/opt/ros/humble/include/rclcpp/rclcpp/executor.hpp:37[m[K,
[2.243s]                  from [01m[K/opt/ros/humble/include/rclcpp/rclcpp/executors/multi_threaded_executor.hpp:25[m[K,
[2.243s]                  from [01m[K/opt/ros/humble/include/rclcpp/rclcpp/executors.hpp:21[m[K,
[2.243s]                  from [01m[K/opt/ros/humble/include/rclcpp/rclcpp/rclcpp.hpp:155[m[K,
[2.243s]                  from [01m[K/home/latih/ros2-tf-real-robot-project/ros2_ws/src/ros2_tf_project/src/simple_trajectory_service.cpp:1[m[K:
[2.243s] [01m[K/home/latih/ros2-tf-real-robot-project/ros2_ws/src/ros2_tf_project/src/simple_trajectory_service.cpp:33:31:[m[K [01;31m[Kerror: [m[K‘[01m[Kclass SimpleTrajectoryService[m[K’ has no member named ‘[01m[Kget_logger[m[K’
[2.243s]    33 |             RCLCPP_INFO(this->[01;31m[Kget_logger[m[K(), "Simple Trajectory Initialized");
[2.243s]       |                               [01;31m[K^~~~~~~~~~[m[K
[2.243s] [01m[K/home/latih/ros2-tf-real-robot-project/ros2_ws/src/ros2_tf_project/src/simple_trajectory_service.cpp:33:31:[m[K [01;31m[Kerror: [m[K‘[01m[Kclass SimpleTrajectoryService[m[K’ has no member named ‘[01m[Kget_logger[m[K’
[2.243s] [01m[K/home/latih/ros2-tf-real-robot-project/ros2_ws/src/ros2_tf_project/src/simple_trajectory_service.cpp:33:13:[m[K [01;31m[Kerror: [m[Ktemplate argument 1 is invalid
[2.243s]    33 |             [01;31m[KRCLCPP_INFO[m[K(this->get_logger(), "Simple Trajectory Initialized");
[2.243s]       |             [01;31m[K^~~~~~~~~~~[m[K
[2.243s] [01m[K/home/latih/ros2-tf-real-robot-project/ros2_ws/src/ros2_tf_project/src/simple_trajectory_service.cpp:33:13:[m[K [01;31m[Kerror: [m[Ktemplate argument 1 is invalid
[2.243s]    33 |             [01;31m[KRCLCPP_INFO[m[K(this->get_logger(), "Simple Trajectory Initialized");
[2.243s]       |             [01;31m[K^~~~~~~~~~~[m[K
[2.243s] [01m[K/home/latih/ros2-tf-real-robot-project/ros2_ws/src/ros2_tf_project/src/simple_trajectory_service.cpp:33:13:[m[K [01;31m[Kerror: [m[Ktemplate argument 1 is invalid
[2.243s]    33 |             [01;31m[KRCLCPP_INFO[m[K(this->get_logger(), "Simple Trajectory Initialized");
[2.243s]       |             [01;31m[K^~~~~~~~~~~[m[K
[2.243s] In file included from [01m[K/opt/ros/humble/include/rclcpp/rclcpp/logging.hpp:24[m[K,
[2.243s]                  from [01m[K/opt/ros/humble/include/rclcpp/rclcpp/client.hpp:40[m[K,
[2.243s]                  from [01m[K/opt/ros/humble/include/rclcpp/rclcpp/callback_group.hpp:24[m[K,
[2.243s]                  from [01m[K/opt/ros/humble/include/rclcpp/rclcpp/any_executable.hpp:20[m[K,
[2.243s]                  from [01m[K/opt/ros/humble/include/rclcpp/rclcpp/memory_strategy.hpp:25[m[K,
[2.243s]                  from [01m[K/opt/ros/humble/include/rclcpp/rclcpp/memory_strategies.hpp:18[m[K,
[2.243s]                  from [01m[K/opt/ros/humble/include/rclcpp/rclcpp/executor_options.hpp:20[m[K,
[2.243s]                  from [01m[K/opt/ros/humble/include/rclcpp/rclcpp/executor.hpp:37[m[K,
[2.243s]                  from [01m[K/opt/ros/humble/include/rclcpp/rclcpp/executors/multi_threaded_executor.hpp:25[m[K,
[2.243s]                  from [01m[K/opt/ros/humble/include/rclcpp/rclcpp/executors.hpp:21[m[K,
[2.243s]                  from [01m[K/opt/ros/humble/include/rclcpp/rclcpp/rclcpp.hpp:155[m[K,
[2.243s]                  from [01m[K/home/latih/ros2-tf-real-robot-project/ros2_ws/src/ros2_tf_project/src/simple_trajectory_service.cpp:1[m[K:
[2.243s] [01m[K/home/latih/ros2-tf-real-robot-project/ros2_ws/src/ros2_tf_project/src/simple_trajectory_service.cpp:33:31:[m[K [01;31m[Kerror: [m[K‘[01m[Kclass SimpleTrajectoryService[m[K’ has no member named ‘[01m[Kget_logger[m[K’
[2.243s]    33 |             RCLCPP_INFO(this->[01;31m[Kget_logger[m[K(), "Simple Trajectory Initialized");
[2.243s]       |                               [01;31m[K^~~~~~~~~~[m[K
[2.243s] [01m[K/home/latih/ros2-tf-real-robot-project/ros2_ws/src/ros2_tf_project/src/simple_trajectory_service.cpp:33:31:[m[K [01;31m[Kerror: [m[K‘[01m[Kclass SimpleTrajectoryService[m[K’ has no member named ‘[01m[Kget_logger[m[K’
[2.243s]    33 |             RCLCPP_INFO(this->[01;31m[Kget_logger[m[K(), "Simple Trajectory Initialized");
[2.243s]       |                               [01;31m[K^~~~~~~~~~[m[K
[2.246s] [01m[K/home/latih/ros2-tf-real-robot-project/ros2_ws/src/ros2_tf_project/src/simple_trajectory_service.cpp:[m[K In member function ‘[01m[Kvoid SimpleTrajectoryService::broadcast_features()[m[K’:
[2.247s] [01m[K/home/latih/ros2-tf-real-robot-project/ros2_ws/src/ros2_tf_project/src/simple_trajectory_service.cpp:64:42:[m[K [01;31m[Kerror: [m[K‘[01m[Know[m[K’ was not declared in this scope; did you mean ‘[01m[Kpow[m[K’?
[2.247s]    64 |                 static_tf.header.stamp = [01;31m[Know[m[K();
[2.247s]       |                                          [01;31m[K^~~[m[K
[2.247s]       |                                          [32m[Kpow[m[K
[2.247s] [01m[K/home/latih/ros2-tf-real-robot-project/ros2_ws/src/ros2_tf_project/src/simple_trajectory_service.cpp:[m[K At global scope:
[2.247s] [01m[K/home/latih/ros2-tf-real-robot-project/ros2_ws/src/ros2_tf_project/src/simple_trajectory_service.cpp:19:26:[m[K [01;31m[Kerror: [m[Ktwo or more data types in declaration of ‘[01m[Ktype name[m[K’
[2.247s]    19 | using SimpleTrajectory = [01;31m[Kmy_robot_interfaces[m[K::srv::SimpleTrajectory
[2.247s]       |                          [01;31m[K^~~~~~~~~~~~~~~~~~~[m[K
[2.249s] [01m[K/home/latih/ros2-tf-real-robot-project/ros2_ws/src/ros2_tf_project/src/simple_trajectory_service.cpp:[m[K In function ‘[01m[Kint main(int, char**)[m[K’:
[2.249s] [01m[K/home/latih/ros2-tf-real-robot-project/ros2_ws/src/ros2_tf_project/src/simple_trajectory_service.cpp:88:17:[m[K [01;31m[Kerror: [m[Kno matching function for call to ‘[01m[Kspin(std::shared_ptr<SimpleTrajectoryService>)[m[K’
[2.249s]    88 |     [01;31m[Krclcpp::spin(std::make_shared<SimpleTrajectoryService>())[m[K;
[2.249s]       |     [01;31m[K~~~~~~~~~~~~^~~~~~~~~~~~~~~~~~~~~~~~~~~~~~~~~~~~~~~~~~~~~[m[K
[2.249s] In file included from [01m[K/opt/ros/humble/include/rclcpp/rclcpp/rclcpp.hpp:155[m[K,
[2.249s]                  from [01m[K/home/latih/ros2-tf-real-robot-project/ros2_ws/src/ros2_tf_project/src/simple_trajectory_service.cpp:1[m[K:
[2.249s] [01m[K/opt/ros/humble/include/rclcpp/rclcpp/executors.hpp:45:1:[m[K [01;36m[Knote: [m[Kcandidate: ‘[01m[Kvoid rclcpp::spin(rclcpp::node_interfaces::NodeBaseInterface::SharedPtr)[m[K’
[2.249s]    45 | [01;36m[Kspin[m[K(rclcpp::node_interfaces::NodeBaseInterface::SharedPtr node_ptr);
[2.249s]       | [01;36m[K^~~~[m[K
[2.249s] [01m[K/opt/ros/humble/include/rclcpp/rclcpp/executors.hpp:45:60:[m[K [01;36m[Knote: [m[K  no known conversion for argument 1 from ‘[01m[Kshared_ptr<[01;32m[KSimpleTrajectoryService[m[K>[m[K’ to ‘[01m[Kshared_ptr<[01;32m[Krclcpp::node_interfaces::NodeBaseInterface[m[K>[m[K’
[2.249s]    45 | spin([01;36m[Krclcpp::node_interfaces::NodeBaseInterface::SharedPtr node_ptr[m[K);
[2.249s]       |      [01;36m[K~~~~~~~~~~~~~~~~~~~~~~~~~~~~~~~~~~~~~~~~~~~~~~~~~~~~~~^~~~~~~~[m[K
[2.249s] [01m[K/opt/ros/humble/include/rclcpp/rclcpp/executors.hpp:49:1:[m[K [01;36m[Knote: [m[Kcandidate: ‘[01m[Kvoid rclcpp::spin(rclcpp::Node::SharedPtr)[m[K’
[2.249s]    49 | [01;36m[Kspin[m[K(rclcpp::Node::SharedPtr node_ptr);
[2.249s]       | [01;36m[K^~~~[m[K
[2.249s] [01m[K/opt/ros/humble/include/rclcpp/rclcpp/executors.hpp:49:30:[m[K [01;36m[Knote: [m[K  no known conversion for argument 1 from ‘[01m[Kshared_ptr<[01;32m[KSimpleTrajectoryService[m[K>[m[K’ to ‘[01m[Kshared_ptr<[01;32m[Krclcpp::Node[m[K>[m[K’
[2.249s]    49 | spin([01;36m[Krclcpp::Node::SharedPtr node_ptr[m[K);
[2.249s]       |      [01;36m[K~~~~~~~~~~~~~~~~~~~~~~~~^~~~~~~~[m[K
[2.541s] In file included from [01m[K/opt/ros/humble/include/rclcpp/rclcpp/create_publisher.hpp:22[m[K,
[2.541s]                  from [01m[K/opt/ros/humble/include/rclcpp/rclcpp/node_impl.hpp:41[m[K,
[2.541s]                  from [01m[K/opt/ros/humble/include/rclcpp/rclcpp/node.hpp:1321[m[K,
[2.541s]                  from [01m[K/opt/ros/humble/include/rclcpp/rclcpp/executors/single_threaded_executor.hpp:28[m[K,
[2.541s]                  from [01m[K/opt/ros/humble/include/rclcpp/rclcpp/executors.hpp:22[m[K,
[2.541s]                  from [01m[K/opt/ros/humble/include/rclcpp/rclcpp/rclcpp.hpp:155[m[K,
[2.541s]                  from [01m[K/home/latih/ros2-tf-real-robot-project/ros2_ws/src/ros2_tf_project/src/simple_trajectory_service.cpp:1[m[K:
[2.541s] /opt/ros/humble/include/rclcpp/rclcpp/node_interfaces/get_node_topics_interface.hpp: In instantiation of ‘[01m[Kstd::shared_ptr<rclcpp::node_interfaces::NodeTopicsInterface> rclcpp::node_interfaces::get_node_topics_interface(NodeType&&) [with NodeType = SimpleTrajectoryService*&; typename std::enable_if<rcpputils::is_pointer<T>::value, int>::type <anonymous> = 0][m[K’:
[2.541s] [01m[K/opt/ros/humble/include/rclcpp/rclcpp/create_publisher.hpp:56:82:[m[K   required from ‘[01m[Kstd::shared_ptr<PublisherT> rclcpp::detail::create_publisher(NodeParametersT&, NodeTopicsT&, const string&, const rclcpp::QoS&, const rclcpp::PublisherOptionsWithAllocator<AllocatorT>&) [with MessageT = tf2_msgs::msg::TFMessage_<std::allocator<void> >; AllocatorT = std::allocator<void>; PublisherT = rclcpp::Publisher<tf2_msgs::msg::TFMessage_<std::allocator<void> > >; NodeParametersT = SimpleTrajectoryService*; NodeTopicsT = SimpleTrajectoryService*; std::string = std::__cxx11::basic_string<char>][m[K’
[2.541s] [01m[K/opt/ros/humble/include/rclcpp/rclcpp/create_publisher.hpp:103:68:[m[K   required from ‘[01m[Kstd::shared_ptr<PublisherT> rclcpp::create_publisher(NodeT&&, const string&, const rclcpp::QoS&, const rclcpp::PublisherOptionsWithAllocator<AllocatorT>&) [with MessageT = tf2_msgs::msg::TFMessage_<std::allocator<void> >; AllocatorT = std::allocator<void>; PublisherT = rclcpp::Publisher<tf2_msgs::msg::TFMessage_<std::allocator<void> > >; NodeT = SimpleTrajectoryService*&; std::string = std::__cxx11::basic_string<char>][m[K’
[2.541s] [01m[K/opt/ros/humble/include/tf2_ros/tf2_ros/static_transform_broadcaster.h:79:68:[m[K   required from ‘[01m[Ktf2_ros::StaticTransformBroadcaster::StaticTransformBroadcaster(NodeT&&, const rclcpp::QoS&, const rclcpp::PublisherOptionsWithAllocator<AllocatorT>&) [with NodeT = SimpleTrajectoryService*; AllocatorT = std::allocator<void>][m[K’
[2.541s] [01m[K/usr/include/c++/11/ext/new_allocator.h:162:4:[m[K   required from ‘[01m[Kvoid __gnu_cxx::new_allocator<_Tp>::construct(_Up*, _Args&& ...) [with _Up = tf2_ros::StaticTransformBroadcaster; _Args = {SimpleTrajectoryService*}; _Tp = tf2_ros::StaticTransformBroadcaster][m[K’
[2.541s] [01m[K/usr/include/c++/11/bits/alloc_traits.h:516:17:[m[K   [ skipping 2 instantiation contexts, use -ftemplate-backtrace-limit=0 to disable ]
[2.541s] [01m[K/usr/include/c++/11/bits/shared_ptr_base.h:650:16:[m[K   required from ‘[01m[Kstd::__shared_count<_Lp>::__shared_count(_Tp*&, std::_Sp_alloc_shared_tag<_Alloc>, _Args&& ...) [with _Tp = tf2_ros::StaticTransformBroadcaster; _Alloc = std::allocator<tf2_ros::StaticTransformBroadcaster>; _Args = {SimpleTrajectoryService*}; __gnu_cxx::_Lock_policy _Lp = __gnu_cxx::_S_atomic][m[K’
[2.541s] [01m[K/usr/include/c++/11/bits/shared_ptr_base.h:1342:14:[m[K   required from ‘[01m[Kstd::__shared_ptr<_Tp, _Lp>::__shared_ptr(std::_Sp_alloc_shared_tag<_Tp>, _Args&& ...) [with _Alloc = std::allocator<tf2_ros::StaticTransformBroadcaster>; _Args = {SimpleTrajectoryService*}; _Tp = tf2_ros::StaticTransformBroadcaster; __gnu_cxx::_Lock_policy _Lp = __gnu_cxx::_S_atomic][m[K’
[2.541s] [01m[K/usr/include/c++/11/bits/shared_ptr.h:409:59:[m[K   required from ‘[01m[Kstd::shared_ptr<_Tp>::shared_ptr(std::_Sp_alloc_shared_tag<_Tp>, _Args&& ...) [with _Alloc = std::allocator<tf2_ros::StaticTransformBroadcaster>; _Args = {SimpleTrajectoryService*}; _Tp = tf2_ros::StaticTransformBroadcaster][m[K’
[2.541s] [01m[K/usr/include/c++/11/bits/shared_ptr.h:862:14:[m[K   required from ‘[01m[Kstd::shared_ptr<_Tp> std::allocate_shared(const _Alloc&, _Args&& ...) [with _Tp = tf2_ros::StaticTransformBroadcaster; _Alloc = std::allocator<tf2_ros::StaticTransformBroadcaster>; _Args = {SimpleTrajectoryService*}][m[K’
[2.541s] [01m[K/usr/include/c++/11/bits/shared_ptr.h:878:39:[m[K   required from ‘[01m[Kstd::shared_ptr<_Tp> std::make_shared(_Args&& ...) [with _Tp = tf2_ros::StaticTransformBroadcaster; _Args = {SimpleTrajectoryService*}][m[K’
[2.541s] [01m[K/home/latih/ros2-tf-real-robot-project/ros2_ws/src/ros2_tf_project/src/simple_trajectory_service.cpp:32:88:[m[K   required from here
[2.541s] [01m[K/opt/ros/humble/include/rclcpp/rclcpp/node_interfaces/get_node_topics_interface.hpp:75:56:[m[K [01;31m[Kerror: [m[Kno matching function for call to ‘[01m[Kget_node_topics_interface_from_pointer(SimpleTrajectoryService*&)[m[K’
[2.541s]    75 |   return [01;31m[Kdetail::get_node_topics_interface_from_pointer(node)[m[K;
[2.541s]       |          [01;31m[K~~~~~~~~~~~~~~~~~~~~~~~~~~~~~~~~~~~~~~~~~~~~~~^~~~~~[m[K
[2.541s] [01m[K/opt/ros/humble/include/rclcpp/rclcpp/node_interfaces/get_node_topics_interface.hpp:53:1:[m[K [01;36m[Knote: [m[Kcandidate: ‘[01m[Ktemplate<class NodeType, typename std::enable_if<rclcpp::node_interfaces::has_node_topics_interface<typename rcpputils::remove_pointer<T>::type>::value, int>::type <anonymous> > std::shared_ptr<rclcpp::node_interfaces::NodeTopicsInterface> rclcpp::node_interfaces::detail::get_node_topics_interface_from_pointer(NodeType)[m[K’
[2.541s]    53 | [01;36m[Kget_node_topics_interface_from_pointer[m[K(NodeType node_pointer)
[2.541s]       | [01;36m[K^~~~~~~~~~~~~~~~~~~~~~~~~~~~~~~~~~~~~~[m[K
[2.542s] [01m[K/opt/ros/humble/include/rclcpp/rclcpp/node_interfaces/get_node_topics_interface.hpp:53:1:[m[K [01;36m[Knote: [m[K  template argument deduction/substitution failed:
[2.542s] [01m[K/opt/ros/humble/include/rclcpp/rclcpp/node_interfaces/get_node_topics_interface.hpp:50:26:[m[K [01;31m[Kerror: [m[Kno type named ‘[01m[Ktype[m[K’ in ‘[01m[Kstruct std::enable_if<false, int>[m[K’
[2.542s]    50 |   >::value, int>::type = [01;31m[K0[m[K
[2.542s]       |                          [01;31m[K^[m[K
[2.740s] gmake[2]: *** [CMakeFiles/simple_trajectory_service.dir/build.make:76: CMakeFiles/simple_trajectory_service.dir/src/simple_trajectory_service.cpp.o] Error 1
[2.740s] gmake[1]: *** [CMakeFiles/Makefile2:165: CMakeFiles/simple_trajectory_service.dir/all] Error 2
[2.740s] gmake: *** [Makefile:146: all] Error 2
[2.742s] Invoked command in '/home/latih/ros2-tf-real-robot-project/build/ros2_tf_project' returned '2': CMAKE_PREFIX_PATH=/home/latih/ros2-tf-real-robot-project/install/my_robot_interfaces:/home/latih/ros2-tf-real-robot-project/install/turtlebot3:/home/latih/ros2-tf-real-robot-project/install/turtlebot3_simulations:/home/latih/ros2-tf-real-robot-project/install/turtlebot3_navigation2:/home/latih/ros2-tf-real-robot-project/install/turtlebot3_msgs:/home/latih/ros2-tf-real-robot-project/install/turtlebot3_gazebo:/home/latih/ros2-tf-real-robot-project/install/turtlebot3_bringup:/home/latih/ros2-tf-real-robot-project/install/turtlebot3_description:/home/latih/ros2-tf-real-robot-project/install/turtlebot3_cartographer:/home/latih/ros2-tf-real-robot-project/install/tb3_burger_localization:/home/latih/ros2-tf-real-robot-project/install/tb3_burger_cartographer:/home/latih/ros2-tf-real-robot-project/install/ros2_tf_project:/home/latih/ros2-tf-real-robot-project/install/turtlebot3_teleop:/home/latih/ros2-tf-real-robot-project/install/turtlebot3_example:/opt/ros/humble LD_LIBRARY_PATH=/home/latih/ros2-tf-real-robot-project/install/my_robot_interfaces/lib:/home/latih/ros2-tf-real-robot-project/install/turtlebot3_msgs/lib:/usr/lib/x86_64-linux-gnu/gazebo-11/plugins:/opt/ros/humble/opt/rviz_ogre_vendor/lib:/opt/ros/humble/lib/x86_64-linux-gnu:/opt/ros/humble/lib /usr/bin/cmake --build /home/latih/ros2-tf-real-robot-project/build/ros2_tf_project -- -j16 -l16
