[0.012s] Invoking command in '/home/latih/ros2-tf-real-robot-project/build/ros2_tf_project': CMAKE_PREFIX_PATH=/home/latih/ros2-tf-real-robot-project/install/my_robot_interfaces:/home/latih/ros2-tf-real-robot-project/install/turtlebot3:/home/latih/ros2-tf-real-robot-project/install/turtlebot3_simulations:/home/latih/ros2-tf-real-robot-project/install/turtlebot3_navigation2:/home/latih/ros2-tf-real-robot-project/install/turtlebot3_msgs:/home/latih/ros2-tf-real-robot-project/install/turtlebot3_gazebo:/home/latih/ros2-tf-real-robot-project/install/turtlebot3_bringup:/home/latih/ros2-tf-real-robot-project/install/turtlebot3_description:/home/latih/ros2-tf-real-robot-project/install/turtlebot3_cartographer:/home/latih/ros2-tf-real-robot-project/install/tb3_burger_localization:/home/latih/ros2-tf-real-robot-project/install/tb3_burger_cartographer:/home/latih/ros2-tf-real-robot-project/install/ros2_tf_project:/home/latih/ros2-tf-real-robot-project/install/turtlebot3_teleop:/home/latih/ros2-tf-real-robot-project/install/turtlebot3_example:/opt/ros/humble LD_LIBRARY_PATH=/home/latih/ros2-tf-real-robot-project/install/my_robot_interfaces/lib:/home/latih/ros2-tf-real-robot-project/install/turtlebot3_msgs/lib:/usr/lib/x86_64-linux-gnu/gazebo-11/plugins:/opt/ros/humble/opt/rviz_ogre_vendor/lib:/opt/ros/humble/lib/x86_64-linux-gnu:/opt/ros/humble/lib /usr/bin/cmake --build /home/latih/ros2-tf-real-robot-project/build/ros2_tf_project -- -j16 -l16
[0.076s] [35m[1mConsolidate compiler generated dependencies of target simple_trajectory_service[0m
[0.096s] [ 50%] Built target feature_detector
[0.102s] [ 75%] [32mBuilding CXX object CMakeFiles/simple_trajectory_service.dir/src/simple_trajectory_service.cpp.o[0m
[3.100s] [01m[K/home/latih/ros2-tf-real-robot-project/ros2_ws/src/ros2_tf_project/src/simple_trajectory_service.cpp:45:26:[m[K [01;31m[Kerror: [m[K‘[01m[KTranformBroadcaster[m[K’ is not a member of ‘[01m[Ktf2[m[K’
[3.100s]    45 |     std::shared_ptr<tf2::[01;31m[KTranformBroadcaster[m[K> tf_broadcaster_;
[3.100s]       |                          [01;31m[K^~~~~~~~~~~~~~~~~~~[m[K
[3.100s] [01m[K/home/latih/ros2-tf-real-robot-project/ros2_ws/src/ros2_tf_project/src/simple_trajectory_service.cpp:45:45:[m[K [01;31m[Kerror: [m[Ktemplate argument 1 is invalid
[3.100s]    45 |     std::shared_ptr<tf2::TranformBroadcaster[01;31m[K>[m[K tf_broadcaster_;
[3.100s]       |                                             [01;31m[K^[m[K
[3.121s] [01m[K/home/latih/ros2-tf-real-robot-project/ros2_ws/src/ros2_tf_project/src/simple_trajectory_service.cpp:[m[K In member function ‘[01m[Kvoid SimpleTrajectoryService::handleSimpleTrajectory(std::shared_ptr<my_robot_interfaces::srv::SimpleTrajectory_Request_<std::allocator<void> > >, std::shared_ptr<my_robot_interfaces::srv::SimpleTrajectory_Response_<std::allocator<void> > >)[m[K’:
[3.121s] [01m[K/home/latih/ros2-tf-real-robot-project/ros2_ws/src/ros2_tf_project/src/simple_trajectory_service.cpp:207:46:[m[K [01;31m[Kerror: [m[K‘[01m[Kx[m[K’ was not declared in this scope
[3.121s]   207 |                 tf.transform.translation.x = [01;31m[Kx[m[K;
[3.121s]       |                                              [01;31m[K^[m[K
[3.126s] [01m[K/home/latih/ros2-tf-real-robot-project/ros2_ws/src/ros2_tf_project/src/simple_trajectory_service.cpp:208:46:[m[K [01;31m[Kerror: [m[K‘[01m[Ky[m[K’ was not declared in this scope; did you mean ‘[01m[Kyn[m[K’?
[3.126s]   208 |                 tf.transform.translation.y = [01;31m[Ky[m[K;
[3.126s]       |                                              [01;31m[K^[m[K
[3.126s]       |                                              [32m[Kyn[m[K
[3.126s] [01m[K/home/latih/ros2-tf-real-robot-project/ros2_ws/src/ros2_tf_project/src/simple_trajectory_service.cpp:211:33:[m[K [01;31m[Kerror: [m[Krequest for member ‘[01m[KsendTransform[m[K’ in ‘[01m[K((SimpleTrajectoryService*)this)->SimpleTrajectoryService::tf_broadcaster_[m[K’, which is of non-class type ‘[01m[Kint[m[K’
[3.126s]   211 |                 tf_broadcaster_.[01;31m[KsendTransform[m[K(tf);
[3.126s]       |                                 [01;31m[K^~~~~~~~~~~~~[m[K
[4.075s] gmake[2]: *** [CMakeFiles/simple_trajectory_service.dir/build.make:76: CMakeFiles/simple_trajectory_service.dir/src/simple_trajectory_service.cpp.o] Error 1
[4.075s] gmake[1]: *** [CMakeFiles/Makefile2:165: CMakeFiles/simple_trajectory_service.dir/all] Error 2
[4.076s] gmake: *** [Makefile:146: all] Error 2
[4.078s] Invoked command in '/home/latih/ros2-tf-real-robot-project/build/ros2_tf_project' returned '2': CMAKE_PREFIX_PATH=/home/latih/ros2-tf-real-robot-project/install/my_robot_interfaces:/home/latih/ros2-tf-real-robot-project/install/turtlebot3:/home/latih/ros2-tf-real-robot-project/install/turtlebot3_simulations:/home/latih/ros2-tf-real-robot-project/install/turtlebot3_navigation2:/home/latih/ros2-tf-real-robot-project/install/turtlebot3_msgs:/home/latih/ros2-tf-real-robot-project/install/turtlebot3_gazebo:/home/latih/ros2-tf-real-robot-project/install/turtlebot3_bringup:/home/latih/ros2-tf-real-robot-project/install/turtlebot3_description:/home/latih/ros2-tf-real-robot-project/install/turtlebot3_cartographer:/home/latih/ros2-tf-real-robot-project/install/tb3_burger_localization:/home/latih/ros2-tf-real-robot-project/install/tb3_burger_cartographer:/home/latih/ros2-tf-real-robot-project/install/ros2_tf_project:/home/latih/ros2-tf-real-robot-project/install/turtlebot3_teleop:/home/latih/ros2-tf-real-robot-project/install/turtlebot3_example:/opt/ros/humble LD_LIBRARY_PATH=/home/latih/ros2-tf-real-robot-project/install/my_robot_interfaces/lib:/home/latih/ros2-tf-real-robot-project/install/turtlebot3_msgs/lib:/usr/lib/x86_64-linux-gnu/gazebo-11/plugins:/opt/ros/humble/opt/rviz_ogre_vendor/lib:/opt/ros/humble/lib/x86_64-linux-gnu:/opt/ros/humble/lib /usr/bin/cmake --build /home/latih/ros2-tf-real-robot-project/build/ros2_tf_project -- -j16 -l16
