[0.068s] DEBUG:colcon:Command line arguments: ['/usr/bin/colcon', 'build', '--packages-select', 'my_robot_interfaces']
[0.068s] DEBUG:colcon:Parsed command line arguments: Namespace(log_base=None, log_level=None, verb_name='build', build_base='build', install_base='install', merge_install=False, symlink_install=False, test_result_base=None, continue_on_error=False, executor='parallel', parallel_workers=16, event_handlers=None, ignore_user_meta=False, metas=['./colcon.meta'], base_paths=['.'], packages_ignore=None, packages_ignore_regex=None, paths=None, packages_up_to=None, packages_up_to_regex=None, packages_above=None, packages_above_and_dependencies=None, packages_above_depth=None, packages_select_by_dep=None, packages_skip_by_dep=None, packages_skip_up_to=None, packages_select_build_failed=False, packages_skip_build_finished=False, packages_select_test_failures=False, packages_skip_test_passed=False, packages_select=['my_robot_interfaces'], packages_skip=None, packages_select_regex=None, packages_skip_regex=None, packages_start=None, packages_end=None, allow_overriding=[], cmake_args=None, cmake_target=None, cmake_target_skip_unavailable=False, cmake_clean_cache=False, cmake_clean_first=False, cmake_force_configure=False, ament_cmake_args=None, catkin_cmake_args=None, catkin_skip_building_tests=False, mixin_files=None, mixin=None, verb_parser=<colcon_mixin.mixin.mixin_argument.MixinArgumentDecorator object at 0x74278cd633d0>, verb_extension=<colcon_core.verb.build.BuildVerb object at 0x74278cd62ef0>, main=<bound method BuildVerb.main of <colcon_core.verb.build.BuildVerb object at 0x74278cd62ef0>>, mixin_verb=('build',))
[0.166s] Level 1:colcon.colcon_core.package_discovery:discover_packages(colcon_meta) check parameters
[0.166s] Level 1:colcon.colcon_core.package_discovery:discover_packages(recursive) check parameters
[0.166s] Level 1:colcon.colcon_core.package_discovery:discover_packages(ignore) check parameters
[0.166s] Level 1:colcon.colcon_core.package_discovery:discover_packages(path) check parameters
[0.166s] Level 1:colcon.colcon_core.package_discovery:discover_packages(colcon_meta) discover
[0.166s] Level 1:colcon.colcon_core.package_discovery:discover_packages(recursive) discover
[0.167s] INFO:colcon.colcon_core.package_discovery:Crawling recursively for packages in '/home/latih/ros2-tf-real-robot-project'
[0.167s] Level 1:colcon.colcon_core.package_identification:_identify(.) by extensions ['ignore', 'ignore_ament_install']
[0.167s] Level 1:colcon.colcon_core.package_identification:_identify(.) by extension 'ignore'
[0.167s] Level 1:colcon.colcon_core.package_identification:_identify(.) by extension 'ignore_ament_install'
[0.167s] Level 1:colcon.colcon_core.package_identification:_identify(.) by extensions ['colcon_pkg']
[0.167s] Level 1:colcon.colcon_core.package_identification:_identify(.) by extension 'colcon_pkg'
[0.167s] Level 1:colcon.colcon_core.package_identification:_identify(.) by extensions ['colcon_meta']
[0.167s] Level 1:colcon.colcon_core.package_identification:_identify(.) by extension 'colcon_meta'
[0.167s] Level 1:colcon.colcon_core.package_identification:_identify(.) by extensions ['ros']
[0.167s] Level 1:colcon.colcon_core.package_identification:_identify(.) by extension 'ros'
[0.174s] Level 1:colcon.colcon_core.package_identification:_identify(.) by extensions ['cmake', 'python']
[0.174s] Level 1:colcon.colcon_core.package_identification:_identify(.) by extension 'cmake'
[0.174s] Level 1:colcon.colcon_core.package_identification:_identify(.) by extension 'python'
[0.174s] Level 1:colcon.colcon_core.package_identification:_identify(.) by extensions ['python_setup_py']
[0.174s] Level 1:colcon.colcon_core.package_identification:_identify(.) by extension 'python_setup_py'
[0.174s] Level 1:colcon.colcon_core.package_identification:_identify(build) by extensions ['ignore', 'ignore_ament_install']
[0.174s] Level 1:colcon.colcon_core.package_identification:_identify(build) by extension 'ignore'
[0.174s] Level 1:colcon.colcon_core.package_identification:_identify(build) ignored
[0.174s] Level 1:colcon.colcon_core.package_identification:_identify(install) by extensions ['ignore', 'ignore_ament_install']
[0.174s] Level 1:colcon.colcon_core.package_identification:_identify(install) by extension 'ignore'
[0.174s] Level 1:colcon.colcon_core.package_identification:_identify(install) ignored
[0.174s] Level 1:colcon.colcon_core.package_identification:_identify(log) by extensions ['ignore', 'ignore_ament_install']
[0.174s] Level 1:colcon.colcon_core.package_identification:_identify(log) by extension 'ignore'
[0.174s] Level 1:colcon.colcon_core.package_identification:_identify(log) ignored
[0.174s] Level 1:colcon.colcon_core.package_identification:_identify(notebook_ws) by extensions ['ignore', 'ignore_ament_install']
[0.174s] Level 1:colcon.colcon_core.package_identification:_identify(notebook_ws) by extension 'ignore'
[0.174s] Level 1:colcon.colcon_core.package_identification:_identify(notebook_ws) by extension 'ignore_ament_install'
[0.174s] Level 1:colcon.colcon_core.package_identification:_identify(notebook_ws) by extensions ['colcon_pkg']
[0.175s] Level 1:colcon.colcon_core.package_identification:_identify(notebook_ws) by extension 'colcon_pkg'
[0.175s] Level 1:colcon.colcon_core.package_identification:_identify(notebook_ws) by extensions ['colcon_meta']
[0.175s] Level 1:colcon.colcon_core.package_identification:_identify(notebook_ws) by extension 'colcon_meta'
[0.175s] Level 1:colcon.colcon_core.package_identification:_identify(notebook_ws) by extensions ['ros']
[0.175s] Level 1:colcon.colcon_core.package_identification:_identify(notebook_ws) by extension 'ros'
[0.175s] Level 1:colcon.colcon_core.package_identification:_identify(notebook_ws) by extensions ['cmake', 'python']
[0.175s] Level 1:colcon.colcon_core.package_identification:_identify(notebook_ws) by extension 'cmake'
[0.175s] Level 1:colcon.colcon_core.package_identification:_identify(notebook_ws) by extension 'python'
[0.175s] Level 1:colcon.colcon_core.package_identification:_identify(notebook_ws) by extensions ['python_setup_py']
[0.175s] Level 1:colcon.colcon_core.package_identification:_identify(notebook_ws) by extension 'python_setup_py'
[0.175s] Level 1:colcon.colcon_core.package_identification:_identify(notebook_ws/animations) by extensions ['ignore', 'ignore_ament_install']
[0.175s] Level 1:colcon.colcon_core.package_identification:_identify(notebook_ws/animations) by extension 'ignore'
[0.175s] Level 1:colcon.colcon_core.package_identification:_identify(notebook_ws/animations) by extension 'ignore_ament_install'
[0.175s] Level 1:colcon.colcon_core.package_identification:_identify(notebook_ws/animations) by extensions ['colcon_pkg']
[0.175s] Level 1:colcon.colcon_core.package_identification:_identify(notebook_ws/animations) by extension 'colcon_pkg'
[0.175s] Level 1:colcon.colcon_core.package_identification:_identify(notebook_ws/animations) by extensions ['colcon_meta']
[0.175s] Level 1:colcon.colcon_core.package_identification:_identify(notebook_ws/animations) by extension 'colcon_meta'
[0.175s] Level 1:colcon.colcon_core.package_identification:_identify(notebook_ws/animations) by extensions ['ros']
[0.175s] Level 1:colcon.colcon_core.package_identification:_identify(notebook_ws/animations) by extension 'ros'
[0.175s] Level 1:colcon.colcon_core.package_identification:_identify(notebook_ws/animations) by extensions ['cmake', 'python']
[0.175s] Level 1:colcon.colcon_core.package_identification:_identify(notebook_ws/animations) by extension 'cmake'
[0.175s] Level 1:colcon.colcon_core.package_identification:_identify(notebook_ws/animations) by extension 'python'
[0.175s] Level 1:colcon.colcon_core.package_identification:_identify(notebook_ws/animations) by extensions ['python_setup_py']
[0.175s] Level 1:colcon.colcon_core.package_identification:_identify(notebook_ws/animations) by extension 'python_setup_py'
[0.175s] Level 1:colcon.colcon_core.package_identification:_identify(notebook_ws/images) by extensions ['ignore', 'ignore_ament_install']
[0.175s] Level 1:colcon.colcon_core.package_identification:_identify(notebook_ws/images) by extension 'ignore'
[0.175s] Level 1:colcon.colcon_core.package_identification:_identify(notebook_ws/images) by extension 'ignore_ament_install'
[0.175s] Level 1:colcon.colcon_core.package_identification:_identify(notebook_ws/images) by extensions ['colcon_pkg']
[0.175s] Level 1:colcon.colcon_core.package_identification:_identify(notebook_ws/images) by extension 'colcon_pkg'
[0.175s] Level 1:colcon.colcon_core.package_identification:_identify(notebook_ws/images) by extensions ['colcon_meta']
[0.175s] Level 1:colcon.colcon_core.package_identification:_identify(notebook_ws/images) by extension 'colcon_meta'
[0.175s] Level 1:colcon.colcon_core.package_identification:_identify(notebook_ws/images) by extensions ['ros']
[0.175s] Level 1:colcon.colcon_core.package_identification:_identify(notebook_ws/images) by extension 'ros'
[0.175s] Level 1:colcon.colcon_core.package_identification:_identify(notebook_ws/images) by extensions ['cmake', 'python']
[0.175s] Level 1:colcon.colcon_core.package_identification:_identify(notebook_ws/images) by extension 'cmake'
[0.175s] Level 1:colcon.colcon_core.package_identification:_identify(notebook_ws/images) by extension 'python'
[0.175s] Level 1:colcon.colcon_core.package_identification:_identify(notebook_ws/images) by extensions ['python_setup_py']
[0.175s] Level 1:colcon.colcon_core.package_identification:_identify(notebook_ws/images) by extension 'python_setup_py'
[0.175s] Level 1:colcon.colcon_core.package_identification:_identify(ros2_ws) by extensions ['ignore', 'ignore_ament_install']
[0.175s] Level 1:colcon.colcon_core.package_identification:_identify(ros2_ws) by extension 'ignore'
[0.176s] Level 1:colcon.colcon_core.package_identification:_identify(ros2_ws) by extension 'ignore_ament_install'
[0.176s] Level 1:colcon.colcon_core.package_identification:_identify(ros2_ws) by extensions ['colcon_pkg']
[0.176s] Level 1:colcon.colcon_core.package_identification:_identify(ros2_ws) by extension 'colcon_pkg'
[0.176s] Level 1:colcon.colcon_core.package_identification:_identify(ros2_ws) by extensions ['colcon_meta']
[0.176s] Level 1:colcon.colcon_core.package_identification:_identify(ros2_ws) by extension 'colcon_meta'
[0.176s] Level 1:colcon.colcon_core.package_identification:_identify(ros2_ws) by extensions ['ros']
[0.176s] Level 1:colcon.colcon_core.package_identification:_identify(ros2_ws) by extension 'ros'
[0.176s] Level 1:colcon.colcon_core.package_identification:_identify(ros2_ws) by extensions ['cmake', 'python']
[0.176s] Level 1:colcon.colcon_core.package_identification:_identify(ros2_ws) by extension 'cmake'
[0.176s] Level 1:colcon.colcon_core.package_identification:_identify(ros2_ws) by extension 'python'
[0.176s] Level 1:colcon.colcon_core.package_identification:_identify(ros2_ws) by extensions ['python_setup_py']
[0.176s] Level 1:colcon.colcon_core.package_identification:_identify(ros2_ws) by extension 'python_setup_py'
[0.176s] Level 1:colcon.colcon_core.package_identification:_identify(ros2_ws/build) by extensions ['ignore', 'ignore_ament_install']
[0.176s] Level 1:colcon.colcon_core.package_identification:_identify(ros2_ws/build) by extension 'ignore'
[0.176s] Level 1:colcon.colcon_core.package_identification:_identify(ros2_ws/build) ignored
[0.176s] Level 1:colcon.colcon_core.package_identification:_identify(ros2_ws/log) by extensions ['ignore', 'ignore_ament_install']
[0.176s] Level 1:colcon.colcon_core.package_identification:_identify(ros2_ws/log) by extension 'ignore'
[0.176s] Level 1:colcon.colcon_core.package_identification:_identify(ros2_ws/log) ignored
[0.176s] Level 1:colcon.colcon_core.package_identification:_identify(ros2_ws/src) by extensions ['ignore', 'ignore_ament_install']
[0.176s] Level 1:colcon.colcon_core.package_identification:_identify(ros2_ws/src) by extension 'ignore'
[0.176s] Level 1:colcon.colcon_core.package_identification:_identify(ros2_ws/src) by extension 'ignore_ament_install'
[0.176s] Level 1:colcon.colcon_core.package_identification:_identify(ros2_ws/src) by extensions ['colcon_pkg']
[0.176s] Level 1:colcon.colcon_core.package_identification:_identify(ros2_ws/src) by extension 'colcon_pkg'
[0.176s] Level 1:colcon.colcon_core.package_identification:_identify(ros2_ws/src) by extensions ['colcon_meta']
[0.176s] Level 1:colcon.colcon_core.package_identification:_identify(ros2_ws/src) by extension 'colcon_meta'
[0.176s] Level 1:colcon.colcon_core.package_identification:_identify(ros2_ws/src) by extensions ['ros']
[0.176s] Level 1:colcon.colcon_core.package_identification:_identify(ros2_ws/src) by extension 'ros'
[0.176s] Level 1:colcon.colcon_core.package_identification:_identify(ros2_ws/src) by extensions ['cmake', 'python']
[0.176s] Level 1:colcon.colcon_core.package_identification:_identify(ros2_ws/src) by extension 'cmake'
[0.176s] Level 1:colcon.colcon_core.package_identification:_identify(ros2_ws/src) by extension 'python'
[0.176s] Level 1:colcon.colcon_core.package_identification:_identify(ros2_ws/src) by extensions ['python_setup_py']
[0.176s] Level 1:colcon.colcon_core.package_identification:_identify(ros2_ws/src) by extension 'python_setup_py'
[0.176s] Level 1:colcon.colcon_core.package_identification:_identify(ros2_ws/src/my_robot_interfaces) by extensions ['ignore', 'ignore_ament_install']
[0.176s] Level 1:colcon.colcon_core.package_identification:_identify(ros2_ws/src/my_robot_interfaces) by extension 'ignore'
[0.176s] Level 1:colcon.colcon_core.package_identification:_identify(ros2_ws/src/my_robot_interfaces) by extension 'ignore_ament_install'
[0.176s] Level 1:colcon.colcon_core.package_identification:_identify(ros2_ws/src/my_robot_interfaces) by extensions ['colcon_pkg']
[0.176s] Level 1:colcon.colcon_core.package_identification:_identify(ros2_ws/src/my_robot_interfaces) by extension 'colcon_pkg'
[0.176s] Level 1:colcon.colcon_core.package_identification:_identify(ros2_ws/src/my_robot_interfaces) by extensions ['colcon_meta']
[0.176s] Level 1:colcon.colcon_core.package_identification:_identify(ros2_ws/src/my_robot_interfaces) by extension 'colcon_meta'
[0.177s] Level 1:colcon.colcon_core.package_identification:_identify(ros2_ws/src/my_robot_interfaces) by extensions ['ros']
[0.177s] Level 1:colcon.colcon_core.package_identification:_identify(ros2_ws/src/my_robot_interfaces) by extension 'ros'
[0.178s] DEBUG:colcon.colcon_core.package_identification:Package 'ros2_ws/src/my_robot_interfaces' with type 'ros.ament_cmake' and name 'my_robot_interfaces'
[0.178s] Level 1:colcon.colcon_core.package_identification:_identify(ros2_ws/src/ros2_tf_project) by extensions ['ignore', 'ignore_ament_install']
[0.178s] Level 1:colcon.colcon_core.package_identification:_identify(ros2_ws/src/ros2_tf_project) by extension 'ignore'
[0.178s] Level 1:colcon.colcon_core.package_identification:_identify(ros2_ws/src/ros2_tf_project) by extension 'ignore_ament_install'
[0.178s] Level 1:colcon.colcon_core.package_identification:_identify(ros2_ws/src/ros2_tf_project) by extensions ['colcon_pkg']
[0.178s] Level 1:colcon.colcon_core.package_identification:_identify(ros2_ws/src/ros2_tf_project) by extension 'colcon_pkg'
[0.178s] Level 1:colcon.colcon_core.package_identification:_identify(ros2_ws/src/ros2_tf_project) by extensions ['colcon_meta']
[0.178s] Level 1:colcon.colcon_core.package_identification:_identify(ros2_ws/src/ros2_tf_project) by extension 'colcon_meta'
[0.178s] Level 1:colcon.colcon_core.package_identification:_identify(ros2_ws/src/ros2_tf_project) by extensions ['ros']
[0.178s] Level 1:colcon.colcon_core.package_identification:_identify(ros2_ws/src/ros2_tf_project) by extension 'ros'
[0.179s] DEBUG:colcon.colcon_core.package_identification:Package 'ros2_ws/src/ros2_tf_project' with type 'ros.ament_cmake' and name 'ros2_tf_project'
[0.179s] Level 1:colcon.colcon_core.package_identification:_identify(ros2_ws/src/tb3_burger_cartographer) by extensions ['ignore', 'ignore_ament_install']
[0.179s] Level 1:colcon.colcon_core.package_identification:_identify(ros2_ws/src/tb3_burger_cartographer) by extension 'ignore'
[0.179s] Level 1:colcon.colcon_core.package_identification:_identify(ros2_ws/src/tb3_burger_cartographer) by extension 'ignore_ament_install'
[0.179s] Level 1:colcon.colcon_core.package_identification:_identify(ros2_ws/src/tb3_burger_cartographer) by extensions ['colcon_pkg']
[0.179s] Level 1:colcon.colcon_core.package_identification:_identify(ros2_ws/src/tb3_burger_cartographer) by extension 'colcon_pkg'
[0.179s] Level 1:colcon.colcon_core.package_identification:_identify(ros2_ws/src/tb3_burger_cartographer) by extensions ['colcon_meta']
[0.179s] Level 1:colcon.colcon_core.package_identification:_identify(ros2_ws/src/tb3_burger_cartographer) by extension 'colcon_meta'
[0.179s] Level 1:colcon.colcon_core.package_identification:_identify(ros2_ws/src/tb3_burger_cartographer) by extensions ['ros']
[0.179s] Level 1:colcon.colcon_core.package_identification:_identify(ros2_ws/src/tb3_burger_cartographer) by extension 'ros'
[0.180s] DEBUG:colcon.colcon_core.package_identification:Package 'ros2_ws/src/tb3_burger_cartographer' with type 'ros.ament_cmake' and name 'tb3_burger_cartographer'
[0.180s] Level 1:colcon.colcon_core.package_identification:_identify(ros2_ws/src/tb3_burger_localization) by extensions ['ignore', 'ignore_ament_install']
[0.180s] Level 1:colcon.colcon_core.package_identification:_identify(ros2_ws/src/tb3_burger_localization) by extension 'ignore'
[0.180s] Level 1:colcon.colcon_core.package_identification:_identify(ros2_ws/src/tb3_burger_localization) by extension 'ignore_ament_install'
[0.180s] Level 1:colcon.colcon_core.package_identification:_identify(ros2_ws/src/tb3_burger_localization) by extensions ['colcon_pkg']
[0.180s] Level 1:colcon.colcon_core.package_identification:_identify(ros2_ws/src/tb3_burger_localization) by extension 'colcon_pkg'
[0.180s] Level 1:colcon.colcon_core.package_identification:_identify(ros2_ws/src/tb3_burger_localization) by extensions ['colcon_meta']
[0.180s] Level 1:colcon.colcon_core.package_identification:_identify(ros2_ws/src/tb3_burger_localization) by extension 'colcon_meta'
[0.180s] Level 1:colcon.colcon_core.package_identification:_identify(ros2_ws/src/tb3_burger_localization) by extensions ['ros']
[0.180s] Level 1:colcon.colcon_core.package_identification:_identify(ros2_ws/src/tb3_burger_localization) by extension 'ros'
[0.180s] DEBUG:colcon.colcon_core.package_identification:Package 'ros2_ws/src/tb3_burger_localization' with type 'ros.ament_cmake' and name 'tb3_burger_localization'
[0.180s] Level 1:colcon.colcon_core.package_identification:_identify(simulation_ws) by extensions ['ignore', 'ignore_ament_install']
[0.180s] Level 1:colcon.colcon_core.package_identification:_identify(simulation_ws) by extension 'ignore'
[0.180s] Level 1:colcon.colcon_core.package_identification:_identify(simulation_ws) by extension 'ignore_ament_install'
[0.181s] Level 1:colcon.colcon_core.package_identification:_identify(simulation_ws) by extensions ['colcon_pkg']
[0.181s] Level 1:colcon.colcon_core.package_identification:_identify(simulation_ws) by extension 'colcon_pkg'
[0.181s] Level 1:colcon.colcon_core.package_identification:_identify(simulation_ws) by extensions ['colcon_meta']
[0.181s] Level 1:colcon.colcon_core.package_identification:_identify(simulation_ws) by extension 'colcon_meta'
[0.181s] Level 1:colcon.colcon_core.package_identification:_identify(simulation_ws) by extensions ['ros']
[0.181s] Level 1:colcon.colcon_core.package_identification:_identify(simulation_ws) by extension 'ros'
[0.181s] Level 1:colcon.colcon_core.package_identification:_identify(simulation_ws) by extensions ['cmake', 'python']
[0.181s] Level 1:colcon.colcon_core.package_identification:_identify(simulation_ws) by extension 'cmake'
[0.181s] Level 1:colcon.colcon_core.package_identification:_identify(simulation_ws) by extension 'python'
[0.181s] Level 1:colcon.colcon_core.package_identification:_identify(simulation_ws) by extensions ['python_setup_py']
[0.181s] Level 1:colcon.colcon_core.package_identification:_identify(simulation_ws) by extension 'python_setup_py'
[0.181s] Level 1:colcon.colcon_core.package_identification:_identify(simulation_ws/build) by extensions ['ignore', 'ignore_ament_install']
[0.181s] Level 1:colcon.colcon_core.package_identification:_identify(simulation_ws/build) by extension 'ignore'
[0.181s] Level 1:colcon.colcon_core.package_identification:_identify(simulation_ws/build) ignored
[0.181s] Level 1:colcon.colcon_core.package_identification:_identify(simulation_ws/install) by extensions ['ignore', 'ignore_ament_install']
[0.181s] Level 1:colcon.colcon_core.package_identification:_identify(simulation_ws/install) by extension 'ignore'
[0.181s] Level 1:colcon.colcon_core.package_identification:_identify(simulation_ws/install) ignored
[0.181s] Level 1:colcon.colcon_core.package_identification:_identify(simulation_ws/log) by extensions ['ignore', 'ignore_ament_install']
[0.181s] Level 1:colcon.colcon_core.package_identification:_identify(simulation_ws/log) by extension 'ignore'
[0.181s] Level 1:colcon.colcon_core.package_identification:_identify(simulation_ws/log) ignored
[0.181s] Level 1:colcon.colcon_core.package_identification:_identify(simulation_ws/src) by extensions ['ignore', 'ignore_ament_install']
[0.181s] Level 1:colcon.colcon_core.package_identification:_identify(simulation_ws/src) by extension 'ignore'
[0.181s] Level 1:colcon.colcon_core.package_identification:_identify(simulation_ws/src) by extension 'ignore_ament_install'
[0.181s] Level 1:colcon.colcon_core.package_identification:_identify(simulation_ws/src) by extensions ['colcon_pkg']
[0.181s] Level 1:colcon.colcon_core.package_identification:_identify(simulation_ws/src) by extension 'colcon_pkg'
[0.181s] Level 1:colcon.colcon_core.package_identification:_identify(simulation_ws/src) by extensions ['colcon_meta']
[0.181s] Level 1:colcon.colcon_core.package_identification:_identify(simulation_ws/src) by extension 'colcon_meta'
[0.181s] Level 1:colcon.colcon_core.package_identification:_identify(simulation_ws/src) by extensions ['ros']
[0.181s] Level 1:colcon.colcon_core.package_identification:_identify(simulation_ws/src) by extension 'ros'
[0.181s] Level 1:colcon.colcon_core.package_identification:_identify(simulation_ws/src) by extensions ['cmake', 'python']
[0.181s] Level 1:colcon.colcon_core.package_identification:_identify(simulation_ws/src) by extension 'cmake'
[0.181s] Level 1:colcon.colcon_core.package_identification:_identify(simulation_ws/src) by extension 'python'
[0.181s] Level 1:colcon.colcon_core.package_identification:_identify(simulation_ws/src) by extensions ['python_setup_py']
[0.181s] Level 1:colcon.colcon_core.package_identification:_identify(simulation_ws/src) by extension 'python_setup_py'
[0.182s] Level 1:colcon.colcon_core.package_identification:_identify(simulation_ws/src/turtlebot3) by extensions ['ignore', 'ignore_ament_install']
[0.182s] Level 1:colcon.colcon_core.package_identification:_identify(simulation_ws/src/turtlebot3) by extension 'ignore'
[0.182s] Level 1:colcon.colcon_core.package_identification:_identify(simulation_ws/src/turtlebot3) by extension 'ignore_ament_install'
[0.182s] Level 1:colcon.colcon_core.package_identification:_identify(simulation_ws/src/turtlebot3) by extensions ['colcon_pkg']
[0.182s] Level 1:colcon.colcon_core.package_identification:_identify(simulation_ws/src/turtlebot3) by extension 'colcon_pkg'
[0.182s] Level 1:colcon.colcon_core.package_identification:_identify(simulation_ws/src/turtlebot3) by extensions ['colcon_meta']
[0.182s] Level 1:colcon.colcon_core.package_identification:_identify(simulation_ws/src/turtlebot3) by extension 'colcon_meta'
[0.182s] Level 1:colcon.colcon_core.package_identification:_identify(simulation_ws/src/turtlebot3) by extensions ['ros']
[0.182s] Level 1:colcon.colcon_core.package_identification:_identify(simulation_ws/src/turtlebot3) by extension 'ros'
[0.182s] Level 1:colcon.colcon_core.package_identification:_identify(simulation_ws/src/turtlebot3) by extensions ['cmake', 'python']
[0.182s] Level 1:colcon.colcon_core.package_identification:_identify(simulation_ws/src/turtlebot3) by extension 'cmake'
[0.182s] Level 1:colcon.colcon_core.package_identification:_identify(simulation_ws/src/turtlebot3) by extension 'python'
[0.182s] Level 1:colcon.colcon_core.package_identification:_identify(simulation_ws/src/turtlebot3) by extensions ['python_setup_py']
[0.182s] Level 1:colcon.colcon_core.package_identification:_identify(simulation_ws/src/turtlebot3) by extension 'python_setup_py'
[0.182s] Level 1:colcon.colcon_core.package_identification:_identify(simulation_ws/src/turtlebot3/turtlebot3) by extensions ['ignore', 'ignore_ament_install']
[0.182s] Level 1:colcon.colcon_core.package_identification:_identify(simulation_ws/src/turtlebot3/turtlebot3) by extension 'ignore'
[0.182s] Level 1:colcon.colcon_core.package_identification:_identify(simulation_ws/src/turtlebot3/turtlebot3) by extension 'ignore_ament_install'
[0.182s] Level 1:colcon.colcon_core.package_identification:_identify(simulation_ws/src/turtlebot3/turtlebot3) by extensions ['colcon_pkg']
[0.182s] Level 1:colcon.colcon_core.package_identification:_identify(simulation_ws/src/turtlebot3/turtlebot3) by extension 'colcon_pkg'
[0.182s] Level 1:colcon.colcon_core.package_identification:_identify(simulation_ws/src/turtlebot3/turtlebot3) by extensions ['colcon_meta']
[0.182s] Level 1:colcon.colcon_core.package_identification:_identify(simulation_ws/src/turtlebot3/turtlebot3) by extension 'colcon_meta'
[0.182s] Level 1:colcon.colcon_core.package_identification:_identify(simulation_ws/src/turtlebot3/turtlebot3) by extensions ['ros']
[0.182s] Level 1:colcon.colcon_core.package_identification:_identify(simulation_ws/src/turtlebot3/turtlebot3) by extension 'ros'
[0.182s] DEBUG:colcon.colcon_core.package_identification:Package 'simulation_ws/src/turtlebot3/turtlebot3' with type 'ros.ament_cmake' and name 'turtlebot3'
[0.183s] Level 1:colcon.colcon_core.package_identification:_identify(simulation_ws/src/turtlebot3/turtlebot3_bringup) by extensions ['ignore', 'ignore_ament_install']
[0.183s] Level 1:colcon.colcon_core.package_identification:_identify(simulation_ws/src/turtlebot3/turtlebot3_bringup) by extension 'ignore'
[0.183s] Level 1:colcon.colcon_core.package_identification:_identify(simulation_ws/src/turtlebot3/turtlebot3_bringup) by extension 'ignore_ament_install'
[0.183s] Level 1:colcon.colcon_core.package_identification:_identify(simulation_ws/src/turtlebot3/turtlebot3_bringup) by extensions ['colcon_pkg']
[0.183s] Level 1:colcon.colcon_core.package_identification:_identify(simulation_ws/src/turtlebot3/turtlebot3_bringup) by extension 'colcon_pkg'
[0.183s] Level 1:colcon.colcon_core.package_identification:_identify(simulation_ws/src/turtlebot3/turtlebot3_bringup) by extensions ['colcon_meta']
[0.183s] Level 1:colcon.colcon_core.package_identification:_identify(simulation_ws/src/turtlebot3/turtlebot3_bringup) by extension 'colcon_meta'
[0.183s] Level 1:colcon.colcon_core.package_identification:_identify(simulation_ws/src/turtlebot3/turtlebot3_bringup) by extensions ['ros']
[0.183s] Level 1:colcon.colcon_core.package_identification:_identify(simulation_ws/src/turtlebot3/turtlebot3_bringup) by extension 'ros'
[0.184s] DEBUG:colcon.colcon_core.package_identification:Package 'simulation_ws/src/turtlebot3/turtlebot3_bringup' with type 'ros.ament_cmake' and name 'turtlebot3_bringup'
[0.184s] Level 1:colcon.colcon_core.package_identification:_identify(simulation_ws/src/turtlebot3/turtlebot3_cartographer) by extensions ['ignore', 'ignore_ament_install']
[0.184s] Level 1:colcon.colcon_core.package_identification:_identify(simulation_ws/src/turtlebot3/turtlebot3_cartographer) by extension 'ignore'
[0.184s] Level 1:colcon.colcon_core.package_identification:_identify(simulation_ws/src/turtlebot3/turtlebot3_cartographer) by extension 'ignore_ament_install'
[0.184s] Level 1:colcon.colcon_core.package_identification:_identify(simulation_ws/src/turtlebot3/turtlebot3_cartographer) by extensions ['colcon_pkg']
[0.184s] Level 1:colcon.colcon_core.package_identification:_identify(simulation_ws/src/turtlebot3/turtlebot3_cartographer) by extension 'colcon_pkg'
[0.184s] Level 1:colcon.colcon_core.package_identification:_identify(simulation_ws/src/turtlebot3/turtlebot3_cartographer) by extensions ['colcon_meta']
[0.184s] Level 1:colcon.colcon_core.package_identification:_identify(simulation_ws/src/turtlebot3/turtlebot3_cartographer) by extension 'colcon_meta'
[0.184s] Level 1:colcon.colcon_core.package_identification:_identify(simulation_ws/src/turtlebot3/turtlebot3_cartographer) by extensions ['ros']
[0.184s] Level 1:colcon.colcon_core.package_identification:_identify(simulation_ws/src/turtlebot3/turtlebot3_cartographer) by extension 'ros'
[0.184s] DEBUG:colcon.colcon_core.package_identification:Package 'simulation_ws/src/turtlebot3/turtlebot3_cartographer' with type 'ros.ament_cmake' and name 'turtlebot3_cartographer'
[0.184s] Level 1:colcon.colcon_core.package_identification:_identify(simulation_ws/src/turtlebot3/turtlebot3_description) by extensions ['ignore', 'ignore_ament_install']
[0.184s] Level 1:colcon.colcon_core.package_identification:_identify(simulation_ws/src/turtlebot3/turtlebot3_description) by extension 'ignore'
[0.185s] Level 1:colcon.colcon_core.package_identification:_identify(simulation_ws/src/turtlebot3/turtlebot3_description) by extension 'ignore_ament_install'
[0.185s] Level 1:colcon.colcon_core.package_identification:_identify(simulation_ws/src/turtlebot3/turtlebot3_description) by extensions ['colcon_pkg']
[0.185s] Level 1:colcon.colcon_core.package_identification:_identify(simulation_ws/src/turtlebot3/turtlebot3_description) by extension 'colcon_pkg'
[0.185s] Level 1:colcon.colcon_core.package_identification:_identify(simulation_ws/src/turtlebot3/turtlebot3_description) by extensions ['colcon_meta']
[0.185s] Level 1:colcon.colcon_core.package_identification:_identify(simulation_ws/src/turtlebot3/turtlebot3_description) by extension 'colcon_meta'
[0.185s] Level 1:colcon.colcon_core.package_identification:_identify(simulation_ws/src/turtlebot3/turtlebot3_description) by extensions ['ros']
[0.185s] Level 1:colcon.colcon_core.package_identification:_identify(simulation_ws/src/turtlebot3/turtlebot3_description) by extension 'ros'
[0.185s] DEBUG:colcon.colcon_core.package_identification:Package 'simulation_ws/src/turtlebot3/turtlebot3_description' with type 'ros.ament_cmake' and name 'turtlebot3_description'
[0.185s] Level 1:colcon.colcon_core.package_identification:_identify(simulation_ws/src/turtlebot3/turtlebot3_example) by extensions ['ignore', 'ignore_ament_install']
[0.185s] Level 1:colcon.colcon_core.package_identification:_identify(simulation_ws/src/turtlebot3/turtlebot3_example) by extension 'ignore'
[0.185s] Level 1:colcon.colcon_core.package_identification:_identify(simulation_ws/src/turtlebot3/turtlebot3_example) by extension 'ignore_ament_install'
[0.185s] Level 1:colcon.colcon_core.package_identification:_identify(simulation_ws/src/turtlebot3/turtlebot3_example) by extensions ['colcon_pkg']
[0.185s] Level 1:colcon.colcon_core.package_identification:_identify(simulation_ws/src/turtlebot3/turtlebot3_example) by extension 'colcon_pkg'
[0.185s] Level 1:colcon.colcon_core.package_identification:_identify(simulation_ws/src/turtlebot3/turtlebot3_example) by extensions ['colcon_meta']
[0.185s] Level 1:colcon.colcon_core.package_identification:_identify(simulation_ws/src/turtlebot3/turtlebot3_example) by extension 'colcon_meta'
[0.185s] Level 1:colcon.colcon_core.package_identification:_identify(simulation_ws/src/turtlebot3/turtlebot3_example) by extensions ['ros']
[0.185s] Level 1:colcon.colcon_core.package_identification:_identify(simulation_ws/src/turtlebot3/turtlebot3_example) by extension 'ros'
[0.186s] DEBUG:colcon.colcon_core.package_identification:Package 'simulation_ws/src/turtlebot3/turtlebot3_example' with type 'ros.ament_python' and name 'turtlebot3_example'
[0.186s] Level 1:colcon.colcon_core.package_identification:_identify(simulation_ws/src/turtlebot3/turtlebot3_navigation2) by extensions ['ignore', 'ignore_ament_install']
[0.186s] Level 1:colcon.colcon_core.package_identification:_identify(simulation_ws/src/turtlebot3/turtlebot3_navigation2) by extension 'ignore'
[0.186s] Level 1:colcon.colcon_core.package_identification:_identify(simulation_ws/src/turtlebot3/turtlebot3_navigation2) by extension 'ignore_ament_install'
[0.186s] Level 1:colcon.colcon_core.package_identification:_identify(simulation_ws/src/turtlebot3/turtlebot3_navigation2) by extensions ['colcon_pkg']
[0.186s] Level 1:colcon.colcon_core.package_identification:_identify(simulation_ws/src/turtlebot3/turtlebot3_navigation2) by extension 'colcon_pkg'
[0.186s] Level 1:colcon.colcon_core.package_identification:_identify(simulation_ws/src/turtlebot3/turtlebot3_navigation2) by extensions ['colcon_meta']
[0.186s] Level 1:colcon.colcon_core.package_identification:_identify(simulation_ws/src/turtlebot3/turtlebot3_navigation2) by extension 'colcon_meta'
[0.186s] Level 1:colcon.colcon_core.package_identification:_identify(simulation_ws/src/turtlebot3/turtlebot3_navigation2) by extensions ['ros']
[0.186s] Level 1:colcon.colcon_core.package_identification:_identify(simulation_ws/src/turtlebot3/turtlebot3_navigation2) by extension 'ros'
[0.186s] DEBUG:colcon.colcon_core.package_identification:Package 'simulation_ws/src/turtlebot3/turtlebot3_navigation2' with type 'ros.ament_cmake' and name 'turtlebot3_navigation2'
[0.186s] Level 1:colcon.colcon_core.package_identification:_identify(simulation_ws/src/turtlebot3/turtlebot3_node) by extensions ['ignore', 'ignore_ament_install']
[0.187s] Level 1:colcon.colcon_core.package_identification:_identify(simulation_ws/src/turtlebot3/turtlebot3_node) by extension 'ignore'
[0.187s] Level 1:colcon.colcon_core.package_identification:_identify(simulation_ws/src/turtlebot3/turtlebot3_node) ignored
[0.187s] Level 1:colcon.colcon_core.package_identification:_identify(simulation_ws/src/turtlebot3/turtlebot3_teleop) by extensions ['ignore', 'ignore_ament_install']
[0.192s] Level 1:colcon.colcon_core.package_identification:_identify(simulation_ws/src/turtlebot3/turtlebot3_teleop) by extension 'ignore'
[0.192s] Level 1:colcon.colcon_core.package_identification:_identify(simulation_ws/src/turtlebot3/turtlebot3_teleop) by extension 'ignore_ament_install'
[0.192s] Level 1:colcon.colcon_core.package_identification:_identify(simulation_ws/src/turtlebot3/turtlebot3_teleop) by extensions ['colcon_pkg']
[0.192s] Level 1:colcon.colcon_core.package_identification:_identify(simulation_ws/src/turtlebot3/turtlebot3_teleop) by extension 'colcon_pkg'
[0.192s] Level 1:colcon.colcon_core.package_identification:_identify(simulation_ws/src/turtlebot3/turtlebot3_teleop) by extensions ['colcon_meta']
[0.192s] Level 1:colcon.colcon_core.package_identification:_identify(simulation_ws/src/turtlebot3/turtlebot3_teleop) by extension 'colcon_meta'
[0.192s] Level 1:colcon.colcon_core.package_identification:_identify(simulation_ws/src/turtlebot3/turtlebot3_teleop) by extensions ['ros']
[0.192s] Level 1:colcon.colcon_core.package_identification:_identify(simulation_ws/src/turtlebot3/turtlebot3_teleop) by extension 'ros'
[0.193s] DEBUG:colcon.colcon_core.package_identification:Package 'simulation_ws/src/turtlebot3/turtlebot3_teleop' with type 'ros.ament_python' and name 'turtlebot3_teleop'
[0.193s] Level 1:colcon.colcon_core.package_identification:_identify(simulation_ws/src/turtlebot3_msgs) by extensions ['ignore', 'ignore_ament_install']
[0.193s] Level 1:colcon.colcon_core.package_identification:_identify(simulation_ws/src/turtlebot3_msgs) by extension 'ignore'
[0.193s] Level 1:colcon.colcon_core.package_identification:_identify(simulation_ws/src/turtlebot3_msgs) by extension 'ignore_ament_install'
[0.193s] Level 1:colcon.colcon_core.package_identification:_identify(simulation_ws/src/turtlebot3_msgs) by extensions ['colcon_pkg']
[0.193s] Level 1:colcon.colcon_core.package_identification:_identify(simulation_ws/src/turtlebot3_msgs) by extension 'colcon_pkg'
[0.193s] Level 1:colcon.colcon_core.package_identification:_identify(simulation_ws/src/turtlebot3_msgs) by extensions ['colcon_meta']
[0.193s] Level 1:colcon.colcon_core.package_identification:_identify(simulation_ws/src/turtlebot3_msgs) by extension 'colcon_meta'
[0.193s] Level 1:colcon.colcon_core.package_identification:_identify(simulation_ws/src/turtlebot3_msgs) by extensions ['ros']
[0.193s] Level 1:colcon.colcon_core.package_identification:_identify(simulation_ws/src/turtlebot3_msgs) by extension 'ros'
[0.193s] DEBUG:colcon.colcon_core.package_identification:Package 'simulation_ws/src/turtlebot3_msgs' with type 'ros.ament_cmake' and name 'turtlebot3_msgs'
[0.193s] Level 1:colcon.colcon_core.package_identification:_identify(simulation_ws/src/turtlebot3_ros2) by extensions ['ignore', 'ignore_ament_install']
[0.194s] Level 1:colcon.colcon_core.package_identification:_identify(simulation_ws/src/turtlebot3_ros2) by extension 'ignore'
[0.194s] Level 1:colcon.colcon_core.package_identification:_identify(simulation_ws/src/turtlebot3_ros2) by extension 'ignore_ament_install'
[0.194s] Level 1:colcon.colcon_core.package_identification:_identify(simulation_ws/src/turtlebot3_ros2) by extensions ['colcon_pkg']
[0.194s] Level 1:colcon.colcon_core.package_identification:_identify(simulation_ws/src/turtlebot3_ros2) by extension 'colcon_pkg'
[0.194s] Level 1:colcon.colcon_core.package_identification:_identify(simulation_ws/src/turtlebot3_ros2) by extensions ['colcon_meta']
[0.194s] Level 1:colcon.colcon_core.package_identification:_identify(simulation_ws/src/turtlebot3_ros2) by extension 'colcon_meta'
[0.194s] Level 1:colcon.colcon_core.package_identification:_identify(simulation_ws/src/turtlebot3_ros2) by extensions ['ros']
[0.194s] Level 1:colcon.colcon_core.package_identification:_identify(simulation_ws/src/turtlebot3_ros2) by extension 'ros'
[0.194s] Level 1:colcon.colcon_core.package_identification:_identify(simulation_ws/src/turtlebot3_ros2) by extensions ['cmake', 'python']
[0.194s] Level 1:colcon.colcon_core.package_identification:_identify(simulation_ws/src/turtlebot3_ros2) by extension 'cmake'
[0.194s] Level 1:colcon.colcon_core.package_identification:_identify(simulation_ws/src/turtlebot3_ros2) by extension 'python'
[0.194s] Level 1:colcon.colcon_core.package_identification:_identify(simulation_ws/src/turtlebot3_ros2) by extensions ['python_setup_py']
[0.194s] Level 1:colcon.colcon_core.package_identification:_identify(simulation_ws/src/turtlebot3_ros2) by extension 'python_setup_py'
[0.194s] Level 1:colcon.colcon_core.package_identification:_identify(simulation_ws/src/turtlebot3_ros2/turtlebot3_gazebo) by extensions ['ignore', 'ignore_ament_install']
[0.194s] Level 1:colcon.colcon_core.package_identification:_identify(simulation_ws/src/turtlebot3_ros2/turtlebot3_gazebo) by extension 'ignore'
[0.194s] Level 1:colcon.colcon_core.package_identification:_identify(simulation_ws/src/turtlebot3_ros2/turtlebot3_gazebo) by extension 'ignore_ament_install'
[0.194s] Level 1:colcon.colcon_core.package_identification:_identify(simulation_ws/src/turtlebot3_ros2/turtlebot3_gazebo) by extensions ['colcon_pkg']
[0.194s] Level 1:colcon.colcon_core.package_identification:_identify(simulation_ws/src/turtlebot3_ros2/turtlebot3_gazebo) by extension 'colcon_pkg'
[0.194s] Level 1:colcon.colcon_core.package_identification:_identify(simulation_ws/src/turtlebot3_ros2/turtlebot3_gazebo) by extensions ['colcon_meta']
[0.194s] Level 1:colcon.colcon_core.package_identification:_identify(simulation_ws/src/turtlebot3_ros2/turtlebot3_gazebo) by extension 'colcon_meta'
[0.194s] Level 1:colcon.colcon_core.package_identification:_identify(simulation_ws/src/turtlebot3_ros2/turtlebot3_gazebo) by extensions ['ros']
[0.194s] Level 1:colcon.colcon_core.package_identification:_identify(simulation_ws/src/turtlebot3_ros2/turtlebot3_gazebo) by extension 'ros'
[0.195s] DEBUG:colcon.colcon_core.package_identification:Package 'simulation_ws/src/turtlebot3_ros2/turtlebot3_gazebo' with type 'ros.ament_cmake' and name 'turtlebot3_gazebo'
[0.195s] Level 1:colcon.colcon_core.package_identification:_identify(simulation_ws/src/turtlebot3_ros2/turtlebot3_simulations) by extensions ['ignore', 'ignore_ament_install']
[0.195s] Level 1:colcon.colcon_core.package_identification:_identify(simulation_ws/src/turtlebot3_ros2/turtlebot3_simulations) by extension 'ignore'
[0.195s] Level 1:colcon.colcon_core.package_identification:_identify(simulation_ws/src/turtlebot3_ros2/turtlebot3_simulations) by extension 'ignore_ament_install'
[0.195s] Level 1:colcon.colcon_core.package_identification:_identify(simulation_ws/src/turtlebot3_ros2/turtlebot3_simulations) by extensions ['colcon_pkg']
[0.195s] Level 1:colcon.colcon_core.package_identification:_identify(simulation_ws/src/turtlebot3_ros2/turtlebot3_simulations) by extension 'colcon_pkg'
[0.195s] Level 1:colcon.colcon_core.package_identification:_identify(simulation_ws/src/turtlebot3_ros2/turtlebot3_simulations) by extensions ['colcon_meta']
[0.195s] Level 1:colcon.colcon_core.package_identification:_identify(simulation_ws/src/turtlebot3_ros2/turtlebot3_simulations) by extension 'colcon_meta'
[0.195s] Level 1:colcon.colcon_core.package_identification:_identify(simulation_ws/src/turtlebot3_ros2/turtlebot3_simulations) by extensions ['ros']
[0.195s] Level 1:colcon.colcon_core.package_identification:_identify(simulation_ws/src/turtlebot3_ros2/turtlebot3_simulations) by extension 'ros'
[0.195s] DEBUG:colcon.colcon_core.package_identification:Package 'simulation_ws/src/turtlebot3_ros2/turtlebot3_simulations' with type 'ros.ament_cmake' and name 'turtlebot3_simulations'
[0.195s] Level 1:colcon.colcon_core.package_identification:_identify(webpage_ws) by extensions ['ignore', 'ignore_ament_install']
[0.195s] Level 1:colcon.colcon_core.package_identification:_identify(webpage_ws) by extension 'ignore'
[0.196s] Level 1:colcon.colcon_core.package_identification:_identify(webpage_ws) by extension 'ignore_ament_install'
[0.196s] Level 1:colcon.colcon_core.package_identification:_identify(webpage_ws) by extensions ['colcon_pkg']
[0.196s] Level 1:colcon.colcon_core.package_identification:_identify(webpage_ws) by extension 'colcon_pkg'
[0.196s] Level 1:colcon.colcon_core.package_identification:_identify(webpage_ws) by extensions ['colcon_meta']
[0.196s] Level 1:colcon.colcon_core.package_identification:_identify(webpage_ws) by extension 'colcon_meta'
[0.196s] Level 1:colcon.colcon_core.package_identification:_identify(webpage_ws) by extensions ['ros']
[0.196s] Level 1:colcon.colcon_core.package_identification:_identify(webpage_ws) by extension 'ros'
[0.196s] Level 1:colcon.colcon_core.package_identification:_identify(webpage_ws) by extensions ['cmake', 'python']
[0.196s] Level 1:colcon.colcon_core.package_identification:_identify(webpage_ws) by extension 'cmake'
[0.196s] Level 1:colcon.colcon_core.package_identification:_identify(webpage_ws) by extension 'python'
[0.196s] Level 1:colcon.colcon_core.package_identification:_identify(webpage_ws) by extensions ['python_setup_py']
[0.196s] Level 1:colcon.colcon_core.package_identification:_identify(webpage_ws) by extension 'python_setup_py'
[0.196s] Level 1:colcon.colcon_core.package_discovery:discover_packages(recursive) using defaults
[0.196s] Level 1:colcon.colcon_core.package_discovery:discover_packages(ignore) discover
[0.196s] Level 1:colcon.colcon_core.package_discovery:discover_packages(ignore) using defaults
[0.196s] Level 1:colcon.colcon_core.package_discovery:discover_packages(path) discover
[0.196s] Level 1:colcon.colcon_core.package_discovery:discover_packages(path) using defaults
[0.209s] INFO:colcon.colcon_core.package_selection:Skipping not selected package 'tb3_burger_cartographer' in 'ros2_ws/src/tb3_burger_cartographer'
[0.209s] INFO:colcon.colcon_core.package_selection:Skipping not selected package 'tb3_burger_localization' in 'ros2_ws/src/tb3_burger_localization'
[0.209s] INFO:colcon.colcon_core.package_selection:Skipping not selected package 'turtlebot3_cartographer' in 'simulation_ws/src/turtlebot3/turtlebot3_cartographer'
[0.209s] INFO:colcon.colcon_core.package_selection:Skipping not selected package 'turtlebot3_description' in 'simulation_ws/src/turtlebot3/turtlebot3_description'
[0.209s] INFO:colcon.colcon_core.package_selection:Skipping not selected package 'turtlebot3_gazebo' in 'simulation_ws/src/turtlebot3_ros2/turtlebot3_gazebo'
[0.209s] INFO:colcon.colcon_core.package_selection:Skipping not selected package 'turtlebot3_msgs' in 'simulation_ws/src/turtlebot3_msgs'
[0.209s] INFO:colcon.colcon_core.package_selection:Skipping not selected package 'turtlebot3_navigation2' in 'simulation_ws/src/turtlebot3/turtlebot3_navigation2'
[0.209s] INFO:colcon.colcon_core.package_selection:Skipping not selected package 'turtlebot3_teleop' in 'simulation_ws/src/turtlebot3/turtlebot3_teleop'
[0.209s] INFO:colcon.colcon_core.package_selection:Skipping not selected package 'ros2_tf_project' in 'ros2_ws/src/ros2_tf_project'
[0.209s] INFO:colcon.colcon_core.package_selection:Skipping not selected package 'turtlebot3_bringup' in 'simulation_ws/src/turtlebot3/turtlebot3_bringup'
[0.209s] INFO:colcon.colcon_core.package_selection:Skipping not selected package 'turtlebot3_example' in 'simulation_ws/src/turtlebot3/turtlebot3_example'
[0.209s] INFO:colcon.colcon_core.package_selection:Skipping not selected package 'turtlebot3_simulations' in 'simulation_ws/src/turtlebot3_ros2/turtlebot3_simulations'
[0.209s] INFO:colcon.colcon_core.package_selection:Skipping not selected package 'turtlebot3' in 'simulation_ws/src/turtlebot3/turtlebot3'
[0.210s] Level 1:colcon.colcon_core.package_discovery:discover_packages(prefix_path) check parameters
[0.210s] Level 1:colcon.colcon_core.package_discovery:discover_packages(prefix_path) discover
[0.211s] DEBUG:colcon.colcon_installed_package_information.package_discovery:Found 14 installed packages in /home/latih/ros2-tf-real-robot-project/install
[0.212s] DEBUG:colcon.colcon_installed_package_information.package_discovery:Found 393 installed packages in /opt/ros/humble
[0.214s] Level 1:colcon.colcon_core.package_discovery:discover_packages(prefix_path) using defaults
[0.241s] WARNING:colcon.colcon_core.package_selection:Some selected packages are already built in one or more underlay workspaces:
	'my_robot_interfaces' is in: /home/latih/ros2-tf-real-robot-project/install/my_robot_interfaces
If a package in a merged underlay workspace is overridden and it installs headers, then all packages in the overlay must sort their include directories by workspace order. Failure to do so may result in build failures or undefined behavior at run time.
If the overridden package is used by another package in any underlay, then the overriding package in the overlay must be API and ABI compatible or undefined behavior at run time may occur.

If you understand the risks and want to override a package anyways, add the following to the command line:
	--allow-overriding my_robot_interfaces

This may be promoted to an error in a future release of colcon-override-check.
[0.241s] Level 5:colcon.colcon_core.verb:set package 'my_robot_interfaces' build argument 'cmake_args' from command line to 'None'
[0.241s] Level 5:colcon.colcon_core.verb:set package 'my_robot_interfaces' build argument 'cmake_target' from command line to 'None'
[0.241s] Level 5:colcon.colcon_core.verb:set package 'my_robot_interfaces' build argument 'cmake_target_skip_unavailable' from command line to 'False'
[0.241s] Level 5:colcon.colcon_core.verb:set package 'my_robot_interfaces' build argument 'cmake_clean_cache' from command line to 'False'
[0.241s] Level 5:colcon.colcon_core.verb:set package 'my_robot_interfaces' build argument 'cmake_clean_first' from command line to 'False'
[0.241s] Level 5:colcon.colcon_core.verb:set package 'my_robot_interfaces' build argument 'cmake_force_configure' from command line to 'False'
[0.241s] Level 5:colcon.colcon_core.verb:set package 'my_robot_interfaces' build argument 'ament_cmake_args' from command line to 'None'
[0.241s] Level 5:colcon.colcon_core.verb:set package 'my_robot_interfaces' build argument 'catkin_cmake_args' from command line to 'None'
[0.241s] Level 5:colcon.colcon_core.verb:set package 'my_robot_interfaces' build argument 'catkin_skip_building_tests' from command line to 'False'
[0.241s] DEBUG:colcon.colcon_core.verb:Building package 'my_robot_interfaces' with the following arguments: {'ament_cmake_args': None, 'build_base': '/home/latih/ros2-tf-real-robot-project/build/my_robot_interfaces', 'catkin_cmake_args': None, 'catkin_skip_building_tests': False, 'cmake_args': None, 'cmake_clean_cache': False, 'cmake_clean_first': False, 'cmake_force_configure': False, 'cmake_target': None, 'cmake_target_skip_unavailable': False, 'install_base': '/home/latih/ros2-tf-real-robot-project/install/my_robot_interfaces', 'merge_install': False, 'path': '/home/latih/ros2-tf-real-robot-project/ros2_ws/src/my_robot_interfaces', 'symlink_install': False, 'test_result_base': None}
[0.241s] INFO:colcon.colcon_core.executor:Executing jobs using 'parallel' executor
[0.242s] DEBUG:colcon.colcon_parallel_executor.executor.parallel:run_until_complete
[0.242s] INFO:colcon.colcon_ros.task.ament_cmake.build:Building ROS package in '/home/latih/ros2-tf-real-robot-project/ros2_ws/src/my_robot_interfaces' with build type 'ament_cmake'
[0.242s] INFO:colcon.colcon_cmake.task.cmake.build:Building CMake package in '/home/latih/ros2-tf-real-robot-project/ros2_ws/src/my_robot_interfaces'
[0.244s] INFO:colcon.colcon_core.plugin_system:Skipping extension 'colcon_core.shell.bat': Not used on non-Windows systems
[0.244s] INFO:colcon.colcon_core.shell:Skip shell extension 'powershell' for command environment: Not usable outside of PowerShell
[0.244s] DEBUG:colcon.colcon_core.shell:Skip shell extension 'dsv' for command environment
[0.252s] DEBUG:colcon.colcon_core.event_handler.log_command:Invoking command in '/home/latih/ros2-tf-real-robot-project/build/my_robot_interfaces': CMAKE_PREFIX_PATH=${CMAKE_PREFIX_PATH}:/home/latih/ros2-tf-real-robot-project/install/turtlebot3_teleop:/home/latih/ros2-tf-real-robot-project/install/turtlebot3_example:/opt/ros/humble /usr/bin/cmake --build /home/latih/ros2-tf-real-robot-project/build/my_robot_interfaces -- -j16 -l16
[3.845s] DEBUG:colcon.colcon_core.event_handler.log_command:Invoked command in '/home/latih/ros2-tf-real-robot-project/build/my_robot_interfaces' returned '0': CMAKE_PREFIX_PATH=${CMAKE_PREFIX_PATH}:/home/latih/ros2-tf-real-robot-project/install/turtlebot3_teleop:/home/latih/ros2-tf-real-robot-project/install/turtlebot3_example:/opt/ros/humble /usr/bin/cmake --build /home/latih/ros2-tf-real-robot-project/build/my_robot_interfaces -- -j16 -l16
[3.851s] DEBUG:colcon.colcon_core.event_handler.log_command:Invoking command in '/home/latih/ros2-tf-real-robot-project/build/my_robot_interfaces': CMAKE_PREFIX_PATH=${CMAKE_PREFIX_PATH}:/home/latih/ros2-tf-real-robot-project/install/turtlebot3_teleop:/home/latih/ros2-tf-real-robot-project/install/turtlebot3_example:/opt/ros/humble /usr/bin/cmake --install /home/latih/ros2-tf-real-robot-project/build/my_robot_interfaces
[3.905s] Level 1:colcon.colcon_core.environment:create_environment_scripts_only(my_robot_interfaces)
[3.905s] DEBUG:colcon.colcon_core.event_handler.log_command:Invoked command in '/home/latih/ros2-tf-real-robot-project/build/my_robot_interfaces' returned '0': CMAKE_PREFIX_PATH=${CMAKE_PREFIX_PATH}:/home/latih/ros2-tf-real-robot-project/install/turtlebot3_teleop:/home/latih/ros2-tf-real-robot-project/install/turtlebot3_example:/opt/ros/humble /usr/bin/cmake --install /home/latih/ros2-tf-real-robot-project/build/my_robot_interfaces
[3.906s] Level 1:colcon.colcon_core.environment:checking '/home/latih/ros2-tf-real-robot-project/install/my_robot_interfaces' for CMake module files
[3.907s] Level 1:colcon.colcon_core.environment:checking '/home/latih/ros2-tf-real-robot-project/install/my_robot_interfaces' for CMake config files
[3.907s] Level 1:colcon.colcon_core.shell:create_environment_hook('my_robot_interfaces', 'cmake_prefix_path')
[3.907s] INFO:colcon.colcon_core.shell:Creating environment hook '/home/latih/ros2-tf-real-robot-project/install/my_robot_interfaces/share/my_robot_interfaces/hook/cmake_prefix_path.ps1'
[3.908s] INFO:colcon.colcon_core.shell:Creating environment descriptor '/home/latih/ros2-tf-real-robot-project/install/my_robot_interfaces/share/my_robot_interfaces/hook/cmake_prefix_path.dsv'
[3.908s] INFO:colcon.colcon_core.shell:Creating environment hook '/home/latih/ros2-tf-real-robot-project/install/my_robot_interfaces/share/my_robot_interfaces/hook/cmake_prefix_path.sh'
[3.908s] Level 1:colcon.colcon_core.environment:checking '/home/latih/ros2-tf-real-robot-project/install/my_robot_interfaces/lib'
[3.909s] Level 1:colcon.colcon_core.shell:create_environment_hook('my_robot_interfaces', 'ld_library_path_lib')
[3.909s] INFO:colcon.colcon_core.shell:Creating environment hook '/home/latih/ros2-tf-real-robot-project/install/my_robot_interfaces/share/my_robot_interfaces/hook/ld_library_path_lib.ps1'
[3.909s] INFO:colcon.colcon_core.shell:Creating environment descriptor '/home/latih/ros2-tf-real-robot-project/install/my_robot_interfaces/share/my_robot_interfaces/hook/ld_library_path_lib.dsv'
[3.909s] INFO:colcon.colcon_core.shell:Creating environment hook '/home/latih/ros2-tf-real-robot-project/install/my_robot_interfaces/share/my_robot_interfaces/hook/ld_library_path_lib.sh'
[3.909s] Level 1:colcon.colcon_core.environment:checking '/home/latih/ros2-tf-real-robot-project/install/my_robot_interfaces/bin'
[3.909s] Level 1:colcon.colcon_core.environment:checking '/home/latih/ros2-tf-real-robot-project/install/my_robot_interfaces/lib/pkgconfig/my_robot_interfaces.pc'
[3.910s] Level 1:colcon.colcon_core.environment:checking '/home/latih/ros2-tf-real-robot-project/install/my_robot_interfaces/lib/python3.10/site-packages'
[3.910s] Level 1:colcon.colcon_core.environment:checking '/home/latih/ros2-tf-real-robot-project/install/my_robot_interfaces/bin'
[3.910s] INFO:colcon.colcon_core.shell:Creating package script '/home/latih/ros2-tf-real-robot-project/install/my_robot_interfaces/share/my_robot_interfaces/package.ps1'
[3.910s] INFO:colcon.colcon_core.shell:Creating package descriptor '/home/latih/ros2-tf-real-robot-project/install/my_robot_interfaces/share/my_robot_interfaces/package.dsv'
[3.911s] INFO:colcon.colcon_core.shell:Creating package script '/home/latih/ros2-tf-real-robot-project/install/my_robot_interfaces/share/my_robot_interfaces/package.sh'
[3.911s] INFO:colcon.colcon_core.shell:Creating package script '/home/latih/ros2-tf-real-robot-project/install/my_robot_interfaces/share/my_robot_interfaces/package.bash'
[3.911s] INFO:colcon.colcon_core.shell:Creating package script '/home/latih/ros2-tf-real-robot-project/install/my_robot_interfaces/share/my_robot_interfaces/package.zsh'
[3.912s] Level 1:colcon.colcon_core.environment:create_file_with_runtime_dependencies(/home/latih/ros2-tf-real-robot-project/install/my_robot_interfaces/share/colcon-core/packages/my_robot_interfaces)
[3.912s] Level 1:colcon.colcon_core.environment:create_environment_scripts_only(my_robot_interfaces)
[3.912s] Level 1:colcon.colcon_core.environment:checking '/home/latih/ros2-tf-real-robot-project/install/my_robot_interfaces' for CMake module files
[3.913s] Level 1:colcon.colcon_core.environment:checking '/home/latih/ros2-tf-real-robot-project/install/my_robot_interfaces' for CMake config files
[3.913s] Level 1:colcon.colcon_core.shell:create_environment_hook('my_robot_interfaces', 'cmake_prefix_path')
[3.913s] INFO:colcon.colcon_core.shell:Creating environment hook '/home/latih/ros2-tf-real-robot-project/install/my_robot_interfaces/share/my_robot_interfaces/hook/cmake_prefix_path.ps1'
[3.913s] INFO:colcon.colcon_core.shell:Creating environment descriptor '/home/latih/ros2-tf-real-robot-project/install/my_robot_interfaces/share/my_robot_interfaces/hook/cmake_prefix_path.dsv'
[3.913s] INFO:colcon.colcon_core.shell:Creating environment hook '/home/latih/ros2-tf-real-robot-project/install/my_robot_interfaces/share/my_robot_interfaces/hook/cmake_prefix_path.sh'
[3.914s] Level 1:colcon.colcon_core.environment:checking '/home/latih/ros2-tf-real-robot-project/install/my_robot_interfaces/lib'
[3.914s] Level 1:colcon.colcon_core.shell:create_environment_hook('my_robot_interfaces', 'ld_library_path_lib')
[3.914s] INFO:colcon.colcon_core.shell:Creating environment hook '/home/latih/ros2-tf-real-robot-project/install/my_robot_interfaces/share/my_robot_interfaces/hook/ld_library_path_lib.ps1'
[3.914s] INFO:colcon.colcon_core.shell:Creating environment descriptor '/home/latih/ros2-tf-real-robot-project/install/my_robot_interfaces/share/my_robot_interfaces/hook/ld_library_path_lib.dsv'
[3.914s] INFO:colcon.colcon_core.shell:Creating environment hook '/home/latih/ros2-tf-real-robot-project/install/my_robot_interfaces/share/my_robot_interfaces/hook/ld_library_path_lib.sh'
[3.914s] Level 1:colcon.colcon_core.environment:checking '/home/latih/ros2-tf-real-robot-project/install/my_robot_interfaces/bin'
[3.914s] Level 1:colcon.colcon_core.environment:checking '/home/latih/ros2-tf-real-robot-project/install/my_robot_interfaces/lib/pkgconfig/my_robot_interfaces.pc'
[3.914s] Level 1:colcon.colcon_core.environment:checking '/home/latih/ros2-tf-real-robot-project/install/my_robot_interfaces/lib/python3.10/site-packages'
[3.915s] Level 1:colcon.colcon_core.environment:checking '/home/latih/ros2-tf-real-robot-project/install/my_robot_interfaces/bin'
[3.915s] INFO:colcon.colcon_core.shell:Creating package script '/home/latih/ros2-tf-real-robot-project/install/my_robot_interfaces/share/my_robot_interfaces/package.ps1'
[3.915s] INFO:colcon.colcon_core.shell:Creating package descriptor '/home/latih/ros2-tf-real-robot-project/install/my_robot_interfaces/share/my_robot_interfaces/package.dsv'
[3.915s] INFO:colcon.colcon_core.shell:Creating package script '/home/latih/ros2-tf-real-robot-project/install/my_robot_interfaces/share/my_robot_interfaces/package.sh'
[3.916s] INFO:colcon.colcon_core.shell:Creating package script '/home/latih/ros2-tf-real-robot-project/install/my_robot_interfaces/share/my_robot_interfaces/package.bash'
[3.916s] INFO:colcon.colcon_core.shell:Creating package script '/home/latih/ros2-tf-real-robot-project/install/my_robot_interfaces/share/my_robot_interfaces/package.zsh'
[3.916s] Level 1:colcon.colcon_core.environment:create_file_with_runtime_dependencies(/home/latih/ros2-tf-real-robot-project/install/my_robot_interfaces/share/colcon-core/packages/my_robot_interfaces)
[3.916s] DEBUG:colcon.colcon_parallel_executor.executor.parallel:closing loop
[3.917s] DEBUG:colcon.colcon_parallel_executor.executor.parallel:loop closed
[3.917s] DEBUG:colcon.colcon_parallel_executor.executor.parallel:run_until_complete finished with '0'
[3.917s] DEBUG:colcon.colcon_core.event_reactor:joining thread
[3.920s] INFO:colcon.colcon_core.plugin_system:Skipping extension 'colcon_notification.desktop_notification.terminal_notifier': Not used on non-Darwin systems
[3.920s] INFO:colcon.colcon_core.plugin_system:Skipping extension 'colcon_notification.desktop_notification.win32': Not used on non-Windows systems
[3.920s] INFO:colcon.colcon_notification.desktop_notification:Sending desktop notification using 'notify2'
[3.929s] DEBUG:colcon.colcon_core.event_reactor:joined thread
[3.929s] INFO:colcon.colcon_core.shell:Creating prefix script '/home/latih/ros2-tf-real-robot-project/install/local_setup.ps1'
[3.931s] INFO:colcon.colcon_core.shell:Creating prefix util module '/home/latih/ros2-tf-real-robot-project/install/_local_setup_util_ps1.py'
[3.932s] INFO:colcon.colcon_core.shell:Creating prefix chain script '/home/latih/ros2-tf-real-robot-project/install/setup.ps1'
[3.933s] INFO:colcon.colcon_core.shell:Creating prefix script '/home/latih/ros2-tf-real-robot-project/install/local_setup.sh'
[3.933s] INFO:colcon.colcon_core.shell:Creating prefix util module '/home/latih/ros2-tf-real-robot-project/install/_local_setup_util_sh.py'
[3.934s] INFO:colcon.colcon_core.shell:Creating prefix chain script '/home/latih/ros2-tf-real-robot-project/install/setup.sh'
[3.934s] INFO:colcon.colcon_core.shell:Creating prefix script '/home/latih/ros2-tf-real-robot-project/install/local_setup.bash'
[3.935s] INFO:colcon.colcon_core.shell:Creating prefix chain script '/home/latih/ros2-tf-real-robot-project/install/setup.bash'
[3.935s] INFO:colcon.colcon_core.shell:Creating prefix script '/home/latih/ros2-tf-real-robot-project/install/local_setup.zsh'
[3.936s] INFO:colcon.colcon_core.shell:Creating prefix chain script '/home/latih/ros2-tf-real-robot-project/install/setup.zsh'
