[0.020s] Invoking command in '/home/latih/ros2-tf-real-robot-project/build/turtlebot3_gazebo': CMAKE_PREFIX_PATH=/opt/ros/humble /usr/bin/cmake /home/latih/ros2-tf-real-robot-project/simulation_ws/src/turtlebot3_ros2/turtlebot3_gazebo -DCMAKE_INSTALL_PREFIX=/home/latih/ros2-tf-real-robot-project/install/turtlebot3_gazebo
[0.214s] -- The C compiler identification is GNU 11.4.0
[0.214s] -- The CXX compiler identification is GNU 11.4.0
[0.214s] -- Detecting C compiler ABI info
[0.214s] -- Detecting C compiler ABI info - done
[0.215s] -- Check for working C compiler: /usr/bin/cc - skipped
[0.215s] -- Detecting C compile features
[0.215s] -- Detecting C compile features - done
[0.215s] -- Detecting CXX compiler ABI info
[0.242s] -- Detecting CXX compiler ABI info - done
[0.247s] -- Check for working CXX compiler: /usr/bin/c++ - skipped
[0.248s] -- Detecting CXX compile features
[0.248s] -- Detecting CXX compile features - done
[0.251s] -- Found ament_cmake: 1.3.11 (/opt/ros/humble/share/ament_cmake/cmake)
[0.366s] -- Found Python3: /usr/bin/python3 (found version "3.10.12") found components: Interpreter 
[0.442s] [33mCMake Warning (dev) at /usr/share/cmake-3.22/Modules/FindPackageHandleStandardArgs.cmake:438 (message):
[0.442s]   The package name passed to `find_package_handle_standard_args` (PkgConfig)
[0.442s]   does not match the name of the calling package (gazebo).  This can lead to
[0.442s]   problems in calling code that expects `find_package` result variables
[0.442s]   (e.g., `_FOUND`) to follow a certain pattern.
[0.442s] Call Stack (most recent call first):
[0.442s]   /usr/share/cmake-3.22/Modules/FindPkgConfig.cmake:99 (find_package_handle_standard_args)
[0.443s]   /usr/lib/x86_64-linux-gnu/cmake/gazebo/gazebo-config.cmake:72 (include)
[0.443s]   CMakeLists.txt:23 (find_package)
[0.443s] This warning is for project developers.  Use -Wno-dev to suppress it.
[0.443s] -- Found PkgConfig: /usr/bin/pkg-config (found version "0.29.2") 
[0.443s] [0m
[0.446s] -- Checking for module 'bullet>=2.82'
[0.456s] --   Found bullet, version 3.05
[0.533s] -- Found fcl: /usr/include (found suitable version "0.7.0", minimum required is "0.5.0") 
[0.563s] -- Found assimp: /usr/include (found version "5.2.0") 
[0.582s] -- Found DART: /usr/include (Required is at least version "6.6") found components: dart 
[0.725s] -- Found Boost: /usr/lib/x86_64-linux-gnu/cmake/Boost-1.74.0/BoostConfig.cmake (found suitable version "1.74.0", minimum required is "1.40.0") found components: thread system filesystem program_options regex iostreams date_time 
[0.739s] -- Found Protobuf: /usr/lib/x86_64-linux-gnu/libprotobuf.so (found version "3.12.4") 
[0.742s] -- Looking for ignition-math6 -- found version 6.15.1
[0.749s] -- Searching for dependencies of ignition-math6
[0.751s] -- Looking for OGRE...
[0.751s] -- OGRE_PREFIX_WATCH changed.
[0.754s] -- Checking for module 'OGRE'
[0.764s] --   Found OGRE, version 1.9.0
[0.787s] -- Found Ogre Ghadamon (1.9.0)
[0.793s] -- Found OGRE: optimized;/usr/lib/x86_64-linux-gnu/libOgreMain.so;debug;/usr/lib/x86_64-linux-gnu/libOgreMain.so
[0.802s] -- Looking for OGRE_Paging...
[0.806s] -- Found OGRE_Paging: optimized;/usr/lib/x86_64-linux-gnu/libOgrePaging.so;debug;/usr/lib/x86_64-linux-gnu/libOgrePaging.so
[0.806s] -- Looking for OGRE_Terrain...
[0.809s] -- Found OGRE_Terrain: optimized;/usr/lib/x86_64-linux-gnu/libOgreTerrain.so;debug;/usr/lib/x86_64-linux-gnu/libOgreTerrain.so
[0.809s] -- Looking for OGRE_Property...
[0.812s] -- Found OGRE_Property: optimized;/usr/lib/x86_64-linux-gnu/libOgreProperty.so;debug;/usr/lib/x86_64-linux-gnu/libOgreProperty.so
[0.812s] -- Looking for OGRE_RTShaderSystem...
[0.815s] -- Found OGRE_RTShaderSystem: optimized;/usr/lib/x86_64-linux-gnu/libOgreRTShaderSystem.so;debug;/usr/lib/x86_64-linux-gnu/libOgreRTShaderSystem.so
[0.815s] -- Looking for OGRE_Volume...
[0.818s] -- Found OGRE_Volume: optimized;/usr/lib/x86_64-linux-gnu/libOgreVolume.so;debug;/usr/lib/x86_64-linux-gnu/libOgreVolume.so
[0.818s] -- Looking for OGRE_Overlay...
[0.821s] -- Found OGRE_Overlay: optimized;/usr/lib/x86_64-linux-gnu/libOgreOverlay.so;debug;/usr/lib/x86_64-linux-gnu/libOgreOverlay.so
[0.883s] -- Looking for ignition-math6 -- found version 6.15.1
[0.885s] -- Looking for ignition-transport8 -- found version 8.2.1
[0.886s] -- Searching for dependencies of ignition-transport8
[0.898s] -- Found Protobuf: /usr/lib/x86_64-linux-gnu/libprotobuf.so (found suitable version "3.12.4", minimum required is "3") 
[0.904s] -- Config-file not installed for ZeroMQ -- checking for pkg-config
[0.908s] -- Checking for module 'libzmq >= 4'
[0.920s] --   Found libzmq , version 4.3.4
[0.949s] -- Found ZeroMQ: TRUE (Required is at least version "4") 
[0.953s] -- Checking for module 'uuid'
[0.963s] --   Found uuid, version 2.37.2
[0.989s] -- Found UUID: TRUE  
[0.990s] -- Looking for ignition-msgs5 -- found version 5.8.1
[0.991s] -- Searching for dependencies of ignition-msgs5
[1.002s] -- Looking for ignition-math6 -- found version 6.15.1
[1.006s] -- Checking for module 'tinyxml2'
[1.016s] --   Found tinyxml2, version 9.0.0
[1.046s] -- Looking for ignition-msgs5 -- found version 5.8.1
[1.048s] -- Looking for ignition-common3 -- found version 3.14.0
[1.049s] -- Searching for dependencies of ignition-common3
[1.049s] -- Looking for dlfcn.h - found
[1.051s] -- Looking for libdl - found
[1.052s] -- Found DL: TRUE  
[1.059s] -- Found tinyobjloader: /usr/lib/x86_64-linux-gnu/cmake/tinyobjloader/tinyobjloader-config.cmake (found version "2.0.0") 
[1.059s] -- Searching for <ignition-common3> component [graphics]
[1.060s] -- Looking for ignition-common3-graphics -- found version 3.14.0
[1.060s] -- Searching for dependencies of ignition-common3-graphics
[1.060s] -- Looking for ignition-math6 -- found version 6.15.1
[1.065s] -- Looking for ignition-fuel_tools4 -- found version 4.4.0
[1.065s] -- Searching for dependencies of ignition-fuel_tools4
[1.124s] -- Found CURL: /usr/lib/x86_64-linux-gnu/libcurl.so (found version "7.81.0")  
[1.131s] -- Checking for module 'jsoncpp'
[1.142s] --   Found jsoncpp, version 1.9.5
[1.168s] -- Found JSONCPP: TRUE  
[1.172s] -- Checking for module 'libzip'
[1.180s] --   Found libzip, version 1.7.3
[1.208s] -- Found ZIP: TRUE  
[1.209s] -- Looking for ignition-common3 -- found version 3.14.0
[1.209s] -- Looking for ignition-math6 -- found version 6.15.1
[1.209s] -- Looking for ignition-msgs5 -- found version 5.8.1
[1.213s] -- Found gazebo_ros_pkgs: 3.9.0 (/opt/ros/humble/share/gazebo_ros_pkgs/cmake)
[1.214s] -- Found geometry_msgs: 4.8.0 (/opt/ros/humble/share/geometry_msgs/cmake)
[1.233s] -- Found rosidl_generator_c: 3.1.6 (/opt/ros/humble/share/rosidl_generator_c/cmake)
[1.236s] -- Found rosidl_adapter: 3.1.6 (/opt/ros/humble/share/rosidl_adapter/cmake)
[1.241s] -- Found rosidl_generator_cpp: 3.1.6 (/opt/ros/humble/share/rosidl_generator_cpp/cmake)
[1.250s] -- Using all available rosidl_typesupport_c: rosidl_typesupport_fastrtps_c;rosidl_typesupport_introspection_c
[1.260s] -- Using all available rosidl_typesupport_cpp: rosidl_typesupport_fastrtps_cpp;rosidl_typesupport_introspection_cpp
[1.286s] -- Found nav_msgs: 4.8.0 (/opt/ros/humble/share/nav_msgs/cmake)
[1.299s] -- Found rclcpp: 16.0.12 (/opt/ros/humble/share/rclcpp/cmake)
[1.323s] -- Found rmw_implementation_cmake: 6.1.2 (/opt/ros/humble/share/rmw_implementation_cmake/cmake)
[1.325s] -- Found rmw_fastrtps_cpp: 6.2.7 (/opt/ros/humble/share/rmw_fastrtps_cpp/cmake)
[1.392s] -- Found OpenSSL: /usr/lib/x86_64-linux-gnu/libcrypto.so (found version "3.0.2")  
[1.412s] -- Found FastRTPS: /opt/ros/humble/include  
[1.457s] -- Using RMW implementation 'rmw_fastrtps_cpp' as default
[1.463s] -- Found Threads: TRUE  
[1.488s] -- Found sensor_msgs: 4.8.0 (/opt/ros/humble/share/sensor_msgs/cmake)
[1.505s] -- Found tf2: 0.25.12 (/opt/ros/humble/share/tf2/cmake)
[1.560s] -- Configuring done
[1.587s] -- Generating done
[1.592s] -- Build files have been written to: /home/latih/ros2-tf-real-robot-project/build/turtlebot3_gazebo
[1.601s] Invoked command in '/home/latih/ros2-tf-real-robot-project/build/turtlebot3_gazebo' returned '0': CMAKE_PREFIX_PATH=/opt/ros/humble /usr/bin/cmake /home/latih/ros2-tf-real-robot-project/simulation_ws/src/turtlebot3_ros2/turtlebot3_gazebo -DCMAKE_INSTALL_PREFIX=/home/latih/ros2-tf-real-robot-project/install/turtlebot3_gazebo
[1.603s] Invoking command in '/home/latih/ros2-tf-real-robot-project/build/turtlebot3_gazebo': CMAKE_PREFIX_PATH=/opt/ros/humble /usr/bin/cmake --build /home/latih/ros2-tf-real-robot-project/build/turtlebot3_gazebo -- -j16 -l16
[1.650s] [ 12%] [32mBuilding CXX object CMakeFiles/obstacle1.dir/models/turtlebot3_dqn_world/obstacle_plugin/obstacle1.cc.o[0m
[1.650s] [ 25%] [32mBuilding CXX object CMakeFiles/turtlebot3_drive.dir/src/turtlebot3_drive.cpp.o[0m
[1.652s] [ 37%] [32mBuilding CXX object CMakeFiles/obstacle2.dir/models/turtlebot3_dqn_world/obstacle_plugin/obstacle2.cc.o[0m
[1.652s] [ 50%] [32mBuilding CXX object CMakeFiles/obstacles.dir/models/turtlebot3_dqn_world/obstacle_plugin/obstacles.cc.o[0m
[10.011s] [ 62%] [32m[1mLinking CXX executable turtlebot3_drive[0m
[10.312s] [ 87%] [32m[1mLinking CXX shared library libobstacles.so[0m
[10.312s] [ 87%] [32m[1mLinking CXX shared library libobstacle1.so[0m
[10.371s] [100%] [32m[1mLinking CXX shared library libobstacle2.so[0m
[10.426s] [100%] Built target turtlebot3_drive
[10.509s] [100%] Built target obstacles
[10.509s] [100%] Built target obstacle1
[10.528s] [100%] Built target obstacle2
[10.538s] Invoked command in '/home/latih/ros2-tf-real-robot-project/build/turtlebot3_gazebo' returned '0': CMAKE_PREFIX_PATH=/opt/ros/humble /usr/bin/cmake --build /home/latih/ros2-tf-real-robot-project/build/turtlebot3_gazebo -- -j16 -l16
[10.539s] Invoking command in '/home/latih/ros2-tf-real-robot-project/build/turtlebot3_gazebo': CMAKE_PREFIX_PATH=/opt/ros/humble /usr/bin/cmake --install /home/latih/ros2-tf-real-robot-project/build/turtlebot3_gazebo
[10.544s] -- Install configuration: ""
[10.544s] -- Installing: /home/latih/ros2-tf-real-robot-project/install/turtlebot3_gazebo/lib/turtlebot3_gazebo/turtlebot3_drive
[10.546s] -- Set runtime path of "/home/latih/ros2-tf-real-robot-project/install/turtlebot3_gazebo/lib/turtlebot3_gazebo/turtlebot3_drive" to ""
[10.546s] -- Installing: /home/latih/ros2-tf-real-robot-project/install/turtlebot3_gazebo/share/turtlebot3_gazebo//launch
[10.546s] -- Installing: /home/latih/ros2-tf-real-robot-project/install/turtlebot3_gazebo/share/turtlebot3_gazebo//launch/empty_world.launch.py
[10.547s] -- Installing: /home/latih/ros2-tf-real-robot-project/install/turtlebot3_gazebo/share/turtlebot3_gazebo//launch/turtlebot3_world.launch.py
[10.547s] -- Installing: /home/latih/ros2-tf-real-robot-project/install/turtlebot3_gazebo/share/turtlebot3_gazebo//launch/robot_state_publisher.launch.py
[10.547s] -- Installing: /home/latih/ros2-tf-real-robot-project/install/turtlebot3_gazebo/share/turtlebot3_gazebo//launch/turtlebot3_dqn_stage2.launch.py
[10.547s] -- Installing: /home/latih/ros2-tf-real-robot-project/install/turtlebot3_gazebo/share/turtlebot3_gazebo//launch/spawn_turtlebot3.launch.py
[10.547s] -- Installing: /home/latih/ros2-tf-real-robot-project/install/turtlebot3_gazebo/share/turtlebot3_gazebo//launch/start_turtlebot3_world_standalone.launch.py
[10.547s] -- Installing: /home/latih/ros2-tf-real-robot-project/install/turtlebot3_gazebo/share/turtlebot3_gazebo//launch/turtlebot3_dqn_stage1.launch.py
[10.547s] -- Installing: /home/latih/ros2-tf-real-robot-project/install/turtlebot3_gazebo/share/turtlebot3_gazebo//launch/turtlebot3_dqn_stage4.launch.py
[10.547s] -- Installing: /home/latih/ros2-tf-real-robot-project/install/turtlebot3_gazebo/share/turtlebot3_gazebo//launch/start_turtlebot3_world.launch.py
[10.547s] -- Installing: /home/latih/ros2-tf-real-robot-project/install/turtlebot3_gazebo/share/turtlebot3_gazebo//launch/turtlebot3_dqn_stage3.launch.py
[10.547s] -- Installing: /home/latih/ros2-tf-real-robot-project/install/turtlebot3_gazebo/share/turtlebot3_gazebo//launch/main_turtlebot3_lab.launch.xml
[10.547s] -- Installing: /home/latih/ros2-tf-real-robot-project/install/turtlebot3_gazebo/share/turtlebot3_gazebo//launch/turtlebot3_house.launch.py
[10.547s] -- Installing: /home/latih/ros2-tf-real-robot-project/install/turtlebot3_gazebo/share/turtlebot3_gazebo//models
[10.547s] -- Installing: /home/latih/ros2-tf-real-robot-project/install/turtlebot3_gazebo/share/turtlebot3_gazebo//models/road_charging_2
[10.547s] -- Installing: /home/latih/ros2-tf-real-robot-project/install/turtlebot3_gazebo/share/turtlebot3_gazebo//models/road_charging_2/model.sdf
[10.547s] -- Installing: /home/latih/ros2-tf-real-robot-project/install/turtlebot3_gazebo/share/turtlebot3_gazebo//models/road_charging_2/model.config
[10.548s] -- Installing: /home/latih/ros2-tf-real-robot-project/install/turtlebot3_gazebo/share/turtlebot3_gazebo//models/road_inter_new
[10.548s] -- Installing: /home/latih/ros2-tf-real-robot-project/install/turtlebot3_gazebo/share/turtlebot3_gazebo//models/road_inter_new/materials
[10.548s] -- Installing: /home/latih/ros2-tf-real-robot-project/install/turtlebot3_gazebo/share/turtlebot3_gazebo//models/road_inter_new/materials/textures
[10.548s] -- Installing: /home/latih/ros2-tf-real-robot-project/install/turtlebot3_gazebo/share/turtlebot3_gazebo//models/road_inter_new/materials/textures/road_i.png
[10.548s] -- Installing: /home/latih/ros2-tf-real-robot-project/install/turtlebot3_gazebo/share/turtlebot3_gazebo//models/road_inter_new/materials/scripts
[10.548s] -- Installing: /home/latih/ros2-tf-real-robot-project/install/turtlebot3_gazebo/share/turtlebot3_gazebo//models/road_inter_new/materials/scripts/inter.material
[10.548s] -- Installing: /home/latih/ros2-tf-real-robot-project/install/turtlebot3_gazebo/share/turtlebot3_gazebo//models/road_inter_new/thumbnails
[10.548s] -- Installing: /home/latih/ros2-tf-real-robot-project/install/turtlebot3_gazebo/share/turtlebot3_gazebo//models/road_inter_new/thumbnails/0.png
[10.548s] -- Installing: /home/latih/ros2-tf-real-robot-project/install/turtlebot3_gazebo/share/turtlebot3_gazebo//models/road_inter_new/model.sdf
[10.548s] -- Installing: /home/latih/ros2-tf-real-robot-project/install/turtlebot3_gazebo/share/turtlebot3_gazebo//models/road_inter_new/model.config
[10.548s] -- Installing: /home/latih/ros2-tf-real-robot-project/install/turtlebot3_gazebo/share/turtlebot3_gazebo//models/play_cube_pink
[10.548s] -- Installing: /home/latih/ros2-tf-real-robot-project/install/turtlebot3_gazebo/share/turtlebot3_gazebo//models/play_cube_pink/model.sdf
[10.548s] -- Installing: /home/latih/ros2-tf-real-robot-project/install/turtlebot3_gazebo/share/turtlebot3_gazebo//models/play_cube_pink/model.config
[10.548s] -- Installing: /home/latih/ros2-tf-real-robot-project/install/turtlebot3_gazebo/share/turtlebot3_gazebo//models/play_cube_green
[10.548s] -- Installing: /home/latih/ros2-tf-real-robot-project/install/turtlebot3_gazebo/share/turtlebot3_gazebo//models/play_cube_green/model.sdf
[10.548s] -- Installing: /home/latih/ros2-tf-real-robot-project/install/turtlebot3_gazebo/share/turtlebot3_gazebo//models/play_cube_green/model.config
[10.548s] -- Installing: /home/latih/ros2-tf-real-robot-project/install/turtlebot3_gazebo/share/turtlebot3_gazebo//models/turtlebot3_burger_old
[10.548s] -- Installing: /home/latih/ros2-tf-real-robot-project/install/turtlebot3_gazebo/share/turtlebot3_gazebo//models/turtlebot3_burger_old/model.sdf
[10.548s] -- Installing: /home/latih/ros2-tf-real-robot-project/install/turtlebot3_gazebo/share/turtlebot3_gazebo//models/turtlebot3_burger_old/model-1_4.sdf
[10.548s] -- Installing: /home/latih/ros2-tf-real-robot-project/install/turtlebot3_gazebo/share/turtlebot3_gazebo//models/turtlebot3_burger_old/model.config
[10.548s] -- Installing: /home/latih/ros2-tf-real-robot-project/install/turtlebot3_gazebo/share/turtlebot3_gazebo//models/working_wall_1
[10.548s] -- Installing: /home/latih/ros2-tf-real-robot-project/install/turtlebot3_gazebo/share/turtlebot3_gazebo//models/working_wall_1/model.sdf
[10.548s] -- Installing: /home/latih/ros2-tf-real-robot-project/install/turtlebot3_gazebo/share/turtlebot3_gazebo//models/working_wall_1/model.config
[10.548s] -- Installing: /home/latih/ros2-tf-real-robot-project/install/turtlebot3_gazebo/share/turtlebot3_gazebo//models/triangular_prism
[10.548s] -- Installing: /home/latih/ros2-tf-real-robot-project/install/turtlebot3_gazebo/share/turtlebot3_gazebo//models/triangular_prism/meshes
[10.548s] -- Installing: /home/latih/ros2-tf-real-robot-project/install/turtlebot3_gazebo/share/turtlebot3_gazebo//models/triangular_prism/meshes/triangular_prism.dae
[10.548s] -- Installing: /home/latih/ros2-tf-real-robot-project/install/turtlebot3_gazebo/share/turtlebot3_gazebo//models/triangular_prism/model.sdf
[10.549s] -- Installing: /home/latih/ros2-tf-real-robot-project/install/turtlebot3_gazebo/share/turtlebot3_gazebo//models/triangular_prism/model.config
[10.549s] -- Installing: /home/latih/ros2-tf-real-robot-project/install/turtlebot3_gazebo/share/turtlebot3_gazebo//models/turtlebot3_house
[10.549s] -- Installing: /home/latih/ros2-tf-real-robot-project/install/turtlebot3_gazebo/share/turtlebot3_gazebo//models/turtlebot3_house/model.sdf
[10.549s] -- Installing: /home/latih/ros2-tf-real-robot-project/install/turtlebot3_gazebo/share/turtlebot3_gazebo//models/turtlebot3_house/model.config
[10.549s] -- Installing: /home/latih/ros2-tf-real-robot-project/install/turtlebot3_gazebo/share/turtlebot3_gazebo//models/ar_tag_4
[10.549s] -- Installing: /home/latih/ros2-tf-real-robot-project/install/turtlebot3_gazebo/share/turtlebot3_gazebo//models/ar_tag_4/model.sdf
[10.549s] -- Installing: /home/latih/ros2-tf-real-robot-project/install/turtlebot3_gazebo/share/turtlebot3_gazebo//models/ar_tag_4/model.config
[10.549s] -- Installing: /home/latih/ros2-tf-real-robot-project/install/turtlebot3_gazebo/share/turtlebot3_gazebo//models/grasping_plate
[10.549s] -- Installing: /home/latih/ros2-tf-real-robot-project/install/turtlebot3_gazebo/share/turtlebot3_gazebo//models/grasping_plate/model.sdf
[10.549s] -- Installing: /home/latih/ros2-tf-real-robot-project/install/turtlebot3_gazebo/share/turtlebot3_gazebo//models/grasping_plate/model.config
[10.549s] -- Installing: /home/latih/ros2-tf-real-robot-project/install/turtlebot3_gazebo/share/turtlebot3_gazebo//models/robotarm_floor_v1
[10.549s] -- Installing: /home/latih/ros2-tf-real-robot-project/install/turtlebot3_gazebo/share/turtlebot3_gazebo//models/robotarm_floor_v1/meshes
[10.549s] -- Installing: /home/latih/ros2-tf-real-robot-project/install/turtlebot3_gazebo/share/turtlebot3_gazebo//models/robotarm_floor_v1/meshes/robotarm_floor_v1.blend1
[10.549s] -- Installing: /home/latih/ros2-tf-real-robot-project/install/turtlebot3_gazebo/share/turtlebot3_gazebo//models/robotarm_floor_v1/meshes/robotarm_floor_v1_texture.png
[10.549s] -- Installing: /home/latih/ros2-tf-real-robot-project/install/turtlebot3_gazebo/share/turtlebot3_gazebo//models/robotarm_floor_v1/meshes/floor_cube.stl
[10.549s] -- Installing: /home/latih/ros2-tf-real-robot-project/install/turtlebot3_gazebo/share/turtlebot3_gazebo//models/robotarm_floor_v1/meshes/robotarm_floor_v1.dae
[10.549s] -- Installing: /home/latih/ros2-tf-real-robot-project/install/turtlebot3_gazebo/share/turtlebot3_gazebo//models/robotarm_floor_v1/meshes/robotarm_floor_v1.blend
[10.550s] -- Installing: /home/latih/ros2-tf-real-robot-project/install/turtlebot3_gazebo/share/turtlebot3_gazebo//models/robotarm_floor_v1/model.sdf
[10.550s] -- Installing: /home/latih/ros2-tf-real-robot-project/install/turtlebot3_gazebo/share/turtlebot3_gazebo//models/robotarm_floor_v1/model.config
[10.550s] -- Installing: /home/latih/ros2-tf-real-robot-project/install/turtlebot3_gazebo/share/turtlebot3_gazebo//models/kinect_camera
[10.550s] -- Installing: /home/latih/ros2-tf-real-robot-project/install/turtlebot3_gazebo/share/turtlebot3_gazebo//models/kinect_camera/meshes
[10.550s] -- Installing: /home/latih/ros2-tf-real-robot-project/install/turtlebot3_gazebo/share/turtlebot3_gazebo//models/kinect_camera/meshes/kinect.dae
[10.550s] -- Installing: /home/latih/ros2-tf-real-robot-project/install/turtlebot3_gazebo/share/turtlebot3_gazebo//models/kinect_camera/kinect.xml
[10.550s] -- Installing: /home/latih/ros2-tf-real-robot-project/install/turtlebot3_gazebo/share/turtlebot3_gazebo//models/kinect_camera/materials
[10.550s] -- Installing: /home/latih/ros2-tf-real-robot-project/install/turtlebot3_gazebo/share/turtlebot3_gazebo//models/kinect_camera/materials/textures
[10.550s] -- Installing: /home/latih/ros2-tf-real-robot-project/install/turtlebot3_gazebo/share/turtlebot3_gazebo//models/kinect_camera/materials/textures/kinect.png
[10.550s] -- Installing: /home/latih/ros2-tf-real-robot-project/install/turtlebot3_gazebo/share/turtlebot3_gazebo//models/kinect_camera/model.sdf
[10.550s] -- Installing: /home/latih/ros2-tf-real-robot-project/install/turtlebot3_gazebo/share/turtlebot3_gazebo//models/kinect_camera/model.config
[10.550s] -- Installing: /home/latih/ros2-tf-real-robot-project/install/turtlebot3_gazebo/share/turtlebot3_gazebo//models/bases
[10.550s] -- Installing: /home/latih/ros2-tf-real-robot-project/install/turtlebot3_gazebo/share/turtlebot3_gazebo//models/bases/waffle_base.stl
[10.558s] -- Installing: /home/latih/ros2-tf-real-robot-project/install/turtlebot3_gazebo/share/turtlebot3_gazebo//models/bases/burger_base.stl
[10.560s] -- Installing: /home/latih/ros2-tf-real-robot-project/install/turtlebot3_gazebo/share/turtlebot3_gazebo//models/bases/waffle_pi_base.stl
[10.564s] -- Installing: /home/latih/ros2-tf-real-robot-project/install/turtlebot3_gazebo/share/turtlebot3_gazebo//models/triangular_prism_stop
[10.564s] -- Installing: /home/latih/ros2-tf-real-robot-project/install/turtlebot3_gazebo/share/turtlebot3_gazebo//models/triangular_prism_stop/model.sdf
[10.564s] -- Installing: /home/latih/ros2-tf-real-robot-project/install/turtlebot3_gazebo/share/turtlebot3_gazebo//models/triangular_prism_stop/model.config
[10.564s] -- Installing: /home/latih/ros2-tf-real-robot-project/install/turtlebot3_gazebo/share/turtlebot3_gazebo//models/turtlebot3_burger
[10.564s] -- Installing: /home/latih/ros2-tf-real-robot-project/install/turtlebot3_gazebo/share/turtlebot3_gazebo//models/turtlebot3_burger/meshes
[10.564s] -- Installing: /home/latih/ros2-tf-real-robot-project/install/turtlebot3_gazebo/share/turtlebot3_gazebo//models/turtlebot3_burger/meshes/cam.dae
[10.564s] -- Installing: /home/latih/ros2-tf-real-robot-project/install/turtlebot3_gazebo/share/turtlebot3_gazebo//models/turtlebot3_burger/meshes/lds.stl
[10.564s] -- Installing: /home/latih/ros2-tf-real-robot-project/install/turtlebot3_gazebo/share/turtlebot3_gazebo//models/turtlebot3_burger/meshes/left_tire.stl
[10.565s] -- Installing: /home/latih/ros2-tf-real-robot-project/install/turtlebot3_gazebo/share/turtlebot3_gazebo//models/turtlebot3_burger/meshes/black.png
[10.565s] -- Installing: /home/latih/ros2-tf-real-robot-project/install/turtlebot3_gazebo/share/turtlebot3_gazebo//models/turtlebot3_burger/meshes/right_tire_v2.dae
[10.566s] -- Installing: /home/latih/ros2-tf-real-robot-project/install/turtlebot3_gazebo/share/turtlebot3_gazebo//models/turtlebot3_burger/meshes/burger_base.stl
[10.568s] -- Installing: /home/latih/ros2-tf-real-robot-project/install/turtlebot3_gazebo/share/turtlebot3_gazebo//models/turtlebot3_burger/meshes/burger_base_v2_single.dae
[10.575s] -- Installing: /home/latih/ros2-tf-real-robot-project/install/turtlebot3_gazebo/share/turtlebot3_gazebo//models/turtlebot3_burger/meshes/right_tire.stl
[10.576s] -- Installing: /home/latih/ros2-tf-real-robot-project/install/turtlebot3_gazebo/share/turtlebot3_gazebo//models/turtlebot3_burger/meshes/lds_v2_single.dae
[10.577s] -- Installing: /home/latih/ros2-tf-real-robot-project/install/turtlebot3_gazebo/share/turtlebot3_gazebo//models/turtlebot3_burger/meshes/left_tire_v2.dae
[10.577s] -- Installing: /home/latih/ros2-tf-real-robot-project/install/turtlebot3_gazebo/share/turtlebot3_gazebo//models/turtlebot3_burger/meshes/burguer_textures.png
[10.577s] -- Installing: /home/latih/ros2-tf-real-robot-project/install/turtlebot3_gazebo/share/turtlebot3_gazebo//models/turtlebot3_burger/meshes_dae
[10.578s] -- Installing: /home/latih/ros2-tf-real-robot-project/install/turtlebot3_gazebo/share/turtlebot3_gazebo//models/turtlebot3_burger/meshes_dae/left_tire.dae
[10.579s] -- Installing: /home/latih/ros2-tf-real-robot-project/install/turtlebot3_gazebo/share/turtlebot3_gazebo//models/turtlebot3_burger/meshes_dae/burger_base.dae
[10.584s] -- Installing: /home/latih/ros2-tf-real-robot-project/install/turtlebot3_gazebo/share/turtlebot3_gazebo//models/turtlebot3_burger/meshes_dae/lds.dae
[10.585s] -- Installing: /home/latih/ros2-tf-real-robot-project/install/turtlebot3_gazebo/share/turtlebot3_gazebo//models/turtlebot3_burger/meshes_dae/right_tire.dae
[10.587s] -- Installing: /home/latih/ros2-tf-real-robot-project/install/turtlebot3_gazebo/share/turtlebot3_gazebo//models/turtlebot3_burger/model.sdf
[10.587s] -- Installing: /home/latih/ros2-tf-real-robot-project/install/turtlebot3_gazebo/share/turtlebot3_gazebo//models/turtlebot3_burger/model-1_4.sdf
[10.587s] -- Installing: /home/latih/ros2-tf-real-robot-project/install/turtlebot3_gazebo/share/turtlebot3_gazebo//models/turtlebot3_burger/model.config
[10.587s] -- Installing: /home/latih/ros2-tf-real-robot-project/install/turtlebot3_gazebo/share/turtlebot3_gazebo//models/pedestrian_sign_prism
[10.587s] -- Installing: /home/latih/ros2-tf-real-robot-project/install/turtlebot3_gazebo/share/turtlebot3_gazebo//models/pedestrian_sign_prism/meshes
[10.587s] -- Installing: /home/latih/ros2-tf-real-robot-project/install/turtlebot3_gazebo/share/turtlebot3_gazebo//models/pedestrian_sign_prism/meshes/signal_pedestrian.dae
[10.587s] -- Installing: /home/latih/ros2-tf-real-robot-project/install/turtlebot3_gazebo/share/turtlebot3_gazebo//models/pedestrian_sign_prism/meshes/pedestrian.png
[10.587s] -- Installing: /home/latih/ros2-tf-real-robot-project/install/turtlebot3_gazebo/share/turtlebot3_gazebo//models/pedestrian_sign_prism/meshes/signal_pedestrian_fix.dae
[10.587s] -- Installing: /home/latih/ros2-tf-real-robot-project/install/turtlebot3_gazebo/share/turtlebot3_gazebo//models/pedestrian_sign_prism/model.sdf
[10.587s] -- Installing: /home/latih/ros2-tf-real-robot-project/install/turtlebot3_gazebo/share/turtlebot3_gazebo//models/pedestrian_sign_prism/model.config
[10.587s] -- Installing: /home/latih/ros2-tf-real-robot-project/install/turtlebot3_gazebo/share/turtlebot3_gazebo//models/triangular_prism_direccion_obligada
[10.587s] -- Installing: /home/latih/ros2-tf-real-robot-project/install/turtlebot3_gazebo/share/turtlebot3_gazebo//models/triangular_prism_direccion_obligada/model.sdf
[10.587s] -- Installing: /home/latih/ros2-tf-real-robot-project/install/turtlebot3_gazebo/share/turtlebot3_gazebo//models/triangular_prism_direccion_obligada/model.config
[10.587s] -- Installing: /home/latih/ros2-tf-real-robot-project/install/turtlebot3_gazebo/share/turtlebot3_gazebo//models/working_wall_robot_arm
[10.587s] -- Installing: /home/latih/ros2-tf-real-robot-project/install/turtlebot3_gazebo/share/turtlebot3_gazebo//models/working_wall_robot_arm/model.sdf
[10.587s] -- Installing: /home/latih/ros2-tf-real-robot-project/install/turtlebot3_gazebo/share/turtlebot3_gazebo//models/working_wall_robot_arm/model.config
[10.587s] -- Installing: /home/latih/ros2-tf-real-robot-project/install/turtlebot3_gazebo/share/turtlebot3_gazebo//models/working_wall
[10.588s] -- Installing: /home/latih/ros2-tf-real-robot-project/install/turtlebot3_gazebo/share/turtlebot3_gazebo//models/working_wall/model.sdf
[10.588s] -- Installing: /home/latih/ros2-tf-real-robot-project/install/turtlebot3_gazebo/share/turtlebot3_gazebo//models/working_wall/model.config
[10.588s] -- Installing: /home/latih/ros2-tf-real-robot-project/install/turtlebot3_gazebo/share/turtlebot3_gazebo//models/trafficlight
[10.588s] -- Installing: /home/latih/ros2-tf-real-robot-project/install/turtlebot3_gazebo/share/turtlebot3_gazebo//models/trafficlight/meshes
[10.588s] -- Installing: /home/latih/ros2-tf-real-robot-project/install/turtlebot3_gazebo/share/turtlebot3_gazebo//models/trafficlight/meshes/trafficlights.obj
[10.588s] -- Installing: /home/latih/ros2-tf-real-robot-project/install/turtlebot3_gazebo/share/turtlebot3_gazebo//models/trafficlight/meshes/TrafficLight.obj
[10.588s] -- Installing: /home/latih/ros2-tf-real-robot-project/install/turtlebot3_gazebo/share/turtlebot3_gazebo//models/trafficlight/meshes/trafficlights.mtl
[10.588s] -- Installing: /home/latih/ros2-tf-real-robot-project/install/turtlebot3_gazebo/share/turtlebot3_gazebo//models/trafficlight/meshes/trafficlight2.dae
[10.588s] -- Installing: /home/latih/ros2-tf-real-robot-project/install/turtlebot3_gazebo/share/turtlebot3_gazebo//models/trafficlight/meshes/TrafficLight.mtl
[10.588s] -- Installing: /home/latih/ros2-tf-real-robot-project/install/turtlebot3_gazebo/share/turtlebot3_gazebo//models/trafficlight/meshes/trafficlight.dae
[10.588s] -- Installing: /home/latih/ros2-tf-real-robot-project/install/turtlebot3_gazebo/share/turtlebot3_gazebo//models/trafficlight/blender
[10.588s] -- Installing: /home/latih/ros2-tf-real-robot-project/install/turtlebot3_gazebo/share/turtlebot3_gazebo//models/trafficlight/blender/trafficlightcustom.blend
[10.588s] -- Installing: /home/latih/ros2-tf-real-robot-project/install/turtlebot3_gazebo/share/turtlebot3_gazebo//models/trafficlight/blender/trafficlightcustom.blend1
[10.589s] -- Installing: /home/latih/ros2-tf-real-robot-project/install/turtlebot3_gazebo/share/turtlebot3_gazebo//models/trafficlight/blender/traffic-lights-usa-style
[10.589s] -- Installing: /home/latih/ros2-tf-real-robot-project/install/turtlebot3_gazebo/share/turtlebot3_gazebo//models/trafficlight/blender/traffic-lights-usa-style/traffic lights.blend1
[10.589s] -- Installing: /home/latih/ros2-tf-real-robot-project/install/turtlebot3_gazebo/share/turtlebot3_gazebo//models/trafficlight/blender/traffic-lights-usa-style/BLENDSWAP_LICENSE.txt
[10.589s] -- Installing: /home/latih/ros2-tf-real-robot-project/install/turtlebot3_gazebo/share/turtlebot3_gazebo//models/trafficlight/blender/traffic-lights-usa-style/traffic lights.blend
[10.590s] -- Installing: /home/latih/ros2-tf-real-robot-project/install/turtlebot3_gazebo/share/turtlebot3_gazebo//models/trafficlight/blender/low-poly-traffic-light
[10.590s] -- Installing: /home/latih/ros2-tf-real-robot-project/install/turtlebot3_gazebo/share/turtlebot3_gazebo//models/trafficlight/blender/low-poly-traffic-light/79768 - LICENSE.html
[10.590s] -- Installing: /home/latih/ros2-tf-real-robot-project/install/turtlebot3_gazebo/share/turtlebot3_gazebo//models/trafficlight/blender/low-poly-traffic-light/Traffic Light.blend1
[10.591s] -- Installing: /home/latih/ros2-tf-real-robot-project/install/turtlebot3_gazebo/share/turtlebot3_gazebo//models/trafficlight/blender/low-poly-traffic-light/Traffic Light.blend
[10.591s] -- Installing: /home/latih/ros2-tf-real-robot-project/install/turtlebot3_gazebo/share/turtlebot3_gazebo//models/trafficlight/model.sdf
[10.591s] -- Installing: /home/latih/ros2-tf-real-robot-project/install/turtlebot3_gazebo/share/turtlebot3_gazebo//models/trafficlight/model.config
[10.591s] -- Installing: /home/latih/ros2-tf-real-robot-project/install/turtlebot3_gazebo/share/turtlebot3_gazebo//models/ar_tag_6
[10.591s] -- Installing: /home/latih/ros2-tf-real-robot-project/install/turtlebot3_gazebo/share/turtlebot3_gazebo//models/ar_tag_6/model.sdf
[10.591s] -- Installing: /home/latih/ros2-tf-real-robot-project/install/turtlebot3_gazebo/share/turtlebot3_gazebo//models/ar_tag_6/model.config
[10.591s] -- Installing: /home/latih/ros2-tf-real-robot-project/install/turtlebot3_gazebo/share/turtlebot3_gazebo//models/direccion_obligada_sign_prism
[10.591s] -- Installing: /home/latih/ros2-tf-real-robot-project/install/turtlebot3_gazebo/share/turtlebot3_gazebo//models/direccion_obligada_sign_prism/meshes
[10.592s] -- Installing: /home/latih/ros2-tf-real-robot-project/install/turtlebot3_gazebo/share/turtlebot3_gazebo//models/direccion_obligada_sign_prism/meshes/signal_dir_obligada_fix.dae
[10.592s] -- Installing: /home/latih/ros2-tf-real-robot-project/install/turtlebot3_gazebo/share/turtlebot3_gazebo//models/direccion_obligada_sign_prism/meshes/direccion_obligada.jpg
[10.592s] -- Installing: /home/latih/ros2-tf-real-robot-project/install/turtlebot3_gazebo/share/turtlebot3_gazebo//models/direccion_obligada_sign_prism/meshes/signal_dir_obligada.dae
[10.592s] -- Installing: /home/latih/ros2-tf-real-robot-project/install/turtlebot3_gazebo/share/turtlebot3_gazebo//models/direccion_obligada_sign_prism/model.sdf
[10.592s] -- Installing: /home/latih/ros2-tf-real-robot-project/install/turtlebot3_gazebo/share/turtlebot3_gazebo//models/direccion_obligada_sign_prism/model.config
[10.592s] -- Installing: /home/latih/ros2-tf-real-robot-project/install/turtlebot3_gazebo/share/turtlebot3_gazebo//models/eight_road
[10.592s] -- Installing: /home/latih/ros2-tf-real-robot-project/install/turtlebot3_gazebo/share/turtlebot3_gazebo//models/eight_road/meshes
[10.592s] -- Installing: /home/latih/ros2-tf-real-robot-project/install/turtlebot3_gazebo/share/turtlebot3_gazebo//models/eight_road/meshes/EightCircuit.png
[10.593s] -- Installing: /home/latih/ros2-tf-real-robot-project/install/turtlebot3_gazebo/share/turtlebot3_gazebo//models/eight_road/meshes/eightroad.dae
[10.593s] -- Installing: /home/latih/ros2-tf-real-robot-project/install/turtlebot3_gazebo/share/turtlebot3_gazebo//models/eight_road/blender
[10.593s] -- Installing: /home/latih/ros2-tf-real-robot-project/install/turtlebot3_gazebo/share/turtlebot3_gazebo//models/eight_road/blender/eightroad.blend
[10.593s] -- Installing: /home/latih/ros2-tf-real-robot-project/install/turtlebot3_gazebo/share/turtlebot3_gazebo//models/eight_road/model.sdf
[10.593s] -- Installing: /home/latih/ros2-tf-real-robot-project/install/turtlebot3_gazebo/share/turtlebot3_gazebo//models/eight_road/model.config
[10.593s] -- Installing: /home/latih/ros2-tf-real-robot-project/install/turtlebot3_gazebo/share/turtlebot3_gazebo//models/play_cube_yellow
[10.593s] -- Installing: /home/latih/ros2-tf-real-robot-project/install/turtlebot3_gazebo/share/turtlebot3_gazebo//models/play_cube_yellow/model.sdf
[10.593s] -- Installing: /home/latih/ros2-tf-real-robot-project/install/turtlebot3_gazebo/share/turtlebot3_gazebo//models/play_cube_yellow/model.config
[10.593s] -- Installing: /home/latih/ros2-tf-real-robot-project/install/turtlebot3_gazebo/share/turtlebot3_gazebo//models/turtlebot3_common
[10.593s] -- Installing: /home/latih/ros2-tf-real-robot-project/install/turtlebot3_gazebo/share/turtlebot3_gazebo//models/turtlebot3_common/meshes
[10.593s] -- Installing: /home/latih/ros2-tf-real-robot-project/install/turtlebot3_gazebo/share/turtlebot3_gazebo//models/turtlebot3_common/meshes/tire.dae
[10.593s] -- Installing: /home/latih/ros2-tf-real-robot-project/install/turtlebot3_gazebo/share/turtlebot3_gazebo//models/turtlebot3_common/meshes/r200.dae
[10.594s] -- Installing: /home/latih/ros2-tf-real-robot-project/install/turtlebot3_gazebo/share/turtlebot3_gazebo//models/turtlebot3_common/meshes/burger_base.dae
[10.594s] -- Installing: /home/latih/ros2-tf-real-robot-project/install/turtlebot3_gazebo/share/turtlebot3_gazebo//models/turtlebot3_common/meshes/lds.dae
[10.594s] -- Installing: /home/latih/ros2-tf-real-robot-project/install/turtlebot3_gazebo/share/turtlebot3_gazebo//models/turtlebot3_common/meshes/waffle_pi_base.dae
[10.594s] -- Installing: /home/latih/ros2-tf-real-robot-project/install/turtlebot3_gazebo/share/turtlebot3_gazebo//models/turtlebot3_common/meshes/waffle_base.dae
[10.594s] -- Installing: /home/latih/ros2-tf-real-robot-project/install/turtlebot3_gazebo/share/turtlebot3_gazebo//models/turtlebot3_common/model.config
[10.594s] -- Installing: /home/latih/ros2-tf-real-robot-project/install/turtlebot3_gazebo/share/turtlebot3_gazebo//models/road_plane_new
[10.594s] -- Installing: /home/latih/ros2-tf-real-robot-project/install/turtlebot3_gazebo/share/turtlebot3_gazebo//models/road_plane_new/materials
[10.594s] -- Installing: /home/latih/ros2-tf-real-robot-project/install/turtlebot3_gazebo/share/turtlebot3_gazebo//models/road_plane_new/materials/textures
[10.594s] -- Installing: /home/latih/ros2-tf-real-robot-project/install/turtlebot3_gazebo/share/turtlebot3_gazebo//models/road_plane_new/materials/textures/road_p.png
[10.594s] -- Installing: /home/latih/ros2-tf-real-robot-project/install/turtlebot3_gazebo/share/turtlebot3_gazebo//models/road_plane_new/materials/scripts
[10.594s] -- Installing: /home/latih/ros2-tf-real-robot-project/install/turtlebot3_gazebo/share/turtlebot3_gazebo//models/road_plane_new/materials/scripts/plane.material
[10.594s] -- Installing: /home/latih/ros2-tf-real-robot-project/install/turtlebot3_gazebo/share/turtlebot3_gazebo//models/road_plane_new/thumbnails
[10.594s] -- Installing: /home/latih/ros2-tf-real-robot-project/install/turtlebot3_gazebo/share/turtlebot3_gazebo//models/road_plane_new/thumbnails/0.png
[10.594s] -- Installing: /home/latih/ros2-tf-real-robot-project/install/turtlebot3_gazebo/share/turtlebot3_gazebo//models/road_plane_new/model.sdf
[10.594s] -- Installing: /home/latih/ros2-tf-real-robot-project/install/turtlebot3_gazebo/share/turtlebot3_gazebo//models/road_plane_new/model.config
[10.594s] -- Installing: /home/latih/ros2-tf-real-robot-project/install/turtlebot3_gazebo/share/turtlebot3_gazebo//models/ar_tag_3
[10.594s] -- Installing: /home/latih/ros2-tf-real-robot-project/install/turtlebot3_gazebo/share/turtlebot3_gazebo//models/ar_tag_3/model.sdf
[10.594s] -- Installing: /home/latih/ros2-tf-real-robot-project/install/turtlebot3_gazebo/share/turtlebot3_gazebo//models/ar_tag_3/model.config
[10.594s] -- Installing: /home/latih/ros2-tf-real-robot-project/install/turtlebot3_gazebo/share/turtlebot3_gazebo//models/cardboard_obstacle
[10.594s] -- Installing: /home/latih/ros2-tf-real-robot-project/install/turtlebot3_gazebo/share/turtlebot3_gazebo//models/cardboard_obstacle/model.sdf
[10.595s] -- Installing: /home/latih/ros2-tf-real-robot-project/install/turtlebot3_gazebo/share/turtlebot3_gazebo//models/cardboard_obstacle/model.config
[10.595s] -- Installing: /home/latih/ros2-tf-real-robot-project/install/turtlebot3_gazebo/share/turtlebot3_gazebo//models/triangular_prism_pedestrian
[10.595s] -- Installing: /home/latih/ros2-tf-real-robot-project/install/turtlebot3_gazebo/share/turtlebot3_gazebo//models/triangular_prism_pedestrian/model.sdf
[10.595s] -- Installing: /home/latih/ros2-tf-real-robot-project/install/turtlebot3_gazebo/share/turtlebot3_gazebo//models/triangular_prism_pedestrian/model.config
[10.595s] -- Installing: /home/latih/ros2-tf-real-robot-project/install/turtlebot3_gazebo/share/turtlebot3_gazebo//models/road_diag_new
[10.595s] -- Installing: /home/latih/ros2-tf-real-robot-project/install/turtlebot3_gazebo/share/turtlebot3_gazebo//models/road_diag_new/materials
[10.595s] -- Installing: /home/latih/ros2-tf-real-robot-project/install/turtlebot3_gazebo/share/turtlebot3_gazebo//models/road_diag_new/materials/textures
[10.595s] -- Installing: /home/latih/ros2-tf-real-robot-project/install/turtlebot3_gazebo/share/turtlebot3_gazebo//models/road_diag_new/materials/textures/road_d.png
[10.595s] -- Installing: /home/latih/ros2-tf-real-robot-project/install/turtlebot3_gazebo/share/turtlebot3_gazebo//models/road_diag_new/materials/scripts
[10.595s] -- Installing: /home/latih/ros2-tf-real-robot-project/install/turtlebot3_gazebo/share/turtlebot3_gazebo//models/road_diag_new/materials/scripts/diag.material
[10.595s] -- Installing: /home/latih/ros2-tf-real-robot-project/install/turtlebot3_gazebo/share/turtlebot3_gazebo//models/road_diag_new/thumbnails
[10.595s] -- Installing: /home/latih/ros2-tf-real-robot-project/install/turtlebot3_gazebo/share/turtlebot3_gazebo//models/road_diag_new/thumbnails/0.png
[10.595s] -- Installing: /home/latih/ros2-tf-real-robot-project/install/turtlebot3_gazebo/share/turtlebot3_gazebo//models/road_diag_new/model.sdf
[10.595s] -- Installing: /home/latih/ros2-tf-real-robot-project/install/turtlebot3_gazebo/share/turtlebot3_gazebo//models/road_diag_new/model.config
[10.595s] -- Installing: /home/latih/ros2-tf-real-robot-project/install/turtlebot3_gazebo/share/turtlebot3_gazebo//models/ar_tag_7
[10.595s] -- Installing: /home/latih/ros2-tf-real-robot-project/install/turtlebot3_gazebo/share/turtlebot3_gazebo//models/ar_tag_7/model.sdf
[10.595s] -- Installing: /home/latih/ros2-tf-real-robot-project/install/turtlebot3_gazebo/share/turtlebot3_gazebo//models/ar_tag_7/model.config
[10.595s] -- Installing: /home/latih/ros2-tf-real-robot-project/install/turtlebot3_gazebo/share/turtlebot3_gazebo//models/play_cube_white
[10.595s] -- Installing: /home/latih/ros2-tf-real-robot-project/install/turtlebot3_gazebo/share/turtlebot3_gazebo//models/play_cube_white/model.sdf
[10.595s] -- Installing: /home/latih/ros2-tf-real-robot-project/install/turtlebot3_gazebo/share/turtlebot3_gazebo//models/play_cube_white/model.config
[10.595s] -- Installing: /home/latih/ros2-tf-real-robot-project/install/turtlebot3_gazebo/share/turtlebot3_gazebo//models/working_wall_2_clone
[10.595s] -- Installing: /home/latih/ros2-tf-real-robot-project/install/turtlebot3_gazebo/share/turtlebot3_gazebo//models/working_wall_2_clone/model.sdf
[10.595s] -- Installing: /home/latih/ros2-tf-real-robot-project/install/turtlebot3_gazebo/share/turtlebot3_gazebo//models/working_wall_2_clone/model.config
[10.595s] -- Installing: /home/latih/ros2-tf-real-robot-project/install/turtlebot3_gazebo/share/turtlebot3_gazebo//models/ar_tag_1
[10.596s] -- Installing: /home/latih/ros2-tf-real-robot-project/install/turtlebot3_gazebo/share/turtlebot3_gazebo//models/ar_tag_1/meshes
[10.596s] -- Installing: /home/latih/ros2-tf-real-robot-project/install/turtlebot3_gazebo/share/turtlebot3_gazebo//models/ar_tag_1/meshes/ar_tag_6.dae
[10.596s] -- Installing: /home/latih/ros2-tf-real-robot-project/install/turtlebot3_gazebo/share/turtlebot3_gazebo//models/ar_tag_1/meshes/ar_tag_1.dae
[10.596s] -- Installing: /home/latih/ros2-tf-real-robot-project/install/turtlebot3_gazebo/share/turtlebot3_gazebo//models/ar_tag_1/meshes/image_7.jpg
[10.596s] -- Installing: /home/latih/ros2-tf-real-robot-project/install/turtlebot3_gazebo/share/turtlebot3_gazebo//models/ar_tag_1/meshes/image_3.jpg
[10.596s] -- Installing: /home/latih/ros2-tf-real-robot-project/install/turtlebot3_gazebo/share/turtlebot3_gazebo//models/ar_tag_1/meshes/image_4.jpg
[10.596s] -- Installing: /home/latih/ros2-tf-real-robot-project/install/turtlebot3_gazebo/share/turtlebot3_gazebo//models/ar_tag_1/meshes/ar_tag_5.dae
[10.596s] -- Installing: /home/latih/ros2-tf-real-robot-project/install/turtlebot3_gazebo/share/turtlebot3_gazebo//models/ar_tag_1/meshes/ar_tag_4.dae
[10.596s] -- Installing: /home/latih/ros2-tf-real-robot-project/install/turtlebot3_gazebo/share/turtlebot3_gazebo//models/ar_tag_1/meshes/image_5.jpg
[10.596s] -- Installing: /home/latih/ros2-tf-real-robot-project/install/turtlebot3_gazebo/share/turtlebot3_gazebo//models/ar_tag_1/meshes/image_6.jpg
[10.596s] -- Installing: /home/latih/ros2-tf-real-robot-project/install/turtlebot3_gazebo/share/turtlebot3_gazebo//models/ar_tag_1/meshes/ar_tag_2.dae
[10.596s] -- Installing: /home/latih/ros2-tf-real-robot-project/install/turtlebot3_gazebo/share/turtlebot3_gazebo//models/ar_tag_1/meshes/ar_tag_3.dae
[10.596s] -- Installing: /home/latih/ros2-tf-real-robot-project/install/turtlebot3_gazebo/share/turtlebot3_gazebo//models/ar_tag_1/meshes/image_1.jpg
[10.596s] -- Installing: /home/latih/ros2-tf-real-robot-project/install/turtlebot3_gazebo/share/turtlebot3_gazebo//models/ar_tag_1/meshes/ar_tag_7.dae
[10.596s] -- Installing: /home/latih/ros2-tf-real-robot-project/install/turtlebot3_gazebo/share/turtlebot3_gazebo//models/ar_tag_1/meshes/image_2.jpg
[10.596s] -- Installing: /home/latih/ros2-tf-real-robot-project/install/turtlebot3_gazebo/share/turtlebot3_gazebo//models/ar_tag_1/blender
[10.596s] -- Installing: /home/latih/ros2-tf-real-robot-project/install/turtlebot3_gazebo/share/turtlebot3_gazebo//models/ar_tag_1/blender/ar_tag_1.blend
[10.597s] -- Installing: /home/latih/ros2-tf-real-robot-project/install/turtlebot3_gazebo/share/turtlebot3_gazebo//models/ar_tag_1/blender/ar_tag_1.blend1
[10.597s] -- Installing: /home/latih/ros2-tf-real-robot-project/install/turtlebot3_gazebo/share/turtlebot3_gazebo//models/ar_tag_1/blender/ar_tag.blend1
[10.597s] -- Installing: /home/latih/ros2-tf-real-robot-project/install/turtlebot3_gazebo/share/turtlebot3_gazebo//models/ar_tag_1/blender/ar_tag.blend
[10.598s] -- Installing: /home/latih/ros2-tf-real-robot-project/install/turtlebot3_gazebo/share/turtlebot3_gazebo//models/ar_tag_1/model.sdf
[10.598s] -- Installing: /home/latih/ros2-tf-real-robot-project/install/turtlebot3_gazebo/share/turtlebot3_gazebo//models/ar_tag_1/model.config
[10.598s] -- Installing: /home/latih/ros2-tf-real-robot-project/install/turtlebot3_gazebo/share/turtlebot3_gazebo//models/pedestrian1
[10.598s] -- Installing: /home/latih/ros2-tf-real-robot-project/install/turtlebot3_gazebo/share/turtlebot3_gazebo//models/pedestrian1/model.sdf
[10.598s] -- Installing: /home/latih/ros2-tf-real-robot-project/install/turtlebot3_gazebo/share/turtlebot3_gazebo//models/pedestrian1/model.config
[10.598s] -- Installing: /home/latih/ros2-tf-real-robot-project/install/turtlebot3_gazebo/share/turtlebot3_gazebo//models/stop_sign_prism
[10.598s] -- Installing: /home/latih/ros2-tf-real-robot-project/install/turtlebot3_gazebo/share/turtlebot3_gazebo//models/stop_sign_prism/meshes
[10.598s] -- Installing: /home/latih/ros2-tf-real-robot-project/install/turtlebot3_gazebo/share/turtlebot3_gazebo//models/stop_sign_prism/meshes/stop.jpg
[10.598s] -- Installing: /home/latih/ros2-tf-real-robot-project/install/turtlebot3_gazebo/share/turtlebot3_gazebo//models/stop_sign_prism/meshes/signal_stop.dae
[10.598s] -- Installing: /home/latih/ros2-tf-real-robot-project/install/turtlebot3_gazebo/share/turtlebot3_gazebo//models/stop_sign_prism/meshes/signal_stop_fix.dae
[10.598s] -- Installing: /home/latih/ros2-tf-real-robot-project/install/turtlebot3_gazebo/share/turtlebot3_gazebo//models/stop_sign_prism/model.sdf
[10.598s] -- Installing: /home/latih/ros2-tf-real-robot-project/install/turtlebot3_gazebo/share/turtlebot3_gazebo//models/stop_sign_prism/model.config
[10.598s] -- Installing: /home/latih/ros2-tf-real-robot-project/install/turtlebot3_gazebo/share/turtlebot3_gazebo//models/play_cube_orange
[10.598s] -- Installing: /home/latih/ros2-tf-real-robot-project/install/turtlebot3_gazebo/share/turtlebot3_gazebo//models/play_cube_orange/model.sdf
[10.598s] -- Installing: /home/latih/ros2-tf-real-robot-project/install/turtlebot3_gazebo/share/turtlebot3_gazebo//models/play_cube_orange/model.config
[10.598s] -- Installing: /home/latih/ros2-tf-real-robot-project/install/turtlebot3_gazebo/share/turtlebot3_gazebo//models/road_charging
[10.598s] -- Installing: /home/latih/ros2-tf-real-robot-project/install/turtlebot3_gazebo/share/turtlebot3_gazebo//models/road_charging/model.sdf
[10.598s] -- Installing: /home/latih/ros2-tf-real-robot-project/install/turtlebot3_gazebo/share/turtlebot3_gazebo//models/road_charging/model.config
[10.598s] -- Installing: /home/latih/ros2-tf-real-robot-project/install/turtlebot3_gazebo/share/turtlebot3_gazebo//models/turtlebot3_dqn_world
[10.598s] -- Installing: /home/latih/ros2-tf-real-robot-project/install/turtlebot3_gazebo/share/turtlebot3_gazebo//models/turtlebot3_dqn_world/inner_walls
[10.598s] -- Installing: /home/latih/ros2-tf-real-robot-project/install/turtlebot3_gazebo/share/turtlebot3_gazebo//models/turtlebot3_dqn_world/inner_walls/model.sdf
[10.598s] -- Installing: /home/latih/ros2-tf-real-robot-project/install/turtlebot3_gazebo/share/turtlebot3_gazebo//models/turtlebot3_dqn_world/inner_walls/model.config
[10.598s] -- Installing: /home/latih/ros2-tf-real-robot-project/install/turtlebot3_gazebo/share/turtlebot3_gazebo//models/turtlebot3_dqn_world/obstacle_plugin
[10.598s] -- Installing: /home/latih/ros2-tf-real-robot-project/install/turtlebot3_gazebo/share/turtlebot3_gazebo//models/turtlebot3_dqn_world/obstacle_plugin/obstacle2.cc
[10.598s] -- Installing: /home/latih/ros2-tf-real-robot-project/install/turtlebot3_gazebo/share/turtlebot3_gazebo//models/turtlebot3_dqn_world/obstacle_plugin/obstacle1.cc
[10.598s] -- Installing: /home/latih/ros2-tf-real-robot-project/install/turtlebot3_gazebo/share/turtlebot3_gazebo//models/turtlebot3_dqn_world/obstacle_plugin/obstacles.cc
[10.598s] -- Installing: /home/latih/ros2-tf-real-robot-project/install/turtlebot3_gazebo/share/turtlebot3_gazebo//models/turtlebot3_dqn_world/obstacle_plugin/CMakeLists.txt
[10.599s] -- Installing: /home/latih/ros2-tf-real-robot-project/install/turtlebot3_gazebo/share/turtlebot3_gazebo//models/turtlebot3_dqn_world/goal_box
[10.599s] -- Installing: /home/latih/ros2-tf-real-robot-project/install/turtlebot3_gazebo/share/turtlebot3_gazebo//models/turtlebot3_dqn_world/goal_box/model.sdf
[10.599s] -- Installing: /home/latih/ros2-tf-real-robot-project/install/turtlebot3_gazebo/share/turtlebot3_gazebo//models/turtlebot3_dqn_world/goal_box/model.config
[10.599s] -- Installing: /home/latih/ros2-tf-real-robot-project/install/turtlebot3_gazebo/share/turtlebot3_gazebo//models/turtlebot3_dqn_world/model.sdf
[10.599s] -- Installing: /home/latih/ros2-tf-real-robot-project/install/turtlebot3_gazebo/share/turtlebot3_gazebo//models/turtlebot3_dqn_world/obstacles
[10.599s] -- Installing: /home/latih/ros2-tf-real-robot-project/install/turtlebot3_gazebo/share/turtlebot3_gazebo//models/turtlebot3_dqn_world/obstacles/model.sdf
[10.599s] -- Installing: /home/latih/ros2-tf-real-robot-project/install/turtlebot3_gazebo/share/turtlebot3_gazebo//models/turtlebot3_dqn_world/obstacles/model.config
[10.599s] -- Installing: /home/latih/ros2-tf-real-robot-project/install/turtlebot3_gazebo/share/turtlebot3_gazebo//models/turtlebot3_dqn_world/obstacle1
[10.599s] -- Installing: /home/latih/ros2-tf-real-robot-project/install/turtlebot3_gazebo/share/turtlebot3_gazebo//models/turtlebot3_dqn_world/obstacle1/model.sdf
[10.599s] -- Installing: /home/latih/ros2-tf-real-robot-project/install/turtlebot3_gazebo/share/turtlebot3_gazebo//models/turtlebot3_dqn_world/obstacle1/model.config
[10.599s] -- Installing: /home/latih/ros2-tf-real-robot-project/install/turtlebot3_gazebo/share/turtlebot3_gazebo//models/turtlebot3_dqn_world/model.config
[10.599s] -- Installing: /home/latih/ros2-tf-real-robot-project/install/turtlebot3_gazebo/share/turtlebot3_gazebo//models/turtlebot3_dqn_world/obstacle2
[10.599s] -- Installing: /home/latih/ros2-tf-real-robot-project/install/turtlebot3_gazebo/share/turtlebot3_gazebo//models/turtlebot3_dqn_world/obstacle2/model.sdf
[10.599s] -- Installing: /home/latih/ros2-tf-real-robot-project/install/turtlebot3_gazebo/share/turtlebot3_gazebo//models/turtlebot3_dqn_world/obstacle2/model.config
[10.599s] -- Installing: /home/latih/ros2-tf-real-robot-project/install/turtlebot3_gazebo/share/turtlebot3_gazebo//models/turtlebot3_world
[10.599s] -- Installing: /home/latih/ros2-tf-real-robot-project/install/turtlebot3_gazebo/share/turtlebot3_gazebo//models/turtlebot3_world/meshes
[10.599s] -- Installing: /home/latih/ros2-tf-real-robot-project/install/turtlebot3_gazebo/share/turtlebot3_gazebo//models/turtlebot3_world/meshes/hexagon.dae
[10.599s] -- Installing: /home/latih/ros2-tf-real-robot-project/install/turtlebot3_gazebo/share/turtlebot3_gazebo//models/turtlebot3_world/meshes/wall.dae
[10.599s] -- Installing: /home/latih/ros2-tf-real-robot-project/install/turtlebot3_gazebo/share/turtlebot3_gazebo//models/turtlebot3_world/model.sdf
[10.599s] -- Installing: /home/latih/ros2-tf-real-robot-project/install/turtlebot3_gazebo/share/turtlebot3_gazebo//models/turtlebot3_world/model-1_4.sdf
[10.599s] -- Installing: /home/latih/ros2-tf-real-robot-project/install/turtlebot3_gazebo/share/turtlebot3_gazebo//models/turtlebot3_world/model.config
[10.599s] -- Installing: /home/latih/ros2-tf-real-robot-project/install/turtlebot3_gazebo/share/turtlebot3_gazebo//models/working_wall_0
[10.599s] -- Installing: /home/latih/ros2-tf-real-robot-project/install/turtlebot3_gazebo/share/turtlebot3_gazebo//models/working_wall_0/model.sdf
[10.599s] -- Installing: /home/latih/ros2-tf-real-robot-project/install/turtlebot3_gazebo/share/turtlebot3_gazebo//models/working_wall_0/model.config
[10.599s] -- Installing: /home/latih/ros2-tf-real-robot-project/install/turtlebot3_gazebo/share/turtlebot3_gazebo//models/street_sign_turnban
[10.599s] -- Installing: /home/latih/ros2-tf-real-robot-project/install/turtlebot3_gazebo/share/turtlebot3_gazebo//models/street_sign_turnban/meshes
[10.599s] -- Installing: /home/latih/ros2-tf-real-robot-project/install/turtlebot3_gazebo/share/turtlebot3_gazebo//models/street_sign_turnban/meshes/turnban.png
[10.599s] -- Installing: /home/latih/ros2-tf-real-robot-project/install/turtlebot3_gazebo/share/turtlebot3_gazebo//models/street_sign_turnban/meshes/roadsing_turnban_v2.dae
[10.599s] -- Installing: /home/latih/ros2-tf-real-robot-project/install/turtlebot3_gazebo/share/turtlebot3_gazebo//models/street_sign_turnban/meshes/roadsing_turnban.dae
[10.600s] -- Installing: /home/latih/ros2-tf-real-robot-project/install/turtlebot3_gazebo/share/turtlebot3_gazebo//models/street_sign_turnban/blender
[10.600s] -- Installing: /home/latih/ros2-tf-real-robot-project/install/turtlebot3_gazebo/share/turtlebot3_gazebo//models/street_sign_turnban/blender/roadsing_turnban.blend
[10.600s] -- Installing: /home/latih/ros2-tf-real-robot-project/install/turtlebot3_gazebo/share/turtlebot3_gazebo//models/street_sign_turnban/blender/roadsign_custom.blend
[10.600s] -- Installing: /home/latih/ros2-tf-real-robot-project/install/turtlebot3_gazebo/share/turtlebot3_gazebo//models/street_sign_turnban/blender/roadsing_turnban_v2.blend
[10.601s] -- Installing: /home/latih/ros2-tf-real-robot-project/install/turtlebot3_gazebo/share/turtlebot3_gazebo//models/street_sign_turnban/blender/roadsing_turnban.blend1
[10.601s] -- Installing: /home/latih/ros2-tf-real-robot-project/install/turtlebot3_gazebo/share/turtlebot3_gazebo//models/street_sign_turnban/blender/uk-road-signs-pack-1-updated-version
[10.601s] -- Installing: /home/latih/ros2-tf-real-robot-project/install/turtlebot3_gazebo/share/turtlebot3_gazebo//models/street_sign_turnban/blender/uk-road-signs-pack-1-updated-version/BLENDSWAP_LICENSE.txt
[10.601s] -- Installing: /home/latih/ros2-tf-real-robot-project/install/turtlebot3_gazebo/share/turtlebot3_gazebo//models/street_sign_turnban/blender/uk-road-signs-pack-1-updated-version/road signs - pack 1 by Richard Edwards.blend
[10.601s] -- Installing: /home/latih/ros2-tf-real-robot-project/install/turtlebot3_gazebo/share/turtlebot3_gazebo//models/street_sign_turnban/blender/german-street-signs
[10.601s] -- Installing: /home/latih/ros2-tf-real-robot-project/install/turtlebot3_gazebo/share/turtlebot3_gazebo//models/street_sign_turnban/blender/german-street-signs/street_signs_all.blend
[10.615s] -- Installing: /home/latih/ros2-tf-real-robot-project/install/turtlebot3_gazebo/share/turtlebot3_gazebo//models/street_sign_turnban/blender/german-street-signs/93735 - LICENSE.html
[10.615s] -- Installing: /home/latih/ros2-tf-real-robot-project/install/turtlebot3_gazebo/share/turtlebot3_gazebo//models/street_sign_turnban/model.sdf
[10.615s] -- Installing: /home/latih/ros2-tf-real-robot-project/install/turtlebot3_gazebo/share/turtlebot3_gazebo//models/street_sign_turnban/model.config
[10.615s] -- Installing: /home/latih/ros2-tf-real-robot-project/install/turtlebot3_gazebo/share/turtlebot3_gazebo//models/play_cube_blue
[10.615s] -- Installing: /home/latih/ros2-tf-real-robot-project/install/turtlebot3_gazebo/share/turtlebot3_gazebo//models/play_cube_blue/model.sdf
[10.615s] -- Installing: /home/latih/ros2-tf-real-robot-project/install/turtlebot3_gazebo/share/turtlebot3_gazebo//models/play_cube_blue/model.config
[10.615s] -- Installing: /home/latih/ros2-tf-real-robot-project/install/turtlebot3_gazebo/share/turtlebot3_gazebo//models/ar_tag_2
[10.615s] -- Installing: /home/latih/ros2-tf-real-robot-project/install/turtlebot3_gazebo/share/turtlebot3_gazebo//models/ar_tag_2/model.sdf
[10.615s] -- Installing: /home/latih/ros2-tf-real-robot-project/install/turtlebot3_gazebo/share/turtlebot3_gazebo//models/ar_tag_2/model.config
[10.615s] -- Installing: /home/latih/ros2-tf-real-robot-project/install/turtlebot3_gazebo/share/turtlebot3_gazebo//models/wheels
[10.615s] -- Installing: /home/latih/ros2-tf-real-robot-project/install/turtlebot3_gazebo/share/turtlebot3_gazebo//models/wheels/left_tire.stl
[10.616s] -- Installing: /home/latih/ros2-tf-real-robot-project/install/turtlebot3_gazebo/share/turtlebot3_gazebo//models/wheels/right_tire.stl
[10.616s] -- Installing: /home/latih/ros2-tf-real-robot-project/install/turtlebot3_gazebo/share/turtlebot3_gazebo//models/play_cube_purple
[10.616s] -- Installing: /home/latih/ros2-tf-real-robot-project/install/turtlebot3_gazebo/share/turtlebot3_gazebo//models/play_cube_purple/model.sdf
[10.616s] -- Installing: /home/latih/ros2-tf-real-robot-project/install/turtlebot3_gazebo/share/turtlebot3_gazebo//models/play_cube_purple/model.config
[10.616s] -- Installing: /home/latih/ros2-tf-real-robot-project/install/turtlebot3_gazebo/share/turtlebot3_gazebo//models/sensors
[10.616s] -- Installing: /home/latih/ros2-tf-real-robot-project/install/turtlebot3_gazebo/share/turtlebot3_gazebo//models/sensors/lds.stl
[10.617s] -- Installing: /home/latih/ros2-tf-real-robot-project/install/turtlebot3_gazebo/share/turtlebot3_gazebo//models/sensors/astra.dae
[10.621s] -- Installing: /home/latih/ros2-tf-real-robot-project/install/turtlebot3_gazebo/share/turtlebot3_gazebo//models/sensors/r200.dae
[10.621s] -- Installing: /home/latih/ros2-tf-real-robot-project/install/turtlebot3_gazebo/share/turtlebot3_gazebo//models/sensors/astra.jpg
[10.621s] -- Installing: /home/latih/ros2-tf-real-robot-project/install/turtlebot3_gazebo/share/turtlebot3_gazebo//models/sensors/r200.jpg
[10.621s] -- Installing: /home/latih/ros2-tf-real-robot-project/install/turtlebot3_gazebo/share/turtlebot3_gazebo//models/working_wall_3
[10.621s] -- Installing: /home/latih/ros2-tf-real-robot-project/install/turtlebot3_gazebo/share/turtlebot3_gazebo//models/working_wall_3/model.sdf
[10.621s] -- Installing: /home/latih/ros2-tf-real-robot-project/install/turtlebot3_gazebo/share/turtlebot3_gazebo//models/working_wall_3/model.config
[10.621s] -- Installing: /home/latih/ros2-tf-real-robot-project/install/turtlebot3_gazebo/share/turtlebot3_gazebo//models/overlord_camera
[10.621s] -- Installing: /home/latih/ros2-tf-real-robot-project/install/turtlebot3_gazebo/share/turtlebot3_gazebo//models/overlord_camera/model.sdf
[10.621s] -- Installing: /home/latih/ros2-tf-real-robot-project/install/turtlebot3_gazebo/share/turtlebot3_gazebo//models/overlord_camera/model.config
[10.622s] -- Installing: /home/latih/ros2-tf-real-robot-project/install/turtlebot3_gazebo/share/turtlebot3_gazebo//models/ring_road_v2
[10.622s] -- Installing: /home/latih/ros2-tf-real-robot-project/install/turtlebot3_gazebo/share/turtlebot3_gazebo//models/ring_road_v2/meshes
[10.622s] -- Installing: /home/latih/ros2-tf-real-robot-project/install/turtlebot3_gazebo/share/turtlebot3_gazebo//models/ring_road_v2/meshes/walls.blend1
[10.622s] -- Installing: /home/latih/ros2-tf-real-robot-project/install/turtlebot3_gazebo/share/turtlebot3_gazebo//models/ring_road_v2/meshes/ring_v2.blend
[10.622s] -- Installing: /home/latih/ros2-tf-real-robot-project/install/turtlebot3_gazebo/share/turtlebot3_gazebo//models/ring_road_v2/meshes/Circuit_lab_The_Construct_2020.png
[10.622s] -- Installing: /home/latih/ros2-tf-real-robot-project/install/turtlebot3_gazebo/share/turtlebot3_gazebo//models/ring_road_v2/meshes/gradient_ilustration.jpg
[10.622s] -- Installing: /home/latih/ros2-tf-real-robot-project/install/turtlebot3_gazebo/share/turtlebot3_gazebo//models/ring_road_v2/meshes/ring_v2.blend1
[10.623s] -- Installing: /home/latih/ros2-tf-real-robot-project/install/turtlebot3_gazebo/share/turtlebot3_gazebo//models/ring_road_v2/meshes/ring_v2.dae
[10.623s] -- Installing: /home/latih/ros2-tf-real-robot-project/install/turtlebot3_gazebo/share/turtlebot3_gazebo//models/ring_road_v2/meshes/walls.blend
[10.624s] -- Installing: /home/latih/ros2-tf-real-robot-project/install/turtlebot3_gazebo/share/turtlebot3_gazebo//models/ring_road_v2/meshes/gradient.png
[10.624s] -- Installing: /home/latih/ros2-tf-real-robot-project/install/turtlebot3_gazebo/share/turtlebot3_gazebo//models/ring_road_v2/meshes/Circuit_lab_The_Construct_2020.pdf
[10.624s] -- Installing: /home/latih/ros2-tf-real-robot-project/install/turtlebot3_gazebo/share/turtlebot3_gazebo//models/ring_road_v2/meshes/Robotnik_Automation_logo.jpg
[10.624s] -- Installing: /home/latih/ros2-tf-real-robot-project/install/turtlebot3_gazebo/share/turtlebot3_gazebo//models/ring_road_v2/meshes/farming-farms-agriculture-rural-countryside-landscape-green-country-tractor.jpg
[10.624s] -- Installing: /home/latih/ros2-tf-real-robot-project/install/turtlebot3_gazebo/share/turtlebot3_gazebo//models/ring_road_v2/meshes/nvidia-logo.jpg
[10.624s] -- Installing: /home/latih/ros2-tf-real-robot-project/install/turtlebot3_gazebo/share/turtlebot3_gazebo//models/ring_road_v2/model.sdf
[10.624s] -- Installing: /home/latih/ros2-tf-real-robot-project/install/turtlebot3_gazebo/share/turtlebot3_gazebo//models/ring_road_v2/model.config
[10.624s] -- Installing: /home/latih/ros2-tf-real-robot-project/install/turtlebot3_gazebo/share/turtlebot3_gazebo//models/ar_tag_5
[10.624s] -- Installing: /home/latih/ros2-tf-real-robot-project/install/turtlebot3_gazebo/share/turtlebot3_gazebo//models/ar_tag_5/model.sdf
[10.624s] -- Installing: /home/latih/ros2-tf-real-robot-project/install/turtlebot3_gazebo/share/turtlebot3_gazebo//models/ar_tag_5/model.config
[10.624s] -- Installing: /home/latih/ros2-tf-real-robot-project/install/turtlebot3_gazebo/share/turtlebot3_gazebo//models/road_starting
[10.624s] -- Installing: /home/latih/ros2-tf-real-robot-project/install/turtlebot3_gazebo/share/turtlebot3_gazebo//models/road_starting/model.sdf
[10.625s] -- Installing: /home/latih/ros2-tf-real-robot-project/install/turtlebot3_gazebo/share/turtlebot3_gazebo//models/road_starting/model.config
[10.625s] -- Installing: /home/latih/ros2-tf-real-robot-project/install/turtlebot3_gazebo/share/turtlebot3_gazebo//models/play_cube_red
[10.625s] -- Installing: /home/latih/ros2-tf-real-robot-project/install/turtlebot3_gazebo/share/turtlebot3_gazebo//models/play_cube_red/model.sdf
[10.625s] -- Installing: /home/latih/ros2-tf-real-robot-project/install/turtlebot3_gazebo/share/turtlebot3_gazebo//models/play_cube_red/model.config
[10.625s] -- Installing: /home/latih/ros2-tf-real-robot-project/install/turtlebot3_gazebo/share/turtlebot3_gazebo//models/pedestrian
[10.625s] -- Installing: /home/latih/ros2-tf-real-robot-project/install/turtlebot3_gazebo/share/turtlebot3_gazebo//models/pedestrian/meshes
[10.625s] -- Installing: /home/latih/ros2-tf-real-robot-project/install/turtlebot3_gazebo/share/turtlebot3_gazebo//models/pedestrian/meshes/Lego-Person-v001.obj
[10.631s] -- Installing: /home/latih/ros2-tf-real-robot-project/install/turtlebot3_gazebo/share/turtlebot3_gazebo//models/pedestrian/meshes/pedestrian1.dae
[10.631s] -- Installing: /home/latih/ros2-tf-real-robot-project/install/turtlebot3_gazebo/share/turtlebot3_gazebo//models/pedestrian/meshes/Lego-Person-v001.mtl
[10.631s] -- Installing: /home/latih/ros2-tf-real-robot-project/install/turtlebot3_gazebo/share/turtlebot3_gazebo//models/pedestrian/meshes/LowPolyAnimations4Game.mtl
[10.631s] -- Installing: /home/latih/ros2-tf-real-robot-project/install/turtlebot3_gazebo/share/turtlebot3_gazebo//models/pedestrian/meshes/LowPolyAnimations4Game.obj
[10.631s] -- Installing: /home/latih/ros2-tf-real-robot-project/install/turtlebot3_gazebo/share/turtlebot3_gazebo//models/pedestrian/meshes/pedestrian2.dae
[10.631s] -- Installing: /home/latih/ros2-tf-real-robot-project/install/turtlebot3_gazebo/share/turtlebot3_gazebo//models/pedestrian/blender
[10.631s] -- Installing: /home/latih/ros2-tf-real-robot-project/install/turtlebot3_gazebo/share/turtlebot3_gazebo//models/pedestrian/blender/pedestrian_theconstructcolours.blend
[10.632s] -- Installing: /home/latih/ros2-tf-real-robot-project/install/turtlebot3_gazebo/share/turtlebot3_gazebo//models/pedestrian/blender/walking-character
[10.632s] -- Installing: /home/latih/ros2-tf-real-robot-project/install/turtlebot3_gazebo/share/turtlebot3_gazebo//models/pedestrian/blender/walking-character/93731 - LICENSE.html
[10.632s] -- Installing: /home/latih/ros2-tf-real-robot-project/install/turtlebot3_gazebo/share/turtlebot3_gazebo//models/pedestrian/blender/walking-character/LowPolyAnimations4Game.blend
[10.633s] -- Installing: /home/latih/ros2-tf-real-robot-project/install/turtlebot3_gazebo/share/turtlebot3_gazebo//models/pedestrian/blender/pedestrian_theconstructcolours.blend1
[10.634s] -- Installing: /home/latih/ros2-tf-real-robot-project/install/turtlebot3_gazebo/share/turtlebot3_gazebo//models/pedestrian/blender/lego-person-w-face-texture-rig
[10.634s] -- Installing: /home/latih/ros2-tf-real-robot-project/install/turtlebot3_gazebo/share/turtlebot3_gazebo//models/pedestrian/blender/lego-person-w-face-texture-rig/86309 - LICENSE.html
[10.634s] -- Installing: /home/latih/ros2-tf-real-robot-project/install/turtlebot3_gazebo/share/turtlebot3_gazebo//models/pedestrian/blender/lego-person-w-face-texture-rig/Lego-Person-v001.blend
[10.635s] -- Installing: /home/latih/ros2-tf-real-robot-project/install/turtlebot3_gazebo/share/turtlebot3_gazebo//models/pedestrian/blender/guy-character-rig
[10.635s] -- Installing: /home/latih/ros2-tf-real-robot-project/install/turtlebot3_gazebo/share/turtlebot3_gazebo//models/pedestrian/blender/guy-character-rig/Guy.blend
[10.636s] -- Installing: /home/latih/ros2-tf-real-robot-project/install/turtlebot3_gazebo/share/turtlebot3_gazebo//models/pedestrian/blender/guy-character-rig/BLENDSWAP_LICENSE.txt
[10.636s] -- Installing: /home/latih/ros2-tf-real-robot-project/install/turtlebot3_gazebo/share/turtlebot3_gazebo//models/pedestrian/model.sdf
[10.636s] -- Installing: /home/latih/ros2-tf-real-robot-project/install/turtlebot3_gazebo/share/turtlebot3_gazebo//models/pedestrian/model.config
[10.636s] -- Installing: /home/latih/ros2-tf-real-robot-project/install/turtlebot3_gazebo/share/turtlebot3_gazebo//models/working_wall_2
[10.636s] -- Installing: /home/latih/ros2-tf-real-robot-project/install/turtlebot3_gazebo/share/turtlebot3_gazebo//models/working_wall_2/model.sdf
[10.637s] -- Installing: /home/latih/ros2-tf-real-robot-project/install/turtlebot3_gazebo/share/turtlebot3_gazebo//models/working_wall_2/model.config
[10.637s] -- Installing: /home/latih/ros2-tf-real-robot-project/install/turtlebot3_gazebo/share/turtlebot3_gazebo//models/road_charging_3
[10.637s] -- Installing: /home/latih/ros2-tf-real-robot-project/install/turtlebot3_gazebo/share/turtlebot3_gazebo//models/road_charging_3/model.sdf
[10.637s] -- Installing: /home/latih/ros2-tf-real-robot-project/install/turtlebot3_gazebo/share/turtlebot3_gazebo//models/road_charging_3/model.config
[10.637s] -- Installing: /home/latih/ros2-tf-real-robot-project/install/turtlebot3_gazebo/share/turtlebot3_gazebo//models/ring_road
[10.637s] -- Installing: /home/latih/ros2-tf-real-robot-project/install/turtlebot3_gazebo/share/turtlebot3_gazebo//models/ring_road/meshes
[10.637s] -- Installing: /home/latih/ros2-tf-real-robot-project/install/turtlebot3_gazebo/share/turtlebot3_gazebo//models/ring_road/meshes/ring_road.dae
[10.637s] -- Installing: /home/latih/ros2-tf-real-robot-project/install/turtlebot3_gazebo/share/turtlebot3_gazebo//models/ring_road/meshes/RingCircuit.png
[10.638s] -- Installing: /home/latih/ros2-tf-real-robot-project/install/turtlebot3_gazebo/share/turtlebot3_gazebo//models/ring_road/blender
[10.638s] -- Installing: /home/latih/ros2-tf-real-robot-project/install/turtlebot3_gazebo/share/turtlebot3_gazebo//models/ring_road/blender/road.blend
[10.638s] -- Installing: /home/latih/ros2-tf-real-robot-project/install/turtlebot3_gazebo/share/turtlebot3_gazebo//models/ring_road/blender/road.blend1
[10.638s] -- Installing: /home/latih/ros2-tf-real-robot-project/install/turtlebot3_gazebo/share/turtlebot3_gazebo//models/ring_road/model.sdf
[10.638s] -- Installing: /home/latih/ros2-tf-real-robot-project/install/turtlebot3_gazebo/share/turtlebot3_gazebo//models/ring_road/model.config
[10.638s] -- Installing: /home/latih/ros2-tf-real-robot-project/install/turtlebot3_gazebo/share/turtlebot3_gazebo//models/turtlebot3_waffle_pi
[10.638s] -- Installing: /home/latih/ros2-tf-real-robot-project/install/turtlebot3_gazebo/share/turtlebot3_gazebo//models/turtlebot3_waffle_pi/model-1_4_.sdf
[10.638s] -- Installing: /home/latih/ros2-tf-real-robot-project/install/turtlebot3_gazebo/share/turtlebot3_gazebo//models/turtlebot3_waffle_pi/model.sdf
[10.638s] -- Installing: /home/latih/ros2-tf-real-robot-project/install/turtlebot3_gazebo/share/turtlebot3_gazebo//models/turtlebot3_waffle_pi/model.config
[10.638s] -- Installing: /home/latih/ros2-tf-real-robot-project/install/turtlebot3_gazebo/share/turtlebot3_gazebo//models/area_charging
[10.639s] -- Installing: /home/latih/ros2-tf-real-robot-project/install/turtlebot3_gazebo/share/turtlebot3_gazebo//models/area_charging/model.sdf
[10.639s] -- Installing: /home/latih/ros2-tf-real-robot-project/install/turtlebot3_gazebo/share/turtlebot3_gazebo//models/area_charging/model.config
[10.639s] -- Installing: /home/latih/ros2-tf-real-robot-project/install/turtlebot3_gazebo/share/turtlebot3_gazebo//models/turtlebot3_waffle
[10.639s] -- Installing: /home/latih/ros2-tf-real-robot-project/install/turtlebot3_gazebo/share/turtlebot3_gazebo//models/turtlebot3_waffle/model.sdf
[10.639s] -- Installing: /home/latih/ros2-tf-real-robot-project/install/turtlebot3_gazebo/share/turtlebot3_gazebo//models/turtlebot3_waffle/model-1_4.sdf
[10.639s] -- Installing: /home/latih/ros2-tf-real-robot-project/install/turtlebot3_gazebo/share/turtlebot3_gazebo//models/turtlebot3_waffle/model.config
[10.639s] -- Installing: /home/latih/ros2-tf-real-robot-project/install/turtlebot3_gazebo/share/turtlebot3_gazebo//models/road_charging_4
[10.639s] -- Installing: /home/latih/ros2-tf-real-robot-project/install/turtlebot3_gazebo/share/turtlebot3_gazebo//models/road_charging_4/model.sdf
[10.639s] -- Installing: /home/latih/ros2-tf-real-robot-project/install/turtlebot3_gazebo/share/turtlebot3_gazebo//models/road_charging_4/model.config
[10.639s] -- Installing: /home/latih/ros2-tf-real-robot-project/install/turtlebot3_gazebo/share/turtlebot3_gazebo//models/play_cube_red_big
[10.639s] -- Installing: /home/latih/ros2-tf-real-robot-project/install/turtlebot3_gazebo/share/turtlebot3_gazebo//models/play_cube_red_big/model.sdf
[10.639s] -- Installing: /home/latih/ros2-tf-real-robot-project/install/turtlebot3_gazebo/share/turtlebot3_gazebo//models/play_cube_red_big/model.config
[10.639s] -- Installing: /home/latih/ros2-tf-real-robot-project/install/turtlebot3_gazebo/share/turtlebot3_gazebo//rviz
[10.639s] -- Installing: /home/latih/ros2-tf-real-robot-project/install/turtlebot3_gazebo/share/turtlebot3_gazebo//rviz/tb3_gazebo.rviz
[10.639s] -- Installing: /home/latih/ros2-tf-real-robot-project/install/turtlebot3_gazebo/share/turtlebot3_gazebo//urdf
[10.639s] -- Installing: /home/latih/ros2-tf-real-robot-project/install/turtlebot3_gazebo/share/turtlebot3_gazebo//urdf/turtlebot3_waffle.urdf
[10.639s] -- Installing: /home/latih/ros2-tf-real-robot-project/install/turtlebot3_gazebo/share/turtlebot3_gazebo//urdf/common_properties.urdf
[10.639s] -- Installing: /home/latih/ros2-tf-real-robot-project/install/turtlebot3_gazebo/share/turtlebot3_gazebo//urdf/turtlebot3_waffle_pi.urdf
[10.639s] -- Installing: /home/latih/ros2-tf-real-robot-project/install/turtlebot3_gazebo/share/turtlebot3_gazebo//urdf/turtlebot3_burger.urdf
[10.639s] -- Installing: /home/latih/ros2-tf-real-robot-project/install/turtlebot3_gazebo/share/turtlebot3_gazebo//worlds
[10.639s] -- Installing: /home/latih/ros2-tf-real-robot-project/install/turtlebot3_gazebo/share/turtlebot3_gazebo//worlds/realrobotlab_v1.world
[10.639s] -- Installing: /home/latih/ros2-tf-real-robot-project/install/turtlebot3_gazebo/share/turtlebot3_gazebo//worlds/turtlebot3_dqn_stage3.world
[10.639s] -- Installing: /home/latih/ros2-tf-real-robot-project/install/turtlebot3_gazebo/share/turtlebot3_gazebo//worlds/turtlebot3_dqn_stage1.world
[10.639s] -- Installing: /home/latih/ros2-tf-real-robot-project/install/turtlebot3_gazebo/share/turtlebot3_gazebo//worlds/turtlebot3_house.world
[10.639s] -- Installing: /home/latih/ros2-tf-real-robot-project/install/turtlebot3_gazebo/share/turtlebot3_gazebo//worlds/turtlebot3_dqn_stage4.world
[10.639s] -- Installing: /home/latih/ros2-tf-real-robot-project/install/turtlebot3_gazebo/share/turtlebot3_gazebo//worlds/turtlebot3_world.world
[10.639s] -- Installing: /home/latih/ros2-tf-real-robot-project/install/turtlebot3_gazebo/share/turtlebot3_gazebo//worlds/empty_world.world
[10.639s] -- Installing: /home/latih/ros2-tf-real-robot-project/install/turtlebot3_gazebo/share/turtlebot3_gazebo//worlds/turtlebot3_dqn_stage2.world
[10.639s] -- Installing: /home/latih/ros2-tf-real-robot-project/install/turtlebot3_gazebo/include/
[10.640s] -- Installing: /home/latih/ros2-tf-real-robot-project/install/turtlebot3_gazebo/include//turtlebot3_gazebo
[10.640s] -- Installing: /home/latih/ros2-tf-real-robot-project/install/turtlebot3_gazebo/include//turtlebot3_gazebo/turtlebot3_drive.hpp
[10.640s] -- Installing: /home/latih/ros2-tf-real-robot-project/install/turtlebot3_gazebo/share/ament_index/resource_index/package_run_dependencies/turtlebot3_gazebo
[10.640s] -- Installing: /home/latih/ros2-tf-real-robot-project/install/turtlebot3_gazebo/share/ament_index/resource_index/parent_prefix_path/turtlebot3_gazebo
[10.640s] -- Installing: /home/latih/ros2-tf-real-robot-project/install/turtlebot3_gazebo/share/turtlebot3_gazebo/environment/ament_prefix_path.sh
[10.640s] -- Installing: /home/latih/ros2-tf-real-robot-project/install/turtlebot3_gazebo/share/turtlebot3_gazebo/environment/ament_prefix_path.dsv
[10.640s] -- Installing: /home/latih/ros2-tf-real-robot-project/install/turtlebot3_gazebo/share/turtlebot3_gazebo/environment/path.sh
[10.640s] -- Installing: /home/latih/ros2-tf-real-robot-project/install/turtlebot3_gazebo/share/turtlebot3_gazebo/environment/path.dsv
[10.640s] -- Installing: /home/latih/ros2-tf-real-robot-project/install/turtlebot3_gazebo/share/turtlebot3_gazebo/local_setup.bash
[10.640s] -- Installing: /home/latih/ros2-tf-real-robot-project/install/turtlebot3_gazebo/share/turtlebot3_gazebo/local_setup.sh
[10.640s] -- Installing: /home/latih/ros2-tf-real-robot-project/install/turtlebot3_gazebo/share/turtlebot3_gazebo/local_setup.zsh
[10.640s] -- Installing: /home/latih/ros2-tf-real-robot-project/install/turtlebot3_gazebo/share/turtlebot3_gazebo/local_setup.dsv
[10.640s] -- Installing: /home/latih/ros2-tf-real-robot-project/install/turtlebot3_gazebo/share/turtlebot3_gazebo/package.dsv
[10.640s] -- Installing: /home/latih/ros2-tf-real-robot-project/install/turtlebot3_gazebo/share/ament_index/resource_index/packages/turtlebot3_gazebo
[10.640s] -- Installing: /home/latih/ros2-tf-real-robot-project/install/turtlebot3_gazebo/share/turtlebot3_gazebo/cmake/ament_cmake_export_include_directories-extras.cmake
[10.640s] -- Installing: /home/latih/ros2-tf-real-robot-project/install/turtlebot3_gazebo/share/turtlebot3_gazebo/cmake/ament_cmake_export_dependencies-extras.cmake
[10.640s] -- Installing: /home/latih/ros2-tf-real-robot-project/install/turtlebot3_gazebo/share/turtlebot3_gazebo/cmake/turtlebot3_gazeboConfig.cmake
[10.641s] -- Installing: /home/latih/ros2-tf-real-robot-project/install/turtlebot3_gazebo/share/turtlebot3_gazebo/cmake/turtlebot3_gazeboConfig-version.cmake
[10.641s] -- Installing: /home/latih/ros2-tf-real-robot-project/install/turtlebot3_gazebo/share/turtlebot3_gazebo/package.xml
[10.642s] Invoked command in '/home/latih/ros2-tf-real-robot-project/build/turtlebot3_gazebo' returned '0': CMAKE_PREFIX_PATH=/opt/ros/humble /usr/bin/cmake --install /home/latih/ros2-tf-real-robot-project/build/turtlebot3_gazebo
