-- Found ament_cmake: 1.3.11 (/opt/ros/humble/share/ament_cmake/cmake)
-- Found rclcpp: 16.0.12 (/opt/ros/humble/share/rclcpp/cmake)
-- Found rosidl_generator_c: 3.1.6 (/opt/ros/humble/share/rosidl_generator_c/cmake)
-- Found rosidl_adapter: 3.1.6 (/opt/ros/humble/share/rosidl_adapter/cmake)
-- Found rosidl_generator_cpp: 3.1.6 (/opt/ros/humble/share/rosidl_generator_cpp/cmake)
-- Using all available rosidl_typesupport_c: rosidl_typesupport_fastrtps_c;rosidl_typesupport_introspection_c
-- Using all available rosidl_typesupport_cpp: rosidl_typesupport_fastrtps_cpp;rosidl_typesupport_introspection_cpp
-- Found rmw_implementation_cmake: 6.1.2 (/opt/ros/humble/share/rmw_implementation_cmake/cmake)
-- Found rmw_fastrtps_cpp: 6.2.7 (/opt/ros/humble/share/rmw_fastrtps_cpp/cmake)
-- Using RMW implementation 'rmw_fastrtps_cpp' as default
-- Found rclcpp_action: 16.0.12 (/opt/ros/humble/share/rclcpp_action/cmake)
-- Found tf2: 0.25.12 (/opt/ros/humble/share/tf2/cmake)
-- Found tf2_ros: 0.25.12 (/opt/ros/humble/share/tf2_ros/cmake)
-- Found tf2_geometry_msgs: 0.25.12 (/opt/ros/humble/share/tf2_geometry_msgs/cmake)
-- Found eigen3_cmake_module: 0.1.1 (/opt/ros/humble/share/eigen3_cmake_module/cmake)
-- Ensuring Eigen3 include directory is part of orocos-kdl CMake target
-- Found sensor_msgs: 4.8.0 (/opt/ros/humble/share/sensor_msgs/cmake)
-- Found my_robot_interfaces: 0.0.0 (/home/latih/ros2-tf-real-robot-project/install/my_robot_interfaces/share/my_robot_interfaces/cmake)
-- Configuring done
-- Generating done
-- Build files have been written to: /home/latih/ros2-tf-real-robot-project/build/ros2_tf_project
[35m[1mConsolidate compiler generated dependencies of target feature_detector[0m
[35m[1mConsolidate compiler generated dependencies of target simple_trajectory_service[0m
[35m[1mConsolidate compiler generated dependencies of target simple_navigation_action_server[0m
[ 33%] Built target simple_trajectory_service
[ 66%] Built target feature_detector
[ 83%] [32mBuilding CXX object CMakeFiles/simple_navigation_action_server.dir/src/simple_navigation_action_server.cpp.o[0m
[01m[K/home/latih/ros2-tf-real-robot-project/ros2_ws/src/ros2_tf_project/src/simple_navigation_action_server.cpp:[m[K In member function ‘[01m[Krclcpp_action::CancelResponse SimpleNavigationActionServer::handle_cancel(std::shared_ptr<rclcpp_action::ServerGoalHandle<my_robot_interfaces::action::SimpleNavigation> >)[m[K’:
[01m[K/home/latih/ros2-tf-real-robot-project/ros2_ws/src/ros2_tf_project/src/simple_navigation_action_server.cpp:48:99:[m[K [01;35m[Kwarning: [m[Kunused parameter ‘[01m[Kgoal_handle[m[K’ [[01;35m[K]8;;https://gcc.gnu.org/onlinedocs/gcc/Warning-Options.html#index-Wunused-parameter-Wunused-parameter]8;;[m[K]
   48 |     rclcpp_action::CancelResponse handle_cancel([01;35m[Kconst std::shared_ptr<GoalHandleSimpleNavigation> goal_handle[m[K)
      |                                                 [01;35m[K~~~~~~~~~~~~~~~~~~~~~~~~~~~~~~~~~~~~~~~~~~~~~~~~~~^~~~~~~~~~~[m[K
[01m[K/home/latih/ros2-tf-real-robot-project/ros2_ws/src/ros2_tf_project/src/simple_navigation_action_server.cpp:[m[K In member function ‘[01m[Kvoid SimpleNavigationActionServer::execute(std::shared_ptr<rclcpp_action::ServerGoalHandle<my_robot_interfaces::action::SimpleNavigation> >)[m[K’:
[01m[K/home/latih/ros2-tf-real-robot-project/ros2_ws/src/ros2_tf_project/src/simple_navigation_action_server.cpp:68:21:[m[K [01;31m[Kerror: [m[K‘[01m[Kusing element_type = struct my_robot_interfaces::action::SimpleNavigation_Result_<std::allocator<void> >[m[K’ {aka ‘[01m[Kstruct my_robot_interfaces::action::SimpleNavigation_Result_<std::allocator<void> >[m[K’} has no member named ‘[01m[Ksuccess[m[K’
   68 |             result->[01;31m[Ksuccess[m[K = false;
      |                     [01;31m[K^~~~~~~[m[K
[01m[K/home/latih/ros2-tf-real-robot-project/ros2_ws/src/ros2_tf_project/src/simple_navigation_action_server.cpp:82:21:[m[K [01;31m[Kerror: [m[K‘[01m[Kusing element_type = struct my_robot_interfaces::action::SimpleNavigation_Result_<std::allocator<void> >[m[K’ {aka ‘[01m[Kstruct my_robot_interfaces::action::SimpleNavigation_Result_<std::allocator<void> >[m[K’} has no member named ‘[01m[Ksuccess[m[K’
   82 |             result->[01;31m[Ksuccess[m[K = false;
      |                     [01;31m[K^~~~~~~[m[K
[01m[K/home/latih/ros2-tf-real-robot-project/ros2_ws/src/ros2_tf_project/src/simple_navigation_action_server.cpp:98:25:[m[K [01;31m[Kerror: [m[K‘[01m[Kusing element_type = struct my_robot_interfaces::action::SimpleNavigation_Result_<std::allocator<void> >[m[K’ {aka ‘[01m[Kstruct my_robot_interfaces::action::SimpleNavigation_Result_<std::allocator<void> >[m[K’} has no member named ‘[01m[Ksuccess[m[K’
   98 |                 result->[01;31m[Ksuccess[m[K = false;
      |                         [01;31m[K^~~~~~~[m[K
[01m[K/home/latih/ros2-tf-real-robot-project/ros2_ws/src/ros2_tf_project/src/simple_navigation_action_server.cpp:143:21:[m[K [01;31m[Kerror: [m[K‘[01m[Kusing element_type = struct my_robot_interfaces::action::SimpleNavigation_Result_<std::allocator<void> >[m[K’ {aka ‘[01m[Kstruct my_robot_interfaces::action::SimpleNavigation_Result_<std::allocator<void> >[m[K’} has no member named ‘[01m[Ksuccess[m[K’
  143 |             result->[01;31m[Ksuccess[m[K = true;
      |                     [01;31m[K^~~~~~~[m[K
[01m[K/home/latih/ros2-tf-real-robot-project/ros2_ws/src/ros2_tf_project/src/simple_navigation_action_server.cpp:147:21:[m[K [01;31m[Kerror: [m[K‘[01m[Kusing element_type = struct my_robot_interfaces::action::SimpleNavigation_Result_<std::allocator<void> >[m[K’ {aka ‘[01m[Kstruct my_robot_interfaces::action::SimpleNavigation_Result_<std::allocator<void> >[m[K’} has no member named ‘[01m[Ksuccess[m[K’
  147 |             result->[01;31m[Ksuccess[m[K = false;
      |                     [01;31m[K^~~~~~~[m[K
gmake[2]: *** [CMakeFiles/simple_navigation_action_server.dir/build.make:76: CMakeFiles/simple_navigation_action_server.dir/src/simple_navigation_action_server.cpp.o] Error 1
gmake[1]: *** [CMakeFiles/Makefile2:193: CMakeFiles/simple_navigation_action_server.dir/all] Error 2
gmake: *** [Makefile:146: all] Error 2
