[0.010s] Invoking command in '/home/latih/ros2-tf-real-robot-project/build/ros2_tf_project': CMAKE_PREFIX_PATH=/home/latih/ros2-tf-real-robot-project/install/my_robot_interfaces:/home/latih/ros2-tf-real-robot-project/install/turtlebot3:/home/latih/ros2-tf-real-robot-project/install/turtlebot3_simulations:/home/latih/ros2-tf-real-robot-project/install/turtlebot3_navigation2:/home/latih/ros2-tf-real-robot-project/install/turtlebot3_msgs:/home/latih/ros2-tf-real-robot-project/install/turtlebot3_gazebo:/home/latih/ros2-tf-real-robot-project/install/turtlebot3_bringup:/home/latih/ros2-tf-real-robot-project/install/turtlebot3_description:/home/latih/ros2-tf-real-robot-project/install/turtlebot3_cartographer:/home/latih/ros2-tf-real-robot-project/install/tb3_burger_localization:/home/latih/ros2-tf-real-robot-project/install/tb3_burger_cartographer:/home/latih/ros2-tf-real-robot-project/install/ros2_tf_project:/home/latih/ros2-tf-real-robot-project/install/turtlebot3_teleop:/home/latih/ros2-tf-real-robot-project/install/turtlebot3_example:/opt/ros/humble LD_LIBRARY_PATH=/home/latih/ros2-tf-real-robot-project/install/my_robot_interfaces/lib:/home/latih/ros2-tf-real-robot-project/install/turtlebot3_msgs/lib:/usr/lib/x86_64-linux-gnu/gazebo-11/plugins:/opt/ros/humble/opt/rviz_ogre_vendor/lib:/opt/ros/humble/lib/x86_64-linux-gnu:/opt/ros/humble/lib /usr/bin/cmake --build /home/latih/ros2-tf-real-robot-project/build/ros2_tf_project -- -j16 -l16
[0.040s] -- Found ament_cmake: 1.3.11 (/opt/ros/humble/share/ament_cmake/cmake)
[0.152s] -- Found rclcpp: 16.0.12 (/opt/ros/humble/share/rclcpp/cmake)
[0.170s] -- Found rosidl_generator_c: 3.1.6 (/opt/ros/humble/share/rosidl_generator_c/cmake)
[0.172s] -- Found rosidl_adapter: 3.1.6 (/opt/ros/humble/share/rosidl_adapter/cmake)
[0.176s] -- Found rosidl_generator_cpp: 3.1.6 (/opt/ros/humble/share/rosidl_generator_cpp/cmake)
[0.182s] -- Using all available rosidl_typesupport_c: rosidl_typesupport_fastrtps_c;rosidl_typesupport_introspection_c
[0.190s] -- Using all available rosidl_typesupport_cpp: rosidl_typesupport_fastrtps_cpp;rosidl_typesupport_introspection_cpp
[0.211s] -- Found rmw_implementation_cmake: 6.1.2 (/opt/ros/humble/share/rmw_implementation_cmake/cmake)
[0.212s] -- Found rmw_fastrtps_cpp: 6.2.7 (/opt/ros/humble/share/rmw_fastrtps_cpp/cmake)
[0.283s] -- Using RMW implementation 'rmw_fastrtps_cpp' as default
[0.315s] -- Found rclcpp_action: 16.0.12 (/opt/ros/humble/share/rclcpp_action/cmake)
[0.333s] -- Found tf2: 0.25.12 (/opt/ros/humble/share/tf2/cmake)
[0.344s] -- Found tf2_ros: 0.25.12 (/opt/ros/humble/share/tf2_ros/cmake)
[0.374s] -- Found tf2_geometry_msgs: 0.25.12 (/opt/ros/humble/share/tf2_geometry_msgs/cmake)
[0.377s] -- Found eigen3_cmake_module: 0.1.1 (/opt/ros/humble/share/eigen3_cmake_module/cmake)
[0.378s] -- Ensuring Eigen3 include directory is part of orocos-kdl CMake target
[0.379s] -- Found sensor_msgs: 4.8.0 (/opt/ros/humble/share/sensor_msgs/cmake)
[0.389s] -- Found my_robot_interfaces: 0.0.0 (/home/latih/ros2-tf-real-robot-project/install/my_robot_interfaces/share/my_robot_interfaces/cmake)
[0.455s] -- Configuring done
[0.471s] -- Generating done
[0.476s] -- Build files have been written to: /home/latih/ros2-tf-real-robot-project/build/ros2_tf_project
[0.497s] [35m[1mConsolidate compiler generated dependencies of target feature_detector[0m
[0.499s] [35m[1mConsolidate compiler generated dependencies of target simple_trajectory_service[0m
[0.500s] [35m[1mConsolidate compiler generated dependencies of target simple_navigation_action_server[0m
[0.511s] [ 33%] Built target simple_trajectory_service
[0.512s] [ 66%] Built target feature_detector
[0.515s] [ 83%] [32mBuilding CXX object CMakeFiles/simple_navigation_action_server.dir/src/simple_navigation_action_server.cpp.o[0m
[2.135s] [01m[K/home/latih/ros2-tf-real-robot-project/ros2_ws/src/ros2_tf_project/src/simple_navigation_action_server.cpp:[m[K In member function ‘[01m[Krclcpp_action::CancelResponse SimpleNavigationActionServer::handle_cancel(std::shared_ptr<rclcpp_action::ServerGoalHandle<my_robot_interfaces::action::SimpleNavigation> >)[m[K’:
[2.135s] [01m[K/home/latih/ros2-tf-real-robot-project/ros2_ws/src/ros2_tf_project/src/simple_navigation_action_server.cpp:48:99:[m[K [01;35m[Kwarning: [m[Kunused parameter ‘[01m[Kgoal_handle[m[K’ [[01;35m[K]8;;https://gcc.gnu.org/onlinedocs/gcc/Warning-Options.html#index-Wunused-parameter-Wunused-parameter]8;;[m[K]
[2.135s]    48 |     rclcpp_action::CancelResponse handle_cancel([01;35m[Kconst std::shared_ptr<GoalHandleSimpleNavigation> goal_handle[m[K)
[2.135s]       |                                                 [01;35m[K~~~~~~~~~~~~~~~~~~~~~~~~~~~~~~~~~~~~~~~~~~~~~~~~~~^~~~~~~~~~~[m[K
[2.142s] [01m[K/home/latih/ros2-tf-real-robot-project/ros2_ws/src/ros2_tf_project/src/simple_navigation_action_server.cpp:[m[K In member function ‘[01m[Kvoid SimpleNavigationActionServer::execute(std::shared_ptr<rclcpp_action::ServerGoalHandle<my_robot_interfaces::action::SimpleNavigation> >)[m[K’:
[2.142s] [01m[K/home/latih/ros2-tf-real-robot-project/ros2_ws/src/ros2_tf_project/src/simple_navigation_action_server.cpp:68:21:[m[K [01;31m[Kerror: [m[K‘[01m[Kusing element_type = struct my_robot_interfaces::action::SimpleNavigation_Result_<std::allocator<void> >[m[K’ {aka ‘[01m[Kstruct my_robot_interfaces::action::SimpleNavigation_Result_<std::allocator<void> >[m[K’} has no member named ‘[01m[Ksuccess[m[K’
[2.142s]    68 |             result->[01;31m[Ksuccess[m[K = false;
[2.142s]       |                     [01;31m[K^~~~~~~[m[K
[2.144s] [01m[K/home/latih/ros2-tf-real-robot-project/ros2_ws/src/ros2_tf_project/src/simple_navigation_action_server.cpp:82:21:[m[K [01;31m[Kerror: [m[K‘[01m[Kusing element_type = struct my_robot_interfaces::action::SimpleNavigation_Result_<std::allocator<void> >[m[K’ {aka ‘[01m[Kstruct my_robot_interfaces::action::SimpleNavigation_Result_<std::allocator<void> >[m[K’} has no member named ‘[01m[Ksuccess[m[K’
[2.144s]    82 |             result->[01;31m[Ksuccess[m[K = false;
[2.144s]       |                     [01;31m[K^~~~~~~[m[K
[2.144s] [01m[K/home/latih/ros2-tf-real-robot-project/ros2_ws/src/ros2_tf_project/src/simple_navigation_action_server.cpp:98:25:[m[K [01;31m[Kerror: [m[K‘[01m[Kusing element_type = struct my_robot_interfaces::action::SimpleNavigation_Result_<std::allocator<void> >[m[K’ {aka ‘[01m[Kstruct my_robot_interfaces::action::SimpleNavigation_Result_<std::allocator<void> >[m[K’} has no member named ‘[01m[Ksuccess[m[K’
[2.144s]    98 |                 result->[01;31m[Ksuccess[m[K = false;
[2.144s]       |                         [01;31m[K^~~~~~~[m[K
[2.146s] [01m[K/home/latih/ros2-tf-real-robot-project/ros2_ws/src/ros2_tf_project/src/simple_navigation_action_server.cpp:143:21:[m[K [01;31m[Kerror: [m[K‘[01m[Kusing element_type = struct my_robot_interfaces::action::SimpleNavigation_Result_<std::allocator<void> >[m[K’ {aka ‘[01m[Kstruct my_robot_interfaces::action::SimpleNavigation_Result_<std::allocator<void> >[m[K’} has no member named ‘[01m[Ksuccess[m[K’
[2.146s]   143 |             result->[01;31m[Ksuccess[m[K = true;
[2.146s]       |                     [01;31m[K^~~~~~~[m[K
[2.146s] [01m[K/home/latih/ros2-tf-real-robot-project/ros2_ws/src/ros2_tf_project/src/simple_navigation_action_server.cpp:147:21:[m[K [01;31m[Kerror: [m[K‘[01m[Kusing element_type = struct my_robot_interfaces::action::SimpleNavigation_Result_<std::allocator<void> >[m[K’ {aka ‘[01m[Kstruct my_robot_interfaces::action::SimpleNavigation_Result_<std::allocator<void> >[m[K’} has no member named ‘[01m[Ksuccess[m[K’
[2.146s]   147 |             result->[01;31m[Ksuccess[m[K = false;
[2.146s]       |                     [01;31m[K^~~~~~~[m[K
[2.726s] gmake[2]: *** [CMakeFiles/simple_navigation_action_server.dir/build.make:76: CMakeFiles/simple_navigation_action_server.dir/src/simple_navigation_action_server.cpp.o] Error 1
[2.727s] gmake[1]: *** [CMakeFiles/Makefile2:193: CMakeFiles/simple_navigation_action_server.dir/all] Error 2
[2.727s] gmake: *** [Makefile:146: all] Error 2
[2.729s] Invoked command in '/home/latih/ros2-tf-real-robot-project/build/ros2_tf_project' returned '2': CMAKE_PREFIX_PATH=/home/latih/ros2-tf-real-robot-project/install/my_robot_interfaces:/home/latih/ros2-tf-real-robot-project/install/turtlebot3:/home/latih/ros2-tf-real-robot-project/install/turtlebot3_simulations:/home/latih/ros2-tf-real-robot-project/install/turtlebot3_navigation2:/home/latih/ros2-tf-real-robot-project/install/turtlebot3_msgs:/home/latih/ros2-tf-real-robot-project/install/turtlebot3_gazebo:/home/latih/ros2-tf-real-robot-project/install/turtlebot3_bringup:/home/latih/ros2-tf-real-robot-project/install/turtlebot3_description:/home/latih/ros2-tf-real-robot-project/install/turtlebot3_cartographer:/home/latih/ros2-tf-real-robot-project/install/tb3_burger_localization:/home/latih/ros2-tf-real-robot-project/install/tb3_burger_cartographer:/home/latih/ros2-tf-real-robot-project/install/ros2_tf_project:/home/latih/ros2-tf-real-robot-project/install/turtlebot3_teleop:/home/latih/ros2-tf-real-robot-project/install/turtlebot3_example:/opt/ros/humble LD_LIBRARY_PATH=/home/latih/ros2-tf-real-robot-project/install/my_robot_interfaces/lib:/home/latih/ros2-tf-real-robot-project/install/turtlebot3_msgs/lib:/usr/lib/x86_64-linux-gnu/gazebo-11/plugins:/opt/ros/humble/opt/rviz_ogre_vendor/lib:/opt/ros/humble/lib/x86_64-linux-gnu:/opt/ros/humble/lib /usr/bin/cmake --build /home/latih/ros2-tf-real-robot-project/build/ros2_tf_project -- -j16 -l16
