[0.006s] Invoking command in '/home/latih/ros2-tf-real-robot-project/build/turtlebot3_simulations': AMENT_PREFIX_PATH=/home/latih/ros2-tf-real-robot-project/install/turtlebot3_gazebo:${AMENT_PREFIX_PATH} CMAKE_PREFIX_PATH=/home/latih/ros2-tf-real-robot-project/install/turtlebot3_gazebo:/opt/ros/humble /usr/bin/cmake /home/latih/ros2-tf-real-robot-project/simulation_ws/src/turtlebot3_ros2/turtlebot3_simulations -DCMAKE_INSTALL_PREFIX=/home/latih/ros2-tf-real-robot-project/install/turtlebot3_simulations
[0.050s] -- The C compiler identification is GNU 11.4.0
[0.088s] -- The CXX compiler identification is GNU 11.4.0
[0.093s] -- Detecting C compiler ABI info
[0.149s] -- Detecting C compiler ABI info - done
[0.154s] -- Check for working C compiler: /usr/bin/cc - skipped
[0.154s] -- Detecting C compile features
[0.154s] -- Detecting C compile features - done
[0.156s] -- Detecting CXX compiler ABI info
[0.216s] -- Detecting CXX compiler ABI info - done
[0.224s] -- Check for working CXX compiler: /usr/bin/c++ - skipped
[0.224s] -- Detecting CXX compile features
[0.224s] -- Detecting CXX compile features - done
[0.229s] -- Found ament_cmake: 1.3.11 (/opt/ros/humble/share/ament_cmake/cmake)
[0.343s] -- Found Python3: /usr/bin/python3 (found version "3.10.12") found components: Interpreter 
[0.458s] -- Configuring done
[0.460s] -- Generating done
[0.461s] -- Build files have been written to: /home/latih/ros2-tf-real-robot-project/build/turtlebot3_simulations
[0.464s] Invoked command in '/home/latih/ros2-tf-real-robot-project/build/turtlebot3_simulations' returned '0': AMENT_PREFIX_PATH=/home/latih/ros2-tf-real-robot-project/install/turtlebot3_gazebo:${AMENT_PREFIX_PATH} CMAKE_PREFIX_PATH=/home/latih/ros2-tf-real-robot-project/install/turtlebot3_gazebo:/opt/ros/humble /usr/bin/cmake /home/latih/ros2-tf-real-robot-project/simulation_ws/src/turtlebot3_ros2/turtlebot3_simulations -DCMAKE_INSTALL_PREFIX=/home/latih/ros2-tf-real-robot-project/install/turtlebot3_simulations
[0.465s] Invoking command in '/home/latih/ros2-tf-real-robot-project/build/turtlebot3_simulations': AMENT_PREFIX_PATH=/home/latih/ros2-tf-real-robot-project/install/turtlebot3_gazebo:${AMENT_PREFIX_PATH} CMAKE_PREFIX_PATH=/home/latih/ros2-tf-real-robot-project/install/turtlebot3_gazebo:/opt/ros/humble /usr/bin/cmake --build /home/latih/ros2-tf-real-robot-project/build/turtlebot3_simulations -- -j16 -l16
[0.493s] Invoked command in '/home/latih/ros2-tf-real-robot-project/build/turtlebot3_simulations' returned '0': AMENT_PREFIX_PATH=/home/latih/ros2-tf-real-robot-project/install/turtlebot3_gazebo:${AMENT_PREFIX_PATH} CMAKE_PREFIX_PATH=/home/latih/ros2-tf-real-robot-project/install/turtlebot3_gazebo:/opt/ros/humble /usr/bin/cmake --build /home/latih/ros2-tf-real-robot-project/build/turtlebot3_simulations -- -j16 -l16
[0.495s] Invoking command in '/home/latih/ros2-tf-real-robot-project/build/turtlebot3_simulations': AMENT_PREFIX_PATH=/home/latih/ros2-tf-real-robot-project/install/turtlebot3_gazebo:${AMENT_PREFIX_PATH} CMAKE_PREFIX_PATH=/home/latih/ros2-tf-real-robot-project/install/turtlebot3_gazebo:/opt/ros/humble /usr/bin/cmake --install /home/latih/ros2-tf-real-robot-project/build/turtlebot3_simulations
[0.501s] -- Install configuration: ""
[0.501s] -- Installing: /home/latih/ros2-tf-real-robot-project/install/turtlebot3_simulations/share/ament_index/resource_index/package_run_dependencies/turtlebot3_simulations
[0.502s] -- Installing: /home/latih/ros2-tf-real-robot-project/install/turtlebot3_simulations/share/ament_index/resource_index/parent_prefix_path/turtlebot3_simulations
[0.502s] -- Installing: /home/latih/ros2-tf-real-robot-project/install/turtlebot3_simulations/share/turtlebot3_simulations/environment/ament_prefix_path.sh
[0.502s] -- Installing: /home/latih/ros2-tf-real-robot-project/install/turtlebot3_simulations/share/turtlebot3_simulations/environment/ament_prefix_path.dsv
[0.502s] -- Installing: /home/latih/ros2-tf-real-robot-project/install/turtlebot3_simulations/share/turtlebot3_simulations/environment/path.sh
[0.502s] -- Installing: /home/latih/ros2-tf-real-robot-project/install/turtlebot3_simulations/share/turtlebot3_simulations/environment/path.dsv
[0.502s] -- Installing: /home/latih/ros2-tf-real-robot-project/install/turtlebot3_simulations/share/turtlebot3_simulations/local_setup.bash
[0.502s] -- Installing: /home/latih/ros2-tf-real-robot-project/install/turtlebot3_simulations/share/turtlebot3_simulations/local_setup.sh
[0.502s] -- Installing: /home/latih/ros2-tf-real-robot-project/install/turtlebot3_simulations/share/turtlebot3_simulations/local_setup.zsh
[0.502s] -- Installing: /home/latih/ros2-tf-real-robot-project/install/turtlebot3_simulations/share/turtlebot3_simulations/local_setup.dsv
[0.502s] -- Installing: /home/latih/ros2-tf-real-robot-project/install/turtlebot3_simulations/share/turtlebot3_simulations/package.dsv
[0.502s] -- Installing: /home/latih/ros2-tf-real-robot-project/install/turtlebot3_simulations/share/ament_index/resource_index/packages/turtlebot3_simulations
[0.503s] -- Installing: /home/latih/ros2-tf-real-robot-project/install/turtlebot3_simulations/share/turtlebot3_simulations/cmake/turtlebot3_simulationsConfig.cmake
[0.503s] -- Installing: /home/latih/ros2-tf-real-robot-project/install/turtlebot3_simulations/share/turtlebot3_simulations/cmake/turtlebot3_simulationsConfig-version.cmake
[0.503s] -- Installing: /home/latih/ros2-tf-real-robot-project/install/turtlebot3_simulations/share/turtlebot3_simulations/package.xml
[0.504s] Invoked command in '/home/latih/ros2-tf-real-robot-project/build/turtlebot3_simulations' returned '0': AMENT_PREFIX_PATH=/home/latih/ros2-tf-real-robot-project/install/turtlebot3_gazebo:${AMENT_PREFIX_PATH} CMAKE_PREFIX_PATH=/home/latih/ros2-tf-real-robot-project/install/turtlebot3_gazebo:/opt/ros/humble /usr/bin/cmake --install /home/latih/ros2-tf-real-robot-project/build/turtlebot3_simulations
