[0.497s] Invoking command in '/home/latih/ros2-tf-real-robot-project/simulation_ws/src/turtlebot3/turtlebot3_example': AMENT_PREFIX_PATH=/home/latih/ros2-tf-real-robot-project/install/turtlebot3_msgs:${AMENT_PREFIX_PATH} CMAKE_PREFIX_PATH=/home/latih/ros2-tf-real-robot-project/install/turtlebot3_msgs LD_LIBRARY_PATH=/home/latih/ros2-tf-real-robot-project/install/turtlebot3_msgs/lib:${LD_LIBRARY_PATH} PYTHONPATH=/home/latih/ros2-tf-real-robot-project/build/turtlebot3_example/prefix_override:/usr/lib/python3/dist-packages/colcon_core/task/python/colcon_distutils_commands:/home/latih/ros2-tf-real-robot-project/install/turtlebot3_example/lib/python3.10/site-packages:/home/latih/ros2-tf-real-robot-project/install/turtlebot3_msgs/local/lib/python3.10/dist-packages:${PYTHONPATH} /usr/bin/python3 -W ignore:setup.py install is deprecated -W ignore:easy_install command is deprecated setup.py egg_info --egg-base ../../../../build/turtlebot3_example build --build-base /home/latih/ros2-tf-real-robot-project/build/turtlebot3_example/build install --record /home/latih/ros2-tf-real-robot-project/build/turtlebot3_example/install.log --single-version-externally-managed install_data
[0.661s] running egg_info
[0.662s] creating ../../../../build/turtlebot3_example/turtlebot3_example.egg-info
[0.662s] writing ../../../../build/turtlebot3_example/turtlebot3_example.egg-info/PKG-INFO
[0.662s] writing dependency_links to ../../../../build/turtlebot3_example/turtlebot3_example.egg-info/dependency_links.txt
[0.663s] writing entry points to ../../../../build/turtlebot3_example/turtlebot3_example.egg-info/entry_points.txt
[0.663s] writing requirements to ../../../../build/turtlebot3_example/turtlebot3_example.egg-info/requires.txt
[0.663s] writing top-level names to ../../../../build/turtlebot3_example/turtlebot3_example.egg-info/top_level.txt
[0.663s] writing manifest file '../../../../build/turtlebot3_example/turtlebot3_example.egg-info/SOURCES.txt'
[0.664s] reading manifest file '../../../../build/turtlebot3_example/turtlebot3_example.egg-info/SOURCES.txt'
[0.664s] writing manifest file '../../../../build/turtlebot3_example/turtlebot3_example.egg-info/SOURCES.txt'
[0.665s] running build
[0.665s] running build_py
[0.665s] creating /home/latih/ros2-tf-real-robot-project/build/turtlebot3_example/build
[0.665s] creating /home/latih/ros2-tf-real-robot-project/build/turtlebot3_example/build/lib
[0.665s] creating /home/latih/ros2-tf-real-robot-project/build/turtlebot3_example/build/lib/turtlebot3_example
[0.665s] copying turtlebot3_example/__init__.py -> /home/latih/ros2-tf-real-robot-project/build/turtlebot3_example/build/lib/turtlebot3_example
[0.665s] creating /home/latih/ros2-tf-real-robot-project/build/turtlebot3_example/build/lib/turtlebot3_example/turtlebot3_obstacle_detection
[0.665s] copying turtlebot3_example/turtlebot3_obstacle_detection/__init__.py -> /home/latih/ros2-tf-real-robot-project/build/turtlebot3_example/build/lib/turtlebot3_example/turtlebot3_obstacle_detection
[0.665s] copying turtlebot3_example/turtlebot3_obstacle_detection/turtlebot3_obstacle_detection.py -> /home/latih/ros2-tf-real-robot-project/build/turtlebot3_example/build/lib/turtlebot3_example/turtlebot3_obstacle_detection
[0.665s] copying turtlebot3_example/turtlebot3_obstacle_detection/main.py -> /home/latih/ros2-tf-real-robot-project/build/turtlebot3_example/build/lib/turtlebot3_example/turtlebot3_obstacle_detection
[0.665s] creating /home/latih/ros2-tf-real-robot-project/build/turtlebot3_example/build/lib/turtlebot3_example/turtlebot3_patrol_server
[0.666s] copying turtlebot3_example/turtlebot3_patrol_server/turtlebot3_path.py -> /home/latih/ros2-tf-real-robot-project/build/turtlebot3_example/build/lib/turtlebot3_example/turtlebot3_patrol_server
[0.666s] copying turtlebot3_example/turtlebot3_patrol_server/__init__.py -> /home/latih/ros2-tf-real-robot-project/build/turtlebot3_example/build/lib/turtlebot3_example/turtlebot3_patrol_server
[0.666s] copying turtlebot3_example/turtlebot3_patrol_server/main.py -> /home/latih/ros2-tf-real-robot-project/build/turtlebot3_example/build/lib/turtlebot3_example/turtlebot3_patrol_server
[0.666s] copying turtlebot3_example/turtlebot3_patrol_server/turtlebot3_patrol_server.py -> /home/latih/ros2-tf-real-robot-project/build/turtlebot3_example/build/lib/turtlebot3_example/turtlebot3_patrol_server
[0.666s] creating /home/latih/ros2-tf-real-robot-project/build/turtlebot3_example/build/lib/turtlebot3_example/turtlebot3_patrol_client
[0.666s] copying turtlebot3_example/turtlebot3_patrol_client/__init__.py -> /home/latih/ros2-tf-real-robot-project/build/turtlebot3_example/build/lib/turtlebot3_example/turtlebot3_patrol_client
[0.666s] copying turtlebot3_example/turtlebot3_patrol_client/main.py -> /home/latih/ros2-tf-real-robot-project/build/turtlebot3_example/build/lib/turtlebot3_example/turtlebot3_patrol_client
[0.666s] copying turtlebot3_example/turtlebot3_patrol_client/turtlebot3_patrol_client.py -> /home/latih/ros2-tf-real-robot-project/build/turtlebot3_example/build/lib/turtlebot3_example/turtlebot3_patrol_client
[0.666s] creating /home/latih/ros2-tf-real-robot-project/build/turtlebot3_example/build/lib/turtlebot3_example/turtlebot3_position_control
[0.666s] copying turtlebot3_example/turtlebot3_position_control/turtlebot3_path.py -> /home/latih/ros2-tf-real-robot-project/build/turtlebot3_example/build/lib/turtlebot3_example/turtlebot3_position_control
[0.666s] copying turtlebot3_example/turtlebot3_position_control/__init__.py -> /home/latih/ros2-tf-real-robot-project/build/turtlebot3_example/build/lib/turtlebot3_example/turtlebot3_position_control
[0.666s] copying turtlebot3_example/turtlebot3_position_control/turtlebot3_position_control.py -> /home/latih/ros2-tf-real-robot-project/build/turtlebot3_example/build/lib/turtlebot3_example/turtlebot3_position_control
[0.667s] copying turtlebot3_example/turtlebot3_position_control/main.py -> /home/latih/ros2-tf-real-robot-project/build/turtlebot3_example/build/lib/turtlebot3_example/turtlebot3_position_control
[0.667s] running install
[0.667s] running install_lib
[0.667s] creating /home/latih/ros2-tf-real-robot-project/install/turtlebot3_example/lib/python3.10/site-packages/turtlebot3_example
[0.667s] copying /home/latih/ros2-tf-real-robot-project/build/turtlebot3_example/build/lib/turtlebot3_example/__init__.py -> /home/latih/ros2-tf-real-robot-project/install/turtlebot3_example/lib/python3.10/site-packages/turtlebot3_example
[0.667s] creating /home/latih/ros2-tf-real-robot-project/install/turtlebot3_example/lib/python3.10/site-packages/turtlebot3_example/turtlebot3_obstacle_detection
[0.667s] copying /home/latih/ros2-tf-real-robot-project/build/turtlebot3_example/build/lib/turtlebot3_example/turtlebot3_obstacle_detection/__init__.py -> /home/latih/ros2-tf-real-robot-project/install/turtlebot3_example/lib/python3.10/site-packages/turtlebot3_example/turtlebot3_obstacle_detection
[0.667s] copying /home/latih/ros2-tf-real-robot-project/build/turtlebot3_example/build/lib/turtlebot3_example/turtlebot3_obstacle_detection/turtlebot3_obstacle_detection.py -> /home/latih/ros2-tf-real-robot-project/install/turtlebot3_example/lib/python3.10/site-packages/turtlebot3_example/turtlebot3_obstacle_detection
[0.667s] copying /home/latih/ros2-tf-real-robot-project/build/turtlebot3_example/build/lib/turtlebot3_example/turtlebot3_obstacle_detection/main.py -> /home/latih/ros2-tf-real-robot-project/install/turtlebot3_example/lib/python3.10/site-packages/turtlebot3_example/turtlebot3_obstacle_detection
[0.667s] creating /home/latih/ros2-tf-real-robot-project/install/turtlebot3_example/lib/python3.10/site-packages/turtlebot3_example/turtlebot3_patrol_server
[0.667s] copying /home/latih/ros2-tf-real-robot-project/build/turtlebot3_example/build/lib/turtlebot3_example/turtlebot3_patrol_server/turtlebot3_path.py -> /home/latih/ros2-tf-real-robot-project/install/turtlebot3_example/lib/python3.10/site-packages/turtlebot3_example/turtlebot3_patrol_server
[0.667s] copying /home/latih/ros2-tf-real-robot-project/build/turtlebot3_example/build/lib/turtlebot3_example/turtlebot3_patrol_server/__init__.py -> /home/latih/ros2-tf-real-robot-project/install/turtlebot3_example/lib/python3.10/site-packages/turtlebot3_example/turtlebot3_patrol_server
[0.668s] copying /home/latih/ros2-tf-real-robot-project/build/turtlebot3_example/build/lib/turtlebot3_example/turtlebot3_patrol_server/main.py -> /home/latih/ros2-tf-real-robot-project/install/turtlebot3_example/lib/python3.10/site-packages/turtlebot3_example/turtlebot3_patrol_server
[0.668s] copying /home/latih/ros2-tf-real-robot-project/build/turtlebot3_example/build/lib/turtlebot3_example/turtlebot3_patrol_server/turtlebot3_patrol_server.py -> /home/latih/ros2-tf-real-robot-project/install/turtlebot3_example/lib/python3.10/site-packages/turtlebot3_example/turtlebot3_patrol_server
[0.668s] creating /home/latih/ros2-tf-real-robot-project/install/turtlebot3_example/lib/python3.10/site-packages/turtlebot3_example/turtlebot3_patrol_client
[0.668s] copying /home/latih/ros2-tf-real-robot-project/build/turtlebot3_example/build/lib/turtlebot3_example/turtlebot3_patrol_client/__init__.py -> /home/latih/ros2-tf-real-robot-project/install/turtlebot3_example/lib/python3.10/site-packages/turtlebot3_example/turtlebot3_patrol_client
[0.668s] copying /home/latih/ros2-tf-real-robot-project/build/turtlebot3_example/build/lib/turtlebot3_example/turtlebot3_patrol_client/main.py -> /home/latih/ros2-tf-real-robot-project/install/turtlebot3_example/lib/python3.10/site-packages/turtlebot3_example/turtlebot3_patrol_client
[0.668s] copying /home/latih/ros2-tf-real-robot-project/build/turtlebot3_example/build/lib/turtlebot3_example/turtlebot3_patrol_client/turtlebot3_patrol_client.py -> /home/latih/ros2-tf-real-robot-project/install/turtlebot3_example/lib/python3.10/site-packages/turtlebot3_example/turtlebot3_patrol_client
[0.668s] creating /home/latih/ros2-tf-real-robot-project/install/turtlebot3_example/lib/python3.10/site-packages/turtlebot3_example/turtlebot3_position_control
[0.668s] copying /home/latih/ros2-tf-real-robot-project/build/turtlebot3_example/build/lib/turtlebot3_example/turtlebot3_position_control/turtlebot3_path.py -> /home/latih/ros2-tf-real-robot-project/install/turtlebot3_example/lib/python3.10/site-packages/turtlebot3_example/turtlebot3_position_control
[0.668s] copying /home/latih/ros2-tf-real-robot-project/build/turtlebot3_example/build/lib/turtlebot3_example/turtlebot3_position_control/__init__.py -> /home/latih/ros2-tf-real-robot-project/install/turtlebot3_example/lib/python3.10/site-packages/turtlebot3_example/turtlebot3_position_control
[0.668s] copying /home/latih/ros2-tf-real-robot-project/build/turtlebot3_example/build/lib/turtlebot3_example/turtlebot3_position_control/turtlebot3_position_control.py -> /home/latih/ros2-tf-real-robot-project/install/turtlebot3_example/lib/python3.10/site-packages/turtlebot3_example/turtlebot3_position_control
[0.668s] copying /home/latih/ros2-tf-real-robot-project/build/turtlebot3_example/build/lib/turtlebot3_example/turtlebot3_position_control/main.py -> /home/latih/ros2-tf-real-robot-project/install/turtlebot3_example/lib/python3.10/site-packages/turtlebot3_example/turtlebot3_position_control
[0.668s] byte-compiling /home/latih/ros2-tf-real-robot-project/install/turtlebot3_example/lib/python3.10/site-packages/turtlebot3_example/__init__.py to __init__.cpython-310.pyc
[0.669s] byte-compiling /home/latih/ros2-tf-real-robot-project/install/turtlebot3_example/lib/python3.10/site-packages/turtlebot3_example/turtlebot3_obstacle_detection/__init__.py to __init__.cpython-310.pyc
[0.669s] byte-compiling /home/latih/ros2-tf-real-robot-project/install/turtlebot3_example/lib/python3.10/site-packages/turtlebot3_example/turtlebot3_obstacle_detection/turtlebot3_obstacle_detection.py to turtlebot3_obstacle_detection.cpython-310.pyc
[0.669s] byte-compiling /home/latih/ros2-tf-real-robot-project/install/turtlebot3_example/lib/python3.10/site-packages/turtlebot3_example/turtlebot3_obstacle_detection/main.py to main.cpython-310.pyc
[0.669s] byte-compiling /home/latih/ros2-tf-real-robot-project/install/turtlebot3_example/lib/python3.10/site-packages/turtlebot3_example/turtlebot3_patrol_server/turtlebot3_path.py to turtlebot3_path.cpython-310.pyc
[0.669s] byte-compiling /home/latih/ros2-tf-real-robot-project/install/turtlebot3_example/lib/python3.10/site-packages/turtlebot3_example/turtlebot3_patrol_server/__init__.py to __init__.cpython-310.pyc
[0.669s] byte-compiling /home/latih/ros2-tf-real-robot-project/install/turtlebot3_example/lib/python3.10/site-packages/turtlebot3_example/turtlebot3_patrol_server/main.py to main.cpython-310.pyc
[0.669s] byte-compiling /home/latih/ros2-tf-real-robot-project/install/turtlebot3_example/lib/python3.10/site-packages/turtlebot3_example/turtlebot3_patrol_server/turtlebot3_patrol_server.py to turtlebot3_patrol_server.cpython-310.pyc
[0.669s] byte-compiling /home/latih/ros2-tf-real-robot-project/install/turtlebot3_example/lib/python3.10/site-packages/turtlebot3_example/turtlebot3_patrol_client/__init__.py to __init__.cpython-310.pyc
[0.669s] byte-compiling /home/latih/ros2-tf-real-robot-project/install/turtlebot3_example/lib/python3.10/site-packages/turtlebot3_example/turtlebot3_patrol_client/main.py to main.cpython-310.pyc
[0.669s] byte-compiling /home/latih/ros2-tf-real-robot-project/install/turtlebot3_example/lib/python3.10/site-packages/turtlebot3_example/turtlebot3_patrol_client/turtlebot3_patrol_client.py to turtlebot3_patrol_client.cpython-310.pyc
[0.670s] byte-compiling /home/latih/ros2-tf-real-robot-project/install/turtlebot3_example/lib/python3.10/site-packages/turtlebot3_example/turtlebot3_position_control/turtlebot3_path.py to turtlebot3_path.cpython-310.pyc
[0.670s] byte-compiling /home/latih/ros2-tf-real-robot-project/install/turtlebot3_example/lib/python3.10/site-packages/turtlebot3_example/turtlebot3_position_control/__init__.py to __init__.cpython-310.pyc
[0.670s] byte-compiling /home/latih/ros2-tf-real-robot-project/install/turtlebot3_example/lib/python3.10/site-packages/turtlebot3_example/turtlebot3_position_control/turtlebot3_position_control.py to turtlebot3_position_control.cpython-310.pyc
[0.670s] byte-compiling /home/latih/ros2-tf-real-robot-project/install/turtlebot3_example/lib/python3.10/site-packages/turtlebot3_example/turtlebot3_position_control/main.py to main.cpython-310.pyc
[0.671s] running install_data
[0.671s] creating /home/latih/ros2-tf-real-robot-project/install/turtlebot3_example/share/ament_index
[0.671s] creating /home/latih/ros2-tf-real-robot-project/install/turtlebot3_example/share/ament_index/resource_index
[0.671s] creating /home/latih/ros2-tf-real-robot-project/install/turtlebot3_example/share/ament_index/resource_index/packages
[0.671s] copying resource/turtlebot3_example -> /home/latih/ros2-tf-real-robot-project/install/turtlebot3_example/share/ament_index/resource_index/packages
[0.671s] copying package.xml -> /home/latih/ros2-tf-real-robot-project/install/turtlebot3_example/share/turtlebot3_example
[0.671s] running install_egg_info
[0.672s] Copying ../../../../build/turtlebot3_example/turtlebot3_example.egg-info to /home/latih/ros2-tf-real-robot-project/install/turtlebot3_example/lib/python3.10/site-packages/turtlebot3_example-2.1.4-py3.10.egg-info
[0.673s] running install_scripts
[0.687s] Installing turtlebot3_obstacle_detection script to /home/latih/ros2-tf-real-robot-project/install/turtlebot3_example/lib/turtlebot3_example
[0.687s] Installing turtlebot3_patrol_client script to /home/latih/ros2-tf-real-robot-project/install/turtlebot3_example/lib/turtlebot3_example
[0.687s] Installing turtlebot3_patrol_server script to /home/latih/ros2-tf-real-robot-project/install/turtlebot3_example/lib/turtlebot3_example
[0.687s] Installing turtlebot3_position_control script to /home/latih/ros2-tf-real-robot-project/install/turtlebot3_example/lib/turtlebot3_example
[0.687s] writing list of installed files to '/home/latih/ros2-tf-real-robot-project/build/turtlebot3_example/install.log'
[0.705s] Invoked command in '/home/latih/ros2-tf-real-robot-project/simulation_ws/src/turtlebot3/turtlebot3_example' returned '0': AMENT_PREFIX_PATH=/home/latih/ros2-tf-real-robot-project/install/turtlebot3_msgs:${AMENT_PREFIX_PATH} CMAKE_PREFIX_PATH=/home/latih/ros2-tf-real-robot-project/install/turtlebot3_msgs LD_LIBRARY_PATH=/home/latih/ros2-tf-real-robot-project/install/turtlebot3_msgs/lib:${LD_LIBRARY_PATH} PYTHONPATH=/home/latih/ros2-tf-real-robot-project/build/turtlebot3_example/prefix_override:/usr/lib/python3/dist-packages/colcon_core/task/python/colcon_distutils_commands:/home/latih/ros2-tf-real-robot-project/install/turtlebot3_example/lib/python3.10/site-packages:/home/latih/ros2-tf-real-robot-project/install/turtlebot3_msgs/local/lib/python3.10/dist-packages:${PYTHONPATH} /usr/bin/python3 -W ignore:setup.py install is deprecated -W ignore:easy_install command is deprecated setup.py egg_info --egg-base ../../../../build/turtlebot3_example build --build-base /home/latih/ros2-tf-real-robot-project/build/turtlebot3_example/build install --record /home/latih/ros2-tf-real-robot-project/build/turtlebot3_example/install.log --single-version-externally-managed install_data
