[0.024s] Invoking command in '/home/latih/ros2-tf-real-robot-project/build/turtlebot3_msgs': CMAKE_PREFIX_PATH=${CMAKE_PREFIX_PATH}:/home/latih/ros2-tf-real-robot-project/install/turtlebot3_teleop:/home/latih/ros2-tf-real-robot-project/install/turtlebot3_example:/opt/ros/humble /usr/bin/cmake /home/latih/ros2-tf-real-robot-project/simulation_ws/src/turtlebot3_msgs -DCMAKE_INSTALL_PREFIX=/home/latih/ros2-tf-real-robot-project/install/turtlebot3_msgs
[0.209s] -- The C compiler identification is GNU 11.4.0
[0.209s] -- The CXX compiler identification is GNU 11.4.0
[0.209s] -- Detecting C compiler ABI info
[0.209s] -- Detecting C compiler ABI info - done
[0.209s] -- Check for working C compiler: /usr/bin/cc - skipped
[0.209s] -- Detecting C compile features
[0.210s] -- Detecting C compile features - done
[0.210s] -- Detecting CXX compiler ABI info
[0.229s] -- Detecting CXX compiler ABI info - done
[0.239s] -- Check for working CXX compiler: /usr/bin/c++ - skipped
[0.239s] -- Detecting CXX compile features
[0.240s] -- Detecting CXX compile features - done
[0.242s] -- Found action_msgs: 1.2.1 (/opt/ros/humble/share/action_msgs/cmake)
[0.357s] -- Found Python3: /usr/bin/python3 (found version "3.10.12") found components: Interpreter 
[0.477s] -- Found rosidl_generator_c: 3.1.6 (/opt/ros/humble/share/rosidl_generator_c/cmake)
[0.483s] -- Found rosidl_adapter: 3.1.6 (/opt/ros/humble/share/rosidl_adapter/cmake)
[0.496s] -- Found rosidl_generator_cpp: 3.1.6 (/opt/ros/humble/share/rosidl_generator_cpp/cmake)
[0.511s] -- Using all available rosidl_typesupport_c: rosidl_typesupport_fastrtps_c;rosidl_typesupport_introspection_c
[0.535s] -- Using all available rosidl_typesupport_cpp: rosidl_typesupport_fastrtps_cpp;rosidl_typesupport_introspection_cpp
[0.582s] -- Found rosidl_default_generators: 1.2.0 (/opt/ros/humble/share/rosidl_default_generators/cmake)
[0.592s] -- Found std_msgs: 4.8.0 (/opt/ros/humble/share/std_msgs/cmake)
[0.861s] -- Found ament_cmake_cppcheck: 0.12.12 (/opt/ros/humble/share/ament_cmake_cppcheck/cmake)
[0.865s] -- Found ament_cmake_cpplint: 0.12.12 (/opt/ros/humble/share/ament_cmake_cpplint/cmake)
[0.868s] -- Found ament_cmake_uncrustify: 0.12.12 (/opt/ros/humble/share/ament_cmake_uncrustify/cmake)
[0.872s] -- Found ament_cmake_ros: 0.10.0 (/opt/ros/humble/share/ament_cmake_ros/cmake)
[1.190s] -- Using all available rosidl_typesupport_c: rosidl_typesupport_fastrtps_c;rosidl_typesupport_introspection_c
[1.310s] -- Using all available rosidl_typesupport_cpp: rosidl_typesupport_fastrtps_cpp;rosidl_typesupport_introspection_cpp
[1.328s] -- Found PythonInterp: /usr/bin/python3 (found suitable version "3.10.12", minimum required is "3.6") 
[1.330s] -- Found python_cmake_module: 0.10.0 (/opt/ros/humble/share/python_cmake_module/cmake)
[1.348s] -- Found PythonLibs: /usr/lib/x86_64-linux-gnu/libpython3.10.so (found suitable version "3.10.12", minimum required is "3.5") 
[1.348s] -- Using PYTHON_EXECUTABLE: /usr/bin/python3
[1.349s] -- Using PYTHON_INCLUDE_DIRS: /usr/include/python3.10
[1.349s] -- Using PYTHON_LIBRARIES: /usr/lib/x86_64-linux-gnu/libpython3.10.so
[1.363s] -- Found PythonExtra: .so  
[1.406s] -- Found ament_cmake_flake8: 0.12.12 (/opt/ros/humble/share/ament_cmake_flake8/cmake)
[1.408s] -- Found ament_cmake_pep257: 0.12.12 (/opt/ros/humble/share/ament_cmake_pep257/cmake)
[1.413s] -- Configuring done
[1.439s] -- Generating done
[1.449s] -- Build files have been written to: /home/latih/ros2-tf-real-robot-project/build/turtlebot3_msgs
[1.455s] Invoked command in '/home/latih/ros2-tf-real-robot-project/build/turtlebot3_msgs' returned '0': CMAKE_PREFIX_PATH=${CMAKE_PREFIX_PATH}:/home/latih/ros2-tf-real-robot-project/install/turtlebot3_teleop:/home/latih/ros2-tf-real-robot-project/install/turtlebot3_example:/opt/ros/humble /usr/bin/cmake /home/latih/ros2-tf-real-robot-project/simulation_ws/src/turtlebot3_msgs -DCMAKE_INSTALL_PREFIX=/home/latih/ros2-tf-real-robot-project/install/turtlebot3_msgs
[1.456s] Invoking command in '/home/latih/ros2-tf-real-robot-project/build/turtlebot3_msgs': CMAKE_PREFIX_PATH=${CMAKE_PREFIX_PATH}:/home/latih/ros2-tf-real-robot-project/install/turtlebot3_teleop:/home/latih/ros2-tf-real-robot-project/install/turtlebot3_example:/opt/ros/humble /usr/bin/cmake --build /home/latih/ros2-tf-real-robot-project/build/turtlebot3_msgs -- -j16 -l16
[1.486s] [  1%] [34m[1mGenerating C code for ROS interfaces[0m
[1.494s] [  2%] [34m[1mGenerating C++ code for ROS interfaces[0m
[1.502s] [  2%] Built target ament_cmake_python_copy_turtlebot3_msgs
[1.698s] running egg_info
[1.698s] creating turtlebot3_msgs.egg-info
[1.698s] writing turtlebot3_msgs.egg-info/PKG-INFO
[1.699s] writing dependency_links to turtlebot3_msgs.egg-info/dependency_links.txt
[1.699s] writing top-level names to turtlebot3_msgs.egg-info/top_level.txt
[1.699s] writing manifest file 'turtlebot3_msgs.egg-info/SOURCES.txt'
[1.700s] reading manifest file 'turtlebot3_msgs.egg-info/SOURCES.txt'
[1.700s] writing manifest file 'turtlebot3_msgs.egg-info/SOURCES.txt'
[1.720s] [  2%] Built target ament_cmake_python_build_turtlebot3_msgs_egg
[2.291s] [  4%] [32mBuilding C object CMakeFiles/turtlebot3_msgs__rosidl_generator_c.dir/rosidl_generator_c/turtlebot3_msgs/msg/detail/sound__functions.c.o[0m
[2.292s] [  5%] [32mBuilding C object CMakeFiles/turtlebot3_msgs__rosidl_generator_c.dir/rosidl_generator_c/turtlebot3_msgs/srv/detail/sound__functions.c.o[0m
[2.294s] [  7%] [32mBuilding C object CMakeFiles/turtlebot3_msgs__rosidl_generator_c.dir/rosidl_generator_c/turtlebot3_msgs/msg/detail/sensor_state__functions.c.o[0m
[2.295s] [  8%] [32mBuilding C object CMakeFiles/turtlebot3_msgs__rosidl_generator_c.dir/rosidl_generator_c/turtlebot3_msgs/msg/detail/version_info__functions.c.o[0m
[2.308s] [  9%] [32mBuilding C object CMakeFiles/turtlebot3_msgs__rosidl_generator_c.dir/rosidl_generator_c/turtlebot3_msgs/srv/detail/dqn__functions.c.o[0m
[2.313s] [ 11%] [32mBuilding C object CMakeFiles/turtlebot3_msgs__rosidl_generator_c.dir/rosidl_generator_c/turtlebot3_msgs/action/detail/patrol__functions.c.o[0m
[2.406s] [ 11%] Built target turtlebot3_msgs__cpp
[2.417s] [ 14%] [34m[1mGenerating C++ type support for eProsima Fast-RTPS[0m
[2.417s] [ 14%] [34m[1mGenerating C++ introspection for ROS interfaces[0m
[2.418s] [ 15%] [34m[1mGenerating C++ type support dispatch for ROS interfaces[0m
[2.475s] [ 16%] [32m[1mLinking C shared library libturtlebot3_msgs__rosidl_generator_c.so[0m
[2.517s] [ 16%] Built target turtlebot3_msgs__rosidl_generator_c
[2.528s] [ 19%] [34m[1mGenerating C introspection for ROS interfaces[0m
[2.528s] [ 18%] [34m[1mGenerating C type support dispatch for ROS interfaces[0m
[2.528s] [ 21%] [34m[1mGenerating C type support for eProsima Fast-RTPS[0m
[2.976s] [ 23%] [32mBuilding CXX object CMakeFiles/turtlebot3_msgs__rosidl_typesupport_cpp.dir/rosidl_typesupport_cpp/turtlebot3_msgs/msg/version_info__type_support.cpp.o[0m
[2.976s] [ 25%] [32mBuilding CXX object CMakeFiles/turtlebot3_msgs__rosidl_typesupport_cpp.dir/rosidl_typesupport_cpp/turtlebot3_msgs/msg/sensor_state__type_support.cpp.o[0m
[2.976s] [ 26%] [32mBuilding CXX object CMakeFiles/turtlebot3_msgs__rosidl_typesupport_cpp.dir/rosidl_typesupport_cpp/turtlebot3_msgs/action/patrol__type_support.cpp.o[0m
[2.976s] [ 26%] [32mBuilding CXX object CMakeFiles/turtlebot3_msgs__rosidl_typesupport_cpp.dir/rosidl_typesupport_cpp/turtlebot3_msgs/srv/sound__type_support.cpp.o[0m
[2.993s] [ 28%] [32mBuilding CXX object CMakeFiles/turtlebot3_msgs__rosidl_typesupport_cpp.dir/rosidl_typesupport_cpp/turtlebot3_msgs/msg/sound__type_support.cpp.o[0m
[2.993s] [ 29%] [32mBuilding CXX object CMakeFiles/turtlebot3_msgs__rosidl_typesupport_cpp.dir/rosidl_typesupport_cpp/turtlebot3_msgs/srv/dqn__type_support.cpp.o[0m
[3.060s] [ 30%] [32mBuilding CXX object CMakeFiles/turtlebot3_msgs__rosidl_typesupport_c.dir/rosidl_typesupport_c/turtlebot3_msgs/msg/sensor_state__type_support.cpp.o[0m
[3.066s] [ 32%] [32mBuilding CXX object CMakeFiles/turtlebot3_msgs__rosidl_typesupport_c.dir/rosidl_typesupport_c/turtlebot3_msgs/msg/sound__type_support.cpp.o[0m
[3.068s] [ 33%] [32mBuilding CXX object CMakeFiles/turtlebot3_msgs__rosidl_typesupport_c.dir/rosidl_typesupport_c/turtlebot3_msgs/msg/version_info__type_support.cpp.o[0m
[3.077s] [ 36%] [32mBuilding CXX object CMakeFiles/turtlebot3_msgs__rosidl_typesupport_c.dir/rosidl_typesupport_c/turtlebot3_msgs/action/patrol__type_support.cpp.o[0m
[3.077s] [ 38%] [32mBuilding CXX object CMakeFiles/turtlebot3_msgs__rosidl_typesupport_c.dir/rosidl_typesupport_c/turtlebot3_msgs/srv/sound__type_support.cpp.o[0m
[3.082s] [ 38%] [32mBuilding CXX object CMakeFiles/turtlebot3_msgs__rosidl_typesupport_c.dir/rosidl_typesupport_c/turtlebot3_msgs/srv/dqn__type_support.cpp.o[0m
[3.165s] [ 39%] [32m[1mLinking CXX shared library libturtlebot3_msgs__rosidl_typesupport_c.so[0m
[3.199s] [ 40%] [32mBuilding CXX object CMakeFiles/turtlebot3_msgs__rosidl_typesupport_introspection_cpp.dir/rosidl_typesupport_introspection_cpp/turtlebot3_msgs/msg/detail/sensor_state__type_support.cpp.o[0m
[3.202s] [ 42%] [32mBuilding CXX object CMakeFiles/turtlebot3_msgs__rosidl_typesupport_introspection_cpp.dir/rosidl_typesupport_introspection_cpp/turtlebot3_msgs/msg/detail/sound__type_support.cpp.o[0m
[3.207s] [ 43%] [32mBuilding CXX object CMakeFiles/turtlebot3_msgs__rosidl_typesupport_introspection_cpp.dir/rosidl_typesupport_introspection_cpp/turtlebot3_msgs/msg/detail/version_info__type_support.cpp.o[0m
[3.213s] [ 45%] [32mBuilding CXX object CMakeFiles/turtlebot3_msgs__rosidl_typesupport_introspection_cpp.dir/rosidl_typesupport_introspection_cpp/turtlebot3_msgs/srv/detail/sound__type_support.cpp.o[0m
[3.214s] [ 46%] [32mBuilding CXX object CMakeFiles/turtlebot3_msgs__rosidl_typesupport_introspection_cpp.dir/rosidl_typesupport_introspection_cpp/turtlebot3_msgs/srv/detail/dqn__type_support.cpp.o[0m
[3.216s] [ 47%] [32mBuilding CXX object CMakeFiles/turtlebot3_msgs__rosidl_typesupport_introspection_cpp.dir/rosidl_typesupport_introspection_cpp/turtlebot3_msgs/action/detail/patrol__type_support.cpp.o[0m
[3.234s] [ 47%] Built target turtlebot3_msgs__rosidl_typesupport_c
[3.456s] [ 49%] [32mBuilding CXX object CMakeFiles/turtlebot3_msgs__rosidl_typesupport_fastrtps_c.dir/rosidl_typesupport_fastrtps_c/turtlebot3_msgs/msg/detail/sensor_state__type_support_c.cpp.o[0m
[3.456s] [ 50%] [32mBuilding C object CMakeFiles/turtlebot3_msgs__rosidl_typesupport_introspection_c.dir/rosidl_typesupport_introspection_c/turtlebot3_msgs/srv/detail/dqn__type_support.c.o[0m
[3.460s] [ 53%] [32mBuilding C object CMakeFiles/turtlebot3_msgs__rosidl_typesupport_introspection_c.dir/rosidl_typesupport_introspection_c/turtlebot3_msgs/msg/detail/sensor_state__type_support.c.o[0m
[3.461s] [ 53%] [32mBuilding C object CMakeFiles/turtlebot3_msgs__rosidl_typesupport_introspection_c.dir/rosidl_typesupport_introspection_c/turtlebot3_msgs/srv/detail/sound__type_support.c.o[0m
[3.461s] [ 54%] [32mBuilding C object CMakeFiles/turtlebot3_msgs__rosidl_typesupport_introspection_c.dir/rosidl_typesupport_introspection_c/turtlebot3_msgs/msg/detail/sound__type_support.c.o[0m
[3.462s] [ 56%] [32mBuilding C object CMakeFiles/turtlebot3_msgs__rosidl_typesupport_introspection_c.dir/rosidl_typesupport_introspection_c/turtlebot3_msgs/msg/detail/version_info__type_support.c.o[0m
[3.462s] [ 57%] [32mBuilding CXX object CMakeFiles/turtlebot3_msgs__rosidl_typesupport_fastrtps_c.dir/rosidl_typesupport_fastrtps_c/turtlebot3_msgs/msg/detail/sound__type_support_c.cpp.o[0m
[3.476s] [ 59%] [32mBuilding CXX object CMakeFiles/turtlebot3_msgs__rosidl_typesupport_fastrtps_c.dir/rosidl_typesupport_fastrtps_c/turtlebot3_msgs/msg/detail/version_info__type_support_c.cpp.o[0m
[3.533s] [ 60%] [32mBuilding C object CMakeFiles/turtlebot3_msgs__rosidl_typesupport_introspection_c.dir/rosidl_typesupport_introspection_c/turtlebot3_msgs/action/detail/patrol__type_support.c.o[0m
[3.538s] [ 61%] [32mBuilding CXX object CMakeFiles/turtlebot3_msgs__rosidl_typesupport_fastrtps_c.dir/rosidl_typesupport_fastrtps_c/turtlebot3_msgs/srv/detail/sound__type_support_c.cpp.o[0m
[3.541s] [ 63%] [32mBuilding CXX object CMakeFiles/turtlebot3_msgs__rosidl_typesupport_fastrtps_c.dir/rosidl_typesupport_fastrtps_c/turtlebot3_msgs/srv/detail/dqn__type_support_c.cpp.o[0m
[3.543s] [ 64%] [32mBuilding CXX object CMakeFiles/turtlebot3_msgs__rosidl_typesupport_fastrtps_c.dir/rosidl_typesupport_fastrtps_c/turtlebot3_msgs/action/detail/patrol__type_support_c.cpp.o[0m
[3.604s] [ 66%] [32m[1mLinking CXX shared library libturtlebot3_msgs__rosidl_typesupport_cpp.so[0m
[3.617s] [ 67%] [32m[1mLinking C shared library libturtlebot3_msgs__rosidl_typesupport_introspection_c.so[0m
[3.677s] [ 67%] Built target turtlebot3_msgs__rosidl_typesupport_cpp
[3.686s] [ 67%] Built target turtlebot3_msgs__rosidl_typesupport_introspection_c
[3.693s] [ 69%] [32mBuilding CXX object CMakeFiles/turtlebot3_msgs__rosidl_typesupport_fastrtps_cpp.dir/rosidl_typesupport_fastrtps_cpp/turtlebot3_msgs/msg/detail/dds_fastrtps/sensor_state__type_support.cpp.o[0m
[3.693s] [ 70%] [32mBuilding CXX object CMakeFiles/turtlebot3_msgs__rosidl_typesupport_fastrtps_cpp.dir/rosidl_typesupport_fastrtps_cpp/turtlebot3_msgs/msg/detail/dds_fastrtps/sound__type_support.cpp.o[0m
[3.695s] [ 71%] [32mBuilding CXX object CMakeFiles/turtlebot3_msgs__rosidl_typesupport_fastrtps_cpp.dir/rosidl_typesupport_fastrtps_cpp/turtlebot3_msgs/srv/detail/dds_fastrtps/sound__type_support.cpp.o[0m
[3.696s] [ 73%] [32mBuilding CXX object CMakeFiles/turtlebot3_msgs__rosidl_typesupport_fastrtps_cpp.dir/rosidl_typesupport_fastrtps_cpp/turtlebot3_msgs/msg/detail/dds_fastrtps/version_info__type_support.cpp.o[0m
[3.706s] [ 74%] [32mBuilding CXX object CMakeFiles/turtlebot3_msgs__rosidl_typesupport_fastrtps_cpp.dir/rosidl_typesupport_fastrtps_cpp/turtlebot3_msgs/srv/detail/dds_fastrtps/dqn__type_support.cpp.o[0m
[3.706s] [ 76%] [32mBuilding CXX object CMakeFiles/turtlebot3_msgs__rosidl_typesupport_fastrtps_cpp.dir/rosidl_typesupport_fastrtps_cpp/turtlebot3_msgs/action/detail/dds_fastrtps/patrol__type_support.cpp.o[0m
[4.057s] [ 77%] [32m[1mLinking CXX shared library libturtlebot3_msgs__rosidl_typesupport_introspection_cpp.so[0m
[4.066s] [ 78%] [32m[1mLinking CXX shared library libturtlebot3_msgs__rosidl_typesupport_fastrtps_c.so[0m
[4.174s] [ 78%] Built target turtlebot3_msgs__rosidl_typesupport_introspection_cpp
[4.175s] [ 78%] Built target turtlebot3_msgs__rosidl_typesupport_fastrtps_c
[4.278s] [ 80%] [32m[1mLinking CXX shared library libturtlebot3_msgs__rosidl_typesupport_fastrtps_cpp.so[0m
[4.335s] [ 80%] Built target turtlebot3_msgs__rosidl_typesupport_fastrtps_cpp
[4.356s] [ 80%] Built target turtlebot3_msgs
[4.376s] [ 81%] [34m[1mGenerating Python code for ROS interfaces[0m
[5.536s] [ 81%] Built target turtlebot3_msgs__py
[5.554s] [ 83%] [32mBuilding C object CMakeFiles/turtlebot3_msgs__rosidl_generator_py.dir/rosidl_generator_py/turtlebot3_msgs/action/_patrol_s.c.o[0m
[5.554s] [ 87%] [32mBuilding C object CMakeFiles/turtlebot3_msgs__rosidl_generator_py.dir/rosidl_generator_py/turtlebot3_msgs/msg/_sensor_state_s.c.o[0m
[5.555s] [ 87%] [32mBuilding C object CMakeFiles/turtlebot3_msgs__rosidl_generator_py.dir/rosidl_generator_py/turtlebot3_msgs/msg/_version_info_s.c.o[0m
[5.555s] [ 87%] [32mBuilding C object CMakeFiles/turtlebot3_msgs__rosidl_generator_py.dir/rosidl_generator_py/turtlebot3_msgs/srv/_dqn_s.c.o[0m
[5.555s] [ 88%] [32mBuilding C object CMakeFiles/turtlebot3_msgs__rosidl_generator_py.dir/rosidl_generator_py/turtlebot3_msgs/msg/_sound_s.c.o[0m
[5.555s] [ 90%] [32mBuilding C object CMakeFiles/turtlebot3_msgs__rosidl_generator_py.dir/rosidl_generator_py/turtlebot3_msgs/srv/_sound_s.c.o[0m
[5.696s] [ 91%] [32m[1mLinking C shared library rosidl_generator_py/turtlebot3_msgs/libturtlebot3_msgs__rosidl_generator_py.so[0m
[5.745s] [ 91%] Built target turtlebot3_msgs__rosidl_generator_py
[5.764s] [ 92%] [32mBuilding C object CMakeFiles/turtlebot3_msgs__rosidl_typesupport_c__pyext.dir/rosidl_generator_py/turtlebot3_msgs/_turtlebot3_msgs_s.ep.rosidl_typesupport_c.c.o[0m
[5.767s] [ 95%] [32mBuilding C object CMakeFiles/turtlebot3_msgs__rosidl_typesupport_introspection_c__pyext.dir/rosidl_generator_py/turtlebot3_msgs/_turtlebot3_msgs_s.ep.rosidl_typesupport_introspection_c.c.o[0m
[5.767s] [ 95%] [32mBuilding C object CMakeFiles/turtlebot3_msgs__rosidl_typesupport_fastrtps_c__pyext.dir/rosidl_generator_py/turtlebot3_msgs/_turtlebot3_msgs_s.ep.rosidl_typesupport_fastrtps_c.c.o[0m
[5.858s] [ 97%] [32m[1mLinking C shared library rosidl_generator_py/turtlebot3_msgs/turtlebot3_msgs_s__rosidl_typesupport_c.cpython-310-x86_64-linux-gnu.so[0m
[5.888s] [ 97%] Built target turtlebot3_msgs__rosidl_typesupport_c__pyext
[5.919s] [ 98%] [32m[1mLinking C shared library rosidl_generator_py/turtlebot3_msgs/turtlebot3_msgs_s__rosidl_typesupport_introspection_c.cpython-310-x86_64-linux-gnu.so[0m
[5.932s] [100%] [32m[1mLinking C shared library rosidl_generator_py/turtlebot3_msgs/turtlebot3_msgs_s__rosidl_typesupport_fastrtps_c.cpython-310-x86_64-linux-gnu.so[0m
[5.964s] [100%] Built target turtlebot3_msgs__rosidl_typesupport_introspection_c__pyext
[5.976s] [100%] Built target turtlebot3_msgs__rosidl_typesupport_fastrtps_c__pyext
[5.990s] Invoked command in '/home/latih/ros2-tf-real-robot-project/build/turtlebot3_msgs' returned '0': CMAKE_PREFIX_PATH=${CMAKE_PREFIX_PATH}:/home/latih/ros2-tf-real-robot-project/install/turtlebot3_teleop:/home/latih/ros2-tf-real-robot-project/install/turtlebot3_example:/opt/ros/humble /usr/bin/cmake --build /home/latih/ros2-tf-real-robot-project/build/turtlebot3_msgs -- -j16 -l16
[5.991s] Invoking command in '/home/latih/ros2-tf-real-robot-project/build/turtlebot3_msgs': CMAKE_PREFIX_PATH=${CMAKE_PREFIX_PATH}:/home/latih/ros2-tf-real-robot-project/install/turtlebot3_teleop:/home/latih/ros2-tf-real-robot-project/install/turtlebot3_example:/opt/ros/humble /usr/bin/cmake --install /home/latih/ros2-tf-real-robot-project/build/turtlebot3_msgs
[5.998s] -- Install configuration: ""
[5.998s] -- Installing: /home/latih/ros2-tf-real-robot-project/install/turtlebot3_msgs/share/ament_index/resource_index/rosidl_interfaces/turtlebot3_msgs
[5.998s] -- Installing: /home/latih/ros2-tf-real-robot-project/install/turtlebot3_msgs/include/turtlebot3_msgs/turtlebot3_msgs
[5.998s] -- Installing: /home/latih/ros2-tf-real-robot-project/install/turtlebot3_msgs/include/turtlebot3_msgs/turtlebot3_msgs/msg
[5.998s] -- Installing: /home/latih/ros2-tf-real-robot-project/install/turtlebot3_msgs/include/turtlebot3_msgs/turtlebot3_msgs/msg/detail
[5.998s] -- Installing: /home/latih/ros2-tf-real-robot-project/install/turtlebot3_msgs/include/turtlebot3_msgs/turtlebot3_msgs/msg/detail/sensor_state__functions.c
[5.998s] -- Installing: /home/latih/ros2-tf-real-robot-project/install/turtlebot3_msgs/include/turtlebot3_msgs/turtlebot3_msgs/msg/detail/sound__functions.h
[5.998s] -- Installing: /home/latih/ros2-tf-real-robot-project/install/turtlebot3_msgs/include/turtlebot3_msgs/turtlebot3_msgs/msg/detail/version_info__type_support.h
[5.998s] -- Installing: /home/latih/ros2-tf-real-robot-project/install/turtlebot3_msgs/include/turtlebot3_msgs/turtlebot3_msgs/msg/detail/sensor_state__functions.h
[5.998s] -- Installing: /home/latih/ros2-tf-real-robot-project/install/turtlebot3_msgs/include/turtlebot3_msgs/turtlebot3_msgs/msg/detail/version_info__functions.h
[5.998s] -- Installing: /home/latih/ros2-tf-real-robot-project/install/turtlebot3_msgs/include/turtlebot3_msgs/turtlebot3_msgs/msg/detail/sound__type_support.h
[5.998s] -- Installing: /home/latih/ros2-tf-real-robot-project/install/turtlebot3_msgs/include/turtlebot3_msgs/turtlebot3_msgs/msg/detail/sensor_state__type_support.h
[5.998s] -- Installing: /home/latih/ros2-tf-real-robot-project/install/turtlebot3_msgs/include/turtlebot3_msgs/turtlebot3_msgs/msg/detail/sensor_state__struct.h
[5.999s] -- Installing: /home/latih/ros2-tf-real-robot-project/install/turtlebot3_msgs/include/turtlebot3_msgs/turtlebot3_msgs/msg/detail/sound__struct.h
[5.999s] -- Installing: /home/latih/ros2-tf-real-robot-project/install/turtlebot3_msgs/include/turtlebot3_msgs/turtlebot3_msgs/msg/detail/version_info__functions.c
[5.999s] -- Installing: /home/latih/ros2-tf-real-robot-project/install/turtlebot3_msgs/include/turtlebot3_msgs/turtlebot3_msgs/msg/detail/sound__functions.c
[5.999s] -- Installing: /home/latih/ros2-tf-real-robot-project/install/turtlebot3_msgs/include/turtlebot3_msgs/turtlebot3_msgs/msg/detail/version_info__struct.h
[5.999s] -- Installing: /home/latih/ros2-tf-real-robot-project/install/turtlebot3_msgs/include/turtlebot3_msgs/turtlebot3_msgs/msg/version_info.h
[5.999s] -- Installing: /home/latih/ros2-tf-real-robot-project/install/turtlebot3_msgs/include/turtlebot3_msgs/turtlebot3_msgs/msg/rosidl_generator_c__visibility_control.h
[5.999s] -- Installing: /home/latih/ros2-tf-real-robot-project/install/turtlebot3_msgs/include/turtlebot3_msgs/turtlebot3_msgs/msg/sound.h
[5.999s] -- Installing: /home/latih/ros2-tf-real-robot-project/install/turtlebot3_msgs/include/turtlebot3_msgs/turtlebot3_msgs/msg/sensor_state.h
[5.999s] -- Installing: /home/latih/ros2-tf-real-robot-project/install/turtlebot3_msgs/include/turtlebot3_msgs/turtlebot3_msgs/srv
[5.999s] -- Installing: /home/latih/ros2-tf-real-robot-project/install/turtlebot3_msgs/include/turtlebot3_msgs/turtlebot3_msgs/srv/dqn.h
[5.999s] -- Installing: /home/latih/ros2-tf-real-robot-project/install/turtlebot3_msgs/include/turtlebot3_msgs/turtlebot3_msgs/srv/detail
[5.999s] -- Installing: /home/latih/ros2-tf-real-robot-project/install/turtlebot3_msgs/include/turtlebot3_msgs/turtlebot3_msgs/srv/detail/dqn__functions.h
[5.999s] -- Installing: /home/latih/ros2-tf-real-robot-project/install/turtlebot3_msgs/include/turtlebot3_msgs/turtlebot3_msgs/srv/detail/sound__functions.h
[5.999s] -- Installing: /home/latih/ros2-tf-real-robot-project/install/turtlebot3_msgs/include/turtlebot3_msgs/turtlebot3_msgs/srv/detail/dqn__functions.c
[5.999s] -- Installing: /home/latih/ros2-tf-real-robot-project/install/turtlebot3_msgs/include/turtlebot3_msgs/turtlebot3_msgs/srv/detail/dqn__struct.h
[5.999s] -- Installing: /home/latih/ros2-tf-real-robot-project/install/turtlebot3_msgs/include/turtlebot3_msgs/turtlebot3_msgs/srv/detail/sound__type_support.h
[5.999s] -- Installing: /home/latih/ros2-tf-real-robot-project/install/turtlebot3_msgs/include/turtlebot3_msgs/turtlebot3_msgs/srv/detail/sound__struct.h
[6.000s] -- Installing: /home/latih/ros2-tf-real-robot-project/install/turtlebot3_msgs/include/turtlebot3_msgs/turtlebot3_msgs/srv/detail/dqn__type_support.h
[6.000s] -- Installing: /home/latih/ros2-tf-real-robot-project/install/turtlebot3_msgs/include/turtlebot3_msgs/turtlebot3_msgs/srv/detail/sound__functions.c
[6.000s] -- Installing: /home/latih/ros2-tf-real-robot-project/install/turtlebot3_msgs/include/turtlebot3_msgs/turtlebot3_msgs/srv/sound.h
[6.000s] -- Installing: /home/latih/ros2-tf-real-robot-project/install/turtlebot3_msgs/include/turtlebot3_msgs/turtlebot3_msgs/action
[6.000s] -- Installing: /home/latih/ros2-tf-real-robot-project/install/turtlebot3_msgs/include/turtlebot3_msgs/turtlebot3_msgs/action/detail
[6.000s] -- Installing: /home/latih/ros2-tf-real-robot-project/install/turtlebot3_msgs/include/turtlebot3_msgs/turtlebot3_msgs/action/detail/patrol__type_support.h
[6.000s] -- Installing: /home/latih/ros2-tf-real-robot-project/install/turtlebot3_msgs/include/turtlebot3_msgs/turtlebot3_msgs/action/detail/patrol__functions.c
[6.000s] -- Installing: /home/latih/ros2-tf-real-robot-project/install/turtlebot3_msgs/include/turtlebot3_msgs/turtlebot3_msgs/action/detail/patrol__struct.h
[6.000s] -- Installing: /home/latih/ros2-tf-real-robot-project/install/turtlebot3_msgs/include/turtlebot3_msgs/turtlebot3_msgs/action/detail/patrol__functions.h
[6.000s] -- Installing: /home/latih/ros2-tf-real-robot-project/install/turtlebot3_msgs/include/turtlebot3_msgs/turtlebot3_msgs/action/patrol.h
[6.000s] -- Installing: /home/latih/ros2-tf-real-robot-project/install/turtlebot3_msgs/share/turtlebot3_msgs/environment/library_path.sh
[6.000s] -- Installing: /home/latih/ros2-tf-real-robot-project/install/turtlebot3_msgs/share/turtlebot3_msgs/environment/library_path.dsv
[6.000s] -- Installing: /home/latih/ros2-tf-real-robot-project/install/turtlebot3_msgs/lib/libturtlebot3_msgs__rosidl_generator_c.so
[6.000s] -- Set runtime path of "/home/latih/ros2-tf-real-robot-project/install/turtlebot3_msgs/lib/libturtlebot3_msgs__rosidl_generator_c.so" to ""
[6.000s] -- Up-to-date: /home/latih/ros2-tf-real-robot-project/install/turtlebot3_msgs/include/turtlebot3_msgs/turtlebot3_msgs
[6.001s] -- Up-to-date: /home/latih/ros2-tf-real-robot-project/install/turtlebot3_msgs/include/turtlebot3_msgs/turtlebot3_msgs/msg
[6.001s] -- Up-to-date: /home/latih/ros2-tf-real-robot-project/install/turtlebot3_msgs/include/turtlebot3_msgs/turtlebot3_msgs/msg/detail
[6.001s] -- Installing: /home/latih/ros2-tf-real-robot-project/install/turtlebot3_msgs/include/turtlebot3_msgs/turtlebot3_msgs/msg/detail/sensor_state__rosidl_typesupport_fastrtps_c.h
[6.001s] -- Installing: /home/latih/ros2-tf-real-robot-project/install/turtlebot3_msgs/include/turtlebot3_msgs/turtlebot3_msgs/msg/detail/sound__rosidl_typesupport_fastrtps_c.h
[6.001s] -- Installing: /home/latih/ros2-tf-real-robot-project/install/turtlebot3_msgs/include/turtlebot3_msgs/turtlebot3_msgs/msg/detail/version_info__rosidl_typesupport_fastrtps_c.h
[6.001s] -- Installing: /home/latih/ros2-tf-real-robot-project/install/turtlebot3_msgs/include/turtlebot3_msgs/turtlebot3_msgs/msg/rosidl_typesupport_fastrtps_c__visibility_control.h
[6.001s] -- Up-to-date: /home/latih/ros2-tf-real-robot-project/install/turtlebot3_msgs/include/turtlebot3_msgs/turtlebot3_msgs/srv
[6.001s] -- Up-to-date: /home/latih/ros2-tf-real-robot-project/install/turtlebot3_msgs/include/turtlebot3_msgs/turtlebot3_msgs/srv/detail
[6.001s] -- Installing: /home/latih/ros2-tf-real-robot-project/install/turtlebot3_msgs/include/turtlebot3_msgs/turtlebot3_msgs/srv/detail/dqn__rosidl_typesupport_fastrtps_c.h
[6.001s] -- Installing: /home/latih/ros2-tf-real-robot-project/install/turtlebot3_msgs/include/turtlebot3_msgs/turtlebot3_msgs/srv/detail/sound__rosidl_typesupport_fastrtps_c.h
[6.001s] -- Up-to-date: /home/latih/ros2-tf-real-robot-project/install/turtlebot3_msgs/include/turtlebot3_msgs/turtlebot3_msgs/action
[6.001s] -- Up-to-date: /home/latih/ros2-tf-real-robot-project/install/turtlebot3_msgs/include/turtlebot3_msgs/turtlebot3_msgs/action/detail
[6.001s] -- Installing: /home/latih/ros2-tf-real-robot-project/install/turtlebot3_msgs/include/turtlebot3_msgs/turtlebot3_msgs/action/detail/patrol__rosidl_typesupport_fastrtps_c.h
[6.002s] -- Installing: /home/latih/ros2-tf-real-robot-project/install/turtlebot3_msgs/lib/libturtlebot3_msgs__rosidl_typesupport_fastrtps_c.so
[6.002s] -- Set runtime path of "/home/latih/ros2-tf-real-robot-project/install/turtlebot3_msgs/lib/libturtlebot3_msgs__rosidl_typesupport_fastrtps_c.so" to ""
[6.002s] -- Up-to-date: /home/latih/ros2-tf-real-robot-project/install/turtlebot3_msgs/include/turtlebot3_msgs/turtlebot3_msgs
[6.002s] -- Up-to-date: /home/latih/ros2-tf-real-robot-project/install/turtlebot3_msgs/include/turtlebot3_msgs/turtlebot3_msgs/msg
[6.002s] -- Installing: /home/latih/ros2-tf-real-robot-project/install/turtlebot3_msgs/include/turtlebot3_msgs/turtlebot3_msgs/msg/version_info.hpp
[6.002s] -- Up-to-date: /home/latih/ros2-tf-real-robot-project/install/turtlebot3_msgs/include/turtlebot3_msgs/turtlebot3_msgs/msg/detail
[6.002s] -- Installing: /home/latih/ros2-tf-real-robot-project/install/turtlebot3_msgs/include/turtlebot3_msgs/turtlebot3_msgs/msg/detail/version_info__traits.hpp
[6.002s] -- Installing: /home/latih/ros2-tf-real-robot-project/install/turtlebot3_msgs/include/turtlebot3_msgs/turtlebot3_msgs/msg/detail/sound__struct.hpp
[6.002s] -- Installing: /home/latih/ros2-tf-real-robot-project/install/turtlebot3_msgs/include/turtlebot3_msgs/turtlebot3_msgs/msg/detail/sound__type_support.hpp
[6.002s] -- Installing: /home/latih/ros2-tf-real-robot-project/install/turtlebot3_msgs/include/turtlebot3_msgs/turtlebot3_msgs/msg/detail/sensor_state__struct.hpp
[6.002s] -- Installing: /home/latih/ros2-tf-real-robot-project/install/turtlebot3_msgs/include/turtlebot3_msgs/turtlebot3_msgs/msg/detail/sound__builder.hpp
[6.002s] -- Installing: /home/latih/ros2-tf-real-robot-project/install/turtlebot3_msgs/include/turtlebot3_msgs/turtlebot3_msgs/msg/detail/sensor_state__type_support.hpp
[6.002s] -- Installing: /home/latih/ros2-tf-real-robot-project/install/turtlebot3_msgs/include/turtlebot3_msgs/turtlebot3_msgs/msg/detail/version_info__type_support.hpp
[6.002s] -- Installing: /home/latih/ros2-tf-real-robot-project/install/turtlebot3_msgs/include/turtlebot3_msgs/turtlebot3_msgs/msg/detail/version_info__builder.hpp
[6.002s] -- Installing: /home/latih/ros2-tf-real-robot-project/install/turtlebot3_msgs/include/turtlebot3_msgs/turtlebot3_msgs/msg/detail/version_info__struct.hpp
[6.003s] -- Installing: /home/latih/ros2-tf-real-robot-project/install/turtlebot3_msgs/include/turtlebot3_msgs/turtlebot3_msgs/msg/detail/sensor_state__traits.hpp
[6.003s] -- Installing: /home/latih/ros2-tf-real-robot-project/install/turtlebot3_msgs/include/turtlebot3_msgs/turtlebot3_msgs/msg/detail/sound__traits.hpp
[6.003s] -- Installing: /home/latih/ros2-tf-real-robot-project/install/turtlebot3_msgs/include/turtlebot3_msgs/turtlebot3_msgs/msg/detail/sensor_state__builder.hpp
[6.003s] -- Installing: /home/latih/ros2-tf-real-robot-project/install/turtlebot3_msgs/include/turtlebot3_msgs/turtlebot3_msgs/msg/sound.hpp
[6.003s] -- Installing: /home/latih/ros2-tf-real-robot-project/install/turtlebot3_msgs/include/turtlebot3_msgs/turtlebot3_msgs/msg/sensor_state.hpp
[6.003s] -- Installing: /home/latih/ros2-tf-real-robot-project/install/turtlebot3_msgs/include/turtlebot3_msgs/turtlebot3_msgs/msg/rosidl_generator_cpp__visibility_control.hpp
[6.003s] -- Up-to-date: /home/latih/ros2-tf-real-robot-project/install/turtlebot3_msgs/include/turtlebot3_msgs/turtlebot3_msgs/srv
[6.003s] -- Up-to-date: /home/latih/ros2-tf-real-robot-project/install/turtlebot3_msgs/include/turtlebot3_msgs/turtlebot3_msgs/srv/detail
[6.003s] -- Installing: /home/latih/ros2-tf-real-robot-project/install/turtlebot3_msgs/include/turtlebot3_msgs/turtlebot3_msgs/srv/detail/dqn__traits.hpp
[6.003s] -- Installing: /home/latih/ros2-tf-real-robot-project/install/turtlebot3_msgs/include/turtlebot3_msgs/turtlebot3_msgs/srv/detail/sound__struct.hpp
[6.003s] -- Installing: /home/latih/ros2-tf-real-robot-project/install/turtlebot3_msgs/include/turtlebot3_msgs/turtlebot3_msgs/srv/detail/sound__type_support.hpp
[6.003s] -- Installing: /home/latih/ros2-tf-real-robot-project/install/turtlebot3_msgs/include/turtlebot3_msgs/turtlebot3_msgs/srv/detail/sound__builder.hpp
[6.003s] -- Installing: /home/latih/ros2-tf-real-robot-project/install/turtlebot3_msgs/include/turtlebot3_msgs/turtlebot3_msgs/srv/detail/dqn__struct.hpp
[6.003s] -- Installing: /home/latih/ros2-tf-real-robot-project/install/turtlebot3_msgs/include/turtlebot3_msgs/turtlebot3_msgs/srv/detail/dqn__builder.hpp
[6.003s] -- Installing: /home/latih/ros2-tf-real-robot-project/install/turtlebot3_msgs/include/turtlebot3_msgs/turtlebot3_msgs/srv/detail/dqn__type_support.hpp
[6.003s] -- Installing: /home/latih/ros2-tf-real-robot-project/install/turtlebot3_msgs/include/turtlebot3_msgs/turtlebot3_msgs/srv/detail/sound__traits.hpp
[6.003s] -- Installing: /home/latih/ros2-tf-real-robot-project/install/turtlebot3_msgs/include/turtlebot3_msgs/turtlebot3_msgs/srv/sound.hpp
[6.003s] -- Installing: /home/latih/ros2-tf-real-robot-project/install/turtlebot3_msgs/include/turtlebot3_msgs/turtlebot3_msgs/srv/dqn.hpp
[6.003s] -- Up-to-date: /home/latih/ros2-tf-real-robot-project/install/turtlebot3_msgs/include/turtlebot3_msgs/turtlebot3_msgs/action
[6.004s] -- Up-to-date: /home/latih/ros2-tf-real-robot-project/install/turtlebot3_msgs/include/turtlebot3_msgs/turtlebot3_msgs/action/detail
[6.004s] -- Installing: /home/latih/ros2-tf-real-robot-project/install/turtlebot3_msgs/include/turtlebot3_msgs/turtlebot3_msgs/action/detail/patrol__struct.hpp
[6.004s] -- Installing: /home/latih/ros2-tf-real-robot-project/install/turtlebot3_msgs/include/turtlebot3_msgs/turtlebot3_msgs/action/detail/patrol__builder.hpp
[6.004s] -- Installing: /home/latih/ros2-tf-real-robot-project/install/turtlebot3_msgs/include/turtlebot3_msgs/turtlebot3_msgs/action/detail/patrol__type_support.hpp
[6.004s] -- Installing: /home/latih/ros2-tf-real-robot-project/install/turtlebot3_msgs/include/turtlebot3_msgs/turtlebot3_msgs/action/detail/patrol__traits.hpp
[6.004s] -- Installing: /home/latih/ros2-tf-real-robot-project/install/turtlebot3_msgs/include/turtlebot3_msgs/turtlebot3_msgs/action/patrol.hpp
[6.004s] -- Up-to-date: /home/latih/ros2-tf-real-robot-project/install/turtlebot3_msgs/include/turtlebot3_msgs/turtlebot3_msgs
[6.004s] -- Up-to-date: /home/latih/ros2-tf-real-robot-project/install/turtlebot3_msgs/include/turtlebot3_msgs/turtlebot3_msgs/msg
[6.004s] -- Up-to-date: /home/latih/ros2-tf-real-robot-project/install/turtlebot3_msgs/include/turtlebot3_msgs/turtlebot3_msgs/msg/detail
[6.004s] -- Installing: /home/latih/ros2-tf-real-robot-project/install/turtlebot3_msgs/include/turtlebot3_msgs/turtlebot3_msgs/msg/detail/version_info__rosidl_typesupport_fastrtps_cpp.hpp
[6.004s] -- Installing: /home/latih/ros2-tf-real-robot-project/install/turtlebot3_msgs/include/turtlebot3_msgs/turtlebot3_msgs/msg/detail/sensor_state__rosidl_typesupport_fastrtps_cpp.hpp
[6.004s] -- Installing: /home/latih/ros2-tf-real-robot-project/install/turtlebot3_msgs/include/turtlebot3_msgs/turtlebot3_msgs/msg/detail/dds_fastrtps
[6.004s] -- Installing: /home/latih/ros2-tf-real-robot-project/install/turtlebot3_msgs/include/turtlebot3_msgs/turtlebot3_msgs/msg/detail/sound__rosidl_typesupport_fastrtps_cpp.hpp
[6.004s] -- Installing: /home/latih/ros2-tf-real-robot-project/install/turtlebot3_msgs/include/turtlebot3_msgs/turtlebot3_msgs/msg/rosidl_typesupport_fastrtps_cpp__visibility_control.h
[6.004s] -- Up-to-date: /home/latih/ros2-tf-real-robot-project/install/turtlebot3_msgs/include/turtlebot3_msgs/turtlebot3_msgs/srv
[6.004s] -- Up-to-date: /home/latih/ros2-tf-real-robot-project/install/turtlebot3_msgs/include/turtlebot3_msgs/turtlebot3_msgs/srv/detail
[6.005s] -- Installing: /home/latih/ros2-tf-real-robot-project/install/turtlebot3_msgs/include/turtlebot3_msgs/turtlebot3_msgs/srv/detail/dqn__rosidl_typesupport_fastrtps_cpp.hpp
[6.005s] -- Installing: /home/latih/ros2-tf-real-robot-project/install/turtlebot3_msgs/include/turtlebot3_msgs/turtlebot3_msgs/srv/detail/dds_fastrtps
[6.005s] -- Installing: /home/latih/ros2-tf-real-robot-project/install/turtlebot3_msgs/include/turtlebot3_msgs/turtlebot3_msgs/srv/detail/sound__rosidl_typesupport_fastrtps_cpp.hpp
[6.005s] -- Up-to-date: /home/latih/ros2-tf-real-robot-project/install/turtlebot3_msgs/include/turtlebot3_msgs/turtlebot3_msgs/action
[6.005s] -- Up-to-date: /home/latih/ros2-tf-real-robot-project/install/turtlebot3_msgs/include/turtlebot3_msgs/turtlebot3_msgs/action/detail
[6.005s] -- Installing: /home/latih/ros2-tf-real-robot-project/install/turtlebot3_msgs/include/turtlebot3_msgs/turtlebot3_msgs/action/detail/dds_fastrtps
[6.005s] -- Installing: /home/latih/ros2-tf-real-robot-project/install/turtlebot3_msgs/include/turtlebot3_msgs/turtlebot3_msgs/action/detail/patrol__rosidl_typesupport_fastrtps_cpp.hpp
[6.005s] -- Installing: /home/latih/ros2-tf-real-robot-project/install/turtlebot3_msgs/lib/libturtlebot3_msgs__rosidl_typesupport_fastrtps_cpp.so
[6.005s] -- Set runtime path of "/home/latih/ros2-tf-real-robot-project/install/turtlebot3_msgs/lib/libturtlebot3_msgs__rosidl_typesupport_fastrtps_cpp.so" to ""
[6.005s] -- Up-to-date: /home/latih/ros2-tf-real-robot-project/install/turtlebot3_msgs/include/turtlebot3_msgs/turtlebot3_msgs
[6.005s] -- Up-to-date: /home/latih/ros2-tf-real-robot-project/install/turtlebot3_msgs/include/turtlebot3_msgs/turtlebot3_msgs/msg
[6.005s] -- Up-to-date: /home/latih/ros2-tf-real-robot-project/install/turtlebot3_msgs/include/turtlebot3_msgs/turtlebot3_msgs/msg/detail
[6.005s] -- Installing: /home/latih/ros2-tf-real-robot-project/install/turtlebot3_msgs/include/turtlebot3_msgs/turtlebot3_msgs/msg/detail/sound__rosidl_typesupport_introspection_c.h
[6.005s] -- Installing: /home/latih/ros2-tf-real-robot-project/install/turtlebot3_msgs/include/turtlebot3_msgs/turtlebot3_msgs/msg/detail/version_info__type_support.c
[6.005s] -- Installing: /home/latih/ros2-tf-real-robot-project/install/turtlebot3_msgs/include/turtlebot3_msgs/turtlebot3_msgs/msg/detail/sensor_state__type_support.c
[6.005s] -- Installing: /home/latih/ros2-tf-real-robot-project/install/turtlebot3_msgs/include/turtlebot3_msgs/turtlebot3_msgs/msg/detail/version_info__rosidl_typesupport_introspection_c.h
[6.006s] -- Installing: /home/latih/ros2-tf-real-robot-project/install/turtlebot3_msgs/include/turtlebot3_msgs/turtlebot3_msgs/msg/detail/sound__type_support.c
[6.006s] -- Installing: /home/latih/ros2-tf-real-robot-project/install/turtlebot3_msgs/include/turtlebot3_msgs/turtlebot3_msgs/msg/detail/sensor_state__rosidl_typesupport_introspection_c.h
[6.006s] -- Installing: /home/latih/ros2-tf-real-robot-project/install/turtlebot3_msgs/include/turtlebot3_msgs/turtlebot3_msgs/msg/rosidl_typesupport_introspection_c__visibility_control.h
[6.006s] -- Up-to-date: /home/latih/ros2-tf-real-robot-project/install/turtlebot3_msgs/include/turtlebot3_msgs/turtlebot3_msgs/srv
[6.006s] -- Up-to-date: /home/latih/ros2-tf-real-robot-project/install/turtlebot3_msgs/include/turtlebot3_msgs/turtlebot3_msgs/srv/detail
[6.006s] -- Installing: /home/latih/ros2-tf-real-robot-project/install/turtlebot3_msgs/include/turtlebot3_msgs/turtlebot3_msgs/srv/detail/dqn__rosidl_typesupport_introspection_c.h
[6.006s] -- Installing: /home/latih/ros2-tf-real-robot-project/install/turtlebot3_msgs/include/turtlebot3_msgs/turtlebot3_msgs/srv/detail/sound__rosidl_typesupport_introspection_c.h
[6.006s] -- Installing: /home/latih/ros2-tf-real-robot-project/install/turtlebot3_msgs/include/turtlebot3_msgs/turtlebot3_msgs/srv/detail/dqn__type_support.c
[6.006s] -- Installing: /home/latih/ros2-tf-real-robot-project/install/turtlebot3_msgs/include/turtlebot3_msgs/turtlebot3_msgs/srv/detail/sound__type_support.c
[6.006s] -- Up-to-date: /home/latih/ros2-tf-real-robot-project/install/turtlebot3_msgs/include/turtlebot3_msgs/turtlebot3_msgs/action
[6.006s] -- Up-to-date: /home/latih/ros2-tf-real-robot-project/install/turtlebot3_msgs/include/turtlebot3_msgs/turtlebot3_msgs/action/detail
[6.006s] -- Installing: /home/latih/ros2-tf-real-robot-project/install/turtlebot3_msgs/include/turtlebot3_msgs/turtlebot3_msgs/action/detail/patrol__type_support.c
[6.006s] -- Installing: /home/latih/ros2-tf-real-robot-project/install/turtlebot3_msgs/include/turtlebot3_msgs/turtlebot3_msgs/action/detail/patrol__rosidl_typesupport_introspection_c.h
[6.006s] -- Installing: /home/latih/ros2-tf-real-robot-project/install/turtlebot3_msgs/lib/libturtlebot3_msgs__rosidl_typesupport_introspection_c.so
[6.006s] -- Set runtime path of "/home/latih/ros2-tf-real-robot-project/install/turtlebot3_msgs/lib/libturtlebot3_msgs__rosidl_typesupport_introspection_c.so" to ""
[6.006s] -- Installing: /home/latih/ros2-tf-real-robot-project/install/turtlebot3_msgs/lib/libturtlebot3_msgs__rosidl_typesupport_c.so
[6.006s] -- Set runtime path of "/home/latih/ros2-tf-real-robot-project/install/turtlebot3_msgs/lib/libturtlebot3_msgs__rosidl_typesupport_c.so" to ""
[6.006s] -- Up-to-date: /home/latih/ros2-tf-real-robot-project/install/turtlebot3_msgs/include/turtlebot3_msgs/turtlebot3_msgs
[6.007s] -- Up-to-date: /home/latih/ros2-tf-real-robot-project/install/turtlebot3_msgs/include/turtlebot3_msgs/turtlebot3_msgs/msg
[6.007s] -- Up-to-date: /home/latih/ros2-tf-real-robot-project/install/turtlebot3_msgs/include/turtlebot3_msgs/turtlebot3_msgs/msg/detail
[6.007s] -- Installing: /home/latih/ros2-tf-real-robot-project/install/turtlebot3_msgs/include/turtlebot3_msgs/turtlebot3_msgs/msg/detail/sound__type_support.cpp
[6.007s] -- Installing: /home/latih/ros2-tf-real-robot-project/install/turtlebot3_msgs/include/turtlebot3_msgs/turtlebot3_msgs/msg/detail/sensor_state__rosidl_typesupport_introspection_cpp.hpp
[6.007s] -- Installing: /home/latih/ros2-tf-real-robot-project/install/turtlebot3_msgs/include/turtlebot3_msgs/turtlebot3_msgs/msg/detail/sensor_state__type_support.cpp
[6.007s] -- Installing: /home/latih/ros2-tf-real-robot-project/install/turtlebot3_msgs/include/turtlebot3_msgs/turtlebot3_msgs/msg/detail/sound__rosidl_typesupport_introspection_cpp.hpp
[6.007s] -- Installing: /home/latih/ros2-tf-real-robot-project/install/turtlebot3_msgs/include/turtlebot3_msgs/turtlebot3_msgs/msg/detail/version_info__rosidl_typesupport_introspection_cpp.hpp
[6.007s] -- Installing: /home/latih/ros2-tf-real-robot-project/install/turtlebot3_msgs/include/turtlebot3_msgs/turtlebot3_msgs/msg/detail/version_info__type_support.cpp
[6.007s] -- Up-to-date: /home/latih/ros2-tf-real-robot-project/install/turtlebot3_msgs/include/turtlebot3_msgs/turtlebot3_msgs/srv
[6.007s] -- Up-to-date: /home/latih/ros2-tf-real-robot-project/install/turtlebot3_msgs/include/turtlebot3_msgs/turtlebot3_msgs/srv/detail
[6.007s] -- Installing: /home/latih/ros2-tf-real-robot-project/install/turtlebot3_msgs/include/turtlebot3_msgs/turtlebot3_msgs/srv/detail/sound__type_support.cpp
[6.007s] -- Installing: /home/latih/ros2-tf-real-robot-project/install/turtlebot3_msgs/include/turtlebot3_msgs/turtlebot3_msgs/srv/detail/dqn__rosidl_typesupport_introspection_cpp.hpp
[6.007s] -- Installing: /home/latih/ros2-tf-real-robot-project/install/turtlebot3_msgs/include/turtlebot3_msgs/turtlebot3_msgs/srv/detail/dqn__type_support.cpp
[6.007s] -- Installing: /home/latih/ros2-tf-real-robot-project/install/turtlebot3_msgs/include/turtlebot3_msgs/turtlebot3_msgs/srv/detail/sound__rosidl_typesupport_introspection_cpp.hpp
[6.007s] -- Up-to-date: /home/latih/ros2-tf-real-robot-project/install/turtlebot3_msgs/include/turtlebot3_msgs/turtlebot3_msgs/action
[6.007s] -- Up-to-date: /home/latih/ros2-tf-real-robot-project/install/turtlebot3_msgs/include/turtlebot3_msgs/turtlebot3_msgs/action/detail
[6.007s] -- Installing: /home/latih/ros2-tf-real-robot-project/install/turtlebot3_msgs/include/turtlebot3_msgs/turtlebot3_msgs/action/detail/patrol__rosidl_typesupport_introspection_cpp.hpp
[6.007s] -- Installing: /home/latih/ros2-tf-real-robot-project/install/turtlebot3_msgs/include/turtlebot3_msgs/turtlebot3_msgs/action/detail/patrol__type_support.cpp
[6.007s] -- Installing: /home/latih/ros2-tf-real-robot-project/install/turtlebot3_msgs/lib/libturtlebot3_msgs__rosidl_typesupport_introspection_cpp.so
[6.008s] -- Set runtime path of "/home/latih/ros2-tf-real-robot-project/install/turtlebot3_msgs/lib/libturtlebot3_msgs__rosidl_typesupport_introspection_cpp.so" to ""
[6.008s] -- Installing: /home/latih/ros2-tf-real-robot-project/install/turtlebot3_msgs/lib/libturtlebot3_msgs__rosidl_typesupport_cpp.so
[6.008s] -- Set runtime path of "/home/latih/ros2-tf-real-robot-project/install/turtlebot3_msgs/lib/libturtlebot3_msgs__rosidl_typesupport_cpp.so" to ""
[6.008s] -- Installing: /home/latih/ros2-tf-real-robot-project/install/turtlebot3_msgs/share/turtlebot3_msgs/environment/pythonpath.sh
[6.008s] -- Installing: /home/latih/ros2-tf-real-robot-project/install/turtlebot3_msgs/share/turtlebot3_msgs/environment/pythonpath.dsv
[6.008s] -- Installing: /home/latih/ros2-tf-real-robot-project/install/turtlebot3_msgs/local/lib/python3.10/dist-packages/turtlebot3_msgs-2.2.3-py3.10.egg-info
[6.008s] -- Installing: /home/latih/ros2-tf-real-robot-project/install/turtlebot3_msgs/local/lib/python3.10/dist-packages/turtlebot3_msgs-2.2.3-py3.10.egg-info/top_level.txt
[6.008s] -- Installing: /home/latih/ros2-tf-real-robot-project/install/turtlebot3_msgs/local/lib/python3.10/dist-packages/turtlebot3_msgs-2.2.3-py3.10.egg-info/PKG-INFO
[6.008s] -- Installing: /home/latih/ros2-tf-real-robot-project/install/turtlebot3_msgs/local/lib/python3.10/dist-packages/turtlebot3_msgs-2.2.3-py3.10.egg-info/SOURCES.txt
[6.008s] -- Installing: /home/latih/ros2-tf-real-robot-project/install/turtlebot3_msgs/local/lib/python3.10/dist-packages/turtlebot3_msgs-2.2.3-py3.10.egg-info/dependency_links.txt
[6.008s] -- Installing: /home/latih/ros2-tf-real-robot-project/install/turtlebot3_msgs/local/lib/python3.10/dist-packages/turtlebot3_msgs
[6.008s] -- Installing: /home/latih/ros2-tf-real-robot-project/install/turtlebot3_msgs/local/lib/python3.10/dist-packages/turtlebot3_msgs/_turtlebot3_msgs_s.ep.rosidl_typesupport_c.c
[6.008s] -- Installing: /home/latih/ros2-tf-real-robot-project/install/turtlebot3_msgs/local/lib/python3.10/dist-packages/turtlebot3_msgs/__init__.py
[6.008s] -- Installing: /home/latih/ros2-tf-real-robot-project/install/turtlebot3_msgs/local/lib/python3.10/dist-packages/turtlebot3_msgs/msg
[6.008s] -- Installing: /home/latih/ros2-tf-real-robot-project/install/turtlebot3_msgs/local/lib/python3.10/dist-packages/turtlebot3_msgs/msg/_version_info.py
[6.008s] -- Installing: /home/latih/ros2-tf-real-robot-project/install/turtlebot3_msgs/local/lib/python3.10/dist-packages/turtlebot3_msgs/msg/__init__.py
[6.008s] -- Installing: /home/latih/ros2-tf-real-robot-project/install/turtlebot3_msgs/local/lib/python3.10/dist-packages/turtlebot3_msgs/msg/_version_info_s.c
[6.008s] -- Installing: /home/latih/ros2-tf-real-robot-project/install/turtlebot3_msgs/local/lib/python3.10/dist-packages/turtlebot3_msgs/msg/_sensor_state.py
[6.008s] -- Installing: /home/latih/ros2-tf-real-robot-project/install/turtlebot3_msgs/local/lib/python3.10/dist-packages/turtlebot3_msgs/msg/_sound.py
[6.008s] -- Installing: /home/latih/ros2-tf-real-robot-project/install/turtlebot3_msgs/local/lib/python3.10/dist-packages/turtlebot3_msgs/msg/_sensor_state_s.c
[6.008s] -- Installing: /home/latih/ros2-tf-real-robot-project/install/turtlebot3_msgs/local/lib/python3.10/dist-packages/turtlebot3_msgs/msg/_sound_s.c
[6.009s] -- Installing: /home/latih/ros2-tf-real-robot-project/install/turtlebot3_msgs/local/lib/python3.10/dist-packages/turtlebot3_msgs/srv
[6.009s] -- Installing: /home/latih/ros2-tf-real-robot-project/install/turtlebot3_msgs/local/lib/python3.10/dist-packages/turtlebot3_msgs/srv/__init__.py
[6.009s] -- Installing: /home/latih/ros2-tf-real-robot-project/install/turtlebot3_msgs/local/lib/python3.10/dist-packages/turtlebot3_msgs/srv/_sound.py
[6.009s] -- Installing: /home/latih/ros2-tf-real-robot-project/install/turtlebot3_msgs/local/lib/python3.10/dist-packages/turtlebot3_msgs/srv/_dqn_s.c
[6.009s] -- Installing: /home/latih/ros2-tf-real-robot-project/install/turtlebot3_msgs/local/lib/python3.10/dist-packages/turtlebot3_msgs/srv/_dqn.py
[6.009s] -- Installing: /home/latih/ros2-tf-real-robot-project/install/turtlebot3_msgs/local/lib/python3.10/dist-packages/turtlebot3_msgs/srv/_sound_s.c
[6.009s] -- Installing: /home/latih/ros2-tf-real-robot-project/install/turtlebot3_msgs/local/lib/python3.10/dist-packages/turtlebot3_msgs/turtlebot3_msgs_s__rosidl_typesupport_fastrtps_c.cpython-310-x86_64-linux-gnu.so
[6.009s] -- Installing: /home/latih/ros2-tf-real-robot-project/install/turtlebot3_msgs/local/lib/python3.10/dist-packages/turtlebot3_msgs/_turtlebot3_msgs_s.ep.rosidl_typesupport_fastrtps_c.c
[6.009s] -- Installing: /home/latih/ros2-tf-real-robot-project/install/turtlebot3_msgs/local/lib/python3.10/dist-packages/turtlebot3_msgs/turtlebot3_msgs_s__rosidl_typesupport_c.cpython-310-x86_64-linux-gnu.so
[6.009s] -- Installing: /home/latih/ros2-tf-real-robot-project/install/turtlebot3_msgs/local/lib/python3.10/dist-packages/turtlebot3_msgs/libturtlebot3_msgs__rosidl_generator_py.so
[6.009s] -- Installing: /home/latih/ros2-tf-real-robot-project/install/turtlebot3_msgs/local/lib/python3.10/dist-packages/turtlebot3_msgs/turtlebot3_msgs_s__rosidl_typesupport_introspection_c.cpython-310-x86_64-linux-gnu.so
[6.009s] -- Installing: /home/latih/ros2-tf-real-robot-project/install/turtlebot3_msgs/local/lib/python3.10/dist-packages/turtlebot3_msgs/action
[6.009s] -- Installing: /home/latih/ros2-tf-real-robot-project/install/turtlebot3_msgs/local/lib/python3.10/dist-packages/turtlebot3_msgs/action/__init__.py
[6.009s] -- Installing: /home/latih/ros2-tf-real-robot-project/install/turtlebot3_msgs/local/lib/python3.10/dist-packages/turtlebot3_msgs/action/_patrol_s.c
[6.009s] -- Installing: /home/latih/ros2-tf-real-robot-project/install/turtlebot3_msgs/local/lib/python3.10/dist-packages/turtlebot3_msgs/action/_patrol.py
[6.009s] -- Installing: /home/latih/ros2-tf-real-robot-project/install/turtlebot3_msgs/local/lib/python3.10/dist-packages/turtlebot3_msgs/_turtlebot3_msgs_s.ep.rosidl_typesupport_introspection_c.c
[6.044s] Listing '/home/latih/ros2-tf-real-robot-project/install/turtlebot3_msgs/local/lib/python3.10/dist-packages/turtlebot3_msgs'...
[6.044s] Compiling '/home/latih/ros2-tf-real-robot-project/install/turtlebot3_msgs/local/lib/python3.10/dist-packages/turtlebot3_msgs/__init__.py'...
[6.044s] Listing '/home/latih/ros2-tf-real-robot-project/install/turtlebot3_msgs/local/lib/python3.10/dist-packages/turtlebot3_msgs/action'...
[6.045s] Compiling '/home/latih/ros2-tf-real-robot-project/install/turtlebot3_msgs/local/lib/python3.10/dist-packages/turtlebot3_msgs/action/__init__.py'...
[6.045s] Compiling '/home/latih/ros2-tf-real-robot-project/install/turtlebot3_msgs/local/lib/python3.10/dist-packages/turtlebot3_msgs/action/_patrol.py'...
[6.045s] Listing '/home/latih/ros2-tf-real-robot-project/install/turtlebot3_msgs/local/lib/python3.10/dist-packages/turtlebot3_msgs/msg'...
[6.045s] Compiling '/home/latih/ros2-tf-real-robot-project/install/turtlebot3_msgs/local/lib/python3.10/dist-packages/turtlebot3_msgs/msg/__init__.py'...
[6.045s] Compiling '/home/latih/ros2-tf-real-robot-project/install/turtlebot3_msgs/local/lib/python3.10/dist-packages/turtlebot3_msgs/msg/_sensor_state.py'...
[6.045s] Compiling '/home/latih/ros2-tf-real-robot-project/install/turtlebot3_msgs/local/lib/python3.10/dist-packages/turtlebot3_msgs/msg/_sound.py'...
[6.045s] Compiling '/home/latih/ros2-tf-real-robot-project/install/turtlebot3_msgs/local/lib/python3.10/dist-packages/turtlebot3_msgs/msg/_version_info.py'...
[6.045s] Listing '/home/latih/ros2-tf-real-robot-project/install/turtlebot3_msgs/local/lib/python3.10/dist-packages/turtlebot3_msgs/srv'...
[6.045s] Compiling '/home/latih/ros2-tf-real-robot-project/install/turtlebot3_msgs/local/lib/python3.10/dist-packages/turtlebot3_msgs/srv/__init__.py'...
[6.045s] Compiling '/home/latih/ros2-tf-real-robot-project/install/turtlebot3_msgs/local/lib/python3.10/dist-packages/turtlebot3_msgs/srv/_dqn.py'...
[6.045s] Compiling '/home/latih/ros2-tf-real-robot-project/install/turtlebot3_msgs/local/lib/python3.10/dist-packages/turtlebot3_msgs/srv/_sound.py'...
[6.050s] -- Installing: /home/latih/ros2-tf-real-robot-project/install/turtlebot3_msgs/local/lib/python3.10/dist-packages/turtlebot3_msgs/turtlebot3_msgs_s__rosidl_typesupport_fastrtps_c.cpython-310-x86_64-linux-gnu.so
[6.050s] -- Set runtime path of "/home/latih/ros2-tf-real-robot-project/install/turtlebot3_msgs/local/lib/python3.10/dist-packages/turtlebot3_msgs/turtlebot3_msgs_s__rosidl_typesupport_fastrtps_c.cpython-310-x86_64-linux-gnu.so" to ""
[6.050s] -- Installing: /home/latih/ros2-tf-real-robot-project/install/turtlebot3_msgs/local/lib/python3.10/dist-packages/turtlebot3_msgs/turtlebot3_msgs_s__rosidl_typesupport_introspection_c.cpython-310-x86_64-linux-gnu.so
[6.050s] -- Set runtime path of "/home/latih/ros2-tf-real-robot-project/install/turtlebot3_msgs/local/lib/python3.10/dist-packages/turtlebot3_msgs/turtlebot3_msgs_s__rosidl_typesupport_introspection_c.cpython-310-x86_64-linux-gnu.so" to ""
[6.050s] -- Installing: /home/latih/ros2-tf-real-robot-project/install/turtlebot3_msgs/local/lib/python3.10/dist-packages/turtlebot3_msgs/turtlebot3_msgs_s__rosidl_typesupport_c.cpython-310-x86_64-linux-gnu.so
[6.050s] -- Set runtime path of "/home/latih/ros2-tf-real-robot-project/install/turtlebot3_msgs/local/lib/python3.10/dist-packages/turtlebot3_msgs/turtlebot3_msgs_s__rosidl_typesupport_c.cpython-310-x86_64-linux-gnu.so" to ""
[6.051s] -- Installing: /home/latih/ros2-tf-real-robot-project/install/turtlebot3_msgs/lib/libturtlebot3_msgs__rosidl_generator_py.so
[6.051s] -- Set runtime path of "/home/latih/ros2-tf-real-robot-project/install/turtlebot3_msgs/lib/libturtlebot3_msgs__rosidl_generator_py.so" to ""
[6.051s] -- Installing: /home/latih/ros2-tf-real-robot-project/install/turtlebot3_msgs/share/turtlebot3_msgs/msg/SensorState.idl
[6.051s] -- Installing: /home/latih/ros2-tf-real-robot-project/install/turtlebot3_msgs/share/turtlebot3_msgs/msg/Sound.idl
[6.051s] -- Installing: /home/latih/ros2-tf-real-robot-project/install/turtlebot3_msgs/share/turtlebot3_msgs/msg/VersionInfo.idl
[6.051s] -- Installing: /home/latih/ros2-tf-real-robot-project/install/turtlebot3_msgs/share/turtlebot3_msgs/srv/Sound.idl
[6.051s] -- Installing: /home/latih/ros2-tf-real-robot-project/install/turtlebot3_msgs/share/turtlebot3_msgs/srv/Dqn.idl
[6.051s] -- Installing: /home/latih/ros2-tf-real-robot-project/install/turtlebot3_msgs/share/turtlebot3_msgs/action/Patrol.idl
[6.052s] -- Installing: /home/latih/ros2-tf-real-robot-project/install/turtlebot3_msgs/share/turtlebot3_msgs/msg/SensorState.msg
[6.052s] -- Installing: /home/latih/ros2-tf-real-robot-project/install/turtlebot3_msgs/share/turtlebot3_msgs/msg/Sound.msg
[6.052s] -- Installing: /home/latih/ros2-tf-real-robot-project/install/turtlebot3_msgs/share/turtlebot3_msgs/msg/VersionInfo.msg
[6.052s] -- Installing: /home/latih/ros2-tf-real-robot-project/install/turtlebot3_msgs/share/turtlebot3_msgs/srv/Sound.srv
[6.052s] -- Installing: /home/latih/ros2-tf-real-robot-project/install/turtlebot3_msgs/share/turtlebot3_msgs/srv/Sound_Request.msg
[6.052s] -- Installing: /home/latih/ros2-tf-real-robot-project/install/turtlebot3_msgs/share/turtlebot3_msgs/srv/Sound_Response.msg
[6.052s] -- Installing: /home/latih/ros2-tf-real-robot-project/install/turtlebot3_msgs/share/turtlebot3_msgs/srv/Dqn.srv
[6.052s] -- Installing: /home/latih/ros2-tf-real-robot-project/install/turtlebot3_msgs/share/turtlebot3_msgs/srv/Dqn_Request.msg
[6.052s] -- Installing: /home/latih/ros2-tf-real-robot-project/install/turtlebot3_msgs/share/turtlebot3_msgs/srv/Dqn_Response.msg
[6.052s] -- Installing: /home/latih/ros2-tf-real-robot-project/install/turtlebot3_msgs/share/turtlebot3_msgs/action/Patrol.action
[6.052s] -- Installing: /home/latih/ros2-tf-real-robot-project/install/turtlebot3_msgs/share/ament_index/resource_index/package_run_dependencies/turtlebot3_msgs
[6.052s] -- Installing: /home/latih/ros2-tf-real-robot-project/install/turtlebot3_msgs/share/ament_index/resource_index/parent_prefix_path/turtlebot3_msgs
[6.053s] -- Installing: /home/latih/ros2-tf-real-robot-project/install/turtlebot3_msgs/share/turtlebot3_msgs/environment/ament_prefix_path.sh
[6.053s] -- Installing: /home/latih/ros2-tf-real-robot-project/install/turtlebot3_msgs/share/turtlebot3_msgs/environment/ament_prefix_path.dsv
[6.053s] -- Installing: /home/latih/ros2-tf-real-robot-project/install/turtlebot3_msgs/share/turtlebot3_msgs/environment/path.sh
[6.053s] -- Installing: /home/latih/ros2-tf-real-robot-project/install/turtlebot3_msgs/share/turtlebot3_msgs/environment/path.dsv
[6.053s] -- Installing: /home/latih/ros2-tf-real-robot-project/install/turtlebot3_msgs/share/turtlebot3_msgs/local_setup.bash
[6.053s] -- Installing: /home/latih/ros2-tf-real-robot-project/install/turtlebot3_msgs/share/turtlebot3_msgs/local_setup.sh
[6.053s] -- Installing: /home/latih/ros2-tf-real-robot-project/install/turtlebot3_msgs/share/turtlebot3_msgs/local_setup.zsh
[6.053s] -- Installing: /home/latih/ros2-tf-real-robot-project/install/turtlebot3_msgs/share/turtlebot3_msgs/local_setup.dsv
[6.053s] -- Installing: /home/latih/ros2-tf-real-robot-project/install/turtlebot3_msgs/share/turtlebot3_msgs/package.dsv
[6.053s] -- Installing: /home/latih/ros2-tf-real-robot-project/install/turtlebot3_msgs/share/ament_index/resource_index/packages/turtlebot3_msgs
[6.053s] -- Installing: /home/latih/ros2-tf-real-robot-project/install/turtlebot3_msgs/share/turtlebot3_msgs/cmake/export_turtlebot3_msgs__rosidl_generator_cExport.cmake
[6.053s] -- Installing: /home/latih/ros2-tf-real-robot-project/install/turtlebot3_msgs/share/turtlebot3_msgs/cmake/export_turtlebot3_msgs__rosidl_generator_cExport-noconfig.cmake
[6.053s] -- Installing: /home/latih/ros2-tf-real-robot-project/install/turtlebot3_msgs/share/turtlebot3_msgs/cmake/export_turtlebot3_msgs__rosidl_typesupport_fastrtps_cExport.cmake
[6.054s] -- Installing: /home/latih/ros2-tf-real-robot-project/install/turtlebot3_msgs/share/turtlebot3_msgs/cmake/export_turtlebot3_msgs__rosidl_typesupport_fastrtps_cExport-noconfig.cmake
[6.054s] -- Installing: /home/latih/ros2-tf-real-robot-project/install/turtlebot3_msgs/share/turtlebot3_msgs/cmake/export_turtlebot3_msgs__rosidl_generator_cppExport.cmake
[6.054s] -- Installing: /home/latih/ros2-tf-real-robot-project/install/turtlebot3_msgs/share/turtlebot3_msgs/cmake/export_turtlebot3_msgs__rosidl_typesupport_fastrtps_cppExport.cmake
[6.054s] -- Installing: /home/latih/ros2-tf-real-robot-project/install/turtlebot3_msgs/share/turtlebot3_msgs/cmake/export_turtlebot3_msgs__rosidl_typesupport_fastrtps_cppExport-noconfig.cmake
[6.054s] -- Installing: /home/latih/ros2-tf-real-robot-project/install/turtlebot3_msgs/share/turtlebot3_msgs/cmake/turtlebot3_msgs__rosidl_typesupport_introspection_cExport.cmake
[6.054s] -- Installing: /home/latih/ros2-tf-real-robot-project/install/turtlebot3_msgs/share/turtlebot3_msgs/cmake/turtlebot3_msgs__rosidl_typesupport_introspection_cExport-noconfig.cmake
[6.054s] -- Installing: /home/latih/ros2-tf-real-robot-project/install/turtlebot3_msgs/share/turtlebot3_msgs/cmake/turtlebot3_msgs__rosidl_typesupport_cExport.cmake
[6.054s] -- Installing: /home/latih/ros2-tf-real-robot-project/install/turtlebot3_msgs/share/turtlebot3_msgs/cmake/turtlebot3_msgs__rosidl_typesupport_cExport-noconfig.cmake
[6.054s] -- Installing: /home/latih/ros2-tf-real-robot-project/install/turtlebot3_msgs/share/turtlebot3_msgs/cmake/turtlebot3_msgs__rosidl_typesupport_introspection_cppExport.cmake
[6.054s] -- Installing: /home/latih/ros2-tf-real-robot-project/install/turtlebot3_msgs/share/turtlebot3_msgs/cmake/turtlebot3_msgs__rosidl_typesupport_introspection_cppExport-noconfig.cmake
[6.054s] -- Installing: /home/latih/ros2-tf-real-robot-project/install/turtlebot3_msgs/share/turtlebot3_msgs/cmake/turtlebot3_msgs__rosidl_typesupport_cppExport.cmake
[6.054s] -- Installing: /home/latih/ros2-tf-real-robot-project/install/turtlebot3_msgs/share/turtlebot3_msgs/cmake/turtlebot3_msgs__rosidl_typesupport_cppExport-noconfig.cmake
[6.054s] -- Installing: /home/latih/ros2-tf-real-robot-project/install/turtlebot3_msgs/share/turtlebot3_msgs/cmake/export_turtlebot3_msgs__rosidl_generator_pyExport.cmake
[6.054s] -- Installing: /home/latih/ros2-tf-real-robot-project/install/turtlebot3_msgs/share/turtlebot3_msgs/cmake/export_turtlebot3_msgs__rosidl_generator_pyExport-noconfig.cmake
[6.054s] -- Installing: /home/latih/ros2-tf-real-robot-project/install/turtlebot3_msgs/share/turtlebot3_msgs/cmake/rosidl_cmake-extras.cmake
[6.055s] -- Installing: /home/latih/ros2-tf-real-robot-project/install/turtlebot3_msgs/share/turtlebot3_msgs/cmake/ament_cmake_export_dependencies-extras.cmake
[6.055s] -- Installing: /home/latih/ros2-tf-real-robot-project/install/turtlebot3_msgs/share/turtlebot3_msgs/cmake/ament_cmake_export_include_directories-extras.cmake
[6.055s] -- Installing: /home/latih/ros2-tf-real-robot-project/install/turtlebot3_msgs/share/turtlebot3_msgs/cmake/ament_cmake_export_libraries-extras.cmake
[6.055s] -- Installing: /home/latih/ros2-tf-real-robot-project/install/turtlebot3_msgs/share/turtlebot3_msgs/cmake/ament_cmake_export_targets-extras.cmake
[6.055s] -- Installing: /home/latih/ros2-tf-real-robot-project/install/turtlebot3_msgs/share/turtlebot3_msgs/cmake/rosidl_cmake_export_typesupport_targets-extras.cmake
[6.055s] -- Installing: /home/latih/ros2-tf-real-robot-project/install/turtlebot3_msgs/share/turtlebot3_msgs/cmake/rosidl_cmake_export_typesupport_libraries-extras.cmake
[6.055s] -- Installing: /home/latih/ros2-tf-real-robot-project/install/turtlebot3_msgs/share/turtlebot3_msgs/cmake/turtlebot3_msgsConfig.cmake
[6.055s] -- Installing: /home/latih/ros2-tf-real-robot-project/install/turtlebot3_msgs/share/turtlebot3_msgs/cmake/turtlebot3_msgsConfig-version.cmake
[6.055s] -- Installing: /home/latih/ros2-tf-real-robot-project/install/turtlebot3_msgs/share/turtlebot3_msgs/package.xml
[6.057s] Invoked command in '/home/latih/ros2-tf-real-robot-project/build/turtlebot3_msgs' returned '0': CMAKE_PREFIX_PATH=${CMAKE_PREFIX_PATH}:/home/latih/ros2-tf-real-robot-project/install/turtlebot3_teleop:/home/latih/ros2-tf-real-robot-project/install/turtlebot3_example:/opt/ros/humble /usr/bin/cmake --install /home/latih/ros2-tf-real-robot-project/build/turtlebot3_msgs
