[0.192s] Invoking command in '/home/latih/ros2-tf-real-robot-project/build/tb3_burger_cartographer': CMAKE_PREFIX_PATH=${CMAKE_PREFIX_PATH}:/home/latih/ros2-tf-real-robot-project/install/turtlebot3_teleop:/home/latih/ros2-tf-real-robot-project/install/turtlebot3_example:/opt/ros/humble /usr/bin/cmake /home/latih/ros2-tf-real-robot-project/ros2_ws/src/tb3_burger_cartographer -DCMAKE_INSTALL_PREFIX=/home/latih/ros2-tf-real-robot-project/install/tb3_burger_cartographer
[0.229s] -- The C compiler identification is GNU 11.4.0
[0.269s] -- The CXX compiler identification is GNU 11.4.0
[0.274s] -- Detecting C compiler ABI info
[0.329s] -- Detecting C compiler ABI info - done
[0.338s] -- Check for working C compiler: /usr/bin/cc - skipped
[0.338s] -- Detecting C compile features
[0.339s] -- Detecting C compile features - done
[0.342s] -- Detecting CXX compiler ABI info
[0.416s] -- Detecting CXX compiler ABI info - done
[0.425s] -- Check for working CXX compiler: /usr/bin/c++ - skipped
[0.425s] -- Detecting CXX compile features
[0.426s] -- Detecting CXX compile features - done
[0.429s] -- Found ament_cmake: 1.3.11 (/opt/ros/humble/share/ament_cmake/cmake)
[0.627s] -- Found Python3: /usr/bin/python3 (found version "3.10.12") found components: Interpreter 
[0.703s] -- Found rclcpp: 16.0.12 (/opt/ros/humble/share/rclcpp/cmake)
[0.757s] -- Found rosidl_generator_c: 3.1.6 (/opt/ros/humble/share/rosidl_generator_c/cmake)
[0.764s] -- Found rosidl_adapter: 3.1.6 (/opt/ros/humble/share/rosidl_adapter/cmake)
[0.774s] -- Found rosidl_generator_cpp: 3.1.6 (/opt/ros/humble/share/rosidl_generator_cpp/cmake)
[0.782s] -- Using all available rosidl_typesupport_c: rosidl_typesupport_fastrtps_c;rosidl_typesupport_introspection_c
[0.795s] -- Using all available rosidl_typesupport_cpp: rosidl_typesupport_fastrtps_cpp;rosidl_typesupport_introspection_cpp
[0.829s] -- Found rmw_implementation_cmake: 6.1.2 (/opt/ros/humble/share/rmw_implementation_cmake/cmake)
[0.831s] -- Found rmw_fastrtps_cpp: 6.2.7 (/opt/ros/humble/share/rmw_fastrtps_cpp/cmake)
[0.896s] -- Found OpenSSL: /usr/lib/x86_64-linux-gnu/libcrypto.so (found version "3.0.2")  
[0.918s] -- Found FastRTPS: /opt/ros/humble/include  
[0.947s] -- Using RMW implementation 'rmw_fastrtps_cpp' as default
[0.954s] -- Looking for pthread.h
[1.029s] -- Looking for pthread.h - found
[1.030s] -- Performing Test CMAKE_HAVE_LIBC_PTHREAD
[1.110s] -- Performing Test CMAKE_HAVE_LIBC_PTHREAD - Success
[1.111s] -- Found Threads: TRUE  
[1.149s] -- Found ament_lint_auto: 0.12.12 (/opt/ros/humble/share/ament_lint_auto/cmake)
[1.209s] -- Added test 'flake8' to check Python code syntax and style conventions
[1.209s] -- Added test 'lint_cmake' to check CMake code style
[1.209s] -- Added test 'pep257' to check Python code against some of the docstring style conventions in PEP 257
[1.210s] -- Added test 'xmllint' to check XML markup files
[1.211s] -- Configuring done
[1.213s] -- Generating done
[1.215s] -- Build files have been written to: /home/latih/ros2-tf-real-robot-project/build/tb3_burger_cartographer
[1.223s] Invoked command in '/home/latih/ros2-tf-real-robot-project/build/tb3_burger_cartographer' returned '0': CMAKE_PREFIX_PATH=${CMAKE_PREFIX_PATH}:/home/latih/ros2-tf-real-robot-project/install/turtlebot3_teleop:/home/latih/ros2-tf-real-robot-project/install/turtlebot3_example:/opt/ros/humble /usr/bin/cmake /home/latih/ros2-tf-real-robot-project/ros2_ws/src/tb3_burger_cartographer -DCMAKE_INSTALL_PREFIX=/home/latih/ros2-tf-real-robot-project/install/tb3_burger_cartographer
[1.224s] Invoking command in '/home/latih/ros2-tf-real-robot-project/build/tb3_burger_cartographer': CMAKE_PREFIX_PATH=${CMAKE_PREFIX_PATH}:/home/latih/ros2-tf-real-robot-project/install/turtlebot3_teleop:/home/latih/ros2-tf-real-robot-project/install/turtlebot3_example:/opt/ros/humble /usr/bin/cmake --build /home/latih/ros2-tf-real-robot-project/build/tb3_burger_cartographer -- -j16 -l16
[1.251s] Invoked command in '/home/latih/ros2-tf-real-robot-project/build/tb3_burger_cartographer' returned '0': CMAKE_PREFIX_PATH=${CMAKE_PREFIX_PATH}:/home/latih/ros2-tf-real-robot-project/install/turtlebot3_teleop:/home/latih/ros2-tf-real-robot-project/install/turtlebot3_example:/opt/ros/humble /usr/bin/cmake --build /home/latih/ros2-tf-real-robot-project/build/tb3_burger_cartographer -- -j16 -l16
[1.253s] Invoking command in '/home/latih/ros2-tf-real-robot-project/build/tb3_burger_cartographer': CMAKE_PREFIX_PATH=${CMAKE_PREFIX_PATH}:/home/latih/ros2-tf-real-robot-project/install/turtlebot3_teleop:/home/latih/ros2-tf-real-robot-project/install/turtlebot3_example:/opt/ros/humble /usr/bin/cmake --install /home/latih/ros2-tf-real-robot-project/build/tb3_burger_cartographer
[1.257s] -- Install configuration: ""
[1.257s] -- Installing: /home/latih/ros2-tf-real-robot-project/install/tb3_burger_cartographer/share/tb3_burger_cartographer//config
[1.257s] -- Installing: /home/latih/ros2-tf-real-robot-project/install/tb3_burger_cartographer/share/tb3_burger_cartographer//config/cartographer.lua
[1.257s] -- Installing: /home/latih/ros2-tf-real-robot-project/install/tb3_burger_cartographer/share/tb3_burger_cartographer//launch
[1.257s] -- Installing: /home/latih/ros2-tf-real-robot-project/install/tb3_burger_cartographer/share/tb3_burger_cartographer//launch/cartographer.launch.py
[1.257s] -- Installing: /home/latih/ros2-tf-real-robot-project/install/tb3_burger_cartographer/share/tb3_burger_cartographer//maps
[1.257s] -- Installing: /home/latih/ros2-tf-real-robot-project/install/tb3_burger_cartographer/share/tb3_burger_cartographer//maps/tb3_burger_realrobotlab.pgm
[1.257s] -- Installing: /home/latih/ros2-tf-real-robot-project/install/tb3_burger_cartographer/share/tb3_burger_cartographer//maps/tb3_burger_realrobotlab.yaml
[1.258s] -- Installing: /home/latih/ros2-tf-real-robot-project/install/tb3_burger_cartographer/share/tb3_burger_cartographer//maps/tb3_burger_realrobotlab_original.pgm
[1.258s] -- Installing: /home/latih/ros2-tf-real-robot-project/install/tb3_burger_cartographer/share/tb3_burger_cartographer//rviz
[1.258s] -- Installing: /home/latih/ros2-tf-real-robot-project/install/tb3_burger_cartographer/share/tb3_burger_cartographer//rviz/cartographer.rviz
[1.258s] -- Installing: /home/latih/ros2-tf-real-robot-project/install/tb3_burger_cartographer/share/ament_index/resource_index/package_run_dependencies/tb3_burger_cartographer
[1.258s] -- Installing: /home/latih/ros2-tf-real-robot-project/install/tb3_burger_cartographer/share/ament_index/resource_index/parent_prefix_path/tb3_burger_cartographer
[1.258s] -- Installing: /home/latih/ros2-tf-real-robot-project/install/tb3_burger_cartographer/share/tb3_burger_cartographer/environment/ament_prefix_path.sh
[1.258s] -- Installing: /home/latih/ros2-tf-real-robot-project/install/tb3_burger_cartographer/share/tb3_burger_cartographer/environment/ament_prefix_path.dsv
[1.258s] -- Installing: /home/latih/ros2-tf-real-robot-project/install/tb3_burger_cartographer/share/tb3_burger_cartographer/environment/path.sh
[1.258s] -- Installing: /home/latih/ros2-tf-real-robot-project/install/tb3_burger_cartographer/share/tb3_burger_cartographer/environment/path.dsv
[1.258s] -- Installing: /home/latih/ros2-tf-real-robot-project/install/tb3_burger_cartographer/share/tb3_burger_cartographer/local_setup.bash
[1.258s] -- Installing: /home/latih/ros2-tf-real-robot-project/install/tb3_burger_cartographer/share/tb3_burger_cartographer/local_setup.sh
[1.258s] -- Installing: /home/latih/ros2-tf-real-robot-project/install/tb3_burger_cartographer/share/tb3_burger_cartographer/local_setup.zsh
[1.259s] -- Installing: /home/latih/ros2-tf-real-robot-project/install/tb3_burger_cartographer/share/tb3_burger_cartographer/local_setup.dsv
[1.259s] -- Installing: /home/latih/ros2-tf-real-robot-project/install/tb3_burger_cartographer/share/tb3_burger_cartographer/package.dsv
[1.259s] -- Installing: /home/latih/ros2-tf-real-robot-project/install/tb3_burger_cartographer/share/ament_index/resource_index/packages/tb3_burger_cartographer
[1.259s] -- Installing: /home/latih/ros2-tf-real-robot-project/install/tb3_burger_cartographer/share/tb3_burger_cartographer/cmake/tb3_burger_cartographerConfig.cmake
[1.259s] -- Installing: /home/latih/ros2-tf-real-robot-project/install/tb3_burger_cartographer/share/tb3_burger_cartographer/cmake/tb3_burger_cartographerConfig-version.cmake
[1.259s] -- Installing: /home/latih/ros2-tf-real-robot-project/install/tb3_burger_cartographer/share/tb3_burger_cartographer/package.xml
[1.260s] Invoked command in '/home/latih/ros2-tf-real-robot-project/build/tb3_burger_cartographer' returned '0': CMAKE_PREFIX_PATH=${CMAKE_PREFIX_PATH}:/home/latih/ros2-tf-real-robot-project/install/turtlebot3_teleop:/home/latih/ros2-tf-real-robot-project/install/turtlebot3_example:/opt/ros/humble /usr/bin/cmake --install /home/latih/ros2-tf-real-robot-project/build/tb3_burger_cartographer
