[0.072s] DEBUG:colcon:Command line arguments: ['/usr/bin/colcon', 'build', '--packages-select', 'ros2_tf_project']
[0.072s] DEBUG:colcon:Parsed command line arguments: Namespace(log_base=None, log_level=None, verb_name='build', build_base='build', install_base='install', merge_install=False, symlink_install=False, test_result_base=None, continue_on_error=False, executor='parallel', parallel_workers=16, event_handlers=None, ignore_user_meta=False, metas=['./colcon.meta'], base_paths=['.'], packages_ignore=None, packages_ignore_regex=None, paths=None, packages_up_to=None, packages_up_to_regex=None, packages_above=None, packages_above_and_dependencies=None, packages_above_depth=None, packages_select_by_dep=None, packages_skip_by_dep=None, packages_skip_up_to=None, packages_select_build_failed=False, packages_skip_build_finished=False, packages_select_test_failures=False, packages_skip_test_passed=False, packages_select=['ros2_tf_project'], packages_skip=None, packages_select_regex=None, packages_skip_regex=None, packages_start=None, packages_end=None, allow_overriding=[], cmake_args=None, cmake_target=None, cmake_target_skip_unavailable=False, cmake_clean_cache=False, cmake_clean_first=False, cmake_force_configure=False, ament_cmake_args=None, catkin_cmake_args=None, catkin_skip_building_tests=False, mixin_files=None, mixin=None, verb_parser=<colcon_mixin.mixin.mixin_argument.MixinArgumentDecorator object at 0x75dbf684f3d0>, verb_extension=<colcon_core.verb.build.BuildVerb object at 0x75dbf684eef0>, main=<bound method BuildVerb.main of <colcon_core.verb.build.BuildVerb object at 0x75dbf684eef0>>, mixin_verb=('build',))
[0.181s] Level 1:colcon.colcon_core.package_discovery:discover_packages(colcon_meta) check parameters
[0.181s] Level 1:colcon.colcon_core.package_discovery:discover_packages(recursive) check parameters
[0.181s] Level 1:colcon.colcon_core.package_discovery:discover_packages(ignore) check parameters
[0.181s] Level 1:colcon.colcon_core.package_discovery:discover_packages(path) check parameters
[0.181s] Level 1:colcon.colcon_core.package_discovery:discover_packages(colcon_meta) discover
[0.181s] Level 1:colcon.colcon_core.package_discovery:discover_packages(recursive) discover
[0.181s] INFO:colcon.colcon_core.package_discovery:Crawling recursively for packages in '/home/latih/ros2-tf-real-robot-project'
[0.181s] Level 1:colcon.colcon_core.package_identification:_identify(.) by extensions ['ignore', 'ignore_ament_install']
[0.181s] Level 1:colcon.colcon_core.package_identification:_identify(.) by extension 'ignore'
[0.181s] Level 1:colcon.colcon_core.package_identification:_identify(.) by extension 'ignore_ament_install'
[0.182s] Level 1:colcon.colcon_core.package_identification:_identify(.) by extensions ['colcon_pkg']
[0.182s] Level 1:colcon.colcon_core.package_identification:_identify(.) by extension 'colcon_pkg'
[0.182s] Level 1:colcon.colcon_core.package_identification:_identify(.) by extensions ['colcon_meta']
[0.182s] Level 1:colcon.colcon_core.package_identification:_identify(.) by extension 'colcon_meta'
[0.182s] Level 1:colcon.colcon_core.package_identification:_identify(.) by extensions ['ros']
[0.182s] Level 1:colcon.colcon_core.package_identification:_identify(.) by extension 'ros'
[0.190s] Level 1:colcon.colcon_core.package_identification:_identify(.) by extensions ['cmake', 'python']
[0.190s] Level 1:colcon.colcon_core.package_identification:_identify(.) by extension 'cmake'
[0.190s] Level 1:colcon.colcon_core.package_identification:_identify(.) by extension 'python'
[0.190s] Level 1:colcon.colcon_core.package_identification:_identify(.) by extensions ['python_setup_py']
[0.190s] Level 1:colcon.colcon_core.package_identification:_identify(.) by extension 'python_setup_py'
[0.191s] Level 1:colcon.colcon_core.package_identification:_identify(build) by extensions ['ignore', 'ignore_ament_install']
[0.191s] Level 1:colcon.colcon_core.package_identification:_identify(build) by extension 'ignore'
[0.191s] Level 1:colcon.colcon_core.package_identification:_identify(build) ignored
[0.191s] Level 1:colcon.colcon_core.package_identification:_identify(install) by extensions ['ignore', 'ignore_ament_install']
[0.191s] Level 1:colcon.colcon_core.package_identification:_identify(install) by extension 'ignore'
[0.191s] Level 1:colcon.colcon_core.package_identification:_identify(install) ignored
[0.191s] Level 1:colcon.colcon_core.package_identification:_identify(log) by extensions ['ignore', 'ignore_ament_install']
[0.191s] Level 1:colcon.colcon_core.package_identification:_identify(log) by extension 'ignore'
[0.191s] Level 1:colcon.colcon_core.package_identification:_identify(log) ignored
[0.191s] Level 1:colcon.colcon_core.package_identification:_identify(notebook_ws) by extensions ['ignore', 'ignore_ament_install']
[0.191s] Level 1:colcon.colcon_core.package_identification:_identify(notebook_ws) by extension 'ignore'
[0.191s] Level 1:colcon.colcon_core.package_identification:_identify(notebook_ws) by extension 'ignore_ament_install'
[0.191s] Level 1:colcon.colcon_core.package_identification:_identify(notebook_ws) by extensions ['colcon_pkg']
[0.191s] Level 1:colcon.colcon_core.package_identification:_identify(notebook_ws) by extension 'colcon_pkg'
[0.192s] Level 1:colcon.colcon_core.package_identification:_identify(notebook_ws) by extensions ['colcon_meta']
[0.192s] Level 1:colcon.colcon_core.package_identification:_identify(notebook_ws) by extension 'colcon_meta'
[0.192s] Level 1:colcon.colcon_core.package_identification:_identify(notebook_ws) by extensions ['ros']
[0.192s] Level 1:colcon.colcon_core.package_identification:_identify(notebook_ws) by extension 'ros'
[0.192s] Level 1:colcon.colcon_core.package_identification:_identify(notebook_ws) by extensions ['cmake', 'python']
[0.192s] Level 1:colcon.colcon_core.package_identification:_identify(notebook_ws) by extension 'cmake'
[0.192s] Level 1:colcon.colcon_core.package_identification:_identify(notebook_ws) by extension 'python'
[0.192s] Level 1:colcon.colcon_core.package_identification:_identify(notebook_ws) by extensions ['python_setup_py']
[0.192s] Level 1:colcon.colcon_core.package_identification:_identify(notebook_ws) by extension 'python_setup_py'
[0.192s] Level 1:colcon.colcon_core.package_identification:_identify(notebook_ws/animations) by extensions ['ignore', 'ignore_ament_install']
[0.192s] Level 1:colcon.colcon_core.package_identification:_identify(notebook_ws/animations) by extension 'ignore'
[0.192s] Level 1:colcon.colcon_core.package_identification:_identify(notebook_ws/animations) by extension 'ignore_ament_install'
[0.192s] Level 1:colcon.colcon_core.package_identification:_identify(notebook_ws/animations) by extensions ['colcon_pkg']
[0.192s] Level 1:colcon.colcon_core.package_identification:_identify(notebook_ws/animations) by extension 'colcon_pkg'
[0.192s] Level 1:colcon.colcon_core.package_identification:_identify(notebook_ws/animations) by extensions ['colcon_meta']
[0.192s] Level 1:colcon.colcon_core.package_identification:_identify(notebook_ws/animations) by extension 'colcon_meta'
[0.192s] Level 1:colcon.colcon_core.package_identification:_identify(notebook_ws/animations) by extensions ['ros']
[0.192s] Level 1:colcon.colcon_core.package_identification:_identify(notebook_ws/animations) by extension 'ros'
[0.192s] Level 1:colcon.colcon_core.package_identification:_identify(notebook_ws/animations) by extensions ['cmake', 'python']
[0.192s] Level 1:colcon.colcon_core.package_identification:_identify(notebook_ws/animations) by extension 'cmake'
[0.192s] Level 1:colcon.colcon_core.package_identification:_identify(notebook_ws/animations) by extension 'python'
[0.192s] Level 1:colcon.colcon_core.package_identification:_identify(notebook_ws/animations) by extensions ['python_setup_py']
[0.192s] Level 1:colcon.colcon_core.package_identification:_identify(notebook_ws/animations) by extension 'python_setup_py'
[0.192s] Level 1:colcon.colcon_core.package_identification:_identify(notebook_ws/images) by extensions ['ignore', 'ignore_ament_install']
[0.192s] Level 1:colcon.colcon_core.package_identification:_identify(notebook_ws/images) by extension 'ignore'
[0.193s] Level 1:colcon.colcon_core.package_identification:_identify(notebook_ws/images) by extension 'ignore_ament_install'
[0.193s] Level 1:colcon.colcon_core.package_identification:_identify(notebook_ws/images) by extensions ['colcon_pkg']
[0.193s] Level 1:colcon.colcon_core.package_identification:_identify(notebook_ws/images) by extension 'colcon_pkg'
[0.193s] Level 1:colcon.colcon_core.package_identification:_identify(notebook_ws/images) by extensions ['colcon_meta']
[0.193s] Level 1:colcon.colcon_core.package_identification:_identify(notebook_ws/images) by extension 'colcon_meta'
[0.193s] Level 1:colcon.colcon_core.package_identification:_identify(notebook_ws/images) by extensions ['ros']
[0.193s] Level 1:colcon.colcon_core.package_identification:_identify(notebook_ws/images) by extension 'ros'
[0.193s] Level 1:colcon.colcon_core.package_identification:_identify(notebook_ws/images) by extensions ['cmake', 'python']
[0.193s] Level 1:colcon.colcon_core.package_identification:_identify(notebook_ws/images) by extension 'cmake'
[0.193s] Level 1:colcon.colcon_core.package_identification:_identify(notebook_ws/images) by extension 'python'
[0.193s] Level 1:colcon.colcon_core.package_identification:_identify(notebook_ws/images) by extensions ['python_setup_py']
[0.193s] Level 1:colcon.colcon_core.package_identification:_identify(notebook_ws/images) by extension 'python_setup_py'
[0.193s] Level 1:colcon.colcon_core.package_identification:_identify(ros2_ws) by extensions ['ignore', 'ignore_ament_install']
[0.193s] Level 1:colcon.colcon_core.package_identification:_identify(ros2_ws) by extension 'ignore'
[0.193s] Level 1:colcon.colcon_core.package_identification:_identify(ros2_ws) by extension 'ignore_ament_install'
[0.193s] Level 1:colcon.colcon_core.package_identification:_identify(ros2_ws) by extensions ['colcon_pkg']
[0.193s] Level 1:colcon.colcon_core.package_identification:_identify(ros2_ws) by extension 'colcon_pkg'
[0.193s] Level 1:colcon.colcon_core.package_identification:_identify(ros2_ws) by extensions ['colcon_meta']
[0.193s] Level 1:colcon.colcon_core.package_identification:_identify(ros2_ws) by extension 'colcon_meta'
[0.193s] Level 1:colcon.colcon_core.package_identification:_identify(ros2_ws) by extensions ['ros']
[0.193s] Level 1:colcon.colcon_core.package_identification:_identify(ros2_ws) by extension 'ros'
[0.193s] Level 1:colcon.colcon_core.package_identification:_identify(ros2_ws) by extensions ['cmake', 'python']
[0.193s] Level 1:colcon.colcon_core.package_identification:_identify(ros2_ws) by extension 'cmake'
[0.193s] Level 1:colcon.colcon_core.package_identification:_identify(ros2_ws) by extension 'python'
[0.193s] Level 1:colcon.colcon_core.package_identification:_identify(ros2_ws) by extensions ['python_setup_py']
[0.193s] Level 1:colcon.colcon_core.package_identification:_identify(ros2_ws) by extension 'python_setup_py'
[0.193s] Level 1:colcon.colcon_core.package_identification:_identify(ros2_ws/build) by extensions ['ignore', 'ignore_ament_install']
[0.194s] Level 1:colcon.colcon_core.package_identification:_identify(ros2_ws/build) by extension 'ignore'
[0.194s] Level 1:colcon.colcon_core.package_identification:_identify(ros2_ws/build) ignored
[0.194s] Level 1:colcon.colcon_core.package_identification:_identify(ros2_ws/log) by extensions ['ignore', 'ignore_ament_install']
[0.194s] Level 1:colcon.colcon_core.package_identification:_identify(ros2_ws/log) by extension 'ignore'
[0.194s] Level 1:colcon.colcon_core.package_identification:_identify(ros2_ws/log) ignored
[0.194s] Level 1:colcon.colcon_core.package_identification:_identify(ros2_ws/src) by extensions ['ignore', 'ignore_ament_install']
[0.194s] Level 1:colcon.colcon_core.package_identification:_identify(ros2_ws/src) by extension 'ignore'
[0.194s] Level 1:colcon.colcon_core.package_identification:_identify(ros2_ws/src) by extension 'ignore_ament_install'
[0.194s] Level 1:colcon.colcon_core.package_identification:_identify(ros2_ws/src) by extensions ['colcon_pkg']
[0.194s] Level 1:colcon.colcon_core.package_identification:_identify(ros2_ws/src) by extension 'colcon_pkg'
[0.194s] Level 1:colcon.colcon_core.package_identification:_identify(ros2_ws/src) by extensions ['colcon_meta']
[0.194s] Level 1:colcon.colcon_core.package_identification:_identify(ros2_ws/src) by extension 'colcon_meta'
[0.194s] Level 1:colcon.colcon_core.package_identification:_identify(ros2_ws/src) by extensions ['ros']
[0.194s] Level 1:colcon.colcon_core.package_identification:_identify(ros2_ws/src) by extension 'ros'
[0.194s] Level 1:colcon.colcon_core.package_identification:_identify(ros2_ws/src) by extensions ['cmake', 'python']
[0.194s] Level 1:colcon.colcon_core.package_identification:_identify(ros2_ws/src) by extension 'cmake'
[0.194s] Level 1:colcon.colcon_core.package_identification:_identify(ros2_ws/src) by extension 'python'
[0.194s] Level 1:colcon.colcon_core.package_identification:_identify(ros2_ws/src) by extensions ['python_setup_py']
[0.194s] Level 1:colcon.colcon_core.package_identification:_identify(ros2_ws/src) by extension 'python_setup_py'
[0.194s] Level 1:colcon.colcon_core.package_identification:_identify(ros2_ws/src/my_robot_interfaces) by extensions ['ignore', 'ignore_ament_install']
[0.194s] Level 1:colcon.colcon_core.package_identification:_identify(ros2_ws/src/my_robot_interfaces) by extension 'ignore'
[0.194s] Level 1:colcon.colcon_core.package_identification:_identify(ros2_ws/src/my_robot_interfaces) by extension 'ignore_ament_install'
[0.195s] Level 1:colcon.colcon_core.package_identification:_identify(ros2_ws/src/my_robot_interfaces) by extensions ['colcon_pkg']
[0.195s] Level 1:colcon.colcon_core.package_identification:_identify(ros2_ws/src/my_robot_interfaces) by extension 'colcon_pkg'
[0.195s] Level 1:colcon.colcon_core.package_identification:_identify(ros2_ws/src/my_robot_interfaces) by extensions ['colcon_meta']
[0.195s] Level 1:colcon.colcon_core.package_identification:_identify(ros2_ws/src/my_robot_interfaces) by extension 'colcon_meta'
[0.195s] Level 1:colcon.colcon_core.package_identification:_identify(ros2_ws/src/my_robot_interfaces) by extensions ['ros']
[0.195s] Level 1:colcon.colcon_core.package_identification:_identify(ros2_ws/src/my_robot_interfaces) by extension 'ros'
[0.199s] DEBUG:colcon.colcon_core.package_identification:Package 'ros2_ws/src/my_robot_interfaces' with type 'ros.ament_cmake' and name 'my_robot_interfaces'
[0.199s] Level 1:colcon.colcon_core.package_identification:_identify(ros2_ws/src/ros2_tf_project) by extensions ['ignore', 'ignore_ament_install']
[0.200s] Level 1:colcon.colcon_core.package_identification:_identify(ros2_ws/src/ros2_tf_project) by extension 'ignore'
[0.200s] Level 1:colcon.colcon_core.package_identification:_identify(ros2_ws/src/ros2_tf_project) by extension 'ignore_ament_install'
[0.200s] Level 1:colcon.colcon_core.package_identification:_identify(ros2_ws/src/ros2_tf_project) by extensions ['colcon_pkg']
[0.200s] Level 1:colcon.colcon_core.package_identification:_identify(ros2_ws/src/ros2_tf_project) by extension 'colcon_pkg'
[0.200s] Level 1:colcon.colcon_core.package_identification:_identify(ros2_ws/src/ros2_tf_project) by extensions ['colcon_meta']
[0.200s] Level 1:colcon.colcon_core.package_identification:_identify(ros2_ws/src/ros2_tf_project) by extension 'colcon_meta'
[0.200s] Level 1:colcon.colcon_core.package_identification:_identify(ros2_ws/src/ros2_tf_project) by extensions ['ros']
[0.200s] Level 1:colcon.colcon_core.package_identification:_identify(ros2_ws/src/ros2_tf_project) by extension 'ros'
[0.201s] DEBUG:colcon.colcon_core.package_identification:Package 'ros2_ws/src/ros2_tf_project' with type 'ros.ament_cmake' and name 'ros2_tf_project'
[0.201s] Level 1:colcon.colcon_core.package_identification:_identify(ros2_ws/src/tb3_burger_cartographer) by extensions ['ignore', 'ignore_ament_install']
[0.201s] Level 1:colcon.colcon_core.package_identification:_identify(ros2_ws/src/tb3_burger_cartographer) by extension 'ignore'
[0.201s] Level 1:colcon.colcon_core.package_identification:_identify(ros2_ws/src/tb3_burger_cartographer) by extension 'ignore_ament_install'
[0.201s] Level 1:colcon.colcon_core.package_identification:_identify(ros2_ws/src/tb3_burger_cartographer) by extensions ['colcon_pkg']
[0.201s] Level 1:colcon.colcon_core.package_identification:_identify(ros2_ws/src/tb3_burger_cartographer) by extension 'colcon_pkg'
[0.201s] Level 1:colcon.colcon_core.package_identification:_identify(ros2_ws/src/tb3_burger_cartographer) by extensions ['colcon_meta']
[0.201s] Level 1:colcon.colcon_core.package_identification:_identify(ros2_ws/src/tb3_burger_cartographer) by extension 'colcon_meta'
[0.201s] Level 1:colcon.colcon_core.package_identification:_identify(ros2_ws/src/tb3_burger_cartographer) by extensions ['ros']
[0.201s] Level 1:colcon.colcon_core.package_identification:_identify(ros2_ws/src/tb3_burger_cartographer) by extension 'ros'
[0.202s] DEBUG:colcon.colcon_core.package_identification:Package 'ros2_ws/src/tb3_burger_cartographer' with type 'ros.ament_cmake' and name 'tb3_burger_cartographer'
[0.202s] Level 1:colcon.colcon_core.package_identification:_identify(ros2_ws/src/tb3_burger_localization) by extensions ['ignore', 'ignore_ament_install']
[0.202s] Level 1:colcon.colcon_core.package_identification:_identify(ros2_ws/src/tb3_burger_localization) by extension 'ignore'
[0.202s] Level 1:colcon.colcon_core.package_identification:_identify(ros2_ws/src/tb3_burger_localization) by extension 'ignore_ament_install'
[0.202s] Level 1:colcon.colcon_core.package_identification:_identify(ros2_ws/src/tb3_burger_localization) by extensions ['colcon_pkg']
[0.202s] Level 1:colcon.colcon_core.package_identification:_identify(ros2_ws/src/tb3_burger_localization) by extension 'colcon_pkg'
[0.202s] Level 1:colcon.colcon_core.package_identification:_identify(ros2_ws/src/tb3_burger_localization) by extensions ['colcon_meta']
[0.202s] Level 1:colcon.colcon_core.package_identification:_identify(ros2_ws/src/tb3_burger_localization) by extension 'colcon_meta'
[0.202s] Level 1:colcon.colcon_core.package_identification:_identify(ros2_ws/src/tb3_burger_localization) by extensions ['ros']
[0.202s] Level 1:colcon.colcon_core.package_identification:_identify(ros2_ws/src/tb3_burger_localization) by extension 'ros'
[0.202s] DEBUG:colcon.colcon_core.package_identification:Package 'ros2_ws/src/tb3_burger_localization' with type 'ros.ament_cmake' and name 'tb3_burger_localization'
[0.202s] Level 1:colcon.colcon_core.package_identification:_identify(simulation_ws) by extensions ['ignore', 'ignore_ament_install']
[0.202s] Level 1:colcon.colcon_core.package_identification:_identify(simulation_ws) by extension 'ignore'
[0.202s] Level 1:colcon.colcon_core.package_identification:_identify(simulation_ws) by extension 'ignore_ament_install'
[0.203s] Level 1:colcon.colcon_core.package_identification:_identify(simulation_ws) by extensions ['colcon_pkg']
[0.203s] Level 1:colcon.colcon_core.package_identification:_identify(simulation_ws) by extension 'colcon_pkg'
[0.203s] Level 1:colcon.colcon_core.package_identification:_identify(simulation_ws) by extensions ['colcon_meta']
[0.203s] Level 1:colcon.colcon_core.package_identification:_identify(simulation_ws) by extension 'colcon_meta'
[0.203s] Level 1:colcon.colcon_core.package_identification:_identify(simulation_ws) by extensions ['ros']
[0.203s] Level 1:colcon.colcon_core.package_identification:_identify(simulation_ws) by extension 'ros'
[0.203s] Level 1:colcon.colcon_core.package_identification:_identify(simulation_ws) by extensions ['cmake', 'python']
[0.203s] Level 1:colcon.colcon_core.package_identification:_identify(simulation_ws) by extension 'cmake'
[0.203s] Level 1:colcon.colcon_core.package_identification:_identify(simulation_ws) by extension 'python'
[0.203s] Level 1:colcon.colcon_core.package_identification:_identify(simulation_ws) by extensions ['python_setup_py']
[0.203s] Level 1:colcon.colcon_core.package_identification:_identify(simulation_ws) by extension 'python_setup_py'
[0.203s] Level 1:colcon.colcon_core.package_identification:_identify(simulation_ws/build) by extensions ['ignore', 'ignore_ament_install']
[0.203s] Level 1:colcon.colcon_core.package_identification:_identify(simulation_ws/build) by extension 'ignore'
[0.203s] Level 1:colcon.colcon_core.package_identification:_identify(simulation_ws/build) ignored
[0.203s] Level 1:colcon.colcon_core.package_identification:_identify(simulation_ws/install) by extensions ['ignore', 'ignore_ament_install']
[0.203s] Level 1:colcon.colcon_core.package_identification:_identify(simulation_ws/install) by extension 'ignore'
[0.203s] Level 1:colcon.colcon_core.package_identification:_identify(simulation_ws/install) ignored
[0.203s] Level 1:colcon.colcon_core.package_identification:_identify(simulation_ws/log) by extensions ['ignore', 'ignore_ament_install']
[0.203s] Level 1:colcon.colcon_core.package_identification:_identify(simulation_ws/log) by extension 'ignore'
[0.203s] Level 1:colcon.colcon_core.package_identification:_identify(simulation_ws/log) ignored
[0.203s] Level 1:colcon.colcon_core.package_identification:_identify(simulation_ws/src) by extensions ['ignore', 'ignore_ament_install']
[0.203s] Level 1:colcon.colcon_core.package_identification:_identify(simulation_ws/src) by extension 'ignore'
[0.203s] Level 1:colcon.colcon_core.package_identification:_identify(simulation_ws/src) by extension 'ignore_ament_install'
[0.203s] Level 1:colcon.colcon_core.package_identification:_identify(simulation_ws/src) by extensions ['colcon_pkg']
[0.204s] Level 1:colcon.colcon_core.package_identification:_identify(simulation_ws/src) by extension 'colcon_pkg'
[0.204s] Level 1:colcon.colcon_core.package_identification:_identify(simulation_ws/src) by extensions ['colcon_meta']
[0.204s] Level 1:colcon.colcon_core.package_identification:_identify(simulation_ws/src) by extension 'colcon_meta'
[0.204s] Level 1:colcon.colcon_core.package_identification:_identify(simulation_ws/src) by extensions ['ros']
[0.204s] Level 1:colcon.colcon_core.package_identification:_identify(simulation_ws/src) by extension 'ros'
[0.204s] Level 1:colcon.colcon_core.package_identification:_identify(simulation_ws/src) by extensions ['cmake', 'python']
[0.204s] Level 1:colcon.colcon_core.package_identification:_identify(simulation_ws/src) by extension 'cmake'
[0.204s] Level 1:colcon.colcon_core.package_identification:_identify(simulation_ws/src) by extension 'python'
[0.204s] Level 1:colcon.colcon_core.package_identification:_identify(simulation_ws/src) by extensions ['python_setup_py']
[0.204s] Level 1:colcon.colcon_core.package_identification:_identify(simulation_ws/src) by extension 'python_setup_py'
[0.204s] Level 1:colcon.colcon_core.package_identification:_identify(simulation_ws/src/turtlebot3) by extensions ['ignore', 'ignore_ament_install']
[0.204s] Level 1:colcon.colcon_core.package_identification:_identify(simulation_ws/src/turtlebot3) by extension 'ignore'
[0.204s] Level 1:colcon.colcon_core.package_identification:_identify(simulation_ws/src/turtlebot3) by extension 'ignore_ament_install'
[0.204s] Level 1:colcon.colcon_core.package_identification:_identify(simulation_ws/src/turtlebot3) by extensions ['colcon_pkg']
[0.204s] Level 1:colcon.colcon_core.package_identification:_identify(simulation_ws/src/turtlebot3) by extension 'colcon_pkg'
[0.204s] Level 1:colcon.colcon_core.package_identification:_identify(simulation_ws/src/turtlebot3) by extensions ['colcon_meta']
[0.204s] Level 1:colcon.colcon_core.package_identification:_identify(simulation_ws/src/turtlebot3) by extension 'colcon_meta'
[0.204s] Level 1:colcon.colcon_core.package_identification:_identify(simulation_ws/src/turtlebot3) by extensions ['ros']
[0.204s] Level 1:colcon.colcon_core.package_identification:_identify(simulation_ws/src/turtlebot3) by extension 'ros'
[0.204s] Level 1:colcon.colcon_core.package_identification:_identify(simulation_ws/src/turtlebot3) by extensions ['cmake', 'python']
[0.204s] Level 1:colcon.colcon_core.package_identification:_identify(simulation_ws/src/turtlebot3) by extension 'cmake'
[0.204s] Level 1:colcon.colcon_core.package_identification:_identify(simulation_ws/src/turtlebot3) by extension 'python'
[0.204s] Level 1:colcon.colcon_core.package_identification:_identify(simulation_ws/src/turtlebot3) by extensions ['python_setup_py']
[0.204s] Level 1:colcon.colcon_core.package_identification:_identify(simulation_ws/src/turtlebot3) by extension 'python_setup_py'
[0.204s] Level 1:colcon.colcon_core.package_identification:_identify(simulation_ws/src/turtlebot3/turtlebot3) by extensions ['ignore', 'ignore_ament_install']
[0.204s] Level 1:colcon.colcon_core.package_identification:_identify(simulation_ws/src/turtlebot3/turtlebot3) by extension 'ignore'
[0.204s] Level 1:colcon.colcon_core.package_identification:_identify(simulation_ws/src/turtlebot3/turtlebot3) by extension 'ignore_ament_install'
[0.204s] Level 1:colcon.colcon_core.package_identification:_identify(simulation_ws/src/turtlebot3/turtlebot3) by extensions ['colcon_pkg']
[0.204s] Level 1:colcon.colcon_core.package_identification:_identify(simulation_ws/src/turtlebot3/turtlebot3) by extension 'colcon_pkg'
[0.204s] Level 1:colcon.colcon_core.package_identification:_identify(simulation_ws/src/turtlebot3/turtlebot3) by extensions ['colcon_meta']
[0.204s] Level 1:colcon.colcon_core.package_identification:_identify(simulation_ws/src/turtlebot3/turtlebot3) by extension 'colcon_meta'
[0.204s] Level 1:colcon.colcon_core.package_identification:_identify(simulation_ws/src/turtlebot3/turtlebot3) by extensions ['ros']
[0.204s] Level 1:colcon.colcon_core.package_identification:_identify(simulation_ws/src/turtlebot3/turtlebot3) by extension 'ros'
[0.205s] DEBUG:colcon.colcon_core.package_identification:Package 'simulation_ws/src/turtlebot3/turtlebot3' with type 'ros.ament_cmake' and name 'turtlebot3'
[0.205s] Level 1:colcon.colcon_core.package_identification:_identify(simulation_ws/src/turtlebot3/turtlebot3_bringup) by extensions ['ignore', 'ignore_ament_install']
[0.205s] Level 1:colcon.colcon_core.package_identification:_identify(simulation_ws/src/turtlebot3/turtlebot3_bringup) by extension 'ignore'
[0.205s] Level 1:colcon.colcon_core.package_identification:_identify(simulation_ws/src/turtlebot3/turtlebot3_bringup) by extension 'ignore_ament_install'
[0.205s] Level 1:colcon.colcon_core.package_identification:_identify(simulation_ws/src/turtlebot3/turtlebot3_bringup) by extensions ['colcon_pkg']
[0.205s] Level 1:colcon.colcon_core.package_identification:_identify(simulation_ws/src/turtlebot3/turtlebot3_bringup) by extension 'colcon_pkg'
[0.205s] Level 1:colcon.colcon_core.package_identification:_identify(simulation_ws/src/turtlebot3/turtlebot3_bringup) by extensions ['colcon_meta']
[0.205s] Level 1:colcon.colcon_core.package_identification:_identify(simulation_ws/src/turtlebot3/turtlebot3_bringup) by extension 'colcon_meta'
[0.205s] Level 1:colcon.colcon_core.package_identification:_identify(simulation_ws/src/turtlebot3/turtlebot3_bringup) by extensions ['ros']
[0.205s] Level 1:colcon.colcon_core.package_identification:_identify(simulation_ws/src/turtlebot3/turtlebot3_bringup) by extension 'ros'
[0.207s] DEBUG:colcon.colcon_core.package_identification:Package 'simulation_ws/src/turtlebot3/turtlebot3_bringup' with type 'ros.ament_cmake' and name 'turtlebot3_bringup'
[0.207s] Level 1:colcon.colcon_core.package_identification:_identify(simulation_ws/src/turtlebot3/turtlebot3_cartographer) by extensions ['ignore', 'ignore_ament_install']
[0.207s] Level 1:colcon.colcon_core.package_identification:_identify(simulation_ws/src/turtlebot3/turtlebot3_cartographer) by extension 'ignore'
[0.207s] Level 1:colcon.colcon_core.package_identification:_identify(simulation_ws/src/turtlebot3/turtlebot3_cartographer) by extension 'ignore_ament_install'
[0.207s] Level 1:colcon.colcon_core.package_identification:_identify(simulation_ws/src/turtlebot3/turtlebot3_cartographer) by extensions ['colcon_pkg']
[0.207s] Level 1:colcon.colcon_core.package_identification:_identify(simulation_ws/src/turtlebot3/turtlebot3_cartographer) by extension 'colcon_pkg'
[0.207s] Level 1:colcon.colcon_core.package_identification:_identify(simulation_ws/src/turtlebot3/turtlebot3_cartographer) by extensions ['colcon_meta']
[0.207s] Level 1:colcon.colcon_core.package_identification:_identify(simulation_ws/src/turtlebot3/turtlebot3_cartographer) by extension 'colcon_meta'
[0.207s] Level 1:colcon.colcon_core.package_identification:_identify(simulation_ws/src/turtlebot3/turtlebot3_cartographer) by extensions ['ros']
[0.207s] Level 1:colcon.colcon_core.package_identification:_identify(simulation_ws/src/turtlebot3/turtlebot3_cartographer) by extension 'ros'
[0.208s] DEBUG:colcon.colcon_core.package_identification:Package 'simulation_ws/src/turtlebot3/turtlebot3_cartographer' with type 'ros.ament_cmake' and name 'turtlebot3_cartographer'
[0.208s] Level 1:colcon.colcon_core.package_identification:_identify(simulation_ws/src/turtlebot3/turtlebot3_description) by extensions ['ignore', 'ignore_ament_install']
[0.208s] Level 1:colcon.colcon_core.package_identification:_identify(simulation_ws/src/turtlebot3/turtlebot3_description) by extension 'ignore'
[0.208s] Level 1:colcon.colcon_core.package_identification:_identify(simulation_ws/src/turtlebot3/turtlebot3_description) by extension 'ignore_ament_install'
[0.208s] Level 1:colcon.colcon_core.package_identification:_identify(simulation_ws/src/turtlebot3/turtlebot3_description) by extensions ['colcon_pkg']
[0.208s] Level 1:colcon.colcon_core.package_identification:_identify(simulation_ws/src/turtlebot3/turtlebot3_description) by extension 'colcon_pkg'
[0.208s] Level 1:colcon.colcon_core.package_identification:_identify(simulation_ws/src/turtlebot3/turtlebot3_description) by extensions ['colcon_meta']
[0.208s] Level 1:colcon.colcon_core.package_identification:_identify(simulation_ws/src/turtlebot3/turtlebot3_description) by extension 'colcon_meta'
[0.208s] Level 1:colcon.colcon_core.package_identification:_identify(simulation_ws/src/turtlebot3/turtlebot3_description) by extensions ['ros']
[0.208s] Level 1:colcon.colcon_core.package_identification:_identify(simulation_ws/src/turtlebot3/turtlebot3_description) by extension 'ros'
[0.209s] DEBUG:colcon.colcon_core.package_identification:Package 'simulation_ws/src/turtlebot3/turtlebot3_description' with type 'ros.ament_cmake' and name 'turtlebot3_description'
[0.209s] Level 1:colcon.colcon_core.package_identification:_identify(simulation_ws/src/turtlebot3/turtlebot3_example) by extensions ['ignore', 'ignore_ament_install']
[0.209s] Level 1:colcon.colcon_core.package_identification:_identify(simulation_ws/src/turtlebot3/turtlebot3_example) by extension 'ignore'
[0.209s] Level 1:colcon.colcon_core.package_identification:_identify(simulation_ws/src/turtlebot3/turtlebot3_example) by extension 'ignore_ament_install'
[0.209s] Level 1:colcon.colcon_core.package_identification:_identify(simulation_ws/src/turtlebot3/turtlebot3_example) by extensions ['colcon_pkg']
[0.209s] Level 1:colcon.colcon_core.package_identification:_identify(simulation_ws/src/turtlebot3/turtlebot3_example) by extension 'colcon_pkg'
[0.209s] Level 1:colcon.colcon_core.package_identification:_identify(simulation_ws/src/turtlebot3/turtlebot3_example) by extensions ['colcon_meta']
[0.209s] Level 1:colcon.colcon_core.package_identification:_identify(simulation_ws/src/turtlebot3/turtlebot3_example) by extension 'colcon_meta'
[0.209s] Level 1:colcon.colcon_core.package_identification:_identify(simulation_ws/src/turtlebot3/turtlebot3_example) by extensions ['ros']
[0.209s] Level 1:colcon.colcon_core.package_identification:_identify(simulation_ws/src/turtlebot3/turtlebot3_example) by extension 'ros'
[0.209s] DEBUG:colcon.colcon_core.package_identification:Package 'simulation_ws/src/turtlebot3/turtlebot3_example' with type 'ros.ament_python' and name 'turtlebot3_example'
[0.209s] Level 1:colcon.colcon_core.package_identification:_identify(simulation_ws/src/turtlebot3/turtlebot3_navigation2) by extensions ['ignore', 'ignore_ament_install']
[0.210s] Level 1:colcon.colcon_core.package_identification:_identify(simulation_ws/src/turtlebot3/turtlebot3_navigation2) by extension 'ignore'
[0.210s] Level 1:colcon.colcon_core.package_identification:_identify(simulation_ws/src/turtlebot3/turtlebot3_navigation2) by extension 'ignore_ament_install'
[0.210s] Level 1:colcon.colcon_core.package_identification:_identify(simulation_ws/src/turtlebot3/turtlebot3_navigation2) by extensions ['colcon_pkg']
[0.210s] Level 1:colcon.colcon_core.package_identification:_identify(simulation_ws/src/turtlebot3/turtlebot3_navigation2) by extension 'colcon_pkg'
[0.210s] Level 1:colcon.colcon_core.package_identification:_identify(simulation_ws/src/turtlebot3/turtlebot3_navigation2) by extensions ['colcon_meta']
[0.210s] Level 1:colcon.colcon_core.package_identification:_identify(simulation_ws/src/turtlebot3/turtlebot3_navigation2) by extension 'colcon_meta'
[0.210s] Level 1:colcon.colcon_core.package_identification:_identify(simulation_ws/src/turtlebot3/turtlebot3_navigation2) by extensions ['ros']
[0.210s] Level 1:colcon.colcon_core.package_identification:_identify(simulation_ws/src/turtlebot3/turtlebot3_navigation2) by extension 'ros'
[0.210s] DEBUG:colcon.colcon_core.package_identification:Package 'simulation_ws/src/turtlebot3/turtlebot3_navigation2' with type 'ros.ament_cmake' and name 'turtlebot3_navigation2'
[0.210s] Level 1:colcon.colcon_core.package_identification:_identify(simulation_ws/src/turtlebot3/turtlebot3_node) by extensions ['ignore', 'ignore_ament_install']
[0.210s] Level 1:colcon.colcon_core.package_identification:_identify(simulation_ws/src/turtlebot3/turtlebot3_node) by extension 'ignore'
[0.210s] Level 1:colcon.colcon_core.package_identification:_identify(simulation_ws/src/turtlebot3/turtlebot3_node) ignored
[0.210s] Level 1:colcon.colcon_core.package_identification:_identify(simulation_ws/src/turtlebot3/turtlebot3_teleop) by extensions ['ignore', 'ignore_ament_install']
[0.229s] Level 1:colcon.colcon_core.package_identification:_identify(simulation_ws/src/turtlebot3/turtlebot3_teleop) by extension 'ignore'
[0.230s] Level 1:colcon.colcon_core.package_identification:_identify(simulation_ws/src/turtlebot3/turtlebot3_teleop) by extension 'ignore_ament_install'
[0.230s] Level 1:colcon.colcon_core.package_identification:_identify(simulation_ws/src/turtlebot3/turtlebot3_teleop) by extensions ['colcon_pkg']
[0.230s] Level 1:colcon.colcon_core.package_identification:_identify(simulation_ws/src/turtlebot3/turtlebot3_teleop) by extension 'colcon_pkg'
[0.230s] Level 1:colcon.colcon_core.package_identification:_identify(simulation_ws/src/turtlebot3/turtlebot3_teleop) by extensions ['colcon_meta']
[0.230s] Level 1:colcon.colcon_core.package_identification:_identify(simulation_ws/src/turtlebot3/turtlebot3_teleop) by extension 'colcon_meta'
[0.230s] Level 1:colcon.colcon_core.package_identification:_identify(simulation_ws/src/turtlebot3/turtlebot3_teleop) by extensions ['ros']
[0.230s] Level 1:colcon.colcon_core.package_identification:_identify(simulation_ws/src/turtlebot3/turtlebot3_teleop) by extension 'ros'
[0.231s] DEBUG:colcon.colcon_core.package_identification:Package 'simulation_ws/src/turtlebot3/turtlebot3_teleop' with type 'ros.ament_python' and name 'turtlebot3_teleop'
[0.232s] Level 1:colcon.colcon_core.package_identification:_identify(simulation_ws/src/turtlebot3_msgs) by extensions ['ignore', 'ignore_ament_install']
[0.232s] Level 1:colcon.colcon_core.package_identification:_identify(simulation_ws/src/turtlebot3_msgs) by extension 'ignore'
[0.232s] Level 1:colcon.colcon_core.package_identification:_identify(simulation_ws/src/turtlebot3_msgs) by extension 'ignore_ament_install'
[0.232s] Level 1:colcon.colcon_core.package_identification:_identify(simulation_ws/src/turtlebot3_msgs) by extensions ['colcon_pkg']
[0.232s] Level 1:colcon.colcon_core.package_identification:_identify(simulation_ws/src/turtlebot3_msgs) by extension 'colcon_pkg'
[0.232s] Level 1:colcon.colcon_core.package_identification:_identify(simulation_ws/src/turtlebot3_msgs) by extensions ['colcon_meta']
[0.232s] Level 1:colcon.colcon_core.package_identification:_identify(simulation_ws/src/turtlebot3_msgs) by extension 'colcon_meta'
[0.232s] Level 1:colcon.colcon_core.package_identification:_identify(simulation_ws/src/turtlebot3_msgs) by extensions ['ros']
[0.232s] Level 1:colcon.colcon_core.package_identification:_identify(simulation_ws/src/turtlebot3_msgs) by extension 'ros'
[0.233s] DEBUG:colcon.colcon_core.package_identification:Package 'simulation_ws/src/turtlebot3_msgs' with type 'ros.ament_cmake' and name 'turtlebot3_msgs'
[0.233s] Level 1:colcon.colcon_core.package_identification:_identify(simulation_ws/src/turtlebot3_ros2) by extensions ['ignore', 'ignore_ament_install']
[0.233s] Level 1:colcon.colcon_core.package_identification:_identify(simulation_ws/src/turtlebot3_ros2) by extension 'ignore'
[0.233s] Level 1:colcon.colcon_core.package_identification:_identify(simulation_ws/src/turtlebot3_ros2) by extension 'ignore_ament_install'
[0.233s] Level 1:colcon.colcon_core.package_identification:_identify(simulation_ws/src/turtlebot3_ros2) by extensions ['colcon_pkg']
[0.233s] Level 1:colcon.colcon_core.package_identification:_identify(simulation_ws/src/turtlebot3_ros2) by extension 'colcon_pkg'
[0.233s] Level 1:colcon.colcon_core.package_identification:_identify(simulation_ws/src/turtlebot3_ros2) by extensions ['colcon_meta']
[0.233s] Level 1:colcon.colcon_core.package_identification:_identify(simulation_ws/src/turtlebot3_ros2) by extension 'colcon_meta'
[0.234s] Level 1:colcon.colcon_core.package_identification:_identify(simulation_ws/src/turtlebot3_ros2) by extensions ['ros']
[0.234s] Level 1:colcon.colcon_core.package_identification:_identify(simulation_ws/src/turtlebot3_ros2) by extension 'ros'
[0.234s] Level 1:colcon.colcon_core.package_identification:_identify(simulation_ws/src/turtlebot3_ros2) by extensions ['cmake', 'python']
[0.234s] Level 1:colcon.colcon_core.package_identification:_identify(simulation_ws/src/turtlebot3_ros2) by extension 'cmake'
[0.234s] Level 1:colcon.colcon_core.package_identification:_identify(simulation_ws/src/turtlebot3_ros2) by extension 'python'
[0.234s] Level 1:colcon.colcon_core.package_identification:_identify(simulation_ws/src/turtlebot3_ros2) by extensions ['python_setup_py']
[0.234s] Level 1:colcon.colcon_core.package_identification:_identify(simulation_ws/src/turtlebot3_ros2) by extension 'python_setup_py'
[0.234s] Level 1:colcon.colcon_core.package_identification:_identify(simulation_ws/src/turtlebot3_ros2/turtlebot3_gazebo) by extensions ['ignore', 'ignore_ament_install']
[0.234s] Level 1:colcon.colcon_core.package_identification:_identify(simulation_ws/src/turtlebot3_ros2/turtlebot3_gazebo) by extension 'ignore'
[0.234s] Level 1:colcon.colcon_core.package_identification:_identify(simulation_ws/src/turtlebot3_ros2/turtlebot3_gazebo) by extension 'ignore_ament_install'
[0.234s] Level 1:colcon.colcon_core.package_identification:_identify(simulation_ws/src/turtlebot3_ros2/turtlebot3_gazebo) by extensions ['colcon_pkg']
[0.234s] Level 1:colcon.colcon_core.package_identification:_identify(simulation_ws/src/turtlebot3_ros2/turtlebot3_gazebo) by extension 'colcon_pkg'
[0.234s] Level 1:colcon.colcon_core.package_identification:_identify(simulation_ws/src/turtlebot3_ros2/turtlebot3_gazebo) by extensions ['colcon_meta']
[0.234s] Level 1:colcon.colcon_core.package_identification:_identify(simulation_ws/src/turtlebot3_ros2/turtlebot3_gazebo) by extension 'colcon_meta'
[0.234s] Level 1:colcon.colcon_core.package_identification:_identify(simulation_ws/src/turtlebot3_ros2/turtlebot3_gazebo) by extensions ['ros']
[0.234s] Level 1:colcon.colcon_core.package_identification:_identify(simulation_ws/src/turtlebot3_ros2/turtlebot3_gazebo) by extension 'ros'
[0.235s] DEBUG:colcon.colcon_core.package_identification:Package 'simulation_ws/src/turtlebot3_ros2/turtlebot3_gazebo' with type 'ros.ament_cmake' and name 'turtlebot3_gazebo'
[0.236s] Level 1:colcon.colcon_core.package_identification:_identify(simulation_ws/src/turtlebot3_ros2/turtlebot3_simulations) by extensions ['ignore', 'ignore_ament_install']
[0.236s] Level 1:colcon.colcon_core.package_identification:_identify(simulation_ws/src/turtlebot3_ros2/turtlebot3_simulations) by extension 'ignore'
[0.236s] Level 1:colcon.colcon_core.package_identification:_identify(simulation_ws/src/turtlebot3_ros2/turtlebot3_simulations) by extension 'ignore_ament_install'
[0.236s] Level 1:colcon.colcon_core.package_identification:_identify(simulation_ws/src/turtlebot3_ros2/turtlebot3_simulations) by extensions ['colcon_pkg']
[0.236s] Level 1:colcon.colcon_core.package_identification:_identify(simulation_ws/src/turtlebot3_ros2/turtlebot3_simulations) by extension 'colcon_pkg'
[0.236s] Level 1:colcon.colcon_core.package_identification:_identify(simulation_ws/src/turtlebot3_ros2/turtlebot3_simulations) by extensions ['colcon_meta']
[0.236s] Level 1:colcon.colcon_core.package_identification:_identify(simulation_ws/src/turtlebot3_ros2/turtlebot3_simulations) by extension 'colcon_meta'
[0.236s] Level 1:colcon.colcon_core.package_identification:_identify(simulation_ws/src/turtlebot3_ros2/turtlebot3_simulations) by extensions ['ros']
[0.236s] Level 1:colcon.colcon_core.package_identification:_identify(simulation_ws/src/turtlebot3_ros2/turtlebot3_simulations) by extension 'ros'
[0.237s] DEBUG:colcon.colcon_core.package_identification:Package 'simulation_ws/src/turtlebot3_ros2/turtlebot3_simulations' with type 'ros.ament_cmake' and name 'turtlebot3_simulations'
[0.237s] Level 1:colcon.colcon_core.package_identification:_identify(webpage_ws) by extensions ['ignore', 'ignore_ament_install']
[0.237s] Level 1:colcon.colcon_core.package_identification:_identify(webpage_ws) by extension 'ignore'
[0.237s] Level 1:colcon.colcon_core.package_identification:_identify(webpage_ws) by extension 'ignore_ament_install'
[0.237s] Level 1:colcon.colcon_core.package_identification:_identify(webpage_ws) by extensions ['colcon_pkg']
[0.237s] Level 1:colcon.colcon_core.package_identification:_identify(webpage_ws) by extension 'colcon_pkg'
[0.237s] Level 1:colcon.colcon_core.package_identification:_identify(webpage_ws) by extensions ['colcon_meta']
[0.237s] Level 1:colcon.colcon_core.package_identification:_identify(webpage_ws) by extension 'colcon_meta'
[0.237s] Level 1:colcon.colcon_core.package_identification:_identify(webpage_ws) by extensions ['ros']
[0.237s] Level 1:colcon.colcon_core.package_identification:_identify(webpage_ws) by extension 'ros'
[0.237s] Level 1:colcon.colcon_core.package_identification:_identify(webpage_ws) by extensions ['cmake', 'python']
[0.237s] Level 1:colcon.colcon_core.package_identification:_identify(webpage_ws) by extension 'cmake'
[0.237s] Level 1:colcon.colcon_core.package_identification:_identify(webpage_ws) by extension 'python'
[0.237s] Level 1:colcon.colcon_core.package_identification:_identify(webpage_ws) by extensions ['python_setup_py']
[0.238s] Level 1:colcon.colcon_core.package_identification:_identify(webpage_ws) by extension 'python_setup_py'
[0.238s] Level 1:colcon.colcon_core.package_discovery:discover_packages(recursive) using defaults
[0.238s] Level 1:colcon.colcon_core.package_discovery:discover_packages(ignore) discover
[0.238s] Level 1:colcon.colcon_core.package_discovery:discover_packages(ignore) using defaults
[0.238s] Level 1:colcon.colcon_core.package_discovery:discover_packages(path) discover
[0.238s] Level 1:colcon.colcon_core.package_discovery:discover_packages(path) using defaults
[0.258s] INFO:colcon.colcon_core.package_selection:Skipping not selected package 'my_robot_interfaces' in 'ros2_ws/src/my_robot_interfaces'
[0.258s] INFO:colcon.colcon_core.package_selection:Skipping not selected package 'tb3_burger_cartographer' in 'ros2_ws/src/tb3_burger_cartographer'
[0.258s] INFO:colcon.colcon_core.package_selection:Skipping not selected package 'tb3_burger_localization' in 'ros2_ws/src/tb3_burger_localization'
[0.258s] INFO:colcon.colcon_core.package_selection:Skipping not selected package 'turtlebot3_cartographer' in 'simulation_ws/src/turtlebot3/turtlebot3_cartographer'
[0.258s] INFO:colcon.colcon_core.package_selection:Skipping not selected package 'turtlebot3_description' in 'simulation_ws/src/turtlebot3/turtlebot3_description'
[0.258s] INFO:colcon.colcon_core.package_selection:Skipping not selected package 'turtlebot3_gazebo' in 'simulation_ws/src/turtlebot3_ros2/turtlebot3_gazebo'
[0.258s] INFO:colcon.colcon_core.package_selection:Skipping not selected package 'turtlebot3_msgs' in 'simulation_ws/src/turtlebot3_msgs'
[0.258s] INFO:colcon.colcon_core.package_selection:Skipping not selected package 'turtlebot3_navigation2' in 'simulation_ws/src/turtlebot3/turtlebot3_navigation2'
[0.258s] INFO:colcon.colcon_core.package_selection:Skipping not selected package 'turtlebot3_teleop' in 'simulation_ws/src/turtlebot3/turtlebot3_teleop'
[0.258s] INFO:colcon.colcon_core.package_selection:Skipping not selected package 'turtlebot3_bringup' in 'simulation_ws/src/turtlebot3/turtlebot3_bringup'
[0.258s] INFO:colcon.colcon_core.package_selection:Skipping not selected package 'turtlebot3_example' in 'simulation_ws/src/turtlebot3/turtlebot3_example'
[0.258s] INFO:colcon.colcon_core.package_selection:Skipping not selected package 'turtlebot3_simulations' in 'simulation_ws/src/turtlebot3_ros2/turtlebot3_simulations'
[0.258s] INFO:colcon.colcon_core.package_selection:Skipping not selected package 'turtlebot3' in 'simulation_ws/src/turtlebot3/turtlebot3'
[0.258s] Level 1:colcon.colcon_core.package_discovery:discover_packages(prefix_path) check parameters
[0.258s] Level 1:colcon.colcon_core.package_discovery:discover_packages(prefix_path) discover
[0.260s] DEBUG:colcon.colcon_installed_package_information.package_discovery:Found 14 installed packages in /home/latih/ros2-tf-real-robot-project/install
[0.261s] DEBUG:colcon.colcon_installed_package_information.package_discovery:Found 393 installed packages in /opt/ros/humble
[0.263s] Level 1:colcon.colcon_core.package_discovery:discover_packages(prefix_path) using defaults
[0.295s] Level 5:colcon.colcon_core.verb:set package 'ros2_tf_project' build argument 'cmake_args' from command line to 'None'
[0.295s] Level 5:colcon.colcon_core.verb:set package 'ros2_tf_project' build argument 'cmake_target' from command line to 'None'
[0.295s] Level 5:colcon.colcon_core.verb:set package 'ros2_tf_project' build argument 'cmake_target_skip_unavailable' from command line to 'False'
[0.295s] Level 5:colcon.colcon_core.verb:set package 'ros2_tf_project' build argument 'cmake_clean_cache' from command line to 'False'
[0.295s] Level 5:colcon.colcon_core.verb:set package 'ros2_tf_project' build argument 'cmake_clean_first' from command line to 'False'
[0.295s] Level 5:colcon.colcon_core.verb:set package 'ros2_tf_project' build argument 'cmake_force_configure' from command line to 'False'
[0.295s] Level 5:colcon.colcon_core.verb:set package 'ros2_tf_project' build argument 'ament_cmake_args' from command line to 'None'
[0.295s] Level 5:colcon.colcon_core.verb:set package 'ros2_tf_project' build argument 'catkin_cmake_args' from command line to 'None'
[0.295s] Level 5:colcon.colcon_core.verb:set package 'ros2_tf_project' build argument 'catkin_skip_building_tests' from command line to 'False'
[0.295s] DEBUG:colcon.colcon_core.verb:Building package 'ros2_tf_project' with the following arguments: {'ament_cmake_args': None, 'build_base': '/home/latih/ros2-tf-real-robot-project/build/ros2_tf_project', 'catkin_cmake_args': None, 'catkin_skip_building_tests': False, 'cmake_args': None, 'cmake_clean_cache': False, 'cmake_clean_first': False, 'cmake_force_configure': False, 'cmake_target': None, 'cmake_target_skip_unavailable': False, 'install_base': '/home/latih/ros2-tf-real-robot-project/install/ros2_tf_project', 'merge_install': False, 'path': '/home/latih/ros2-tf-real-robot-project/ros2_ws/src/ros2_tf_project', 'symlink_install': False, 'test_result_base': None}
[0.295s] INFO:colcon.colcon_core.executor:Executing jobs using 'parallel' executor
[0.296s] DEBUG:colcon.colcon_parallel_executor.executor.parallel:run_until_complete
[0.296s] INFO:colcon.colcon_ros.task.ament_cmake.build:Building ROS package in '/home/latih/ros2-tf-real-robot-project/ros2_ws/src/ros2_tf_project' with build type 'ament_cmake'
[0.296s] INFO:colcon.colcon_cmake.task.cmake.build:Building CMake package in '/home/latih/ros2-tf-real-robot-project/ros2_ws/src/ros2_tf_project'
[0.298s] INFO:colcon.colcon_core.plugin_system:Skipping extension 'colcon_core.shell.bat': Not used on non-Windows systems
[0.299s] INFO:colcon.colcon_core.shell:Skip shell extension 'powershell' for command environment: Not usable outside of PowerShell
[0.299s] DEBUG:colcon.colcon_core.shell:Skip shell extension 'dsv' for command environment
[0.312s] DEBUG:colcon.colcon_core.event_handler.log_command:Invoking command in '/home/latih/ros2-tf-real-robot-project/build/ros2_tf_project': CMAKE_PREFIX_PATH=/home/latih/ros2-tf-real-robot-project/install/my_robot_interfaces:/home/latih/ros2-tf-real-robot-project/install/turtlebot3:/home/latih/ros2-tf-real-robot-project/install/turtlebot3_simulations:/home/latih/ros2-tf-real-robot-project/install/turtlebot3_navigation2:/home/latih/ros2-tf-real-robot-project/install/turtlebot3_msgs:/home/latih/ros2-tf-real-robot-project/install/turtlebot3_gazebo:/home/latih/ros2-tf-real-robot-project/install/turtlebot3_bringup:/home/latih/ros2-tf-real-robot-project/install/turtlebot3_description:/home/latih/ros2-tf-real-robot-project/install/turtlebot3_cartographer:/home/latih/ros2-tf-real-robot-project/install/tb3_burger_localization:/home/latih/ros2-tf-real-robot-project/install/tb3_burger_cartographer:/home/latih/ros2-tf-real-robot-project/install/ros2_tf_project:/home/latih/ros2-tf-real-robot-project/install/turtlebot3_teleop:/home/latih/ros2-tf-real-robot-project/install/turtlebot3_example:/opt/ros/humble LD_LIBRARY_PATH=/home/latih/ros2-tf-real-robot-project/install/my_robot_interfaces/lib:/home/latih/ros2-tf-real-robot-project/install/turtlebot3_msgs/lib:/usr/lib/x86_64-linux-gnu/gazebo-11/plugins:/opt/ros/humble/opt/rviz_ogre_vendor/lib:/opt/ros/humble/lib/x86_64-linux-gnu:/opt/ros/humble/lib /usr/bin/cmake --build /home/latih/ros2-tf-real-robot-project/build/ros2_tf_project -- -j16 -l16
[5.109s] DEBUG:colcon.colcon_core.event_handler.log_command:Invoked command in '/home/latih/ros2-tf-real-robot-project/build/ros2_tf_project' returned '2': CMAKE_PREFIX_PATH=/home/latih/ros2-tf-real-robot-project/install/my_robot_interfaces:/home/latih/ros2-tf-real-robot-project/install/turtlebot3:/home/latih/ros2-tf-real-robot-project/install/turtlebot3_simulations:/home/latih/ros2-tf-real-robot-project/install/turtlebot3_navigation2:/home/latih/ros2-tf-real-robot-project/install/turtlebot3_msgs:/home/latih/ros2-tf-real-robot-project/install/turtlebot3_gazebo:/home/latih/ros2-tf-real-robot-project/install/turtlebot3_bringup:/home/latih/ros2-tf-real-robot-project/install/turtlebot3_description:/home/latih/ros2-tf-real-robot-project/install/turtlebot3_cartographer:/home/latih/ros2-tf-real-robot-project/install/tb3_burger_localization:/home/latih/ros2-tf-real-robot-project/install/tb3_burger_cartographer:/home/latih/ros2-tf-real-robot-project/install/ros2_tf_project:/home/latih/ros2-tf-real-robot-project/install/turtlebot3_teleop:/home/latih/ros2-tf-real-robot-project/install/turtlebot3_example:/opt/ros/humble LD_LIBRARY_PATH=/home/latih/ros2-tf-real-robot-project/install/my_robot_interfaces/lib:/home/latih/ros2-tf-real-robot-project/install/turtlebot3_msgs/lib:/usr/lib/x86_64-linux-gnu/gazebo-11/plugins:/opt/ros/humble/opt/rviz_ogre_vendor/lib:/opt/ros/humble/lib/x86_64-linux-gnu:/opt/ros/humble/lib /usr/bin/cmake --build /home/latih/ros2-tf-real-robot-project/build/ros2_tf_project -- -j16 -l16
[5.109s] Level 1:colcon.colcon_core.environment:create_environment_scripts_only(ros2_tf_project)
[5.111s] Level 1:colcon.colcon_core.environment:checking '/home/latih/ros2-tf-real-robot-project/install/ros2_tf_project' for CMake module files
[5.111s] Level 1:colcon.colcon_core.environment:checking '/home/latih/ros2-tf-real-robot-project/install/ros2_tf_project' for CMake config files
[5.112s] Level 1:colcon.colcon_core.shell:create_environment_hook('ros2_tf_project', 'cmake_prefix_path')
[5.112s] INFO:colcon.colcon_core.shell:Creating environment hook '/home/latih/ros2-tf-real-robot-project/install/ros2_tf_project/share/ros2_tf_project/hook/cmake_prefix_path.ps1'
[5.113s] INFO:colcon.colcon_core.shell:Creating environment descriptor '/home/latih/ros2-tf-real-robot-project/install/ros2_tf_project/share/ros2_tf_project/hook/cmake_prefix_path.dsv'
[5.113s] INFO:colcon.colcon_core.shell:Creating environment hook '/home/latih/ros2-tf-real-robot-project/install/ros2_tf_project/share/ros2_tf_project/hook/cmake_prefix_path.sh'
[5.114s] Level 1:colcon.colcon_core.environment:checking '/home/latih/ros2-tf-real-robot-project/install/ros2_tf_project/lib'
[5.114s] Level 1:colcon.colcon_core.environment:checking '/home/latih/ros2-tf-real-robot-project/install/ros2_tf_project/bin'
[5.114s] Level 1:colcon.colcon_core.environment:checking '/home/latih/ros2-tf-real-robot-project/install/ros2_tf_project/lib/pkgconfig/ros2_tf_project.pc'
[5.114s] Level 1:colcon.colcon_core.environment:checking '/home/latih/ros2-tf-real-robot-project/install/ros2_tf_project/lib/python3.10/site-packages'
[5.115s] Level 1:colcon.colcon_core.environment:checking '/home/latih/ros2-tf-real-robot-project/install/ros2_tf_project/bin'
[5.115s] INFO:colcon.colcon_core.shell:Creating package script '/home/latih/ros2-tf-real-robot-project/install/ros2_tf_project/share/ros2_tf_project/package.ps1'
[5.115s] INFO:colcon.colcon_core.shell:Creating package descriptor '/home/latih/ros2-tf-real-robot-project/install/ros2_tf_project/share/ros2_tf_project/package.dsv'
[5.116s] INFO:colcon.colcon_core.shell:Creating package script '/home/latih/ros2-tf-real-robot-project/install/ros2_tf_project/share/ros2_tf_project/package.sh'
[5.116s] INFO:colcon.colcon_core.shell:Creating package script '/home/latih/ros2-tf-real-robot-project/install/ros2_tf_project/share/ros2_tf_project/package.bash'
[5.117s] INFO:colcon.colcon_core.shell:Creating package script '/home/latih/ros2-tf-real-robot-project/install/ros2_tf_project/share/ros2_tf_project/package.zsh'
[5.117s] Level 1:colcon.colcon_core.environment:create_file_with_runtime_dependencies(/home/latih/ros2-tf-real-robot-project/install/ros2_tf_project/share/colcon-core/packages/ros2_tf_project)
[5.128s] DEBUG:colcon.colcon_parallel_executor.executor.parallel:closing loop
[5.128s] DEBUG:colcon.colcon_parallel_executor.executor.parallel:loop closed
[5.128s] DEBUG:colcon.colcon_parallel_executor.executor.parallel:run_until_complete finished with '2'
[5.128s] DEBUG:colcon.colcon_core.event_reactor:joining thread
[5.142s] INFO:colcon.colcon_core.plugin_system:Skipping extension 'colcon_notification.desktop_notification.terminal_notifier': Not used on non-Darwin systems
[5.142s] INFO:colcon.colcon_core.plugin_system:Skipping extension 'colcon_notification.desktop_notification.win32': Not used on non-Windows systems
[5.143s] INFO:colcon.colcon_notification.desktop_notification:Sending desktop notification using 'notify2'
[5.175s] DEBUG:colcon.colcon_core.event_reactor:joined thread
[5.176s] INFO:colcon.colcon_core.shell:Creating prefix script '/home/latih/ros2-tf-real-robot-project/install/local_setup.ps1'
[5.179s] INFO:colcon.colcon_core.shell:Creating prefix util module '/home/latih/ros2-tf-real-robot-project/install/_local_setup_util_ps1.py'
[5.182s] INFO:colcon.colcon_core.shell:Creating prefix chain script '/home/latih/ros2-tf-real-robot-project/install/setup.ps1'
[5.185s] INFO:colcon.colcon_core.shell:Creating prefix script '/home/latih/ros2-tf-real-robot-project/install/local_setup.sh'
[5.185s] INFO:colcon.colcon_core.shell:Creating prefix util module '/home/latih/ros2-tf-real-robot-project/install/_local_setup_util_sh.py'
[5.186s] INFO:colcon.colcon_core.shell:Creating prefix chain script '/home/latih/ros2-tf-real-robot-project/install/setup.sh'
[5.188s] INFO:colcon.colcon_core.shell:Creating prefix script '/home/latih/ros2-tf-real-robot-project/install/local_setup.bash'
[5.188s] INFO:colcon.colcon_core.shell:Creating prefix chain script '/home/latih/ros2-tf-real-robot-project/install/setup.bash'
[5.190s] INFO:colcon.colcon_core.shell:Creating prefix script '/home/latih/ros2-tf-real-robot-project/install/local_setup.zsh'
[5.190s] INFO:colcon.colcon_core.shell:Creating prefix chain script '/home/latih/ros2-tf-real-robot-project/install/setup.zsh'
