[0.648s] Invoking command in '/home/latih/ros2-tf-real-robot-project/simulation_ws/src/turtlebot3/turtlebot3_example': CMAKE_PREFIX_PATH=/home/latih/ros2-tf-real-robot-project/install/turtlebot3_msgs:/home/latih/ros2-tf-real-robot-project/install/turtlebot3:/home/latih/ros2-tf-real-robot-project/install/turtlebot3_simulations:/home/latih/ros2-tf-real-robot-project/install/turtlebot3_navigation2:/home/latih/ros2-tf-real-robot-project/install/turtlebot3_gazebo:/home/latih/ros2-tf-real-robot-project/install/turtlebot3_bringup:/home/latih/ros2-tf-real-robot-project/install/turtlebot3_description:/home/latih/ros2-tf-real-robot-project/install/turtlebot3_cartographer:/home/latih/ros2-tf-real-robot-project/install/tb3_burger_localization:/home/latih/ros2-tf-real-robot-project/install/tb3_burger_cartographer:/home/latih/ros2-tf-real-robot-project/install/ros2_tf_project:/home/latih/ros2-tf-real-robot-project/install/my_robot_interfaces PYTHONPATH=/home/latih/ros2-tf-real-robot-project/build/turtlebot3_example/prefix_override:/usr/lib/python3/dist-packages/colcon_core/task/python/colcon_distutils_commands:/home/latih/ros2-tf-real-robot-project/install/turtlebot3_example/lib/python3.10/site-packages:${PYTHONPATH} /usr/bin/python3 -W ignore:setup.py install is deprecated -W ignore:easy_install command is deprecated setup.py egg_info --egg-base ../../../../build/turtlebot3_example build --build-base /home/latih/ros2-tf-real-robot-project/build/turtlebot3_example/build install --record /home/latih/ros2-tf-real-robot-project/build/turtlebot3_example/install.log --single-version-externally-managed install_data
[0.890s] running egg_info
[0.890s] writing ../../../../build/turtlebot3_example/turtlebot3_example.egg-info/PKG-INFO
[0.891s] writing dependency_links to ../../../../build/turtlebot3_example/turtlebot3_example.egg-info/dependency_links.txt
[0.891s] writing entry points to ../../../../build/turtlebot3_example/turtlebot3_example.egg-info/entry_points.txt
[0.891s] writing requirements to ../../../../build/turtlebot3_example/turtlebot3_example.egg-info/requires.txt
[0.892s] writing top-level names to ../../../../build/turtlebot3_example/turtlebot3_example.egg-info/top_level.txt
[0.893s] reading manifest file '../../../../build/turtlebot3_example/turtlebot3_example.egg-info/SOURCES.txt'
[0.894s] writing manifest file '../../../../build/turtlebot3_example/turtlebot3_example.egg-info/SOURCES.txt'
[0.894s] running build
[0.894s] running build_py
[0.895s] running install
[0.896s] running install_lib
[0.898s] running install_data
[0.898s] running install_egg_info
[0.900s] removing '/home/latih/ros2-tf-real-robot-project/install/turtlebot3_example/lib/python3.10/site-packages/turtlebot3_example-2.1.4-py3.10.egg-info' (and everything under it)
[0.900s] Copying ../../../../build/turtlebot3_example/turtlebot3_example.egg-info to /home/latih/ros2-tf-real-robot-project/install/turtlebot3_example/lib/python3.10/site-packages/turtlebot3_example-2.1.4-py3.10.egg-info
[0.901s] running install_scripts
[0.922s] Installing turtlebot3_obstacle_detection script to /home/latih/ros2-tf-real-robot-project/install/turtlebot3_example/lib/turtlebot3_example
[0.922s] Installing turtlebot3_patrol_client script to /home/latih/ros2-tf-real-robot-project/install/turtlebot3_example/lib/turtlebot3_example
[0.923s] Installing turtlebot3_patrol_server script to /home/latih/ros2-tf-real-robot-project/install/turtlebot3_example/lib/turtlebot3_example
[0.923s] Installing turtlebot3_position_control script to /home/latih/ros2-tf-real-robot-project/install/turtlebot3_example/lib/turtlebot3_example
[0.923s] writing list of installed files to '/home/latih/ros2-tf-real-robot-project/build/turtlebot3_example/install.log'
[0.981s] Invoked command in '/home/latih/ros2-tf-real-robot-project/simulation_ws/src/turtlebot3/turtlebot3_example' returned '0': CMAKE_PREFIX_PATH=/home/latih/ros2-tf-real-robot-project/install/turtlebot3_msgs:/home/latih/ros2-tf-real-robot-project/install/turtlebot3:/home/latih/ros2-tf-real-robot-project/install/turtlebot3_simulations:/home/latih/ros2-tf-real-robot-project/install/turtlebot3_navigation2:/home/latih/ros2-tf-real-robot-project/install/turtlebot3_gazebo:/home/latih/ros2-tf-real-robot-project/install/turtlebot3_bringup:/home/latih/ros2-tf-real-robot-project/install/turtlebot3_description:/home/latih/ros2-tf-real-robot-project/install/turtlebot3_cartographer:/home/latih/ros2-tf-real-robot-project/install/tb3_burger_localization:/home/latih/ros2-tf-real-robot-project/install/tb3_burger_cartographer:/home/latih/ros2-tf-real-robot-project/install/ros2_tf_project:/home/latih/ros2-tf-real-robot-project/install/my_robot_interfaces PYTHONPATH=/home/latih/ros2-tf-real-robot-project/build/turtlebot3_example/prefix_override:/usr/lib/python3/dist-packages/colcon_core/task/python/colcon_distutils_commands:/home/latih/ros2-tf-real-robot-project/install/turtlebot3_example/lib/python3.10/site-packages:${PYTHONPATH} /usr/bin/python3 -W ignore:setup.py install is deprecated -W ignore:easy_install command is deprecated setup.py egg_info --egg-base ../../../../build/turtlebot3_example build --build-base /home/latih/ros2-tf-real-robot-project/build/turtlebot3_example/build install --record /home/latih/ros2-tf-real-robot-project/build/turtlebot3_example/install.log --single-version-externally-managed install_data
