[0.014s] Invoking command in '/home/latih/ros2-tf-real-robot-project/build/ros2_tf_project': CMAKE_PREFIX_PATH=/home/latih/ros2-tf-real-robot-project/install/my_robot_interfaces:/home/latih/ros2-tf-real-robot-project/install/turtlebot3:/home/latih/ros2-tf-real-robot-project/install/turtlebot3_simulations:/home/latih/ros2-tf-real-robot-project/install/turtlebot3_navigation2:/home/latih/ros2-tf-real-robot-project/install/turtlebot3_msgs:/home/latih/ros2-tf-real-robot-project/install/turtlebot3_gazebo:/home/latih/ros2-tf-real-robot-project/install/turtlebot3_bringup:/home/latih/ros2-tf-real-robot-project/install/turtlebot3_description:/home/latih/ros2-tf-real-robot-project/install/turtlebot3_cartographer:/home/latih/ros2-tf-real-robot-project/install/tb3_burger_localization:/home/latih/ros2-tf-real-robot-project/install/tb3_burger_cartographer:/home/latih/ros2-tf-real-robot-project/install/ros2_tf_project:/home/latih/ros2-tf-real-robot-project/install/turtlebot3_teleop:/home/latih/ros2-tf-real-robot-project/install/turtlebot3_example:/opt/ros/humble LD_LIBRARY_PATH=/home/latih/ros2-tf-real-robot-project/install/my_robot_interfaces/lib:/home/latih/ros2-tf-real-robot-project/install/turtlebot3_msgs/lib:/usr/lib/x86_64-linux-gnu/gazebo-11/plugins:/opt/ros/humble/opt/rviz_ogre_vendor/lib:/opt/ros/humble/lib/x86_64-linux-gnu:/opt/ros/humble/lib /usr/bin/cmake --build /home/latih/ros2-tf-real-robot-project/build/ros2_tf_project -- -j16 -l16
[0.086s] [35m[1mConsolidate compiler generated dependencies of target simple_trajectory_service[0m
[0.115s] [ 50%] Built target feature_detector
[0.119s] [ 75%] [32mBuilding CXX object CMakeFiles/simple_trajectory_service.dir/src/simple_trajectory_service.cpp.o[0m
[2.809s] [01m[K/home/latih/ros2-tf-real-robot-project/ros2_ws/src/ros2_tf_project/src/simple_trajectory_service.cpp:[m[K In member function ‘[01m[Kvoid SimpleTrajectoryService::trajectory()[m[K’:
[2.809s] [01m[K/home/latih/ros2-tf-real-robot-project/ros2_ws/src/ros2_tf_project/src/simple_trajectory_service.cpp:130:27:[m[K [01;31m[Kerror: [m[Kno matching function for call to ‘[01m[Kstd::vector<geometry_msgs::msg::Point_<std::allocator<void> > >::push_back(<brace-enclosed initializer list>)[m[K’
[2.809s]   130 |             [01;31m[Kpath.push_back({x, y_min - r, 0.0})[m[K;
[2.809s]       |             [01;31m[K~~~~~~~~~~~~~~^~~~~~~~~~~~~~~~~~~~~[m[K
[2.809s] In file included from [01m[K/usr/include/c++/11/vector:67[m[K,
[2.809s]                  from [01m[K/usr/include/c++/11/functional:62[m[K,
[2.809s]                  from [01m[K/usr/include/c++/11/pstl/glue_algorithm_defs.h:13[m[K,
[2.809s]                  from [01m[K/usr/include/c++/11/algorithm:74[m[K,
[2.809s]                  from [01m[K/opt/ros/humble/include/rclcpp/rclcpp/executor.hpp:18[m[K,
[2.809s]                  from [01m[K/opt/ros/humble/include/rclcpp/rclcpp/executors/multi_threaded_executor.hpp:25[m[K,
[2.809s]                  from [01m[K/opt/ros/humble/include/rclcpp/rclcpp/executors.hpp:21[m[K,
[2.810s]                  from [01m[K/opt/ros/humble/include/rclcpp/rclcpp/rclcpp.hpp:155[m[K,
[2.810s]                  from [01m[K/home/latih/ros2-tf-real-robot-project/ros2_ws/src/ros2_tf_project/src/simple_trajectory_service.cpp:1[m[K:
[2.810s] [01m[K/usr/include/c++/11/bits/stl_vector.h:1187:7:[m[K [01;36m[Knote: [m[Kcandidate: ‘[01m[Kvoid std::vector<_Tp, _Alloc>::push_back(const value_type&) [with _Tp = geometry_msgs::msg::Point_<std::allocator<void> >; _Alloc = std::allocator<geometry_msgs::msg::Point_<std::allocator<void> > >; std::vector<_Tp, _Alloc>::value_type = geometry_msgs::msg::Point_<std::allocator<void> >][m[K’
[2.810s]  1187 |       [01;36m[Kpush_back[m[K(const value_type& __x)
[2.810s]       |       [01;36m[K^~~~~~~~~[m[K
[2.810s] [01m[K/usr/include/c++/11/bits/stl_vector.h:1187:35:[m[K [01;36m[Knote: [m[K  no known conversion for argument 1 from ‘[01m[K<brace-enclosed initializer list>[m[K’ to ‘[01m[Kconst value_type&[m[K’ {aka ‘[01m[Kconst geometry_msgs::msg::Point_<std::allocator<void> >&[m[K’}
[2.810s]  1187 |       push_back([01;36m[Kconst value_type& __x[m[K)
[2.810s]       |                 [01;36m[K~~~~~~~~~~~~~~~~~~^~~[m[K
[2.810s] [01m[K/usr/include/c++/11/bits/stl_vector.h:1203:7:[m[K [01;36m[Knote: [m[Kcandidate: ‘[01m[Kvoid std::vector<_Tp, _Alloc>::push_back(std::vector<_Tp, _Alloc>::value_type&&) [with _Tp = geometry_msgs::msg::Point_<std::allocator<void> >; _Alloc = std::allocator<geometry_msgs::msg::Point_<std::allocator<void> > >; std::vector<_Tp, _Alloc>::value_type = geometry_msgs::msg::Point_<std::allocator<void> >][m[K’
[2.810s]  1203 |       [01;36m[Kpush_back[m[K(value_type&& __x)
[2.810s]       |       [01;36m[K^~~~~~~~~[m[K
[2.810s] [01m[K/usr/include/c++/11/bits/stl_vector.h:1203:30:[m[K [01;36m[Knote: [m[K  no known conversion for argument 1 from ‘[01m[K<brace-enclosed initializer list>[m[K’ to ‘[01m[Kstd::vector<geometry_msgs::msg::Point_<std::allocator<void> > >::value_type&&[m[K’ {aka ‘[01m[Kgeometry_msgs::msg::Point_<std::allocator<void> >&&[m[K’}
[2.810s]  1203 |       push_back([01;36m[Kvalue_type&& __x[m[K)
[2.810s]       |                 [01;36m[K~~~~~~~~~~~~~^~~[m[K
[2.810s] [01m[K/home/latih/ros2-tf-real-robot-project/ros2_ws/src/ros2_tf_project/src/simple_trajectory_service.cpp:137:27:[m[K [01;31m[Kerror: [m[Kno matching function for call to ‘[01m[Kstd::vector<geometry_msgs::msg::Point_<std::allocator<void> > >::push_back(<brace-enclosed initializer list>)[m[K’
[2.810s]   137 |             [01;31m[Kpath.push_back({x, y, 0.0})[m[K;
[2.810s]       |             [01;31m[K~~~~~~~~~~~~~~^~~~~~~~~~~~~[m[K
[2.810s] In file included from [01m[K/usr/include/c++/11/vector:67[m[K,
[2.810s]                  from [01m[K/usr/include/c++/11/functional:62[m[K,
[2.810s]                  from [01m[K/usr/include/c++/11/pstl/glue_algorithm_defs.h:13[m[K,
[2.810s]                  from [01m[K/usr/include/c++/11/algorithm:74[m[K,
[2.810s]                  from [01m[K/opt/ros/humble/include/rclcpp/rclcpp/executor.hpp:18[m[K,
[2.810s]                  from [01m[K/opt/ros/humble/include/rclcpp/rclcpp/executors/multi_threaded_executor.hpp:25[m[K,
[2.810s]                  from [01m[K/opt/ros/humble/include/rclcpp/rclcpp/executors.hpp:21[m[K,
[2.810s]                  from [01m[K/opt/ros/humble/include/rclcpp/rclcpp/rclcpp.hpp:155[m[K,
[2.810s]                  from [01m[K/home/latih/ros2-tf-real-robot-project/ros2_ws/src/ros2_tf_project/src/simple_trajectory_service.cpp:1[m[K:
[2.811s] [01m[K/usr/include/c++/11/bits/stl_vector.h:1187:7:[m[K [01;36m[Knote: [m[Kcandidate: ‘[01m[Kvoid std::vector<_Tp, _Alloc>::push_back(const value_type&) [with _Tp = geometry_msgs::msg::Point_<std::allocator<void> >; _Alloc = std::allocator<geometry_msgs::msg::Point_<std::allocator<void> > >; std::vector<_Tp, _Alloc>::value_type = geometry_msgs::msg::Point_<std::allocator<void> >][m[K’
[2.811s]  1187 |       [01;36m[Kpush_back[m[K(const value_type& __x)
[2.811s]       |       [01;36m[K^~~~~~~~~[m[K
[2.811s] [01m[K/usr/include/c++/11/bits/stl_vector.h:1187:35:[m[K [01;36m[Knote: [m[K  no known conversion for argument 1 from ‘[01m[K<brace-enclosed initializer list>[m[K’ to ‘[01m[Kconst value_type&[m[K’ {aka ‘[01m[Kconst geometry_msgs::msg::Point_<std::allocator<void> >&[m[K’}
[2.811s]  1187 |       push_back([01;36m[Kconst value_type& __x[m[K)
[2.811s]       |                 [01;36m[K~~~~~~~~~~~~~~~~~~^~~[m[K
[2.811s] [01m[K/usr/include/c++/11/bits/stl_vector.h:1203:7:[m[K [01;36m[Knote: [m[Kcandidate: ‘[01m[Kvoid std::vector<_Tp, _Alloc>::push_back(std::vector<_Tp, _Alloc>::value_type&&) [with _Tp = geometry_msgs::msg::Point_<std::allocator<void> >; _Alloc = std::allocator<geometry_msgs::msg::Point_<std::allocator<void> > >; std::vector<_Tp, _Alloc>::value_type = geometry_msgs::msg::Point_<std::allocator<void> >][m[K’
[2.811s]  1203 |       [01;36m[Kpush_back[m[K(value_type&& __x)
[2.811s]       |       [01;36m[K^~~~~~~~~[m[K
[2.811s] [01m[K/usr/include/c++/11/bits/stl_vector.h:1203:30:[m[K [01;36m[Knote: [m[K  no known conversion for argument 1 from ‘[01m[K<brace-enclosed initializer list>[m[K’ to ‘[01m[Kstd::vector<geometry_msgs::msg::Point_<std::allocator<void> > >::value_type&&[m[K’ {aka ‘[01m[Kgeometry_msgs::msg::Point_<std::allocator<void> >&&[m[K’}
[2.811s]  1203 |       push_back([01;36m[Kvalue_type&& __x[m[K)
[2.811s]       |                 [01;36m[K~~~~~~~~~~~~~^~~[m[K
[2.811s] [01m[K/home/latih/ros2-tf-real-robot-project/ros2_ws/src/ros2_tf_project/src/simple_trajectory_service.cpp:141:27:[m[K [01;31m[Kerror: [m[Kno matching function for call to ‘[01m[Kstd::vector<geometry_msgs::msg::Point_<std::allocator<void> > >::push_back(<brace-enclosed initializer list>)[m[K’
[2.811s]   141 |             [01;31m[Kpath.push_back({x_min - r, y, 0.0})[m[K;
[2.811s]       |             [01;31m[K~~~~~~~~~~~~~~^~~~~~~~~~~~~~~~~~~~~[m[K
[2.811s] In file included from [01m[K/usr/include/c++/11/vector:67[m[K,
[2.811s]                  from [01m[K/usr/include/c++/11/functional:62[m[K,
[2.811s]                  from [01m[K/usr/include/c++/11/pstl/glue_algorithm_defs.h:13[m[K,
[2.811s]                  from [01m[K/usr/include/c++/11/algorithm:74[m[K,
[2.811s]                  from [01m[K/opt/ros/humble/include/rclcpp/rclcpp/executor.hpp:18[m[K,
[2.811s]                  from [01m[K/opt/ros/humble/include/rclcpp/rclcpp/executors/multi_threaded_executor.hpp:25[m[K,
[2.811s]                  from [01m[K/opt/ros/humble/include/rclcpp/rclcpp/executors.hpp:21[m[K,
[2.811s]                  from [01m[K/opt/ros/humble/include/rclcpp/rclcpp/rclcpp.hpp:155[m[K,
[2.811s]                  from [01m[K/home/latih/ros2-tf-real-robot-project/ros2_ws/src/ros2_tf_project/src/simple_trajectory_service.cpp:1[m[K:
[2.811s] [01m[K/usr/include/c++/11/bits/stl_vector.h:1187:7:[m[K [01;36m[Knote: [m[Kcandidate: ‘[01m[Kvoid std::vector<_Tp, _Alloc>::push_back(const value_type&) [with _Tp = geometry_msgs::msg::Point_<std::allocator<void> >; _Alloc = std::allocator<geometry_msgs::msg::Point_<std::allocator<void> > >; std::vector<_Tp, _Alloc>::value_type = geometry_msgs::msg::Point_<std::allocator<void> >][m[K’
[2.811s]  1187 |       [01;36m[Kpush_back[m[K(const value_type& __x)
[2.811s]       |       [01;36m[K^~~~~~~~~[m[K
[2.811s] [01m[K/usr/include/c++/11/bits/stl_vector.h:1187:35:[m[K [01;36m[Knote: [m[K  no known conversion for argument 1 from ‘[01m[K<brace-enclosed initializer list>[m[K’ to ‘[01m[Kconst value_type&[m[K’ {aka ‘[01m[Kconst geometry_msgs::msg::Point_<std::allocator<void> >&[m[K’}
[2.811s]  1187 |       push_back([01;36m[Kconst value_type& __x[m[K)
[2.811s]       |                 [01;36m[K~~~~~~~~~~~~~~~~~~^~~[m[K
[2.811s] [01m[K/usr/include/c++/11/bits/stl_vector.h:1203:7:[m[K [01;36m[Knote: [m[Kcandidate: ‘[01m[Kvoid std::vector<_Tp, _Alloc>::push_back(std::vector<_Tp, _Alloc>::value_type&&) [with _Tp = geometry_msgs::msg::Point_<std::allocator<void> >; _Alloc = std::allocator<geometry_msgs::msg::Point_<std::allocator<void> > >; std::vector<_Tp, _Alloc>::value_type = geometry_msgs::msg::Point_<std::allocator<void> >][m[K’
[2.812s]  1203 |       [01;36m[Kpush_back[m[K(value_type&& __x)
[2.812s]       |       [01;36m[K^~~~~~~~~[m[K
[2.812s] [01m[K/usr/include/c++/11/bits/stl_vector.h:1203:30:[m[K [01;36m[Knote: [m[K  no known conversion for argument 1 from ‘[01m[K<brace-enclosed initializer list>[m[K’ to ‘[01m[Kstd::vector<geometry_msgs::msg::Point_<std::allocator<void> > >::value_type&&[m[K’ {aka ‘[01m[Kgeometry_msgs::msg::Point_<std::allocator<void> >&&[m[K’}
[2.812s]  1203 |       push_back([01;36m[Kvalue_type&& __x[m[K)
[2.812s]       |                 [01;36m[K~~~~~~~~~~~~~^~~[m[K
[2.812s] [01m[K/home/latih/ros2-tf-real-robot-project/ros2_ws/src/ros2_tf_project/src/simple_trajectory_service.cpp:148:27:[m[K [01;31m[Kerror: [m[Kno matching function for call to ‘[01m[Kstd::vector<geometry_msgs::msg::Point_<std::allocator<void> > >::push_back(<brace-enclosed initializer list>)[m[K’
[2.812s]   148 |             [01;31m[Kpath.push_back({x, y, 0.0})[m[K;
[2.812s]       |             [01;31m[K~~~~~~~~~~~~~~^~~~~~~~~~~~~[m[K
[2.812s] In file included from [01m[K/usr/include/c++/11/vector:67[m[K,
[2.812s]                  from [01m[K/usr/include/c++/11/functional:62[m[K,
[2.812s]                  from [01m[K/usr/include/c++/11/pstl/glue_algorithm_defs.h:13[m[K,
[2.812s]                  from [01m[K/usr/include/c++/11/algorithm:74[m[K,
[2.812s]                  from [01m[K/opt/ros/humble/include/rclcpp/rclcpp/executor.hpp:18[m[K,
[2.812s]                  from [01m[K/opt/ros/humble/include/rclcpp/rclcpp/executors/multi_threaded_executor.hpp:25[m[K,
[2.812s]                  from [01m[K/opt/ros/humble/include/rclcpp/rclcpp/executors.hpp:21[m[K,
[2.812s]                  from [01m[K/opt/ros/humble/include/rclcpp/rclcpp/rclcpp.hpp:155[m[K,
[2.812s]                  from [01m[K/home/latih/ros2-tf-real-robot-project/ros2_ws/src/ros2_tf_project/src/simple_trajectory_service.cpp:1[m[K:
[2.812s] [01m[K/usr/include/c++/11/bits/stl_vector.h:1187:7:[m[K [01;36m[Knote: [m[Kcandidate: ‘[01m[Kvoid std::vector<_Tp, _Alloc>::push_back(const value_type&) [with _Tp = geometry_msgs::msg::Point_<std::allocator<void> >; _Alloc = std::allocator<geometry_msgs::msg::Point_<std::allocator<void> > >; std::vector<_Tp, _Alloc>::value_type = geometry_msgs::msg::Point_<std::allocator<void> >][m[K’
[2.812s]  1187 |       [01;36m[Kpush_back[m[K(const value_type& __x)
[2.812s]       |       [01;36m[K^~~~~~~~~[m[K
[2.812s] [01m[K/usr/include/c++/11/bits/stl_vector.h:1187:35:[m[K [01;36m[Knote: [m[K  no known conversion for argument 1 from ‘[01m[K<brace-enclosed initializer list>[m[K’ to ‘[01m[Kconst value_type&[m[K’ {aka ‘[01m[Kconst geometry_msgs::msg::Point_<std::allocator<void> >&[m[K’}
[2.812s]  1187 |       push_back([01;36m[Kconst value_type& __x[m[K)
[2.812s]       |                 [01;36m[K~~~~~~~~~~~~~~~~~~^~~[m[K
[2.812s] [01m[K/usr/include/c++/11/bits/stl_vector.h:1203:7:[m[K [01;36m[Knote: [m[Kcandidate: ‘[01m[Kvoid std::vector<_Tp, _Alloc>::push_back(std::vector<_Tp, _Alloc>::value_type&&) [with _Tp = geometry_msgs::msg::Point_<std::allocator<void> >; _Alloc = std::allocator<geometry_msgs::msg::Point_<std::allocator<void> > >; std::vector<_Tp, _Alloc>::value_type = geometry_msgs::msg::Point_<std::allocator<void> >][m[K’
[2.812s]  1203 |       [01;36m[Kpush_back[m[K(value_type&& __x)
[2.812s]       |       [01;36m[K^~~~~~~~~[m[K
[2.812s] [01m[K/usr/include/c++/11/bits/stl_vector.h:1203:30:[m[K [01;36m[Knote: [m[K  no known conversion for argument 1 from ‘[01m[K<brace-enclosed initializer list>[m[K’ to ‘[01m[Kstd::vector<geometry_msgs::msg::Point_<std::allocator<void> > >::value_type&&[m[K’ {aka ‘[01m[Kgeometry_msgs::msg::Point_<std::allocator<void> >&&[m[K’}
[2.812s]  1203 |       push_back([01;36m[Kvalue_type&& __x[m[K)
[2.812s]       |                 [01;36m[K~~~~~~~~~~~~~^~~[m[K
[2.812s] [01m[K/home/latih/ros2-tf-real-robot-project/ros2_ws/src/ros2_tf_project/src/simple_trajectory_service.cpp:152:27:[m[K [01;31m[Kerror: [m[Kno matching function for call to ‘[01m[Kstd::vector<geometry_msgs::msg::Point_<std::allocator<void> > >::push_back(<brace-enclosed initializer list>)[m[K’
[2.812s]   152 |             [01;31m[Kpath.push_back({x, y_max + r, 0.0})[m[K;
[2.812s]       |             [01;31m[K~~~~~~~~~~~~~~^~~~~~~~~~~~~~~~~~~~~[m[K
[2.812s] In file included from [01m[K/usr/include/c++/11/vector:67[m[K,
[2.812s]                  from [01m[K/usr/include/c++/11/functional:62[m[K,
[2.812s]                  from [01m[K/usr/include/c++/11/pstl/glue_algorithm_defs.h:13[m[K,
[2.813s]                  from [01m[K/usr/include/c++/11/algorithm:74[m[K,
[2.813s]                  from [01m[K/opt/ros/humble/include/rclcpp/rclcpp/executor.hpp:18[m[K,
[2.813s]                  from [01m[K/opt/ros/humble/include/rclcpp/rclcpp/executors/multi_threaded_executor.hpp:25[m[K,
[2.813s]                  from [01m[K/opt/ros/humble/include/rclcpp/rclcpp/executors.hpp:21[m[K,
[2.813s]                  from [01m[K/opt/ros/humble/include/rclcpp/rclcpp/rclcpp.hpp:155[m[K,
[2.813s]                  from [01m[K/home/latih/ros2-tf-real-robot-project/ros2_ws/src/ros2_tf_project/src/simple_trajectory_service.cpp:1[m[K:
[2.813s] [01m[K/usr/include/c++/11/bits/stl_vector.h:1187:7:[m[K [01;36m[Knote: [m[Kcandidate: ‘[01m[Kvoid std::vector<_Tp, _Alloc>::push_back(const value_type&) [with _Tp = geometry_msgs::msg::Point_<std::allocator<void> >; _Alloc = std::allocator<geometry_msgs::msg::Point_<std::allocator<void> > >; std::vector<_Tp, _Alloc>::value_type = geometry_msgs::msg::Point_<std::allocator<void> >][m[K’
[2.813s]  1187 |       [01;36m[Kpush_back[m[K(const value_type& __x)
[2.813s]       |       [01;36m[K^~~~~~~~~[m[K
[2.813s] [01m[K/usr/include/c++/11/bits/stl_vector.h:1187:35:[m[K [01;36m[Knote: [m[K  no known conversion for argument 1 from ‘[01m[K<brace-enclosed initializer list>[m[K’ to ‘[01m[Kconst value_type&[m[K’ {aka ‘[01m[Kconst geometry_msgs::msg::Point_<std::allocator<void> >&[m[K’}
[2.813s]  1187 |       push_back([01;36m[Kconst value_type& __x[m[K)
[2.813s]       |                 [01;36m[K~~~~~~~~~~~~~~~~~~^~~[m[K
[2.813s] [01m[K/usr/include/c++/11/bits/stl_vector.h:1203:7:[m[K [01;36m[Knote: [m[Kcandidate: ‘[01m[Kvoid std::vector<_Tp, _Alloc>::push_back(std::vector<_Tp, _Alloc>::value_type&&) [with _Tp = geometry_msgs::msg::Point_<std::allocator<void> >; _Alloc = std::allocator<geometry_msgs::msg::Point_<std::allocator<void> > >; std::vector<_Tp, _Alloc>::value_type = geometry_msgs::msg::Point_<std::allocator<void> >][m[K’
[2.813s]  1203 |       [01;36m[Kpush_back[m[K(value_type&& __x)
[2.813s]       |       [01;36m[K^~~~~~~~~[m[K
[2.813s] [01m[K/usr/include/c++/11/bits/stl_vector.h:1203:30:[m[K [01;36m[Knote: [m[K  no known conversion for argument 1 from ‘[01m[K<brace-enclosed initializer list>[m[K’ to ‘[01m[Kstd::vector<geometry_msgs::msg::Point_<std::allocator<void> > >::value_type&&[m[K’ {aka ‘[01m[Kgeometry_msgs::msg::Point_<std::allocator<void> >&&[m[K’}
[2.813s]  1203 |       push_back([01;36m[Kvalue_type&& __x[m[K)
[2.813s]       |                 [01;36m[K~~~~~~~~~~~~~^~~[m[K
[2.813s] [01m[K/home/latih/ros2-tf-real-robot-project/ros2_ws/src/ros2_tf_project/src/simple_trajectory_service.cpp:159:27:[m[K [01;31m[Kerror: [m[Kno matching function for call to ‘[01m[Kstd::vector<geometry_msgs::msg::Point_<std::allocator<void> > >::push_back(<brace-enclosed initializer list>)[m[K’
[2.813s]   159 |             [01;31m[Kpath.push_back({x, y, 0.0})[m[K;
[2.813s]       |             [01;31m[K~~~~~~~~~~~~~~^~~~~~~~~~~~~[m[K
[2.813s] In file included from [01m[K/usr/include/c++/11/vector:67[m[K,
[2.813s]                  from [01m[K/usr/include/c++/11/functional:62[m[K,
[2.813s]                  from [01m[K/usr/include/c++/11/pstl/glue_algorithm_defs.h:13[m[K,
[2.813s]                  from [01m[K/usr/include/c++/11/algorithm:74[m[K,
[2.813s]                  from [01m[K/opt/ros/humble/include/rclcpp/rclcpp/executor.hpp:18[m[K,
[2.813s]                  from [01m[K/opt/ros/humble/include/rclcpp/rclcpp/executors/multi_threaded_executor.hpp:25[m[K,
[2.813s]                  from [01m[K/opt/ros/humble/include/rclcpp/rclcpp/executors.hpp:21[m[K,
[2.813s]                  from [01m[K/opt/ros/humble/include/rclcpp/rclcpp/rclcpp.hpp:155[m[K,
[2.813s]                  from [01m[K/home/latih/ros2-tf-real-robot-project/ros2_ws/src/ros2_tf_project/src/simple_trajectory_service.cpp:1[m[K:
[2.813s] [01m[K/usr/include/c++/11/bits/stl_vector.h:1187:7:[m[K [01;36m[Knote: [m[Kcandidate: ‘[01m[Kvoid std::vector<_Tp, _Alloc>::push_back(const value_type&) [with _Tp = geometry_msgs::msg::Point_<std::allocator<void> >; _Alloc = std::allocator<geometry_msgs::msg::Point_<std::allocator<void> > >; std::vector<_Tp, _Alloc>::value_type = geometry_msgs::msg::Point_<std::allocator<void> >][m[K’
[2.813s]  1187 |       [01;36m[Kpush_back[m[K(const value_type& __x)
[2.813s]       |       [01;36m[K^~~~~~~~~[m[K
[2.814s] [01m[K/usr/include/c++/11/bits/stl_vector.h:1187:35:[m[K [01;36m[Knote: [m[K  no known conversion for argument 1 from ‘[01m[K<brace-enclosed initializer list>[m[K’ to ‘[01m[Kconst value_type&[m[K’ {aka ‘[01m[Kconst geometry_msgs::msg::Point_<std::allocator<void> >&[m[K’}
[2.814s]  1187 |       push_back([01;36m[Kconst value_type& __x[m[K)
[2.814s]       |                 [01;36m[K~~~~~~~~~~~~~~~~~~^~~[m[K
[2.814s] [01m[K/usr/include/c++/11/bits/stl_vector.h:1203:7:[m[K [01;36m[Knote: [m[Kcandidate: ‘[01m[Kvoid std::vector<_Tp, _Alloc>::push_back(std::vector<_Tp, _Alloc>::value_type&&) [with _Tp = geometry_msgs::msg::Point_<std::allocator<void> >; _Alloc = std::allocator<geometry_msgs::msg::Point_<std::allocator<void> > >; std::vector<_Tp, _Alloc>::value_type = geometry_msgs::msg::Point_<std::allocator<void> >][m[K’
[2.814s]  1203 |       [01;36m[Kpush_back[m[K(value_type&& __x)
[2.814s]       |       [01;36m[K^~~~~~~~~[m[K
[2.814s] [01m[K/usr/include/c++/11/bits/stl_vector.h:1203:30:[m[K [01;36m[Knote: [m[K  no known conversion for argument 1 from ‘[01m[K<brace-enclosed initializer list>[m[K’ to ‘[01m[Kstd::vector<geometry_msgs::msg::Point_<std::allocator<void> > >::value_type&&[m[K’ {aka ‘[01m[Kgeometry_msgs::msg::Point_<std::allocator<void> >&&[m[K’}
[2.814s]  1203 |       push_back([01;36m[Kvalue_type&& __x[m[K)
[2.814s]       |                 [01;36m[K~~~~~~~~~~~~~^~~[m[K
[2.814s] [01m[K/home/latih/ros2-tf-real-robot-project/ros2_ws/src/ros2_tf_project/src/simple_trajectory_service.cpp:163:27:[m[K [01;31m[Kerror: [m[Kno matching function for call to ‘[01m[Kstd::vector<geometry_msgs::msg::Point_<std::allocator<void> > >::push_back(<brace-enclosed initializer list>)[m[K’
[2.814s]   163 |             [01;31m[Kpath.push_back({x_max + r, y, 0.0})[m[K;
[2.814s]       |             [01;31m[K~~~~~~~~~~~~~~^~~~~~~~~~~~~~~~~~~~~[m[K
[2.814s] In file included from [01m[K/usr/include/c++/11/vector:67[m[K,
[2.814s]                  from [01m[K/usr/include/c++/11/functional:62[m[K,
[2.814s]                  from [01m[K/usr/include/c++/11/pstl/glue_algorithm_defs.h:13[m[K,
[2.814s]                  from [01m[K/usr/include/c++/11/algorithm:74[m[K,
[2.814s]                  from [01m[K/opt/ros/humble/include/rclcpp/rclcpp/executor.hpp:18[m[K,
[2.814s]                  from [01m[K/opt/ros/humble/include/rclcpp/rclcpp/executors/multi_threaded_executor.hpp:25[m[K,
[2.814s]                  from [01m[K/opt/ros/humble/include/rclcpp/rclcpp/executors.hpp:21[m[K,
[2.814s]                  from [01m[K/opt/ros/humble/include/rclcpp/rclcpp/rclcpp.hpp:155[m[K,
[2.814s]                  from [01m[K/home/latih/ros2-tf-real-robot-project/ros2_ws/src/ros2_tf_project/src/simple_trajectory_service.cpp:1[m[K:
[2.814s] [01m[K/usr/include/c++/11/bits/stl_vector.h:1187:7:[m[K [01;36m[Knote: [m[Kcandidate: ‘[01m[Kvoid std::vector<_Tp, _Alloc>::push_back(const value_type&) [with _Tp = geometry_msgs::msg::Point_<std::allocator<void> >; _Alloc = std::allocator<geometry_msgs::msg::Point_<std::allocator<void> > >; std::vector<_Tp, _Alloc>::value_type = geometry_msgs::msg::Point_<std::allocator<void> >][m[K’
[2.814s]  1187 |       [01;36m[Kpush_back[m[K(const value_type& __x)
[2.814s]       |       [01;36m[K^~~~~~~~~[m[K
[2.814s] [01m[K/usr/include/c++/11/bits/stl_vector.h:1187:35:[m[K [01;36m[Knote: [m[K  no known conversion for argument 1 from ‘[01m[K<brace-enclosed initializer list>[m[K’ to ‘[01m[Kconst value_type&[m[K’ {aka ‘[01m[Kconst geometry_msgs::msg::Point_<std::allocator<void> >&[m[K’}
[2.814s]  1187 |       push_back([01;36m[Kconst value_type& __x[m[K)
[2.814s]       |                 [01;36m[K~~~~~~~~~~~~~~~~~~^~~[m[K
[2.814s] [01m[K/usr/include/c++/11/bits/stl_vector.h:1203:7:[m[K [01;36m[Knote: [m[Kcandidate: ‘[01m[Kvoid std::vector<_Tp, _Alloc>::push_back(std::vector<_Tp, _Alloc>::value_type&&) [with _Tp = geometry_msgs::msg::Point_<std::allocator<void> >; _Alloc = std::allocator<geometry_msgs::msg::Point_<std::allocator<void> > >; std::vector<_Tp, _Alloc>::value_type = geometry_msgs::msg::Point_<std::allocator<void> >][m[K’
[2.814s]  1203 |       [01;36m[Kpush_back[m[K(value_type&& __x)
[2.814s]       |       [01;36m[K^~~~~~~~~[m[K
[2.814s] [01m[K/usr/include/c++/11/bits/stl_vector.h:1203:30:[m[K [01;36m[Knote: [m[K  no known conversion for argument 1 from ‘[01m[K<brace-enclosed initializer list>[m[K’ to ‘[01m[Kstd::vector<geometry_msgs::msg::Point_<std::allocator<void> > >::value_type&&[m[K’ {aka ‘[01m[Kgeometry_msgs::msg::Point_<std::allocator<void> >&&[m[K’}
[2.814s]  1203 |       push_back([01;36m[Kvalue_type&& __x[m[K)
[2.814s]       |                 [01;36m[K~~~~~~~~~~~~~^~~[m[K
[2.815s] [01m[K/home/latih/ros2-tf-real-robot-project/ros2_ws/src/ros2_tf_project/src/simple_trajectory_service.cpp:170:27:[m[K [01;31m[Kerror: [m[Kno matching function for call to ‘[01m[Kstd::vector<geometry_msgs::msg::Point_<std::allocator<void> > >::push_back(<brace-enclosed initializer list>)[m[K’
[2.815s]   170 |             [01;31m[Kpath.push_back({x, y, 0.0})[m[K;
[2.815s]       |             [01;31m[K~~~~~~~~~~~~~~^~~~~~~~~~~~~[m[K
[2.815s] In file included from [01m[K/usr/include/c++/11/vector:67[m[K,
[2.815s]                  from [01m[K/usr/include/c++/11/functional:62[m[K,
[2.815s]                  from [01m[K/usr/include/c++/11/pstl/glue_algorithm_defs.h:13[m[K,
[2.815s]                  from [01m[K/usr/include/c++/11/algorithm:74[m[K,
[2.815s]                  from [01m[K/opt/ros/humble/include/rclcpp/rclcpp/executor.hpp:18[m[K,
[2.815s]                  from [01m[K/opt/ros/humble/include/rclcpp/rclcpp/executors/multi_threaded_executor.hpp:25[m[K,
[2.815s]                  from [01m[K/opt/ros/humble/include/rclcpp/rclcpp/executors.hpp:21[m[K,
[2.815s]                  from [01m[K/opt/ros/humble/include/rclcpp/rclcpp/rclcpp.hpp:155[m[K,
[2.815s]                  from [01m[K/home/latih/ros2-tf-real-robot-project/ros2_ws/src/ros2_tf_project/src/simple_trajectory_service.cpp:1[m[K:
[2.815s] [01m[K/usr/include/c++/11/bits/stl_vector.h:1187:7:[m[K [01;36m[Knote: [m[Kcandidate: ‘[01m[Kvoid std::vector<_Tp, _Alloc>::push_back(const value_type&) [with _Tp = geometry_msgs::msg::Point_<std::allocator<void> >; _Alloc = std::allocator<geometry_msgs::msg::Point_<std::allocator<void> > >; std::vector<_Tp, _Alloc>::value_type = geometry_msgs::msg::Point_<std::allocator<void> >][m[K’
[2.815s]  1187 |       [01;36m[Kpush_back[m[K(const value_type& __x)
[2.815s]       |       [01;36m[K^~~~~~~~~[m[K
[2.815s] [01m[K/usr/include/c++/11/bits/stl_vector.h:1187:35:[m[K [01;36m[Knote: [m[K  no known conversion for argument 1 from ‘[01m[K<brace-enclosed initializer list>[m[K’ to ‘[01m[Kconst value_type&[m[K’ {aka ‘[01m[Kconst geometry_msgs::msg::Point_<std::allocator<void> >&[m[K’}
[2.815s]  1187 |       push_back([01;36m[Kconst value_type& __x[m[K)
[2.815s]       |                 [01;36m[K~~~~~~~~~~~~~~~~~~^~~[m[K
[2.815s] [01m[K/usr/include/c++/11/bits/stl_vector.h:1203:7:[m[K [01;36m[Knote: [m[Kcandidate: ‘[01m[Kvoid std::vector<_Tp, _Alloc>::push_back(std::vector<_Tp, _Alloc>::value_type&&) [with _Tp = geometry_msgs::msg::Point_<std::allocator<void> >; _Alloc = std::allocator<geometry_msgs::msg::Point_<std::allocator<void> > >; std::vector<_Tp, _Alloc>::value_type = geometry_msgs::msg::Point_<std::allocator<void> >][m[K’
[2.815s]  1203 |       [01;36m[Kpush_back[m[K(value_type&& __x)
[2.815s]       |       [01;36m[K^~~~~~~~~[m[K
[2.815s] [01m[K/usr/include/c++/11/bits/stl_vector.h:1203:30:[m[K [01;36m[Knote: [m[K  no known conversion for argument 1 from ‘[01m[K<brace-enclosed initializer list>[m[K’ to ‘[01m[Kstd::vector<geometry_msgs::msg::Point_<std::allocator<void> > >::value_type&&[m[K’ {aka ‘[01m[Kgeometry_msgs::msg::Point_<std::allocator<void> >&&[m[K’}
[2.815s]  1203 |       push_back([01;36m[Kvalue_type&& __x[m[K)
[2.815s]       |                 [01;36m[K~~~~~~~~~~~~~^~~[m[K
[3.767s] gmake[2]: *** [CMakeFiles/simple_trajectory_service.dir/build.make:76: CMakeFiles/simple_trajectory_service.dir/src/simple_trajectory_service.cpp.o] Error 1
[3.767s] gmake[1]: *** [CMakeFiles/Makefile2:165: CMakeFiles/simple_trajectory_service.dir/all] Error 2
[3.767s] gmake: *** [Makefile:146: all] Error 2
[3.771s] Invoked command in '/home/latih/ros2-tf-real-robot-project/build/ros2_tf_project' returned '2': CMAKE_PREFIX_PATH=/home/latih/ros2-tf-real-robot-project/install/my_robot_interfaces:/home/latih/ros2-tf-real-robot-project/install/turtlebot3:/home/latih/ros2-tf-real-robot-project/install/turtlebot3_simulations:/home/latih/ros2-tf-real-robot-project/install/turtlebot3_navigation2:/home/latih/ros2-tf-real-robot-project/install/turtlebot3_msgs:/home/latih/ros2-tf-real-robot-project/install/turtlebot3_gazebo:/home/latih/ros2-tf-real-robot-project/install/turtlebot3_bringup:/home/latih/ros2-tf-real-robot-project/install/turtlebot3_description:/home/latih/ros2-tf-real-robot-project/install/turtlebot3_cartographer:/home/latih/ros2-tf-real-robot-project/install/tb3_burger_localization:/home/latih/ros2-tf-real-robot-project/install/tb3_burger_cartographer:/home/latih/ros2-tf-real-robot-project/install/ros2_tf_project:/home/latih/ros2-tf-real-robot-project/install/turtlebot3_teleop:/home/latih/ros2-tf-real-robot-project/install/turtlebot3_example:/opt/ros/humble LD_LIBRARY_PATH=/home/latih/ros2-tf-real-robot-project/install/my_robot_interfaces/lib:/home/latih/ros2-tf-real-robot-project/install/turtlebot3_msgs/lib:/usr/lib/x86_64-linux-gnu/gazebo-11/plugins:/opt/ros/humble/opt/rviz_ogre_vendor/lib:/opt/ros/humble/lib/x86_64-linux-gnu:/opt/ros/humble/lib /usr/bin/cmake --build /home/latih/ros2-tf-real-robot-project/build/ros2_tf_project -- -j16 -l16
