[0.387s] Invoking command in '/home/latih/ros2-tf-real-robot-project/build/tb3_burger_localization': CMAKE_PREFIX_PATH=${CMAKE_PREFIX_PATH}:/home/latih/ros2-tf-real-robot-project/install/turtlebot3_teleop:/home/latih/ros2-tf-real-robot-project/install/turtlebot3_example:/opt/ros/humble /usr/bin/cmake --build /home/latih/ros2-tf-real-robot-project/build/tb3_burger_localization -- -j16 -l16
[0.514s] Invoked command in '/home/latih/ros2-tf-real-robot-project/build/tb3_burger_localization' returned '0': CMAKE_PREFIX_PATH=${CMAKE_PREFIX_PATH}:/home/latih/ros2-tf-real-robot-project/install/turtlebot3_teleop:/home/latih/ros2-tf-real-robot-project/install/turtlebot3_example:/opt/ros/humble /usr/bin/cmake --build /home/latih/ros2-tf-real-robot-project/build/tb3_burger_localization -- -j16 -l16
[0.516s] Invoking command in '/home/latih/ros2-tf-real-robot-project/build/tb3_burger_localization': CMAKE_PREFIX_PATH=${CMAKE_PREFIX_PATH}:/home/latih/ros2-tf-real-robot-project/install/turtlebot3_teleop:/home/latih/ros2-tf-real-robot-project/install/turtlebot3_example:/opt/ros/humble /usr/bin/cmake --install /home/latih/ros2-tf-real-robot-project/build/tb3_burger_localization
[0.547s] -- Install configuration: ""
[0.547s] -- Up-to-date: /home/latih/ros2-tf-real-robot-project/install/tb3_burger_localization/share/tb3_burger_localization//config
[0.547s] -- Up-to-date: /home/latih/ros2-tf-real-robot-project/install/tb3_burger_localization/share/tb3_burger_localization//config/amcl_config.yaml
[0.547s] -- Up-to-date: /home/latih/ros2-tf-real-robot-project/install/tb3_burger_localization/share/tb3_burger_localization//launch
[0.548s] -- Up-to-date: /home/latih/ros2-tf-real-robot-project/install/tb3_burger_localization/share/tb3_burger_localization//launch/localization.launch.py
[0.548s] -- Up-to-date: /home/latih/ros2-tf-real-robot-project/install/tb3_burger_localization/share/tb3_burger_localization//maps
[0.548s] -- Up-to-date: /home/latih/ros2-tf-real-robot-project/install/tb3_burger_localization/share/tb3_burger_localization//maps/tb3_burger_realrobotlab.pgm
[0.548s] -- Up-to-date: /home/latih/ros2-tf-real-robot-project/install/tb3_burger_localization/share/tb3_burger_localization//maps/tb3_burger_realrobotlab.yaml
[0.548s] -- Up-to-date: /home/latih/ros2-tf-real-robot-project/install/tb3_burger_localization/share/tb3_burger_localization//maps/tb3_burger_realrobotlab_original.pgm
[0.550s] -- Up-to-date: /home/latih/ros2-tf-real-robot-project/install/tb3_burger_localization/share/tb3_burger_localization//rviz
[0.550s] -- Up-to-date: /home/latih/ros2-tf-real-robot-project/install/tb3_burger_localization/share/tb3_burger_localization//rviz/localization.rviz
[0.550s] -- Up-to-date: /home/latih/ros2-tf-real-robot-project/install/tb3_burger_localization/share/ament_index/resource_index/package_run_dependencies/tb3_burger_localization
[0.550s] -- Up-to-date: /home/latih/ros2-tf-real-robot-project/install/tb3_burger_localization/share/ament_index/resource_index/parent_prefix_path/tb3_burger_localization
[0.551s] -- Up-to-date: /home/latih/ros2-tf-real-robot-project/install/tb3_burger_localization/share/tb3_burger_localization/environment/ament_prefix_path.sh
[0.551s] -- Up-to-date: /home/latih/ros2-tf-real-robot-project/install/tb3_burger_localization/share/tb3_burger_localization/environment/ament_prefix_path.dsv
[0.551s] -- Up-to-date: /home/latih/ros2-tf-real-robot-project/install/tb3_burger_localization/share/tb3_burger_localization/environment/path.sh
[0.551s] -- Up-to-date: /home/latih/ros2-tf-real-robot-project/install/tb3_burger_localization/share/tb3_burger_localization/environment/path.dsv
[0.551s] -- Up-to-date: /home/latih/ros2-tf-real-robot-project/install/tb3_burger_localization/share/tb3_burger_localization/local_setup.bash
[0.551s] -- Up-to-date: /home/latih/ros2-tf-real-robot-project/install/tb3_burger_localization/share/tb3_burger_localization/local_setup.sh
[0.551s] -- Up-to-date: /home/latih/ros2-tf-real-robot-project/install/tb3_burger_localization/share/tb3_burger_localization/local_setup.zsh
[0.551s] -- Up-to-date: /home/latih/ros2-tf-real-robot-project/install/tb3_burger_localization/share/tb3_burger_localization/local_setup.dsv
[0.551s] -- Installing: /home/latih/ros2-tf-real-robot-project/install/tb3_burger_localization/share/tb3_burger_localization/package.dsv
[0.551s] -- Up-to-date: /home/latih/ros2-tf-real-robot-project/install/tb3_burger_localization/share/ament_index/resource_index/packages/tb3_burger_localization
[0.551s] -- Up-to-date: /home/latih/ros2-tf-real-robot-project/install/tb3_burger_localization/share/tb3_burger_localization/cmake/tb3_burger_localizationConfig.cmake
[0.552s] -- Up-to-date: /home/latih/ros2-tf-real-robot-project/install/tb3_burger_localization/share/tb3_burger_localization/cmake/tb3_burger_localizationConfig-version.cmake
[0.552s] -- Up-to-date: /home/latih/ros2-tf-real-robot-project/install/tb3_burger_localization/share/tb3_burger_localization/package.xml
[0.600s] Invoked command in '/home/latih/ros2-tf-real-robot-project/build/tb3_burger_localization' returned '0': CMAKE_PREFIX_PATH=${CMAKE_PREFIX_PATH}:/home/latih/ros2-tf-real-robot-project/install/turtlebot3_teleop:/home/latih/ros2-tf-real-robot-project/install/turtlebot3_example:/opt/ros/humble /usr/bin/cmake --install /home/latih/ros2-tf-real-robot-project/build/tb3_burger_localization
