[0.083s] Invoking command in '/home/latih/ros2-tf-real-robot-project/build/turtlebot3_bringup': CMAKE_PREFIX_PATH=/home/latih/ros2-tf-real-robot-project/install/turtlebot3_description:/home/latih/ros2-tf-real-robot-project/install/turtlebot3:/home/latih/ros2-tf-real-robot-project/install/turtlebot3_simulations:/home/latih/ros2-tf-real-robot-project/install/turtlebot3_navigation2:/home/latih/ros2-tf-real-robot-project/install/turtlebot3_msgs:/home/latih/ros2-tf-real-robot-project/install/turtlebot3_gazebo:/home/latih/ros2-tf-real-robot-project/install/turtlebot3_bringup:/home/latih/ros2-tf-real-robot-project/install/turtlebot3_cartographer:/home/latih/ros2-tf-real-robot-project/install/tb3_burger_localization:/home/latih/ros2-tf-real-robot-project/install/tb3_burger_cartographer:/home/latih/ros2-tf-real-robot-project/install/ros2_tf_project:/home/latih/ros2-tf-real-robot-project/install/my_robot_interfaces:/home/latih/ros2-tf-real-robot-project/install/turtlebot3_teleop:/home/latih/ros2-tf-real-robot-project/install/turtlebot3_example:/opt/ros/humble /usr/bin/cmake --build /home/latih/ros2-tf-real-robot-project/build/turtlebot3_bringup -- -j16 -l16
[0.138s] Invoked command in '/home/latih/ros2-tf-real-robot-project/build/turtlebot3_bringup' returned '0': CMAKE_PREFIX_PATH=/home/latih/ros2-tf-real-robot-project/install/turtlebot3_description:/home/latih/ros2-tf-real-robot-project/install/turtlebot3:/home/latih/ros2-tf-real-robot-project/install/turtlebot3_simulations:/home/latih/ros2-tf-real-robot-project/install/turtlebot3_navigation2:/home/latih/ros2-tf-real-robot-project/install/turtlebot3_msgs:/home/latih/ros2-tf-real-robot-project/install/turtlebot3_gazebo:/home/latih/ros2-tf-real-robot-project/install/turtlebot3_bringup:/home/latih/ros2-tf-real-robot-project/install/turtlebot3_cartographer:/home/latih/ros2-tf-real-robot-project/install/tb3_burger_localization:/home/latih/ros2-tf-real-robot-project/install/tb3_burger_cartographer:/home/latih/ros2-tf-real-robot-project/install/ros2_tf_project:/home/latih/ros2-tf-real-robot-project/install/my_robot_interfaces:/home/latih/ros2-tf-real-robot-project/install/turtlebot3_teleop:/home/latih/ros2-tf-real-robot-project/install/turtlebot3_example:/opt/ros/humble /usr/bin/cmake --build /home/latih/ros2-tf-real-robot-project/build/turtlebot3_bringup -- -j16 -l16
[0.138s] Invoking command in '/home/latih/ros2-tf-real-robot-project/build/turtlebot3_bringup': CMAKE_PREFIX_PATH=/home/latih/ros2-tf-real-robot-project/install/turtlebot3_description:/home/latih/ros2-tf-real-robot-project/install/turtlebot3:/home/latih/ros2-tf-real-robot-project/install/turtlebot3_simulations:/home/latih/ros2-tf-real-robot-project/install/turtlebot3_navigation2:/home/latih/ros2-tf-real-robot-project/install/turtlebot3_msgs:/home/latih/ros2-tf-real-robot-project/install/turtlebot3_gazebo:/home/latih/ros2-tf-real-robot-project/install/turtlebot3_bringup:/home/latih/ros2-tf-real-robot-project/install/turtlebot3_cartographer:/home/latih/ros2-tf-real-robot-project/install/tb3_burger_localization:/home/latih/ros2-tf-real-robot-project/install/tb3_burger_cartographer:/home/latih/ros2-tf-real-robot-project/install/ros2_tf_project:/home/latih/ros2-tf-real-robot-project/install/my_robot_interfaces:/home/latih/ros2-tf-real-robot-project/install/turtlebot3_teleop:/home/latih/ros2-tf-real-robot-project/install/turtlebot3_example:/opt/ros/humble /usr/bin/cmake --install /home/latih/ros2-tf-real-robot-project/build/turtlebot3_bringup
[0.150s] -- Install configuration: ""
[0.150s] -- Up-to-date: /home/latih/ros2-tf-real-robot-project/install/turtlebot3_bringup/share/turtlebot3_bringup/launch
[0.151s] -- Up-to-date: /home/latih/ros2-tf-real-robot-project/install/turtlebot3_bringup/share/turtlebot3_bringup/launch/turtlebot3_state_publisher.launch.py
[0.151s] -- Up-to-date: /home/latih/ros2-tf-real-robot-project/install/turtlebot3_bringup/share/turtlebot3_bringup/launch/rviz2.launch.py
[0.151s] -- Up-to-date: /home/latih/ros2-tf-real-robot-project/install/turtlebot3_bringup/share/turtlebot3_bringup/launch/robot.launch.py
[0.151s] -- Up-to-date: /home/latih/ros2-tf-real-robot-project/install/turtlebot3_bringup/share/turtlebot3_bringup/param
[0.151s] -- Up-to-date: /home/latih/ros2-tf-real-robot-project/install/turtlebot3_bringup/share/turtlebot3_bringup/param/waffle_pi.yaml
[0.151s] -- Up-to-date: /home/latih/ros2-tf-real-robot-project/install/turtlebot3_bringup/share/turtlebot3_bringup/param/burger.yaml
[0.151s] -- Up-to-date: /home/latih/ros2-tf-real-robot-project/install/turtlebot3_bringup/share/turtlebot3_bringup/param/waffle.yaml
[0.151s] -- Up-to-date: /home/latih/ros2-tf-real-robot-project/install/turtlebot3_bringup/share/turtlebot3_bringup/script
[0.151s] -- Up-to-date: /home/latih/ros2-tf-real-robot-project/install/turtlebot3_bringup/share/turtlebot3_bringup/script/create_udev_rules
[0.151s] -- Up-to-date: /home/latih/ros2-tf-real-robot-project/install/turtlebot3_bringup/share/turtlebot3_bringup/script/99-turtlebot3-cdc.rules
[0.151s] -- Up-to-date: /home/latih/ros2-tf-real-robot-project/install/turtlebot3_bringup/share/ament_index/resource_index/package_run_dependencies/turtlebot3_bringup
[0.151s] -- Up-to-date: /home/latih/ros2-tf-real-robot-project/install/turtlebot3_bringup/share/ament_index/resource_index/parent_prefix_path/turtlebot3_bringup
[0.151s] -- Up-to-date: /home/latih/ros2-tf-real-robot-project/install/turtlebot3_bringup/share/turtlebot3_bringup/environment/ament_prefix_path.sh
[0.151s] -- Up-to-date: /home/latih/ros2-tf-real-robot-project/install/turtlebot3_bringup/share/turtlebot3_bringup/environment/ament_prefix_path.dsv
[0.152s] -- Up-to-date: /home/latih/ros2-tf-real-robot-project/install/turtlebot3_bringup/share/turtlebot3_bringup/environment/path.sh
[0.152s] -- Up-to-date: /home/latih/ros2-tf-real-robot-project/install/turtlebot3_bringup/share/turtlebot3_bringup/environment/path.dsv
[0.152s] -- Up-to-date: /home/latih/ros2-tf-real-robot-project/install/turtlebot3_bringup/share/turtlebot3_bringup/local_setup.bash
[0.152s] -- Up-to-date: /home/latih/ros2-tf-real-robot-project/install/turtlebot3_bringup/share/turtlebot3_bringup/local_setup.sh
[0.152s] -- Up-to-date: /home/latih/ros2-tf-real-robot-project/install/turtlebot3_bringup/share/turtlebot3_bringup/local_setup.zsh
[0.152s] -- Up-to-date: /home/latih/ros2-tf-real-robot-project/install/turtlebot3_bringup/share/turtlebot3_bringup/local_setup.dsv
[0.152s] -- Installing: /home/latih/ros2-tf-real-robot-project/install/turtlebot3_bringup/share/turtlebot3_bringup/package.dsv
[0.152s] -- Up-to-date: /home/latih/ros2-tf-real-robot-project/install/turtlebot3_bringup/share/ament_index/resource_index/packages/turtlebot3_bringup
[0.152s] -- Up-to-date: /home/latih/ros2-tf-real-robot-project/install/turtlebot3_bringup/share/turtlebot3_bringup/cmake/turtlebot3_bringupConfig.cmake
[0.152s] -- Up-to-date: /home/latih/ros2-tf-real-robot-project/install/turtlebot3_bringup/share/turtlebot3_bringup/cmake/turtlebot3_bringupConfig-version.cmake
[0.152s] -- Up-to-date: /home/latih/ros2-tf-real-robot-project/install/turtlebot3_bringup/share/turtlebot3_bringup/package.xml
[0.387s] Invoked command in '/home/latih/ros2-tf-real-robot-project/build/turtlebot3_bringup' returned '0': CMAKE_PREFIX_PATH=/home/latih/ros2-tf-real-robot-project/install/turtlebot3_description:/home/latih/ros2-tf-real-robot-project/install/turtlebot3:/home/latih/ros2-tf-real-robot-project/install/turtlebot3_simulations:/home/latih/ros2-tf-real-robot-project/install/turtlebot3_navigation2:/home/latih/ros2-tf-real-robot-project/install/turtlebot3_msgs:/home/latih/ros2-tf-real-robot-project/install/turtlebot3_gazebo:/home/latih/ros2-tf-real-robot-project/install/turtlebot3_bringup:/home/latih/ros2-tf-real-robot-project/install/turtlebot3_cartographer:/home/latih/ros2-tf-real-robot-project/install/tb3_burger_localization:/home/latih/ros2-tf-real-robot-project/install/tb3_burger_cartographer:/home/latih/ros2-tf-real-robot-project/install/ros2_tf_project:/home/latih/ros2-tf-real-robot-project/install/my_robot_interfaces:/home/latih/ros2-tf-real-robot-project/install/turtlebot3_teleop:/home/latih/ros2-tf-real-robot-project/install/turtlebot3_example:/opt/ros/humble /usr/bin/cmake --install /home/latih/ros2-tf-real-robot-project/build/turtlebot3_bringup
