[0.199s] Invoking command in '/home/latih/ros2-tf-real-robot-project/build/tb3_burger_localization': CMAKE_PREFIX_PATH=/opt/ros/humble /usr/bin/cmake /home/latih/ros2-tf-real-robot-project/ros2_ws/src/tb3_burger_localization -DCMAKE_INSTALL_PREFIX=/home/latih/ros2-tf-real-robot-project/install/tb3_burger_localization
[0.237s] -- The C compiler identification is GNU 11.4.0
[0.273s] -- The CXX compiler identification is GNU 11.4.0
[0.278s] -- Detecting C compiler ABI info
[0.322s] -- Detecting C compiler ABI info - done
[0.331s] -- Check for working C compiler: /usr/bin/cc - skipped
[0.332s] -- Detecting C compile features
[0.332s] -- Detecting C compile features - done
[0.336s] -- Detecting CXX compiler ABI info
[0.396s] -- Detecting CXX compiler ABI info - done
[0.403s] -- Check for working CXX compiler: /usr/bin/c++ - skipped
[0.403s] -- Detecting CXX compile features
[0.403s] -- Detecting CXX compile features - done
[0.405s] -- Found ament_cmake: 1.3.11 (/opt/ros/humble/share/ament_cmake/cmake)
[0.513s] -- Found Python3: /usr/bin/python3 (found version "3.10.12") found components: Interpreter 
[0.575s] -- Found rclcpp: 16.0.12 (/opt/ros/humble/share/rclcpp/cmake)
[0.609s] -- Found rosidl_generator_c: 3.1.6 (/opt/ros/humble/share/rosidl_generator_c/cmake)
[0.613s] -- Found rosidl_adapter: 3.1.6 (/opt/ros/humble/share/rosidl_adapter/cmake)
[0.619s] -- Found rosidl_generator_cpp: 3.1.6 (/opt/ros/humble/share/rosidl_generator_cpp/cmake)
[0.630s] -- Using all available rosidl_typesupport_c: rosidl_typesupport_fastrtps_c;rosidl_typesupport_introspection_c
[0.648s] -- Using all available rosidl_typesupport_cpp: rosidl_typesupport_fastrtps_cpp;rosidl_typesupport_introspection_cpp
[0.679s] -- Found rmw_implementation_cmake: 6.1.2 (/opt/ros/humble/share/rmw_implementation_cmake/cmake)
[0.681s] -- Found rmw_fastrtps_cpp: 6.2.7 (/opt/ros/humble/share/rmw_fastrtps_cpp/cmake)
[0.744s] -- Found OpenSSL: /usr/lib/x86_64-linux-gnu/libcrypto.so (found version "3.0.2")  
[0.765s] -- Found FastRTPS: /opt/ros/humble/include  
[0.798s] -- Using RMW implementation 'rmw_fastrtps_cpp' as default
[0.805s] -- Looking for pthread.h
[0.855s] -- Looking for pthread.h - found
[0.856s] -- Performing Test CMAKE_HAVE_LIBC_PTHREAD
[0.911s] -- Performing Test CMAKE_HAVE_LIBC_PTHREAD - Success
[0.912s] -- Found Threads: TRUE  
[0.947s] -- Found ament_lint_auto: 0.12.12 (/opt/ros/humble/share/ament_lint_auto/cmake)
[0.999s] -- Added test 'flake8' to check Python code syntax and style conventions
[1.000s] -- Added test 'lint_cmake' to check CMake code style
[1.000s] -- Added test 'pep257' to check Python code against some of the docstring style conventions in PEP 257
[1.001s] -- Added test 'xmllint' to check XML markup files
[1.002s] -- Configuring done
[1.004s] -- Generating done
[1.005s] -- Build files have been written to: /home/latih/ros2-tf-real-robot-project/build/tb3_burger_localization
[1.012s] Invoked command in '/home/latih/ros2-tf-real-robot-project/build/tb3_burger_localization' returned '0': CMAKE_PREFIX_PATH=/opt/ros/humble /usr/bin/cmake /home/latih/ros2-tf-real-robot-project/ros2_ws/src/tb3_burger_localization -DCMAKE_INSTALL_PREFIX=/home/latih/ros2-tf-real-robot-project/install/tb3_burger_localization
[1.014s] Invoking command in '/home/latih/ros2-tf-real-robot-project/build/tb3_burger_localization': CMAKE_PREFIX_PATH=/opt/ros/humble /usr/bin/cmake --build /home/latih/ros2-tf-real-robot-project/build/tb3_burger_localization -- -j16 -l16
[1.046s] Invoked command in '/home/latih/ros2-tf-real-robot-project/build/tb3_burger_localization' returned '0': CMAKE_PREFIX_PATH=/opt/ros/humble /usr/bin/cmake --build /home/latih/ros2-tf-real-robot-project/build/tb3_burger_localization -- -j16 -l16
[1.048s] Invoking command in '/home/latih/ros2-tf-real-robot-project/build/tb3_burger_localization': CMAKE_PREFIX_PATH=/opt/ros/humble /usr/bin/cmake --install /home/latih/ros2-tf-real-robot-project/build/tb3_burger_localization
[1.053s] -- Install configuration: ""
[1.053s] -- Installing: /home/latih/ros2-tf-real-robot-project/install/tb3_burger_localization/share/tb3_burger_localization//config
[1.053s] -- Installing: /home/latih/ros2-tf-real-robot-project/install/tb3_burger_localization/share/tb3_burger_localization//config/amcl_config.yaml
[1.053s] -- Installing: /home/latih/ros2-tf-real-robot-project/install/tb3_burger_localization/share/tb3_burger_localization//launch
[1.053s] -- Installing: /home/latih/ros2-tf-real-robot-project/install/tb3_burger_localization/share/tb3_burger_localization//launch/localization.launch.py
[1.054s] -- Installing: /home/latih/ros2-tf-real-robot-project/install/tb3_burger_localization/share/tb3_burger_localization//maps
[1.054s] -- Installing: /home/latih/ros2-tf-real-robot-project/install/tb3_burger_localization/share/tb3_burger_localization//maps/tb3_burger_realrobotlab.pgm
[1.054s] -- Installing: /home/latih/ros2-tf-real-robot-project/install/tb3_burger_localization/share/tb3_burger_localization//maps/tb3_burger_realrobotlab.yaml
[1.054s] -- Installing: /home/latih/ros2-tf-real-robot-project/install/tb3_burger_localization/share/tb3_burger_localization//maps/tb3_burger_realrobotlab_original.pgm
[1.054s] -- Installing: /home/latih/ros2-tf-real-robot-project/install/tb3_burger_localization/share/tb3_burger_localization//rviz
[1.054s] -- Installing: /home/latih/ros2-tf-real-robot-project/install/tb3_burger_localization/share/tb3_burger_localization//rviz/localization.rviz
[1.054s] -- Installing: /home/latih/ros2-tf-real-robot-project/install/tb3_burger_localization/share/ament_index/resource_index/package_run_dependencies/tb3_burger_localization
[1.054s] -- Installing: /home/latih/ros2-tf-real-robot-project/install/tb3_burger_localization/share/ament_index/resource_index/parent_prefix_path/tb3_burger_localization
[1.054s] -- Installing: /home/latih/ros2-tf-real-robot-project/install/tb3_burger_localization/share/tb3_burger_localization/environment/ament_prefix_path.sh
[1.055s] -- Installing: /home/latih/ros2-tf-real-robot-project/install/tb3_burger_localization/share/tb3_burger_localization/environment/ament_prefix_path.dsv
[1.055s] -- Installing: /home/latih/ros2-tf-real-robot-project/install/tb3_burger_localization/share/tb3_burger_localization/environment/path.sh
[1.055s] -- Installing: /home/latih/ros2-tf-real-robot-project/install/tb3_burger_localization/share/tb3_burger_localization/environment/path.dsv
[1.055s] -- Installing: /home/latih/ros2-tf-real-robot-project/install/tb3_burger_localization/share/tb3_burger_localization/local_setup.bash
[1.055s] -- Installing: /home/latih/ros2-tf-real-robot-project/install/tb3_burger_localization/share/tb3_burger_localization/local_setup.sh
[1.055s] -- Installing: /home/latih/ros2-tf-real-robot-project/install/tb3_burger_localization/share/tb3_burger_localization/local_setup.zsh
[1.055s] -- Installing: /home/latih/ros2-tf-real-robot-project/install/tb3_burger_localization/share/tb3_burger_localization/local_setup.dsv
[1.055s] -- Installing: /home/latih/ros2-tf-real-robot-project/install/tb3_burger_localization/share/tb3_burger_localization/package.dsv
[1.055s] -- Installing: /home/latih/ros2-tf-real-robot-project/install/tb3_burger_localization/share/ament_index/resource_index/packages/tb3_burger_localization
[1.055s] -- Installing: /home/latih/ros2-tf-real-robot-project/install/tb3_burger_localization/share/tb3_burger_localization/cmake/tb3_burger_localizationConfig.cmake
[1.056s] -- Installing: /home/latih/ros2-tf-real-robot-project/install/tb3_burger_localization/share/tb3_burger_localization/cmake/tb3_burger_localizationConfig-version.cmake
[1.056s] -- Installing: /home/latih/ros2-tf-real-robot-project/install/tb3_burger_localization/share/tb3_burger_localization/package.xml
[1.071s] Invoked command in '/home/latih/ros2-tf-real-robot-project/build/tb3_burger_localization' returned '0': CMAKE_PREFIX_PATH=/opt/ros/humble /usr/bin/cmake --install /home/latih/ros2-tf-real-robot-project/build/tb3_burger_localization
