[0.007s] Invoking command in '/home/latih/ros2-tf-real-robot-project/build/turtlebot3_bringup': AMENT_PREFIX_PATH=/home/latih/ros2-tf-real-robot-project/install/turtlebot3_description:${AMENT_PREFIX_PATH} CMAKE_PREFIX_PATH=/home/latih/ros2-tf-real-robot-project/install/turtlebot3_description:/opt/ros/humble /usr/bin/cmake /home/latih/ros2-tf-real-robot-project/simulation_ws/src/turtlebot3/turtlebot3_bringup -DCMAKE_INSTALL_PREFIX=/home/latih/ros2-tf-real-robot-project/install/turtlebot3_bringup
[0.045s] -- The C compiler identification is GNU 11.4.0
[0.083s] -- The CXX compiler identification is GNU 11.4.0
[0.088s] -- Detecting C compiler ABI info
[0.139s] -- Detecting C compiler ABI info - done
[0.144s] -- Check for working C compiler: /usr/bin/cc - skipped
[0.144s] -- Detecting C compile features
[0.145s] -- Detecting C compile features - done
[0.147s] -- Detecting CXX compiler ABI info
[0.213s] -- Detecting CXX compiler ABI info - done
[0.222s] -- Check for working CXX compiler: /usr/bin/c++ - skipped
[0.222s] -- Detecting CXX compile features
[0.222s] -- Detecting CXX compile features - done
[0.224s] -- Found ament_cmake: 1.3.11 (/opt/ros/humble/share/ament_cmake/cmake)
[0.330s] -- Found Python3: /usr/bin/python3 (found version "3.10.12") found components: Interpreter 
[0.431s] -- Configuring done
[0.432s] -- Generating done
[0.433s] -- Build files have been written to: /home/latih/ros2-tf-real-robot-project/build/turtlebot3_bringup
[0.439s] Invoked command in '/home/latih/ros2-tf-real-robot-project/build/turtlebot3_bringup' returned '0': AMENT_PREFIX_PATH=/home/latih/ros2-tf-real-robot-project/install/turtlebot3_description:${AMENT_PREFIX_PATH} CMAKE_PREFIX_PATH=/home/latih/ros2-tf-real-robot-project/install/turtlebot3_description:/opt/ros/humble /usr/bin/cmake /home/latih/ros2-tf-real-robot-project/simulation_ws/src/turtlebot3/turtlebot3_bringup -DCMAKE_INSTALL_PREFIX=/home/latih/ros2-tf-real-robot-project/install/turtlebot3_bringup
[0.439s] Invoking command in '/home/latih/ros2-tf-real-robot-project/build/turtlebot3_bringup': AMENT_PREFIX_PATH=/home/latih/ros2-tf-real-robot-project/install/turtlebot3_description:${AMENT_PREFIX_PATH} CMAKE_PREFIX_PATH=/home/latih/ros2-tf-real-robot-project/install/turtlebot3_description:/opt/ros/humble /usr/bin/cmake --build /home/latih/ros2-tf-real-robot-project/build/turtlebot3_bringup -- -j16 -l16
[0.464s] Invoked command in '/home/latih/ros2-tf-real-robot-project/build/turtlebot3_bringup' returned '0': AMENT_PREFIX_PATH=/home/latih/ros2-tf-real-robot-project/install/turtlebot3_description:${AMENT_PREFIX_PATH} CMAKE_PREFIX_PATH=/home/latih/ros2-tf-real-robot-project/install/turtlebot3_description:/opt/ros/humble /usr/bin/cmake --build /home/latih/ros2-tf-real-robot-project/build/turtlebot3_bringup -- -j16 -l16
[0.466s] Invoking command in '/home/latih/ros2-tf-real-robot-project/build/turtlebot3_bringup': AMENT_PREFIX_PATH=/home/latih/ros2-tf-real-robot-project/install/turtlebot3_description:${AMENT_PREFIX_PATH} CMAKE_PREFIX_PATH=/home/latih/ros2-tf-real-robot-project/install/turtlebot3_description:/opt/ros/humble /usr/bin/cmake --install /home/latih/ros2-tf-real-robot-project/build/turtlebot3_bringup
[0.476s] -- Install configuration: ""
[0.476s] -- Installing: /home/latih/ros2-tf-real-robot-project/install/turtlebot3_bringup/share/turtlebot3_bringup/launch
[0.476s] -- Installing: /home/latih/ros2-tf-real-robot-project/install/turtlebot3_bringup/share/turtlebot3_bringup/launch/turtlebot3_state_publisher.launch.py
[0.476s] -- Installing: /home/latih/ros2-tf-real-robot-project/install/turtlebot3_bringup/share/turtlebot3_bringup/launch/rviz2.launch.py
[0.476s] -- Installing: /home/latih/ros2-tf-real-robot-project/install/turtlebot3_bringup/share/turtlebot3_bringup/launch/robot.launch.py
[0.476s] -- Installing: /home/latih/ros2-tf-real-robot-project/install/turtlebot3_bringup/share/turtlebot3_bringup/param
[0.476s] -- Installing: /home/latih/ros2-tf-real-robot-project/install/turtlebot3_bringup/share/turtlebot3_bringup/param/waffle_pi.yaml
[0.476s] -- Installing: /home/latih/ros2-tf-real-robot-project/install/turtlebot3_bringup/share/turtlebot3_bringup/param/burger.yaml
[0.477s] -- Installing: /home/latih/ros2-tf-real-robot-project/install/turtlebot3_bringup/share/turtlebot3_bringup/param/waffle.yaml
[0.477s] -- Installing: /home/latih/ros2-tf-real-robot-project/install/turtlebot3_bringup/share/turtlebot3_bringup/script
[0.477s] -- Installing: /home/latih/ros2-tf-real-robot-project/install/turtlebot3_bringup/share/turtlebot3_bringup/script/create_udev_rules
[0.477s] -- Installing: /home/latih/ros2-tf-real-robot-project/install/turtlebot3_bringup/share/turtlebot3_bringup/script/99-turtlebot3-cdc.rules
[0.477s] -- Installing: /home/latih/ros2-tf-real-robot-project/install/turtlebot3_bringup/share/ament_index/resource_index/package_run_dependencies/turtlebot3_bringup
[0.477s] -- Installing: /home/latih/ros2-tf-real-robot-project/install/turtlebot3_bringup/share/ament_index/resource_index/parent_prefix_path/turtlebot3_bringup
[0.477s] -- Installing: /home/latih/ros2-tf-real-robot-project/install/turtlebot3_bringup/share/turtlebot3_bringup/environment/ament_prefix_path.sh
[0.477s] -- Installing: /home/latih/ros2-tf-real-robot-project/install/turtlebot3_bringup/share/turtlebot3_bringup/environment/ament_prefix_path.dsv
[0.477s] -- Installing: /home/latih/ros2-tf-real-robot-project/install/turtlebot3_bringup/share/turtlebot3_bringup/environment/path.sh
[0.477s] -- Installing: /home/latih/ros2-tf-real-robot-project/install/turtlebot3_bringup/share/turtlebot3_bringup/environment/path.dsv
[0.478s] -- Installing: /home/latih/ros2-tf-real-robot-project/install/turtlebot3_bringup/share/turtlebot3_bringup/local_setup.bash
[0.478s] -- Installing: /home/latih/ros2-tf-real-robot-project/install/turtlebot3_bringup/share/turtlebot3_bringup/local_setup.sh
[0.478s] -- Installing: /home/latih/ros2-tf-real-robot-project/install/turtlebot3_bringup/share/turtlebot3_bringup/local_setup.zsh
[0.478s] -- Installing: /home/latih/ros2-tf-real-robot-project/install/turtlebot3_bringup/share/turtlebot3_bringup/local_setup.dsv
[0.478s] -- Installing: /home/latih/ros2-tf-real-robot-project/install/turtlebot3_bringup/share/turtlebot3_bringup/package.dsv
[0.478s] -- Installing: /home/latih/ros2-tf-real-robot-project/install/turtlebot3_bringup/share/ament_index/resource_index/packages/turtlebot3_bringup
[0.478s] -- Installing: /home/latih/ros2-tf-real-robot-project/install/turtlebot3_bringup/share/turtlebot3_bringup/cmake/turtlebot3_bringupConfig.cmake
[0.478s] -- Installing: /home/latih/ros2-tf-real-robot-project/install/turtlebot3_bringup/share/turtlebot3_bringup/cmake/turtlebot3_bringupConfig-version.cmake
[0.478s] -- Installing: /home/latih/ros2-tf-real-robot-project/install/turtlebot3_bringup/share/turtlebot3_bringup/package.xml
[0.478s] Invoked command in '/home/latih/ros2-tf-real-robot-project/build/turtlebot3_bringup' returned '0': AMENT_PREFIX_PATH=/home/latih/ros2-tf-real-robot-project/install/turtlebot3_description:${AMENT_PREFIX_PATH} CMAKE_PREFIX_PATH=/home/latih/ros2-tf-real-robot-project/install/turtlebot3_description:/opt/ros/humble /usr/bin/cmake --install /home/latih/ros2-tf-real-robot-project/build/turtlebot3_bringup
