[0.932s] Invoking command in '/home/latih/ros2-tf-real-robot-project/simulation_ws/src/turtlebot3/turtlebot3_teleop': PYTHONPATH=/home/latih/ros2-tf-real-robot-project/build/turtlebot3_teleop/prefix_override:/usr/lib/python3/dist-packages/colcon_core/task/python/colcon_distutils_commands:/home/latih/ros2-tf-real-robot-project/install/turtlebot3_teleop/lib/python3.10/site-packages:${PYTHONPATH} /usr/bin/python3 -W ignore:setup.py install is deprecated -W ignore:easy_install command is deprecated setup.py egg_info --egg-base ../../../../build/turtlebot3_teleop build --build-base /home/latih/ros2-tf-real-robot-project/build/turtlebot3_teleop/build install --record /home/latih/ros2-tf-real-robot-project/build/turtlebot3_teleop/install.log --single-version-externally-managed install_data
[1.166s] running egg_info
[1.167s] writing ../../../../build/turtlebot3_teleop/turtlebot3_teleop.egg-info/PKG-INFO
[1.167s] writing dependency_links to ../../../../build/turtlebot3_teleop/turtlebot3_teleop.egg-info/dependency_links.txt
[1.167s] writing entry points to ../../../../build/turtlebot3_teleop/turtlebot3_teleop.egg-info/entry_points.txt
[1.167s] writing requirements to ../../../../build/turtlebot3_teleop/turtlebot3_teleop.egg-info/requires.txt
[1.167s] writing top-level names to ../../../../build/turtlebot3_teleop/turtlebot3_teleop.egg-info/top_level.txt
[1.169s] reading manifest file '../../../../build/turtlebot3_teleop/turtlebot3_teleop.egg-info/SOURCES.txt'
[1.170s] writing manifest file '../../../../build/turtlebot3_teleop/turtlebot3_teleop.egg-info/SOURCES.txt'
[1.170s] running build
[1.170s] running build_py
[1.170s] running install
[1.170s] running install_lib
[1.171s] running install_data
[1.171s] running install_egg_info
[1.173s] removing '/home/latih/ros2-tf-real-robot-project/install/turtlebot3_teleop/lib/python3.10/site-packages/turtlebot3_teleop-2.1.4-py3.10.egg-info' (and everything under it)
[1.173s] Copying ../../../../build/turtlebot3_teleop/turtlebot3_teleop.egg-info to /home/latih/ros2-tf-real-robot-project/install/turtlebot3_teleop/lib/python3.10/site-packages/turtlebot3_teleop-2.1.4-py3.10.egg-info
[1.174s] running install_scripts
[1.197s] Installing teleop_keyboard script to /home/latih/ros2-tf-real-robot-project/install/turtlebot3_teleop/lib/turtlebot3_teleop
[1.198s] writing list of installed files to '/home/latih/ros2-tf-real-robot-project/build/turtlebot3_teleop/install.log'
[1.248s] Invoked command in '/home/latih/ros2-tf-real-robot-project/simulation_ws/src/turtlebot3/turtlebot3_teleop' returned '0': PYTHONPATH=/home/latih/ros2-tf-real-robot-project/build/turtlebot3_teleop/prefix_override:/usr/lib/python3/dist-packages/colcon_core/task/python/colcon_distutils_commands:/home/latih/ros2-tf-real-robot-project/install/turtlebot3_teleop/lib/python3.10/site-packages:${PYTHONPATH} /usr/bin/python3 -W ignore:setup.py install is deprecated -W ignore:easy_install command is deprecated setup.py egg_info --egg-base ../../../../build/turtlebot3_teleop build --build-base /home/latih/ros2-tf-real-robot-project/build/turtlebot3_teleop/build install --record /home/latih/ros2-tf-real-robot-project/build/turtlebot3_teleop/install.log --single-version-externally-managed install_data
