[0.020s] Invoking command in '/home/latih/ros2-tf-real-robot-project/build/turtlebot3_navigation2': CMAKE_PREFIX_PATH=/opt/ros/humble /usr/bin/cmake /home/latih/ros2-tf-real-robot-project/simulation_ws/src/turtlebot3/turtlebot3_navigation2 -DCMAKE_INSTALL_PREFIX=/home/latih/ros2-tf-real-robot-project/install/turtlebot3_navigation2
[0.213s] -- The C compiler identification is GNU 11.4.0
[0.213s] -- The CXX compiler identification is GNU 11.4.0
[0.213s] -- Detecting C compiler ABI info
[0.213s] -- Detecting C compiler ABI info - done
[0.213s] -- Check for working C compiler: /usr/bin/cc - skipped
[0.214s] -- Detecting C compile features
[0.214s] -- Detecting C compile features - done
[0.214s] -- Detecting CXX compiler ABI info
[0.248s] -- Detecting CXX compiler ABI info - done
[0.253s] -- Check for working CXX compiler: /usr/bin/c++ - skipped
[0.253s] -- Detecting CXX compile features
[0.254s] -- Detecting CXX compile features - done
[0.255s] -- Found ament_cmake: 1.3.11 (/opt/ros/humble/share/ament_cmake/cmake)
[0.370s] -- Found Python3: /usr/bin/python3 (found version "3.10.12") found components: Interpreter 
[0.483s] -- Configuring done
[0.485s] -- Generating done
[0.487s] -- Build files have been written to: /home/latih/ros2-tf-real-robot-project/build/turtlebot3_navigation2
[0.492s] Invoked command in '/home/latih/ros2-tf-real-robot-project/build/turtlebot3_navigation2' returned '0': CMAKE_PREFIX_PATH=/opt/ros/humble /usr/bin/cmake /home/latih/ros2-tf-real-robot-project/simulation_ws/src/turtlebot3/turtlebot3_navigation2 -DCMAKE_INSTALL_PREFIX=/home/latih/ros2-tf-real-robot-project/install/turtlebot3_navigation2
[0.494s] Invoking command in '/home/latih/ros2-tf-real-robot-project/build/turtlebot3_navigation2': CMAKE_PREFIX_PATH=/opt/ros/humble /usr/bin/cmake --build /home/latih/ros2-tf-real-robot-project/build/turtlebot3_navigation2 -- -j16 -l16
[0.523s] Invoked command in '/home/latih/ros2-tf-real-robot-project/build/turtlebot3_navigation2' returned '0': CMAKE_PREFIX_PATH=/opt/ros/humble /usr/bin/cmake --build /home/latih/ros2-tf-real-robot-project/build/turtlebot3_navigation2 -- -j16 -l16
[0.530s] Invoking command in '/home/latih/ros2-tf-real-robot-project/build/turtlebot3_navigation2': CMAKE_PREFIX_PATH=/opt/ros/humble /usr/bin/cmake --install /home/latih/ros2-tf-real-robot-project/build/turtlebot3_navigation2
[0.534s] -- Install configuration: ""
[0.534s] -- Installing: /home/latih/ros2-tf-real-robot-project/install/turtlebot3_navigation2/share/turtlebot3_navigation2/launch
[0.534s] -- Installing: /home/latih/ros2-tf-real-robot-project/install/turtlebot3_navigation2/share/turtlebot3_navigation2/launch/navigation2.launch.py
[0.535s] -- Installing: /home/latih/ros2-tf-real-robot-project/install/turtlebot3_navigation2/share/turtlebot3_navigation2/map
[0.535s] -- Installing: /home/latih/ros2-tf-real-robot-project/install/turtlebot3_navigation2/share/turtlebot3_navigation2/map/turtlebot3_world.yaml
[0.535s] -- Installing: /home/latih/ros2-tf-real-robot-project/install/turtlebot3_navigation2/share/turtlebot3_navigation2/map/turtlebot3_world.pgm
[0.535s] -- Installing: /home/latih/ros2-tf-real-robot-project/install/turtlebot3_navigation2/share/turtlebot3_navigation2/param
[0.535s] -- Installing: /home/latih/ros2-tf-real-robot-project/install/turtlebot3_navigation2/share/turtlebot3_navigation2/param/waffle_pi.yaml
[0.535s] -- Installing: /home/latih/ros2-tf-real-robot-project/install/turtlebot3_navigation2/share/turtlebot3_navigation2/param/burger.yaml
[0.535s] -- Installing: /home/latih/ros2-tf-real-robot-project/install/turtlebot3_navigation2/share/turtlebot3_navigation2/param/waffle.yaml
[0.535s] -- Installing: /home/latih/ros2-tf-real-robot-project/install/turtlebot3_navigation2/share/turtlebot3_navigation2/rviz
[0.535s] -- Installing: /home/latih/ros2-tf-real-robot-project/install/turtlebot3_navigation2/share/turtlebot3_navigation2/rviz/tb3_navigation2.rviz
[0.535s] -- Installing: /home/latih/ros2-tf-real-robot-project/install/turtlebot3_navigation2/share/ament_index/resource_index/package_run_dependencies/turtlebot3_navigation2
[0.536s] -- Installing: /home/latih/ros2-tf-real-robot-project/install/turtlebot3_navigation2/share/ament_index/resource_index/parent_prefix_path/turtlebot3_navigation2
[0.536s] -- Installing: /home/latih/ros2-tf-real-robot-project/install/turtlebot3_navigation2/share/turtlebot3_navigation2/environment/ament_prefix_path.sh
[0.536s] -- Installing: /home/latih/ros2-tf-real-robot-project/install/turtlebot3_navigation2/share/turtlebot3_navigation2/environment/ament_prefix_path.dsv
[0.536s] -- Installing: /home/latih/ros2-tf-real-robot-project/install/turtlebot3_navigation2/share/turtlebot3_navigation2/environment/path.sh
[0.536s] -- Installing: /home/latih/ros2-tf-real-robot-project/install/turtlebot3_navigation2/share/turtlebot3_navigation2/environment/path.dsv
[0.536s] -- Installing: /home/latih/ros2-tf-real-robot-project/install/turtlebot3_navigation2/share/turtlebot3_navigation2/local_setup.bash
[0.536s] -- Installing: /home/latih/ros2-tf-real-robot-project/install/turtlebot3_navigation2/share/turtlebot3_navigation2/local_setup.sh
[0.536s] -- Installing: /home/latih/ros2-tf-real-robot-project/install/turtlebot3_navigation2/share/turtlebot3_navigation2/local_setup.zsh
[0.536s] -- Installing: /home/latih/ros2-tf-real-robot-project/install/turtlebot3_navigation2/share/turtlebot3_navigation2/local_setup.dsv
[0.536s] -- Installing: /home/latih/ros2-tf-real-robot-project/install/turtlebot3_navigation2/share/turtlebot3_navigation2/package.dsv
[0.536s] -- Installing: /home/latih/ros2-tf-real-robot-project/install/turtlebot3_navigation2/share/ament_index/resource_index/packages/turtlebot3_navigation2
[0.536s] -- Installing: /home/latih/ros2-tf-real-robot-project/install/turtlebot3_navigation2/share/turtlebot3_navigation2/cmake/turtlebot3_navigation2Config.cmake
[0.536s] -- Installing: /home/latih/ros2-tf-real-robot-project/install/turtlebot3_navigation2/share/turtlebot3_navigation2/cmake/turtlebot3_navigation2Config-version.cmake
[0.536s] -- Installing: /home/latih/ros2-tf-real-robot-project/install/turtlebot3_navigation2/share/turtlebot3_navigation2/package.xml
[0.537s] Invoked command in '/home/latih/ros2-tf-real-robot-project/build/turtlebot3_navigation2' returned '0': CMAKE_PREFIX_PATH=/opt/ros/humble /usr/bin/cmake --install /home/latih/ros2-tf-real-robot-project/build/turtlebot3_navigation2
