[0.199s] Invoking command in '/home/latih/ros2-tf-real-robot-project/build/tb3_burger_cartographer': CMAKE_PREFIX_PATH=/opt/ros/humble /usr/bin/cmake /home/latih/ros2-tf-real-robot-project/ros2_ws/src/tb3_burger_cartographer -DCMAKE_INSTALL_PREFIX=/home/latih/ros2-tf-real-robot-project/install/tb3_burger_cartographer
[0.236s] -- The C compiler identification is GNU 11.4.0
[0.276s] -- The CXX compiler identification is GNU 11.4.0
[0.282s] -- Detecting C compiler ABI info
[0.340s] -- Detecting C compiler ABI info - done
[0.346s] -- Check for working C compiler: /usr/bin/cc - skipped
[0.346s] -- Detecting C compile features
[0.346s] -- Detecting C compile features - done
[0.348s] -- Detecting CXX compiler ABI info
[0.399s] -- Detecting CXX compiler ABI info - done
[0.404s] -- Check for working CXX compiler: /usr/bin/c++ - skipped
[0.404s] -- Detecting CXX compile features
[0.405s] -- Detecting CXX compile features - done
[0.406s] -- Found ament_cmake: 1.3.11 (/opt/ros/humble/share/ament_cmake/cmake)
[0.510s] -- Found Python3: /usr/bin/python3 (found version "3.10.12") found components: Interpreter 
[0.582s] -- Found rclcpp: 16.0.12 (/opt/ros/humble/share/rclcpp/cmake)
[0.615s] -- Found rosidl_generator_c: 3.1.6 (/opt/ros/humble/share/rosidl_generator_c/cmake)
[0.618s] -- Found rosidl_adapter: 3.1.6 (/opt/ros/humble/share/rosidl_adapter/cmake)
[0.623s] -- Found rosidl_generator_cpp: 3.1.6 (/opt/ros/humble/share/rosidl_generator_cpp/cmake)
[0.631s] -- Using all available rosidl_typesupport_c: rosidl_typesupport_fastrtps_c;rosidl_typesupport_introspection_c
[0.642s] -- Using all available rosidl_typesupport_cpp: rosidl_typesupport_fastrtps_cpp;rosidl_typesupport_introspection_cpp
[0.681s] -- Found rmw_implementation_cmake: 6.1.2 (/opt/ros/humble/share/rmw_implementation_cmake/cmake)
[0.683s] -- Found rmw_fastrtps_cpp: 6.2.7 (/opt/ros/humble/share/rmw_fastrtps_cpp/cmake)
[0.753s] -- Found OpenSSL: /usr/lib/x86_64-linux-gnu/libcrypto.so (found version "3.0.2")  
[0.772s] -- Found FastRTPS: /opt/ros/humble/include  
[0.800s] -- Using RMW implementation 'rmw_fastrtps_cpp' as default
[0.807s] -- Looking for pthread.h
[0.857s] -- Looking for pthread.h - found
[0.857s] -- Performing Test CMAKE_HAVE_LIBC_PTHREAD
[0.906s] -- Performing Test CMAKE_HAVE_LIBC_PTHREAD - Success
[0.907s] -- Found Threads: TRUE  
[0.949s] -- Found ament_lint_auto: 0.12.12 (/opt/ros/humble/share/ament_lint_auto/cmake)
[1.002s] -- Added test 'flake8' to check Python code syntax and style conventions
[1.002s] -- Added test 'lint_cmake' to check CMake code style
[1.003s] -- Added test 'pep257' to check Python code against some of the docstring style conventions in PEP 257
[1.004s] -- Added test 'xmllint' to check XML markup files
[1.004s] -- Configuring done
[1.006s] -- Generating done
[1.008s] -- Build files have been written to: /home/latih/ros2-tf-real-robot-project/build/tb3_burger_cartographer
[1.016s] Invoked command in '/home/latih/ros2-tf-real-robot-project/build/tb3_burger_cartographer' returned '0': CMAKE_PREFIX_PATH=/opt/ros/humble /usr/bin/cmake /home/latih/ros2-tf-real-robot-project/ros2_ws/src/tb3_burger_cartographer -DCMAKE_INSTALL_PREFIX=/home/latih/ros2-tf-real-robot-project/install/tb3_burger_cartographer
[1.017s] Invoking command in '/home/latih/ros2-tf-real-robot-project/build/tb3_burger_cartographer': CMAKE_PREFIX_PATH=/opt/ros/humble /usr/bin/cmake --build /home/latih/ros2-tf-real-robot-project/build/tb3_burger_cartographer -- -j16 -l16
[1.042s] Invoked command in '/home/latih/ros2-tf-real-robot-project/build/tb3_burger_cartographer' returned '0': CMAKE_PREFIX_PATH=/opt/ros/humble /usr/bin/cmake --build /home/latih/ros2-tf-real-robot-project/build/tb3_burger_cartographer -- -j16 -l16
[1.044s] Invoking command in '/home/latih/ros2-tf-real-robot-project/build/tb3_burger_cartographer': CMAKE_PREFIX_PATH=/opt/ros/humble /usr/bin/cmake --install /home/latih/ros2-tf-real-robot-project/build/tb3_burger_cartographer
[1.050s] -- Install configuration: ""
[1.050s] -- Installing: /home/latih/ros2-tf-real-robot-project/install/tb3_burger_cartographer/share/tb3_burger_cartographer//config
[1.051s] -- Installing: /home/latih/ros2-tf-real-robot-project/install/tb3_burger_cartographer/share/tb3_burger_cartographer//config/cartographer.lua
[1.051s] -- Installing: /home/latih/ros2-tf-real-robot-project/install/tb3_burger_cartographer/share/tb3_burger_cartographer//launch
[1.051s] -- Installing: /home/latih/ros2-tf-real-robot-project/install/tb3_burger_cartographer/share/tb3_burger_cartographer//launch/cartographer.launch.py
[1.051s] -- Installing: /home/latih/ros2-tf-real-robot-project/install/tb3_burger_cartographer/share/tb3_burger_cartographer//maps
[1.051s] -- Installing: /home/latih/ros2-tf-real-robot-project/install/tb3_burger_cartographer/share/tb3_burger_cartographer//maps/tb3_burger_realrobotlab.pgm
[1.051s] -- Installing: /home/latih/ros2-tf-real-robot-project/install/tb3_burger_cartographer/share/tb3_burger_cartographer//maps/tb3_burger_realrobotlab.yaml
[1.051s] -- Installing: /home/latih/ros2-tf-real-robot-project/install/tb3_burger_cartographer/share/tb3_burger_cartographer//maps/tb3_burger_realrobotlab_original.pgm
[1.051s] -- Installing: /home/latih/ros2-tf-real-robot-project/install/tb3_burger_cartographer/share/tb3_burger_cartographer//rviz
[1.051s] -- Installing: /home/latih/ros2-tf-real-robot-project/install/tb3_burger_cartographer/share/tb3_burger_cartographer//rviz/cartographer.rviz
[1.051s] -- Installing: /home/latih/ros2-tf-real-robot-project/install/tb3_burger_cartographer/share/ament_index/resource_index/package_run_dependencies/tb3_burger_cartographer
[1.051s] -- Installing: /home/latih/ros2-tf-real-robot-project/install/tb3_burger_cartographer/share/ament_index/resource_index/parent_prefix_path/tb3_burger_cartographer
[1.051s] -- Installing: /home/latih/ros2-tf-real-robot-project/install/tb3_burger_cartographer/share/tb3_burger_cartographer/environment/ament_prefix_path.sh
[1.051s] -- Installing: /home/latih/ros2-tf-real-robot-project/install/tb3_burger_cartographer/share/tb3_burger_cartographer/environment/ament_prefix_path.dsv
[1.052s] -- Installing: /home/latih/ros2-tf-real-robot-project/install/tb3_burger_cartographer/share/tb3_burger_cartographer/environment/path.sh
[1.052s] -- Installing: /home/latih/ros2-tf-real-robot-project/install/tb3_burger_cartographer/share/tb3_burger_cartographer/environment/path.dsv
[1.052s] -- Installing: /home/latih/ros2-tf-real-robot-project/install/tb3_burger_cartographer/share/tb3_burger_cartographer/local_setup.bash
[1.052s] -- Installing: /home/latih/ros2-tf-real-robot-project/install/tb3_burger_cartographer/share/tb3_burger_cartographer/local_setup.sh
[1.052s] -- Installing: /home/latih/ros2-tf-real-robot-project/install/tb3_burger_cartographer/share/tb3_burger_cartographer/local_setup.zsh
[1.052s] -- Installing: /home/latih/ros2-tf-real-robot-project/install/tb3_burger_cartographer/share/tb3_burger_cartographer/local_setup.dsv
[1.052s] -- Installing: /home/latih/ros2-tf-real-robot-project/install/tb3_burger_cartographer/share/tb3_burger_cartographer/package.dsv
[1.052s] -- Installing: /home/latih/ros2-tf-real-robot-project/install/tb3_burger_cartographer/share/ament_index/resource_index/packages/tb3_burger_cartographer
[1.052s] -- Installing: /home/latih/ros2-tf-real-robot-project/install/tb3_burger_cartographer/share/tb3_burger_cartographer/cmake/tb3_burger_cartographerConfig.cmake
[1.052s] -- Installing: /home/latih/ros2-tf-real-robot-project/install/tb3_burger_cartographer/share/tb3_burger_cartographer/cmake/tb3_burger_cartographerConfig-version.cmake
[1.052s] -- Installing: /home/latih/ros2-tf-real-robot-project/install/tb3_burger_cartographer/share/tb3_burger_cartographer/package.xml
[1.052s] Invoked command in '/home/latih/ros2-tf-real-robot-project/build/tb3_burger_cartographer' returned '0': CMAKE_PREFIX_PATH=/opt/ros/humble /usr/bin/cmake --install /home/latih/ros2-tf-real-robot-project/build/tb3_burger_cartographer
