[0.246s] Invoking command in '/home/latih/ros2-tf-real-robot-project/build/tb3_burger_cartographer': CMAKE_PREFIX_PATH=${CMAKE_PREFIX_PATH}:/home/latih/ros2-tf-real-robot-project/install/turtlebot3_teleop:/home/latih/ros2-tf-real-robot-project/install/turtlebot3_example:/opt/ros/humble /usr/bin/cmake --build /home/latih/ros2-tf-real-robot-project/build/tb3_burger_cartographer -- -j16 -l16
[0.334s] Invoked command in '/home/latih/ros2-tf-real-robot-project/build/tb3_burger_cartographer' returned '0': CMAKE_PREFIX_PATH=${CMAKE_PREFIX_PATH}:/home/latih/ros2-tf-real-robot-project/install/turtlebot3_teleop:/home/latih/ros2-tf-real-robot-project/install/turtlebot3_example:/opt/ros/humble /usr/bin/cmake --build /home/latih/ros2-tf-real-robot-project/build/tb3_burger_cartographer -- -j16 -l16
[0.335s] Invoking command in '/home/latih/ros2-tf-real-robot-project/build/tb3_burger_cartographer': CMAKE_PREFIX_PATH=${CMAKE_PREFIX_PATH}:/home/latih/ros2-tf-real-robot-project/install/turtlebot3_teleop:/home/latih/ros2-tf-real-robot-project/install/turtlebot3_example:/opt/ros/humble /usr/bin/cmake --install /home/latih/ros2-tf-real-robot-project/build/tb3_burger_cartographer
[0.342s] -- Install configuration: ""
[0.342s] -- Up-to-date: /home/latih/ros2-tf-real-robot-project/install/tb3_burger_cartographer/share/tb3_burger_cartographer//config
[0.342s] -- Up-to-date: /home/latih/ros2-tf-real-robot-project/install/tb3_burger_cartographer/share/tb3_burger_cartographer//config/cartographer.lua
[0.342s] -- Up-to-date: /home/latih/ros2-tf-real-robot-project/install/tb3_burger_cartographer/share/tb3_burger_cartographer//launch
[0.342s] -- Up-to-date: /home/latih/ros2-tf-real-robot-project/install/tb3_burger_cartographer/share/tb3_burger_cartographer//launch/cartographer.launch.py
[0.342s] -- Up-to-date: /home/latih/ros2-tf-real-robot-project/install/tb3_burger_cartographer/share/tb3_burger_cartographer//maps
[0.342s] -- Up-to-date: /home/latih/ros2-tf-real-robot-project/install/tb3_burger_cartographer/share/tb3_burger_cartographer//maps/tb3_burger_realrobotlab.pgm
[0.342s] -- Up-to-date: /home/latih/ros2-tf-real-robot-project/install/tb3_burger_cartographer/share/tb3_burger_cartographer//maps/tb3_burger_realrobotlab.yaml
[0.342s] -- Up-to-date: /home/latih/ros2-tf-real-robot-project/install/tb3_burger_cartographer/share/tb3_burger_cartographer//maps/tb3_burger_realrobotlab_original.pgm
[0.342s] -- Up-to-date: /home/latih/ros2-tf-real-robot-project/install/tb3_burger_cartographer/share/tb3_burger_cartographer//rviz
[0.342s] -- Up-to-date: /home/latih/ros2-tf-real-robot-project/install/tb3_burger_cartographer/share/tb3_burger_cartographer//rviz/cartographer.rviz
[0.343s] -- Up-to-date: /home/latih/ros2-tf-real-robot-project/install/tb3_burger_cartographer/share/ament_index/resource_index/package_run_dependencies/tb3_burger_cartographer
[0.343s] -- Up-to-date: /home/latih/ros2-tf-real-robot-project/install/tb3_burger_cartographer/share/ament_index/resource_index/parent_prefix_path/tb3_burger_cartographer
[0.343s] -- Up-to-date: /home/latih/ros2-tf-real-robot-project/install/tb3_burger_cartographer/share/tb3_burger_cartographer/environment/ament_prefix_path.sh
[0.343s] -- Up-to-date: /home/latih/ros2-tf-real-robot-project/install/tb3_burger_cartographer/share/tb3_burger_cartographer/environment/ament_prefix_path.dsv
[0.343s] -- Up-to-date: /home/latih/ros2-tf-real-robot-project/install/tb3_burger_cartographer/share/tb3_burger_cartographer/environment/path.sh
[0.343s] -- Up-to-date: /home/latih/ros2-tf-real-robot-project/install/tb3_burger_cartographer/share/tb3_burger_cartographer/environment/path.dsv
[0.343s] -- Up-to-date: /home/latih/ros2-tf-real-robot-project/install/tb3_burger_cartographer/share/tb3_burger_cartographer/local_setup.bash
[0.343s] -- Up-to-date: /home/latih/ros2-tf-real-robot-project/install/tb3_burger_cartographer/share/tb3_burger_cartographer/local_setup.sh
[0.343s] -- Up-to-date: /home/latih/ros2-tf-real-robot-project/install/tb3_burger_cartographer/share/tb3_burger_cartographer/local_setup.zsh
[0.343s] -- Up-to-date: /home/latih/ros2-tf-real-robot-project/install/tb3_burger_cartographer/share/tb3_burger_cartographer/local_setup.dsv
[0.343s] -- Up-to-date: /home/latih/ros2-tf-real-robot-project/install/tb3_burger_cartographer/share/tb3_burger_cartographer/package.dsv
[0.343s] -- Up-to-date: /home/latih/ros2-tf-real-robot-project/install/tb3_burger_cartographer/share/ament_index/resource_index/packages/tb3_burger_cartographer
[0.343s] -- Up-to-date: /home/latih/ros2-tf-real-robot-project/install/tb3_burger_cartographer/share/tb3_burger_cartographer/cmake/tb3_burger_cartographerConfig.cmake
[0.343s] -- Up-to-date: /home/latih/ros2-tf-real-robot-project/install/tb3_burger_cartographer/share/tb3_burger_cartographer/cmake/tb3_burger_cartographerConfig-version.cmake
[0.343s] -- Up-to-date: /home/latih/ros2-tf-real-robot-project/install/tb3_burger_cartographer/share/tb3_burger_cartographer/package.xml
[0.383s] Invoked command in '/home/latih/ros2-tf-real-robot-project/build/tb3_burger_cartographer' returned '0': CMAKE_PREFIX_PATH=${CMAKE_PREFIX_PATH}:/home/latih/ros2-tf-real-robot-project/install/turtlebot3_teleop:/home/latih/ros2-tf-real-robot-project/install/turtlebot3_example:/opt/ros/humble /usr/bin/cmake --install /home/latih/ros2-tf-real-robot-project/build/tb3_burger_cartographer
