[0.632s] Invoking command in '/home/latih/ros2-tf-real-robot-project/simulation_ws/src/turtlebot3/turtlebot3_teleop': PYTHONPATH=/home/latih/ros2-tf-real-robot-project/build/turtlebot3_teleop/prefix_override:/usr/lib/python3/dist-packages/colcon_core/task/python/colcon_distutils_commands:/home/latih/ros2-tf-real-robot-project/install/turtlebot3_teleop/lib/python3.10/site-packages:${PYTHONPATH} /usr/bin/python3 -W ignore:setup.py install is deprecated -W ignore:easy_install command is deprecated setup.py egg_info --egg-base ../../../../build/turtlebot3_teleop build --build-base /home/latih/ros2-tf-real-robot-project/build/turtlebot3_teleop/build install --record /home/latih/ros2-tf-real-robot-project/build/turtlebot3_teleop/install.log --single-version-externally-managed install_data
[0.775s] running egg_info
[0.775s] creating ../../../../build/turtlebot3_teleop/turtlebot3_teleop.egg-info
[0.776s] writing ../../../../build/turtlebot3_teleop/turtlebot3_teleop.egg-info/PKG-INFO
[0.776s] writing dependency_links to ../../../../build/turtlebot3_teleop/turtlebot3_teleop.egg-info/dependency_links.txt
[0.776s] writing entry points to ../../../../build/turtlebot3_teleop/turtlebot3_teleop.egg-info/entry_points.txt
[0.776s] writing requirements to ../../../../build/turtlebot3_teleop/turtlebot3_teleop.egg-info/requires.txt
[0.776s] writing top-level names to ../../../../build/turtlebot3_teleop/turtlebot3_teleop.egg-info/top_level.txt
[0.776s] writing manifest file '../../../../build/turtlebot3_teleop/turtlebot3_teleop.egg-info/SOURCES.txt'
[0.778s] reading manifest file '../../../../build/turtlebot3_teleop/turtlebot3_teleop.egg-info/SOURCES.txt'
[0.778s] writing manifest file '../../../../build/turtlebot3_teleop/turtlebot3_teleop.egg-info/SOURCES.txt'
[0.778s] running build
[0.778s] running build_py
[0.778s] creating /home/latih/ros2-tf-real-robot-project/build/turtlebot3_teleop/build
[0.779s] creating /home/latih/ros2-tf-real-robot-project/build/turtlebot3_teleop/build/lib
[0.779s] creating /home/latih/ros2-tf-real-robot-project/build/turtlebot3_teleop/build/lib/turtlebot3_teleop
[0.779s] copying turtlebot3_teleop/__init__.py -> /home/latih/ros2-tf-real-robot-project/build/turtlebot3_teleop/build/lib/turtlebot3_teleop
[0.779s] creating /home/latih/ros2-tf-real-robot-project/build/turtlebot3_teleop/build/lib/turtlebot3_teleop/script
[0.779s] copying turtlebot3_teleop/script/__init__.py -> /home/latih/ros2-tf-real-robot-project/build/turtlebot3_teleop/build/lib/turtlebot3_teleop/script
[0.779s] copying turtlebot3_teleop/script/teleop_keyboard.py -> /home/latih/ros2-tf-real-robot-project/build/turtlebot3_teleop/build/lib/turtlebot3_teleop/script
[0.779s] running install
[0.779s] running install_lib
[0.779s] creating /home/latih/ros2-tf-real-robot-project/install/turtlebot3_teleop/lib/python3.10/site-packages/turtlebot3_teleop
[0.779s] copying /home/latih/ros2-tf-real-robot-project/build/turtlebot3_teleop/build/lib/turtlebot3_teleop/__init__.py -> /home/latih/ros2-tf-real-robot-project/install/turtlebot3_teleop/lib/python3.10/site-packages/turtlebot3_teleop
[0.779s] creating /home/latih/ros2-tf-real-robot-project/install/turtlebot3_teleop/lib/python3.10/site-packages/turtlebot3_teleop/script
[0.780s] copying /home/latih/ros2-tf-real-robot-project/build/turtlebot3_teleop/build/lib/turtlebot3_teleop/script/__init__.py -> /home/latih/ros2-tf-real-robot-project/install/turtlebot3_teleop/lib/python3.10/site-packages/turtlebot3_teleop/script
[0.780s] copying /home/latih/ros2-tf-real-robot-project/build/turtlebot3_teleop/build/lib/turtlebot3_teleop/script/teleop_keyboard.py -> /home/latih/ros2-tf-real-robot-project/install/turtlebot3_teleop/lib/python3.10/site-packages/turtlebot3_teleop/script
[0.780s] byte-compiling /home/latih/ros2-tf-real-robot-project/install/turtlebot3_teleop/lib/python3.10/site-packages/turtlebot3_teleop/__init__.py to __init__.cpython-310.pyc
[0.780s] byte-compiling /home/latih/ros2-tf-real-robot-project/install/turtlebot3_teleop/lib/python3.10/site-packages/turtlebot3_teleop/script/__init__.py to __init__.cpython-310.pyc
[0.780s] byte-compiling /home/latih/ros2-tf-real-robot-project/install/turtlebot3_teleop/lib/python3.10/site-packages/turtlebot3_teleop/script/teleop_keyboard.py to teleop_keyboard.cpython-310.pyc
[0.781s] running install_data
[0.781s] creating /home/latih/ros2-tf-real-robot-project/install/turtlebot3_teleop/share/ament_index
[0.781s] creating /home/latih/ros2-tf-real-robot-project/install/turtlebot3_teleop/share/ament_index/resource_index
[0.781s] creating /home/latih/ros2-tf-real-robot-project/install/turtlebot3_teleop/share/ament_index/resource_index/packages
[0.781s] copying resource/turtlebot3_teleop -> /home/latih/ros2-tf-real-robot-project/install/turtlebot3_teleop/share/ament_index/resource_index/packages
[0.781s] copying package.xml -> /home/latih/ros2-tf-real-robot-project/install/turtlebot3_teleop/share/turtlebot3_teleop
[0.781s] running install_egg_info
[0.782s] Copying ../../../../build/turtlebot3_teleop/turtlebot3_teleop.egg-info to /home/latih/ros2-tf-real-robot-project/install/turtlebot3_teleop/lib/python3.10/site-packages/turtlebot3_teleop-2.1.4-py3.10.egg-info
[0.782s] running install_scripts
[0.795s] Installing teleop_keyboard script to /home/latih/ros2-tf-real-robot-project/install/turtlebot3_teleop/lib/turtlebot3_teleop
[0.796s] writing list of installed files to '/home/latih/ros2-tf-real-robot-project/build/turtlebot3_teleop/install.log'
[0.812s] Invoked command in '/home/latih/ros2-tf-real-robot-project/simulation_ws/src/turtlebot3/turtlebot3_teleop' returned '0': PYTHONPATH=/home/latih/ros2-tf-real-robot-project/build/turtlebot3_teleop/prefix_override:/usr/lib/python3/dist-packages/colcon_core/task/python/colcon_distutils_commands:/home/latih/ros2-tf-real-robot-project/install/turtlebot3_teleop/lib/python3.10/site-packages:${PYTHONPATH} /usr/bin/python3 -W ignore:setup.py install is deprecated -W ignore:easy_install command is deprecated setup.py egg_info --egg-base ../../../../build/turtlebot3_teleop build --build-base /home/latih/ros2-tf-real-robot-project/build/turtlebot3_teleop/build install --record /home/latih/ros2-tf-real-robot-project/build/turtlebot3_teleop/install.log --single-version-externally-managed install_data
